[2024-04-25T14:39:00.056+0000] {taskinstance.py:1979} INFO - Dependencies all met for dep_context=non-requeueable deps ti=<TaskInstance: ETL_Flow.insert_data_from_files scheduled__2024-04-17T21:11:00+00:00 [queued]>
[2024-04-25T14:39:00.170+0000] {taskinstance.py:1979} INFO - Dependencies all met for dep_context=requeueable deps ti=<TaskInstance: ETL_Flow.insert_data_from_files scheduled__2024-04-17T21:11:00+00:00 [queued]>
[2024-04-25T14:39:00.175+0000] {taskinstance.py:2193} INFO - Starting attempt 1 of 6
[2024-04-25T14:39:00.286+0000] {taskinstance.py:2214} INFO - Executing <Task(PythonOperator): insert_data_from_files> on 2024-04-17 21:11:00+00:00
[2024-04-25T14:39:00.327+0000] {standard_task_runner.py:60} INFO - Started process 428 to run task
[2024-04-25T14:39:00.352+0000] {standard_task_runner.py:87} INFO - Running: ['***', 'tasks', 'run', 'ETL_Flow', 'insert_data_from_files', 'scheduled__2024-04-17T21:11:00+00:00', '--job-id', '2575', '--raw', '--subdir', 'DAGS_FOLDER/ETL.py', '--cfg-path', '/tmp/tmp8297ko0y']
[2024-04-25T14:39:00.368+0000] {standard_task_runner.py:88} INFO - Job 2575: Subtask insert_data_from_files
[2024-04-25T14:39:00.773+0000] {task_command.py:423} INFO - Running <TaskInstance: ETL_Flow.insert_data_from_files scheduled__2024-04-17T21:11:00+00:00 [running]> on host d838c4eb4dcc
[2024-04-25T14:39:02.461+0000] {taskinstance.py:2510} INFO - Exporting env vars: AIRFLOW_CTX_DAG_OWNER='coder2j' AIRFLOW_CTX_DAG_ID='ETL_Flow' AIRFLOW_CTX_TASK_ID='insert_data_from_files' AIRFLOW_CTX_EXECUTION_DATE='2024-04-17T21:11:00+00:00' AIRFLOW_CTX_TRY_NUMBER='1' AIRFLOW_CTX_DAG_RUN_ID='scheduled__2024-04-17T21:11:00+00:00'
[2024-04-25T14:39:03.915+0000] {base.py:83} INFO - Using connection ID 'postgres_localhost' for task execution.
[2024-04-25T14:39:04.733+0000] {sql.py:572} INFO - Done loading. Loaded a total of 90 rows into MRR_Dim_Customers
[2024-04-25T14:39:05.066+0000] {base.py:83} INFO - Using connection ID 'postgres_localhost' for task execution.
[2024-04-25T14:39:05.358+0000] {sql.py:572} INFO - Done loading. Loaded a total of 47 rows into MRR_Dim_Employees
[2024-04-25T14:39:05.695+0000] {base.py:83} INFO - Using connection ID 'postgres_localhost' for task execution.
[2024-04-25T14:39:06.215+0000] {sql.py:572} INFO - Done loading. Loaded a total of 77 rows into MRR_Dim_Products
[2024-04-25T14:39:06.947+0000] {base.py:83} INFO - Using connection ID 'postgres_localhost' for task execution.
[2024-04-25T14:39:13.563+0000] {sql.py:572} INFO - Done loading. Loaded a total of 836 rows into MRR_Fact_Orders
[2024-04-25T14:39:15.737+0000] {base.py:83} INFO - Using connection ID 'postgres_localhost' for task execution.
[2024-04-25T14:39:30.480+0000] {sql.py:568} INFO - Loaded 1000 rows into MRR_Fact_Details so far
[2024-04-25T14:39:40.860+0000] {sql.py:568} INFO - Loaded 2000 rows into MRR_Fact_Details so far
[2024-04-25T14:39:44.772+0000] {sql.py:572} INFO - Done loading. Loaded a total of 2172 rows into MRR_Fact_Details
[2024-04-25T14:39:44.779+0000] {python.py:202} INFO - Done. Returned value was: None
[2024-04-25T14:39:44.845+0000] {taskinstance.py:1149} INFO - Marking task as SUCCESS. dag_id=ETL_Flow, task_id=insert_data_from_files, execution_date=20240417T211100, start_date=20240425T143900, end_date=20240425T143944
[2024-04-25T14:39:45.756+0000] {local_task_job_runner.py:234} INFO - Task exited with return code 0
[2024-04-25T14:39:45.820+0000] {warnings.py:109} WARNING - /home/***/.local/lib/python3.8/site-packages/***/models/baseoperator.py:1201: AirflowProviderDeprecationWarning: Call to deprecated class PostgresOperator. (Please use `***.providers.common.sql.operators.sql.SQLExecuteQueryOperator`.Also, you can provide `hook_params={'schema': <database>}`.)
  result = cls.__new__(cls)

[2024-04-25T14:39:46.027+0000] {taskinstance.py:3309} INFO - 1 downstream tasks scheduled from follow-on schedule check
