[2024-03-12T18:25:48.158+0000] {taskinstance.py:1979} INFO - Dependencies all met for dep_context=non-requeueable deps ti=<TaskInstance: ETL_Flow.fact_mrr2stg manual__2024-03-12T18:08:05.335366+00:00 [queued]>
[2024-03-12T18:25:48.178+0000] {taskinstance.py:1979} INFO - Dependencies all met for dep_context=requeueable deps ti=<TaskInstance: ETL_Flow.fact_mrr2stg manual__2024-03-12T18:08:05.335366+00:00 [queued]>
[2024-03-12T18:25:48.179+0000] {taskinstance.py:2193} INFO - Starting attempt 4 of 6
[2024-03-12T18:25:48.214+0000] {taskinstance.py:2214} INFO - Executing <Task(PostgresOperator): fact_mrr2stg> on 2024-03-12 18:08:05.335366+00:00
[2024-03-12T18:25:48.231+0000] {standard_task_runner.py:60} INFO - Started process 255 to run task
[2024-03-12T18:25:48.244+0000] {standard_task_runner.py:87} INFO - Running: ['***', 'tasks', 'run', 'ETL_Flow', 'fact_mrr2stg', 'manual__2024-03-12T18:08:05.335366+00:00', '--job-id', '1010', '--raw', '--subdir', 'DAGS_FOLDER/etl2.py', '--cfg-path', '/tmp/tmpel2it06a']
[2024-03-12T18:25:48.250+0000] {standard_task_runner.py:88} INFO - Job 1010: Subtask fact_mrr2stg
[2024-03-12T18:25:48.382+0000] {task_command.py:423} INFO - Running <TaskInstance: ETL_Flow.fact_mrr2stg manual__2024-03-12T18:08:05.335366+00:00 [running]> on host f325c35ec09e
[2024-03-12T18:25:49.018+0000] {taskinstance.py:2510} INFO - Exporting env vars: AIRFLOW_CTX_DAG_OWNER='coder2j' AIRFLOW_CTX_DAG_ID='ETL_Flow' AIRFLOW_CTX_TASK_ID='fact_mrr2stg' AIRFLOW_CTX_EXECUTION_DATE='2024-03-12T18:08:05.335366+00:00' AIRFLOW_CTX_TRY_NUMBER='4' AIRFLOW_CTX_DAG_RUN_ID='manual__2024-03-12T18:08:05.335366+00:00'
[2024-03-12T18:25:49.038+0000] {sql.py:276} INFO - Executing: insert into STG_Fact_Product_In_Order(Order_ID,Order_Time,Customer_ID,Employee_ID,Shipper_ID,Freight)
select 
case when o.Order_ID similar to '[0-9]+' and cast(o.Order_ID as int)>=0 then cast(o.Order_ID as int) else 0 end,
case when d.Prdocut_ID similar to '[0-9]+' and cast(d.Prdocut_ID as int)>=0 then cast(d.Prdocut_ID as int) else 0 end,
case when o.Customer_ID similar to '[0-9]+' and cast(o.Customer_ID as int)>=0 then cast(o.Customer_ID as int) else 0 end,
case when o.Employee_ID similar to '[0-9]+' and cast(o.Employee_ID as int)>=0 then cast(o.Employee_ID as int) else 0 end,
cast(o.Order_Time as datetime),
case when d.Quantity similar to '[0-9]+' and cast(d.Quantity as int)>=0 then cast(d.Quantity as int) else 0 end,
case when Total_Price is null then 0 else cast(Total_Price as money) end,
case when Total_Cost is null then 0 else cast(Total_Cost as money) end,
case when o.Shipper_ID similar to '[0-9]+' and cast(o.Shipper_ID as int)>=0 then cast(o.Shipper_ID as int) else 0 end
from MRR_Fact_Orders o join MRR_Fact_Details d on o.Order_ID = d.Order_ID ;
[2024-03-12T18:25:49.075+0000] {base.py:83} INFO - Using connection ID 'postgres_localhost' for task execution.
[2024-03-12T18:25:49.127+0000] {base.py:83} INFO - Using connection ID 'postgres_localhost' for task execution.
[2024-03-12T18:25:49.294+0000] {sql.py:457} INFO - Running statement: insert into STG_Fact_Product_In_Order(Order_ID,Order_Time,Customer_ID,Employee_ID,Shipper_ID,Freight)
select 
case when o.Order_ID similar to '[0-9]+' and cast(o.Order_ID as int)>=0 then cast(o.Order_ID as int) else 0 end,
case when d.Prdocut_ID similar to '[0-9]+' and cast(d.Prdocut_ID as int)>=0 then cast(d.Prdocut_ID as int) else 0 end,
case when o.Customer_ID similar to '[0-9]+' and cast(o.Customer_ID as int)>=0 then cast(o.Customer_ID as int) else 0 end,
case when o.Employee_ID similar to '[0-9]+' and cast(o.Employee_ID as int)>=0 then cast(o.Employee_ID as int) else 0 end,
cast(o.Order_Time as datetime),
case when d.Quantity similar to '[0-9]+' and cast(d.Quantity as int)>=0 then cast(d.Quantity as int) else 0 end,
case when Total_Price is null then 0 else cast(Total_Price as money) end,
case when Total_Cost is null then 0 else cast(Total_Cost as money) end,
case when o.Shipper_ID similar to '[0-9]+' and cast(o.Shipper_ID as int)>=0 then cast(o.Shipper_ID as int) else 0 end
from MRR_Fact_Orders o join MRR_Fact_Details d on o.Order_ID = d.Order_ID ;, parameters: None
[2024-03-12T18:25:49.373+0000] {taskinstance.py:2728} ERROR - Task failed with exception
Traceback (most recent call last):
  File "/home/airflow/.local/lib/python3.8/site-packages/airflow/models/taskinstance.py", line 444, in _execute_task
    result = _execute_callable(context=context, **execute_callable_kwargs)
  File "/home/airflow/.local/lib/python3.8/site-packages/airflow/models/taskinstance.py", line 414, in _execute_callable
    return execute_callable(context=context, **execute_callable_kwargs)
  File "/home/airflow/.local/lib/python3.8/site-packages/airflow/providers/common/sql/operators/sql.py", line 282, in execute
    output = hook.run(
  File "/home/airflow/.local/lib/python3.8/site-packages/airflow/providers/common/sql/hooks/sql.py", line 404, in run
    self._run_command(cur, sql_statement, parameters)
  File "/home/airflow/.local/lib/python3.8/site-packages/airflow/providers/common/sql/hooks/sql.py", line 462, in _run_command
    cur.execute(sql_statement)
psycopg2.errors.UndefinedTable: relation "stg_fact_product_in_order" does not exist
LINE 1: insert into STG_Fact_Product_In_Order(Order_ID,Order_Time,Cu...
                    ^

[2024-03-12T18:25:49.497+0000] {taskinstance.py:1149} INFO - Marking task as UP_FOR_RETRY. dag_id=ETL_Flow, task_id=fact_mrr2stg, execution_date=20240312T180805, start_date=20240312T182548, end_date=20240312T182549
[2024-03-12T18:25:49.669+0000] {standard_task_runner.py:107} ERROR - Failed to execute job 1010 for task fact_mrr2stg (relation "stg_fact_product_in_order" does not exist
LINE 1: insert into STG_Fact_Product_In_Order(Order_ID,Order_Time,Cu...
                    ^
; 255)
[2024-03-12T18:25:49.756+0000] {local_task_job_runner.py:234} INFO - Task exited with return code 1
[2024-03-12T18:25:49.839+0000] {taskinstance.py:3309} INFO - 0 downstream tasks scheduled from follow-on schedule check
