[2024-03-09T16:13:55.191+0000] {taskinstance.py:1979} INFO - Dependencies all met for dep_context=non-requeueable deps ti=<TaskInstance: dag_with_postgres_operator.create_postgres_table scheduled__2024-03-06T00:00:00+00:00 [queued]>
[2024-03-09T16:13:55.348+0000] {taskinstance.py:1979} INFO - Dependencies all met for dep_context=requeueable deps ti=<TaskInstance: dag_with_postgres_operator.create_postgres_table scheduled__2024-03-06T00:00:00+00:00 [queued]>
[2024-03-09T16:13:55.356+0000] {taskinstance.py:2193} INFO - Starting attempt 3 of 6
[2024-03-09T16:13:55.635+0000] {taskinstance.py:2214} INFO - Executing <Task(PostgresOperator): create_postgres_table> on 2024-03-06 00:00:00+00:00
[2024-03-09T16:13:55.683+0000] {standard_task_runner.py:60} INFO - Started process 2248 to run task
[2024-03-09T16:13:55.727+0000] {standard_task_runner.py:87} INFO - Running: ['***', 'tasks', 'run', 'dag_with_postgres_operator', 'create_postgres_table', 'scheduled__2024-03-06T00:00:00+00:00', '--job-id', '218', '--raw', '--subdir', 'DAGS_FOLDER/etl_pipeline.py', '--cfg-path', '/tmp/tmp6qre__vt']
[2024-03-09T16:13:55.768+0000] {standard_task_runner.py:88} INFO - Job 218: Subtask create_postgres_table
[2024-03-09T16:13:56.318+0000] {task_command.py:423} INFO - Running <TaskInstance: dag_with_postgres_operator.create_postgres_table scheduled__2024-03-06T00:00:00+00:00 [running]> on host 3b9d9f11e4f2
[2024-03-09T16:13:57.035+0000] {taskinstance.py:2510} INFO - Exporting env vars: AIRFLOW_CTX_DAG_OWNER='coder2j' AIRFLOW_CTX_DAG_ID='dag_with_postgres_operator' AIRFLOW_CTX_TASK_ID='create_postgres_table' AIRFLOW_CTX_EXECUTION_DATE='2024-03-06T00:00:00+00:00' AIRFLOW_CTX_TRY_NUMBER='3' AIRFLOW_CTX_DAG_RUN_ID='scheduled__2024-03-06T00:00:00+00:00'
[2024-03-09T16:13:57.052+0000] {sql.py:276} INFO - Executing: create table if not exists dag_runs(
                    dt date,
                    dag_id character varying,
                    primary key (dt, dag_id)

        )
        
[2024-03-09T16:13:57.126+0000] {base.py:83} INFO - Using connection ID 'postgres_localhost' for task execution.
[2024-03-09T16:13:57.227+0000] {base.py:83} INFO - Using connection ID 'postgres_localhost' for task execution.
[2024-03-09T16:13:57.301+0000] {sql.py:457} INFO - Running statement: create table if not exists dag_runs(
                    dt date,
                    dag_id character varying,
                    primary key (dt, dag_id)

        )
        , parameters: None
[2024-03-09T16:13:57.358+0000] {warnings.py:109} WARNING - /home/***/.local/lib/python3.8/site-packages/***/providers/common/sql/hooks/sql.py:407: AirflowProviderDeprecationWarning: Call to deprecated method _make_common_data_structure. (The `_make_serializable` method is deprecated and support will be removed in a future version of the common.sql provider. Please update the DbApiHook's provider to a version based on common.sql >= 1.9.1.)
  result = self._make_common_data_structure(handler(cur))

[2024-03-09T16:13:57.468+0000] {taskinstance.py:1149} INFO - Marking task as SUCCESS. dag_id=dag_with_postgres_operator, task_id=create_postgres_table, execution_date=20240306T000000, start_date=20240309T161355, end_date=20240309T161357
[2024-03-09T16:13:57.663+0000] {local_task_job_runner.py:234} INFO - Task exited with return code 0
[2024-03-09T16:13:57.771+0000] {taskinstance.py:3309} INFO - 0 downstream tasks scheduled from follow-on schedule check
