[2024-03-21T19:09:45.901+0000] {taskinstance.py:1979} INFO - Dependencies all met for dep_context=non-requeueable deps ti=<TaskInstance: ETL_Flow.insert_data_from_files manual__2024-03-16T06:27:40.650704+00:00 [queued]>
[2024-03-21T19:09:45.920+0000] {taskinstance.py:1979} INFO - Dependencies all met for dep_context=requeueable deps ti=<TaskInstance: ETL_Flow.insert_data_from_files manual__2024-03-16T06:27:40.650704+00:00 [queued]>
[2024-03-21T19:09:45.920+0000] {taskinstance.py:2193} INFO - Starting attempt 13 of 18
[2024-03-21T19:09:45.941+0000] {taskinstance.py:2214} INFO - Executing <Task(PythonOperator): insert_data_from_files> on 2024-03-16 06:27:40.650704+00:00
[2024-03-21T19:09:45.948+0000] {standard_task_runner.py:60} INFO - Started process 703 to run task
[2024-03-21T19:09:45.954+0000] {standard_task_runner.py:87} INFO - Running: ['***', 'tasks', 'run', 'ETL_Flow', 'insert_data_from_files', 'manual__2024-03-16T06:27:40.650704+00:00', '--job-id', '2165', '--raw', '--subdir', 'DAGS_FOLDER/etl2.py', '--cfg-path', '/tmp/tmp9b1m72pv']
[2024-03-21T19:09:45.959+0000] {standard_task_runner.py:88} INFO - Job 2165: Subtask insert_data_from_files
[2024-03-21T19:09:46.039+0000] {task_command.py:423} INFO - Running <TaskInstance: ETL_Flow.insert_data_from_files manual__2024-03-16T06:27:40.650704+00:00 [running]> on host 87d0282d7958
[2024-03-21T19:09:46.654+0000] {taskinstance.py:2510} INFO - Exporting env vars: AIRFLOW_CTX_DAG_OWNER='coder2j' AIRFLOW_CTX_DAG_ID='ETL_Flow' AIRFLOW_CTX_TASK_ID='insert_data_from_files' AIRFLOW_CTX_EXECUTION_DATE='2024-03-16T06:27:40.650704+00:00' AIRFLOW_CTX_TRY_NUMBER='13' AIRFLOW_CTX_DAG_RUN_ID='manual__2024-03-16T06:27:40.650704+00:00'
[2024-03-21T19:09:47.491+0000] {base.py:83} INFO - Using connection ID 'postgres_localhost' for task execution.
[2024-03-21T19:09:47.802+0000] {sql.py:572} INFO - Done loading. Loaded a total of 92 rows into MRR_Dim_Customers
[2024-03-21T19:09:47.914+0000] {base.py:83} INFO - Using connection ID 'postgres_localhost' for task execution.
[2024-03-21T19:09:48.285+0000] {sql.py:572} INFO - Done loading. Loaded a total of 47 rows into MRR_Dim_Employees
[2024-03-21T19:09:48.640+0000] {base.py:83} INFO - Using connection ID 'postgres_localhost' for task execution.
[2024-03-21T19:09:49.702+0000] {sql.py:572} INFO - Done loading. Loaded a total of 77 rows into MRR_Dim_Products
[2024-03-21T19:09:50.468+0000] {base.py:83} INFO - Using connection ID 'postgres_localhost' for task execution.
[2024-03-21T19:10:06.730+0000] {sql.py:572} INFO - Done loading. Loaded a total of 836 rows into MRR_Fact_Orders
[2024-03-21T19:10:07.600+0000] {base.py:83} INFO - Using connection ID 'postgres_localhost' for task execution.
[2024-03-21T19:10:12.691+0000] {sql.py:568} INFO - Loaded 1000 rows into MRR_Fact_Details so far
[2024-03-21T19:10:17.137+0000] {sql.py:568} INFO - Loaded 2000 rows into MRR_Fact_Details so far
[2024-03-21T19:10:17.751+0000] {sql.py:572} INFO - Done loading. Loaded a total of 2172 rows into MRR_Fact_Details
[2024-03-21T19:10:17.756+0000] {python.py:202} INFO - Done. Returned value was: None
[2024-03-21T19:10:17.777+0000] {taskinstance.py:1149} INFO - Marking task as SUCCESS. dag_id=ETL_Flow, task_id=insert_data_from_files, execution_date=20240316T062740, start_date=20240321T190945, end_date=20240321T191017
[2024-03-21T19:10:17.893+0000] {local_task_job_runner.py:234} INFO - Task exited with return code 0
[2024-03-21T19:10:18.330+0000] {warnings.py:109} WARNING - /home/***/.local/lib/python3.8/site-packages/***/models/baseoperator.py:1201: AirflowProviderDeprecationWarning: Call to deprecated class PostgresOperator. (Please use `***.providers.common.sql.operators.sql.SQLExecuteQueryOperator`.Also, you can provide `hook_params={'schema': <database>}`.)
  result = cls.__new__(cls)

[2024-03-21T19:10:18.404+0000] {taskinstance.py:3309} INFO - 0 downstream tasks scheduled from follow-on schedule check
