[2024-03-15T16:02:51.067+0000] {taskinstance.py:1979} INFO - Dependencies all met for dep_context=non-requeueable deps ti=<TaskInstance: ETL_Flow.dim_stg2dwh scheduled__2024-03-12T06:00:00+00:00 [queued]>
[2024-03-15T16:02:51.086+0000] {taskinstance.py:1979} INFO - Dependencies all met for dep_context=requeueable deps ti=<TaskInstance: ETL_Flow.dim_stg2dwh scheduled__2024-03-12T06:00:00+00:00 [queued]>
[2024-03-15T16:02:51.087+0000] {taskinstance.py:2193} INFO - Starting attempt 21 of 26
[2024-03-15T16:02:51.116+0000] {taskinstance.py:2214} INFO - Executing <Task(PostgresOperator): dim_stg2dwh> on 2024-03-12 06:00:00+00:00
[2024-03-15T16:02:51.124+0000] {standard_task_runner.py:60} INFO - Started process 2617 to run task
[2024-03-15T16:02:51.130+0000] {standard_task_runner.py:87} INFO - Running: ['***', 'tasks', 'run', 'ETL_Flow', 'dim_stg2dwh', 'scheduled__2024-03-12T06:00:00+00:00', '--job-id', '1555', '--raw', '--subdir', 'DAGS_FOLDER/etl2.py', '--cfg-path', '/tmp/tmpfmqml8sg']
[2024-03-15T16:02:51.136+0000] {standard_task_runner.py:88} INFO - Job 1555: Subtask dim_stg2dwh
[2024-03-15T16:02:51.207+0000] {task_command.py:423} INFO - Running <TaskInstance: ETL_Flow.dim_stg2dwh scheduled__2024-03-12T06:00:00+00:00 [running]> on host 3262c7a95ffd
[2024-03-15T16:02:51.648+0000] {taskinstance.py:2510} INFO - Exporting env vars: AIRFLOW_CTX_DAG_OWNER='coder2j' AIRFLOW_CTX_DAG_ID='ETL_Flow' AIRFLOW_CTX_TASK_ID='dim_stg2dwh' AIRFLOW_CTX_EXECUTION_DATE='2024-03-12T06:00:00+00:00' AIRFLOW_CTX_TRY_NUMBER='21' AIRFLOW_CTX_DAG_RUN_ID='scheduled__2024-03-12T06:00:00+00:00'
[2024-03-15T16:02:51.650+0000] {sql.py:276} INFO - Executing: truncate table STG_Dim_Dates;
truncate table STG_Dim_Time;

insert into DWH_Dim_Dates
select * 
from STG_Dim_Dates;

insert into DWH_Dim_Time
select * 
from STG_Dim_Time;

--customers
--insert all the new customers records 
insert into DWH_Dim_Customers
select * 
from STG_Dim_Customers c
where Customer_ID not in 
                            (
                              select distinct Customer_ID
                              from DWH_Dim_Customers       
                            );
--update the valid until date of customers who moved to another city/country
-- update DWH_Dim_Customers
-- set Valid_Until=current_date
-- from 
--     (
--     select *
--     from STG_Dim_Customers s inner join DWH_Dim_Customers d on d.Customer_ID = s.Customer_ID
--     where s.City <> d.City or s.Country <> d.Country
--     ) src
-- where Customer_ID=src.Customer_ID and Valid_Until is null

-- insert records of customers who moved to another city/country                             
-- insert into DWH_Dim_Customers
-- select *
-- from STG_Dim_Customers s inner join DWH_Dim_Customers d on d.Customer_ID=s.Customer_ID
-- where s.City <> d.City or s.Country <> d.Country 

-- -products

-- insert all the new products records 
-- insert into DWH_Dim_Products
-- select *
-- from STG_Dim_Products 
-- where Product_ID not in 
--                             (
--                               select distinct Product_ID
--                               from DWH_Dim_Products       
--                             );
-- update the valid until date of products that their price/cost/supplier changed
-- update DWH_Dim_Products
-- set Valid_Until=current_date
-- from 
--     (
--     select *
--     from STG_Dim_Products s inner join DWH_Dim_Products d on d.Product_ID = s.Product_ID
--     where s.Unit_Cost <> d.Unit_Cost or s.Unit_Price <> d.Unit_Price or s.Supplier <> d.Supplier
--     ) src
-- where Product_ID=src.Product_ID and Valid_Until is null

-- insert records of products that their price/cost/supplier changed                             
-- insert into DWH_Dim_Products
-- select *
-- from STG_Dim_Products s inner join DWH_Dim_Products d on d.Product_ID=s.Product_ID
-- where s.Unit_Cost <> d.Unit_Cost or s.Unit_Price <> d.Unit_Price or s.Supplier <> d.Supplier

-- -employees

-- insert all the new employees records 
-- insert into DWH_Dim_Employees
-- select *
-- from STG_Dim_Employees 
-- where Employee_ID not in 
--                             (
--                               select distinct Employee_ID
--                               from DWH_Dim_Employees       
--                             );
-- update the valid until date of employees that their salary/title/manager/office changed
-- update DWH_Dim_Employees
-- set Valid_Until=current_date
-- from 
--     (
--     select *
--     from STG_Dim_Products s inner join DWH_Dim_Employees d on d.Employee_ID = s.Employee_ID
--     where s.Reports_To <> d.Reports_To or s.title <> d.title or 
--           s.Month_Salary <> d.Month_Salary or s.office <> d.office
--     ) src
-- where Employee_ID=src.Employee_ID and Valid_Until is null

-- insert records of products that their price/cost/supplier changed                             
-- insert into DWH_Dim_Employees
-- select *
-- from STG_Dim_Employees s inner join DWH_Dim_Employees d on d.Employee_ID=s.Employee_ID
-- where s.Reports_To <> d.Reports_To or s.title <> d.title or 
--       s.Month_Salary <> d.Month_Salary or s.office <> d.office


[2024-03-15T16:02:51.664+0000] {base.py:83} INFO - Using connection ID 'postgres_localhost' for task execution.
[2024-03-15T16:02:51.676+0000] {base.py:83} INFO - Using connection ID 'postgres_localhost' for task execution.
[2024-03-15T16:02:51.691+0000] {sql.py:457} INFO - Running statement: truncate table STG_Dim_Dates;
truncate table STG_Dim_Time;

insert into DWH_Dim_Dates
select * 
from STG_Dim_Dates;

insert into DWH_Dim_Time
select * 
from STG_Dim_Time;

--customers
--insert all the new customers records 
insert into DWH_Dim_Customers
select * 
from STG_Dim_Customers c
where Customer_ID not in 
                            (
                              select distinct Customer_ID
                              from DWH_Dim_Customers       
                            );
--update the valid until date of customers who moved to another city/country
-- update DWH_Dim_Customers
-- set Valid_Until=current_date
-- from 
--     (
--     select *
--     from STG_Dim_Customers s inner join DWH_Dim_Customers d on d.Customer_ID = s.Customer_ID
--     where s.City <> d.City or s.Country <> d.Country
--     ) src
-- where Customer_ID=src.Customer_ID and Valid_Until is null

-- insert records of customers who moved to another city/country                             
-- insert into DWH_Dim_Customers
-- select *
-- from STG_Dim_Customers s inner join DWH_Dim_Customers d on d.Customer_ID=s.Customer_ID
-- where s.City <> d.City or s.Country <> d.Country 

-- -products

-- insert all the new products records 
-- insert into DWH_Dim_Products
-- select *
-- from STG_Dim_Products 
-- where Product_ID not in 
--                             (
--                               select distinct Product_ID
--                               from DWH_Dim_Products       
--                             );
-- update the valid until date of products that their price/cost/supplier changed
-- update DWH_Dim_Products
-- set Valid_Until=current_date
-- from 
--     (
--     select *
--     from STG_Dim_Products s inner join DWH_Dim_Products d on d.Product_ID = s.Product_ID
--     where s.Unit_Cost <> d.Unit_Cost or s.Unit_Price <> d.Unit_Price or s.Supplier <> d.Supplier
--     ) src
-- where Product_ID=src.Product_ID and Valid_Until is null

-- insert records of products that their price/cost/supplier changed                             
-- insert into DWH_Dim_Products
-- select *
-- from STG_Dim_Products s inner join DWH_Dim_Products d on d.Product_ID=s.Product_ID
-- where s.Unit_Cost <> d.Unit_Cost or s.Unit_Price <> d.Unit_Price or s.Supplier <> d.Supplier

-- -employees

-- insert all the new employees records 
-- insert into DWH_Dim_Employees
-- select *
-- from STG_Dim_Employees 
-- where Employee_ID not in 
--                             (
--                               select distinct Employee_ID
--                               from DWH_Dim_Employees       
--                             );
-- update the valid until date of employees that their salary/title/manager/office changed
-- update DWH_Dim_Employees
-- set Valid_Until=current_date
-- from 
--     (
--     select *
--     from STG_Dim_Products s inner join DWH_Dim_Employees d on d.Employee_ID = s.Employee_ID
--     where s.Reports_To <> d.Reports_To or s.title <> d.title or 
--           s.Month_Salary <> d.Month_Salary or s.office <> d.office
--     ) src
-- where Employee_ID=src.Employee_ID and Valid_Until is null

-- insert records of products that their price/cost/supplier changed                             
-- insert into DWH_Dim_Employees
-- select *
-- from STG_Dim_Employees s inner join DWH_Dim_Employees d on d.Employee_ID=s.Employee_ID
-- where s.Reports_To <> d.Reports_To or s.title <> d.title or 
--       s.Month_Salary <> d.Month_Salary or s.office <> d.office

, parameters: None
[2024-03-15T16:02:51.706+0000] {taskinstance.py:2728} ERROR - Task failed with exception
Traceback (most recent call last):
  File "/home/airflow/.local/lib/python3.8/site-packages/airflow/models/taskinstance.py", line 444, in _execute_task
    result = _execute_callable(context=context, **execute_callable_kwargs)
  File "/home/airflow/.local/lib/python3.8/site-packages/airflow/models/taskinstance.py", line 414, in _execute_callable
    return execute_callable(context=context, **execute_callable_kwargs)
  File "/home/airflow/.local/lib/python3.8/site-packages/airflow/providers/common/sql/operators/sql.py", line 282, in execute
    output = hook.run(
  File "/home/airflow/.local/lib/python3.8/site-packages/airflow/providers/common/sql/hooks/sql.py", line 404, in run
    self._run_command(cur, sql_statement, parameters)
  File "/home/airflow/.local/lib/python3.8/site-packages/airflow/providers/common/sql/hooks/sql.py", line 462, in _run_command
    cur.execute(sql_statement)
psycopg2.errors.DatatypeMismatch: column "customer_id" is of type integer but expression is of type character varying
LINE 15: select * 
                ^
HINT:  You will need to rewrite or cast the expression.

[2024-03-15T16:02:51.734+0000] {taskinstance.py:1149} INFO - Marking task as UP_FOR_RETRY. dag_id=ETL_Flow, task_id=dim_stg2dwh, execution_date=20240312T060000, start_date=20240315T160251, end_date=20240315T160251
[2024-03-15T16:02:51.757+0000] {standard_task_runner.py:107} ERROR - Failed to execute job 1555 for task dim_stg2dwh (column "customer_id" is of type integer but expression is of type character varying
LINE 15: select * 
                ^
HINT:  You will need to rewrite or cast the expression.
; 2617)
[2024-03-15T16:02:51.788+0000] {local_task_job_runner.py:234} INFO - Task exited with return code 1
[2024-03-15T16:02:51.812+0000] {taskinstance.py:3309} INFO - 0 downstream tasks scheduled from follow-on schedule check
