[2024-03-12T18:09:41.900+0000] {taskinstance.py:1979} INFO - Dependencies all met for dep_context=non-requeueable deps ti=<TaskInstance: ETL_Flow.fact_mrr2stg manual__2024-03-12T18:09:34.801045+00:00 [queued]>
[2024-03-12T18:09:41.994+0000] {taskinstance.py:1979} INFO - Dependencies all met for dep_context=requeueable deps ti=<TaskInstance: ETL_Flow.fact_mrr2stg manual__2024-03-12T18:09:34.801045+00:00 [queued]>
[2024-03-12T18:09:41.996+0000] {taskinstance.py:2193} INFO - Starting attempt 1 of 6
[2024-03-12T18:09:42.125+0000] {taskinstance.py:2214} INFO - Executing <Task(PostgresOperator): fact_mrr2stg> on 2024-03-12 18:09:34.801045+00:00
[2024-03-12T18:09:42.173+0000] {standard_task_runner.py:60} INFO - Started process 259 to run task
[2024-03-12T18:09:42.280+0000] {standard_task_runner.py:87} INFO - Running: ['***', 'tasks', 'run', 'ETL_Flow', 'fact_mrr2stg', 'manual__2024-03-12T18:09:34.801045+00:00', '--job-id', '936', '--raw', '--subdir', 'DAGS_FOLDER/etl2.py', '--cfg-path', '/tmp/tmpavn0sjmt']
[2024-03-12T18:09:42.313+0000] {standard_task_runner.py:88} INFO - Job 936: Subtask fact_mrr2stg
[2024-03-12T18:09:43.055+0000] {task_command.py:423} INFO - Running <TaskInstance: ETL_Flow.fact_mrr2stg manual__2024-03-12T18:09:34.801045+00:00 [running]> on host 89a69a757939
[2024-03-12T18:09:57.642+0000] {job.py:213} ERROR - Job heartbeat got an exception
Traceback (most recent call last):
  File "/home/airflow/.local/lib/python3.8/site-packages/sqlalchemy/engine/base.py", line 3371, in _wrap_pool_connect
    return fn()
  File "/home/airflow/.local/lib/python3.8/site-packages/sqlalchemy/pool/base.py", line 327, in connect
    return _ConnectionFairy._checkout(self)
  File "/home/airflow/.local/lib/python3.8/site-packages/sqlalchemy/pool/base.py", line 894, in _checkout
    fairy = _ConnectionRecord.checkout(pool)
  File "/home/airflow/.local/lib/python3.8/site-packages/sqlalchemy/pool/base.py", line 493, in checkout
    rec = pool._do_get()
  File "/home/airflow/.local/lib/python3.8/site-packages/sqlalchemy/pool/impl.py", line 256, in _do_get
    return self._create_connection()
  File "/home/airflow/.local/lib/python3.8/site-packages/sqlalchemy/pool/base.py", line 273, in _create_connection
    return _ConnectionRecord(self)
  File "/home/airflow/.local/lib/python3.8/site-packages/sqlalchemy/pool/base.py", line 388, in __init__
    self.__connect()
  File "/home/airflow/.local/lib/python3.8/site-packages/sqlalchemy/pool/base.py", line 691, in __connect
    pool.logger.debug("Error on connect(): %s", e)
  File "/home/airflow/.local/lib/python3.8/site-packages/sqlalchemy/util/langhelpers.py", line 70, in __exit__
    compat.raise_(
  File "/home/airflow/.local/lib/python3.8/site-packages/sqlalchemy/util/compat.py", line 211, in raise_
    raise exception
  File "/home/airflow/.local/lib/python3.8/site-packages/sqlalchemy/pool/base.py", line 686, in __connect
    self.dbapi_connection = connection = pool._invoke_creator(self)
  File "/home/airflow/.local/lib/python3.8/site-packages/sqlalchemy/engine/create.py", line 574, in connect
    return dialect.connect(*cargs, **cparams)
  File "/home/airflow/.local/lib/python3.8/site-packages/sqlalchemy/engine/default.py", line 598, in connect
    return self.dbapi.connect(*cargs, **cparams)
  File "/home/airflow/.local/lib/python3.8/site-packages/psycopg2/__init__.py", line 122, in connect
    conn = _connect(dsn, connection_factory=connection_factory, **kwasync)
psycopg2.OperationalError: could not translate host name "postgres" to address: Temporary failure in name resolution


The above exception was the direct cause of the following exception:

Traceback (most recent call last):
  File "/home/airflow/.local/lib/python3.8/site-packages/airflow/jobs/job.py", line 187, in heartbeat
    self._merge_from(Job._fetch_from_db(self, session))
  File "/home/airflow/.local/lib/python3.8/site-packages/airflow/api_internal/internal_api_call.py", line 114, in wrapper
    return func(*args, **kwargs)
  File "/home/airflow/.local/lib/python3.8/site-packages/airflow/utils/session.py", line 76, in wrapper
    return func(*args, **kwargs)
  File "/home/airflow/.local/lib/python3.8/site-packages/airflow/jobs/job.py", line 308, in _fetch_from_db
    session.merge(job)
  File "/home/airflow/.local/lib/python3.8/site-packages/sqlalchemy/orm/session.py", line 3056, in merge
    return self._merge(
  File "/home/airflow/.local/lib/python3.8/site-packages/sqlalchemy/orm/session.py", line 3136, in _merge
    merged = self.get(
  File "/home/airflow/.local/lib/python3.8/site-packages/sqlalchemy/orm/session.py", line 2853, in get
    return self._get_impl(
  File "/home/airflow/.local/lib/python3.8/site-packages/sqlalchemy/orm/session.py", line 2975, in _get_impl
    return db_load_fn(
  File "/home/airflow/.local/lib/python3.8/site-packages/sqlalchemy/orm/loading.py", line 530, in load_on_pk_identity
    session.execute(
  File "/home/airflow/.local/lib/python3.8/site-packages/sqlalchemy/orm/session.py", line 1716, in execute
    conn = self._connection_for_bind(bind)
  File "/home/airflow/.local/lib/python3.8/site-packages/sqlalchemy/orm/session.py", line 1555, in _connection_for_bind
    return self._transaction._connection_for_bind(
  File "/home/airflow/.local/lib/python3.8/site-packages/sqlalchemy/orm/session.py", line 750, in _connection_for_bind
    conn = bind.connect()
  File "/home/airflow/.local/lib/python3.8/site-packages/sqlalchemy/future/engine.py", line 412, in connect
    return super(Engine, self).connect()
  File "/home/airflow/.local/lib/python3.8/site-packages/sqlalchemy/engine/base.py", line 3325, in connect
    return self._connection_cls(self, close_with_result=close_with_result)
  File "/home/airflow/.local/lib/python3.8/site-packages/sqlalchemy/engine/base.py", line 96, in __init__
    else engine.raw_connection()
  File "/home/airflow/.local/lib/python3.8/site-packages/sqlalchemy/engine/base.py", line 3404, in raw_connection
    return self._wrap_pool_connect(self.pool.connect, _connection)
  File "/home/airflow/.local/lib/python3.8/site-packages/sqlalchemy/engine/base.py", line 3374, in _wrap_pool_connect
    Connection._handle_dbapi_exception_noconnection(
  File "/home/airflow/.local/lib/python3.8/site-packages/sqlalchemy/engine/base.py", line 2208, in _handle_dbapi_exception_noconnection
    util.raise_(
  File "/home/airflow/.local/lib/python3.8/site-packages/sqlalchemy/util/compat.py", line 211, in raise_
    raise exception
  File "/home/airflow/.local/lib/python3.8/site-packages/sqlalchemy/engine/base.py", line 3371, in _wrap_pool_connect
    return fn()
  File "/home/airflow/.local/lib/python3.8/site-packages/sqlalchemy/pool/base.py", line 327, in connect
    return _ConnectionFairy._checkout(self)
  File "/home/airflow/.local/lib/python3.8/site-packages/sqlalchemy/pool/base.py", line 894, in _checkout
    fairy = _ConnectionRecord.checkout(pool)
  File "/home/airflow/.local/lib/python3.8/site-packages/sqlalchemy/pool/base.py", line 493, in checkout
    rec = pool._do_get()
  File "/home/airflow/.local/lib/python3.8/site-packages/sqlalchemy/pool/impl.py", line 256, in _do_get
    return self._create_connection()
  File "/home/airflow/.local/lib/python3.8/site-packages/sqlalchemy/pool/base.py", line 273, in _create_connection
    return _ConnectionRecord(self)
  File "/home/airflow/.local/lib/python3.8/site-packages/sqlalchemy/pool/base.py", line 388, in __init__
    self.__connect()
  File "/home/airflow/.local/lib/python3.8/site-packages/sqlalchemy/pool/base.py", line 691, in __connect
    pool.logger.debug("Error on connect(): %s", e)
  File "/home/airflow/.local/lib/python3.8/site-packages/sqlalchemy/util/langhelpers.py", line 70, in __exit__
    compat.raise_(
  File "/home/airflow/.local/lib/python3.8/site-packages/sqlalchemy/util/compat.py", line 211, in raise_
    raise exception
  File "/home/airflow/.local/lib/python3.8/site-packages/sqlalchemy/pool/base.py", line 686, in __connect
    self.dbapi_connection = connection = pool._invoke_creator(self)
  File "/home/airflow/.local/lib/python3.8/site-packages/sqlalchemy/engine/create.py", line 574, in connect
    return dialect.connect(*cargs, **cparams)
  File "/home/airflow/.local/lib/python3.8/site-packages/sqlalchemy/engine/default.py", line 598, in connect
    return self.dbapi.connect(*cargs, **cparams)
  File "/home/airflow/.local/lib/python3.8/site-packages/psycopg2/__init__.py", line 122, in connect
    conn = _connect(dsn, connection_factory=connection_factory, **kwasync)
sqlalchemy.exc.OperationalError: (psycopg2.OperationalError) could not translate host name "postgres" to address: Temporary failure in name resolution

(Background on this error at: https://sqlalche.me/e/14/e3q8)
[2024-03-12T18:09:59.351+0000] {job.py:221} ERROR - Job heartbeat failed with error. Scheduler is in unhealthy state
[2024-03-12T18:10:03.956+0000] {taskinstance.py:2510} INFO - Exporting env vars: AIRFLOW_CTX_DAG_OWNER='coder2j' AIRFLOW_CTX_DAG_ID='ETL_Flow' AIRFLOW_CTX_TASK_ID='fact_mrr2stg' AIRFLOW_CTX_EXECUTION_DATE='2024-03-12T18:09:34.801045+00:00' AIRFLOW_CTX_TRY_NUMBER='1' AIRFLOW_CTX_DAG_RUN_ID='manual__2024-03-12T18:09:34.801045+00:00'
[2024-03-12T18:10:03.960+0000] {sql.py:276} INFO - Executing: insert into STG_Fact_Product_In_Order(Order_ID,Order_Time,Customer_ID,Employee_ID,Shipper_ID,Freight)
select 
case when o.Order_ID similar to '[0-9]+' and cast(o.Order_ID as int)>=0 then cast(o.Order_ID as int) else 0 end,
case when d.Prdocut_ID similar to '[0-9]+' and cast(d.Prdocut_ID as int)>=0 then cast(d.Prdocut_ID as int) else 0 end,
case when o.Customer_ID similar to '[0-9]+' and cast(o.Customer_ID as int)>=0 then cast(o.Customer_ID as int) else 0 end,
case when o.Employee_ID similar to '[0-9]+' and cast(o.Employee_ID as int)>=0 then cast(o.Employee_ID as int) else 0 end,
cast(o.Order_Time as datetime),
case when d.Quantity similar to '[0-9]+' and cast(d.Quantity as int)>=0 then cast(d.Quantity as int) else 0 end,
case when Total_Price is null then 0 else cast(Total_Price as money) end,
case when Total_Cost is null then 0 else cast(Total_Cost as money) end,
case when o.Shipper_ID similar to '[0-9]+' and cast(o.Shipper_ID as int)>=0 then cast(o.Shipper_ID as int) else 0 end
from MRR_Fact_Orders o join MRR_Fact_Details d on o.Order_ID = d.Order_ID ;
[2024-03-12T18:10:03.995+0000] {base.py:83} INFO - Using connection ID 'postgres_localhost' for task execution.
[2024-03-12T18:10:04.028+0000] {base.py:83} INFO - Using connection ID 'postgres_localhost' for task execution.
[2024-03-12T18:10:04.073+0000] {sql.py:457} INFO - Running statement: insert into STG_Fact_Product_In_Order(Order_ID,Order_Time,Customer_ID,Employee_ID,Shipper_ID,Freight)
select 
case when o.Order_ID similar to '[0-9]+' and cast(o.Order_ID as int)>=0 then cast(o.Order_ID as int) else 0 end,
case when d.Prdocut_ID similar to '[0-9]+' and cast(d.Prdocut_ID as int)>=0 then cast(d.Prdocut_ID as int) else 0 end,
case when o.Customer_ID similar to '[0-9]+' and cast(o.Customer_ID as int)>=0 then cast(o.Customer_ID as int) else 0 end,
case when o.Employee_ID similar to '[0-9]+' and cast(o.Employee_ID as int)>=0 then cast(o.Employee_ID as int) else 0 end,
cast(o.Order_Time as datetime),
case when d.Quantity similar to '[0-9]+' and cast(d.Quantity as int)>=0 then cast(d.Quantity as int) else 0 end,
case when Total_Price is null then 0 else cast(Total_Price as money) end,
case when Total_Cost is null then 0 else cast(Total_Cost as money) end,
case when o.Shipper_ID similar to '[0-9]+' and cast(o.Shipper_ID as int)>=0 then cast(o.Shipper_ID as int) else 0 end
from MRR_Fact_Orders o join MRR_Fact_Details d on o.Order_ID = d.Order_ID ;, parameters: None
[2024-03-12T18:10:04.082+0000] {taskinstance.py:2728} ERROR - Task failed with exception
Traceback (most recent call last):
  File "/home/airflow/.local/lib/python3.8/site-packages/airflow/models/taskinstance.py", line 444, in _execute_task
    result = _execute_callable(context=context, **execute_callable_kwargs)
  File "/home/airflow/.local/lib/python3.8/site-packages/airflow/models/taskinstance.py", line 414, in _execute_callable
    return execute_callable(context=context, **execute_callable_kwargs)
  File "/home/airflow/.local/lib/python3.8/site-packages/airflow/providers/common/sql/operators/sql.py", line 282, in execute
    output = hook.run(
  File "/home/airflow/.local/lib/python3.8/site-packages/airflow/providers/common/sql/hooks/sql.py", line 404, in run
    self._run_command(cur, sql_statement, parameters)
  File "/home/airflow/.local/lib/python3.8/site-packages/airflow/providers/common/sql/hooks/sql.py", line 462, in _run_command
    cur.execute(sql_statement)
psycopg2.errors.UndefinedTable: relation "stg_fact_product_in_order" does not exist
LINE 1: insert into STG_Fact_Product_In_Order(Order_ID,Order_Time,Cu...
                    ^

[2024-03-12T18:10:04.124+0000] {taskinstance.py:1149} INFO - Marking task as UP_FOR_RETRY. dag_id=ETL_Flow, task_id=fact_mrr2stg, execution_date=20240312T180934, start_date=20240312T180941, end_date=20240312T181004
[2024-03-12T18:10:04.198+0000] {standard_task_runner.py:107} ERROR - Failed to execute job 936 for task fact_mrr2stg (relation "stg_fact_product_in_order" does not exist
LINE 1: insert into STG_Fact_Product_In_Order(Order_ID,Order_Time,Cu...
                    ^
; 259)
[2024-03-12T18:10:04.293+0000] {local_task_job_runner.py:234} INFO - Task exited with return code 1
[2024-03-12T18:10:04.738+0000] {taskinstance.py:3309} INFO - 0 downstream tasks scheduled from follow-on schedule check
