[2024-03-20T16:09:23.977+0000] {taskinstance.py:1979} INFO - Dependencies all met for dep_context=non-requeueable deps ti=<TaskInstance: ETL_Flow.insert_data_from_files manual__2024-03-20T16:07:57.433347+00:00 [queued]>
[2024-03-20T16:09:24.001+0000] {taskinstance.py:1979} INFO - Dependencies all met for dep_context=requeueable deps ti=<TaskInstance: ETL_Flow.insert_data_from_files manual__2024-03-20T16:07:57.433347+00:00 [queued]>
[2024-03-20T16:09:24.002+0000] {taskinstance.py:2193} INFO - Starting attempt 2 of 7
[2024-03-20T16:09:24.043+0000] {taskinstance.py:2214} INFO - Executing <Task(PythonOperator): insert_data_from_files> on 2024-03-20 16:07:57.433347+00:00
[2024-03-20T16:09:24.054+0000] {standard_task_runner.py:60} INFO - Started process 3553 to run task
[2024-03-20T16:09:24.062+0000] {standard_task_runner.py:87} INFO - Running: ['***', 'tasks', 'run', 'ETL_Flow', 'insert_data_from_files', 'manual__2024-03-20T16:07:57.433347+00:00', '--job-id', '2034', '--raw', '--subdir', 'DAGS_FOLDER/etl2.py', '--cfg-path', '/tmp/tmp_fqhmlyi']
[2024-03-20T16:09:24.069+0000] {standard_task_runner.py:88} INFO - Job 2034: Subtask insert_data_from_files
[2024-03-20T16:09:24.197+0000] {task_command.py:423} INFO - Running <TaskInstance: ETL_Flow.insert_data_from_files manual__2024-03-20T16:07:57.433347+00:00 [running]> on host a1a2ab3031a9
[2024-03-20T16:09:24.799+0000] {taskinstance.py:2510} INFO - Exporting env vars: AIRFLOW_CTX_DAG_OWNER='coder2j' AIRFLOW_CTX_DAG_ID='ETL_Flow' AIRFLOW_CTX_TASK_ID='insert_data_from_files' AIRFLOW_CTX_EXECUTION_DATE='2024-03-20T16:07:57.433347+00:00' AIRFLOW_CTX_TRY_NUMBER='2' AIRFLOW_CTX_DAG_RUN_ID='manual__2024-03-20T16:07:57.433347+00:00'
[2024-03-20T16:09:25.531+0000] {base.py:83} INFO - Using connection ID 'postgres_localhost' for task execution.
[2024-03-20T16:09:26.334+0000] {sql.py:572} INFO - Done loading. Loaded a total of 92 rows into MRR_Dim_Customers
[2024-03-20T16:09:26.493+0000] {base.py:83} INFO - Using connection ID 'postgres_localhost' for task execution.
[2024-03-20T16:09:26.798+0000] {sql.py:572} INFO - Done loading. Loaded a total of 47 rows into MRR_Dim_Employees
[2024-03-20T16:09:26.917+0000] {base.py:83} INFO - Using connection ID 'postgres_localhost' for task execution.
[2024-03-20T16:09:27.396+0000] {sql.py:572} INFO - Done loading. Loaded a total of 77 rows into MRR_Dim_Products
[2024-03-20T16:09:27.835+0000] {base.py:83} INFO - Using connection ID 'postgres_localhost' for task execution.
[2024-03-20T16:09:32.302+0000] {sql.py:572} INFO - Done loading. Loaded a total of 836 rows into MRR_Fact_Orders
[2024-03-20T16:09:32.703+0000] {base.py:83} INFO - Using connection ID 'postgres_localhost' for task execution.
[2024-03-20T16:09:37.010+0000] {sql.py:568} INFO - Loaded 1000 rows into MRR_Fact_Details so far
[2024-03-20T16:09:41.249+0000] {sql.py:568} INFO - Loaded 2000 rows into MRR_Fact_Details so far
[2024-03-20T16:09:42.437+0000] {sql.py:572} INFO - Done loading. Loaded a total of 2172 rows into MRR_Fact_Details
[2024-03-20T16:09:42.440+0000] {python.py:202} INFO - Done. Returned value was: None
[2024-03-20T16:09:42.502+0000] {taskinstance.py:1149} INFO - Marking task as SUCCESS. dag_id=ETL_Flow, task_id=insert_data_from_files, execution_date=20240320T160757, start_date=20240320T160923, end_date=20240320T160942
[2024-03-20T16:09:42.943+0000] {local_task_job_runner.py:234} INFO - Task exited with return code 0
[2024-03-20T16:09:43.034+0000] {taskinstance.py:3309} INFO - 0 downstream tasks scheduled from follow-on schedule check
