[2024-03-20T17:00:38.850+0000] {taskinstance.py:1979} INFO - Dependencies all met for dep_context=non-requeueable deps ti=<TaskInstance: ETL_Flow.create_tables manual__2024-03-20T16:57:07.883754+00:00 [queued]>
[2024-03-20T17:00:38.902+0000] {taskinstance.py:1979} INFO - Dependencies all met for dep_context=requeueable deps ti=<TaskInstance: ETL_Flow.create_tables manual__2024-03-20T16:57:07.883754+00:00 [queued]>
[2024-03-20T17:00:38.903+0000] {taskinstance.py:2193} INFO - Starting attempt 2 of 7
[2024-03-20T17:00:38.941+0000] {taskinstance.py:2214} INFO - Executing <Task(PostgresOperator): create_tables> on 2024-03-20 16:57:07.883754+00:00
[2024-03-20T17:00:38.953+0000] {standard_task_runner.py:60} INFO - Started process 4273 to run task
[2024-03-20T17:00:38.961+0000] {standard_task_runner.py:87} INFO - Running: ['***', 'tasks', 'run', 'ETL_Flow', 'create_tables', 'manual__2024-03-20T16:57:07.883754+00:00', '--job-id', '2054', '--raw', '--subdir', 'DAGS_FOLDER/etl2.py', '--cfg-path', '/tmp/tmp260nd5cy']
[2024-03-20T17:00:38.967+0000] {standard_task_runner.py:88} INFO - Job 2054: Subtask create_tables
[2024-03-20T17:00:39.107+0000] {task_command.py:423} INFO - Running <TaskInstance: ETL_Flow.create_tables manual__2024-03-20T16:57:07.883754+00:00 [running]> on host a1a2ab3031a9
[2024-03-20T17:00:39.664+0000] {taskinstance.py:2510} INFO - Exporting env vars: AIRFLOW_CTX_DAG_OWNER='coder2j' AIRFLOW_CTX_DAG_ID='ETL_Flow' AIRFLOW_CTX_TASK_ID='create_tables' AIRFLOW_CTX_EXECUTION_DATE='2024-03-20T16:57:07.883754+00:00' AIRFLOW_CTX_TRY_NUMBER='2' AIRFLOW_CTX_DAG_RUN_ID='manual__2024-03-20T16:57:07.883754+00:00'
[2024-03-20T17:00:39.667+0000] {sql.py:276} INFO - Executing: drop table  if not EXISTS snapshot_customers_transactions_month
drop table if not EXISTS Snapshot_Customers_Transactions_Arch;
drop view if not EXISTS snapshot_customers_transactions_month ;

DROP TABLE IF EXISTS MRR_Dim_Customers;
DROP TABLE IF EXISTS MRR_Dim_Employees;
DROP TABLE IF EXISTS MRR_Dim_Products;
DROP TABLE IF EXISTS MRR_Fact_Details;
DROP TABLE IF EXISTS MRR_Fact_Orders;
DROP TABLE IF EXISTS STG_Dim_Customers;
DROP TABLE IF EXISTS STG_Dim_Dates;
DROP TABLE IF EXISTS STG_Dim_Employees;
DROP TABLE IF EXISTS STG_Dim_Products;
DROP TABLE IF EXISTS STG_Dim_Time;
DROP TABLE IF EXISTS STG_Fact_Details;
DROP TABLE IF EXISTS STG_Fact_Orders;
DROP TABLE IF EXISTS STG_Fact_Product_In_Order;
DROP TABLE IF EXISTS DWH_Dim_Customers;
DROP TABLE IF EXISTS DWH_Dim_Dates;
DROP TABLE IF EXISTS DWH_Dim_Employees;
DROP TABLE IF EXISTS DWH_Dim_Products;
DROP TABLE IF EXISTS DWH_Fact_Product_In_Order;
DROP TABLE IF EXISTS DWH_Dim_Time;
DROP TABLE IF EXISTS Snapshot_Customers_Transactions_Arch;
DROP TABLE IF EXISTS DWH_Snapshot_Customers_Transactions;
DROP TABLE IF EXISTS DWH_Dim_Customers_backup;
DROP TABLE IF EXISTS DWH_Dim_Dates_backup;
DROP TABLE IF EXISTS DWH_Dim_Employees_backup;
DROP TABLE IF EXISTS DWH_Dim_Products_backup;
DROP TABLE IF EXISTS DWH_Fact_Product_In_Order_backup;
DROP TABLE IF EXISTS DWH_Dim_Time_backup;
DROP TABLE IF EXISTS DWH_Snapshot_Customers_Transactions_backup;



CREATE TABLE IF NOT EXISTS MRR_Dim_Customers(
    Customer_ID varchar(50) null,
    Company_Name varchar(50) null,
    Contact_Name varchar(50) null,
    Street varchar(50) null,
    City varchar(50) null,
    Postal_Code varchar(50) null,
    Country varchar(50) null,
    Phone varchar(50) null,
    Fax varchar(50) null
);




CREATE TABLE IF NOT EXISTS MRR_Dim_Employees(
    Employee_ID varchar(50) null,
    Last_Name varchar(50) null,
    First_Name varchar(50) null,
    Title varchar(50) null,
    Hire_Date varchar(50) null,
    Office varchar(50) null,
    Reports_To varchar(50) null,
    Month_Salary varchar(50) null
);


CREATE TABLE IF NOT EXISTS MRR_Dim_Products(
    Product_ID varchar(50) null,
    Product_Name varchar(50) null,
    Supplier varchar(50) null,
    Category varchar(50) null,
    Unit_Price varchar(50) null,
    Unit_Cost varchar(50) null
);


CREATE TABLE IF NOT EXISTS  MRR_Fact_Details(
    Order_ID varchar(50) null,
    Product_ID varchar(50) null,
    Quantity varchar(50) null
);
CREATE TABLE IF NOT EXISTS  MRR_Fact_Orders(
    Order_ID varchar(50) null,
    Order_Time varchar(50) null,
    Customer_ID varchar(50) null,
    Employee_ID varchar(50) null,
    Shipper_ID varchar(50) null
);




CREATE TABLE IF NOT EXISTS  STG_Dim_Customers(
    Customer_ID int not null,
    Company_Name varchar(50) not null,
    Contact_Name varchar(50) not null,
    Street varchar(50) not null,
    City varchar(50) not null,
    Postal_Code varchar(50) not null,
    Country varchar(50) not null,
    Phone varchar(50) not null,
    Fax varchar(50) not null,
    PRIMARY KEY (Customer_ID)
);


CREATE TABLE IF NOT EXISTS  STG_Dim_Dates(
    Date date not null,
    Year int not null,
    Quarter int not null,
    Month int not null,
    Day int not null,
    PRIMARY KEY (Date)
);




CREATE TABLE IF NOT EXISTS  STG_Dim_Employees(
    Employee_ID int not null,
    Last_Name varchar(50) not null,
    First_Name varchar(50) not null,
    Title varchar(50) not null,
    Hire_Date date not null,
    Office int not null,
    Reports_To int null,
    Month_Salary decimal(15,5) null,
    PRIMARY KEY (Employee_ID)
);


CREATE TABLE IF NOT EXISTS STG_Dim_Products(
    Product_ID int not null,
    Product_Name varchar(50) not null,
    Supplier int not null,
    Category int not null,
    Unit_Price decimal(15,5) null,
    Unit_Cost decimal(15,5) null,
    PRIMARY KEY (Product_ID)
);


CREATE TABLE IF NOT EXISTS STG_Dim_Time(
    DateTime  timestamp  not null,
    Date date not null,
    Hour time (7) not null,
    PRIMARY KEY (DateTime )
);


CREATE TABLE IF NOT EXISTS  STG_Fact_Details(
    Order_ID int not null,
    Product_ID int not null,
    Quantity int null
);
CREATE TABLE IF NOT EXISTS  STG_Fact_Orders(
    Order_ID int not null,
    Order_Time timestamp not null,
    Customer_ID int not null,
    Employee_ID int not null,
    Shipper_ID int not null
);


CREATE TABLE IF NOT EXISTS DWH_Dim_Customers(
    DW_Customer_ID serial not null,
    Customer_ID int not null,
    Company_Name varchar(50) not null,
    Contact_Name varchar(50) not null,
    Street varchar(50) not null,
    City varchar(50) not null,
    Postal_Code varchar(50) not null,
    Country varchar(50) not null,
    Phone varchar(50) not null,
    Fax varchar(50) not null,
    Valid_From date not null default current_date,
    Valid_Until date null,
    PRIMARY KEY (DW_Customer_ID)
);


CREATE TABLE IF NOT EXISTS  DWH_Dim_Dates(
    Date date not null,
    Year int not null,
    Quarter int not null,
    Month int not null,
    Day int not null,
    PRIMARY KEY (Date)
);


CREATE TABLE IF NOT EXISTS DWH_Dim_Employees(
    DW_Employee_ID serial not null,
    Employee_ID int not null,
    Last_Name varchar(50) not null,
    First_Name varchar(50) not null,
    Title varchar(50) not null,
    Hire_Date date not null,
    Office int not null,
    Reports_To int null,
    Month_Salary decimal(15,5) null,
    Valid_From date not null default current_date,
    Valid_Until date null,
    PRIMARY KEY (DW_Employee_ID)
);


CREATE TABLE IF NOT EXISTS DWH_Dim_Products(
    DW_Prdocut_ID serial not null,
    Product_ID int not null,
    Product_Name varchar(50) not null,
    Supplier int not null,
    Category int not null,
    Unit_Price decimal(15,5) null,
    Unit_Cost decimal(15,5)  null,
    Valid_From date not null default current_date,
    Valid_Until date null,
    PRIMARY KEY (DW_Prdocut_ID)
);


CREATE TABLE IF NOT EXISTS DWH_Fact_Product_In_Order(
    Order_ID int not null,
    DW_Prdocut_ID int not null,
    DW_Customer_ID int not null,
    DW_Employee_ID int not null,
    Order_Time timestamp not null,
    Quantity int null,
    Total_Price decimal(15,5) not null,
    Total_Cost decimal(15,5) not null,
    Shipper_ID int not null,
    PRIMARY KEY (Order_ID, DW_Prdocut_ID)
);


CREATE TABLE IF NOT EXISTS DWH_Dim_Time(
    DateTime  timestamp  not null,
    Date date not null,
    Hour time(7) not null,
    PRIMARY KEY (DateTime )
);
CREATE TABLE IF NOT EXISTS Snapshot_Customers_Transactions_Arch(
    Customer_ID int not null,
    StartOfMonth date not null,
    Status varchar(10) not null
);

CREATE TABLE IF NOT EXISTS DWH_Snapshot_Customers_Transactions(
    Year int not null,
    Quarter int not null,
    Month int not null,
    Country varchar(50) not null,
    City varchar(50) not null,
    Count_New_Customers int not null,
    Count_Regular int not null,
    Count_Reactivated int not null,
    Count_Abandons int not null,
    Count_Total int not null,
    PRIMARY KEY (Year, Quarter, Month, Country, City)
);

CREATE TABLE IF NOT EXISTS DWH_Dim_Customers_backup(
    DW_Customer_ID serial not null,
    Customer_ID int not null,
    Company_Name varchar(50) not null,
    Contact_Name varchar(50) not null,
    Street varchar(50) not null,
    City varchar(50) not null,
    Postal_Code varchar(50) not null,
    Country varchar(50) not null,
    Phone varchar(50) not null,
    Fax varchar(50) not null,
    Valid_From date not null default current_date,
    Valid_Until date null,
    PRIMARY KEY (DW_Customer_ID)
);


CREATE TABLE IF NOT EXISTS  DWH_Dim_Dates_backup(
    Date date not null,
    Year int not null,
    Quarter int not null,
    Month int not null,
    Day int not null,
    PRIMARY KEY (Date)
);


CREATE TABLE IF NOT EXISTS DWH_Dim_Employees_backup(
    DW_Employee_ID serial not null,
    Employee_ID int not null,
    Last_Name varchar(50) not null,
    First_Name varchar(50) not null,
    Title varchar(50) not null,
    Hire_Date date not null,
    Office int not null,
    Reports_To int null,
    Month_Salary decimal(15,5) null,
    Valid_From date not null default current_date,
    Valid_Until date null,
    PRIMARY KEY (DW_Employee_ID)
);


CREATE TABLE IF NOT EXISTS DWH_Dim_Products_backup(
    DW_Prdocut_ID serial not null,
    Product_ID int not null,
    Product_Name varchar(50) not null,
    Supplier int not null,
    Category int not null,
    Unit_Price decimal(15,5) null,
    Unit_Cost decimal(15,5)  null,
    Valid_From date not null default current_date,
    Valid_Until date null,
    PRIMARY KEY (DW_Prdocut_ID)
);


CREATE TABLE IF NOT EXISTS DWH_Fact_Product_In_Order_backup(
    Order_ID int not null,
    DW_Prdocut_ID int not null,
    DW_Customer_ID int not null,
    DW_Employee_ID int not null,
    Order_Time timestamp not null,
    Quantity int null,
    Total_Price decimal(15,5) not null,
    Total_Cost decimal(15,5) not null,
    Shipper_ID int not null,
    PRIMARY KEY (Order_ID, DW_Prdocut_ID)
);


CREATE TABLE IF NOT EXISTS DWH_Dim_Time_backup(
    timestamp  timestamp  not null,
    Date date not null,
    Hour time(7) not null,
    PRIMARY KEY (timestamp )
);


CREATE TABLE IF NOT EXISTS DWH_Snapshot_Customers_Transactions_backup(
    Year int not null,
    Quarter int not null,
    Month int not null,
    Country varchar(50) not null,
    City varchar(50) not null,
    Count_New_Customers int not null,
    Count_Regular int not null,
    Count_Reactivated int not null,
    Count_Abandons int not null,
    Count_Total int not null,
    PRIMARY KEY (Year, Quarter, Month, Country, City)
);








[2024-03-20T17:00:39.697+0000] {base.py:83} INFO - Using connection ID 'postgres_localhost' for task execution.
[2024-03-20T17:00:39.717+0000] {base.py:83} INFO - Using connection ID 'postgres_localhost' for task execution.
[2024-03-20T17:00:39.757+0000] {sql.py:457} INFO - Running statement: drop table  if not EXISTS snapshot_customers_transactions_month
drop table if not EXISTS Snapshot_Customers_Transactions_Arch;
drop view if not EXISTS snapshot_customers_transactions_month ;

DROP TABLE IF EXISTS MRR_Dim_Customers;
DROP TABLE IF EXISTS MRR_Dim_Employees;
DROP TABLE IF EXISTS MRR_Dim_Products;
DROP TABLE IF EXISTS MRR_Fact_Details;
DROP TABLE IF EXISTS MRR_Fact_Orders;
DROP TABLE IF EXISTS STG_Dim_Customers;
DROP TABLE IF EXISTS STG_Dim_Dates;
DROP TABLE IF EXISTS STG_Dim_Employees;
DROP TABLE IF EXISTS STG_Dim_Products;
DROP TABLE IF EXISTS STG_Dim_Time;
DROP TABLE IF EXISTS STG_Fact_Details;
DROP TABLE IF EXISTS STG_Fact_Orders;
DROP TABLE IF EXISTS STG_Fact_Product_In_Order;
DROP TABLE IF EXISTS DWH_Dim_Customers;
DROP TABLE IF EXISTS DWH_Dim_Dates;
DROP TABLE IF EXISTS DWH_Dim_Employees;
DROP TABLE IF EXISTS DWH_Dim_Products;
DROP TABLE IF EXISTS DWH_Fact_Product_In_Order;
DROP TABLE IF EXISTS DWH_Dim_Time;
DROP TABLE IF EXISTS Snapshot_Customers_Transactions_Arch;
DROP TABLE IF EXISTS DWH_Snapshot_Customers_Transactions;
DROP TABLE IF EXISTS DWH_Dim_Customers_backup;
DROP TABLE IF EXISTS DWH_Dim_Dates_backup;
DROP TABLE IF EXISTS DWH_Dim_Employees_backup;
DROP TABLE IF EXISTS DWH_Dim_Products_backup;
DROP TABLE IF EXISTS DWH_Fact_Product_In_Order_backup;
DROP TABLE IF EXISTS DWH_Dim_Time_backup;
DROP TABLE IF EXISTS DWH_Snapshot_Customers_Transactions_backup;



CREATE TABLE IF NOT EXISTS MRR_Dim_Customers(
    Customer_ID varchar(50) null,
    Company_Name varchar(50) null,
    Contact_Name varchar(50) null,
    Street varchar(50) null,
    City varchar(50) null,
    Postal_Code varchar(50) null,
    Country varchar(50) null,
    Phone varchar(50) null,
    Fax varchar(50) null
);




CREATE TABLE IF NOT EXISTS MRR_Dim_Employees(
    Employee_ID varchar(50) null,
    Last_Name varchar(50) null,
    First_Name varchar(50) null,
    Title varchar(50) null,
    Hire_Date varchar(50) null,
    Office varchar(50) null,
    Reports_To varchar(50) null,
    Month_Salary varchar(50) null
);


CREATE TABLE IF NOT EXISTS MRR_Dim_Products(
    Product_ID varchar(50) null,
    Product_Name varchar(50) null,
    Supplier varchar(50) null,
    Category varchar(50) null,
    Unit_Price varchar(50) null,
    Unit_Cost varchar(50) null
);


CREATE TABLE IF NOT EXISTS  MRR_Fact_Details(
    Order_ID varchar(50) null,
    Product_ID varchar(50) null,
    Quantity varchar(50) null
);
CREATE TABLE IF NOT EXISTS  MRR_Fact_Orders(
    Order_ID varchar(50) null,
    Order_Time varchar(50) null,
    Customer_ID varchar(50) null,
    Employee_ID varchar(50) null,
    Shipper_ID varchar(50) null
);




CREATE TABLE IF NOT EXISTS  STG_Dim_Customers(
    Customer_ID int not null,
    Company_Name varchar(50) not null,
    Contact_Name varchar(50) not null,
    Street varchar(50) not null,
    City varchar(50) not null,
    Postal_Code varchar(50) not null,
    Country varchar(50) not null,
    Phone varchar(50) not null,
    Fax varchar(50) not null,
    PRIMARY KEY (Customer_ID)
);


CREATE TABLE IF NOT EXISTS  STG_Dim_Dates(
    Date date not null,
    Year int not null,
    Quarter int not null,
    Month int not null,
    Day int not null,
    PRIMARY KEY (Date)
);




CREATE TABLE IF NOT EXISTS  STG_Dim_Employees(
    Employee_ID int not null,
    Last_Name varchar(50) not null,
    First_Name varchar(50) not null,
    Title varchar(50) not null,
    Hire_Date date not null,
    Office int not null,
    Reports_To int null,
    Month_Salary decimal(15,5) null,
    PRIMARY KEY (Employee_ID)
);


CREATE TABLE IF NOT EXISTS STG_Dim_Products(
    Product_ID int not null,
    Product_Name varchar(50) not null,
    Supplier int not null,
    Category int not null,
    Unit_Price decimal(15,5) null,
    Unit_Cost decimal(15,5) null,
    PRIMARY KEY (Product_ID)
);


CREATE TABLE IF NOT EXISTS STG_Dim_Time(
    DateTime  timestamp  not null,
    Date date not null,
    Hour time (7) not null,
    PRIMARY KEY (DateTime )
);


CREATE TABLE IF NOT EXISTS  STG_Fact_Details(
    Order_ID int not null,
    Product_ID int not null,
    Quantity int null
);
CREATE TABLE IF NOT EXISTS  STG_Fact_Orders(
    Order_ID int not null,
    Order_Time timestamp not null,
    Customer_ID int not null,
    Employee_ID int not null,
    Shipper_ID int not null
);


CREATE TABLE IF NOT EXISTS DWH_Dim_Customers(
    DW_Customer_ID serial not null,
    Customer_ID int not null,
    Company_Name varchar(50) not null,
    Contact_Name varchar(50) not null,
    Street varchar(50) not null,
    City varchar(50) not null,
    Postal_Code varchar(50) not null,
    Country varchar(50) not null,
    Phone varchar(50) not null,
    Fax varchar(50) not null,
    Valid_From date not null default current_date,
    Valid_Until date null,
    PRIMARY KEY (DW_Customer_ID)
);


CREATE TABLE IF NOT EXISTS  DWH_Dim_Dates(
    Date date not null,
    Year int not null,
    Quarter int not null,
    Month int not null,
    Day int not null,
    PRIMARY KEY (Date)
);


CREATE TABLE IF NOT EXISTS DWH_Dim_Employees(
    DW_Employee_ID serial not null,
    Employee_ID int not null,
    Last_Name varchar(50) not null,
    First_Name varchar(50) not null,
    Title varchar(50) not null,
    Hire_Date date not null,
    Office int not null,
    Reports_To int null,
    Month_Salary decimal(15,5) null,
    Valid_From date not null default current_date,
    Valid_Until date null,
    PRIMARY KEY (DW_Employee_ID)
);


CREATE TABLE IF NOT EXISTS DWH_Dim_Products(
    DW_Prdocut_ID serial not null,
    Product_ID int not null,
    Product_Name varchar(50) not null,
    Supplier int not null,
    Category int not null,
    Unit_Price decimal(15,5) null,
    Unit_Cost decimal(15,5)  null,
    Valid_From date not null default current_date,
    Valid_Until date null,
    PRIMARY KEY (DW_Prdocut_ID)
);


CREATE TABLE IF NOT EXISTS DWH_Fact_Product_In_Order(
    Order_ID int not null,
    DW_Prdocut_ID int not null,
    DW_Customer_ID int not null,
    DW_Employee_ID int not null,
    Order_Time timestamp not null,
    Quantity int null,
    Total_Price decimal(15,5) not null,
    Total_Cost decimal(15,5) not null,
    Shipper_ID int not null,
    PRIMARY KEY (Order_ID, DW_Prdocut_ID)
);


CREATE TABLE IF NOT EXISTS DWH_Dim_Time(
    DateTime  timestamp  not null,
    Date date not null,
    Hour time(7) not null,
    PRIMARY KEY (DateTime )
);
CREATE TABLE IF NOT EXISTS Snapshot_Customers_Transactions_Arch(
    Customer_ID int not null,
    StartOfMonth date not null,
    Status varchar(10) not null
);

CREATE TABLE IF NOT EXISTS DWH_Snapshot_Customers_Transactions(
    Year int not null,
    Quarter int not null,
    Month int not null,
    Country varchar(50) not null,
    City varchar(50) not null,
    Count_New_Customers int not null,
    Count_Regular int not null,
    Count_Reactivated int not null,
    Count_Abandons int not null,
    Count_Total int not null,
    PRIMARY KEY (Year, Quarter, Month, Country, City)
);

CREATE TABLE IF NOT EXISTS DWH_Dim_Customers_backup(
    DW_Customer_ID serial not null,
    Customer_ID int not null,
    Company_Name varchar(50) not null,
    Contact_Name varchar(50) not null,
    Street varchar(50) not null,
    City varchar(50) not null,
    Postal_Code varchar(50) not null,
    Country varchar(50) not null,
    Phone varchar(50) not null,
    Fax varchar(50) not null,
    Valid_From date not null default current_date,
    Valid_Until date null,
    PRIMARY KEY (DW_Customer_ID)
);


CREATE TABLE IF NOT EXISTS  DWH_Dim_Dates_backup(
    Date date not null,
    Year int not null,
    Quarter int not null,
    Month int not null,
    Day int not null,
    PRIMARY KEY (Date)
);


CREATE TABLE IF NOT EXISTS DWH_Dim_Employees_backup(
    DW_Employee_ID serial not null,
    Employee_ID int not null,
    Last_Name varchar(50) not null,
    First_Name varchar(50) not null,
    Title varchar(50) not null,
    Hire_Date date not null,
    Office int not null,
    Reports_To int null,
    Month_Salary decimal(15,5) null,
    Valid_From date not null default current_date,
    Valid_Until date null,
    PRIMARY KEY (DW_Employee_ID)
);


CREATE TABLE IF NOT EXISTS DWH_Dim_Products_backup(
    DW_Prdocut_ID serial not null,
    Product_ID int not null,
    Product_Name varchar(50) not null,
    Supplier int not null,
    Category int not null,
    Unit_Price decimal(15,5) null,
    Unit_Cost decimal(15,5)  null,
    Valid_From date not null default current_date,
    Valid_Until date null,
    PRIMARY KEY (DW_Prdocut_ID)
);


CREATE TABLE IF NOT EXISTS DWH_Fact_Product_In_Order_backup(
    Order_ID int not null,
    DW_Prdocut_ID int not null,
    DW_Customer_ID int not null,
    DW_Employee_ID int not null,
    Order_Time timestamp not null,
    Quantity int null,
    Total_Price decimal(15,5) not null,
    Total_Cost decimal(15,5) not null,
    Shipper_ID int not null,
    PRIMARY KEY (Order_ID, DW_Prdocut_ID)
);


CREATE TABLE IF NOT EXISTS DWH_Dim_Time_backup(
    timestamp  timestamp  not null,
    Date date not null,
    Hour time(7) not null,
    PRIMARY KEY (timestamp )
);


CREATE TABLE IF NOT EXISTS DWH_Snapshot_Customers_Transactions_backup(
    Year int not null,
    Quarter int not null,
    Month int not null,
    Country varchar(50) not null,
    City varchar(50) not null,
    Count_New_Customers int not null,
    Count_Regular int not null,
    Count_Reactivated int not null,
    Count_Abandons int not null,
    Count_Total int not null,
    PRIMARY KEY (Year, Quarter, Month, Country, City)
);







, parameters: None
[2024-03-20T17:00:39.777+0000] {taskinstance.py:2728} ERROR - Task failed with exception
Traceback (most recent call last):
  File "/home/airflow/.local/lib/python3.8/site-packages/airflow/models/taskinstance.py", line 444, in _execute_task
    result = _execute_callable(context=context, **execute_callable_kwargs)
  File "/home/airflow/.local/lib/python3.8/site-packages/airflow/models/taskinstance.py", line 414, in _execute_callable
    return execute_callable(context=context, **execute_callable_kwargs)
  File "/home/airflow/.local/lib/python3.8/site-packages/airflow/providers/common/sql/operators/sql.py", line 282, in execute
    output = hook.run(
  File "/home/airflow/.local/lib/python3.8/site-packages/airflow/providers/common/sql/hooks/sql.py", line 404, in run
    self._run_command(cur, sql_statement, parameters)
  File "/home/airflow/.local/lib/python3.8/site-packages/airflow/providers/common/sql/hooks/sql.py", line 462, in _run_command
    cur.execute(sql_statement)
psycopg2.errors.SyntaxError: syntax error at or near "not"
LINE 1: drop table  if not EXISTS snapshot_customers_transactions_mo...
                       ^

[2024-03-20T17:00:39.821+0000] {taskinstance.py:1149} INFO - Marking task as UP_FOR_RETRY. dag_id=ETL_Flow, task_id=create_tables, execution_date=20240320T165707, start_date=20240320T170038, end_date=20240320T170039
[2024-03-20T17:00:39.899+0000] {standard_task_runner.py:107} ERROR - Failed to execute job 2054 for task create_tables (syntax error at or near "not"
LINE 1: drop table  if not EXISTS snapshot_customers_transactions_mo...
                       ^
; 4273)
[2024-03-20T17:00:39.983+0000] {local_task_job_runner.py:234} INFO - Task exited with return code 1
[2024-03-20T17:00:40.051+0000] {warnings.py:109} WARNING - /home/***/.local/lib/python3.8/site-packages/***/models/baseoperator.py:1201: AirflowProviderDeprecationWarning: Call to deprecated class PostgresOperator. (Please use `***.providers.common.sql.operators.sql.SQLExecuteQueryOperator`.Also, you can provide `hook_params={'schema': <database>}`.)
  result = cls.__new__(cls)

[2024-03-20T17:00:40.122+0000] {taskinstance.py:3309} INFO - 0 downstream tasks scheduled from follow-on schedule check
