[2024-03-30T12:25:15.498+0000] {taskinstance.py:1979} INFO - Dependencies all met for dep_context=non-requeueable deps ti=<TaskInstance: ETL_Flow.truncate_mrr_stg scheduled__2024-03-25T21:11:00+00:00 [queued]>
[2024-03-30T12:25:15.529+0000] {taskinstance.py:1979} INFO - Dependencies all met for dep_context=requeueable deps ti=<TaskInstance: ETL_Flow.truncate_mrr_stg scheduled__2024-03-25T21:11:00+00:00 [queued]>
[2024-03-30T12:25:15.531+0000] {taskinstance.py:2193} INFO - Starting attempt 7 of 12
[2024-03-30T12:25:15.572+0000] {taskinstance.py:2214} INFO - Executing <Task(PostgresOperator): truncate_mrr_stg> on 2024-03-25 21:11:00+00:00
[2024-03-30T12:25:15.583+0000] {standard_task_runner.py:60} INFO - Started process 16147 to run task
[2024-03-30T12:25:15.593+0000] {standard_task_runner.py:87} INFO - Running: ['***', 'tasks', 'run', 'ETL_Flow', 'truncate_mrr_stg', 'scheduled__2024-03-25T21:11:00+00:00', '--job-id', '2418', '--raw', '--subdir', 'DAGS_FOLDER/ETL.py', '--cfg-path', '/tmp/tmpxfyo8lej']
[2024-03-30T12:25:15.600+0000] {standard_task_runner.py:88} INFO - Job 2418: Subtask truncate_mrr_stg
[2024-03-30T12:25:15.733+0000] {task_command.py:423} INFO - Running <TaskInstance: ETL_Flow.truncate_mrr_stg scheduled__2024-03-25T21:11:00+00:00 [running]> on host cb216a3a40e5
[2024-03-30T12:25:17.455+0000] {taskinstance.py:2510} INFO - Exporting env vars: AIRFLOW_CTX_DAG_OWNER='coder2j' AIRFLOW_CTX_DAG_ID='ETL_Flow' AIRFLOW_CTX_TASK_ID='truncate_mrr_stg' AIRFLOW_CTX_EXECUTION_DATE='2024-03-25T21:11:00+00:00' AIRFLOW_CTX_TRY_NUMBER='7' AIRFLOW_CTX_DAG_RUN_ID='scheduled__2024-03-25T21:11:00+00:00'
[2024-03-30T12:25:17.458+0000] {sql.py:276} INFO - Executing: TRUNCATE TABLE MRR_Dim_Customers;
TRUNCATE TABLE MRR_Dim_Employees;
TRUNCATE TABLE MRR_Dim_Products;
TRUNCATE TABLE MRR_Fact_Details;
TRUNCATE TABLE MRR_Fact_Orders;
TRUNCATE TABLE STG_Dim_Customers;
TRUNCATE TABLE STG_Dim_Dates;
TRUNCATE TABLE STG_Dim_Employees;
TRUNCATE TABLE STG_Dim_Products;
TRUNCATE TABLE STG_Dim_Time;
TRUNCATE TABLE STG_Fact_Orders;
TRUNCATE TABLE STG_Fact_Details;
[2024-03-30T12:25:17.478+0000] {base.py:83} INFO - Using connection ID 'postgres_localhost' for task execution.
[2024-03-30T12:25:17.497+0000] {base.py:83} INFO - Using connection ID 'postgres_localhost' for task execution.
[2024-03-30T12:25:17.657+0000] {sql.py:457} INFO - Running statement: TRUNCATE TABLE MRR_Dim_Customers;
TRUNCATE TABLE MRR_Dim_Employees;
TRUNCATE TABLE MRR_Dim_Products;
TRUNCATE TABLE MRR_Fact_Details;
TRUNCATE TABLE MRR_Fact_Orders;
TRUNCATE TABLE STG_Dim_Customers;
TRUNCATE TABLE STG_Dim_Dates;
TRUNCATE TABLE STG_Dim_Employees;
TRUNCATE TABLE STG_Dim_Products;
TRUNCATE TABLE STG_Dim_Time;
TRUNCATE TABLE STG_Fact_Orders;
TRUNCATE TABLE STG_Fact_Details;, parameters: None
[2024-03-30T12:25:17.712+0000] {warnings.py:109} WARNING - /home/***/.local/lib/python3.8/site-packages/***/providers/common/sql/hooks/sql.py:407: AirflowProviderDeprecationWarning: Call to deprecated method _make_common_data_structure. (The `_make_serializable` method is deprecated and support will be removed in a future version of the common.sql provider. Please update the DbApiHook's provider to a version based on common.sql >= 1.9.1.)
  result = self._make_common_data_structure(handler(cur))

[2024-03-30T12:25:17.766+0000] {taskinstance.py:1149} INFO - Marking task as SUCCESS. dag_id=ETL_Flow, task_id=truncate_mrr_stg, execution_date=20240325T211100, start_date=20240330T122515, end_date=20240330T122517
[2024-03-30T12:25:17.864+0000] {local_task_job_runner.py:234} INFO - Task exited with return code 0
[2024-03-30T12:25:17.900+0000] {warnings.py:109} WARNING - /home/***/.local/lib/python3.8/site-packages/***/models/baseoperator.py:1201: AirflowProviderDeprecationWarning: Call to deprecated class PostgresOperator. (Please use `***.providers.common.sql.operators.sql.SQLExecuteQueryOperator`.Also, you can provide `hook_params={'schema': <database>}`.)
  result = cls.__new__(cls)

[2024-03-30T12:25:17.976+0000] {taskinstance.py:3309} INFO - 1 downstream tasks scheduled from follow-on schedule check
