[2024-03-14T16:53:43.822+0000] {taskinstance.py:1979} INFO - Dependencies all met for dep_context=non-requeueable deps ti=<TaskInstance: ETL_Flow.dwh_backup manual__2024-03-14T16:48:03.195430+00:00 [queued]>
[2024-03-14T16:53:44.040+0000] {taskinstance.py:1979} INFO - Dependencies all met for dep_context=requeueable deps ti=<TaskInstance: ETL_Flow.dwh_backup manual__2024-03-14T16:48:03.195430+00:00 [queued]>
[2024-03-14T16:53:44.100+0000] {taskinstance.py:2193} INFO - Starting attempt 1 of 6
[2024-03-14T16:53:44.528+0000] {taskinstance.py:2214} INFO - Executing <Task(PostgresOperator): dwh_backup> on 2024-03-14 16:48:03.195430+00:00
[2024-03-14T16:53:44.703+0000] {standard_task_runner.py:60} INFO - Started process 312 to run task
[2024-03-14T16:53:44.807+0000] {standard_task_runner.py:87} INFO - Running: ['***', 'tasks', 'run', 'ETL_Flow', 'dwh_backup', 'manual__2024-03-14T16:48:03.195430+00:00', '--job-id', '1120', '--raw', '--subdir', 'DAGS_FOLDER/etl2.py', '--cfg-path', '/tmp/tmpfqh702vy']
[2024-03-14T16:53:44.881+0000] {standard_task_runner.py:88} INFO - Job 1120: Subtask dwh_backup
[2024-03-14T16:53:45.980+0000] {task_command.py:423} INFO - Running <TaskInstance: ETL_Flow.dwh_backup manual__2024-03-14T16:48:03.195430+00:00 [running]> on host fd54571cdb85
[2024-03-14T16:53:51.790+0000] {taskinstance.py:2510} INFO - Exporting env vars: AIRFLOW_CTX_DAG_OWNER='coder2j' AIRFLOW_CTX_DAG_ID='ETL_Flow' AIRFLOW_CTX_TASK_ID='dwh_backup' AIRFLOW_CTX_EXECUTION_DATE='2024-03-14T16:48:03.195430+00:00' AIRFLOW_CTX_TRY_NUMBER='1' AIRFLOW_CTX_DAG_RUN_ID='manual__2024-03-14T16:48:03.195430+00:00'
[2024-03-14T16:53:51.800+0000] {sql.py:276} INFO - Executing: truncate table DWH_Dim_Products_Backup;
truncate table DWH_Dim_Customers_Backup;
truncate table DWH_Dim_Employees_Backup;
truncate table DWH_Dim_Dates_Backup;
truncate table DWH_Dim_Time_Backup;
truncate table DWH_Fact_Product_In_Order_Backup;
truncate table DWH_Snapshot_Customers_Transactions_Backup;


insert into DWH_Dim_Products_Backup(DW_Prdocut_ID,Product_ID,Product_Name,Supplier,Category,Unit_Price,Unit_Cost,Valid_From,Valid_Until)
select * from DWH_Dim_Products;


insert into DWH_Dim_Customers_Backup(DW_Customer_ID,Customer_ID,Company_Name,Contact_Name,Street,City,Postal_Code,Country,Phone,Fax,Valid_From,Valid_Until)
select * from DWH_Dim_Customers;


insert into DWH_Dim_Employees_Backup(DW_Employee_ID,Employee_ID,Last_Name,First_Name,Title,Hire_Date,Office,Reports_To,Month_Salary,Valid_From,Valid_Until)
select * from DWH_Dim_Employees;


insert into DWH_Dim_Dates_Backup(Date,Year,Quarter,Month,Day)
select * from DWH_Dim_Dates;


insert into DWH_Dim_Time_Backup(DateTime,Date,Hour)
select * from DWH_Dim_Time;


insert into DWH_Fact_Product_In_Order_Backup(Order_ID,DW_Prdocut_ID,DW_Customer_ID,DW_Employee_ID,Order_Time,Quantity,Total_Price, Total_Cost,Shipper_ID,Create_Date)
select * from DWH_Fact_Product_In_Order;


insert into DWH_Snapshot_Customers_Transactions_Backup(Year,Quarter,Month,Country,City,Count_New_Customers,Count_Regular,Count_Reactivated,Count_Abandons,Count_Total)
select * from DWH_Snapshot_Customers;
[2024-03-14T16:53:52.125+0000] {base.py:83} INFO - Using connection ID 'postgres_localhost' for task execution.
[2024-03-14T16:53:52.453+0000] {base.py:83} INFO - Using connection ID 'postgres_localhost' for task execution.
[2024-03-14T16:54:14.278+0000] {taskinstance.py:2728} ERROR - Task failed with exception
Traceback (most recent call last):
  File "/home/airflow/.local/lib/python3.8/site-packages/airflow/models/taskinstance.py", line 444, in _execute_task
    result = _execute_callable(context=context, **execute_callable_kwargs)
  File "/home/airflow/.local/lib/python3.8/site-packages/airflow/models/taskinstance.py", line 414, in _execute_callable
    return execute_callable(context=context, **execute_callable_kwargs)
  File "/home/airflow/.local/lib/python3.8/site-packages/airflow/providers/common/sql/operators/sql.py", line 282, in execute
    output = hook.run(
  File "/home/airflow/.local/lib/python3.8/site-packages/airflow/providers/common/sql/hooks/sql.py", line 397, in run
    with closing(self.get_conn()) as conn:
  File "/home/airflow/.local/lib/python3.8/site-packages/airflow/providers/postgres/hooks/postgres.py", line 161, in get_conn
    self.conn = psycopg2.connect(**conn_args)
  File "/home/airflow/.local/lib/python3.8/site-packages/psycopg2/__init__.py", line 122, in connect
    conn = _connect(dsn, connection_factory=connection_factory, **kwasync)
psycopg2.OperationalError: could not translate host name "host.docker.internal" to address: Temporary failure in name resolution

[2024-03-14T16:54:16.253+0000] {taskinstance.py:1149} INFO - Marking task as UP_FOR_RETRY. dag_id=ETL_Flow, task_id=dwh_backup, execution_date=20240314T164803, start_date=20240314T165343, end_date=20240314T165416
[2024-03-14T16:54:17.214+0000] {standard_task_runner.py:107} ERROR - Failed to execute job 1120 for task dwh_backup (could not translate host name "host.docker.internal" to address: Temporary failure in name resolution
; 312)
[2024-03-14T16:54:17.592+0000] {local_task_job_runner.py:234} INFO - Task exited with return code 1
[2024-03-14T16:54:17.997+0000] {taskinstance.py:3309} INFO - 0 downstream tasks scheduled from follow-on schedule check
