[2024-03-21T19:15:09.396+0000] {taskinstance.py:1979} INFO - Dependencies all met for dep_context=non-requeueable deps ti=<TaskInstance: ETL_Flow.truncate_mrr_stg manual__2024-03-19T19:00:24.301139+00:00 [queued]>
[2024-03-21T19:15:09.415+0000] {taskinstance.py:1979} INFO - Dependencies all met for dep_context=requeueable deps ti=<TaskInstance: ETL_Flow.truncate_mrr_stg manual__2024-03-19T19:00:24.301139+00:00 [queued]>
[2024-03-21T19:15:09.416+0000] {taskinstance.py:2193} INFO - Starting attempt 4 of 7
[2024-03-21T19:15:09.439+0000] {taskinstance.py:2214} INFO - Executing <Task(PostgresOperator): truncate_mrr_stg> on 2024-03-19 19:00:24.301139+00:00
[2024-03-21T19:15:09.445+0000] {standard_task_runner.py:60} INFO - Started process 860 to run task
[2024-03-21T19:15:09.451+0000] {standard_task_runner.py:87} INFO - Running: ['***', 'tasks', 'run', 'ETL_Flow', 'truncate_mrr_stg', 'manual__2024-03-19T19:00:24.301139+00:00', '--job-id', '2192', '--raw', '--subdir', 'DAGS_FOLDER/etl2.py', '--cfg-path', '/tmp/tmpnqvplsw4']
[2024-03-21T19:15:09.455+0000] {standard_task_runner.py:88} INFO - Job 2192: Subtask truncate_mrr_stg
[2024-03-21T19:15:09.524+0000] {task_command.py:423} INFO - Running <TaskInstance: ETL_Flow.truncate_mrr_stg manual__2024-03-19T19:00:24.301139+00:00 [running]> on host 87d0282d7958
[2024-03-21T19:15:12.128+0000] {taskinstance.py:2510} INFO - Exporting env vars: AIRFLOW_CTX_DAG_OWNER='coder2j' AIRFLOW_CTX_DAG_ID='ETL_Flow' AIRFLOW_CTX_TASK_ID='truncate_mrr_stg' AIRFLOW_CTX_EXECUTION_DATE='2024-03-19T19:00:24.301139+00:00' AIRFLOW_CTX_TRY_NUMBER='4' AIRFLOW_CTX_DAG_RUN_ID='manual__2024-03-19T19:00:24.301139+00:00'
[2024-03-21T19:15:12.132+0000] {sql.py:276} INFO - Executing: TRUNCATE TABLE MRR_Dim_Customers;
TRUNCATE TABLE MRR_Dim_Employees;
TRUNCATE TABLE MRR_Dim_Products;
TRUNCATE TABLE MRR_Fact_Details;
TRUNCATE TABLE MRR_Fact_Orders;
TRUNCATE TABLE STG_Dim_Customers;
TRUNCATE TABLE STG_Dim_Dates;
TRUNCATE TABLE STG_Dim_Employees;
TRUNCATE TABLE STG_Dim_Products;
TRUNCATE TABLE STG_Dim_Time;
TRUNCATE TABLE STG_Fact_Orders;
TRUNCATE TABLE STG_Fact_Details;
[2024-03-21T19:15:12.164+0000] {base.py:83} INFO - Using connection ID 'postgres_localhost' for task execution.
[2024-03-21T19:15:12.186+0000] {base.py:83} INFO - Using connection ID 'postgres_localhost' for task execution.
[2024-03-21T19:15:12.226+0000] {sql.py:457} INFO - Running statement: TRUNCATE TABLE MRR_Dim_Customers;
TRUNCATE TABLE MRR_Dim_Employees;
TRUNCATE TABLE MRR_Dim_Products;
TRUNCATE TABLE MRR_Fact_Details;
TRUNCATE TABLE MRR_Fact_Orders;
TRUNCATE TABLE STG_Dim_Customers;
TRUNCATE TABLE STG_Dim_Dates;
TRUNCATE TABLE STG_Dim_Employees;
TRUNCATE TABLE STG_Dim_Products;
TRUNCATE TABLE STG_Dim_Time;
TRUNCATE TABLE STG_Fact_Orders;
TRUNCATE TABLE STG_Fact_Details;, parameters: None
[2024-03-21T19:15:12.350+0000] {warnings.py:109} WARNING - /home/***/.local/lib/python3.8/site-packages/***/providers/common/sql/hooks/sql.py:407: AirflowProviderDeprecationWarning: Call to deprecated method _make_common_data_structure. (The `_make_serializable` method is deprecated and support will be removed in a future version of the common.sql provider. Please update the DbApiHook's provider to a version based on common.sql >= 1.9.1.)
  result = self._make_common_data_structure(handler(cur))

[2024-03-21T19:15:12.408+0000] {taskinstance.py:1149} INFO - Marking task as SUCCESS. dag_id=ETL_Flow, task_id=truncate_mrr_stg, execution_date=20240319T190024, start_date=20240321T191509, end_date=20240321T191512
[2024-03-21T19:15:12.514+0000] {local_task_job_runner.py:234} INFO - Task exited with return code 0
[2024-03-21T19:15:12.574+0000] {warnings.py:109} WARNING - /home/***/.local/lib/python3.8/site-packages/***/models/baseoperator.py:1201: AirflowProviderDeprecationWarning: Call to deprecated class PostgresOperator. (Please use `***.providers.common.sql.operators.sql.SQLExecuteQueryOperator`.Also, you can provide `hook_params={'schema': <database>}`.)
  result = cls.__new__(cls)

[2024-03-21T19:15:12.685+0000] {taskinstance.py:3309} INFO - 1 downstream tasks scheduled from follow-on schedule check
