[2024-05-08T17:52:40.666+0000] {taskinstance.py:1979} INFO - Dependencies all met for dep_context=non-requeueable deps ti=<TaskInstance: ETL_Flow.create_partitions scheduled__2024-05-05T21:11:00+00:00 [queued]>
[2024-05-08T17:52:40.694+0000] {taskinstance.py:1979} INFO - Dependencies all met for dep_context=requeueable deps ti=<TaskInstance: ETL_Flow.create_partitions scheduled__2024-05-05T21:11:00+00:00 [queued]>
[2024-05-08T17:52:40.696+0000] {taskinstance.py:2193} INFO - Starting attempt 1 of 6
[2024-05-08T17:52:40.732+0000] {taskinstance.py:2214} INFO - Executing <Task(PostgresOperator): create_partitions> on 2024-05-05 21:11:00+00:00
[2024-05-08T17:52:40.745+0000] {standard_task_runner.py:60} INFO - Started process 75 to run task
[2024-05-08T17:52:40.753+0000] {standard_task_runner.py:87} INFO - Running: ['***', 'tasks', 'run', 'ETL_Flow', 'create_partitions', 'scheduled__2024-05-05T21:11:00+00:00', '--job-id', '3360', '--raw', '--subdir', 'DAGS_FOLDER/ETL.py', '--cfg-path', '/tmp/tmpvdlzwjt_']
[2024-05-08T17:52:40.757+0000] {standard_task_runner.py:88} INFO - Job 3360: Subtask create_partitions
[2024-05-08T17:52:40.874+0000] {task_command.py:423} INFO - Running <TaskInstance: ETL_Flow.create_partitions scheduled__2024-05-05T21:11:00+00:00 [running]> on host 518f7ecc027f
[2024-05-08T17:52:41.434+0000] {taskinstance.py:2510} INFO - Exporting env vars: AIRFLOW_CTX_DAG_OWNER='coder2j' AIRFLOW_CTX_DAG_ID='ETL_Flow' AIRFLOW_CTX_TASK_ID='create_partitions' AIRFLOW_CTX_EXECUTION_DATE='2024-05-05T21:11:00+00:00' AIRFLOW_CTX_TRY_NUMBER='1' AIRFLOW_CTX_DAG_RUN_ID='scheduled__2024-05-05T21:11:00+00:00'
[2024-05-08T17:52:41.440+0000] {sql.py:276} INFO - Executing: --product_in_order partitions
-- Create the default partition
CREATE TABLE IF NOT EXISTS products_in_orders_default PARTITION OF DWH_Fact_Product_In_Order
    DEFAULT;

-- Create the future partition to cover all future values
CREATE TABLE IF NOT EXISTS products_in_orders_future PARTITION OF DWH_Fact_Product_In_Order
    FOR VALUES FROM (DATE_TRUNC('year', CURRENT_DATE) + INTERVAL '1 year') TO (MAXVALUE);


-- Create a function to generate partition names
CREATE OR REPLACE FUNCTION generate_partition_name(date) RETURNS TEXT AS $$
BEGIN
    RETURN 'products_in_orders_' || to_char($1, 'YYYY_q');
END;
$$ LANGUAGE plpgsql;

-- Create a function to create products in orders partitions automatically
CREATE OR REPLACE FUNCTION create_products_in_orders_partitions() RETURNS VOID AS $$
DECLARE
    start_date DATE := DATE_TRUNC('year', CURRENT_DATE);
    end_date DATE := DATE_TRUNC('year', CURRENT_DATE) + INTERVAL '1 year';
    quarter_start DATE;
    quarter_end DATE;
BEGIN
    WHILE start_date < end_date LOOP
        quarter_start := start_date;
        quarter_end := start_date + INTERVAL '3 months';

        EXECUTE format('
            CREATE TABLE IF NOT EXISTS %I PARTITION OF DWH_Fact_Product_In_Order
            FOR VALUES FROM (%L) TO (%L);
        ', generate_partition_name(quarter_start), quarter_start, quarter_end);

        start_date := quarter_end;
    END LOOP;
END;
$$ LANGUAGE plpgsql;

-- Call the function to create products in orders partitions
SELECT create_products_in_orders_partitions();


--events partitions
-- Create the default partition
CREATE TABLE IF NOT EXISTS events_default PARTITION OF DWH_Fact_Events
    DEFAULT;

-- Create the future partition to cover all future values
CREATE TABLE IF NOT EXISTS events_future PARTITION OF DWH_Fact_Events
    FOR VALUES FROM (DATE_TRUNC('year', CURRENT_DATE) + INTERVAL '1 year') TO (MAXVALUE);


-- Create a function to generate partition names
CREATE OR REPLACE FUNCTION generate_partition_name(date) RETURNS TEXT AS $$
BEGIN
    RETURN 'events_' || to_char($1, 'YYYY_q');
END;
$$ LANGUAGE plpgsql;

-- Create a function to create events partitions automatically
CREATE OR REPLACE FUNCTION create_events_partitions() RETURNS VOID AS $$
DECLARE
    start_date DATE := DATE_TRUNC('year', CURRENT_DATE);
    end_date DATE := DATE_TRUNC('year', CURRENT_DATE) + INTERVAL '1 year';
    quarter_start DATE;
    quarter_end DATE;
BEGIN
    WHILE start_date < end_date LOOP
        quarter_start := start_date;
        quarter_end := start_date + INTERVAL '3 months';

        EXECUTE format('
            CREATE TABLE IF NOT EXISTS %I PARTITION OF DWH_Fact_Events
            FOR VALUES FROM (%L) TO (%L);
        ', generate_partition_name(quarter_start), quarter_start, quarter_end);

        start_date := quarter_end;
    END LOOP;
END;
$$ LANGUAGE plpgsql;

-- Call the function to create quarterly partitions
SELECT create_events_partitions();
[2024-05-08T17:52:41.478+0000] {base.py:83} INFO - Using connection ID 'postgres_localhost' for task execution.
[2024-05-08T17:52:41.537+0000] {base.py:83} INFO - Using connection ID 'postgres_localhost' for task execution.
[2024-05-08T17:52:41.586+0000] {sql.py:457} INFO - Running statement: --product_in_order partitions
-- Create the default partition
CREATE TABLE IF NOT EXISTS products_in_orders_default PARTITION OF DWH_Fact_Product_In_Order
    DEFAULT;

-- Create the future partition to cover all future values
CREATE TABLE IF NOT EXISTS products_in_orders_future PARTITION OF DWH_Fact_Product_In_Order
    FOR VALUES FROM (DATE_TRUNC('year', CURRENT_DATE) + INTERVAL '1 year') TO (MAXVALUE);


-- Create a function to generate partition names
CREATE OR REPLACE FUNCTION generate_partition_name(date) RETURNS TEXT AS $$
BEGIN
    RETURN 'products_in_orders_' || to_char($1, 'YYYY_q');
END;
$$ LANGUAGE plpgsql;

-- Create a function to create products in orders partitions automatically
CREATE OR REPLACE FUNCTION create_products_in_orders_partitions() RETURNS VOID AS $$
DECLARE
    start_date DATE := DATE_TRUNC('year', CURRENT_DATE);
    end_date DATE := DATE_TRUNC('year', CURRENT_DATE) + INTERVAL '1 year';
    quarter_start DATE;
    quarter_end DATE;
BEGIN
    WHILE start_date < end_date LOOP
        quarter_start := start_date;
        quarter_end := start_date + INTERVAL '3 months';

        EXECUTE format('
            CREATE TABLE IF NOT EXISTS %I PARTITION OF DWH_Fact_Product_In_Order
            FOR VALUES FROM (%L) TO (%L);
        ', generate_partition_name(quarter_start), quarter_start, quarter_end);

        start_date := quarter_end;
    END LOOP;
END;
$$ LANGUAGE plpgsql;

-- Call the function to create products in orders partitions
SELECT create_products_in_orders_partitions();


--events partitions
-- Create the default partition
CREATE TABLE IF NOT EXISTS events_default PARTITION OF DWH_Fact_Events
    DEFAULT;

-- Create the future partition to cover all future values
CREATE TABLE IF NOT EXISTS events_future PARTITION OF DWH_Fact_Events
    FOR VALUES FROM (DATE_TRUNC('year', CURRENT_DATE) + INTERVAL '1 year') TO (MAXVALUE);


-- Create a function to generate partition names
CREATE OR REPLACE FUNCTION generate_partition_name(date) RETURNS TEXT AS $$
BEGIN
    RETURN 'events_' || to_char($1, 'YYYY_q');
END;
$$ LANGUAGE plpgsql;

-- Create a function to create events partitions automatically
CREATE OR REPLACE FUNCTION create_events_partitions() RETURNS VOID AS $$
DECLARE
    start_date DATE := DATE_TRUNC('year', CURRENT_DATE);
    end_date DATE := DATE_TRUNC('year', CURRENT_DATE) + INTERVAL '1 year';
    quarter_start DATE;
    quarter_end DATE;
BEGIN
    WHILE start_date < end_date LOOP
        quarter_start := start_date;
        quarter_end := start_date + INTERVAL '3 months';

        EXECUTE format('
            CREATE TABLE IF NOT EXISTS %I PARTITION OF DWH_Fact_Events
            FOR VALUES FROM (%L) TO (%L);
        ', generate_partition_name(quarter_start), quarter_start, quarter_end);

        start_date := quarter_end;
    END LOOP;
END;
$$ LANGUAGE plpgsql;

-- Call the function to create quarterly partitions
SELECT create_events_partitions();, parameters: None
[2024-05-08T17:52:41.766+0000] {taskinstance.py:2728} ERROR - Task failed with exception
Traceback (most recent call last):
  File "/home/airflow/.local/lib/python3.8/site-packages/airflow/models/taskinstance.py", line 444, in _execute_task
    result = _execute_callable(context=context, **execute_callable_kwargs)
  File "/home/airflow/.local/lib/python3.8/site-packages/airflow/models/taskinstance.py", line 414, in _execute_callable
    return execute_callable(context=context, **execute_callable_kwargs)
  File "/home/airflow/.local/lib/python3.8/site-packages/airflow/providers/common/sql/operators/sql.py", line 282, in execute
    output = hook.run(
  File "/home/airflow/.local/lib/python3.8/site-packages/airflow/providers/common/sql/hooks/sql.py", line 404, in run
    self._run_command(cur, sql_statement, parameters)
  File "/home/airflow/.local/lib/python3.8/site-packages/airflow/providers/common/sql/hooks/sql.py", line 462, in _run_command
    cur.execute(sql_statement)
psycopg2.errors.InternalError_: tuple concurrently updated

[2024-05-08T17:52:41.806+0000] {taskinstance.py:1149} INFO - Marking task as UP_FOR_RETRY. dag_id=ETL_Flow, task_id=create_partitions, execution_date=20240505T211100, start_date=20240508T175240, end_date=20240508T175241
[2024-05-08T17:52:41.870+0000] {standard_task_runner.py:107} ERROR - Failed to execute job 3360 for task create_partitions (tuple concurrently updated
; 75)
[2024-05-08T17:52:41.931+0000] {local_task_job_runner.py:234} INFO - Task exited with return code 1
[2024-05-08T17:52:41.960+0000] {warnings.py:109} WARNING - /home/***/.local/lib/python3.8/site-packages/***/models/baseoperator.py:1201: AirflowProviderDeprecationWarning: Call to deprecated class PostgresOperator. (Please use `***.providers.common.sql.operators.sql.SQLExecuteQueryOperator`.Also, you can provide `hook_params={'schema': <database>}`.)
  result = cls.__new__(cls)

[2024-05-08T17:52:42.021+0000] {taskinstance.py:3309} INFO - 0 downstream tasks scheduled from follow-on schedule check
