[2024-04-29T10:07:29.556+0000] {taskinstance.py:1979} INFO - Dependencies all met for dep_context=non-requeueable deps ti=<TaskInstance: ETL_Flow.referential_integrity manual__2024-04-29T10:04:00.253945+00:00 [queued]>
[2024-04-29T10:07:29.754+0000] {taskinstance.py:1979} INFO - Dependencies all met for dep_context=requeueable deps ti=<TaskInstance: ETL_Flow.referential_integrity manual__2024-04-29T10:04:00.253945+00:00 [queued]>
[2024-04-29T10:07:29.757+0000] {taskinstance.py:2193} INFO - Starting attempt 1 of 6
[2024-04-29T10:07:29.821+0000] {taskinstance.py:2214} INFO - Executing <Task(PostgresOperator): referential_integrity> on 2024-04-29 10:04:00.253945+00:00
[2024-04-29T10:07:29.840+0000] {standard_task_runner.py:60} INFO - Started process 7713 to run task
[2024-04-29T10:07:29.861+0000] {standard_task_runner.py:87} INFO - Running: ['***', 'tasks', 'run', 'ETL_Flow', 'referential_integrity', 'manual__2024-04-29T10:04:00.253945+00:00', '--job-id', '3064', '--raw', '--subdir', 'DAGS_FOLDER/ETL.py', '--cfg-path', '/tmp/tmpzns2voc6']
[2024-04-29T10:07:29.872+0000] {standard_task_runner.py:88} INFO - Job 3064: Subtask referential_integrity
[2024-04-29T10:07:30.141+0000] {task_command.py:423} INFO - Running <TaskInstance: ETL_Flow.referential_integrity manual__2024-04-29T10:04:00.253945+00:00 [running]> on host d838c4eb4dcc
[2024-04-29T10:07:34.485+0000] {taskinstance.py:2510} INFO - Exporting env vars: AIRFLOW_CTX_DAG_OWNER='coder2j' AIRFLOW_CTX_DAG_ID='ETL_Flow' AIRFLOW_CTX_TASK_ID='referential_integrity' AIRFLOW_CTX_EXECUTION_DATE='2024-04-29T10:04:00.253945+00:00' AIRFLOW_CTX_TRY_NUMBER='1' AIRFLOW_CTX_DAG_RUN_ID='manual__2024-04-29T10:04:00.253945+00:00'
[2024-04-29T10:07:34.488+0000] {sql.py:276} INFO - Executing: update STG_Fact_Orders
set Customer_ID=0
where Customer_ID not in (
                            select distinct Customer_ID 
                            from DWH_Dim_Customers
                        );

update STG_Fact_Events
set Customer_ID=0
where Customer_ID not in (
                            select distinct Customer_ID 
                            from DWH_Dim_Customers
                        );

update STG_Fact_Details
set Product_ID=0
where Product_ID not in (
                            select distinct Product_ID 
                            from DWH_Dim_Products
                        );

[2024-04-29T10:07:34.533+0000] {base.py:83} INFO - Using connection ID 'postgres_localhost' for task execution.
[2024-04-29T10:07:34.561+0000] {base.py:83} INFO - Using connection ID 'postgres_localhost' for task execution.
[2024-04-29T10:07:34.603+0000] {sql.py:457} INFO - Running statement: update STG_Fact_Orders
set Customer_ID=0
where Customer_ID not in (
                            select distinct Customer_ID 
                            from DWH_Dim_Customers
                        );

update STG_Fact_Events
set Customer_ID=0
where Customer_ID not in (
                            select distinct Customer_ID 
                            from DWH_Dim_Customers
                        );

update STG_Fact_Details
set Product_ID=0
where Product_ID not in (
                            select distinct Product_ID 
                            from DWH_Dim_Products
                        );
, parameters: None
[2024-04-29T10:07:34.620+0000] {sql.py:466} INFO - Rows affected: 0
[2024-04-29T10:07:34.623+0000] {warnings.py:109} WARNING - /home/***/.local/lib/python3.8/site-packages/***/providers/common/sql/hooks/sql.py:407: AirflowProviderDeprecationWarning: Call to deprecated method _make_common_data_structure. (The `_make_serializable` method is deprecated and support will be removed in a future version of the common.sql provider. Please update the DbApiHook's provider to a version based on common.sql >= 1.9.1.)
  result = self._make_common_data_structure(handler(cur))

[2024-04-29T10:07:34.688+0000] {taskinstance.py:1149} INFO - Marking task as SUCCESS. dag_id=ETL_Flow, task_id=referential_integrity, execution_date=20240429T100400, start_date=20240429T100729, end_date=20240429T100734
[2024-04-29T10:07:34.801+0000] {local_task_job_runner.py:234} INFO - Task exited with return code 0
[2024-04-29T10:07:34.875+0000] {taskinstance.py:3309} INFO - 0 downstream tasks scheduled from follow-on schedule check
