[2024-05-18T15:21:31.388+0000] {processor.py:161} INFO - Started process (PID=405) to work on /opt/airflow/dags/operationalData/customers.xlsx
[2024-05-18T15:21:31.516+0000] {processor.py:830} INFO - Processing file /opt/airflow/dags/operationalData/customers.xlsx for tasks to queue
[2024-05-18T15:21:31.676+0000] {logging_mixin.py:188} INFO - [2024-05-18T15:21:31.650+0000] {dagbag.py:540} INFO - Filling up the DagBag from /opt/airflow/dags/operationalData/customers.xlsx
[2024-05-18T15:21:32.528+0000] {processor.py:842} WARNING - No viable dags retrieved from /opt/airflow/dags/operationalData/customers.xlsx
[2024-05-18T15:21:33.032+0000] {processor.py:183} INFO - Processing /opt/airflow/dags/operationalData/customers.xlsx took 1.726 seconds
[2024-05-18T15:22:14.757+0000] {processor.py:161} INFO - Started process (PID=410) to work on /opt/airflow/dags/operationalData/customers.xlsx
[2024-05-18T15:22:14.826+0000] {processor.py:830} INFO - Processing file /opt/airflow/dags/operationalData/customers.xlsx for tasks to queue
[2024-05-18T15:22:14.869+0000] {logging_mixin.py:188} INFO - [2024-05-18T15:22:14.867+0000] {dagbag.py:540} INFO - Filling up the DagBag from /opt/airflow/dags/operationalData/customers.xlsx
[2024-05-18T15:22:15.388+0000] {processor.py:842} WARNING - No viable dags retrieved from /opt/airflow/dags/operationalData/customers.xlsx
[2024-05-18T15:22:15.557+0000] {processor.py:183} INFO - Processing /opt/airflow/dags/operationalData/customers.xlsx took 0.863 seconds
[2024-05-18T15:22:46.839+0000] {processor.py:161} INFO - Started process (PID=421) to work on /opt/airflow/dags/operationalData/customers.xlsx
[2024-05-18T15:22:46.879+0000] {processor.py:830} INFO - Processing file /opt/airflow/dags/operationalData/customers.xlsx for tasks to queue
[2024-05-18T15:22:46.923+0000] {logging_mixin.py:188} INFO - [2024-05-18T15:22:46.885+0000] {dagbag.py:540} INFO - Filling up the DagBag from /opt/airflow/dags/operationalData/customers.xlsx
[2024-05-18T15:22:47.295+0000] {processor.py:842} WARNING - No viable dags retrieved from /opt/airflow/dags/operationalData/customers.xlsx
[2024-05-18T15:22:57.440+0000] {processor.py:183} INFO - Processing /opt/airflow/dags/operationalData/customers.xlsx took 10.705 seconds
[2024-05-18T15:23:33.457+0000] {processor.py:161} INFO - Started process (PID=434) to work on /opt/airflow/dags/operationalData/customers.xlsx
[2024-05-18T15:23:37.261+0000] {processor.py:830} INFO - Processing file /opt/airflow/dags/operationalData/customers.xlsx for tasks to queue
[2024-05-18T15:25:59.174+0000] {logging_mixin.py:188} INFO - [2024-05-18T15:24:06.898+0000] {dagbag.py:540} INFO - Filling up the DagBag from /opt/airflow/dags/operationalData/customers.xlsx
[2024-05-18T15:25:59.949+0000] {processor.py:842} WARNING - No viable dags retrieved from /opt/airflow/dags/operationalData/customers.xlsx
[2024-05-18T15:26:33.953+0000] {processor.py:161} INFO - Started process (PID=446) to work on /opt/airflow/dags/operationalData/customers.xlsx
[2024-05-18T15:26:35.279+0000] {processor.py:830} INFO - Processing file /opt/airflow/dags/operationalData/customers.xlsx for tasks to queue
[2024-05-18T15:26:40.921+0000] {logging_mixin.py:188} INFO - [2024-05-18T15:26:37.160+0000] {dagbag.py:540} INFO - Filling up the DagBag from /opt/airflow/dags/operationalData/customers.xlsx
[2024-05-18T15:26:57.462+0000] {processor.py:842} WARNING - No viable dags retrieved from /opt/airflow/dags/operationalData/customers.xlsx
[2024-05-18T15:32:23.494+0000] {processor.py:161} INFO - Started process (PID=458) to work on /opt/airflow/dags/operationalData/customers.xlsx
[2024-05-18T15:32:23.501+0000] {processor.py:830} INFO - Processing file /opt/airflow/dags/operationalData/customers.xlsx for tasks to queue
[2024-05-18T15:32:23.507+0000] {logging_mixin.py:188} INFO - [2024-05-18T15:32:23.506+0000] {dagbag.py:540} INFO - Filling up the DagBag from /opt/airflow/dags/operationalData/customers.xlsx
[2024-05-18T15:32:23.585+0000] {processor.py:842} WARNING - No viable dags retrieved from /opt/airflow/dags/operationalData/customers.xlsx
[2024-05-18T15:32:24.106+0000] {processor.py:183} INFO - Processing /opt/airflow/dags/operationalData/customers.xlsx took 0.659 seconds
[2024-05-18T15:32:54.607+0000] {processor.py:161} INFO - Started process (PID=471) to work on /opt/airflow/dags/operationalData/customers.xlsx
[2024-05-18T15:32:54.611+0000] {processor.py:830} INFO - Processing file /opt/airflow/dags/operationalData/customers.xlsx for tasks to queue
[2024-05-18T15:32:54.615+0000] {logging_mixin.py:188} INFO - [2024-05-18T15:32:54.614+0000] {dagbag.py:540} INFO - Filling up the DagBag from /opt/airflow/dags/operationalData/customers.xlsx
[2024-05-18T15:32:54.654+0000] {processor.py:842} WARNING - No viable dags retrieved from /opt/airflow/dags/operationalData/customers.xlsx
[2024-05-18T15:32:54.717+0000] {processor.py:183} INFO - Processing /opt/airflow/dags/operationalData/customers.xlsx took 0.125 seconds
[2024-05-18T15:33:25.485+0000] {processor.py:161} INFO - Started process (PID=488) to work on /opt/airflow/dags/operationalData/customers.xlsx
[2024-05-18T15:33:25.488+0000] {processor.py:830} INFO - Processing file /opt/airflow/dags/operationalData/customers.xlsx for tasks to queue
[2024-05-18T15:33:25.492+0000] {logging_mixin.py:188} INFO - [2024-05-18T15:33:25.490+0000] {dagbag.py:540} INFO - Filling up the DagBag from /opt/airflow/dags/operationalData/customers.xlsx
[2024-05-18T15:33:25.529+0000] {processor.py:842} WARNING - No viable dags retrieved from /opt/airflow/dags/operationalData/customers.xlsx
[2024-05-18T15:33:25.575+0000] {processor.py:183} INFO - Processing /opt/airflow/dags/operationalData/customers.xlsx took 0.101 seconds
[2024-05-18T15:33:55.834+0000] {processor.py:161} INFO - Started process (PID=501) to work on /opt/airflow/dags/operationalData/customers.xlsx
[2024-05-18T15:33:55.837+0000] {processor.py:830} INFO - Processing file /opt/airflow/dags/operationalData/customers.xlsx for tasks to queue
[2024-05-18T15:33:55.841+0000] {logging_mixin.py:188} INFO - [2024-05-18T15:33:55.841+0000] {dagbag.py:540} INFO - Filling up the DagBag from /opt/airflow/dags/operationalData/customers.xlsx
[2024-05-18T15:33:55.878+0000] {processor.py:842} WARNING - No viable dags retrieved from /opt/airflow/dags/operationalData/customers.xlsx
[2024-05-18T15:33:55.920+0000] {processor.py:183} INFO - Processing /opt/airflow/dags/operationalData/customers.xlsx took 0.094 seconds
[2024-05-18T15:34:26.134+0000] {processor.py:161} INFO - Started process (PID=514) to work on /opt/airflow/dags/operationalData/customers.xlsx
[2024-05-18T15:34:26.139+0000] {processor.py:830} INFO - Processing file /opt/airflow/dags/operationalData/customers.xlsx for tasks to queue
[2024-05-18T15:34:26.149+0000] {logging_mixin.py:188} INFO - [2024-05-18T15:34:26.144+0000] {dagbag.py:540} INFO - Filling up the DagBag from /opt/airflow/dags/operationalData/customers.xlsx
[2024-05-18T15:34:26.194+0000] {processor.py:842} WARNING - No viable dags retrieved from /opt/airflow/dags/operationalData/customers.xlsx
[2024-05-18T15:34:26.260+0000] {processor.py:183} INFO - Processing /opt/airflow/dags/operationalData/customers.xlsx took 0.147 seconds
[2024-05-18T15:34:56.824+0000] {processor.py:161} INFO - Started process (PID=528) to work on /opt/airflow/dags/operationalData/customers.xlsx
[2024-05-18T15:34:56.829+0000] {processor.py:830} INFO - Processing file /opt/airflow/dags/operationalData/customers.xlsx for tasks to queue
[2024-05-18T15:34:56.838+0000] {logging_mixin.py:188} INFO - [2024-05-18T15:34:56.835+0000] {dagbag.py:540} INFO - Filling up the DagBag from /opt/airflow/dags/operationalData/customers.xlsx
[2024-05-18T15:34:56.880+0000] {processor.py:842} WARNING - No viable dags retrieved from /opt/airflow/dags/operationalData/customers.xlsx
[2024-05-18T15:34:56.948+0000] {processor.py:183} INFO - Processing /opt/airflow/dags/operationalData/customers.xlsx took 0.144 seconds
[2024-05-18T15:35:27.565+0000] {processor.py:161} INFO - Started process (PID=541) to work on /opt/airflow/dags/operationalData/customers.xlsx
[2024-05-18T15:35:27.570+0000] {processor.py:830} INFO - Processing file /opt/airflow/dags/operationalData/customers.xlsx for tasks to queue
[2024-05-18T15:35:27.576+0000] {logging_mixin.py:188} INFO - [2024-05-18T15:35:27.575+0000] {dagbag.py:540} INFO - Filling up the DagBag from /opt/airflow/dags/operationalData/customers.xlsx
[2024-05-18T15:35:27.614+0000] {processor.py:842} WARNING - No viable dags retrieved from /opt/airflow/dags/operationalData/customers.xlsx
[2024-05-18T15:35:27.702+0000] {processor.py:183} INFO - Processing /opt/airflow/dags/operationalData/customers.xlsx took 0.152 seconds
[2024-05-18T15:35:58.622+0000] {processor.py:161} INFO - Started process (PID=554) to work on /opt/airflow/dags/operationalData/customers.xlsx
[2024-05-18T15:35:58.632+0000] {processor.py:830} INFO - Processing file /opt/airflow/dags/operationalData/customers.xlsx for tasks to queue
[2024-05-18T15:35:58.638+0000] {logging_mixin.py:188} INFO - [2024-05-18T15:35:58.637+0000] {dagbag.py:540} INFO - Filling up the DagBag from /opt/airflow/dags/operationalData/customers.xlsx
[2024-05-18T15:35:58.740+0000] {processor.py:842} WARNING - No viable dags retrieved from /opt/airflow/dags/operationalData/customers.xlsx
[2024-05-18T15:35:58.815+0000] {processor.py:183} INFO - Processing /opt/airflow/dags/operationalData/customers.xlsx took 0.214 seconds
[2024-05-18T15:36:29.040+0000] {processor.py:161} INFO - Started process (PID=566) to work on /opt/airflow/dags/operationalData/customers.xlsx
[2024-05-18T15:36:29.044+0000] {processor.py:830} INFO - Processing file /opt/airflow/dags/operationalData/customers.xlsx for tasks to queue
[2024-05-18T15:36:29.050+0000] {logging_mixin.py:188} INFO - [2024-05-18T15:36:29.049+0000] {dagbag.py:540} INFO - Filling up the DagBag from /opt/airflow/dags/operationalData/customers.xlsx
[2024-05-18T15:36:29.091+0000] {processor.py:842} WARNING - No viable dags retrieved from /opt/airflow/dags/operationalData/customers.xlsx
[2024-05-18T15:36:29.141+0000] {processor.py:183} INFO - Processing /opt/airflow/dags/operationalData/customers.xlsx took 0.112 seconds
[2024-05-18T15:36:59.804+0000] {processor.py:161} INFO - Started process (PID=579) to work on /opt/airflow/dags/operationalData/customers.xlsx
[2024-05-18T15:36:59.807+0000] {processor.py:830} INFO - Processing file /opt/airflow/dags/operationalData/customers.xlsx for tasks to queue
[2024-05-18T15:36:59.811+0000] {logging_mixin.py:188} INFO - [2024-05-18T15:36:59.810+0000] {dagbag.py:540} INFO - Filling up the DagBag from /opt/airflow/dags/operationalData/customers.xlsx
[2024-05-18T15:36:59.890+0000] {processor.py:842} WARNING - No viable dags retrieved from /opt/airflow/dags/operationalData/customers.xlsx
[2024-05-18T15:36:59.983+0000] {processor.py:183} INFO - Processing /opt/airflow/dags/operationalData/customers.xlsx took 0.200 seconds
[2024-05-18T15:37:30.359+0000] {processor.py:161} INFO - Started process (PID=592) to work on /opt/airflow/dags/operationalData/customers.xlsx
[2024-05-18T15:37:30.362+0000] {processor.py:830} INFO - Processing file /opt/airflow/dags/operationalData/customers.xlsx for tasks to queue
[2024-05-18T15:37:30.365+0000] {logging_mixin.py:188} INFO - [2024-05-18T15:37:30.364+0000] {dagbag.py:540} INFO - Filling up the DagBag from /opt/airflow/dags/operationalData/customers.xlsx
[2024-05-18T15:37:30.409+0000] {processor.py:842} WARNING - No viable dags retrieved from /opt/airflow/dags/operationalData/customers.xlsx
[2024-05-18T15:37:30.468+0000] {processor.py:183} INFO - Processing /opt/airflow/dags/operationalData/customers.xlsx took 0.128 seconds
[2024-05-18T15:38:01.456+0000] {processor.py:161} INFO - Started process (PID=605) to work on /opt/airflow/dags/operationalData/customers.xlsx
[2024-05-18T15:38:01.469+0000] {processor.py:830} INFO - Processing file /opt/airflow/dags/operationalData/customers.xlsx for tasks to queue
[2024-05-18T15:38:01.473+0000] {logging_mixin.py:188} INFO - [2024-05-18T15:38:01.472+0000] {dagbag.py:540} INFO - Filling up the DagBag from /opt/airflow/dags/operationalData/customers.xlsx
[2024-05-18T15:38:01.512+0000] {processor.py:842} WARNING - No viable dags retrieved from /opt/airflow/dags/operationalData/customers.xlsx
[2024-05-18T15:38:01.576+0000] {processor.py:183} INFO - Processing /opt/airflow/dags/operationalData/customers.xlsx took 0.134 seconds
[2024-05-18T15:38:32.050+0000] {processor.py:161} INFO - Started process (PID=618) to work on /opt/airflow/dags/operationalData/customers.xlsx
[2024-05-18T15:38:32.055+0000] {processor.py:830} INFO - Processing file /opt/airflow/dags/operationalData/customers.xlsx for tasks to queue
[2024-05-18T15:38:32.060+0000] {logging_mixin.py:188} INFO - [2024-05-18T15:38:32.058+0000] {dagbag.py:540} INFO - Filling up the DagBag from /opt/airflow/dags/operationalData/customers.xlsx
[2024-05-18T15:38:32.125+0000] {processor.py:842} WARNING - No viable dags retrieved from /opt/airflow/dags/operationalData/customers.xlsx
[2024-05-18T15:38:32.208+0000] {processor.py:183} INFO - Processing /opt/airflow/dags/operationalData/customers.xlsx took 0.179 seconds
[2024-05-18T15:39:02.587+0000] {processor.py:161} INFO - Started process (PID=631) to work on /opt/airflow/dags/operationalData/customers.xlsx
[2024-05-18T15:39:02.590+0000] {processor.py:830} INFO - Processing file /opt/airflow/dags/operationalData/customers.xlsx for tasks to queue
[2024-05-18T15:39:02.598+0000] {logging_mixin.py:188} INFO - [2024-05-18T15:39:02.593+0000] {dagbag.py:540} INFO - Filling up the DagBag from /opt/airflow/dags/operationalData/customers.xlsx
[2024-05-18T15:39:02.653+0000] {processor.py:842} WARNING - No viable dags retrieved from /opt/airflow/dags/operationalData/customers.xlsx
[2024-05-18T15:39:02.733+0000] {processor.py:183} INFO - Processing /opt/airflow/dags/operationalData/customers.xlsx took 0.165 seconds
[2024-05-18T15:39:33.489+0000] {processor.py:161} INFO - Started process (PID=642) to work on /opt/airflow/dags/operationalData/customers.xlsx
[2024-05-18T15:39:33.494+0000] {processor.py:830} INFO - Processing file /opt/airflow/dags/operationalData/customers.xlsx for tasks to queue
[2024-05-18T15:39:33.498+0000] {logging_mixin.py:188} INFO - [2024-05-18T15:39:33.497+0000] {dagbag.py:540} INFO - Filling up the DagBag from /opt/airflow/dags/operationalData/customers.xlsx
[2024-05-18T15:39:33.541+0000] {processor.py:842} WARNING - No viable dags retrieved from /opt/airflow/dags/operationalData/customers.xlsx
[2024-05-18T15:39:33.613+0000] {processor.py:183} INFO - Processing /opt/airflow/dags/operationalData/customers.xlsx took 0.140 seconds
[2024-05-18T15:40:03.989+0000] {processor.py:161} INFO - Started process (PID=655) to work on /opt/airflow/dags/operationalData/customers.xlsx
[2024-05-18T15:40:03.993+0000] {processor.py:830} INFO - Processing file /opt/airflow/dags/operationalData/customers.xlsx for tasks to queue
[2024-05-18T15:40:03.997+0000] {logging_mixin.py:188} INFO - [2024-05-18T15:40:03.996+0000] {dagbag.py:540} INFO - Filling up the DagBag from /opt/airflow/dags/operationalData/customers.xlsx
[2024-05-18T15:40:04.041+0000] {processor.py:842} WARNING - No viable dags retrieved from /opt/airflow/dags/operationalData/customers.xlsx
[2024-05-18T15:40:04.099+0000] {processor.py:183} INFO - Processing /opt/airflow/dags/operationalData/customers.xlsx took 0.119 seconds
[2024-05-18T15:40:34.464+0000] {processor.py:161} INFO - Started process (PID=668) to work on /opt/airflow/dags/operationalData/customers.xlsx
[2024-05-18T15:40:34.471+0000] {processor.py:830} INFO - Processing file /opt/airflow/dags/operationalData/customers.xlsx for tasks to queue
[2024-05-18T15:40:34.481+0000] {logging_mixin.py:188} INFO - [2024-05-18T15:40:34.480+0000] {dagbag.py:540} INFO - Filling up the DagBag from /opt/airflow/dags/operationalData/customers.xlsx
[2024-05-18T15:40:34.525+0000] {processor.py:842} WARNING - No viable dags retrieved from /opt/airflow/dags/operationalData/customers.xlsx
[2024-05-18T15:40:34.588+0000] {processor.py:183} INFO - Processing /opt/airflow/dags/operationalData/customers.xlsx took 0.141 seconds
[2024-05-18T15:41:05.162+0000] {processor.py:161} INFO - Started process (PID=682) to work on /opt/airflow/dags/operationalData/customers.xlsx
[2024-05-18T15:41:05.178+0000] {processor.py:830} INFO - Processing file /opt/airflow/dags/operationalData/customers.xlsx for tasks to queue
[2024-05-18T15:41:05.188+0000] {logging_mixin.py:188} INFO - [2024-05-18T15:41:05.185+0000] {dagbag.py:540} INFO - Filling up the DagBag from /opt/airflow/dags/operationalData/customers.xlsx
[2024-05-18T15:41:05.313+0000] {processor.py:842} WARNING - No viable dags retrieved from /opt/airflow/dags/operationalData/customers.xlsx
[2024-05-18T15:41:05.423+0000] {processor.py:183} INFO - Processing /opt/airflow/dags/operationalData/customers.xlsx took 0.286 seconds
[2024-05-18T15:41:36.130+0000] {processor.py:161} INFO - Started process (PID=695) to work on /opt/airflow/dags/operationalData/customers.xlsx
[2024-05-18T15:41:36.134+0000] {processor.py:830} INFO - Processing file /opt/airflow/dags/operationalData/customers.xlsx for tasks to queue
[2024-05-18T15:41:36.138+0000] {logging_mixin.py:188} INFO - [2024-05-18T15:41:36.137+0000] {dagbag.py:540} INFO - Filling up the DagBag from /opt/airflow/dags/operationalData/customers.xlsx
[2024-05-18T15:41:36.169+0000] {processor.py:842} WARNING - No viable dags retrieved from /opt/airflow/dags/operationalData/customers.xlsx
[2024-05-18T15:41:36.216+0000] {processor.py:183} INFO - Processing /opt/airflow/dags/operationalData/customers.xlsx took 0.101 seconds
[2024-05-18T15:42:06.663+0000] {processor.py:161} INFO - Started process (PID=708) to work on /opt/airflow/dags/operationalData/customers.xlsx
[2024-05-18T15:42:06.667+0000] {processor.py:830} INFO - Processing file /opt/airflow/dags/operationalData/customers.xlsx for tasks to queue
[2024-05-18T15:42:06.675+0000] {logging_mixin.py:188} INFO - [2024-05-18T15:42:06.673+0000] {dagbag.py:540} INFO - Filling up the DagBag from /opt/airflow/dags/operationalData/customers.xlsx
[2024-05-18T15:42:06.730+0000] {processor.py:842} WARNING - No viable dags retrieved from /opt/airflow/dags/operationalData/customers.xlsx
[2024-05-18T15:42:06.819+0000] {processor.py:183} INFO - Processing /opt/airflow/dags/operationalData/customers.xlsx took 0.173 seconds
[2024-05-18T15:42:37.732+0000] {processor.py:161} INFO - Started process (PID=721) to work on /opt/airflow/dags/operationalData/customers.xlsx
[2024-05-18T15:42:37.735+0000] {processor.py:830} INFO - Processing file /opt/airflow/dags/operationalData/customers.xlsx for tasks to queue
[2024-05-18T15:42:37.740+0000] {logging_mixin.py:188} INFO - [2024-05-18T15:42:37.739+0000] {dagbag.py:540} INFO - Filling up the DagBag from /opt/airflow/dags/operationalData/customers.xlsx
[2024-05-18T15:42:37.784+0000] {processor.py:842} WARNING - No viable dags retrieved from /opt/airflow/dags/operationalData/customers.xlsx
[2024-05-18T15:42:37.836+0000] {processor.py:183} INFO - Processing /opt/airflow/dags/operationalData/customers.xlsx took 0.116 seconds
[2024-05-18T15:43:08.145+0000] {processor.py:161} INFO - Started process (PID=734) to work on /opt/airflow/dags/operationalData/customers.xlsx
[2024-05-18T15:43:08.150+0000] {processor.py:830} INFO - Processing file /opt/airflow/dags/operationalData/customers.xlsx for tasks to queue
[2024-05-18T15:43:08.154+0000] {logging_mixin.py:188} INFO - [2024-05-18T15:43:08.153+0000] {dagbag.py:540} INFO - Filling up the DagBag from /opt/airflow/dags/operationalData/customers.xlsx
[2024-05-18T15:43:08.203+0000] {processor.py:842} WARNING - No viable dags retrieved from /opt/airflow/dags/operationalData/customers.xlsx
[2024-05-18T15:43:08.272+0000] {processor.py:183} INFO - Processing /opt/airflow/dags/operationalData/customers.xlsx took 0.145 seconds
[2024-05-18T15:43:38.800+0000] {processor.py:161} INFO - Started process (PID=747) to work on /opt/airflow/dags/operationalData/customers.xlsx
[2024-05-18T15:43:38.805+0000] {processor.py:830} INFO - Processing file /opt/airflow/dags/operationalData/customers.xlsx for tasks to queue
[2024-05-18T15:43:38.809+0000] {logging_mixin.py:188} INFO - [2024-05-18T15:43:38.808+0000] {dagbag.py:540} INFO - Filling up the DagBag from /opt/airflow/dags/operationalData/customers.xlsx
[2024-05-18T15:43:38.856+0000] {processor.py:842} WARNING - No viable dags retrieved from /opt/airflow/dags/operationalData/customers.xlsx
[2024-05-18T15:43:38.921+0000] {processor.py:183} INFO - Processing /opt/airflow/dags/operationalData/customers.xlsx took 0.137 seconds
[2024-05-18T15:44:09.331+0000] {processor.py:161} INFO - Started process (PID=760) to work on /opt/airflow/dags/operationalData/customers.xlsx
[2024-05-18T15:44:09.338+0000] {processor.py:830} INFO - Processing file /opt/airflow/dags/operationalData/customers.xlsx for tasks to queue
[2024-05-18T15:44:09.343+0000] {logging_mixin.py:188} INFO - [2024-05-18T15:44:09.342+0000] {dagbag.py:540} INFO - Filling up the DagBag from /opt/airflow/dags/operationalData/customers.xlsx
[2024-05-18T15:44:09.415+0000] {processor.py:842} WARNING - No viable dags retrieved from /opt/airflow/dags/operationalData/customers.xlsx
[2024-05-18T15:44:09.546+0000] {processor.py:183} INFO - Processing /opt/airflow/dags/operationalData/customers.xlsx took 0.234 seconds
[2024-05-18T15:44:40.483+0000] {processor.py:161} INFO - Started process (PID=773) to work on /opt/airflow/dags/operationalData/customers.xlsx
[2024-05-18T15:44:40.487+0000] {processor.py:830} INFO - Processing file /opt/airflow/dags/operationalData/customers.xlsx for tasks to queue
[2024-05-18T15:44:40.492+0000] {logging_mixin.py:188} INFO - [2024-05-18T15:44:40.491+0000] {dagbag.py:540} INFO - Filling up the DagBag from /opt/airflow/dags/operationalData/customers.xlsx
[2024-05-18T15:44:40.537+0000] {processor.py:842} WARNING - No viable dags retrieved from /opt/airflow/dags/operationalData/customers.xlsx
[2024-05-18T15:44:40.578+0000] {processor.py:183} INFO - Processing /opt/airflow/dags/operationalData/customers.xlsx took 0.105 seconds
[2024-05-18T15:45:11.450+0000] {processor.py:161} INFO - Started process (PID=786) to work on /opt/airflow/dags/operationalData/customers.xlsx
[2024-05-18T15:45:11.453+0000] {processor.py:830} INFO - Processing file /opt/airflow/dags/operationalData/customers.xlsx for tasks to queue
[2024-05-18T15:45:11.457+0000] {logging_mixin.py:188} INFO - [2024-05-18T15:45:11.456+0000] {dagbag.py:540} INFO - Filling up the DagBag from /opt/airflow/dags/operationalData/customers.xlsx
[2024-05-18T15:45:11.497+0000] {processor.py:842} WARNING - No viable dags retrieved from /opt/airflow/dags/operationalData/customers.xlsx
[2024-05-18T15:45:11.542+0000] {processor.py:183} INFO - Processing /opt/airflow/dags/operationalData/customers.xlsx took 0.103 seconds
[2024-05-18T15:45:42.155+0000] {processor.py:161} INFO - Started process (PID=800) to work on /opt/airflow/dags/operationalData/customers.xlsx
[2024-05-18T15:45:42.158+0000] {processor.py:830} INFO - Processing file /opt/airflow/dags/operationalData/customers.xlsx for tasks to queue
[2024-05-18T15:45:42.162+0000] {logging_mixin.py:188} INFO - [2024-05-18T15:45:42.161+0000] {dagbag.py:540} INFO - Filling up the DagBag from /opt/airflow/dags/operationalData/customers.xlsx
[2024-05-18T15:45:42.198+0000] {processor.py:842} WARNING - No viable dags retrieved from /opt/airflow/dags/operationalData/customers.xlsx
[2024-05-18T15:45:42.267+0000] {processor.py:183} INFO - Processing /opt/airflow/dags/operationalData/customers.xlsx took 0.125 seconds
[2024-05-18T15:46:13.397+0000] {processor.py:161} INFO - Started process (PID=813) to work on /opt/airflow/dags/operationalData/customers.xlsx
[2024-05-18T15:46:13.402+0000] {processor.py:830} INFO - Processing file /opt/airflow/dags/operationalData/customers.xlsx for tasks to queue
[2024-05-18T15:46:13.416+0000] {logging_mixin.py:188} INFO - [2024-05-18T15:46:13.415+0000] {dagbag.py:540} INFO - Filling up the DagBag from /opt/airflow/dags/operationalData/customers.xlsx
[2024-05-18T15:46:13.480+0000] {processor.py:842} WARNING - No viable dags retrieved from /opt/airflow/dags/operationalData/customers.xlsx
[2024-05-18T15:46:13.563+0000] {processor.py:183} INFO - Processing /opt/airflow/dags/operationalData/customers.xlsx took 0.184 seconds
[2024-05-18T15:46:43.940+0000] {processor.py:161} INFO - Started process (PID=826) to work on /opt/airflow/dags/operationalData/customers.xlsx
[2024-05-18T15:46:43.944+0000] {processor.py:830} INFO - Processing file /opt/airflow/dags/operationalData/customers.xlsx for tasks to queue
[2024-05-18T15:46:43.947+0000] {logging_mixin.py:188} INFO - [2024-05-18T15:46:43.946+0000] {dagbag.py:540} INFO - Filling up the DagBag from /opt/airflow/dags/operationalData/customers.xlsx
[2024-05-18T15:46:43.987+0000] {processor.py:842} WARNING - No viable dags retrieved from /opt/airflow/dags/operationalData/customers.xlsx
[2024-05-18T15:46:44.022+0000] {processor.py:183} INFO - Processing /opt/airflow/dags/operationalData/customers.xlsx took 0.092 seconds
[2024-05-18T15:47:14.424+0000] {processor.py:161} INFO - Started process (PID=839) to work on /opt/airflow/dags/operationalData/customers.xlsx
[2024-05-18T15:47:14.429+0000] {processor.py:830} INFO - Processing file /opt/airflow/dags/operationalData/customers.xlsx for tasks to queue
[2024-05-18T15:47:14.431+0000] {logging_mixin.py:188} INFO - [2024-05-18T15:47:14.430+0000] {dagbag.py:540} INFO - Filling up the DagBag from /opt/airflow/dags/operationalData/customers.xlsx
[2024-05-18T15:47:14.487+0000] {processor.py:842} WARNING - No viable dags retrieved from /opt/airflow/dags/operationalData/customers.xlsx
[2024-05-18T15:47:14.570+0000] {processor.py:183} INFO - Processing /opt/airflow/dags/operationalData/customers.xlsx took 0.161 seconds
[2024-05-18T15:47:45.524+0000] {processor.py:161} INFO - Started process (PID=852) to work on /opt/airflow/dags/operationalData/customers.xlsx
[2024-05-18T15:47:45.529+0000] {processor.py:830} INFO - Processing file /opt/airflow/dags/operationalData/customers.xlsx for tasks to queue
[2024-05-18T15:47:45.533+0000] {logging_mixin.py:188} INFO - [2024-05-18T15:47:45.532+0000] {dagbag.py:540} INFO - Filling up the DagBag from /opt/airflow/dags/operationalData/customers.xlsx
[2024-05-18T15:47:45.571+0000] {processor.py:842} WARNING - No viable dags retrieved from /opt/airflow/dags/operationalData/customers.xlsx
[2024-05-18T15:47:45.618+0000] {processor.py:183} INFO - Processing /opt/airflow/dags/operationalData/customers.xlsx took 0.107 seconds
[2024-05-18T15:48:16.562+0000] {processor.py:161} INFO - Started process (PID=863) to work on /opt/airflow/dags/operationalData/customers.xlsx
[2024-05-18T15:48:16.575+0000] {processor.py:830} INFO - Processing file /opt/airflow/dags/operationalData/customers.xlsx for tasks to queue
[2024-05-18T15:48:16.582+0000] {logging_mixin.py:188} INFO - [2024-05-18T15:48:16.580+0000] {dagbag.py:540} INFO - Filling up the DagBag from /opt/airflow/dags/operationalData/customers.xlsx
[2024-05-18T15:48:16.725+0000] {processor.py:842} WARNING - No viable dags retrieved from /opt/airflow/dags/operationalData/customers.xlsx
[2024-05-18T15:48:16.900+0000] {processor.py:183} INFO - Processing /opt/airflow/dags/operationalData/customers.xlsx took 0.360 seconds
[2024-05-18T15:48:47.781+0000] {processor.py:161} INFO - Started process (PID=876) to work on /opt/airflow/dags/operationalData/customers.xlsx
[2024-05-18T15:48:47.786+0000] {processor.py:830} INFO - Processing file /opt/airflow/dags/operationalData/customers.xlsx for tasks to queue
[2024-05-18T15:48:47.790+0000] {logging_mixin.py:188} INFO - [2024-05-18T15:48:47.788+0000] {dagbag.py:540} INFO - Filling up the DagBag from /opt/airflow/dags/operationalData/customers.xlsx
[2024-05-18T15:48:47.895+0000] {processor.py:842} WARNING - No viable dags retrieved from /opt/airflow/dags/operationalData/customers.xlsx
[2024-05-18T15:48:47.960+0000] {processor.py:183} INFO - Processing /opt/airflow/dags/operationalData/customers.xlsx took 0.188 seconds
[2024-05-18T15:49:18.729+0000] {processor.py:161} INFO - Started process (PID=889) to work on /opt/airflow/dags/operationalData/customers.xlsx
[2024-05-18T15:49:18.735+0000] {processor.py:830} INFO - Processing file /opt/airflow/dags/operationalData/customers.xlsx for tasks to queue
[2024-05-18T15:49:18.740+0000] {logging_mixin.py:188} INFO - [2024-05-18T15:49:18.739+0000] {dagbag.py:540} INFO - Filling up the DagBag from /opt/airflow/dags/operationalData/customers.xlsx
[2024-05-18T15:49:18.919+0000] {processor.py:842} WARNING - No viable dags retrieved from /opt/airflow/dags/operationalData/customers.xlsx
[2024-05-18T15:49:19.010+0000] {processor.py:183} INFO - Processing /opt/airflow/dags/operationalData/customers.xlsx took 0.313 seconds
[2024-05-18T15:49:49.768+0000] {processor.py:161} INFO - Started process (PID=902) to work on /opt/airflow/dags/operationalData/customers.xlsx
[2024-05-18T15:49:49.773+0000] {processor.py:830} INFO - Processing file /opt/airflow/dags/operationalData/customers.xlsx for tasks to queue
[2024-05-18T15:49:49.776+0000] {logging_mixin.py:188} INFO - [2024-05-18T15:49:49.775+0000] {dagbag.py:540} INFO - Filling up the DagBag from /opt/airflow/dags/operationalData/customers.xlsx
[2024-05-18T15:49:49.823+0000] {processor.py:842} WARNING - No viable dags retrieved from /opt/airflow/dags/operationalData/customers.xlsx
[2024-05-18T15:49:49.881+0000] {processor.py:183} INFO - Processing /opt/airflow/dags/operationalData/customers.xlsx took 0.131 seconds
[2024-05-18T15:50:20.423+0000] {processor.py:161} INFO - Started process (PID=915) to work on /opt/airflow/dags/operationalData/customers.xlsx
[2024-05-18T15:50:20.433+0000] {processor.py:830} INFO - Processing file /opt/airflow/dags/operationalData/customers.xlsx for tasks to queue
[2024-05-18T15:50:20.437+0000] {logging_mixin.py:188} INFO - [2024-05-18T15:50:20.436+0000] {dagbag.py:540} INFO - Filling up the DagBag from /opt/airflow/dags/operationalData/customers.xlsx
[2024-05-18T15:50:20.482+0000] {processor.py:842} WARNING - No viable dags retrieved from /opt/airflow/dags/operationalData/customers.xlsx
[2024-05-18T15:50:20.587+0000] {processor.py:183} INFO - Processing /opt/airflow/dags/operationalData/customers.xlsx took 0.192 seconds
[2024-05-18T15:50:51.375+0000] {processor.py:161} INFO - Started process (PID=928) to work on /opt/airflow/dags/operationalData/customers.xlsx
[2024-05-18T15:50:51.385+0000] {processor.py:830} INFO - Processing file /opt/airflow/dags/operationalData/customers.xlsx for tasks to queue
[2024-05-18T15:50:51.408+0000] {logging_mixin.py:188} INFO - [2024-05-18T15:50:51.407+0000] {dagbag.py:540} INFO - Filling up the DagBag from /opt/airflow/dags/operationalData/customers.xlsx
[2024-05-18T15:50:51.545+0000] {processor.py:842} WARNING - No viable dags retrieved from /opt/airflow/dags/operationalData/customers.xlsx
[2024-05-18T15:50:51.627+0000] {processor.py:183} INFO - Processing /opt/airflow/dags/operationalData/customers.xlsx took 0.274 seconds
[2024-05-18T15:51:22.979+0000] {processor.py:161} INFO - Started process (PID=941) to work on /opt/airflow/dags/operationalData/customers.xlsx
[2024-05-18T15:51:22.995+0000] {processor.py:830} INFO - Processing file /opt/airflow/dags/operationalData/customers.xlsx for tasks to queue
[2024-05-18T15:51:23.011+0000] {logging_mixin.py:188} INFO - [2024-05-18T15:51:23.010+0000] {dagbag.py:540} INFO - Filling up the DagBag from /opt/airflow/dags/operationalData/customers.xlsx
[2024-05-18T15:51:23.319+0000] {processor.py:842} WARNING - No viable dags retrieved from /opt/airflow/dags/operationalData/customers.xlsx
[2024-05-18T15:51:23.654+0000] {processor.py:183} INFO - Processing /opt/airflow/dags/operationalData/customers.xlsx took 0.710 seconds
[2024-05-18T15:51:53.901+0000] {processor.py:161} INFO - Started process (PID=954) to work on /opt/airflow/dags/operationalData/customers.xlsx
[2024-05-18T15:51:53.905+0000] {processor.py:830} INFO - Processing file /opt/airflow/dags/operationalData/customers.xlsx for tasks to queue
[2024-05-18T15:51:53.911+0000] {logging_mixin.py:188} INFO - [2024-05-18T15:51:53.909+0000] {dagbag.py:540} INFO - Filling up the DagBag from /opt/airflow/dags/operationalData/customers.xlsx
[2024-05-18T15:51:53.946+0000] {processor.py:842} WARNING - No viable dags retrieved from /opt/airflow/dags/operationalData/customers.xlsx
[2024-05-18T15:51:54.003+0000] {processor.py:183} INFO - Processing /opt/airflow/dags/operationalData/customers.xlsx took 0.124 seconds
[2024-05-18T15:52:24.566+0000] {processor.py:161} INFO - Started process (PID=967) to work on /opt/airflow/dags/operationalData/customers.xlsx
[2024-05-18T15:52:24.578+0000] {processor.py:830} INFO - Processing file /opt/airflow/dags/operationalData/customers.xlsx for tasks to queue
[2024-05-18T15:52:24.583+0000] {logging_mixin.py:188} INFO - [2024-05-18T15:52:24.581+0000] {dagbag.py:540} INFO - Filling up the DagBag from /opt/airflow/dags/operationalData/customers.xlsx
[2024-05-18T15:52:24.696+0000] {processor.py:842} WARNING - No viable dags retrieved from /opt/airflow/dags/operationalData/customers.xlsx
[2024-05-18T15:52:24.876+0000] {processor.py:183} INFO - Processing /opt/airflow/dags/operationalData/customers.xlsx took 0.336 seconds
[2024-05-18T15:52:55.807+0000] {processor.py:161} INFO - Started process (PID=978) to work on /opt/airflow/dags/operationalData/customers.xlsx
[2024-05-18T15:52:55.810+0000] {processor.py:830} INFO - Processing file /opt/airflow/dags/operationalData/customers.xlsx for tasks to queue
[2024-05-18T15:52:55.815+0000] {logging_mixin.py:188} INFO - [2024-05-18T15:52:55.812+0000] {dagbag.py:540} INFO - Filling up the DagBag from /opt/airflow/dags/operationalData/customers.xlsx
[2024-05-18T15:52:55.849+0000] {processor.py:842} WARNING - No viable dags retrieved from /opt/airflow/dags/operationalData/customers.xlsx
[2024-05-18T15:52:55.896+0000] {processor.py:183} INFO - Processing /opt/airflow/dags/operationalData/customers.xlsx took 0.098 seconds
[2024-05-18T15:53:26.560+0000] {processor.py:161} INFO - Started process (PID=990) to work on /opt/airflow/dags/operationalData/customers.xlsx
[2024-05-18T15:53:26.564+0000] {processor.py:830} INFO - Processing file /opt/airflow/dags/operationalData/customers.xlsx for tasks to queue
[2024-05-18T15:53:26.568+0000] {logging_mixin.py:188} INFO - [2024-05-18T15:53:26.567+0000] {dagbag.py:540} INFO - Filling up the DagBag from /opt/airflow/dags/operationalData/customers.xlsx
[2024-05-18T15:53:26.608+0000] {processor.py:842} WARNING - No viable dags retrieved from /opt/airflow/dags/operationalData/customers.xlsx
[2024-05-18T15:53:26.659+0000] {processor.py:183} INFO - Processing /opt/airflow/dags/operationalData/customers.xlsx took 0.111 seconds
[2024-05-18T15:53:56.835+0000] {processor.py:161} INFO - Started process (PID=1003) to work on /opt/airflow/dags/operationalData/customers.xlsx
[2024-05-18T15:53:56.837+0000] {processor.py:830} INFO - Processing file /opt/airflow/dags/operationalData/customers.xlsx for tasks to queue
[2024-05-18T15:53:56.841+0000] {logging_mixin.py:188} INFO - [2024-05-18T15:53:56.839+0000] {dagbag.py:540} INFO - Filling up the DagBag from /opt/airflow/dags/operationalData/customers.xlsx
[2024-05-18T15:53:56.880+0000] {processor.py:842} WARNING - No viable dags retrieved from /opt/airflow/dags/operationalData/customers.xlsx
[2024-05-18T15:53:56.918+0000] {processor.py:183} INFO - Processing /opt/airflow/dags/operationalData/customers.xlsx took 0.092 seconds
[2024-05-18T15:54:27.641+0000] {processor.py:161} INFO - Started process (PID=1016) to work on /opt/airflow/dags/operationalData/customers.xlsx
[2024-05-18T15:54:27.645+0000] {processor.py:830} INFO - Processing file /opt/airflow/dags/operationalData/customers.xlsx for tasks to queue
[2024-05-18T15:54:27.652+0000] {logging_mixin.py:188} INFO - [2024-05-18T15:54:27.649+0000] {dagbag.py:540} INFO - Filling up the DagBag from /opt/airflow/dags/operationalData/customers.xlsx
[2024-05-18T15:54:27.715+0000] {processor.py:842} WARNING - No viable dags retrieved from /opt/airflow/dags/operationalData/customers.xlsx
[2024-05-18T15:54:28.064+0000] {processor.py:183} INFO - Processing /opt/airflow/dags/operationalData/customers.xlsx took 0.441 seconds
[2024-05-18T15:54:59.156+0000] {processor.py:161} INFO - Started process (PID=1029) to work on /opt/airflow/dags/operationalData/customers.xlsx
[2024-05-18T15:54:59.163+0000] {processor.py:830} INFO - Processing file /opt/airflow/dags/operationalData/customers.xlsx for tasks to queue
[2024-05-18T15:54:59.167+0000] {logging_mixin.py:188} INFO - [2024-05-18T15:54:59.166+0000] {dagbag.py:540} INFO - Filling up the DagBag from /opt/airflow/dags/operationalData/customers.xlsx
[2024-05-18T15:54:59.204+0000] {processor.py:842} WARNING - No viable dags retrieved from /opt/airflow/dags/operationalData/customers.xlsx
[2024-05-18T15:54:59.288+0000] {processor.py:183} INFO - Processing /opt/airflow/dags/operationalData/customers.xlsx took 0.143 seconds
[2024-05-18T15:55:29.634+0000] {processor.py:161} INFO - Started process (PID=1042) to work on /opt/airflow/dags/operationalData/customers.xlsx
[2024-05-18T15:55:29.648+0000] {processor.py:830} INFO - Processing file /opt/airflow/dags/operationalData/customers.xlsx for tasks to queue
[2024-05-18T15:55:29.657+0000] {logging_mixin.py:188} INFO - [2024-05-18T15:55:29.656+0000] {dagbag.py:540} INFO - Filling up the DagBag from /opt/airflow/dags/operationalData/customers.xlsx
[2024-05-18T15:55:29.739+0000] {processor.py:842} WARNING - No viable dags retrieved from /opt/airflow/dags/operationalData/customers.xlsx
[2024-05-18T15:55:29.825+0000] {processor.py:183} INFO - Processing /opt/airflow/dags/operationalData/customers.xlsx took 0.215 seconds
[2024-05-18T15:56:01.720+0000] {processor.py:161} INFO - Started process (PID=1055) to work on /opt/airflow/dags/operationalData/customers.xlsx
[2024-05-18T15:56:01.732+0000] {processor.py:830} INFO - Processing file /opt/airflow/dags/operationalData/customers.xlsx for tasks to queue
[2024-05-18T15:56:01.750+0000] {logging_mixin.py:188} INFO - [2024-05-18T15:56:01.739+0000] {dagbag.py:540} INFO - Filling up the DagBag from /opt/airflow/dags/operationalData/customers.xlsx
[2024-05-18T15:56:02.147+0000] {processor.py:842} WARNING - No viable dags retrieved from /opt/airflow/dags/operationalData/customers.xlsx
[2024-05-18T15:56:02.321+0000] {processor.py:183} INFO - Processing /opt/airflow/dags/operationalData/customers.xlsx took 0.625 seconds
[2024-05-18T15:56:33.177+0000] {processor.py:161} INFO - Started process (PID=1068) to work on /opt/airflow/dags/operationalData/customers.xlsx
[2024-05-18T15:56:33.185+0000] {processor.py:830} INFO - Processing file /opt/airflow/dags/operationalData/customers.xlsx for tasks to queue
[2024-05-18T15:56:33.200+0000] {logging_mixin.py:188} INFO - [2024-05-18T15:56:33.199+0000] {dagbag.py:540} INFO - Filling up the DagBag from /opt/airflow/dags/operationalData/customers.xlsx
[2024-05-18T15:56:33.325+0000] {processor.py:842} WARNING - No viable dags retrieved from /opt/airflow/dags/operationalData/customers.xlsx
[2024-05-18T15:56:33.402+0000] {processor.py:183} INFO - Processing /opt/airflow/dags/operationalData/customers.xlsx took 0.252 seconds
[2024-05-18T15:57:03.949+0000] {processor.py:161} INFO - Started process (PID=1081) to work on /opt/airflow/dags/operationalData/customers.xlsx
[2024-05-18T15:57:03.952+0000] {processor.py:830} INFO - Processing file /opt/airflow/dags/operationalData/customers.xlsx for tasks to queue
[2024-05-18T15:57:03.956+0000] {logging_mixin.py:188} INFO - [2024-05-18T15:57:03.955+0000] {dagbag.py:540} INFO - Filling up the DagBag from /opt/airflow/dags/operationalData/customers.xlsx
[2024-05-18T15:57:03.991+0000] {processor.py:842} WARNING - No viable dags retrieved from /opt/airflow/dags/operationalData/customers.xlsx
[2024-05-18T15:57:04.054+0000] {processor.py:183} INFO - Processing /opt/airflow/dags/operationalData/customers.xlsx took 0.117 seconds
[2024-05-18T15:57:34.678+0000] {processor.py:161} INFO - Started process (PID=1091) to work on /opt/airflow/dags/operationalData/customers.xlsx
[2024-05-18T15:57:34.684+0000] {processor.py:830} INFO - Processing file /opt/airflow/dags/operationalData/customers.xlsx for tasks to queue
[2024-05-18T15:57:34.689+0000] {logging_mixin.py:188} INFO - [2024-05-18T15:57:34.688+0000] {dagbag.py:540} INFO - Filling up the DagBag from /opt/airflow/dags/operationalData/customers.xlsx
[2024-05-18T15:57:34.739+0000] {processor.py:842} WARNING - No viable dags retrieved from /opt/airflow/dags/operationalData/customers.xlsx
[2024-05-18T15:57:34.797+0000] {processor.py:183} INFO - Processing /opt/airflow/dags/operationalData/customers.xlsx took 0.131 seconds
[2024-05-18T15:58:05.195+0000] {processor.py:161} INFO - Started process (PID=1104) to work on /opt/airflow/dags/operationalData/customers.xlsx
[2024-05-18T15:58:05.200+0000] {processor.py:830} INFO - Processing file /opt/airflow/dags/operationalData/customers.xlsx for tasks to queue
[2024-05-18T15:58:05.204+0000] {logging_mixin.py:188} INFO - [2024-05-18T15:58:05.203+0000] {dagbag.py:540} INFO - Filling up the DagBag from /opt/airflow/dags/operationalData/customers.xlsx
[2024-05-18T15:58:05.249+0000] {processor.py:842} WARNING - No viable dags retrieved from /opt/airflow/dags/operationalData/customers.xlsx
[2024-05-18T15:58:05.301+0000] {processor.py:183} INFO - Processing /opt/airflow/dags/operationalData/customers.xlsx took 0.118 seconds
[2024-05-18T15:58:35.923+0000] {processor.py:161} INFO - Started process (PID=1117) to work on /opt/airflow/dags/operationalData/customers.xlsx
[2024-05-18T15:58:35.926+0000] {processor.py:830} INFO - Processing file /opt/airflow/dags/operationalData/customers.xlsx for tasks to queue
[2024-05-18T15:58:35.930+0000] {logging_mixin.py:188} INFO - [2024-05-18T15:58:35.928+0000] {dagbag.py:540} INFO - Filling up the DagBag from /opt/airflow/dags/operationalData/customers.xlsx
[2024-05-18T15:58:35.973+0000] {processor.py:842} WARNING - No viable dags retrieved from /opt/airflow/dags/operationalData/customers.xlsx
[2024-05-18T15:58:36.022+0000] {processor.py:183} INFO - Processing /opt/airflow/dags/operationalData/customers.xlsx took 0.109 seconds
[2024-05-18T15:59:06.388+0000] {processor.py:161} INFO - Started process (PID=1129) to work on /opt/airflow/dags/operationalData/customers.xlsx
[2024-05-18T15:59:06.393+0000] {processor.py:830} INFO - Processing file /opt/airflow/dags/operationalData/customers.xlsx for tasks to queue
[2024-05-18T15:59:06.397+0000] {logging_mixin.py:188} INFO - [2024-05-18T15:59:06.396+0000] {dagbag.py:540} INFO - Filling up the DagBag from /opt/airflow/dags/operationalData/customers.xlsx
[2024-05-18T15:59:06.436+0000] {processor.py:842} WARNING - No viable dags retrieved from /opt/airflow/dags/operationalData/customers.xlsx
[2024-05-18T15:59:06.520+0000] {processor.py:183} INFO - Processing /opt/airflow/dags/operationalData/customers.xlsx took 0.147 seconds
[2024-05-18T15:59:36.845+0000] {processor.py:161} INFO - Started process (PID=1142) to work on /opt/airflow/dags/operationalData/customers.xlsx
[2024-05-18T15:59:36.848+0000] {processor.py:830} INFO - Processing file /opt/airflow/dags/operationalData/customers.xlsx for tasks to queue
[2024-05-18T15:59:36.852+0000] {logging_mixin.py:188} INFO - [2024-05-18T15:59:36.851+0000] {dagbag.py:540} INFO - Filling up the DagBag from /opt/airflow/dags/operationalData/customers.xlsx
[2024-05-18T15:59:36.896+0000] {processor.py:842} WARNING - No viable dags retrieved from /opt/airflow/dags/operationalData/customers.xlsx
[2024-05-18T15:59:36.940+0000] {processor.py:183} INFO - Processing /opt/airflow/dags/operationalData/customers.xlsx took 0.105 seconds
[2024-05-18T16:00:07.300+0000] {processor.py:161} INFO - Started process (PID=1155) to work on /opt/airflow/dags/operationalData/customers.xlsx
[2024-05-18T16:00:07.304+0000] {processor.py:830} INFO - Processing file /opt/airflow/dags/operationalData/customers.xlsx for tasks to queue
[2024-05-18T16:00:07.310+0000] {logging_mixin.py:188} INFO - [2024-05-18T16:00:07.307+0000] {dagbag.py:540} INFO - Filling up the DagBag from /opt/airflow/dags/operationalData/customers.xlsx
[2024-05-18T16:00:07.348+0000] {processor.py:842} WARNING - No viable dags retrieved from /opt/airflow/dags/operationalData/customers.xlsx
[2024-05-18T16:00:07.393+0000] {processor.py:183} INFO - Processing /opt/airflow/dags/operationalData/customers.xlsx took 0.101 seconds
