[2024-03-21T19:13:46.024+0000] {taskinstance.py:1979} INFO - Dependencies all met for dep_context=non-requeueable deps ti=<TaskInstance: ETL_Flow.insert_data_from_files manual__2024-03-20T16:26:04.128092+00:00 [queued]>
[2024-03-21T19:13:46.041+0000] {taskinstance.py:1979} INFO - Dependencies all met for dep_context=requeueable deps ti=<TaskInstance: ETL_Flow.insert_data_from_files manual__2024-03-20T16:26:04.128092+00:00 [queued]>
[2024-03-21T19:13:46.042+0000] {taskinstance.py:2193} INFO - Starting attempt 2 of 7
[2024-03-21T19:13:46.062+0000] {taskinstance.py:2214} INFO - Executing <Task(PythonOperator): insert_data_from_files> on 2024-03-20 16:26:04.128092+00:00
[2024-03-21T19:13:46.070+0000] {standard_task_runner.py:60} INFO - Started process 805 to run task
[2024-03-21T19:13:46.076+0000] {standard_task_runner.py:87} INFO - Running: ['***', 'tasks', 'run', 'ETL_Flow', 'insert_data_from_files', 'manual__2024-03-20T16:26:04.128092+00:00', '--job-id', '2179', '--raw', '--subdir', 'DAGS_FOLDER/etl2.py', '--cfg-path', '/tmp/tmpytvd5no6']
[2024-03-21T19:13:46.079+0000] {standard_task_runner.py:88} INFO - Job 2179: Subtask insert_data_from_files
[2024-03-21T19:13:46.155+0000] {task_command.py:423} INFO - Running <TaskInstance: ETL_Flow.insert_data_from_files manual__2024-03-20T16:26:04.128092+00:00 [running]> on host 87d0282d7958
[2024-03-21T19:13:46.729+0000] {taskinstance.py:2510} INFO - Exporting env vars: AIRFLOW_CTX_DAG_OWNER='coder2j' AIRFLOW_CTX_DAG_ID='ETL_Flow' AIRFLOW_CTX_TASK_ID='insert_data_from_files' AIRFLOW_CTX_EXECUTION_DATE='2024-03-20T16:26:04.128092+00:00' AIRFLOW_CTX_TRY_NUMBER='2' AIRFLOW_CTX_DAG_RUN_ID='manual__2024-03-20T16:26:04.128092+00:00'
[2024-03-21T19:13:47.353+0000] {base.py:83} INFO - Using connection ID 'postgres_localhost' for task execution.
[2024-03-21T19:13:47.564+0000] {sql.py:572} INFO - Done loading. Loaded a total of 92 rows into MRR_Dim_Customers
[2024-03-21T19:13:47.612+0000] {base.py:83} INFO - Using connection ID 'postgres_localhost' for task execution.
[2024-03-21T19:13:47.715+0000] {sql.py:572} INFO - Done loading. Loaded a total of 47 rows into MRR_Dim_Employees
[2024-03-21T19:13:47.757+0000] {base.py:83} INFO - Using connection ID 'postgres_localhost' for task execution.
[2024-03-21T19:13:47.908+0000] {sql.py:572} INFO - Done loading. Loaded a total of 77 rows into MRR_Dim_Products
[2024-03-21T19:13:48.055+0000] {base.py:83} INFO - Using connection ID 'postgres_localhost' for task execution.
[2024-03-21T19:13:49.930+0000] {sql.py:572} INFO - Done loading. Loaded a total of 836 rows into MRR_Fact_Orders
[2024-03-21T19:13:50.107+0000] {base.py:83} INFO - Using connection ID 'postgres_localhost' for task execution.
[2024-03-21T19:13:51.678+0000] {sql.py:568} INFO - Loaded 1000 rows into MRR_Fact_Details so far
[2024-03-21T19:13:54.220+0000] {sql.py:568} INFO - Loaded 2000 rows into MRR_Fact_Details so far
[2024-03-21T19:13:54.797+0000] {sql.py:572} INFO - Done loading. Loaded a total of 2172 rows into MRR_Fact_Details
[2024-03-21T19:13:54.802+0000] {python.py:202} INFO - Done. Returned value was: None
[2024-03-21T19:13:54.832+0000] {taskinstance.py:1149} INFO - Marking task as SUCCESS. dag_id=ETL_Flow, task_id=insert_data_from_files, execution_date=20240320T162604, start_date=20240321T191346, end_date=20240321T191354
[2024-03-21T19:13:54.976+0000] {local_task_job_runner.py:234} INFO - Task exited with return code 0
[2024-03-21T19:13:55.006+0000] {warnings.py:109} WARNING - /home/***/.local/lib/python3.8/site-packages/***/models/baseoperator.py:1201: AirflowProviderDeprecationWarning: Call to deprecated class PostgresOperator. (Please use `***.providers.common.sql.operators.sql.SQLExecuteQueryOperator`.Also, you can provide `hook_params={'schema': <database>}`.)
  result = cls.__new__(cls)

[2024-03-21T19:13:55.076+0000] {taskinstance.py:3309} INFO - 1 downstream tasks scheduled from follow-on schedule check
