[2024-03-20T16:26:30.247+0000] {taskinstance.py:1979} INFO - Dependencies all met for dep_context=non-requeueable deps ti=<TaskInstance: ETL_Flow.insert_data_from_files manual__2024-03-20T16:26:04.128092+00:00 [queued]>
[2024-03-20T16:26:30.281+0000] {taskinstance.py:1979} INFO - Dependencies all met for dep_context=requeueable deps ti=<TaskInstance: ETL_Flow.insert_data_from_files manual__2024-03-20T16:26:04.128092+00:00 [queued]>
[2024-03-20T16:26:30.284+0000] {taskinstance.py:2193} INFO - Starting attempt 1 of 6
[2024-03-20T16:26:30.330+0000] {taskinstance.py:2214} INFO - Executing <Task(PythonOperator): insert_data_from_files> on 2024-03-20 16:26:04.128092+00:00
[2024-03-20T16:26:30.342+0000] {standard_task_runner.py:60} INFO - Started process 3801 to run task
[2024-03-20T16:26:30.352+0000] {standard_task_runner.py:87} INFO - Running: ['***', 'tasks', 'run', 'ETL_Flow', 'insert_data_from_files', 'manual__2024-03-20T16:26:04.128092+00:00', '--job-id', '2041', '--raw', '--subdir', 'DAGS_FOLDER/etl2.py', '--cfg-path', '/tmp/tmpvn7rwu43']
[2024-03-20T16:26:30.359+0000] {standard_task_runner.py:88} INFO - Job 2041: Subtask insert_data_from_files
[2024-03-20T16:26:30.490+0000] {task_command.py:423} INFO - Running <TaskInstance: ETL_Flow.insert_data_from_files manual__2024-03-20T16:26:04.128092+00:00 [running]> on host a1a2ab3031a9
[2024-03-20T16:26:31.213+0000] {taskinstance.py:2510} INFO - Exporting env vars: AIRFLOW_CTX_DAG_OWNER='coder2j' AIRFLOW_CTX_DAG_ID='ETL_Flow' AIRFLOW_CTX_TASK_ID='insert_data_from_files' AIRFLOW_CTX_EXECUTION_DATE='2024-03-20T16:26:04.128092+00:00' AIRFLOW_CTX_TRY_NUMBER='1' AIRFLOW_CTX_DAG_RUN_ID='manual__2024-03-20T16:26:04.128092+00:00'
[2024-03-20T16:26:32.567+0000] {base.py:83} INFO - Using connection ID 'postgres_localhost' for task execution.
[2024-03-20T16:26:33.804+0000] {sql.py:572} INFO - Done loading. Loaded a total of 92 rows into MRR_Dim_Customers
[2024-03-20T16:26:34.016+0000] {base.py:83} INFO - Using connection ID 'postgres_localhost' for task execution.
[2024-03-20T16:26:34.525+0000] {sql.py:572} INFO - Done loading. Loaded a total of 47 rows into MRR_Dim_Employees
[2024-03-20T16:26:34.800+0000] {base.py:83} INFO - Using connection ID 'postgres_localhost' for task execution.
[2024-03-20T16:26:35.372+0000] {sql.py:572} INFO - Done loading. Loaded a total of 77 rows into MRR_Dim_Products
[2024-03-20T16:26:35.918+0000] {base.py:83} INFO - Using connection ID 'postgres_localhost' for task execution.
[2024-03-20T16:26:40.715+0000] {sql.py:572} INFO - Done loading. Loaded a total of 836 rows into MRR_Fact_Orders
[2024-03-20T16:26:41.663+0000] {base.py:83} INFO - Using connection ID 'postgres_localhost' for task execution.
[2024-03-20T16:26:48.708+0000] {sql.py:568} INFO - Loaded 1000 rows into MRR_Fact_Details so far
[2024-03-20T16:26:53.452+0000] {sql.py:568} INFO - Loaded 2000 rows into MRR_Fact_Details so far
[2024-03-20T16:26:54.238+0000] {sql.py:572} INFO - Done loading. Loaded a total of 2172 rows into MRR_Fact_Details
[2024-03-20T16:26:54.241+0000] {python.py:202} INFO - Done. Returned value was: None
[2024-03-20T16:26:54.274+0000] {taskinstance.py:1149} INFO - Marking task as SUCCESS. dag_id=ETL_Flow, task_id=insert_data_from_files, execution_date=20240320T162604, start_date=20240320T162630, end_date=20240320T162654
[2024-03-20T16:26:54.346+0000] {local_task_job_runner.py:234} INFO - Task exited with return code 0
[2024-03-20T16:26:54.385+0000] {warnings.py:109} WARNING - /home/***/.local/lib/python3.8/site-packages/***/models/baseoperator.py:1201: AirflowProviderDeprecationWarning: Call to deprecated class PostgresOperator. (Please use `***.providers.common.sql.operators.sql.SQLExecuteQueryOperator`.Also, you can provide `hook_params={'schema': <database>}`.)
  result = cls.__new__(cls)

[2024-03-20T16:26:54.485+0000] {taskinstance.py:3309} INFO - 1 downstream tasks scheduled from follow-on schedule check
