[2024-03-30T11:52:43.987+0000] {taskinstance.py:1979} INFO - Dependencies all met for dep_context=non-requeueable deps ti=<TaskInstance: ETL_Flow.dwh_backup scheduled__2024-03-25T21:11:00+00:00 [queued]>
[2024-03-30T11:52:44.012+0000] {taskinstance.py:1979} INFO - Dependencies all met for dep_context=requeueable deps ti=<TaskInstance: ETL_Flow.dwh_backup scheduled__2024-03-25T21:11:00+00:00 [queued]>
[2024-03-30T11:52:44.014+0000] {taskinstance.py:2193} INFO - Starting attempt 5 of 10
[2024-03-30T11:52:44.051+0000] {taskinstance.py:2214} INFO - Executing <Task(PostgresOperator): dwh_backup> on 2024-03-25 21:11:00+00:00
[2024-03-30T11:52:44.064+0000] {standard_task_runner.py:60} INFO - Started process 15681 to run task
[2024-03-30T11:52:44.073+0000] {standard_task_runner.py:87} INFO - Running: ['***', 'tasks', 'run', 'ETL_Flow', 'dwh_backup', 'scheduled__2024-03-25T21:11:00+00:00', '--job-id', '2399', '--raw', '--subdir', 'DAGS_FOLDER/ETL.py', '--cfg-path', '/tmp/tmpi2ucx0o7']
[2024-03-30T11:52:44.080+0000] {standard_task_runner.py:88} INFO - Job 2399: Subtask dwh_backup
[2024-03-30T11:52:44.214+0000] {task_command.py:423} INFO - Running <TaskInstance: ETL_Flow.dwh_backup scheduled__2024-03-25T21:11:00+00:00 [running]> on host cb216a3a40e5
[2024-03-30T11:52:45.007+0000] {taskinstance.py:2510} INFO - Exporting env vars: AIRFLOW_CTX_DAG_OWNER='coder2j' AIRFLOW_CTX_DAG_ID='ETL_Flow' AIRFLOW_CTX_TASK_ID='dwh_backup' AIRFLOW_CTX_EXECUTION_DATE='2024-03-25T21:11:00+00:00' AIRFLOW_CTX_TRY_NUMBER='5' AIRFLOW_CTX_DAG_RUN_ID='scheduled__2024-03-25T21:11:00+00:00'
[2024-03-30T11:52:45.011+0000] {sql.py:276} INFO - Executing: truncate table DWH_Dim_Products_Backup;
truncate table DWH_Dim_Customers_Backup;
truncate table DWH_Dim_Employees_Backup;
truncate table DWH_Dim_Dates_Backup;
truncate table DWH_Dim_Time_Backup;
truncate table DWH_Fact_Product_In_Order_Backup;
truncate table DWH_Snapshot_Customers_Transactions_Backup;


insert into DWH_Dim_Products_Backup(DW_Prdocut_ID,Product_ID,Product_Name,Supplier,Category,Unit_Price,Unit_Cost,Valid_From,Valid_Until)
select * from DWH_Dim_Products;


insert into DWH_Dim_Customers_Backup(DW_Customer_ID,Customer_ID,Company_Name,Contact_Name,Street,City,Postal_Code,Country,Phone,Fax,Valid_From,Valid_Until)
select * from DWH_Dim_Customers;


insert into DWH_Dim_Employees_Backup(DW_Employee_ID,Employee_ID,Last_Name,First_Name,Title,Hire_Date,Office,Reports_To,Month_Salary,Valid_From,Valid_Until)
select * from DWH_Dim_Employees;


insert into DWH_Dim_Dates_Backup(Date,Year,Quarter,Month,Day)
select * from DWH_Dim_Dates;


insert into DWH_Dim_Time_Backup(timestamp,Date,Hour)
select * from DWH_Dim_Time;


insert into DWH_Fact_Product_In_Order_Backup(Order_ID,DW_Prdocut_ID,DW_Customer_ID,DW_Employee_ID,Order_Time,Quantity,Total_Price, Total_Cost,Shipper_ID)
select * from DWH_Fact_Product_In_Order;


insert into DWH_Snapshot_Customers_Transactions_Backup(Year,Quarter,Month,Country,City,Count_New_Customers,Count_Regular,Count_Reactivated,Count_Abandons,Count_Total)
select * from DWH_Snapshot_Customers_Transactions;
[2024-03-30T11:52:45.030+0000] {base.py:83} INFO - Using connection ID 'postgres_localhost' for task execution.
[2024-03-30T11:52:45.046+0000] {base.py:83} INFO - Using connection ID 'postgres_localhost' for task execution.
[2024-03-30T11:52:45.312+0000] {sql.py:457} INFO - Running statement: truncate table DWH_Dim_Products_Backup;
truncate table DWH_Dim_Customers_Backup;
truncate table DWH_Dim_Employees_Backup;
truncate table DWH_Dim_Dates_Backup;
truncate table DWH_Dim_Time_Backup;
truncate table DWH_Fact_Product_In_Order_Backup;
truncate table DWH_Snapshot_Customers_Transactions_Backup;


insert into DWH_Dim_Products_Backup(DW_Prdocut_ID,Product_ID,Product_Name,Supplier,Category,Unit_Price,Unit_Cost,Valid_From,Valid_Until)
select * from DWH_Dim_Products;


insert into DWH_Dim_Customers_Backup(DW_Customer_ID,Customer_ID,Company_Name,Contact_Name,Street,City,Postal_Code,Country,Phone,Fax,Valid_From,Valid_Until)
select * from DWH_Dim_Customers;


insert into DWH_Dim_Employees_Backup(DW_Employee_ID,Employee_ID,Last_Name,First_Name,Title,Hire_Date,Office,Reports_To,Month_Salary,Valid_From,Valid_Until)
select * from DWH_Dim_Employees;


insert into DWH_Dim_Dates_Backup(Date,Year,Quarter,Month,Day)
select * from DWH_Dim_Dates;


insert into DWH_Dim_Time_Backup(timestamp,Date,Hour)
select * from DWH_Dim_Time;


insert into DWH_Fact_Product_In_Order_Backup(Order_ID,DW_Prdocut_ID,DW_Customer_ID,DW_Employee_ID,Order_Time,Quantity,Total_Price, Total_Cost,Shipper_ID)
select * from DWH_Fact_Product_In_Order;


insert into DWH_Snapshot_Customers_Transactions_Backup(Year,Quarter,Month,Country,City,Count_New_Customers,Count_Regular,Count_Reactivated,Count_Abandons,Count_Total)
select * from DWH_Snapshot_Customers_Transactions;, parameters: None
[2024-03-30T11:52:45.392+0000] {taskinstance.py:2728} ERROR - Task failed with exception
Traceback (most recent call last):
  File "/home/airflow/.local/lib/python3.8/site-packages/airflow/models/taskinstance.py", line 444, in _execute_task
    result = _execute_callable(context=context, **execute_callable_kwargs)
  File "/home/airflow/.local/lib/python3.8/site-packages/airflow/models/taskinstance.py", line 414, in _execute_callable
    return execute_callable(context=context, **execute_callable_kwargs)
  File "/home/airflow/.local/lib/python3.8/site-packages/airflow/providers/common/sql/operators/sql.py", line 282, in execute
    output = hook.run(
  File "/home/airflow/.local/lib/python3.8/site-packages/airflow/providers/common/sql/hooks/sql.py", line 404, in run
    self._run_command(cur, sql_statement, parameters)
  File "/home/airflow/.local/lib/python3.8/site-packages/airflow/providers/common/sql/hooks/sql.py", line 462, in _run_command
    cur.execute(sql_statement)
psycopg2.errors.NotNullViolation: null value in column "valid_from" of relation "dwh_dim_customers_backup" violates not-null constraint
DETAIL:  Failing row contains (1, 127, Stephanies, Staffan Blond, Gatauppochner 1, Stockholm, 111 11, Sweden, (8) 10 20 30, (8) 11 22 33, null, null).

[2024-03-30T11:52:45.461+0000] {taskinstance.py:1149} INFO - Marking task as UP_FOR_RETRY. dag_id=ETL_Flow, task_id=dwh_backup, execution_date=20240325T211100, start_date=20240330T115243, end_date=20240330T115245
[2024-03-30T11:52:45.524+0000] {standard_task_runner.py:107} ERROR - Failed to execute job 2399 for task dwh_backup (null value in column "valid_from" of relation "dwh_dim_customers_backup" violates not-null constraint
DETAIL:  Failing row contains (1, 127, Stephanies, Staffan Blond, Gatauppochner 1, Stockholm, 111 11, Sweden, (8) 10 20 30, (8) 11 22 33, null, null).
; 15681)
[2024-03-30T11:52:45.583+0000] {local_task_job_runner.py:234} INFO - Task exited with return code 1
[2024-03-30T11:52:45.615+0000] {warnings.py:109} WARNING - /home/***/.local/lib/python3.8/site-packages/***/models/baseoperator.py:1201: AirflowProviderDeprecationWarning: Call to deprecated class PostgresOperator. (Please use `***.providers.common.sql.operators.sql.SQLExecuteQueryOperator`.Also, you can provide `hook_params={'schema': <database>}`.)
  result = cls.__new__(cls)

[2024-03-30T11:52:45.670+0000] {taskinstance.py:3309} INFO - 0 downstream tasks scheduled from follow-on schedule check
