[2024-03-16T10:43:55.682+0000] {processor.py:161} INFO - Started process (PID=2818) to work on /opt/airflow/dags/customers.xlsx
[2024-03-16T10:43:55.683+0000] {processor.py:830} INFO - Processing file /opt/airflow/dags/customers.xlsx for tasks to queue
[2024-03-16T10:43:55.684+0000] {logging_mixin.py:188} INFO - [2024-03-16T10:43:55.684+0000] {dagbag.py:540} INFO - Filling up the DagBag from /opt/airflow/dags/customers.xlsx
[2024-03-16T10:43:55.696+0000] {processor.py:842} WARNING - No viable dags retrieved from /opt/airflow/dags/customers.xlsx
[2024-03-16T10:43:55.714+0000] {processor.py:183} INFO - Processing /opt/airflow/dags/customers.xlsx took 0.036 seconds
[2024-03-16T10:44:25.788+0000] {processor.py:161} INFO - Started process (PID=2830) to work on /opt/airflow/dags/customers.xlsx
[2024-03-16T10:44:25.789+0000] {processor.py:830} INFO - Processing file /opt/airflow/dags/customers.xlsx for tasks to queue
[2024-03-16T10:44:25.791+0000] {logging_mixin.py:188} INFO - [2024-03-16T10:44:25.790+0000] {dagbag.py:540} INFO - Filling up the DagBag from /opt/airflow/dags/customers.xlsx
[2024-03-16T10:44:25.802+0000] {processor.py:842} WARNING - No viable dags retrieved from /opt/airflow/dags/customers.xlsx
[2024-03-16T10:44:25.821+0000] {processor.py:183} INFO - Processing /opt/airflow/dags/customers.xlsx took 0.039 seconds
[2024-03-16T10:44:56.798+0000] {processor.py:161} INFO - Started process (PID=2843) to work on /opt/airflow/dags/customers.xlsx
[2024-03-16T10:44:56.799+0000] {processor.py:830} INFO - Processing file /opt/airflow/dags/customers.xlsx for tasks to queue
[2024-03-16T10:44:56.801+0000] {logging_mixin.py:188} INFO - [2024-03-16T10:44:56.801+0000] {dagbag.py:540} INFO - Filling up the DagBag from /opt/airflow/dags/customers.xlsx
[2024-03-16T10:44:56.814+0000] {processor.py:842} WARNING - No viable dags retrieved from /opt/airflow/dags/customers.xlsx
[2024-03-16T10:44:56.839+0000] {processor.py:183} INFO - Processing /opt/airflow/dags/customers.xlsx took 0.047 seconds
[2024-03-16T10:45:27.094+0000] {processor.py:161} INFO - Started process (PID=2855) to work on /opt/airflow/dags/customers.xlsx
[2024-03-16T10:45:27.097+0000] {processor.py:830} INFO - Processing file /opt/airflow/dags/customers.xlsx for tasks to queue
[2024-03-16T10:45:27.100+0000] {logging_mixin.py:188} INFO - [2024-03-16T10:45:27.099+0000] {dagbag.py:540} INFO - Filling up the DagBag from /opt/airflow/dags/customers.xlsx
[2024-03-16T10:45:27.116+0000] {processor.py:842} WARNING - No viable dags retrieved from /opt/airflow/dags/customers.xlsx
[2024-03-16T10:45:27.144+0000] {processor.py:183} INFO - Processing /opt/airflow/dags/customers.xlsx took 0.054 seconds
[2024-03-16T10:45:58.094+0000] {processor.py:161} INFO - Started process (PID=2867) to work on /opt/airflow/dags/customers.xlsx
[2024-03-16T10:45:58.096+0000] {processor.py:830} INFO - Processing file /opt/airflow/dags/customers.xlsx for tasks to queue
[2024-03-16T10:45:58.098+0000] {logging_mixin.py:188} INFO - [2024-03-16T10:45:58.097+0000] {dagbag.py:540} INFO - Filling up the DagBag from /opt/airflow/dags/customers.xlsx
[2024-03-16T10:45:58.113+0000] {processor.py:842} WARNING - No viable dags retrieved from /opt/airflow/dags/customers.xlsx
[2024-03-16T10:45:58.134+0000] {processor.py:183} INFO - Processing /opt/airflow/dags/customers.xlsx took 0.044 seconds
[2024-03-16T10:46:28.949+0000] {processor.py:161} INFO - Started process (PID=2885) to work on /opt/airflow/dags/customers.xlsx
[2024-03-16T10:46:28.950+0000] {processor.py:830} INFO - Processing file /opt/airflow/dags/customers.xlsx for tasks to queue
[2024-03-16T10:46:28.952+0000] {logging_mixin.py:188} INFO - [2024-03-16T10:46:28.951+0000] {dagbag.py:540} INFO - Filling up the DagBag from /opt/airflow/dags/customers.xlsx
[2024-03-16T10:46:28.973+0000] {processor.py:842} WARNING - No viable dags retrieved from /opt/airflow/dags/customers.xlsx
[2024-03-16T10:46:28.999+0000] {processor.py:183} INFO - Processing /opt/airflow/dags/customers.xlsx took 0.058 seconds
[2024-03-16T10:47:00.004+0000] {processor.py:161} INFO - Started process (PID=2898) to work on /opt/airflow/dags/customers.xlsx
[2024-03-16T10:47:00.006+0000] {processor.py:830} INFO - Processing file /opt/airflow/dags/customers.xlsx for tasks to queue
[2024-03-16T10:47:00.008+0000] {logging_mixin.py:188} INFO - [2024-03-16T10:47:00.008+0000] {dagbag.py:540} INFO - Filling up the DagBag from /opt/airflow/dags/customers.xlsx
[2024-03-16T10:47:00.023+0000] {processor.py:842} WARNING - No viable dags retrieved from /opt/airflow/dags/customers.xlsx
[2024-03-16T10:47:00.040+0000] {processor.py:183} INFO - Processing /opt/airflow/dags/customers.xlsx took 0.042 seconds
[2024-03-16T10:47:30.221+0000] {processor.py:161} INFO - Started process (PID=2910) to work on /opt/airflow/dags/customers.xlsx
[2024-03-16T10:47:30.222+0000] {processor.py:830} INFO - Processing file /opt/airflow/dags/customers.xlsx for tasks to queue
[2024-03-16T10:47:30.224+0000] {logging_mixin.py:188} INFO - [2024-03-16T10:47:30.223+0000] {dagbag.py:540} INFO - Filling up the DagBag from /opt/airflow/dags/customers.xlsx
[2024-03-16T10:47:30.237+0000] {processor.py:842} WARNING - No viable dags retrieved from /opt/airflow/dags/customers.xlsx
[2024-03-16T10:47:30.254+0000] {processor.py:183} INFO - Processing /opt/airflow/dags/customers.xlsx took 0.038 seconds
[2024-03-16T10:48:01.137+0000] {processor.py:161} INFO - Started process (PID=2922) to work on /opt/airflow/dags/customers.xlsx
[2024-03-16T10:48:01.139+0000] {processor.py:830} INFO - Processing file /opt/airflow/dags/customers.xlsx for tasks to queue
[2024-03-16T10:48:01.140+0000] {logging_mixin.py:188} INFO - [2024-03-16T10:48:01.140+0000] {dagbag.py:540} INFO - Filling up the DagBag from /opt/airflow/dags/customers.xlsx
[2024-03-16T10:48:01.154+0000] {processor.py:842} WARNING - No viable dags retrieved from /opt/airflow/dags/customers.xlsx
[2024-03-16T10:48:01.173+0000] {processor.py:183} INFO - Processing /opt/airflow/dags/customers.xlsx took 0.039 seconds
[2024-03-16T10:48:32.016+0000] {processor.py:161} INFO - Started process (PID=2934) to work on /opt/airflow/dags/customers.xlsx
[2024-03-16T10:48:32.018+0000] {processor.py:830} INFO - Processing file /opt/airflow/dags/customers.xlsx for tasks to queue
[2024-03-16T10:48:32.020+0000] {logging_mixin.py:188} INFO - [2024-03-16T10:48:32.020+0000] {dagbag.py:540} INFO - Filling up the DagBag from /opt/airflow/dags/customers.xlsx
[2024-03-16T10:48:32.036+0000] {processor.py:842} WARNING - No viable dags retrieved from /opt/airflow/dags/customers.xlsx
[2024-03-16T10:48:32.058+0000] {processor.py:183} INFO - Processing /opt/airflow/dags/customers.xlsx took 0.049 seconds
[2024-03-16T10:49:02.199+0000] {processor.py:161} INFO - Started process (PID=2946) to work on /opt/airflow/dags/customers.xlsx
[2024-03-16T10:49:02.201+0000] {processor.py:830} INFO - Processing file /opt/airflow/dags/customers.xlsx for tasks to queue
[2024-03-16T10:49:02.203+0000] {logging_mixin.py:188} INFO - [2024-03-16T10:49:02.202+0000] {dagbag.py:540} INFO - Filling up the DagBag from /opt/airflow/dags/customers.xlsx
[2024-03-16T10:49:02.216+0000] {processor.py:842} WARNING - No viable dags retrieved from /opt/airflow/dags/customers.xlsx
[2024-03-16T10:49:02.234+0000] {processor.py:183} INFO - Processing /opt/airflow/dags/customers.xlsx took 0.038 seconds
[2024-03-16T10:49:33.047+0000] {processor.py:161} INFO - Started process (PID=2958) to work on /opt/airflow/dags/customers.xlsx
[2024-03-16T10:49:33.049+0000] {processor.py:830} INFO - Processing file /opt/airflow/dags/customers.xlsx for tasks to queue
[2024-03-16T10:49:33.051+0000] {logging_mixin.py:188} INFO - [2024-03-16T10:49:33.050+0000] {dagbag.py:540} INFO - Filling up the DagBag from /opt/airflow/dags/customers.xlsx
[2024-03-16T10:49:33.064+0000] {processor.py:842} WARNING - No viable dags retrieved from /opt/airflow/dags/customers.xlsx
[2024-03-16T10:49:33.083+0000] {processor.py:183} INFO - Processing /opt/airflow/dags/customers.xlsx took 0.039 seconds
[2024-03-16T10:50:03.988+0000] {processor.py:161} INFO - Started process (PID=2970) to work on /opt/airflow/dags/customers.xlsx
[2024-03-16T10:50:03.989+0000] {processor.py:830} INFO - Processing file /opt/airflow/dags/customers.xlsx for tasks to queue
[2024-03-16T10:50:03.991+0000] {logging_mixin.py:188} INFO - [2024-03-16T10:50:03.991+0000] {dagbag.py:540} INFO - Filling up the DagBag from /opt/airflow/dags/customers.xlsx
[2024-03-16T10:50:04.003+0000] {processor.py:842} WARNING - No viable dags retrieved from /opt/airflow/dags/customers.xlsx
[2024-03-16T10:50:04.023+0000] {processor.py:183} INFO - Processing /opt/airflow/dags/customers.xlsx took 0.039 seconds
[2024-03-16T10:50:35.052+0000] {processor.py:161} INFO - Started process (PID=2982) to work on /opt/airflow/dags/customers.xlsx
[2024-03-16T10:50:35.053+0000] {processor.py:830} INFO - Processing file /opt/airflow/dags/customers.xlsx for tasks to queue
[2024-03-16T10:50:35.055+0000] {logging_mixin.py:188} INFO - [2024-03-16T10:50:35.054+0000] {dagbag.py:540} INFO - Filling up the DagBag from /opt/airflow/dags/customers.xlsx
[2024-03-16T10:50:35.068+0000] {processor.py:842} WARNING - No viable dags retrieved from /opt/airflow/dags/customers.xlsx
[2024-03-16T10:50:35.086+0000] {processor.py:183} INFO - Processing /opt/airflow/dags/customers.xlsx took 0.038 seconds
[2024-03-16T10:51:05.204+0000] {processor.py:161} INFO - Started process (PID=2994) to work on /opt/airflow/dags/customers.xlsx
[2024-03-16T10:51:05.205+0000] {processor.py:830} INFO - Processing file /opt/airflow/dags/customers.xlsx for tasks to queue
[2024-03-16T10:51:05.207+0000] {logging_mixin.py:188} INFO - [2024-03-16T10:51:05.206+0000] {dagbag.py:540} INFO - Filling up the DagBag from /opt/airflow/dags/customers.xlsx
[2024-03-16T10:51:05.219+0000] {processor.py:842} WARNING - No viable dags retrieved from /opt/airflow/dags/customers.xlsx
[2024-03-16T10:51:05.239+0000] {processor.py:183} INFO - Processing /opt/airflow/dags/customers.xlsx took 0.039 seconds
[2024-03-16T10:51:35.401+0000] {processor.py:161} INFO - Started process (PID=3008) to work on /opt/airflow/dags/customers.xlsx
[2024-03-16T10:51:35.403+0000] {processor.py:830} INFO - Processing file /opt/airflow/dags/customers.xlsx for tasks to queue
[2024-03-16T10:51:35.404+0000] {logging_mixin.py:188} INFO - [2024-03-16T10:51:35.404+0000] {dagbag.py:540} INFO - Filling up the DagBag from /opt/airflow/dags/customers.xlsx
[2024-03-16T10:51:35.416+0000] {processor.py:842} WARNING - No viable dags retrieved from /opt/airflow/dags/customers.xlsx
[2024-03-16T10:51:35.435+0000] {processor.py:183} INFO - Processing /opt/airflow/dags/customers.xlsx took 0.039 seconds
[2024-03-16T10:52:05.622+0000] {processor.py:161} INFO - Started process (PID=3021) to work on /opt/airflow/dags/customers.xlsx
[2024-03-16T10:52:05.624+0000] {processor.py:830} INFO - Processing file /opt/airflow/dags/customers.xlsx for tasks to queue
[2024-03-16T10:52:05.625+0000] {logging_mixin.py:188} INFO - [2024-03-16T10:52:05.625+0000] {dagbag.py:540} INFO - Filling up the DagBag from /opt/airflow/dags/customers.xlsx
[2024-03-16T10:52:05.636+0000] {processor.py:842} WARNING - No viable dags retrieved from /opt/airflow/dags/customers.xlsx
[2024-03-16T10:52:05.651+0000] {processor.py:183} INFO - Processing /opt/airflow/dags/customers.xlsx took 0.035 seconds
[2024-03-16T10:52:35.839+0000] {processor.py:161} INFO - Started process (PID=3034) to work on /opt/airflow/dags/customers.xlsx
[2024-03-16T10:52:35.841+0000] {processor.py:830} INFO - Processing file /opt/airflow/dags/customers.xlsx for tasks to queue
[2024-03-16T10:52:35.843+0000] {logging_mixin.py:188} INFO - [2024-03-16T10:52:35.842+0000] {dagbag.py:540} INFO - Filling up the DagBag from /opt/airflow/dags/customers.xlsx
[2024-03-16T10:52:35.855+0000] {processor.py:842} WARNING - No viable dags retrieved from /opt/airflow/dags/customers.xlsx
[2024-03-16T10:52:35.874+0000] {processor.py:183} INFO - Processing /opt/airflow/dags/customers.xlsx took 0.040 seconds
[2024-03-16T10:53:05.974+0000] {processor.py:161} INFO - Started process (PID=3048) to work on /opt/airflow/dags/customers.xlsx
[2024-03-16T10:53:05.976+0000] {processor.py:830} INFO - Processing file /opt/airflow/dags/customers.xlsx for tasks to queue
[2024-03-16T10:53:05.977+0000] {logging_mixin.py:188} INFO - [2024-03-16T10:53:05.977+0000] {dagbag.py:540} INFO - Filling up the DagBag from /opt/airflow/dags/customers.xlsx
[2024-03-16T10:53:05.989+0000] {processor.py:842} WARNING - No viable dags retrieved from /opt/airflow/dags/customers.xlsx
[2024-03-16T10:53:06.008+0000] {processor.py:183} INFO - Processing /opt/airflow/dags/customers.xlsx took 0.038 seconds
[2024-03-16T10:53:36.256+0000] {processor.py:161} INFO - Started process (PID=3063) to work on /opt/airflow/dags/customers.xlsx
[2024-03-16T10:53:36.258+0000] {processor.py:830} INFO - Processing file /opt/airflow/dags/customers.xlsx for tasks to queue
[2024-03-16T10:53:36.260+0000] {logging_mixin.py:188} INFO - [2024-03-16T10:53:36.259+0000] {dagbag.py:540} INFO - Filling up the DagBag from /opt/airflow/dags/customers.xlsx
[2024-03-16T10:53:36.279+0000] {processor.py:842} WARNING - No viable dags retrieved from /opt/airflow/dags/customers.xlsx
[2024-03-16T10:53:36.309+0000] {processor.py:183} INFO - Processing /opt/airflow/dags/customers.xlsx took 0.067 seconds
[2024-03-16T10:54:07.191+0000] {processor.py:161} INFO - Started process (PID=3076) to work on /opt/airflow/dags/customers.xlsx
[2024-03-16T10:54:07.193+0000] {processor.py:830} INFO - Processing file /opt/airflow/dags/customers.xlsx for tasks to queue
[2024-03-16T10:54:07.194+0000] {logging_mixin.py:188} INFO - [2024-03-16T10:54:07.194+0000] {dagbag.py:540} INFO - Filling up the DagBag from /opt/airflow/dags/customers.xlsx
[2024-03-16T10:54:07.209+0000] {processor.py:842} WARNING - No viable dags retrieved from /opt/airflow/dags/customers.xlsx
[2024-03-16T10:54:07.226+0000] {processor.py:183} INFO - Processing /opt/airflow/dags/customers.xlsx took 0.039 seconds
[2024-03-16T10:54:37.931+0000] {processor.py:161} INFO - Started process (PID=3089) to work on /opt/airflow/dags/customers.xlsx
[2024-03-16T10:54:37.933+0000] {processor.py:830} INFO - Processing file /opt/airflow/dags/customers.xlsx for tasks to queue
[2024-03-16T10:54:37.934+0000] {logging_mixin.py:188} INFO - [2024-03-16T10:54:37.934+0000] {dagbag.py:540} INFO - Filling up the DagBag from /opt/airflow/dags/customers.xlsx
[2024-03-16T10:54:37.950+0000] {processor.py:842} WARNING - No viable dags retrieved from /opt/airflow/dags/customers.xlsx
[2024-03-16T10:54:37.972+0000] {processor.py:183} INFO - Processing /opt/airflow/dags/customers.xlsx took 0.045 seconds
[2024-03-16T10:55:08.486+0000] {processor.py:161} INFO - Started process (PID=3102) to work on /opt/airflow/dags/customers.xlsx
[2024-03-16T10:55:08.488+0000] {processor.py:830} INFO - Processing file /opt/airflow/dags/customers.xlsx for tasks to queue
[2024-03-16T10:55:08.489+0000] {logging_mixin.py:188} INFO - [2024-03-16T10:55:08.489+0000] {dagbag.py:540} INFO - Filling up the DagBag from /opt/airflow/dags/customers.xlsx
[2024-03-16T10:55:08.500+0000] {processor.py:842} WARNING - No viable dags retrieved from /opt/airflow/dags/customers.xlsx
[2024-03-16T10:55:08.518+0000] {processor.py:183} INFO - Processing /opt/airflow/dags/customers.xlsx took 0.036 seconds
[2024-03-16T10:55:39.398+0000] {processor.py:161} INFO - Started process (PID=3115) to work on /opt/airflow/dags/customers.xlsx
[2024-03-16T10:55:39.399+0000] {processor.py:830} INFO - Processing file /opt/airflow/dags/customers.xlsx for tasks to queue
[2024-03-16T10:55:39.401+0000] {logging_mixin.py:188} INFO - [2024-03-16T10:55:39.401+0000] {dagbag.py:540} INFO - Filling up the DagBag from /opt/airflow/dags/customers.xlsx
[2024-03-16T10:55:39.418+0000] {processor.py:842} WARNING - No viable dags retrieved from /opt/airflow/dags/customers.xlsx
[2024-03-16T10:55:39.442+0000] {processor.py:183} INFO - Processing /opt/airflow/dags/customers.xlsx took 0.048 seconds
[2024-03-16T10:56:10.122+0000] {processor.py:161} INFO - Started process (PID=3128) to work on /opt/airflow/dags/customers.xlsx
[2024-03-16T10:56:10.124+0000] {processor.py:830} INFO - Processing file /opt/airflow/dags/customers.xlsx for tasks to queue
[2024-03-16T10:56:10.125+0000] {logging_mixin.py:188} INFO - [2024-03-16T10:56:10.125+0000] {dagbag.py:540} INFO - Filling up the DagBag from /opt/airflow/dags/customers.xlsx
[2024-03-16T10:56:10.137+0000] {processor.py:842} WARNING - No viable dags retrieved from /opt/airflow/dags/customers.xlsx
[2024-03-16T10:56:10.155+0000] {processor.py:183} INFO - Processing /opt/airflow/dags/customers.xlsx took 0.037 seconds
[2024-03-16T10:56:40.946+0000] {processor.py:161} INFO - Started process (PID=3141) to work on /opt/airflow/dags/customers.xlsx
[2024-03-16T10:56:40.948+0000] {processor.py:830} INFO - Processing file /opt/airflow/dags/customers.xlsx for tasks to queue
[2024-03-16T10:56:40.952+0000] {logging_mixin.py:188} INFO - [2024-03-16T10:56:40.951+0000] {dagbag.py:540} INFO - Filling up the DagBag from /opt/airflow/dags/customers.xlsx
[2024-03-16T10:56:40.972+0000] {processor.py:842} WARNING - No viable dags retrieved from /opt/airflow/dags/customers.xlsx
[2024-03-16T10:56:40.998+0000] {processor.py:183} INFO - Processing /opt/airflow/dags/customers.xlsx took 0.059 seconds
[2024-03-16T10:57:11.826+0000] {processor.py:161} INFO - Started process (PID=3154) to work on /opt/airflow/dags/customers.xlsx
[2024-03-16T10:57:11.828+0000] {processor.py:830} INFO - Processing file /opt/airflow/dags/customers.xlsx for tasks to queue
[2024-03-16T10:57:11.829+0000] {logging_mixin.py:188} INFO - [2024-03-16T10:57:11.829+0000] {dagbag.py:540} INFO - Filling up the DagBag from /opt/airflow/dags/customers.xlsx
[2024-03-16T10:57:11.841+0000] {processor.py:842} WARNING - No viable dags retrieved from /opt/airflow/dags/customers.xlsx
[2024-03-16T10:57:11.870+0000] {processor.py:183} INFO - Processing /opt/airflow/dags/customers.xlsx took 0.050 seconds
[2024-03-16T10:57:42.446+0000] {processor.py:161} INFO - Started process (PID=3169) to work on /opt/airflow/dags/customers.xlsx
[2024-03-16T10:57:42.448+0000] {processor.py:830} INFO - Processing file /opt/airflow/dags/customers.xlsx for tasks to queue
[2024-03-16T10:57:42.450+0000] {logging_mixin.py:188} INFO - [2024-03-16T10:57:42.449+0000] {dagbag.py:540} INFO - Filling up the DagBag from /opt/airflow/dags/customers.xlsx
[2024-03-16T10:57:42.465+0000] {processor.py:842} WARNING - No viable dags retrieved from /opt/airflow/dags/customers.xlsx
[2024-03-16T10:57:42.496+0000] {processor.py:183} INFO - Processing /opt/airflow/dags/customers.xlsx took 0.063 seconds
[2024-03-16T10:58:12.741+0000] {processor.py:161} INFO - Started process (PID=3184) to work on /opt/airflow/dags/customers.xlsx
[2024-03-16T10:58:12.745+0000] {processor.py:830} INFO - Processing file /opt/airflow/dags/customers.xlsx for tasks to queue
[2024-03-16T10:58:12.754+0000] {logging_mixin.py:188} INFO - [2024-03-16T10:58:12.752+0000] {dagbag.py:540} INFO - Filling up the DagBag from /opt/airflow/dags/customers.xlsx
[2024-03-16T10:58:12.815+0000] {processor.py:842} WARNING - No viable dags retrieved from /opt/airflow/dags/customers.xlsx
[2024-03-16T10:58:12.856+0000] {processor.py:183} INFO - Processing /opt/airflow/dags/customers.xlsx took 0.124 seconds
[2024-03-16T10:58:43.496+0000] {processor.py:161} INFO - Started process (PID=3197) to work on /opt/airflow/dags/customers.xlsx
[2024-03-16T10:58:43.497+0000] {processor.py:830} INFO - Processing file /opt/airflow/dags/customers.xlsx for tasks to queue
[2024-03-16T10:58:43.499+0000] {logging_mixin.py:188} INFO - [2024-03-16T10:58:43.498+0000] {dagbag.py:540} INFO - Filling up the DagBag from /opt/airflow/dags/customers.xlsx
[2024-03-16T10:58:43.512+0000] {processor.py:842} WARNING - No viable dags retrieved from /opt/airflow/dags/customers.xlsx
[2024-03-16T10:58:43.531+0000] {processor.py:183} INFO - Processing /opt/airflow/dags/customers.xlsx took 0.041 seconds
[2024-03-16T10:59:13.620+0000] {processor.py:161} INFO - Started process (PID=3210) to work on /opt/airflow/dags/customers.xlsx
[2024-03-16T10:59:13.622+0000] {processor.py:830} INFO - Processing file /opt/airflow/dags/customers.xlsx for tasks to queue
[2024-03-16T10:59:13.623+0000] {logging_mixin.py:188} INFO - [2024-03-16T10:59:13.623+0000] {dagbag.py:540} INFO - Filling up the DagBag from /opt/airflow/dags/customers.xlsx
[2024-03-16T10:59:13.637+0000] {processor.py:842} WARNING - No viable dags retrieved from /opt/airflow/dags/customers.xlsx
[2024-03-16T10:59:13.657+0000] {processor.py:183} INFO - Processing /opt/airflow/dags/customers.xlsx took 0.041 seconds
[2024-03-16T10:59:44.568+0000] {processor.py:161} INFO - Started process (PID=3223) to work on /opt/airflow/dags/customers.xlsx
[2024-03-16T10:59:44.569+0000] {processor.py:830} INFO - Processing file /opt/airflow/dags/customers.xlsx for tasks to queue
[2024-03-16T10:59:44.571+0000] {logging_mixin.py:188} INFO - [2024-03-16T10:59:44.570+0000] {dagbag.py:540} INFO - Filling up the DagBag from /opt/airflow/dags/customers.xlsx
[2024-03-16T10:59:44.581+0000] {processor.py:842} WARNING - No viable dags retrieved from /opt/airflow/dags/customers.xlsx
[2024-03-16T10:59:44.602+0000] {processor.py:183} INFO - Processing /opt/airflow/dags/customers.xlsx took 0.038 seconds
[2024-03-16T11:00:15.548+0000] {processor.py:161} INFO - Started process (PID=3235) to work on /opt/airflow/dags/customers.xlsx
[2024-03-16T11:00:15.549+0000] {processor.py:830} INFO - Processing file /opt/airflow/dags/customers.xlsx for tasks to queue
[2024-03-16T11:00:15.551+0000] {logging_mixin.py:188} INFO - [2024-03-16T11:00:15.550+0000] {dagbag.py:540} INFO - Filling up the DagBag from /opt/airflow/dags/customers.xlsx
[2024-03-16T11:00:15.561+0000] {processor.py:842} WARNING - No viable dags retrieved from /opt/airflow/dags/customers.xlsx
[2024-03-16T11:00:15.584+0000] {processor.py:183} INFO - Processing /opt/airflow/dags/customers.xlsx took 0.039 seconds
[2024-03-16T11:00:46.498+0000] {processor.py:161} INFO - Started process (PID=3247) to work on /opt/airflow/dags/customers.xlsx
[2024-03-16T11:00:46.501+0000] {processor.py:830} INFO - Processing file /opt/airflow/dags/customers.xlsx for tasks to queue
[2024-03-16T11:00:46.504+0000] {logging_mixin.py:188} INFO - [2024-03-16T11:00:46.503+0000] {dagbag.py:540} INFO - Filling up the DagBag from /opt/airflow/dags/customers.xlsx
[2024-03-16T11:00:46.531+0000] {processor.py:842} WARNING - No viable dags retrieved from /opt/airflow/dags/customers.xlsx
[2024-03-16T11:00:46.562+0000] {processor.py:183} INFO - Processing /opt/airflow/dags/customers.xlsx took 0.073 seconds
[2024-03-16T11:01:16.989+0000] {processor.py:161} INFO - Started process (PID=3259) to work on /opt/airflow/dags/customers.xlsx
[2024-03-16T11:01:16.991+0000] {processor.py:830} INFO - Processing file /opt/airflow/dags/customers.xlsx for tasks to queue
[2024-03-16T11:01:16.994+0000] {logging_mixin.py:188} INFO - [2024-03-16T11:01:16.993+0000] {dagbag.py:540} INFO - Filling up the DagBag from /opt/airflow/dags/customers.xlsx
[2024-03-16T11:01:17.023+0000] {processor.py:842} WARNING - No viable dags retrieved from /opt/airflow/dags/customers.xlsx
[2024-03-16T11:01:17.057+0000] {processor.py:183} INFO - Processing /opt/airflow/dags/customers.xlsx took 0.075 seconds
[2024-03-16T11:01:47.593+0000] {processor.py:161} INFO - Started process (PID=3272) to work on /opt/airflow/dags/customers.xlsx
[2024-03-16T11:01:47.595+0000] {processor.py:830} INFO - Processing file /opt/airflow/dags/customers.xlsx for tasks to queue
[2024-03-16T11:01:47.597+0000] {logging_mixin.py:188} INFO - [2024-03-16T11:01:47.597+0000] {dagbag.py:540} INFO - Filling up the DagBag from /opt/airflow/dags/customers.xlsx
[2024-03-16T11:01:47.620+0000] {processor.py:842} WARNING - No viable dags retrieved from /opt/airflow/dags/customers.xlsx
[2024-03-16T11:01:47.650+0000] {processor.py:183} INFO - Processing /opt/airflow/dags/customers.xlsx took 0.065 seconds
[2024-03-16T11:02:18.347+0000] {processor.py:161} INFO - Started process (PID=3285) to work on /opt/airflow/dags/customers.xlsx
[2024-03-16T11:02:18.349+0000] {processor.py:830} INFO - Processing file /opt/airflow/dags/customers.xlsx for tasks to queue
[2024-03-16T11:02:18.352+0000] {logging_mixin.py:188} INFO - [2024-03-16T11:02:18.351+0000] {dagbag.py:540} INFO - Filling up the DagBag from /opt/airflow/dags/customers.xlsx
[2024-03-16T11:02:18.376+0000] {processor.py:842} WARNING - No viable dags retrieved from /opt/airflow/dags/customers.xlsx
[2024-03-16T11:02:18.403+0000] {processor.py:183} INFO - Processing /opt/airflow/dags/customers.xlsx took 0.063 seconds
[2024-03-16T11:02:48.909+0000] {processor.py:161} INFO - Started process (PID=3298) to work on /opt/airflow/dags/customers.xlsx
[2024-03-16T11:02:48.912+0000] {processor.py:830} INFO - Processing file /opt/airflow/dags/customers.xlsx for tasks to queue
[2024-03-16T11:02:48.914+0000] {logging_mixin.py:188} INFO - [2024-03-16T11:02:48.914+0000] {dagbag.py:540} INFO - Filling up the DagBag from /opt/airflow/dags/customers.xlsx
[2024-03-16T11:02:48.944+0000] {processor.py:842} WARNING - No viable dags retrieved from /opt/airflow/dags/customers.xlsx
[2024-03-16T11:02:48.978+0000] {processor.py:183} INFO - Processing /opt/airflow/dags/customers.xlsx took 0.075 seconds
[2024-03-16T11:03:19.585+0000] {processor.py:161} INFO - Started process (PID=3311) to work on /opt/airflow/dags/customers.xlsx
[2024-03-16T11:03:19.588+0000] {processor.py:830} INFO - Processing file /opt/airflow/dags/customers.xlsx for tasks to queue
[2024-03-16T11:03:19.591+0000] {logging_mixin.py:188} INFO - [2024-03-16T11:03:19.590+0000] {dagbag.py:540} INFO - Filling up the DagBag from /opt/airflow/dags/customers.xlsx
[2024-03-16T11:03:19.619+0000] {processor.py:842} WARNING - No viable dags retrieved from /opt/airflow/dags/customers.xlsx
[2024-03-16T11:03:19.651+0000] {processor.py:183} INFO - Processing /opt/airflow/dags/customers.xlsx took 0.077 seconds
[2024-03-16T11:03:50.258+0000] {processor.py:161} INFO - Started process (PID=3324) to work on /opt/airflow/dags/customers.xlsx
[2024-03-16T11:03:50.260+0000] {processor.py:830} INFO - Processing file /opt/airflow/dags/customers.xlsx for tasks to queue
[2024-03-16T11:03:50.263+0000] {logging_mixin.py:188} INFO - [2024-03-16T11:03:50.262+0000] {dagbag.py:540} INFO - Filling up the DagBag from /opt/airflow/dags/customers.xlsx
[2024-03-16T11:03:50.293+0000] {processor.py:842} WARNING - No viable dags retrieved from /opt/airflow/dags/customers.xlsx
[2024-03-16T11:03:50.321+0000] {processor.py:183} INFO - Processing /opt/airflow/dags/customers.xlsx took 0.071 seconds
[2024-03-16T11:04:20.632+0000] {processor.py:161} INFO - Started process (PID=3337) to work on /opt/airflow/dags/customers.xlsx
[2024-03-16T11:04:20.636+0000] {processor.py:830} INFO - Processing file /opt/airflow/dags/customers.xlsx for tasks to queue
[2024-03-16T11:04:20.648+0000] {logging_mixin.py:188} INFO - [2024-03-16T11:04:20.647+0000] {dagbag.py:540} INFO - Filling up the DagBag from /opt/airflow/dags/customers.xlsx
[2024-03-16T11:04:20.675+0000] {processor.py:842} WARNING - No viable dags retrieved from /opt/airflow/dags/customers.xlsx
[2024-03-16T11:04:20.712+0000] {processor.py:183} INFO - Processing /opt/airflow/dags/customers.xlsx took 0.102 seconds
[2024-03-16T11:04:51.295+0000] {processor.py:161} INFO - Started process (PID=3350) to work on /opt/airflow/dags/customers.xlsx
[2024-03-16T11:04:51.297+0000] {processor.py:830} INFO - Processing file /opt/airflow/dags/customers.xlsx for tasks to queue
[2024-03-16T11:04:51.300+0000] {logging_mixin.py:188} INFO - [2024-03-16T11:04:51.299+0000] {dagbag.py:540} INFO - Filling up the DagBag from /opt/airflow/dags/customers.xlsx
[2024-03-16T11:04:51.327+0000] {processor.py:842} WARNING - No viable dags retrieved from /opt/airflow/dags/customers.xlsx
[2024-03-16T11:04:51.359+0000] {processor.py:183} INFO - Processing /opt/airflow/dags/customers.xlsx took 0.070 seconds
[2024-03-16T11:05:21.894+0000] {processor.py:161} INFO - Started process (PID=3363) to work on /opt/airflow/dags/customers.xlsx
[2024-03-16T11:05:21.897+0000] {processor.py:830} INFO - Processing file /opt/airflow/dags/customers.xlsx for tasks to queue
[2024-03-16T11:05:21.900+0000] {logging_mixin.py:188} INFO - [2024-03-16T11:05:21.899+0000] {dagbag.py:540} INFO - Filling up the DagBag from /opt/airflow/dags/customers.xlsx
[2024-03-16T11:05:21.927+0000] {processor.py:842} WARNING - No viable dags retrieved from /opt/airflow/dags/customers.xlsx
[2024-03-16T11:05:21.964+0000] {processor.py:183} INFO - Processing /opt/airflow/dags/customers.xlsx took 0.082 seconds
[2024-03-16T11:05:52.619+0000] {processor.py:161} INFO - Started process (PID=3376) to work on /opt/airflow/dags/customers.xlsx
[2024-03-16T11:05:52.623+0000] {processor.py:830} INFO - Processing file /opt/airflow/dags/customers.xlsx for tasks to queue
[2024-03-16T11:05:52.627+0000] {logging_mixin.py:188} INFO - [2024-03-16T11:05:52.626+0000] {dagbag.py:540} INFO - Filling up the DagBag from /opt/airflow/dags/customers.xlsx
[2024-03-16T11:05:52.651+0000] {processor.py:842} WARNING - No viable dags retrieved from /opt/airflow/dags/customers.xlsx
[2024-03-16T11:05:52.683+0000] {processor.py:183} INFO - Processing /opt/airflow/dags/customers.xlsx took 0.080 seconds
[2024-03-16T11:06:23.230+0000] {processor.py:161} INFO - Started process (PID=3389) to work on /opt/airflow/dags/customers.xlsx
[2024-03-16T11:06:23.232+0000] {processor.py:830} INFO - Processing file /opt/airflow/dags/customers.xlsx for tasks to queue
[2024-03-16T11:06:23.235+0000] {logging_mixin.py:188} INFO - [2024-03-16T11:06:23.234+0000] {dagbag.py:540} INFO - Filling up the DagBag from /opt/airflow/dags/customers.xlsx
[2024-03-16T11:06:23.260+0000] {processor.py:842} WARNING - No viable dags retrieved from /opt/airflow/dags/customers.xlsx
[2024-03-16T11:06:23.285+0000] {processor.py:183} INFO - Processing /opt/airflow/dags/customers.xlsx took 0.062 seconds
[2024-03-16T11:06:53.888+0000] {processor.py:161} INFO - Started process (PID=3402) to work on /opt/airflow/dags/customers.xlsx
[2024-03-16T11:06:53.891+0000] {processor.py:830} INFO - Processing file /opt/airflow/dags/customers.xlsx for tasks to queue
[2024-03-16T11:06:53.895+0000] {logging_mixin.py:188} INFO - [2024-03-16T11:06:53.893+0000] {dagbag.py:540} INFO - Filling up the DagBag from /opt/airflow/dags/customers.xlsx
[2024-03-16T11:06:53.924+0000] {processor.py:842} WARNING - No viable dags retrieved from /opt/airflow/dags/customers.xlsx
[2024-03-16T11:06:53.960+0000] {processor.py:183} INFO - Processing /opt/airflow/dags/customers.xlsx took 0.078 seconds
[2024-03-16T11:07:24.309+0000] {processor.py:161} INFO - Started process (PID=3415) to work on /opt/airflow/dags/customers.xlsx
[2024-03-16T11:07:24.313+0000] {processor.py:830} INFO - Processing file /opt/airflow/dags/customers.xlsx for tasks to queue
[2024-03-16T11:07:24.316+0000] {logging_mixin.py:188} INFO - [2024-03-16T11:07:24.315+0000] {dagbag.py:540} INFO - Filling up the DagBag from /opt/airflow/dags/customers.xlsx
[2024-03-16T11:07:24.343+0000] {processor.py:842} WARNING - No viable dags retrieved from /opt/airflow/dags/customers.xlsx
[2024-03-16T11:07:24.377+0000] {processor.py:183} INFO - Processing /opt/airflow/dags/customers.xlsx took 0.079 seconds
[2024-03-16T11:07:55.165+0000] {processor.py:161} INFO - Started process (PID=3429) to work on /opt/airflow/dags/customers.xlsx
[2024-03-16T11:07:55.167+0000] {processor.py:830} INFO - Processing file /opt/airflow/dags/customers.xlsx for tasks to queue
[2024-03-16T11:07:55.170+0000] {logging_mixin.py:188} INFO - [2024-03-16T11:07:55.169+0000] {dagbag.py:540} INFO - Filling up the DagBag from /opt/airflow/dags/customers.xlsx
[2024-03-16T11:07:55.197+0000] {processor.py:842} WARNING - No viable dags retrieved from /opt/airflow/dags/customers.xlsx
[2024-03-16T11:07:55.231+0000] {processor.py:183} INFO - Processing /opt/airflow/dags/customers.xlsx took 0.073 seconds
[2024-03-16T11:08:25.741+0000] {processor.py:161} INFO - Started process (PID=3442) to work on /opt/airflow/dags/customers.xlsx
[2024-03-16T11:08:25.744+0000] {processor.py:830} INFO - Processing file /opt/airflow/dags/customers.xlsx for tasks to queue
[2024-03-16T11:08:25.747+0000] {logging_mixin.py:188} INFO - [2024-03-16T11:08:25.746+0000] {dagbag.py:540} INFO - Filling up the DagBag from /opt/airflow/dags/customers.xlsx
[2024-03-16T11:08:25.772+0000] {processor.py:842} WARNING - No viable dags retrieved from /opt/airflow/dags/customers.xlsx
[2024-03-16T11:08:25.802+0000] {processor.py:183} INFO - Processing /opt/airflow/dags/customers.xlsx took 0.068 seconds
[2024-03-16T11:08:56.250+0000] {processor.py:161} INFO - Started process (PID=3455) to work on /opt/airflow/dags/customers.xlsx
[2024-03-16T11:08:56.253+0000] {processor.py:830} INFO - Processing file /opt/airflow/dags/customers.xlsx for tasks to queue
[2024-03-16T11:08:56.255+0000] {logging_mixin.py:188} INFO - [2024-03-16T11:08:56.255+0000] {dagbag.py:540} INFO - Filling up the DagBag from /opt/airflow/dags/customers.xlsx
[2024-03-16T11:08:56.285+0000] {processor.py:842} WARNING - No viable dags retrieved from /opt/airflow/dags/customers.xlsx
[2024-03-16T11:08:56.320+0000] {processor.py:183} INFO - Processing /opt/airflow/dags/customers.xlsx took 0.077 seconds
[2024-03-16T11:09:26.533+0000] {processor.py:161} INFO - Started process (PID=3468) to work on /opt/airflow/dags/customers.xlsx
[2024-03-16T11:09:26.536+0000] {processor.py:830} INFO - Processing file /opt/airflow/dags/customers.xlsx for tasks to queue
[2024-03-16T11:09:26.538+0000] {logging_mixin.py:188} INFO - [2024-03-16T11:09:26.537+0000] {dagbag.py:540} INFO - Filling up the DagBag from /opt/airflow/dags/customers.xlsx
[2024-03-16T11:09:26.563+0000] {processor.py:842} WARNING - No viable dags retrieved from /opt/airflow/dags/customers.xlsx
[2024-03-16T11:09:26.592+0000] {processor.py:183} INFO - Processing /opt/airflow/dags/customers.xlsx took 0.064 seconds
[2024-03-16T11:09:57.185+0000] {processor.py:161} INFO - Started process (PID=3481) to work on /opt/airflow/dags/customers.xlsx
[2024-03-16T11:09:57.188+0000] {processor.py:830} INFO - Processing file /opt/airflow/dags/customers.xlsx for tasks to queue
[2024-03-16T11:09:57.190+0000] {logging_mixin.py:188} INFO - [2024-03-16T11:09:57.190+0000] {dagbag.py:540} INFO - Filling up the DagBag from /opt/airflow/dags/customers.xlsx
[2024-03-16T11:09:57.212+0000] {processor.py:842} WARNING - No viable dags retrieved from /opt/airflow/dags/customers.xlsx
[2024-03-16T11:09:57.243+0000] {processor.py:183} INFO - Processing /opt/airflow/dags/customers.xlsx took 0.066 seconds
[2024-03-16T11:10:27.811+0000] {processor.py:161} INFO - Started process (PID=3494) to work on /opt/airflow/dags/customers.xlsx
[2024-03-16T11:10:27.813+0000] {processor.py:830} INFO - Processing file /opt/airflow/dags/customers.xlsx for tasks to queue
[2024-03-16T11:10:27.816+0000] {logging_mixin.py:188} INFO - [2024-03-16T11:10:27.816+0000] {dagbag.py:540} INFO - Filling up the DagBag from /opt/airflow/dags/customers.xlsx
[2024-03-16T11:10:27.847+0000] {processor.py:842} WARNING - No viable dags retrieved from /opt/airflow/dags/customers.xlsx
[2024-03-16T11:10:27.882+0000] {processor.py:183} INFO - Processing /opt/airflow/dags/customers.xlsx took 0.080 seconds
[2024-03-16T11:10:58.510+0000] {processor.py:161} INFO - Started process (PID=3507) to work on /opt/airflow/dags/customers.xlsx
[2024-03-16T11:10:58.513+0000] {processor.py:830} INFO - Processing file /opt/airflow/dags/customers.xlsx for tasks to queue
[2024-03-16T11:10:58.515+0000] {logging_mixin.py:188} INFO - [2024-03-16T11:10:58.515+0000] {dagbag.py:540} INFO - Filling up the DagBag from /opt/airflow/dags/customers.xlsx
[2024-03-16T11:10:58.540+0000] {processor.py:842} WARNING - No viable dags retrieved from /opt/airflow/dags/customers.xlsx
[2024-03-16T11:10:58.570+0000] {processor.py:183} INFO - Processing /opt/airflow/dags/customers.xlsx took 0.067 seconds
[2024-03-16T11:11:29.128+0000] {processor.py:161} INFO - Started process (PID=3520) to work on /opt/airflow/dags/customers.xlsx
[2024-03-16T11:11:29.131+0000] {processor.py:830} INFO - Processing file /opt/airflow/dags/customers.xlsx for tasks to queue
[2024-03-16T11:11:29.133+0000] {logging_mixin.py:188} INFO - [2024-03-16T11:11:29.132+0000] {dagbag.py:540} INFO - Filling up the DagBag from /opt/airflow/dags/customers.xlsx
[2024-03-16T11:11:29.161+0000] {processor.py:842} WARNING - No viable dags retrieved from /opt/airflow/dags/customers.xlsx
[2024-03-16T11:11:29.189+0000] {processor.py:183} INFO - Processing /opt/airflow/dags/customers.xlsx took 0.068 seconds
[2024-03-16T11:11:59.808+0000] {processor.py:161} INFO - Started process (PID=3533) to work on /opt/airflow/dags/customers.xlsx
[2024-03-16T11:11:59.810+0000] {processor.py:830} INFO - Processing file /opt/airflow/dags/customers.xlsx for tasks to queue
[2024-03-16T11:11:59.813+0000] {logging_mixin.py:188} INFO - [2024-03-16T11:11:59.812+0000] {dagbag.py:540} INFO - Filling up the DagBag from /opt/airflow/dags/customers.xlsx
[2024-03-16T11:11:59.842+0000] {processor.py:842} WARNING - No viable dags retrieved from /opt/airflow/dags/customers.xlsx
[2024-03-16T11:11:59.877+0000] {processor.py:183} INFO - Processing /opt/airflow/dags/customers.xlsx took 0.077 seconds
[2024-03-16T11:12:30.515+0000] {processor.py:161} INFO - Started process (PID=3546) to work on /opt/airflow/dags/customers.xlsx
[2024-03-16T11:12:30.518+0000] {processor.py:830} INFO - Processing file /opt/airflow/dags/customers.xlsx for tasks to queue
[2024-03-16T11:12:30.521+0000] {logging_mixin.py:188} INFO - [2024-03-16T11:12:30.520+0000] {dagbag.py:540} INFO - Filling up the DagBag from /opt/airflow/dags/customers.xlsx
[2024-03-16T11:12:30.552+0000] {processor.py:842} WARNING - No viable dags retrieved from /opt/airflow/dags/customers.xlsx
[2024-03-16T11:12:30.584+0000] {processor.py:183} INFO - Processing /opt/airflow/dags/customers.xlsx took 0.077 seconds
[2024-03-16T11:13:01.244+0000] {processor.py:161} INFO - Started process (PID=3559) to work on /opt/airflow/dags/customers.xlsx
[2024-03-16T11:13:01.248+0000] {processor.py:830} INFO - Processing file /opt/airflow/dags/customers.xlsx for tasks to queue
[2024-03-16T11:13:01.250+0000] {logging_mixin.py:188} INFO - [2024-03-16T11:13:01.249+0000] {dagbag.py:540} INFO - Filling up the DagBag from /opt/airflow/dags/customers.xlsx
[2024-03-16T11:13:01.274+0000] {processor.py:842} WARNING - No viable dags retrieved from /opt/airflow/dags/customers.xlsx
[2024-03-16T11:13:01.309+0000] {processor.py:183} INFO - Processing /opt/airflow/dags/customers.xlsx took 0.076 seconds
[2024-03-16T11:13:31.772+0000] {processor.py:161} INFO - Started process (PID=3573) to work on /opt/airflow/dags/customers.xlsx
[2024-03-16T11:13:31.774+0000] {processor.py:830} INFO - Processing file /opt/airflow/dags/customers.xlsx for tasks to queue
[2024-03-16T11:13:31.777+0000] {logging_mixin.py:188} INFO - [2024-03-16T11:13:31.776+0000] {dagbag.py:540} INFO - Filling up the DagBag from /opt/airflow/dags/customers.xlsx
[2024-03-16T11:13:31.802+0000] {processor.py:842} WARNING - No viable dags retrieved from /opt/airflow/dags/customers.xlsx
[2024-03-16T11:13:31.832+0000] {processor.py:183} INFO - Processing /opt/airflow/dags/customers.xlsx took 0.068 seconds
[2024-03-16T11:14:01.969+0000] {processor.py:161} INFO - Started process (PID=3586) to work on /opt/airflow/dags/customers.xlsx
[2024-03-16T11:14:01.973+0000] {processor.py:830} INFO - Processing file /opt/airflow/dags/customers.xlsx for tasks to queue
[2024-03-16T11:14:01.976+0000] {logging_mixin.py:188} INFO - [2024-03-16T11:14:01.975+0000] {dagbag.py:540} INFO - Filling up the DagBag from /opt/airflow/dags/customers.xlsx
[2024-03-16T11:14:02.001+0000] {processor.py:842} WARNING - No viable dags retrieved from /opt/airflow/dags/customers.xlsx
[2024-03-16T11:14:02.031+0000] {processor.py:183} INFO - Processing /opt/airflow/dags/customers.xlsx took 0.072 seconds
[2024-03-16T11:14:32.510+0000] {processor.py:161} INFO - Started process (PID=3598) to work on /opt/airflow/dags/customers.xlsx
[2024-03-16T11:14:32.514+0000] {processor.py:830} INFO - Processing file /opt/airflow/dags/customers.xlsx for tasks to queue
[2024-03-16T11:14:32.519+0000] {logging_mixin.py:188} INFO - [2024-03-16T11:14:32.517+0000] {dagbag.py:540} INFO - Filling up the DagBag from /opt/airflow/dags/customers.xlsx
[2024-03-16T11:14:32.547+0000] {processor.py:842} WARNING - No viable dags retrieved from /opt/airflow/dags/customers.xlsx
[2024-03-16T11:14:32.590+0000] {processor.py:183} INFO - Processing /opt/airflow/dags/customers.xlsx took 0.088 seconds
[2024-03-16T11:15:03.064+0000] {processor.py:161} INFO - Started process (PID=3610) to work on /opt/airflow/dags/customers.xlsx
[2024-03-16T11:15:03.066+0000] {processor.py:830} INFO - Processing file /opt/airflow/dags/customers.xlsx for tasks to queue
[2024-03-16T11:15:03.069+0000] {logging_mixin.py:188} INFO - [2024-03-16T11:15:03.068+0000] {dagbag.py:540} INFO - Filling up the DagBag from /opt/airflow/dags/customers.xlsx
[2024-03-16T11:15:03.093+0000] {processor.py:842} WARNING - No viable dags retrieved from /opt/airflow/dags/customers.xlsx
[2024-03-16T11:15:03.122+0000] {processor.py:183} INFO - Processing /opt/airflow/dags/customers.xlsx took 0.065 seconds
[2024-03-16T11:15:33.729+0000] {processor.py:161} INFO - Started process (PID=3623) to work on /opt/airflow/dags/customers.xlsx
[2024-03-16T11:15:33.732+0000] {processor.py:830} INFO - Processing file /opt/airflow/dags/customers.xlsx for tasks to queue
[2024-03-16T11:15:33.734+0000] {logging_mixin.py:188} INFO - [2024-03-16T11:15:33.734+0000] {dagbag.py:540} INFO - Filling up the DagBag from /opt/airflow/dags/customers.xlsx
[2024-03-16T11:15:33.761+0000] {processor.py:842} WARNING - No viable dags retrieved from /opt/airflow/dags/customers.xlsx
[2024-03-16T11:15:33.789+0000] {processor.py:183} INFO - Processing /opt/airflow/dags/customers.xlsx took 0.066 seconds
[2024-03-16T11:16:04.502+0000] {processor.py:161} INFO - Started process (PID=3642) to work on /opt/airflow/dags/customers.xlsx
[2024-03-16T11:16:04.505+0000] {processor.py:830} INFO - Processing file /opt/airflow/dags/customers.xlsx for tasks to queue
[2024-03-16T11:16:04.508+0000] {logging_mixin.py:188} INFO - [2024-03-16T11:16:04.507+0000] {dagbag.py:540} INFO - Filling up the DagBag from /opt/airflow/dags/customers.xlsx
[2024-03-16T11:16:04.535+0000] {processor.py:842} WARNING - No viable dags retrieved from /opt/airflow/dags/customers.xlsx
[2024-03-16T11:16:04.565+0000] {processor.py:183} INFO - Processing /opt/airflow/dags/customers.xlsx took 0.069 seconds
[2024-03-16T11:16:35.008+0000] {processor.py:161} INFO - Started process (PID=3655) to work on /opt/airflow/dags/customers.xlsx
[2024-03-16T11:16:35.010+0000] {processor.py:830} INFO - Processing file /opt/airflow/dags/customers.xlsx for tasks to queue
[2024-03-16T11:16:35.013+0000] {logging_mixin.py:188} INFO - [2024-03-16T11:16:35.012+0000] {dagbag.py:540} INFO - Filling up the DagBag from /opt/airflow/dags/customers.xlsx
[2024-03-16T11:16:35.040+0000] {processor.py:842} WARNING - No viable dags retrieved from /opt/airflow/dags/customers.xlsx
[2024-03-16T11:16:35.073+0000] {processor.py:183} INFO - Processing /opt/airflow/dags/customers.xlsx took 0.073 seconds
[2024-03-16T11:17:05.461+0000] {processor.py:161} INFO - Started process (PID=3668) to work on /opt/airflow/dags/customers.xlsx
[2024-03-16T11:17:05.463+0000] {processor.py:830} INFO - Processing file /opt/airflow/dags/customers.xlsx for tasks to queue
[2024-03-16T11:17:05.465+0000] {logging_mixin.py:188} INFO - [2024-03-16T11:17:05.465+0000] {dagbag.py:540} INFO - Filling up the DagBag from /opt/airflow/dags/customers.xlsx
[2024-03-16T11:17:05.495+0000] {processor.py:842} WARNING - No viable dags retrieved from /opt/airflow/dags/customers.xlsx
[2024-03-16T11:17:05.526+0000] {processor.py:183} INFO - Processing /opt/airflow/dags/customers.xlsx took 0.072 seconds
[2024-03-16T11:17:36.310+0000] {processor.py:161} INFO - Started process (PID=3681) to work on /opt/airflow/dags/customers.xlsx
[2024-03-16T11:17:36.314+0000] {processor.py:830} INFO - Processing file /opt/airflow/dags/customers.xlsx for tasks to queue
[2024-03-16T11:17:36.318+0000] {logging_mixin.py:188} INFO - [2024-03-16T11:17:36.316+0000] {dagbag.py:540} INFO - Filling up the DagBag from /opt/airflow/dags/customers.xlsx
[2024-03-16T11:17:36.347+0000] {processor.py:842} WARNING - No viable dags retrieved from /opt/airflow/dags/customers.xlsx
[2024-03-16T11:17:36.378+0000] {processor.py:183} INFO - Processing /opt/airflow/dags/customers.xlsx took 0.085 seconds
[2024-03-16T11:18:06.773+0000] {processor.py:161} INFO - Started process (PID=3694) to work on /opt/airflow/dags/customers.xlsx
[2024-03-16T11:18:06.776+0000] {processor.py:830} INFO - Processing file /opt/airflow/dags/customers.xlsx for tasks to queue
[2024-03-16T11:18:06.778+0000] {logging_mixin.py:188} INFO - [2024-03-16T11:18:06.778+0000] {dagbag.py:540} INFO - Filling up the DagBag from /opt/airflow/dags/customers.xlsx
[2024-03-16T11:18:06.805+0000] {processor.py:842} WARNING - No viable dags retrieved from /opt/airflow/dags/customers.xlsx
[2024-03-16T11:18:06.833+0000] {processor.py:183} INFO - Processing /opt/airflow/dags/customers.xlsx took 0.066 seconds
[2024-03-16T11:18:37.349+0000] {processor.py:161} INFO - Started process (PID=3707) to work on /opt/airflow/dags/customers.xlsx
[2024-03-16T11:18:37.352+0000] {processor.py:830} INFO - Processing file /opt/airflow/dags/customers.xlsx for tasks to queue
[2024-03-16T11:18:37.354+0000] {logging_mixin.py:188} INFO - [2024-03-16T11:18:37.353+0000] {dagbag.py:540} INFO - Filling up the DagBag from /opt/airflow/dags/customers.xlsx
[2024-03-16T11:18:37.382+0000] {processor.py:842} WARNING - No viable dags retrieved from /opt/airflow/dags/customers.xlsx
[2024-03-16T11:18:37.413+0000] {processor.py:183} INFO - Processing /opt/airflow/dags/customers.xlsx took 0.070 seconds
[2024-03-16T11:19:08.580+0000] {processor.py:161} INFO - Started process (PID=3720) to work on /opt/airflow/dags/customers.xlsx
[2024-03-16T11:19:08.583+0000] {processor.py:830} INFO - Processing file /opt/airflow/dags/customers.xlsx for tasks to queue
[2024-03-16T11:19:08.587+0000] {logging_mixin.py:188} INFO - [2024-03-16T11:19:08.585+0000] {dagbag.py:540} INFO - Filling up the DagBag from /opt/airflow/dags/customers.xlsx
[2024-03-16T11:19:08.605+0000] {processor.py:842} WARNING - No viable dags retrieved from /opt/airflow/dags/customers.xlsx
[2024-03-16T11:19:08.635+0000] {processor.py:183} INFO - Processing /opt/airflow/dags/customers.xlsx took 0.062 seconds
[2024-03-16T11:19:39.336+0000] {processor.py:161} INFO - Started process (PID=3733) to work on /opt/airflow/dags/customers.xlsx
[2024-03-16T11:19:39.339+0000] {processor.py:830} INFO - Processing file /opt/airflow/dags/customers.xlsx for tasks to queue
[2024-03-16T11:19:39.342+0000] {logging_mixin.py:188} INFO - [2024-03-16T11:19:39.341+0000] {dagbag.py:540} INFO - Filling up the DagBag from /opt/airflow/dags/customers.xlsx
[2024-03-16T11:19:39.365+0000] {processor.py:842} WARNING - No viable dags retrieved from /opt/airflow/dags/customers.xlsx
[2024-03-16T11:19:39.395+0000] {processor.py:183} INFO - Processing /opt/airflow/dags/customers.xlsx took 0.067 seconds
[2024-03-16T11:20:09.993+0000] {processor.py:161} INFO - Started process (PID=3746) to work on /opt/airflow/dags/customers.xlsx
[2024-03-16T11:20:09.995+0000] {processor.py:830} INFO - Processing file /opt/airflow/dags/customers.xlsx for tasks to queue
[2024-03-16T11:20:09.997+0000] {logging_mixin.py:188} INFO - [2024-03-16T11:20:09.997+0000] {dagbag.py:540} INFO - Filling up the DagBag from /opt/airflow/dags/customers.xlsx
[2024-03-16T11:20:10.021+0000] {processor.py:842} WARNING - No viable dags retrieved from /opt/airflow/dags/customers.xlsx
[2024-03-16T11:20:10.064+0000] {processor.py:183} INFO - Processing /opt/airflow/dags/customers.xlsx took 0.086 seconds
[2024-03-16T11:20:40.649+0000] {processor.py:161} INFO - Started process (PID=3759) to work on /opt/airflow/dags/customers.xlsx
[2024-03-16T11:20:40.652+0000] {processor.py:830} INFO - Processing file /opt/airflow/dags/customers.xlsx for tasks to queue
[2024-03-16T11:20:40.655+0000] {logging_mixin.py:188} INFO - [2024-03-16T11:20:40.654+0000] {dagbag.py:540} INFO - Filling up the DagBag from /opt/airflow/dags/customers.xlsx
[2024-03-16T11:20:40.680+0000] {processor.py:842} WARNING - No viable dags retrieved from /opt/airflow/dags/customers.xlsx
[2024-03-16T11:20:40.712+0000] {processor.py:183} INFO - Processing /opt/airflow/dags/customers.xlsx took 0.073 seconds
[2024-03-16T11:21:11.290+0000] {processor.py:161} INFO - Started process (PID=3772) to work on /opt/airflow/dags/customers.xlsx
[2024-03-16T11:21:11.292+0000] {processor.py:830} INFO - Processing file /opt/airflow/dags/customers.xlsx for tasks to queue
[2024-03-16T11:21:11.295+0000] {logging_mixin.py:188} INFO - [2024-03-16T11:21:11.294+0000] {dagbag.py:540} INFO - Filling up the DagBag from /opt/airflow/dags/customers.xlsx
[2024-03-16T11:21:11.321+0000] {processor.py:842} WARNING - No viable dags retrieved from /opt/airflow/dags/customers.xlsx
[2024-03-16T11:21:11.356+0000] {processor.py:183} INFO - Processing /opt/airflow/dags/customers.xlsx took 0.072 seconds
[2024-03-16T11:21:41.955+0000] {processor.py:161} INFO - Started process (PID=3785) to work on /opt/airflow/dags/customers.xlsx
[2024-03-16T11:21:41.958+0000] {processor.py:830} INFO - Processing file /opt/airflow/dags/customers.xlsx for tasks to queue
[2024-03-16T11:21:41.961+0000] {logging_mixin.py:188} INFO - [2024-03-16T11:21:41.960+0000] {dagbag.py:540} INFO - Filling up the DagBag from /opt/airflow/dags/customers.xlsx
[2024-03-16T11:21:41.986+0000] {processor.py:842} WARNING - No viable dags retrieved from /opt/airflow/dags/customers.xlsx
[2024-03-16T11:21:42.014+0000] {processor.py:183} INFO - Processing /opt/airflow/dags/customers.xlsx took 0.069 seconds
[2024-03-16T11:22:12.690+0000] {processor.py:161} INFO - Started process (PID=3798) to work on /opt/airflow/dags/customers.xlsx
[2024-03-16T11:22:12.692+0000] {processor.py:830} INFO - Processing file /opt/airflow/dags/customers.xlsx for tasks to queue
[2024-03-16T11:22:12.695+0000] {logging_mixin.py:188} INFO - [2024-03-16T11:22:12.694+0000] {dagbag.py:540} INFO - Filling up the DagBag from /opt/airflow/dags/customers.xlsx
[2024-03-16T11:22:12.722+0000] {processor.py:842} WARNING - No viable dags retrieved from /opt/airflow/dags/customers.xlsx
[2024-03-16T11:22:12.749+0000] {processor.py:183} INFO - Processing /opt/airflow/dags/customers.xlsx took 0.066 seconds
[2024-03-16T11:22:43.221+0000] {processor.py:161} INFO - Started process (PID=3811) to work on /opt/airflow/dags/customers.xlsx
[2024-03-16T11:22:43.227+0000] {processor.py:830} INFO - Processing file /opt/airflow/dags/customers.xlsx for tasks to queue
[2024-03-16T11:22:43.231+0000] {logging_mixin.py:188} INFO - [2024-03-16T11:22:43.230+0000] {dagbag.py:540} INFO - Filling up the DagBag from /opt/airflow/dags/customers.xlsx
[2024-03-16T11:22:43.260+0000] {processor.py:842} WARNING - No viable dags retrieved from /opt/airflow/dags/customers.xlsx
[2024-03-16T11:22:43.308+0000] {processor.py:183} INFO - Processing /opt/airflow/dags/customers.xlsx took 0.096 seconds
[2024-03-16T11:23:13.733+0000] {processor.py:161} INFO - Started process (PID=3824) to work on /opt/airflow/dags/customers.xlsx
[2024-03-16T11:23:13.736+0000] {processor.py:830} INFO - Processing file /opt/airflow/dags/customers.xlsx for tasks to queue
[2024-03-16T11:23:13.738+0000] {logging_mixin.py:188} INFO - [2024-03-16T11:23:13.738+0000] {dagbag.py:540} INFO - Filling up the DagBag from /opt/airflow/dags/customers.xlsx
[2024-03-16T11:23:13.765+0000] {processor.py:842} WARNING - No viable dags retrieved from /opt/airflow/dags/customers.xlsx
[2024-03-16T11:23:13.795+0000] {processor.py:183} INFO - Processing /opt/airflow/dags/customers.xlsx took 0.068 seconds
[2024-03-16T11:23:44.317+0000] {processor.py:161} INFO - Started process (PID=3837) to work on /opt/airflow/dags/customers.xlsx
[2024-03-16T11:23:44.319+0000] {processor.py:830} INFO - Processing file /opt/airflow/dags/customers.xlsx for tasks to queue
[2024-03-16T11:23:44.322+0000] {logging_mixin.py:188} INFO - [2024-03-16T11:23:44.321+0000] {dagbag.py:540} INFO - Filling up the DagBag from /opt/airflow/dags/customers.xlsx
[2024-03-16T11:23:44.347+0000] {processor.py:842} WARNING - No viable dags retrieved from /opt/airflow/dags/customers.xlsx
[2024-03-16T11:23:44.377+0000] {processor.py:183} INFO - Processing /opt/airflow/dags/customers.xlsx took 0.067 seconds
[2024-03-16T11:24:15.011+0000] {processor.py:161} INFO - Started process (PID=3850) to work on /opt/airflow/dags/customers.xlsx
[2024-03-16T11:24:15.014+0000] {processor.py:830} INFO - Processing file /opt/airflow/dags/customers.xlsx for tasks to queue
[2024-03-16T11:24:15.017+0000] {logging_mixin.py:188} INFO - [2024-03-16T11:24:15.016+0000] {dagbag.py:540} INFO - Filling up the DagBag from /opt/airflow/dags/customers.xlsx
[2024-03-16T11:24:15.048+0000] {processor.py:842} WARNING - No viable dags retrieved from /opt/airflow/dags/customers.xlsx
[2024-03-16T11:24:15.083+0000] {processor.py:183} INFO - Processing /opt/airflow/dags/customers.xlsx took 0.081 seconds
[2024-03-16T11:24:46.082+0000] {processor.py:161} INFO - Started process (PID=3863) to work on /opt/airflow/dags/customers.xlsx
[2024-03-16T11:24:46.088+0000] {processor.py:830} INFO - Processing file /opt/airflow/dags/customers.xlsx for tasks to queue
[2024-03-16T11:24:46.093+0000] {logging_mixin.py:188} INFO - [2024-03-16T11:24:46.092+0000] {dagbag.py:540} INFO - Filling up the DagBag from /opt/airflow/dags/customers.xlsx
[2024-03-16T11:24:46.128+0000] {processor.py:842} WARNING - No viable dags retrieved from /opt/airflow/dags/customers.xlsx
[2024-03-16T11:24:46.171+0000] {processor.py:183} INFO - Processing /opt/airflow/dags/customers.xlsx took 0.099 seconds
[2024-03-16T11:25:16.624+0000] {processor.py:161} INFO - Started process (PID=3876) to work on /opt/airflow/dags/customers.xlsx
[2024-03-16T11:25:16.626+0000] {processor.py:830} INFO - Processing file /opt/airflow/dags/customers.xlsx for tasks to queue
[2024-03-16T11:25:16.629+0000] {logging_mixin.py:188} INFO - [2024-03-16T11:25:16.628+0000] {dagbag.py:540} INFO - Filling up the DagBag from /opt/airflow/dags/customers.xlsx
[2024-03-16T11:25:16.657+0000] {processor.py:842} WARNING - No viable dags retrieved from /opt/airflow/dags/customers.xlsx
[2024-03-16T11:25:16.694+0000] {processor.py:183} INFO - Processing /opt/airflow/dags/customers.xlsx took 0.076 seconds
[2024-03-16T11:25:47.261+0000] {processor.py:161} INFO - Started process (PID=3889) to work on /opt/airflow/dags/customers.xlsx
[2024-03-16T11:25:47.264+0000] {processor.py:830} INFO - Processing file /opt/airflow/dags/customers.xlsx for tasks to queue
[2024-03-16T11:25:47.267+0000] {logging_mixin.py:188} INFO - [2024-03-16T11:25:47.266+0000] {dagbag.py:540} INFO - Filling up the DagBag from /opt/airflow/dags/customers.xlsx
[2024-03-16T11:25:47.295+0000] {processor.py:842} WARNING - No viable dags retrieved from /opt/airflow/dags/customers.xlsx
[2024-03-16T11:25:47.328+0000] {processor.py:183} INFO - Processing /opt/airflow/dags/customers.xlsx took 0.074 seconds
[2024-03-16T11:26:17.872+0000] {processor.py:161} INFO - Started process (PID=3902) to work on /opt/airflow/dags/customers.xlsx
[2024-03-16T11:26:17.874+0000] {processor.py:830} INFO - Processing file /opt/airflow/dags/customers.xlsx for tasks to queue
[2024-03-16T11:26:17.877+0000] {logging_mixin.py:188} INFO - [2024-03-16T11:26:17.876+0000] {dagbag.py:540} INFO - Filling up the DagBag from /opt/airflow/dags/customers.xlsx
[2024-03-16T11:26:17.906+0000] {processor.py:842} WARNING - No viable dags retrieved from /opt/airflow/dags/customers.xlsx
[2024-03-16T11:26:17.939+0000] {processor.py:183} INFO - Processing /opt/airflow/dags/customers.xlsx took 0.075 seconds
[2024-03-16T11:26:48.481+0000] {processor.py:161} INFO - Started process (PID=3916) to work on /opt/airflow/dags/customers.xlsx
[2024-03-16T11:26:48.483+0000] {processor.py:830} INFO - Processing file /opt/airflow/dags/customers.xlsx for tasks to queue
[2024-03-16T11:26:48.486+0000] {logging_mixin.py:188} INFO - [2024-03-16T11:26:48.485+0000] {dagbag.py:540} INFO - Filling up the DagBag from /opt/airflow/dags/customers.xlsx
[2024-03-16T11:26:48.512+0000] {processor.py:842} WARNING - No viable dags retrieved from /opt/airflow/dags/customers.xlsx
[2024-03-16T11:26:48.543+0000] {processor.py:183} INFO - Processing /opt/airflow/dags/customers.xlsx took 0.068 seconds
[2024-03-16T11:27:19.182+0000] {processor.py:161} INFO - Started process (PID=3929) to work on /opt/airflow/dags/customers.xlsx
[2024-03-16T11:27:19.184+0000] {processor.py:830} INFO - Processing file /opt/airflow/dags/customers.xlsx for tasks to queue
[2024-03-16T11:27:19.187+0000] {logging_mixin.py:188} INFO - [2024-03-16T11:27:19.186+0000] {dagbag.py:540} INFO - Filling up the DagBag from /opt/airflow/dags/customers.xlsx
[2024-03-16T11:27:19.214+0000] {processor.py:842} WARNING - No viable dags retrieved from /opt/airflow/dags/customers.xlsx
[2024-03-16T11:27:19.245+0000] {processor.py:183} INFO - Processing /opt/airflow/dags/customers.xlsx took 0.069 seconds
[2024-03-16T11:27:49.896+0000] {processor.py:161} INFO - Started process (PID=3942) to work on /opt/airflow/dags/customers.xlsx
[2024-03-16T11:27:49.898+0000] {processor.py:830} INFO - Processing file /opt/airflow/dags/customers.xlsx for tasks to queue
[2024-03-16T11:27:49.901+0000] {logging_mixin.py:188} INFO - [2024-03-16T11:27:49.900+0000] {dagbag.py:540} INFO - Filling up the DagBag from /opt/airflow/dags/customers.xlsx
[2024-03-16T11:27:49.930+0000] {processor.py:842} WARNING - No viable dags retrieved from /opt/airflow/dags/customers.xlsx
[2024-03-16T11:27:49.966+0000] {processor.py:183} INFO - Processing /opt/airflow/dags/customers.xlsx took 0.076 seconds
[2024-03-16T11:28:20.419+0000] {processor.py:161} INFO - Started process (PID=3955) to work on /opt/airflow/dags/customers.xlsx
[2024-03-16T11:28:20.422+0000] {processor.py:830} INFO - Processing file /opt/airflow/dags/customers.xlsx for tasks to queue
[2024-03-16T11:28:20.425+0000] {logging_mixin.py:188} INFO - [2024-03-16T11:28:20.424+0000] {dagbag.py:540} INFO - Filling up the DagBag from /opt/airflow/dags/customers.xlsx
[2024-03-16T11:28:20.456+0000] {processor.py:842} WARNING - No viable dags retrieved from /opt/airflow/dags/customers.xlsx
[2024-03-16T11:28:20.491+0000] {processor.py:183} INFO - Processing /opt/airflow/dags/customers.xlsx took 0.079 seconds
[2024-03-16T11:28:51.124+0000] {processor.py:161} INFO - Started process (PID=3968) to work on /opt/airflow/dags/customers.xlsx
[2024-03-16T11:28:51.127+0000] {processor.py:830} INFO - Processing file /opt/airflow/dags/customers.xlsx for tasks to queue
[2024-03-16T11:28:51.129+0000] {logging_mixin.py:188} INFO - [2024-03-16T11:28:51.129+0000] {dagbag.py:540} INFO - Filling up the DagBag from /opt/airflow/dags/customers.xlsx
[2024-03-16T11:28:51.156+0000] {processor.py:842} WARNING - No viable dags retrieved from /opt/airflow/dags/customers.xlsx
[2024-03-16T11:28:51.187+0000] {processor.py:183} INFO - Processing /opt/airflow/dags/customers.xlsx took 0.071 seconds
[2024-03-16T11:29:21.610+0000] {processor.py:161} INFO - Started process (PID=3981) to work on /opt/airflow/dags/customers.xlsx
[2024-03-16T11:29:21.612+0000] {processor.py:830} INFO - Processing file /opt/airflow/dags/customers.xlsx for tasks to queue
[2024-03-16T11:29:21.615+0000] {logging_mixin.py:188} INFO - [2024-03-16T11:29:21.614+0000] {dagbag.py:540} INFO - Filling up the DagBag from /opt/airflow/dags/customers.xlsx
[2024-03-16T11:29:21.647+0000] {processor.py:842} WARNING - No viable dags retrieved from /opt/airflow/dags/customers.xlsx
[2024-03-16T11:29:21.682+0000] {processor.py:183} INFO - Processing /opt/airflow/dags/customers.xlsx took 0.079 seconds
[2024-03-16T11:29:52.360+0000] {processor.py:161} INFO - Started process (PID=3994) to work on /opt/airflow/dags/customers.xlsx
[2024-03-16T11:29:52.362+0000] {processor.py:830} INFO - Processing file /opt/airflow/dags/customers.xlsx for tasks to queue
[2024-03-16T11:29:52.365+0000] {logging_mixin.py:188} INFO - [2024-03-16T11:29:52.364+0000] {dagbag.py:540} INFO - Filling up the DagBag from /opt/airflow/dags/customers.xlsx
[2024-03-16T11:29:52.396+0000] {processor.py:842} WARNING - No viable dags retrieved from /opt/airflow/dags/customers.xlsx
[2024-03-16T11:29:52.433+0000] {processor.py:183} INFO - Processing /opt/airflow/dags/customers.xlsx took 0.080 seconds
[2024-03-16T11:30:23.016+0000] {processor.py:161} INFO - Started process (PID=4007) to work on /opt/airflow/dags/customers.xlsx
[2024-03-16T11:30:23.018+0000] {processor.py:830} INFO - Processing file /opt/airflow/dags/customers.xlsx for tasks to queue
[2024-03-16T11:30:23.021+0000] {logging_mixin.py:188} INFO - [2024-03-16T11:30:23.020+0000] {dagbag.py:540} INFO - Filling up the DagBag from /opt/airflow/dags/customers.xlsx
[2024-03-16T11:30:23.049+0000] {processor.py:842} WARNING - No viable dags retrieved from /opt/airflow/dags/customers.xlsx
[2024-03-16T11:30:23.083+0000] {processor.py:183} INFO - Processing /opt/airflow/dags/customers.xlsx took 0.077 seconds
[2024-03-16T11:30:53.644+0000] {processor.py:161} INFO - Started process (PID=4019) to work on /opt/airflow/dags/customers.xlsx
[2024-03-16T11:30:53.647+0000] {processor.py:830} INFO - Processing file /opt/airflow/dags/customers.xlsx for tasks to queue
[2024-03-16T11:30:53.651+0000] {logging_mixin.py:188} INFO - [2024-03-16T11:30:53.650+0000] {dagbag.py:540} INFO - Filling up the DagBag from /opt/airflow/dags/customers.xlsx
[2024-03-16T11:30:53.678+0000] {processor.py:842} WARNING - No viable dags retrieved from /opt/airflow/dags/customers.xlsx
[2024-03-16T11:30:53.730+0000] {processor.py:183} INFO - Processing /opt/airflow/dags/customers.xlsx took 0.099 seconds
[2024-03-16T11:33:16.750+0000] {processor.py:161} INFO - Started process (PID=4037) to work on /opt/airflow/dags/customers.xlsx
[2024-03-16T11:33:16.973+0000] {processor.py:830} INFO - Processing file /opt/airflow/dags/customers.xlsx for tasks to queue
[2024-03-16T11:33:17.058+0000] {logging_mixin.py:188} INFO - [2024-03-16T11:33:17.042+0000] {dagbag.py:540} INFO - Filling up the DagBag from /opt/airflow/dags/customers.xlsx
[2024-03-16T11:33:17.203+0000] {processor.py:842} WARNING - No viable dags retrieved from /opt/airflow/dags/customers.xlsx
[2024-03-16T11:33:17.530+0000] {processor.py:183} INFO - Processing /opt/airflow/dags/customers.xlsx took 1.353 seconds
[2024-03-16T11:33:47.811+0000] {processor.py:161} INFO - Started process (PID=4048) to work on /opt/airflow/dags/customers.xlsx
[2024-03-16T11:33:47.813+0000] {processor.py:830} INFO - Processing file /opt/airflow/dags/customers.xlsx for tasks to queue
[2024-03-16T11:33:47.815+0000] {logging_mixin.py:188} INFO - [2024-03-16T11:33:47.814+0000] {dagbag.py:540} INFO - Filling up the DagBag from /opt/airflow/dags/customers.xlsx
[2024-03-16T11:33:47.827+0000] {processor.py:842} WARNING - No viable dags retrieved from /opt/airflow/dags/customers.xlsx
[2024-03-16T11:33:47.845+0000] {processor.py:183} INFO - Processing /opt/airflow/dags/customers.xlsx took 0.039 seconds
[2024-03-16T11:34:18.622+0000] {processor.py:161} INFO - Started process (PID=4061) to work on /opt/airflow/dags/customers.xlsx
[2024-03-16T11:34:18.626+0000] {processor.py:830} INFO - Processing file /opt/airflow/dags/customers.xlsx for tasks to queue
[2024-03-16T11:34:18.633+0000] {logging_mixin.py:188} INFO - [2024-03-16T11:34:18.631+0000] {dagbag.py:540} INFO - Filling up the DagBag from /opt/airflow/dags/customers.xlsx
[2024-03-16T11:34:18.652+0000] {processor.py:842} WARNING - No viable dags retrieved from /opt/airflow/dags/customers.xlsx
[2024-03-16T11:34:18.700+0000] {processor.py:183} INFO - Processing /opt/airflow/dags/customers.xlsx took 0.085 seconds
[2024-03-16T11:34:49.355+0000] {processor.py:161} INFO - Started process (PID=4074) to work on /opt/airflow/dags/customers.xlsx
[2024-03-16T11:34:49.357+0000] {processor.py:830} INFO - Processing file /opt/airflow/dags/customers.xlsx for tasks to queue
[2024-03-16T11:34:49.359+0000] {logging_mixin.py:188} INFO - [2024-03-16T11:34:49.358+0000] {dagbag.py:540} INFO - Filling up the DagBag from /opt/airflow/dags/customers.xlsx
[2024-03-16T11:34:49.373+0000] {processor.py:842} WARNING - No viable dags retrieved from /opt/airflow/dags/customers.xlsx
[2024-03-16T11:34:49.390+0000] {processor.py:183} INFO - Processing /opt/airflow/dags/customers.xlsx took 0.039 seconds
[2024-03-16T11:35:19.882+0000] {processor.py:161} INFO - Started process (PID=4087) to work on /opt/airflow/dags/customers.xlsx
[2024-03-16T11:35:19.884+0000] {processor.py:830} INFO - Processing file /opt/airflow/dags/customers.xlsx for tasks to queue
[2024-03-16T11:35:19.886+0000] {logging_mixin.py:188} INFO - [2024-03-16T11:35:19.885+0000] {dagbag.py:540} INFO - Filling up the DagBag from /opt/airflow/dags/customers.xlsx
[2024-03-16T11:35:19.900+0000] {processor.py:842} WARNING - No viable dags retrieved from /opt/airflow/dags/customers.xlsx
[2024-03-16T11:35:19.921+0000] {processor.py:183} INFO - Processing /opt/airflow/dags/customers.xlsx took 0.044 seconds
[2024-03-16T11:35:50.560+0000] {processor.py:161} INFO - Started process (PID=4100) to work on /opt/airflow/dags/customers.xlsx
[2024-03-16T11:35:50.562+0000] {processor.py:830} INFO - Processing file /opt/airflow/dags/customers.xlsx for tasks to queue
[2024-03-16T11:35:50.564+0000] {logging_mixin.py:188} INFO - [2024-03-16T11:35:50.563+0000] {dagbag.py:540} INFO - Filling up the DagBag from /opt/airflow/dags/customers.xlsx
[2024-03-16T11:35:50.579+0000] {processor.py:842} WARNING - No viable dags retrieved from /opt/airflow/dags/customers.xlsx
[2024-03-16T11:35:50.595+0000] {processor.py:183} INFO - Processing /opt/airflow/dags/customers.xlsx took 0.039 seconds
[2024-03-16T11:36:21.276+0000] {processor.py:161} INFO - Started process (PID=4113) to work on /opt/airflow/dags/customers.xlsx
[2024-03-16T11:36:21.277+0000] {processor.py:830} INFO - Processing file /opt/airflow/dags/customers.xlsx for tasks to queue
[2024-03-16T11:36:21.279+0000] {logging_mixin.py:188} INFO - [2024-03-16T11:36:21.279+0000] {dagbag.py:540} INFO - Filling up the DagBag from /opt/airflow/dags/customers.xlsx
[2024-03-16T11:36:21.295+0000] {processor.py:842} WARNING - No viable dags retrieved from /opt/airflow/dags/customers.xlsx
[2024-03-16T11:36:21.324+0000] {processor.py:183} INFO - Processing /opt/airflow/dags/customers.xlsx took 0.052 seconds
[2024-03-16T11:36:52.165+0000] {processor.py:161} INFO - Started process (PID=4126) to work on /opt/airflow/dags/customers.xlsx
[2024-03-16T11:36:52.166+0000] {processor.py:830} INFO - Processing file /opt/airflow/dags/customers.xlsx for tasks to queue
[2024-03-16T11:36:52.167+0000] {logging_mixin.py:188} INFO - [2024-03-16T11:36:52.167+0000] {dagbag.py:540} INFO - Filling up the DagBag from /opt/airflow/dags/customers.xlsx
[2024-03-16T11:36:52.180+0000] {processor.py:842} WARNING - No viable dags retrieved from /opt/airflow/dags/customers.xlsx
[2024-03-16T11:36:52.196+0000] {processor.py:183} INFO - Processing /opt/airflow/dags/customers.xlsx took 0.035 seconds
[2024-03-16T11:37:22.901+0000] {processor.py:161} INFO - Started process (PID=4139) to work on /opt/airflow/dags/customers.xlsx
[2024-03-16T11:37:22.903+0000] {processor.py:830} INFO - Processing file /opt/airflow/dags/customers.xlsx for tasks to queue
[2024-03-16T11:37:22.904+0000] {logging_mixin.py:188} INFO - [2024-03-16T11:37:22.904+0000] {dagbag.py:540} INFO - Filling up the DagBag from /opt/airflow/dags/customers.xlsx
[2024-03-16T11:37:22.918+0000] {processor.py:842} WARNING - No viable dags retrieved from /opt/airflow/dags/customers.xlsx
[2024-03-16T11:37:22.936+0000] {processor.py:183} INFO - Processing /opt/airflow/dags/customers.xlsx took 0.040 seconds
[2024-03-16T11:37:53.746+0000] {processor.py:161} INFO - Started process (PID=4152) to work on /opt/airflow/dags/customers.xlsx
[2024-03-16T11:37:53.748+0000] {processor.py:830} INFO - Processing file /opt/airflow/dags/customers.xlsx for tasks to queue
[2024-03-16T11:37:53.751+0000] {logging_mixin.py:188} INFO - [2024-03-16T11:37:53.750+0000] {dagbag.py:540} INFO - Filling up the DagBag from /opt/airflow/dags/customers.xlsx
[2024-03-16T11:37:53.769+0000] {processor.py:842} WARNING - No viable dags retrieved from /opt/airflow/dags/customers.xlsx
[2024-03-16T11:37:53.836+0000] {processor.py:183} INFO - Processing /opt/airflow/dags/customers.xlsx took 0.098 seconds
[2024-03-16T11:38:24.303+0000] {processor.py:161} INFO - Started process (PID=4171) to work on /opt/airflow/dags/customers.xlsx
[2024-03-16T11:38:24.304+0000] {processor.py:830} INFO - Processing file /opt/airflow/dags/customers.xlsx for tasks to queue
[2024-03-16T11:38:24.306+0000] {logging_mixin.py:188} INFO - [2024-03-16T11:38:24.305+0000] {dagbag.py:540} INFO - Filling up the DagBag from /opt/airflow/dags/customers.xlsx
[2024-03-16T11:38:24.319+0000] {processor.py:842} WARNING - No viable dags retrieved from /opt/airflow/dags/customers.xlsx
[2024-03-16T11:38:24.336+0000] {processor.py:183} INFO - Processing /opt/airflow/dags/customers.xlsx took 0.037 seconds
[2024-03-16T11:38:54.709+0000] {processor.py:161} INFO - Started process (PID=4184) to work on /opt/airflow/dags/customers.xlsx
[2024-03-16T11:38:54.710+0000] {processor.py:830} INFO - Processing file /opt/airflow/dags/customers.xlsx for tasks to queue
[2024-03-16T11:38:54.712+0000] {logging_mixin.py:188} INFO - [2024-03-16T11:38:54.711+0000] {dagbag.py:540} INFO - Filling up the DagBag from /opt/airflow/dags/customers.xlsx
[2024-03-16T11:38:54.726+0000] {processor.py:842} WARNING - No viable dags retrieved from /opt/airflow/dags/customers.xlsx
[2024-03-16T11:38:54.746+0000] {processor.py:183} INFO - Processing /opt/airflow/dags/customers.xlsx took 0.042 seconds
[2024-03-16T11:39:25.018+0000] {processor.py:161} INFO - Started process (PID=4195) to work on /opt/airflow/dags/customers.xlsx
[2024-03-16T11:39:25.019+0000] {processor.py:830} INFO - Processing file /opt/airflow/dags/customers.xlsx for tasks to queue
[2024-03-16T11:39:25.021+0000] {logging_mixin.py:188} INFO - [2024-03-16T11:39:25.021+0000] {dagbag.py:540} INFO - Filling up the DagBag from /opt/airflow/dags/customers.xlsx
[2024-03-16T11:39:25.036+0000] {processor.py:842} WARNING - No viable dags retrieved from /opt/airflow/dags/customers.xlsx
[2024-03-16T11:39:25.053+0000] {processor.py:183} INFO - Processing /opt/airflow/dags/customers.xlsx took 0.039 seconds
[2024-03-16T11:39:56.059+0000] {processor.py:161} INFO - Started process (PID=4206) to work on /opt/airflow/dags/customers.xlsx
[2024-03-16T11:39:56.061+0000] {processor.py:830} INFO - Processing file /opt/airflow/dags/customers.xlsx for tasks to queue
[2024-03-16T11:39:56.064+0000] {logging_mixin.py:188} INFO - [2024-03-16T11:39:56.063+0000] {dagbag.py:540} INFO - Filling up the DagBag from /opt/airflow/dags/customers.xlsx
[2024-03-16T11:39:56.080+0000] {processor.py:842} WARNING - No viable dags retrieved from /opt/airflow/dags/customers.xlsx
[2024-03-16T11:39:56.125+0000] {processor.py:183} INFO - Processing /opt/airflow/dags/customers.xlsx took 0.073 seconds
[2024-03-16T11:40:26.894+0000] {processor.py:161} INFO - Started process (PID=4217) to work on /opt/airflow/dags/customers.xlsx
[2024-03-16T11:40:26.897+0000] {processor.py:830} INFO - Processing file /opt/airflow/dags/customers.xlsx for tasks to queue
[2024-03-16T11:40:26.899+0000] {logging_mixin.py:188} INFO - [2024-03-16T11:40:26.898+0000] {dagbag.py:540} INFO - Filling up the DagBag from /opt/airflow/dags/customers.xlsx
[2024-03-16T11:40:26.910+0000] {processor.py:842} WARNING - No viable dags retrieved from /opt/airflow/dags/customers.xlsx
[2024-03-16T11:40:26.928+0000] {processor.py:183} INFO - Processing /opt/airflow/dags/customers.xlsx took 0.038 seconds
[2024-03-16T11:40:57.888+0000] {processor.py:161} INFO - Started process (PID=4228) to work on /opt/airflow/dags/customers.xlsx
[2024-03-16T11:40:57.890+0000] {processor.py:830} INFO - Processing file /opt/airflow/dags/customers.xlsx for tasks to queue
[2024-03-16T11:40:57.891+0000] {logging_mixin.py:188} INFO - [2024-03-16T11:40:57.891+0000] {dagbag.py:540} INFO - Filling up the DagBag from /opt/airflow/dags/customers.xlsx
[2024-03-16T11:40:57.905+0000] {processor.py:842} WARNING - No viable dags retrieved from /opt/airflow/dags/customers.xlsx
[2024-03-16T11:40:57.922+0000] {processor.py:183} INFO - Processing /opt/airflow/dags/customers.xlsx took 0.037 seconds
[2024-03-16T11:41:28.785+0000] {processor.py:161} INFO - Started process (PID=4239) to work on /opt/airflow/dags/customers.xlsx
[2024-03-16T11:41:28.787+0000] {processor.py:830} INFO - Processing file /opt/airflow/dags/customers.xlsx for tasks to queue
[2024-03-16T11:41:28.788+0000] {logging_mixin.py:188} INFO - [2024-03-16T11:41:28.788+0000] {dagbag.py:540} INFO - Filling up the DagBag from /opt/airflow/dags/customers.xlsx
[2024-03-16T11:41:28.801+0000] {processor.py:842} WARNING - No viable dags retrieved from /opt/airflow/dags/customers.xlsx
[2024-03-16T11:41:28.819+0000] {processor.py:183} INFO - Processing /opt/airflow/dags/customers.xlsx took 0.038 seconds
[2024-03-16T11:41:59.646+0000] {processor.py:161} INFO - Started process (PID=4250) to work on /opt/airflow/dags/customers.xlsx
[2024-03-16T11:41:59.650+0000] {processor.py:830} INFO - Processing file /opt/airflow/dags/customers.xlsx for tasks to queue
[2024-03-16T11:41:59.652+0000] {logging_mixin.py:188} INFO - [2024-03-16T11:41:59.652+0000] {dagbag.py:540} INFO - Filling up the DagBag from /opt/airflow/dags/customers.xlsx
[2024-03-16T11:41:59.670+0000] {processor.py:842} WARNING - No viable dags retrieved from /opt/airflow/dags/customers.xlsx
[2024-03-16T11:41:59.690+0000] {processor.py:183} INFO - Processing /opt/airflow/dags/customers.xlsx took 0.049 seconds
[2024-03-16T11:42:30.402+0000] {processor.py:161} INFO - Started process (PID=4261) to work on /opt/airflow/dags/customers.xlsx
[2024-03-16T11:42:30.411+0000] {processor.py:830} INFO - Processing file /opt/airflow/dags/customers.xlsx for tasks to queue
[2024-03-16T11:42:30.413+0000] {logging_mixin.py:188} INFO - [2024-03-16T11:42:30.413+0000] {dagbag.py:540} INFO - Filling up the DagBag from /opt/airflow/dags/customers.xlsx
[2024-03-16T11:42:30.428+0000] {processor.py:842} WARNING - No viable dags retrieved from /opt/airflow/dags/customers.xlsx
[2024-03-16T11:42:30.447+0000] {processor.py:183} INFO - Processing /opt/airflow/dags/customers.xlsx took 0.051 seconds
[2024-03-16T11:43:01.217+0000] {processor.py:161} INFO - Started process (PID=4272) to work on /opt/airflow/dags/customers.xlsx
[2024-03-16T11:43:01.219+0000] {processor.py:830} INFO - Processing file /opt/airflow/dags/customers.xlsx for tasks to queue
[2024-03-16T11:43:01.221+0000] {logging_mixin.py:188} INFO - [2024-03-16T11:43:01.220+0000] {dagbag.py:540} INFO - Filling up the DagBag from /opt/airflow/dags/customers.xlsx
[2024-03-16T11:43:01.231+0000] {processor.py:842} WARNING - No viable dags retrieved from /opt/airflow/dags/customers.xlsx
[2024-03-16T11:43:01.248+0000] {processor.py:183} INFO - Processing /opt/airflow/dags/customers.xlsx took 0.035 seconds
[2024-03-16T11:43:32.020+0000] {processor.py:161} INFO - Started process (PID=4283) to work on /opt/airflow/dags/customers.xlsx
[2024-03-16T11:43:32.022+0000] {processor.py:830} INFO - Processing file /opt/airflow/dags/customers.xlsx for tasks to queue
[2024-03-16T11:43:32.023+0000] {logging_mixin.py:188} INFO - [2024-03-16T11:43:32.023+0000] {dagbag.py:540} INFO - Filling up the DagBag from /opt/airflow/dags/customers.xlsx
[2024-03-16T11:43:32.036+0000] {processor.py:842} WARNING - No viable dags retrieved from /opt/airflow/dags/customers.xlsx
[2024-03-16T11:43:32.052+0000] {processor.py:183} INFO - Processing /opt/airflow/dags/customers.xlsx took 0.036 seconds
[2024-03-16T11:44:02.263+0000] {processor.py:161} INFO - Started process (PID=4296) to work on /opt/airflow/dags/customers.xlsx
[2024-03-16T11:44:02.265+0000] {processor.py:830} INFO - Processing file /opt/airflow/dags/customers.xlsx for tasks to queue
[2024-03-16T11:44:02.266+0000] {logging_mixin.py:188} INFO - [2024-03-16T11:44:02.266+0000] {dagbag.py:540} INFO - Filling up the DagBag from /opt/airflow/dags/customers.xlsx
[2024-03-16T11:44:02.278+0000] {processor.py:842} WARNING - No viable dags retrieved from /opt/airflow/dags/customers.xlsx
[2024-03-16T11:44:02.296+0000] {processor.py:183} INFO - Processing /opt/airflow/dags/customers.xlsx took 0.036 seconds
[2024-03-16T11:44:32.705+0000] {processor.py:161} INFO - Started process (PID=4309) to work on /opt/airflow/dags/customers.xlsx
[2024-03-16T11:44:32.707+0000] {processor.py:830} INFO - Processing file /opt/airflow/dags/customers.xlsx for tasks to queue
[2024-03-16T11:44:32.709+0000] {logging_mixin.py:188} INFO - [2024-03-16T11:44:32.709+0000] {dagbag.py:540} INFO - Filling up the DagBag from /opt/airflow/dags/customers.xlsx
[2024-03-16T11:44:32.731+0000] {processor.py:842} WARNING - No viable dags retrieved from /opt/airflow/dags/customers.xlsx
[2024-03-16T11:44:32.753+0000] {processor.py:183} INFO - Processing /opt/airflow/dags/customers.xlsx took 0.054 seconds
[2024-03-16T11:45:03.330+0000] {processor.py:161} INFO - Started process (PID=4322) to work on /opt/airflow/dags/customers.xlsx
[2024-03-16T11:45:03.332+0000] {processor.py:830} INFO - Processing file /opt/airflow/dags/customers.xlsx for tasks to queue
[2024-03-16T11:45:03.333+0000] {logging_mixin.py:188} INFO - [2024-03-16T11:45:03.333+0000] {dagbag.py:540} INFO - Filling up the DagBag from /opt/airflow/dags/customers.xlsx
[2024-03-16T11:45:03.345+0000] {processor.py:842} WARNING - No viable dags retrieved from /opt/airflow/dags/customers.xlsx
[2024-03-16T11:45:03.363+0000] {processor.py:183} INFO - Processing /opt/airflow/dags/customers.xlsx took 0.037 seconds
