[2024-05-06T13:57:39.257+0000] {taskinstance.py:1979} INFO - Dependencies all met for dep_context=non-requeueable deps ti=<TaskInstance: ETL_Flow.insert_data_from_files scheduled__2024-05-04T21:11:00+00:00 [queued]>
[2024-05-06T13:57:39.329+0000] {taskinstance.py:1979} INFO - Dependencies all met for dep_context=requeueable deps ti=<TaskInstance: ETL_Flow.insert_data_from_files scheduled__2024-05-04T21:11:00+00:00 [queued]>
[2024-05-06T13:57:39.336+0000] {taskinstance.py:2193} INFO - Starting attempt 1 of 6
[2024-05-06T13:57:39.378+0000] {taskinstance.py:2214} INFO - Executing <Task(PythonOperator): insert_data_from_files> on 2024-05-04 21:11:00+00:00
[2024-05-06T13:57:39.391+0000] {standard_task_runner.py:60} INFO - Started process 10436 to run task
[2024-05-06T13:57:39.400+0000] {standard_task_runner.py:87} INFO - Running: ['***', 'tasks', 'run', 'ETL_Flow', 'insert_data_from_files', 'scheduled__2024-05-04T21:11:00+00:00', '--job-id', '3339', '--raw', '--subdir', 'DAGS_FOLDER/ETL.py', '--cfg-path', '/tmp/tmppe3ktb36']
[2024-05-06T13:57:39.409+0000] {standard_task_runner.py:88} INFO - Job 3339: Subtask insert_data_from_files
[2024-05-06T13:57:39.656+0000] {task_command.py:423} INFO - Running <TaskInstance: ETL_Flow.insert_data_from_files scheduled__2024-05-04T21:11:00+00:00 [running]> on host 518f7ecc027f
[2024-05-06T13:57:41.670+0000] {taskinstance.py:2510} INFO - Exporting env vars: AIRFLOW_CTX_DAG_OWNER='coder2j' AIRFLOW_CTX_DAG_ID='ETL_Flow' AIRFLOW_CTX_TASK_ID='insert_data_from_files' AIRFLOW_CTX_EXECUTION_DATE='2024-05-04T21:11:00+00:00' AIRFLOW_CTX_TRY_NUMBER='1' AIRFLOW_CTX_DAG_RUN_ID='scheduled__2024-05-04T21:11:00+00:00'
[2024-05-06T13:57:42.614+0000] {base.py:83} INFO - Using connection ID 'postgres_localhost' for task execution.
[2024-05-06T13:57:42.752+0000] {sql.py:572} INFO - Done loading. Loaded a total of 50 rows into MRR_Dim_Customers
[2024-05-06T13:57:42.889+0000] {base.py:83} INFO - Using connection ID 'postgres_localhost' for task execution.
[2024-05-06T13:57:47.151+0000] {sql.py:572} INFO - Done loading. Loaded a total of 312 rows into MRR_Fact_Events
[2024-05-06T13:57:47.226+0000] {base.py:83} INFO - Using connection ID 'postgres_localhost' for task execution.
[2024-05-06T13:57:47.457+0000] {sql.py:572} INFO - Done loading. Loaded a total of 77 rows into MRR_Dim_Products
[2024-05-06T13:57:47.600+0000] {base.py:83} INFO - Using connection ID 'postgres_localhost' for task execution.
[2024-05-06T13:57:48.050+0000] {sql.py:572} INFO - Done loading. Loaded a total of 155 rows into MRR_Fact_Orders
[2024-05-06T13:57:48.135+0000] {base.py:83} INFO - Using connection ID 'postgres_localhost' for task execution.
[2024-05-06T13:57:48.795+0000] {sql.py:572} INFO - Done loading. Loaded a total of 261 rows into MRR_Fact_Details
[2024-05-06T13:57:48.796+0000] {python.py:202} INFO - Done. Returned value was: None
[2024-05-06T13:57:48.810+0000] {taskinstance.py:1149} INFO - Marking task as SUCCESS. dag_id=ETL_Flow, task_id=insert_data_from_files, execution_date=20240504T211100, start_date=20240506T135739, end_date=20240506T135748
[2024-05-06T13:57:48.876+0000] {local_task_job_runner.py:234} INFO - Task exited with return code 0
[2024-05-06T13:57:48.891+0000] {warnings.py:109} WARNING - /home/***/.local/lib/python3.8/site-packages/***/models/baseoperator.py:1201: AirflowProviderDeprecationWarning: Call to deprecated class PostgresOperator. (Please use `***.providers.common.sql.operators.sql.SQLExecuteQueryOperator`.Also, you can provide `hook_params={'schema': <database>}`.)
  result = cls.__new__(cls)

[2024-05-06T13:57:49.229+0000] {taskinstance.py:3309} INFO - 1 downstream tasks scheduled from follow-on schedule check
