[2024-03-30T13:05:34.521+0000] {taskinstance.py:1979} INFO - Dependencies all met for dep_context=non-requeueable deps ti=<TaskInstance: ETL_Flow.insert_data_from_files scheduled__2024-03-25T21:11:00+00:00 [queued]>
[2024-03-30T13:05:34.542+0000] {taskinstance.py:1979} INFO - Dependencies all met for dep_context=requeueable deps ti=<TaskInstance: ETL_Flow.insert_data_from_files scheduled__2024-03-25T21:11:00+00:00 [queued]>
[2024-03-30T13:05:34.543+0000] {taskinstance.py:2193} INFO - Starting attempt 17 of 22
[2024-03-30T13:05:34.575+0000] {taskinstance.py:2214} INFO - Executing <Task(PythonOperator): insert_data_from_files> on 2024-03-25 21:11:00+00:00
[2024-03-30T13:05:34.586+0000] {standard_task_runner.py:60} INFO - Started process 16803 to run task
[2024-03-30T13:05:34.592+0000] {standard_task_runner.py:87} INFO - Running: ['***', 'tasks', 'run', 'ETL_Flow', 'insert_data_from_files', 'scheduled__2024-03-25T21:11:00+00:00', '--job-id', '2476', '--raw', '--subdir', 'DAGS_FOLDER/ETL.py', '--cfg-path', '/tmp/tmpm0gegklx']
[2024-03-30T13:05:34.597+0000] {standard_task_runner.py:88} INFO - Job 2476: Subtask insert_data_from_files
[2024-03-30T13:05:34.712+0000] {task_command.py:423} INFO - Running <TaskInstance: ETL_Flow.insert_data_from_files scheduled__2024-03-25T21:11:00+00:00 [running]> on host cb216a3a40e5
[2024-03-30T13:05:35.159+0000] {taskinstance.py:2510} INFO - Exporting env vars: AIRFLOW_CTX_DAG_OWNER='coder2j' AIRFLOW_CTX_DAG_ID='ETL_Flow' AIRFLOW_CTX_TASK_ID='insert_data_from_files' AIRFLOW_CTX_EXECUTION_DATE='2024-03-25T21:11:00+00:00' AIRFLOW_CTX_TRY_NUMBER='17' AIRFLOW_CTX_DAG_RUN_ID='scheduled__2024-03-25T21:11:00+00:00'
[2024-03-30T13:05:35.976+0000] {base.py:83} INFO - Using connection ID 'postgres_localhost' for task execution.
[2024-03-30T13:05:36.487+0000] {sql.py:572} INFO - Done loading. Loaded a total of 90 rows into MRR_Dim_Customers
[2024-03-30T13:05:36.664+0000] {base.py:83} INFO - Using connection ID 'postgres_localhost' for task execution.
[2024-03-30T13:05:36.903+0000] {sql.py:572} INFO - Done loading. Loaded a total of 47 rows into MRR_Dim_Employees
[2024-03-30T13:05:36.989+0000] {base.py:83} INFO - Using connection ID 'postgres_localhost' for task execution.
[2024-03-30T13:05:37.359+0000] {sql.py:572} INFO - Done loading. Loaded a total of 77 rows into MRR_Dim_Products
[2024-03-30T13:05:37.641+0000] {base.py:83} INFO - Using connection ID 'postgres_localhost' for task execution.
[2024-03-30T13:05:41.358+0000] {sql.py:572} INFO - Done loading. Loaded a total of 836 rows into MRR_Fact_Orders
[2024-03-30T13:05:41.725+0000] {base.py:83} INFO - Using connection ID 'postgres_localhost' for task execution.
[2024-03-30T13:05:46.615+0000] {sql.py:568} INFO - Loaded 1000 rows into MRR_Fact_Details so far
[2024-03-30T13:05:50.751+0000] {sql.py:568} INFO - Loaded 2000 rows into MRR_Fact_Details so far
[2024-03-30T13:05:51.539+0000] {sql.py:572} INFO - Done loading. Loaded a total of 2172 rows into MRR_Fact_Details
[2024-03-30T13:05:51.541+0000] {python.py:202} INFO - Done. Returned value was: None
[2024-03-30T13:05:51.576+0000] {taskinstance.py:1149} INFO - Marking task as SUCCESS. dag_id=ETL_Flow, task_id=insert_data_from_files, execution_date=20240325T211100, start_date=20240330T130534, end_date=20240330T130551
[2024-03-30T13:05:51.653+0000] {local_task_job_runner.py:234} INFO - Task exited with return code 0
[2024-03-30T13:05:51.675+0000] {warnings.py:109} WARNING - /home/***/.local/lib/python3.8/site-packages/***/models/baseoperator.py:1201: AirflowProviderDeprecationWarning: Call to deprecated class PostgresOperator. (Please use `***.providers.common.sql.operators.sql.SQLExecuteQueryOperator`.Also, you can provide `hook_params={'schema': <database>}`.)
  result = cls.__new__(cls)

[2024-03-30T13:05:51.744+0000] {taskinstance.py:3309} INFO - 1 downstream tasks scheduled from follow-on schedule check
