[2024-03-26T18:58:35.846+0000] {taskinstance.py:1979} INFO - Dependencies all met for dep_context=non-requeueable deps ti=<TaskInstance: ETL_Flow.truncate_mrr_stg scheduled__2024-03-22T21:11:00+00:00 [queued]>
[2024-03-26T18:58:35.920+0000] {taskinstance.py:1979} INFO - Dependencies all met for dep_context=requeueable deps ti=<TaskInstance: ETL_Flow.truncate_mrr_stg scheduled__2024-03-22T21:11:00+00:00 [queued]>
[2024-03-26T18:58:35.922+0000] {taskinstance.py:2193} INFO - Starting attempt 1 of 6
[2024-03-26T18:58:36.006+0000] {taskinstance.py:2214} INFO - Executing <Task(PostgresOperator): truncate_mrr_stg> on 2024-03-22 21:11:00+00:00
[2024-03-26T18:58:36.021+0000] {standard_task_runner.py:60} INFO - Started process 89 to run task
[2024-03-26T18:58:36.045+0000] {standard_task_runner.py:87} INFO - Running: ['***', 'tasks', 'run', 'ETL_Flow', 'truncate_mrr_stg', 'scheduled__2024-03-22T21:11:00+00:00', '--job-id', '2217', '--raw', '--subdir', 'DAGS_FOLDER/ETL.py', '--cfg-path', '/tmp/tmpa0e8uq1y']
[2024-03-26T18:58:36.058+0000] {standard_task_runner.py:88} INFO - Job 2217: Subtask truncate_mrr_stg
[2024-03-26T18:58:36.308+0000] {task_command.py:423} INFO - Running <TaskInstance: ETL_Flow.truncate_mrr_stg scheduled__2024-03-22T21:11:00+00:00 [running]> on host cb216a3a40e5
[2024-03-26T18:58:39.381+0000] {taskinstance.py:2510} INFO - Exporting env vars: AIRFLOW_CTX_DAG_OWNER='coder2j' AIRFLOW_CTX_DAG_ID='ETL_Flow' AIRFLOW_CTX_TASK_ID='truncate_mrr_stg' AIRFLOW_CTX_EXECUTION_DATE='2024-03-22T21:11:00+00:00' AIRFLOW_CTX_TRY_NUMBER='1' AIRFLOW_CTX_DAG_RUN_ID='scheduled__2024-03-22T21:11:00+00:00'
[2024-03-26T18:58:39.385+0000] {sql.py:276} INFO - Executing: TRUNCATE TABLE MRR_Dim_Customers;
TRUNCATE TABLE MRR_Dim_Employees;
TRUNCATE TABLE MRR_Dim_Products;
TRUNCATE TABLE MRR_Fact_Details;
TRUNCATE TABLE MRR_Fact_Orders;
TRUNCATE TABLE STG_Dim_Customers;
TRUNCATE TABLE STG_Dim_Dates;
TRUNCATE TABLE STG_Dim_Employees;
TRUNCATE TABLE STG_Dim_Products;
TRUNCATE TABLE STG_Dim_Time;
TRUNCATE TABLE STG_Fact_Orders;
TRUNCATE TABLE STG_Fact_Details;
[2024-03-26T18:58:39.425+0000] {base.py:83} INFO - Using connection ID 'postgres_localhost' for task execution.
[2024-03-26T18:58:39.490+0000] {base.py:83} INFO - Using connection ID 'postgres_localhost' for task execution.
[2024-03-26T18:58:39.545+0000] {sql.py:457} INFO - Running statement: TRUNCATE TABLE MRR_Dim_Customers;
TRUNCATE TABLE MRR_Dim_Employees;
TRUNCATE TABLE MRR_Dim_Products;
TRUNCATE TABLE MRR_Fact_Details;
TRUNCATE TABLE MRR_Fact_Orders;
TRUNCATE TABLE STG_Dim_Customers;
TRUNCATE TABLE STG_Dim_Dates;
TRUNCATE TABLE STG_Dim_Employees;
TRUNCATE TABLE STG_Dim_Products;
TRUNCATE TABLE STG_Dim_Time;
TRUNCATE TABLE STG_Fact_Orders;
TRUNCATE TABLE STG_Fact_Details;, parameters: None
[2024-03-26T18:58:39.635+0000] {warnings.py:109} WARNING - /home/***/.local/lib/python3.8/site-packages/***/providers/common/sql/hooks/sql.py:407: AirflowProviderDeprecationWarning: Call to deprecated method _make_common_data_structure. (The `_make_serializable` method is deprecated and support will be removed in a future version of the common.sql provider. Please update the DbApiHook's provider to a version based on common.sql >= 1.9.1.)
  result = self._make_common_data_structure(handler(cur))

[2024-03-26T18:58:39.686+0000] {taskinstance.py:1149} INFO - Marking task as SUCCESS. dag_id=ETL_Flow, task_id=truncate_mrr_stg, execution_date=20240322T211100, start_date=20240326T185835, end_date=20240326T185839
[2024-03-26T18:58:39.779+0000] {local_task_job_runner.py:234} INFO - Task exited with return code 0
[2024-03-26T18:58:39.862+0000] {warnings.py:109} WARNING - /home/***/.local/lib/python3.8/site-packages/***/models/baseoperator.py:1201: AirflowProviderDeprecationWarning: Call to deprecated class PostgresOperator. (Please use `***.providers.common.sql.operators.sql.SQLExecuteQueryOperator`.Also, you can provide `hook_params={'schema': <database>}`.)
  result = cls.__new__(cls)

[2024-03-26T18:58:39.969+0000] {taskinstance.py:3309} INFO - 1 downstream tasks scheduled from follow-on schedule check
