[2024-05-08T17:52:36.637+0000] {taskinstance.py:1979} INFO - Dependencies all met for dep_context=non-requeueable deps ti=<TaskInstance: ETL_Flow.create_indexes scheduled__2024-05-05T21:11:00+00:00 [queued]>
[2024-05-08T17:52:36.662+0000] {taskinstance.py:1979} INFO - Dependencies all met for dep_context=requeueable deps ti=<TaskInstance: ETL_Flow.create_indexes scheduled__2024-05-05T21:11:00+00:00 [queued]>
[2024-05-08T17:52:36.664+0000] {taskinstance.py:2193} INFO - Starting attempt 1 of 6
[2024-05-08T17:52:36.693+0000] {taskinstance.py:2214} INFO - Executing <Task(PostgresOperator): create_indexes> on 2024-05-05 21:11:00+00:00
[2024-05-08T17:52:36.704+0000] {standard_task_runner.py:60} INFO - Started process 69 to run task
[2024-05-08T17:52:36.712+0000] {standard_task_runner.py:87} INFO - Running: ['***', 'tasks', 'run', 'ETL_Flow', 'create_indexes', 'scheduled__2024-05-05T21:11:00+00:00', '--job-id', '3358', '--raw', '--subdir', 'DAGS_FOLDER/ETL.py', '--cfg-path', '/tmp/tmpvvlva0d6']
[2024-05-08T17:52:36.720+0000] {standard_task_runner.py:88} INFO - Job 3358: Subtask create_indexes
[2024-05-08T17:52:36.920+0000] {task_command.py:423} INFO - Running <TaskInstance: ETL_Flow.create_indexes scheduled__2024-05-05T21:11:00+00:00 [running]> on host 518f7ecc027f
[2024-05-08T17:52:37.777+0000] {taskinstance.py:2510} INFO - Exporting env vars: AIRFLOW_CTX_DAG_OWNER='coder2j' AIRFLOW_CTX_DAG_ID='ETL_Flow' AIRFLOW_CTX_TASK_ID='create_indexes' AIRFLOW_CTX_EXECUTION_DATE='2024-05-05T21:11:00+00:00' AIRFLOW_CTX_TRY_NUMBER='1' AIRFLOW_CTX_DAG_RUN_ID='scheduled__2024-05-05T21:11:00+00:00'
[2024-05-08T17:52:37.781+0000] {sql.py:276} INFO - Executing: CREATE INDEX IF NOT EXISTS idx_dw_customer_id_orders ON DWH_Fact_Product_In_Order(DW_customer_ID);
CREATE INDEX IF NOT EXISTS idx_dw_customer_id_events ON DWH_Fact_Events(DW_customer_ID);
CREATE INDEX IF NOT EXISTS idx_dw_customer_id_daily_Transactions ON Daily_Customers_Transactions(DW_customer_ID);
CREATE INDEX IF NOT EXISTS idx_dw_customer_id_daily_Purchase ON Daily_Purchase_Agg(DW_customer_ID);

[2024-05-08T17:52:37.801+0000] {base.py:83} INFO - Using connection ID 'postgres_localhost' for task execution.
[2024-05-08T17:52:37.817+0000] {base.py:83} INFO - Using connection ID 'postgres_localhost' for task execution.
[2024-05-08T17:52:37.843+0000] {sql.py:457} INFO - Running statement: CREATE INDEX IF NOT EXISTS idx_dw_customer_id_orders ON DWH_Fact_Product_In_Order(DW_customer_ID);
CREATE INDEX IF NOT EXISTS idx_dw_customer_id_events ON DWH_Fact_Events(DW_customer_ID);
CREATE INDEX IF NOT EXISTS idx_dw_customer_id_daily_Transactions ON Daily_Customers_Transactions(DW_customer_ID);
CREATE INDEX IF NOT EXISTS idx_dw_customer_id_daily_Purchase ON Daily_Purchase_Agg(DW_customer_ID);
, parameters: None
[2024-05-08T17:52:37.879+0000] {warnings.py:109} WARNING - /home/***/.local/lib/python3.8/site-packages/***/providers/common/sql/hooks/sql.py:407: AirflowProviderDeprecationWarning: Call to deprecated method _make_common_data_structure. (The `_make_serializable` method is deprecated and support will be removed in a future version of the common.sql provider. Please update the DbApiHook's provider to a version based on common.sql >= 1.9.1.)
  result = self._make_common_data_structure(handler(cur))

[2024-05-08T17:52:37.908+0000] {taskinstance.py:1149} INFO - Marking task as SUCCESS. dag_id=ETL_Flow, task_id=create_indexes, execution_date=20240505T211100, start_date=20240508T175236, end_date=20240508T175237
[2024-05-08T17:52:38.019+0000] {local_task_job_runner.py:234} INFO - Task exited with return code 0
[2024-05-08T17:52:38.044+0000] {warnings.py:109} WARNING - /home/***/.local/lib/python3.8/site-packages/***/models/baseoperator.py:1201: AirflowProviderDeprecationWarning: Call to deprecated class PostgresOperator. (Please use `***.providers.common.sql.operators.sql.SQLExecuteQueryOperator`.Also, you can provide `hook_params={'schema': <database>}`.)
  result = cls.__new__(cls)

[2024-05-08T17:52:38.111+0000] {taskinstance.py:3309} INFO - 1 downstream tasks scheduled from follow-on schedule check
