[2024-05-17T11:31:37.997+0000] {taskinstance.py:1979} INFO - Dependencies all met for dep_context=non-requeueable deps ti=<TaskInstance: ETL_Flow.insert_data_from_files scheduled__2024-05-15T21:11:00+00:00 [queued]>
[2024-05-17T11:31:38.037+0000] {taskinstance.py:1979} INFO - Dependencies all met for dep_context=requeueable deps ti=<TaskInstance: ETL_Flow.insert_data_from_files scheduled__2024-05-15T21:11:00+00:00 [queued]>
[2024-05-17T11:31:38.038+0000] {taskinstance.py:2193} INFO - Starting attempt 1 of 6
[2024-05-17T11:31:38.093+0000] {taskinstance.py:2214} INFO - Executing <Task(PythonOperator): insert_data_from_files> on 2024-05-15 21:11:00+00:00
[2024-05-17T11:31:38.109+0000] {standard_task_runner.py:60} INFO - Started process 15131 to run task
[2024-05-17T11:31:38.121+0000] {standard_task_runner.py:87} INFO - Running: ['***', 'tasks', 'run', 'ETL_Flow', 'insert_data_from_files', 'scheduled__2024-05-15T21:11:00+00:00', '--job-id', '3489', '--raw', '--subdir', 'DAGS_FOLDER/ETL.py', '--cfg-path', '/tmp/tmplpnc8cgx']
[2024-05-17T11:31:38.128+0000] {standard_task_runner.py:88} INFO - Job 3489: Subtask insert_data_from_files
[2024-05-17T11:31:38.319+0000] {task_command.py:423} INFO - Running <TaskInstance: ETL_Flow.insert_data_from_files scheduled__2024-05-15T21:11:00+00:00 [running]> on host 518f7ecc027f
[2024-05-17T11:31:39.196+0000] {taskinstance.py:2510} INFO - Exporting env vars: AIRFLOW_CTX_DAG_OWNER='coder2j' AIRFLOW_CTX_DAG_ID='ETL_Flow' AIRFLOW_CTX_TASK_ID='insert_data_from_files' AIRFLOW_CTX_EXECUTION_DATE='2024-05-15T21:11:00+00:00' AIRFLOW_CTX_TRY_NUMBER='1' AIRFLOW_CTX_DAG_RUN_ID='scheduled__2024-05-15T21:11:00+00:00'
[2024-05-17T11:31:40.215+0000] {base.py:83} INFO - Using connection ID 'postgres_localhost' for task execution.
[2024-05-17T11:31:40.606+0000] {sql.py:572} INFO - Done loading. Loaded a total of 50 rows into MRR_Dim_Customers
[2024-05-17T11:31:41.113+0000] {base.py:83} INFO - Using connection ID 'postgres_localhost' for task execution.
[2024-05-17T11:31:43.244+0000] {sql.py:572} INFO - Done loading. Loaded a total of 312 rows into MRR_Fact_Events
[2024-05-17T11:31:43.370+0000] {base.py:83} INFO - Using connection ID 'postgres_localhost' for task execution.
[2024-05-17T11:31:43.854+0000] {sql.py:572} INFO - Done loading. Loaded a total of 77 rows into MRR_Dim_Products
[2024-05-17T11:31:44.087+0000] {base.py:83} INFO - Using connection ID 'postgres_localhost' for task execution.
[2024-05-17T11:31:45.058+0000] {sql.py:572} INFO - Done loading. Loaded a total of 155 rows into MRR_Fact_Orders
[2024-05-17T11:31:45.242+0000] {base.py:83} INFO - Using connection ID 'postgres_localhost' for task execution.
[2024-05-17T11:31:46.547+0000] {sql.py:572} INFO - Done loading. Loaded a total of 261 rows into MRR_Fact_Details
[2024-05-17T11:31:46.549+0000] {python.py:202} INFO - Done. Returned value was: None
[2024-05-17T11:31:46.582+0000] {taskinstance.py:1149} INFO - Marking task as SUCCESS. dag_id=ETL_Flow, task_id=insert_data_from_files, execution_date=20240515T211100, start_date=20240517T113138, end_date=20240517T113146
[2024-05-17T11:31:46.811+0000] {local_task_job_runner.py:234} INFO - Task exited with return code 0
[2024-05-17T11:31:46.847+0000] {warnings.py:109} WARNING - /home/***/.local/lib/python3.8/site-packages/***/models/baseoperator.py:1201: AirflowProviderDeprecationWarning: Call to deprecated class PostgresOperator. (Please use `***.providers.common.sql.operators.sql.SQLExecuteQueryOperator`.Also, you can provide `hook_params={'schema': <database>}`.)
  result = cls.__new__(cls)

[2024-05-17T11:31:47.350+0000] {taskinstance.py:3309} INFO - 1 downstream tasks scheduled from follow-on schedule check
