[2024-03-16T06:42:11.013+0000] {taskinstance.py:1979} INFO - Dependencies all met for dep_context=non-requeueable deps ti=<TaskInstance: ETL_Flow.dim_stg2dwh manual__2024-03-16T06:27:40.650704+00:00 [queued]>
[2024-03-16T06:42:11.033+0000] {taskinstance.py:1979} INFO - Dependencies all met for dep_context=requeueable deps ti=<TaskInstance: ETL_Flow.dim_stg2dwh manual__2024-03-16T06:27:40.650704+00:00 [queued]>
[2024-03-16T06:42:11.034+0000] {taskinstance.py:2193} INFO - Starting attempt 6 of 11
[2024-03-16T06:42:11.074+0000] {taskinstance.py:2214} INFO - Executing <Task(PostgresOperator): dim_stg2dwh> on 2024-03-16 06:27:40.650704+00:00
[2024-03-16T06:42:11.084+0000] {standard_task_runner.py:60} INFO - Started process 339 to run task
[2024-03-16T06:42:11.091+0000] {standard_task_runner.py:87} INFO - Running: ['***', 'tasks', 'run', 'ETL_Flow', 'dim_stg2dwh', 'manual__2024-03-16T06:27:40.650704+00:00', '--job-id', '1702', '--raw', '--subdir', 'DAGS_FOLDER/etl2.py', '--cfg-path', '/tmp/tmplev9x5w7']
[2024-03-16T06:42:11.097+0000] {standard_task_runner.py:88} INFO - Job 1702: Subtask dim_stg2dwh
[2024-03-16T06:42:11.203+0000] {task_command.py:423} INFO - Running <TaskInstance: ETL_Flow.dim_stg2dwh manual__2024-03-16T06:27:40.650704+00:00 [running]> on host 3f630fdac388
[2024-03-16T06:42:11.921+0000] {taskinstance.py:2510} INFO - Exporting env vars: AIRFLOW_CTX_DAG_OWNER='coder2j' AIRFLOW_CTX_DAG_ID='ETL_Flow' AIRFLOW_CTX_TASK_ID='dim_stg2dwh' AIRFLOW_CTX_EXECUTION_DATE='2024-03-16T06:27:40.650704+00:00' AIRFLOW_CTX_TRY_NUMBER='6' AIRFLOW_CTX_DAG_RUN_ID='manual__2024-03-16T06:27:40.650704+00:00'
[2024-03-16T06:42:11.933+0000] {sql.py:276} INFO - Executing: truncate table STG_Dim_Dates;
truncate table STG_Dim_Time;

insert into DWH_Dim_Dates (Date,Year,Quarter,Month,Day)
select * 
from STG_Dim_Dates;

insert into DWH_Dim_Time (DateTime,Date,Hour)
select * 
from STG_Dim_Time;

--customers
--insert all the new customers records 
insert into DWH_Dim_Customers (Customer_ID,Company_Name,Contact_Name,Street,City,Postal_Code,Country,Phone,Fax)
select *
from STG_Dim_Customers c
where Customer_ID not in (
    select distinct Customer_ID
    from DWH_Dim_Customers
);



--update the valid until date of customers who moved to another city/country

update DWH_Dim_Customers
set Valid_Until=current_date
where DW_Employee_ID in (
                            select DW_Employee_ID 
                            from STG_Dim_Customers s inner join DWH_Dim_Customers d on d.Customer_ID = s.Customer_ID
                            where (s.City <> d.City or s.Country <> d.Country) and d.Valid_Until is null
                          )


--insert records of customers who moved to another city/country                             
-- insert into DWH_Dim_Customers (Customer_ID,Company_Name,Contact_Name,Street,City,Postal_Code,Country,Phone,Fax)
-- select *
-- from STG_Dim_Customers s inner join DWH_Dim_Customers d on d.Customer_ID=s.Customer_ID
-- where s.City <> d.City or s.Country <> d.Country;

-- -products

-- insert all the new products records 
-- insert into DWH_Dim_Products (Product_ID,Product_Name,Supplier,Category,Unit_Price,Unit_Cost)
-- select *
-- from STG_Dim_Products 
-- where Product_ID not in 
--                             (
--                               select distinct Product_ID
--                               from DWH_Dim_Products       
--                             );
-- update the valid until date of products that their price/cost/supplier changed
-- update DWH_Dim_Products
-- set Valid_Until=current_date
-- from 
--     (
--     select *
--     from STG_Dim_Products s inner join DWH_Dim_Products d on d.Product_ID = s.Product_ID
--     where s.Unit_Cost <> d.Unit_Cost or s.Unit_Price <> d.Unit_Price or s.Supplier <> d.Supplier
--     ) src
-- where Product_ID=src.Product_ID and Valid_Until is null

-- insert records of products that their price/cost/supplier changed                             
-- insert into DWH_Dim_Products (Product_ID,Product_Name,Supplier,Category,Unit_Price,Unit_Cost)
-- select *
-- from STG_Dim_Products s inner join DWH_Dim_Products d on d.Product_ID=s.Product_ID
-- where s.Unit_Cost <> d.Unit_Cost or s.Unit_Price <> d.Unit_Price or s.Supplier <> d.Supplier

-- -employees

-- insert all the new employees records 
-- insert into DWH_Dim_Employees (Employee_ID,Last_Name,First_Name,Title,Hire_Date,Office,Reports_To,Month_Salary)
-- select *
-- from STG_Dim_Employees 
-- where Employee_ID not in 
--                             (
--                               select distinct Employee_ID
--                               from DWH_Dim_Employees       
--                             );
-- update the valid until date of employees that their salary/title/manager/office changed
-- update DWH_Dim_Employees
-- set Valid_Until=current_date
-- from 
--     (
--     select *
--     from STG_Dim_Products s inner join DWH_Dim_Employees d on d.Employee_ID = s.Employee_ID
--     where s.Reports_To <> d.Reports_To or s.title <> d.title or 
--           s.Month_Salary <> d.Month_Salary or s.office <> d.office
--     ) src
-- where Employee_ID=src.Employee_ID and Valid_Until is null

-- insert records of products that their price/cost/supplier changed                             
-- insert into DWH_Dim_Employees (Employee_ID,Last_Name,First_Name,Title,Hire_Date,Office,Reports_To,Month_Salary)
-- select *
-- from STG_Dim_Employees s inner join DWH_Dim_Employees d on d.Employee_ID=s.Employee_ID
-- where s.Reports_To <> d.Reports_To or s.title <> d.title or 
--       s.Month_Salary <> d.Month_Salary or s.office <> d.office


[2024-03-16T06:42:11.972+0000] {base.py:83} INFO - Using connection ID 'postgres_localhost' for task execution.
[2024-03-16T06:42:11.994+0000] {base.py:83} INFO - Using connection ID 'postgres_localhost' for task execution.
[2024-03-16T06:42:12.028+0000] {sql.py:457} INFO - Running statement: truncate table STG_Dim_Dates;
truncate table STG_Dim_Time;

insert into DWH_Dim_Dates (Date,Year,Quarter,Month,Day)
select * 
from STG_Dim_Dates;

insert into DWH_Dim_Time (DateTime,Date,Hour)
select * 
from STG_Dim_Time;

--customers
--insert all the new customers records 
insert into DWH_Dim_Customers (Customer_ID,Company_Name,Contact_Name,Street,City,Postal_Code,Country,Phone,Fax)
select *
from STG_Dim_Customers c
where Customer_ID not in (
    select distinct Customer_ID
    from DWH_Dim_Customers
);



--update the valid until date of customers who moved to another city/country

update DWH_Dim_Customers
set Valid_Until=current_date
where DW_Employee_ID in (
                            select DW_Employee_ID 
                            from STG_Dim_Customers s inner join DWH_Dim_Customers d on d.Customer_ID = s.Customer_ID
                            where (s.City <> d.City or s.Country <> d.Country) and d.Valid_Until is null
                          )


--insert records of customers who moved to another city/country                             
-- insert into DWH_Dim_Customers (Customer_ID,Company_Name,Contact_Name,Street,City,Postal_Code,Country,Phone,Fax)
-- select *
-- from STG_Dim_Customers s inner join DWH_Dim_Customers d on d.Customer_ID=s.Customer_ID
-- where s.City <> d.City or s.Country <> d.Country;

-- -products

-- insert all the new products records 
-- insert into DWH_Dim_Products (Product_ID,Product_Name,Supplier,Category,Unit_Price,Unit_Cost)
-- select *
-- from STG_Dim_Products 
-- where Product_ID not in 
--                             (
--                               select distinct Product_ID
--                               from DWH_Dim_Products       
--                             );
-- update the valid until date of products that their price/cost/supplier changed
-- update DWH_Dim_Products
-- set Valid_Until=current_date
-- from 
--     (
--     select *
--     from STG_Dim_Products s inner join DWH_Dim_Products d on d.Product_ID = s.Product_ID
--     where s.Unit_Cost <> d.Unit_Cost or s.Unit_Price <> d.Unit_Price or s.Supplier <> d.Supplier
--     ) src
-- where Product_ID=src.Product_ID and Valid_Until is null

-- insert records of products that their price/cost/supplier changed                             
-- insert into DWH_Dim_Products (Product_ID,Product_Name,Supplier,Category,Unit_Price,Unit_Cost)
-- select *
-- from STG_Dim_Products s inner join DWH_Dim_Products d on d.Product_ID=s.Product_ID
-- where s.Unit_Cost <> d.Unit_Cost or s.Unit_Price <> d.Unit_Price or s.Supplier <> d.Supplier

-- -employees

-- insert all the new employees records 
-- insert into DWH_Dim_Employees (Employee_ID,Last_Name,First_Name,Title,Hire_Date,Office,Reports_To,Month_Salary)
-- select *
-- from STG_Dim_Employees 
-- where Employee_ID not in 
--                             (
--                               select distinct Employee_ID
--                               from DWH_Dim_Employees       
--                             );
-- update the valid until date of employees that their salary/title/manager/office changed
-- update DWH_Dim_Employees
-- set Valid_Until=current_date
-- from 
--     (
--     select *
--     from STG_Dim_Products s inner join DWH_Dim_Employees d on d.Employee_ID = s.Employee_ID
--     where s.Reports_To <> d.Reports_To or s.title <> d.title or 
--           s.Month_Salary <> d.Month_Salary or s.office <> d.office
--     ) src
-- where Employee_ID=src.Employee_ID and Valid_Until is null

-- insert records of products that their price/cost/supplier changed                             
-- insert into DWH_Dim_Employees (Employee_ID,Last_Name,First_Name,Title,Hire_Date,Office,Reports_To,Month_Salary)
-- select *
-- from STG_Dim_Employees s inner join DWH_Dim_Employees d on d.Employee_ID=s.Employee_ID
-- where s.Reports_To <> d.Reports_To or s.title <> d.title or 
--       s.Month_Salary <> d.Month_Salary or s.office <> d.office

, parameters: None
[2024-03-16T06:42:12.064+0000] {taskinstance.py:2728} ERROR - Task failed with exception
Traceback (most recent call last):
  File "/home/airflow/.local/lib/python3.8/site-packages/airflow/models/taskinstance.py", line 444, in _execute_task
    result = _execute_callable(context=context, **execute_callable_kwargs)
  File "/home/airflow/.local/lib/python3.8/site-packages/airflow/models/taskinstance.py", line 414, in _execute_callable
    return execute_callable(context=context, **execute_callable_kwargs)
  File "/home/airflow/.local/lib/python3.8/site-packages/airflow/providers/common/sql/operators/sql.py", line 282, in execute
    output = hook.run(
  File "/home/airflow/.local/lib/python3.8/site-packages/airflow/providers/common/sql/hooks/sql.py", line 404, in run
    self._run_command(cur, sql_statement, parameters)
  File "/home/airflow/.local/lib/python3.8/site-packages/airflow/providers/common/sql/hooks/sql.py", line 462, in _run_command
    cur.execute(sql_statement)
psycopg2.errors.UndefinedColumn: column "dw_employee_id" does not exist
LINE 29:                             select DW_Employee_ID 
                                            ^

[2024-03-16T06:42:12.100+0000] {taskinstance.py:1149} INFO - Marking task as UP_FOR_RETRY. dag_id=ETL_Flow, task_id=dim_stg2dwh, execution_date=20240316T062740, start_date=20240316T064211, end_date=20240316T064212
[2024-03-16T06:42:12.143+0000] {standard_task_runner.py:107} ERROR - Failed to execute job 1702 for task dim_stg2dwh (column "dw_employee_id" does not exist
LINE 29:                             select DW_Employee_ID 
                                            ^
; 339)
[2024-03-16T06:42:12.191+0000] {local_task_job_runner.py:234} INFO - Task exited with return code 1
[2024-03-16T06:42:12.240+0000] {taskinstance.py:3309} INFO - 0 downstream tasks scheduled from follow-on schedule check
