[2024-03-18T19:09:09.539+0000] {taskinstance.py:1979} INFO - Dependencies all met for dep_context=non-requeueable deps ti=<TaskInstance: ETL_Flow.snapshot manual__2024-03-18T18:36:10.508382+00:00 [queued]>
[2024-03-18T19:09:09.551+0000] {taskinstance.py:1979} INFO - Dependencies all met for dep_context=requeueable deps ti=<TaskInstance: ETL_Flow.snapshot manual__2024-03-18T18:36:10.508382+00:00 [queued]>
[2024-03-18T19:09:09.552+0000] {taskinstance.py:2193} INFO - Starting attempt 19 of 24
[2024-03-18T19:09:09.572+0000] {taskinstance.py:2214} INFO - Executing <Task(PostgresOperator): snapshot> on 2024-03-18 18:36:10.508382+00:00
[2024-03-18T19:09:09.585+0000] {standard_task_runner.py:60} INFO - Started process 2308 to run task
[2024-03-18T19:09:09.589+0000] {standard_task_runner.py:87} INFO - Running: ['***', 'tasks', 'run', 'ETL_Flow', 'snapshot', 'manual__2024-03-18T18:36:10.508382+00:00', '--job-id', '1859', '--raw', '--subdir', 'DAGS_FOLDER/etl2.py', '--cfg-path', '/tmp/tmpscgt15kb']
[2024-03-18T19:09:09.593+0000] {standard_task_runner.py:88} INFO - Job 1859: Subtask snapshot
[2024-03-18T19:09:09.661+0000] {task_command.py:423} INFO - Running <TaskInstance: ETL_Flow.snapshot manual__2024-03-18T18:36:10.508382+00:00 [running]> on host b4ee6ab26675
[2024-03-18T19:09:09.997+0000] {taskinstance.py:2510} INFO - Exporting env vars: AIRFLOW_CTX_DAG_OWNER='coder2j' AIRFLOW_CTX_DAG_ID='ETL_Flow' AIRFLOW_CTX_TASK_ID='snapshot' AIRFLOW_CTX_EXECUTION_DATE='2024-03-18T18:36:10.508382+00:00' AIRFLOW_CTX_TRY_NUMBER='19' AIRFLOW_CTX_DAG_RUN_ID='manual__2024-03-18T18:36:10.508382+00:00'
[2024-03-18T19:09:09.998+0000] {sql.py:276} INFO - Executing: 

CREATE OR REPLACE VIEW CurrentDates AS 
SELECT 
(DATE_TRUNC('MONTH', CURRENT_DATE) - INTERVAL '1 MONTH')::DATE AS first_date_of_prev_month,
(DATE_TRUNC('MONTH', CURRENT_DATE) - INTERVAL '1 DAY')::DATE AS last_date_of_prev_month,
EXTRACT(MONTH FROM DATE_TRUNC('month', (SELECT DATE_TRUNC('month', CURRENT_DATE) - INTERVAL '1 day'))) AS PrevPeriodMonth,
EXTRACT(YEAR FROM DATE_TRUNC('month', (SELECT DATE_TRUNC('month', CURRENT_DATE) - INTERVAL '1 day'))) AS PrevPeriodYear,
EXTRACT(QUARTER FROM DATE_TRUNC('month', (SELECT DATE_TRUNC('month', CURRENT_DATE) - INTERVAL '1 day'))) AS PrevPeriodQuarter;


--cross join is fine beacuse the view consists of one record- the crrent date 
    CREATE OR REPLACE VIEW Snapshot_Customers_Transactions_month AS
    SELECT DISTINCT 
        cd.StartOfPrevMonth,
        c.DW_Customer_ID,
        CASE 
            WHEN EXISTS (
                SELECT 1
                FROM DWH_Dim_Customers u
                WHERE u.Customer_ID = c.Customer_ID
                GROUP BY u.Customer_ID
                HAVING MIN(EXTRACT(MONTH FROM valid_from)) = cd.PrevPeriodMonth
                AND MIN(EXTRACT(YEAR FROM valid_from)) = cd.PrevPeriodYear
            ) THEN 'new'
            WHEN NOT EXISTS (
                SELECT 1
                FROM DWH_Fact_Product_In_Order p
                WHERE p.DW_Customer_ID = c.DW_Customer_ID 
                    AND DATE(Order_Time) <= EndOfPrevMonth
                    AND DATE(Order_Time) >= StartOfPrevMonth - INTERVAL '2 month'
            ) THEN 'abandoned'
            WHEN EXISTS (
                SELECT 1
                FROM Snapshot_Customers_Transactions_Arch s
                WHERE s.DW_Customer_ID = c.DW_Customer_ID 
                    AND s.StartOfMonth = cd.StartOfPrevMonth - INTERVAL '1 month'
                    AND status ='abandoned' 
            ) AND EXISTS (
                SELECT 1
                FROM DWH_Fact_Product_In_Order p
                WHERE p.DW_Customer_ID = c.DW_Customer_ID 
                AND DATE(Order_Time) <= cd.EndOfPrevMonth
                AND DATE(Order_Time) >= cd.StartOfPrevMonth
            ) THEN 'reactivated' 
            ELSE 'regular' 
        END AS Status
    FROM DWH_Dim_Customers c 
    CROSS JOIN Current_Dates cd
    WHERE c.Valid_Until IS NULL; 
    
    -- null cause we dont care about not null they belong to prev months 

--     IF (
--         SELECT MAX(s.StartOfPrevMonth) 
--         FROM Snapshot_Customers_Transactions_Arch s
--     ) < StartOfPrevMonth THEN 

--         -- Adding the new records to the archive table - incremental load 
--         --כל פעם נטען לטבלת ארכיון ולטבלת סנאפשוט רק את החודש הקודם ונטען פעם אחת בלבד 
--         INSERT INTO Snapshot_Customers_Transactions_Arch (DW_Customer_ID, StartOfMonth, Status)
--         SELECT 
--             DW_Customer_ID,
--             StartOfPrevMonth,
--             Status 
--         FROM Snapshot_Customers_Transactions_month t
--         WHERE (StartOfPrevMonth, DW_Customer_ID, Status) NOT IN ( 
--             SELECT StartOfPrevMonth, DW_Customer_ID, Status
--             FROM Snapshot_Customers_Transactions_Arch a
--         );

--         INSERT INTO DWH_Snapshot_Customers_Transactions (Year, Quarter, Month, Country, City, Count_New_Customers,
--                                                          Count_Regular, Count_Reactivated, Count_Abandons, Count_Total)
--         SELECT 
--             PrevPeriodYear,
--             PrevPeriodQuarter,
--             PrevPeriodMonth,
--             C.Country, 
--             C.City,
--             SUM(CASE WHEN A.Status='new' THEN 1 ELSE 0 END) Count_New_Customers,
--             SUM(CASE WHEN A.Status='regular' THEN 1 ELSE 0 END) Count_Regular,
--             SUM(CASE WHEN A.Status='reactivated' THEN 1 ELSE 0 END) Count_Reactivated,
--             SUM(CASE WHEN A.Status='abandoned' THEN 1 ELSE 0 END) Count_Abandons,
--             COUNT(DISTINCT DW_Customer_ID) Count_Total
--         FROM Snapshot_Customers_Transactions_Arch A 
--         JOIN DWH_Dim_Customers C ON A.DW_Customer_ID=C.DW_Customer_ID
--         GROUP BY 
--             PrevPeriodYear,
--             PrevPeriodQuarter,
--             PrevPeriodMonth,
--             C.Country, 
--             C.City;
--     ELSE
--         RAISE NOTICE 'No records found for archiving.';
--     END IF;


[2024-03-18T19:09:10.009+0000] {base.py:83} INFO - Using connection ID 'postgres_localhost' for task execution.
[2024-03-18T19:09:10.019+0000] {base.py:83} INFO - Using connection ID 'postgres_localhost' for task execution.
[2024-03-18T19:09:10.035+0000] {sql.py:457} INFO - Running statement: 

CREATE OR REPLACE VIEW CurrentDates AS 
SELECT 
(DATE_TRUNC('MONTH', CURRENT_DATE) - INTERVAL '1 MONTH')::DATE AS first_date_of_prev_month,
(DATE_TRUNC('MONTH', CURRENT_DATE) - INTERVAL '1 DAY')::DATE AS last_date_of_prev_month,
EXTRACT(MONTH FROM DATE_TRUNC('month', (SELECT DATE_TRUNC('month', CURRENT_DATE) - INTERVAL '1 day'))) AS PrevPeriodMonth,
EXTRACT(YEAR FROM DATE_TRUNC('month', (SELECT DATE_TRUNC('month', CURRENT_DATE) - INTERVAL '1 day'))) AS PrevPeriodYear,
EXTRACT(QUARTER FROM DATE_TRUNC('month', (SELECT DATE_TRUNC('month', CURRENT_DATE) - INTERVAL '1 day'))) AS PrevPeriodQuarter;


--cross join is fine beacuse the view consists of one record- the crrent date 
    CREATE OR REPLACE VIEW Snapshot_Customers_Transactions_month AS
    SELECT DISTINCT 
        cd.StartOfPrevMonth,
        c.DW_Customer_ID,
        CASE 
            WHEN EXISTS (
                SELECT 1
                FROM DWH_Dim_Customers u
                WHERE u.Customer_ID = c.Customer_ID
                GROUP BY u.Customer_ID
                HAVING MIN(EXTRACT(MONTH FROM valid_from)) = cd.PrevPeriodMonth
                AND MIN(EXTRACT(YEAR FROM valid_from)) = cd.PrevPeriodYear
            ) THEN 'new'
            WHEN NOT EXISTS (
                SELECT 1
                FROM DWH_Fact_Product_In_Order p
                WHERE p.DW_Customer_ID = c.DW_Customer_ID 
                    AND DATE(Order_Time) <= EndOfPrevMonth
                    AND DATE(Order_Time) >= StartOfPrevMonth - INTERVAL '2 month'
            ) THEN 'abandoned'
            WHEN EXISTS (
                SELECT 1
                FROM Snapshot_Customers_Transactions_Arch s
                WHERE s.DW_Customer_ID = c.DW_Customer_ID 
                    AND s.StartOfMonth = cd.StartOfPrevMonth - INTERVAL '1 month'
                    AND status ='abandoned' 
            ) AND EXISTS (
                SELECT 1
                FROM DWH_Fact_Product_In_Order p
                WHERE p.DW_Customer_ID = c.DW_Customer_ID 
                AND DATE(Order_Time) <= cd.EndOfPrevMonth
                AND DATE(Order_Time) >= cd.StartOfPrevMonth
            ) THEN 'reactivated' 
            ELSE 'regular' 
        END AS Status
    FROM DWH_Dim_Customers c 
    CROSS JOIN Current_Dates cd
    WHERE c.Valid_Until IS NULL; 
    
    -- null cause we dont care about not null they belong to prev months 

--     IF (
--         SELECT MAX(s.StartOfPrevMonth) 
--         FROM Snapshot_Customers_Transactions_Arch s
--     ) < StartOfPrevMonth THEN 

--         -- Adding the new records to the archive table - incremental load 
--         --כל פעם נטען לטבלת ארכיון ולטבלת סנאפשוט רק את החודש הקודם ונטען פעם אחת בלבד 
--         INSERT INTO Snapshot_Customers_Transactions_Arch (DW_Customer_ID, StartOfMonth, Status)
--         SELECT 
--             DW_Customer_ID,
--             StartOfPrevMonth,
--             Status 
--         FROM Snapshot_Customers_Transactions_month t
--         WHERE (StartOfPrevMonth, DW_Customer_ID, Status) NOT IN ( 
--             SELECT StartOfPrevMonth, DW_Customer_ID, Status
--             FROM Snapshot_Customers_Transactions_Arch a
--         );

--         INSERT INTO DWH_Snapshot_Customers_Transactions (Year, Quarter, Month, Country, City, Count_New_Customers,
--                                                          Count_Regular, Count_Reactivated, Count_Abandons, Count_Total)
--         SELECT 
--             PrevPeriodYear,
--             PrevPeriodQuarter,
--             PrevPeriodMonth,
--             C.Country, 
--             C.City,
--             SUM(CASE WHEN A.Status='new' THEN 1 ELSE 0 END) Count_New_Customers,
--             SUM(CASE WHEN A.Status='regular' THEN 1 ELSE 0 END) Count_Regular,
--             SUM(CASE WHEN A.Status='reactivated' THEN 1 ELSE 0 END) Count_Reactivated,
--             SUM(CASE WHEN A.Status='abandoned' THEN 1 ELSE 0 END) Count_Abandons,
--             COUNT(DISTINCT DW_Customer_ID) Count_Total
--         FROM Snapshot_Customers_Transactions_Arch A 
--         JOIN DWH_Dim_Customers C ON A.DW_Customer_ID=C.DW_Customer_ID
--         GROUP BY 
--             PrevPeriodYear,
--             PrevPeriodQuarter,
--             PrevPeriodMonth,
--             C.Country, 
--             C.City;
--     ELSE
--         RAISE NOTICE 'No records found for archiving.';
--     END IF;

, parameters: None
[2024-03-18T19:09:10.047+0000] {warnings.py:109} WARNING - /home/***/.local/lib/python3.8/site-packages/***/providers/common/sql/hooks/sql.py:407: AirflowProviderDeprecationWarning: Call to deprecated method _make_common_data_structure. (The `_make_serializable` method is deprecated and support will be removed in a future version of the common.sql provider. Please update the DbApiHook's provider to a version based on common.sql >= 1.9.1.)
  result = self._make_common_data_structure(handler(cur))

[2024-03-18T19:09:10.066+0000] {taskinstance.py:1149} INFO - Marking task as SUCCESS. dag_id=ETL_Flow, task_id=snapshot, execution_date=20240318T183610, start_date=20240318T190909, end_date=20240318T190910
[2024-03-18T19:09:10.123+0000] {local_task_job_runner.py:234} INFO - Task exited with return code 0
[2024-03-18T19:09:10.144+0000] {taskinstance.py:3309} INFO - 0 downstream tasks scheduled from follow-on schedule check
