[2024-05-08T17:43:58.643+0000] {processor.py:161} INFO - Started process (PID=44) to work on /opt/airflow/dags/operationalData/Events.xlsx
[2024-05-08T17:43:58.646+0000] {processor.py:830} INFO - Processing file /opt/airflow/dags/operationalData/Events.xlsx for tasks to queue
[2024-05-08T17:43:58.652+0000] {logging_mixin.py:188} INFO - [2024-05-08T17:43:58.651+0000] {dagbag.py:540} INFO - Filling up the DagBag from /opt/airflow/dags/operationalData/Events.xlsx
[2024-05-08T17:43:58.692+0000] {processor.py:842} WARNING - No viable dags retrieved from /opt/airflow/dags/operationalData/Events.xlsx
[2024-05-08T17:43:58.726+0000] {processor.py:183} INFO - Processing /opt/airflow/dags/operationalData/Events.xlsx took 0.091 seconds
[2024-05-08T17:44:28.893+0000] {processor.py:161} INFO - Started process (PID=55) to work on /opt/airflow/dags/operationalData/Events.xlsx
[2024-05-08T17:44:28.898+0000] {processor.py:830} INFO - Processing file /opt/airflow/dags/operationalData/Events.xlsx for tasks to queue
[2024-05-08T17:44:28.904+0000] {logging_mixin.py:188} INFO - [2024-05-08T17:44:28.903+0000] {dagbag.py:540} INFO - Filling up the DagBag from /opt/airflow/dags/operationalData/Events.xlsx
[2024-05-08T17:44:28.927+0000] {processor.py:842} WARNING - No viable dags retrieved from /opt/airflow/dags/operationalData/Events.xlsx
[2024-05-08T17:44:28.970+0000] {processor.py:183} INFO - Processing /opt/airflow/dags/operationalData/Events.xlsx took 0.089 seconds
[2024-05-08T17:44:59.470+0000] {processor.py:161} INFO - Started process (PID=69) to work on /opt/airflow/dags/operationalData/Events.xlsx
[2024-05-08T17:44:59.473+0000] {processor.py:830} INFO - Processing file /opt/airflow/dags/operationalData/Events.xlsx for tasks to queue
[2024-05-08T17:44:59.479+0000] {logging_mixin.py:188} INFO - [2024-05-08T17:44:59.478+0000] {dagbag.py:540} INFO - Filling up the DagBag from /opt/airflow/dags/operationalData/Events.xlsx
[2024-05-08T17:44:59.503+0000] {processor.py:842} WARNING - No viable dags retrieved from /opt/airflow/dags/operationalData/Events.xlsx
[2024-05-08T17:44:59.547+0000] {processor.py:183} INFO - Processing /opt/airflow/dags/operationalData/Events.xlsx took 0.088 seconds
[2024-05-08T17:45:29.841+0000] {processor.py:161} INFO - Started process (PID=82) to work on /opt/airflow/dags/operationalData/Events.xlsx
[2024-05-08T17:45:29.846+0000] {processor.py:830} INFO - Processing file /opt/airflow/dags/operationalData/Events.xlsx for tasks to queue
[2024-05-08T17:45:29.854+0000] {logging_mixin.py:188} INFO - [2024-05-08T17:45:29.853+0000] {dagbag.py:540} INFO - Filling up the DagBag from /opt/airflow/dags/operationalData/Events.xlsx
[2024-05-08T17:45:29.875+0000] {processor.py:842} WARNING - No viable dags retrieved from /opt/airflow/dags/operationalData/Events.xlsx
[2024-05-08T17:45:29.919+0000] {processor.py:183} INFO - Processing /opt/airflow/dags/operationalData/Events.xlsx took 0.087 seconds
[2024-05-08T17:46:00.100+0000] {processor.py:161} INFO - Started process (PID=94) to work on /opt/airflow/dags/operationalData/Events.xlsx
[2024-05-08T17:46:00.103+0000] {processor.py:830} INFO - Processing file /opt/airflow/dags/operationalData/Events.xlsx for tasks to queue
[2024-05-08T17:46:00.107+0000] {logging_mixin.py:188} INFO - [2024-05-08T17:46:00.106+0000] {dagbag.py:540} INFO - Filling up the DagBag from /opt/airflow/dags/operationalData/Events.xlsx
[2024-05-08T17:46:00.124+0000] {processor.py:842} WARNING - No viable dags retrieved from /opt/airflow/dags/operationalData/Events.xlsx
[2024-05-08T17:46:00.150+0000] {processor.py:183} INFO - Processing /opt/airflow/dags/operationalData/Events.xlsx took 0.058 seconds
[2024-05-08T17:46:30.240+0000] {processor.py:161} INFO - Started process (PID=108) to work on /opt/airflow/dags/operationalData/Events.xlsx
[2024-05-08T17:46:30.242+0000] {processor.py:830} INFO - Processing file /opt/airflow/dags/operationalData/Events.xlsx for tasks to queue
[2024-05-08T17:46:30.246+0000] {logging_mixin.py:188} INFO - [2024-05-08T17:46:30.245+0000] {dagbag.py:540} INFO - Filling up the DagBag from /opt/airflow/dags/operationalData/Events.xlsx
[2024-05-08T17:46:30.263+0000] {processor.py:842} WARNING - No viable dags retrieved from /opt/airflow/dags/operationalData/Events.xlsx
[2024-05-08T17:46:30.282+0000] {processor.py:183} INFO - Processing /opt/airflow/dags/operationalData/Events.xlsx took 0.048 seconds
[2024-05-08T17:47:00.913+0000] {processor.py:161} INFO - Started process (PID=121) to work on /opt/airflow/dags/operationalData/Events.xlsx
[2024-05-08T17:47:00.915+0000] {processor.py:830} INFO - Processing file /opt/airflow/dags/operationalData/Events.xlsx for tasks to queue
[2024-05-08T17:47:00.919+0000] {logging_mixin.py:188} INFO - [2024-05-08T17:47:00.918+0000] {dagbag.py:540} INFO - Filling up the DagBag from /opt/airflow/dags/operationalData/Events.xlsx
[2024-05-08T17:47:00.932+0000] {processor.py:842} WARNING - No viable dags retrieved from /opt/airflow/dags/operationalData/Events.xlsx
[2024-05-08T17:47:00.953+0000] {processor.py:183} INFO - Processing /opt/airflow/dags/operationalData/Events.xlsx took 0.045 seconds
[2024-05-08T17:47:31.473+0000] {processor.py:161} INFO - Started process (PID=134) to work on /opt/airflow/dags/operationalData/Events.xlsx
[2024-05-08T17:47:31.476+0000] {processor.py:830} INFO - Processing file /opt/airflow/dags/operationalData/Events.xlsx for tasks to queue
[2024-05-08T17:47:31.481+0000] {logging_mixin.py:188} INFO - [2024-05-08T17:47:31.480+0000] {dagbag.py:540} INFO - Filling up the DagBag from /opt/airflow/dags/operationalData/Events.xlsx
[2024-05-08T17:47:31.500+0000] {processor.py:842} WARNING - No viable dags retrieved from /opt/airflow/dags/operationalData/Events.xlsx
[2024-05-08T17:47:31.529+0000] {processor.py:183} INFO - Processing /opt/airflow/dags/operationalData/Events.xlsx took 0.065 seconds
[2024-05-08T17:48:02.022+0000] {processor.py:161} INFO - Started process (PID=147) to work on /opt/airflow/dags/operationalData/Events.xlsx
[2024-05-08T17:48:02.024+0000] {processor.py:830} INFO - Processing file /opt/airflow/dags/operationalData/Events.xlsx for tasks to queue
[2024-05-08T17:48:02.027+0000] {logging_mixin.py:188} INFO - [2024-05-08T17:48:02.027+0000] {dagbag.py:540} INFO - Filling up the DagBag from /opt/airflow/dags/operationalData/Events.xlsx
[2024-05-08T17:48:02.042+0000] {processor.py:842} WARNING - No viable dags retrieved from /opt/airflow/dags/operationalData/Events.xlsx
[2024-05-08T17:48:02.063+0000] {processor.py:183} INFO - Processing /opt/airflow/dags/operationalData/Events.xlsx took 0.046 seconds
[2024-05-08T17:48:32.742+0000] {processor.py:161} INFO - Started process (PID=160) to work on /opt/airflow/dags/operationalData/Events.xlsx
[2024-05-08T17:48:32.744+0000] {processor.py:830} INFO - Processing file /opt/airflow/dags/operationalData/Events.xlsx for tasks to queue
[2024-05-08T17:48:32.748+0000] {logging_mixin.py:188} INFO - [2024-05-08T17:48:32.747+0000] {dagbag.py:540} INFO - Filling up the DagBag from /opt/airflow/dags/operationalData/Events.xlsx
[2024-05-08T17:48:32.761+0000] {processor.py:842} WARNING - No viable dags retrieved from /opt/airflow/dags/operationalData/Events.xlsx
[2024-05-08T17:48:32.786+0000] {processor.py:183} INFO - Processing /opt/airflow/dags/operationalData/Events.xlsx took 0.050 seconds
[2024-05-08T17:49:03.585+0000] {processor.py:161} INFO - Started process (PID=179) to work on /opt/airflow/dags/operationalData/Events.xlsx
[2024-05-08T17:49:03.587+0000] {processor.py:830} INFO - Processing file /opt/airflow/dags/operationalData/Events.xlsx for tasks to queue
[2024-05-08T17:49:03.590+0000] {logging_mixin.py:188} INFO - [2024-05-08T17:49:03.590+0000] {dagbag.py:540} INFO - Filling up the DagBag from /opt/airflow/dags/operationalData/Events.xlsx
[2024-05-08T17:49:03.607+0000] {processor.py:842} WARNING - No viable dags retrieved from /opt/airflow/dags/operationalData/Events.xlsx
[2024-05-08T17:49:03.633+0000] {processor.py:183} INFO - Processing /opt/airflow/dags/operationalData/Events.xlsx took 0.053 seconds
[2024-05-08T17:49:34.132+0000] {processor.py:161} INFO - Started process (PID=192) to work on /opt/airflow/dags/operationalData/Events.xlsx
[2024-05-08T17:49:34.134+0000] {processor.py:830} INFO - Processing file /opt/airflow/dags/operationalData/Events.xlsx for tasks to queue
[2024-05-08T17:49:34.139+0000] {logging_mixin.py:188} INFO - [2024-05-08T17:49:34.138+0000] {dagbag.py:540} INFO - Filling up the DagBag from /opt/airflow/dags/operationalData/Events.xlsx
[2024-05-08T17:49:34.156+0000] {processor.py:842} WARNING - No viable dags retrieved from /opt/airflow/dags/operationalData/Events.xlsx
[2024-05-08T17:49:34.181+0000] {processor.py:183} INFO - Processing /opt/airflow/dags/operationalData/Events.xlsx took 0.057 seconds
[2024-05-08T17:50:04.801+0000] {processor.py:161} INFO - Started process (PID=205) to work on /opt/airflow/dags/operationalData/Events.xlsx
[2024-05-08T17:50:04.803+0000] {processor.py:830} INFO - Processing file /opt/airflow/dags/operationalData/Events.xlsx for tasks to queue
[2024-05-08T17:50:04.806+0000] {logging_mixin.py:188} INFO - [2024-05-08T17:50:04.805+0000] {dagbag.py:540} INFO - Filling up the DagBag from /opt/airflow/dags/operationalData/Events.xlsx
[2024-05-08T17:50:04.829+0000] {processor.py:842} WARNING - No viable dags retrieved from /opt/airflow/dags/operationalData/Events.xlsx
[2024-05-08T17:50:04.849+0000] {processor.py:183} INFO - Processing /opt/airflow/dags/operationalData/Events.xlsx took 0.055 seconds
[2024-05-08T17:50:35.193+0000] {processor.py:161} INFO - Started process (PID=218) to work on /opt/airflow/dags/operationalData/Events.xlsx
[2024-05-08T17:50:35.195+0000] {processor.py:830} INFO - Processing file /opt/airflow/dags/operationalData/Events.xlsx for tasks to queue
[2024-05-08T17:50:35.198+0000] {logging_mixin.py:188} INFO - [2024-05-08T17:50:35.197+0000] {dagbag.py:540} INFO - Filling up the DagBag from /opt/airflow/dags/operationalData/Events.xlsx
[2024-05-08T17:50:35.210+0000] {processor.py:842} WARNING - No viable dags retrieved from /opt/airflow/dags/operationalData/Events.xlsx
[2024-05-08T17:50:35.227+0000] {processor.py:183} INFO - Processing /opt/airflow/dags/operationalData/Events.xlsx took 0.038 seconds
[2024-05-08T17:51:05.574+0000] {processor.py:161} INFO - Started process (PID=231) to work on /opt/airflow/dags/operationalData/Events.xlsx
[2024-05-08T17:51:05.577+0000] {processor.py:830} INFO - Processing file /opt/airflow/dags/operationalData/Events.xlsx for tasks to queue
[2024-05-08T17:51:05.580+0000] {logging_mixin.py:188} INFO - [2024-05-08T17:51:05.579+0000] {dagbag.py:540} INFO - Filling up the DagBag from /opt/airflow/dags/operationalData/Events.xlsx
[2024-05-08T17:51:05.598+0000] {processor.py:842} WARNING - No viable dags retrieved from /opt/airflow/dags/operationalData/Events.xlsx
[2024-05-08T17:51:05.617+0000] {processor.py:183} INFO - Processing /opt/airflow/dags/operationalData/Events.xlsx took 0.047 seconds
[2024-05-08T17:51:35.951+0000] {processor.py:161} INFO - Started process (PID=244) to work on /opt/airflow/dags/operationalData/Events.xlsx
[2024-05-08T17:51:35.952+0000] {processor.py:830} INFO - Processing file /opt/airflow/dags/operationalData/Events.xlsx for tasks to queue
[2024-05-08T17:51:35.955+0000] {logging_mixin.py:188} INFO - [2024-05-08T17:51:35.955+0000] {dagbag.py:540} INFO - Filling up the DagBag from /opt/airflow/dags/operationalData/Events.xlsx
[2024-05-08T17:51:35.976+0000] {processor.py:842} WARNING - No viable dags retrieved from /opt/airflow/dags/operationalData/Events.xlsx
[2024-05-08T17:51:35.993+0000] {processor.py:183} INFO - Processing /opt/airflow/dags/operationalData/Events.xlsx took 0.047 seconds
[2024-05-08T17:52:06.674+0000] {processor.py:161} INFO - Started process (PID=257) to work on /opt/airflow/dags/operationalData/Events.xlsx
[2024-05-08T17:52:06.676+0000] {processor.py:830} INFO - Processing file /opt/airflow/dags/operationalData/Events.xlsx for tasks to queue
[2024-05-08T17:52:06.679+0000] {logging_mixin.py:188} INFO - [2024-05-08T17:52:06.678+0000] {dagbag.py:540} INFO - Filling up the DagBag from /opt/airflow/dags/operationalData/Events.xlsx
[2024-05-08T17:52:06.696+0000] {processor.py:842} WARNING - No viable dags retrieved from /opt/airflow/dags/operationalData/Events.xlsx
[2024-05-08T17:52:06.719+0000] {processor.py:183} INFO - Processing /opt/airflow/dags/operationalData/Events.xlsx took 0.049 seconds
[2024-05-08T17:52:37.191+0000] {processor.py:161} INFO - Started process (PID=274) to work on /opt/airflow/dags/operationalData/Events.xlsx
[2024-05-08T17:52:37.194+0000] {processor.py:830} INFO - Processing file /opt/airflow/dags/operationalData/Events.xlsx for tasks to queue
[2024-05-08T17:52:37.202+0000] {logging_mixin.py:188} INFO - [2024-05-08T17:52:37.199+0000] {dagbag.py:540} INFO - Filling up the DagBag from /opt/airflow/dags/operationalData/Events.xlsx
[2024-05-08T17:52:37.311+0000] {processor.py:842} WARNING - No viable dags retrieved from /opt/airflow/dags/operationalData/Events.xlsx
[2024-05-08T17:52:37.364+0000] {processor.py:183} INFO - Processing /opt/airflow/dags/operationalData/Events.xlsx took 0.182 seconds
[2024-05-08T17:53:07.741+0000] {processor.py:161} INFO - Started process (PID=291) to work on /opt/airflow/dags/operationalData/Events.xlsx
[2024-05-08T17:53:07.744+0000] {processor.py:830} INFO - Processing file /opt/airflow/dags/operationalData/Events.xlsx for tasks to queue
[2024-05-08T17:53:07.748+0000] {logging_mixin.py:188} INFO - [2024-05-08T17:53:07.748+0000] {dagbag.py:540} INFO - Filling up the DagBag from /opt/airflow/dags/operationalData/Events.xlsx
[2024-05-08T17:53:07.768+0000] {processor.py:842} WARNING - No viable dags retrieved from /opt/airflow/dags/operationalData/Events.xlsx
[2024-05-08T17:53:07.814+0000] {processor.py:183} INFO - Processing /opt/airflow/dags/operationalData/Events.xlsx took 0.081 seconds
[2024-05-08T17:53:38.485+0000] {processor.py:161} INFO - Started process (PID=304) to work on /opt/airflow/dags/operationalData/Events.xlsx
[2024-05-08T17:53:38.487+0000] {processor.py:830} INFO - Processing file /opt/airflow/dags/operationalData/Events.xlsx for tasks to queue
[2024-05-08T17:53:38.490+0000] {logging_mixin.py:188} INFO - [2024-05-08T17:53:38.490+0000] {dagbag.py:540} INFO - Filling up the DagBag from /opt/airflow/dags/operationalData/Events.xlsx
[2024-05-08T17:53:38.505+0000] {processor.py:842} WARNING - No viable dags retrieved from /opt/airflow/dags/operationalData/Events.xlsx
[2024-05-08T17:53:38.525+0000] {processor.py:183} INFO - Processing /opt/airflow/dags/operationalData/Events.xlsx took 0.044 seconds
[2024-05-08T17:54:15.752+0000] {processor.py:161} INFO - Started process (PID=317) to work on /opt/airflow/dags/operationalData/Events.xlsx
[2024-05-08T17:54:15.769+0000] {processor.py:830} INFO - Processing file /opt/airflow/dags/operationalData/Events.xlsx for tasks to queue
[2024-05-08T17:54:15.793+0000] {logging_mixin.py:188} INFO - [2024-05-08T17:54:15.792+0000] {dagbag.py:540} INFO - Filling up the DagBag from /opt/airflow/dags/operationalData/Events.xlsx
[2024-05-08T17:54:16.037+0000] {processor.py:842} WARNING - No viable dags retrieved from /opt/airflow/dags/operationalData/Events.xlsx
[2024-05-08T17:54:16.271+0000] {processor.py:183} INFO - Processing /opt/airflow/dags/operationalData/Events.xlsx took 0.558 seconds
