[2024-05-08T17:43:58.984+0000] {processor.py:161} INFO - Started process (PID=46) to work on /opt/airflow/dags/operationalData/products.xlsx
[2024-05-08T17:43:58.987+0000] {processor.py:830} INFO - Processing file /opt/airflow/dags/operationalData/products.xlsx for tasks to queue
[2024-05-08T17:43:58.991+0000] {logging_mixin.py:188} INFO - [2024-05-08T17:43:58.990+0000] {dagbag.py:540} INFO - Filling up the DagBag from /opt/airflow/dags/operationalData/products.xlsx
[2024-05-08T17:43:59.009+0000] {processor.py:842} WARNING - No viable dags retrieved from /opt/airflow/dags/operationalData/products.xlsx
[2024-05-08T17:43:59.043+0000] {processor.py:183} INFO - Processing /opt/airflow/dags/operationalData/products.xlsx took 0.065 seconds
[2024-05-08T17:44:29.229+0000] {processor.py:161} INFO - Started process (PID=57) to work on /opt/airflow/dags/operationalData/products.xlsx
[2024-05-08T17:44:29.231+0000] {processor.py:830} INFO - Processing file /opt/airflow/dags/operationalData/products.xlsx for tasks to queue
[2024-05-08T17:44:29.235+0000] {logging_mixin.py:188} INFO - [2024-05-08T17:44:29.235+0000] {dagbag.py:540} INFO - Filling up the DagBag from /opt/airflow/dags/operationalData/products.xlsx
[2024-05-08T17:44:29.260+0000] {processor.py:842} WARNING - No viable dags retrieved from /opt/airflow/dags/operationalData/products.xlsx
[2024-05-08T17:44:29.297+0000] {processor.py:183} INFO - Processing /opt/airflow/dags/operationalData/products.xlsx took 0.075 seconds
[2024-05-08T17:44:59.742+0000] {processor.py:161} INFO - Started process (PID=71) to work on /opt/airflow/dags/operationalData/products.xlsx
[2024-05-08T17:44:59.746+0000] {processor.py:830} INFO - Processing file /opt/airflow/dags/operationalData/products.xlsx for tasks to queue
[2024-05-08T17:44:59.760+0000] {logging_mixin.py:188} INFO - [2024-05-08T17:44:59.759+0000] {dagbag.py:540} INFO - Filling up the DagBag from /opt/airflow/dags/operationalData/products.xlsx
[2024-05-08T17:44:59.839+0000] {processor.py:842} WARNING - No viable dags retrieved from /opt/airflow/dags/operationalData/products.xlsx
[2024-05-08T17:44:59.888+0000] {processor.py:183} INFO - Processing /opt/airflow/dags/operationalData/products.xlsx took 0.159 seconds
[2024-05-08T17:45:30.052+0000] {processor.py:161} INFO - Started process (PID=84) to work on /opt/airflow/dags/operationalData/products.xlsx
[2024-05-08T17:45:30.055+0000] {processor.py:830} INFO - Processing file /opt/airflow/dags/operationalData/products.xlsx for tasks to queue
[2024-05-08T17:45:30.062+0000] {logging_mixin.py:188} INFO - [2024-05-08T17:45:30.061+0000] {dagbag.py:540} INFO - Filling up the DagBag from /opt/airflow/dags/operationalData/products.xlsx
[2024-05-08T17:45:30.081+0000] {processor.py:842} WARNING - No viable dags retrieved from /opt/airflow/dags/operationalData/products.xlsx
[2024-05-08T17:45:30.113+0000] {processor.py:183} INFO - Processing /opt/airflow/dags/operationalData/products.xlsx took 0.069 seconds
[2024-05-08T17:46:00.241+0000] {processor.py:161} INFO - Started process (PID=96) to work on /opt/airflow/dags/operationalData/products.xlsx
[2024-05-08T17:46:00.243+0000] {processor.py:830} INFO - Processing file /opt/airflow/dags/operationalData/products.xlsx for tasks to queue
[2024-05-08T17:46:00.246+0000] {logging_mixin.py:188} INFO - [2024-05-08T17:46:00.246+0000] {dagbag.py:540} INFO - Filling up the DagBag from /opt/airflow/dags/operationalData/products.xlsx
[2024-05-08T17:46:00.266+0000] {processor.py:842} WARNING - No viable dags retrieved from /opt/airflow/dags/operationalData/products.xlsx
[2024-05-08T17:46:00.293+0000] {processor.py:183} INFO - Processing /opt/airflow/dags/operationalData/products.xlsx took 0.058 seconds
[2024-05-08T17:46:30.496+0000] {processor.py:161} INFO - Started process (PID=110) to work on /opt/airflow/dags/operationalData/products.xlsx
[2024-05-08T17:46:30.499+0000] {processor.py:830} INFO - Processing file /opt/airflow/dags/operationalData/products.xlsx for tasks to queue
[2024-05-08T17:46:30.505+0000] {logging_mixin.py:188} INFO - [2024-05-08T17:46:30.504+0000] {dagbag.py:540} INFO - Filling up the DagBag from /opt/airflow/dags/operationalData/products.xlsx
[2024-05-08T17:46:30.538+0000] {processor.py:842} WARNING - No viable dags retrieved from /opt/airflow/dags/operationalData/products.xlsx
[2024-05-08T17:46:30.562+0000] {processor.py:183} INFO - Processing /opt/airflow/dags/operationalData/products.xlsx took 0.074 seconds
[2024-05-08T17:47:01.033+0000] {processor.py:161} INFO - Started process (PID=123) to work on /opt/airflow/dags/operationalData/products.xlsx
[2024-05-08T17:47:01.035+0000] {processor.py:830} INFO - Processing file /opt/airflow/dags/operationalData/products.xlsx for tasks to queue
[2024-05-08T17:47:01.039+0000] {logging_mixin.py:188} INFO - [2024-05-08T17:47:01.038+0000] {dagbag.py:540} INFO - Filling up the DagBag from /opt/airflow/dags/operationalData/products.xlsx
[2024-05-08T17:47:01.055+0000] {processor.py:842} WARNING - No viable dags retrieved from /opt/airflow/dags/operationalData/products.xlsx
[2024-05-08T17:47:01.084+0000] {processor.py:183} INFO - Processing /opt/airflow/dags/operationalData/products.xlsx took 0.056 seconds
[2024-05-08T17:47:31.630+0000] {processor.py:161} INFO - Started process (PID=136) to work on /opt/airflow/dags/operationalData/products.xlsx
[2024-05-08T17:47:31.632+0000] {processor.py:830} INFO - Processing file /opt/airflow/dags/operationalData/products.xlsx for tasks to queue
[2024-05-08T17:47:31.635+0000] {logging_mixin.py:188} INFO - [2024-05-08T17:47:31.634+0000] {dagbag.py:540} INFO - Filling up the DagBag from /opt/airflow/dags/operationalData/products.xlsx
[2024-05-08T17:47:31.660+0000] {processor.py:842} WARNING - No viable dags retrieved from /opt/airflow/dags/operationalData/products.xlsx
[2024-05-08T17:47:31.690+0000] {processor.py:183} INFO - Processing /opt/airflow/dags/operationalData/products.xlsx took 0.068 seconds
[2024-05-08T17:48:02.145+0000] {processor.py:161} INFO - Started process (PID=149) to work on /opt/airflow/dags/operationalData/products.xlsx
[2024-05-08T17:48:02.147+0000] {processor.py:830} INFO - Processing file /opt/airflow/dags/operationalData/products.xlsx for tasks to queue
[2024-05-08T17:48:02.150+0000] {logging_mixin.py:188} INFO - [2024-05-08T17:48:02.150+0000] {dagbag.py:540} INFO - Filling up the DagBag from /opt/airflow/dags/operationalData/products.xlsx
[2024-05-08T17:48:02.169+0000] {processor.py:842} WARNING - No viable dags retrieved from /opt/airflow/dags/operationalData/products.xlsx
[2024-05-08T17:48:02.193+0000] {processor.py:183} INFO - Processing /opt/airflow/dags/operationalData/products.xlsx took 0.055 seconds
[2024-05-08T17:48:32.881+0000] {processor.py:161} INFO - Started process (PID=162) to work on /opt/airflow/dags/operationalData/products.xlsx
[2024-05-08T17:48:32.883+0000] {processor.py:830} INFO - Processing file /opt/airflow/dags/operationalData/products.xlsx for tasks to queue
[2024-05-08T17:48:32.887+0000] {logging_mixin.py:188} INFO - [2024-05-08T17:48:32.886+0000] {dagbag.py:540} INFO - Filling up the DagBag from /opt/airflow/dags/operationalData/products.xlsx
[2024-05-08T17:48:32.910+0000] {processor.py:842} WARNING - No viable dags retrieved from /opt/airflow/dags/operationalData/products.xlsx
[2024-05-08T17:48:32.942+0000] {processor.py:183} INFO - Processing /opt/airflow/dags/operationalData/products.xlsx took 0.068 seconds
[2024-05-08T17:49:03.728+0000] {processor.py:161} INFO - Started process (PID=181) to work on /opt/airflow/dags/operationalData/products.xlsx
[2024-05-08T17:49:03.730+0000] {processor.py:830} INFO - Processing file /opt/airflow/dags/operationalData/products.xlsx for tasks to queue
[2024-05-08T17:49:03.734+0000] {logging_mixin.py:188} INFO - [2024-05-08T17:49:03.733+0000] {dagbag.py:540} INFO - Filling up the DagBag from /opt/airflow/dags/operationalData/products.xlsx
[2024-05-08T17:49:03.750+0000] {processor.py:842} WARNING - No viable dags retrieved from /opt/airflow/dags/operationalData/products.xlsx
[2024-05-08T17:49:03.775+0000] {processor.py:183} INFO - Processing /opt/airflow/dags/operationalData/products.xlsx took 0.055 seconds
[2024-05-08T17:49:34.272+0000] {processor.py:161} INFO - Started process (PID=194) to work on /opt/airflow/dags/operationalData/products.xlsx
[2024-05-08T17:49:34.275+0000] {processor.py:830} INFO - Processing file /opt/airflow/dags/operationalData/products.xlsx for tasks to queue
[2024-05-08T17:49:34.278+0000] {logging_mixin.py:188} INFO - [2024-05-08T17:49:34.278+0000] {dagbag.py:540} INFO - Filling up the DagBag from /opt/airflow/dags/operationalData/products.xlsx
[2024-05-08T17:49:34.296+0000] {processor.py:842} WARNING - No viable dags retrieved from /opt/airflow/dags/operationalData/products.xlsx
[2024-05-08T17:49:34.351+0000] {processor.py:183} INFO - Processing /opt/airflow/dags/operationalData/products.xlsx took 0.085 seconds
[2024-05-08T17:50:04.934+0000] {processor.py:161} INFO - Started process (PID=207) to work on /opt/airflow/dags/operationalData/products.xlsx
[2024-05-08T17:50:04.936+0000] {processor.py:830} INFO - Processing file /opt/airflow/dags/operationalData/products.xlsx for tasks to queue
[2024-05-08T17:50:04.940+0000] {logging_mixin.py:188} INFO - [2024-05-08T17:50:04.939+0000] {dagbag.py:540} INFO - Filling up the DagBag from /opt/airflow/dags/operationalData/products.xlsx
[2024-05-08T17:50:04.958+0000] {processor.py:842} WARNING - No viable dags retrieved from /opt/airflow/dags/operationalData/products.xlsx
[2024-05-08T17:50:04.983+0000] {processor.py:183} INFO - Processing /opt/airflow/dags/operationalData/products.xlsx took 0.056 seconds
[2024-05-08T17:50:35.295+0000] {processor.py:161} INFO - Started process (PID=220) to work on /opt/airflow/dags/operationalData/products.xlsx
[2024-05-08T17:50:35.296+0000] {processor.py:830} INFO - Processing file /opt/airflow/dags/operationalData/products.xlsx for tasks to queue
[2024-05-08T17:50:35.299+0000] {logging_mixin.py:188} INFO - [2024-05-08T17:50:35.299+0000] {dagbag.py:540} INFO - Filling up the DagBag from /opt/airflow/dags/operationalData/products.xlsx
[2024-05-08T17:50:35.314+0000] {processor.py:842} WARNING - No viable dags retrieved from /opt/airflow/dags/operationalData/products.xlsx
[2024-05-08T17:50:35.332+0000] {processor.py:183} INFO - Processing /opt/airflow/dags/operationalData/products.xlsx took 0.042 seconds
[2024-05-08T17:51:05.688+0000] {processor.py:161} INFO - Started process (PID=233) to work on /opt/airflow/dags/operationalData/products.xlsx
[2024-05-08T17:51:05.690+0000] {processor.py:830} INFO - Processing file /opt/airflow/dags/operationalData/products.xlsx for tasks to queue
[2024-05-08T17:51:05.692+0000] {logging_mixin.py:188} INFO - [2024-05-08T17:51:05.692+0000] {dagbag.py:540} INFO - Filling up the DagBag from /opt/airflow/dags/operationalData/products.xlsx
[2024-05-08T17:51:05.707+0000] {processor.py:842} WARNING - No viable dags retrieved from /opt/airflow/dags/operationalData/products.xlsx
[2024-05-08T17:51:05.726+0000] {processor.py:183} INFO - Processing /opt/airflow/dags/operationalData/products.xlsx took 0.042 seconds
[2024-05-08T17:51:36.065+0000] {processor.py:161} INFO - Started process (PID=246) to work on /opt/airflow/dags/operationalData/products.xlsx
[2024-05-08T17:51:36.067+0000] {processor.py:830} INFO - Processing file /opt/airflow/dags/operationalData/products.xlsx for tasks to queue
[2024-05-08T17:51:36.070+0000] {logging_mixin.py:188} INFO - [2024-05-08T17:51:36.069+0000] {dagbag.py:540} INFO - Filling up the DagBag from /opt/airflow/dags/operationalData/products.xlsx
[2024-05-08T17:51:36.090+0000] {processor.py:842} WARNING - No viable dags retrieved from /opt/airflow/dags/operationalData/products.xlsx
[2024-05-08T17:51:36.110+0000] {processor.py:183} INFO - Processing /opt/airflow/dags/operationalData/products.xlsx took 0.050 seconds
[2024-05-08T17:52:06.814+0000] {processor.py:161} INFO - Started process (PID=259) to work on /opt/airflow/dags/operationalData/products.xlsx
[2024-05-08T17:52:06.816+0000] {processor.py:830} INFO - Processing file /opt/airflow/dags/operationalData/products.xlsx for tasks to queue
[2024-05-08T17:52:06.820+0000] {logging_mixin.py:188} INFO - [2024-05-08T17:52:06.819+0000] {dagbag.py:540} INFO - Filling up the DagBag from /opt/airflow/dags/operationalData/products.xlsx
[2024-05-08T17:52:06.833+0000] {processor.py:842} WARNING - No viable dags retrieved from /opt/airflow/dags/operationalData/products.xlsx
[2024-05-08T17:52:06.856+0000] {processor.py:183} INFO - Processing /opt/airflow/dags/operationalData/products.xlsx took 0.047 seconds
[2024-05-08T17:52:37.580+0000] {processor.py:161} INFO - Started process (PID=276) to work on /opt/airflow/dags/operationalData/products.xlsx
[2024-05-08T17:52:37.584+0000] {processor.py:830} INFO - Processing file /opt/airflow/dags/operationalData/products.xlsx for tasks to queue
[2024-05-08T17:52:37.598+0000] {logging_mixin.py:188} INFO - [2024-05-08T17:52:37.597+0000] {dagbag.py:540} INFO - Filling up the DagBag from /opt/airflow/dags/operationalData/products.xlsx
[2024-05-08T17:52:37.708+0000] {processor.py:842} WARNING - No viable dags retrieved from /opt/airflow/dags/operationalData/products.xlsx
[2024-05-08T17:52:37.751+0000] {processor.py:183} INFO - Processing /opt/airflow/dags/operationalData/products.xlsx took 0.188 seconds
[2024-05-08T17:53:07.980+0000] {processor.py:161} INFO - Started process (PID=293) to work on /opt/airflow/dags/operationalData/products.xlsx
[2024-05-08T17:53:07.984+0000] {processor.py:830} INFO - Processing file /opt/airflow/dags/operationalData/products.xlsx for tasks to queue
[2024-05-08T17:53:08.000+0000] {logging_mixin.py:188} INFO - [2024-05-08T17:53:07.999+0000] {dagbag.py:540} INFO - Filling up the DagBag from /opt/airflow/dags/operationalData/products.xlsx
[2024-05-08T17:53:08.031+0000] {processor.py:842} WARNING - No viable dags retrieved from /opt/airflow/dags/operationalData/products.xlsx
[2024-05-08T17:53:08.337+0000] {processor.py:183} INFO - Processing /opt/airflow/dags/operationalData/products.xlsx took 0.390 seconds
[2024-05-08T17:53:38.617+0000] {processor.py:161} INFO - Started process (PID=306) to work on /opt/airflow/dags/operationalData/products.xlsx
[2024-05-08T17:53:38.619+0000] {processor.py:830} INFO - Processing file /opt/airflow/dags/operationalData/products.xlsx for tasks to queue
[2024-05-08T17:53:38.622+0000] {logging_mixin.py:188} INFO - [2024-05-08T17:53:38.622+0000] {dagbag.py:540} INFO - Filling up the DagBag from /opt/airflow/dags/operationalData/products.xlsx
[2024-05-08T17:53:38.643+0000] {processor.py:842} WARNING - No viable dags retrieved from /opt/airflow/dags/operationalData/products.xlsx
[2024-05-08T17:53:38.669+0000] {processor.py:183} INFO - Processing /opt/airflow/dags/operationalData/products.xlsx took 0.060 seconds
[2024-05-08T17:54:19.734+0000] {processor.py:161} INFO - Started process (PID=319) to work on /opt/airflow/dags/operationalData/products.xlsx
[2024-05-08T17:54:19.748+0000] {processor.py:830} INFO - Processing file /opt/airflow/dags/operationalData/products.xlsx for tasks to queue
[2024-05-08T17:54:19.770+0000] {logging_mixin.py:188} INFO - [2024-05-08T17:54:19.769+0000] {dagbag.py:540} INFO - Filling up the DagBag from /opt/airflow/dags/operationalData/products.xlsx
[2024-05-08T17:54:20.850+0000] {processor.py:842} WARNING - No viable dags retrieved from /opt/airflow/dags/operationalData/products.xlsx
[2024-05-08T17:54:21.028+0000] {processor.py:183} INFO - Processing /opt/airflow/dags/operationalData/products.xlsx took 1.335 seconds
