[2024-03-21T18:44:28.222+0000] {taskinstance.py:1979} INFO - Dependencies all met for dep_context=non-requeueable deps ti=<TaskInstance: ETL_Flow.insert_data_from_files manual__2024-03-20T17:02:25.391105+00:00 [queued]>
[2024-03-21T18:44:28.377+0000] {taskinstance.py:1979} INFO - Dependencies all met for dep_context=requeueable deps ti=<TaskInstance: ETL_Flow.insert_data_from_files manual__2024-03-20T17:02:25.391105+00:00 [queued]>
[2024-03-21T18:44:28.390+0000] {taskinstance.py:2193} INFO - Starting attempt 2 of 6
[2024-03-21T18:44:28.915+0000] {taskinstance.py:2214} INFO - Executing <Task(PythonOperator): insert_data_from_files> on 2024-03-20 17:02:25.391105+00:00
[2024-03-21T18:44:29.007+0000] {standard_task_runner.py:60} INFO - Started process 78 to run task
[2024-03-21T18:44:29.145+0000] {standard_task_runner.py:87} INFO - Running: ['***', 'tasks', 'run', 'ETL_Flow', 'insert_data_from_files', 'manual__2024-03-20T17:02:25.391105+00:00', '--job-id', '2069', '--raw', '--subdir', 'DAGS_FOLDER/etl2.py', '--cfg-path', '/tmp/tmpaxwwi69b']
[2024-03-21T18:44:29.289+0000] {standard_task_runner.py:88} INFO - Job 2069: Subtask insert_data_from_files
[2024-03-21T18:44:30.166+0000] {task_command.py:423} INFO - Running <TaskInstance: ETL_Flow.insert_data_from_files manual__2024-03-20T17:02:25.391105+00:00 [running]> on host 87d0282d7958
[2024-03-21T18:44:35.561+0000] {taskinstance.py:2510} INFO - Exporting env vars: AIRFLOW_CTX_DAG_OWNER='coder2j' AIRFLOW_CTX_DAG_ID='ETL_Flow' AIRFLOW_CTX_TASK_ID='insert_data_from_files' AIRFLOW_CTX_EXECUTION_DATE='2024-03-20T17:02:25.391105+00:00' AIRFLOW_CTX_TRY_NUMBER='2' AIRFLOW_CTX_DAG_RUN_ID='manual__2024-03-20T17:02:25.391105+00:00'
[2024-03-21T18:44:40.402+0000] {base.py:83} INFO - Using connection ID 'postgres_localhost' for task execution.
[2024-03-21T18:44:42.220+0000] {sql.py:572} INFO - Done loading. Loaded a total of 92 rows into MRR_Dim_Customers
[2024-03-21T18:44:42.369+0000] {base.py:83} INFO - Using connection ID 'postgres_localhost' for task execution.
[2024-03-21T18:44:42.694+0000] {sql.py:572} INFO - Done loading. Loaded a total of 47 rows into MRR_Dim_Employees
[2024-03-21T18:44:43.005+0000] {base.py:83} INFO - Using connection ID 'postgres_localhost' for task execution.
[2024-03-21T18:44:43.755+0000] {sql.py:572} INFO - Done loading. Loaded a total of 77 rows into MRR_Dim_Products
[2024-03-21T18:44:44.314+0000] {base.py:83} INFO - Using connection ID 'postgres_localhost' for task execution.
[2024-03-21T18:44:49.563+0000] {sql.py:572} INFO - Done loading. Loaded a total of 836 rows into MRR_Fact_Orders
[2024-03-21T18:44:50.016+0000] {base.py:83} INFO - Using connection ID 'postgres_localhost' for task execution.
[2024-03-21T18:44:53.620+0000] {sql.py:568} INFO - Loaded 1000 rows into MRR_Fact_Details so far
[2024-03-21T18:44:56.924+0000] {sql.py:568} INFO - Loaded 2000 rows into MRR_Fact_Details so far
[2024-03-21T18:44:57.325+0000] {sql.py:572} INFO - Done loading. Loaded a total of 2172 rows into MRR_Fact_Details
[2024-03-21T18:44:57.327+0000] {python.py:202} INFO - Done. Returned value was: None
[2024-03-21T18:44:57.350+0000] {taskinstance.py:1149} INFO - Marking task as SUCCESS. dag_id=ETL_Flow, task_id=insert_data_from_files, execution_date=20240320T170225, start_date=20240321T184428, end_date=20240321T184457
[2024-03-21T18:44:57.432+0000] {local_task_job_runner.py:234} INFO - Task exited with return code 0
[2024-03-21T18:44:57.457+0000] {warnings.py:109} WARNING - /home/***/.local/lib/python3.8/site-packages/***/models/baseoperator.py:1201: AirflowProviderDeprecationWarning: Call to deprecated class PostgresOperator. (Please use `***.providers.common.sql.operators.sql.SQLExecuteQueryOperator`.Also, you can provide `hook_params={'schema': <database>}`.)
  result = cls.__new__(cls)

[2024-03-21T18:44:57.504+0000] {taskinstance.py:3309} INFO - 1 downstream tasks scheduled from follow-on schedule check
