[2024-04-29T10:04:59.429+0000] {taskinstance.py:1979} INFO - Dependencies all met for dep_context=non-requeueable deps ti=<TaskInstance: ETL_Flow.fact_stg2dwh manual__2024-04-29T10:03:23.691759+00:00 [queued]>
[2024-04-29T10:04:59.511+0000] {taskinstance.py:1979} INFO - Dependencies all met for dep_context=requeueable deps ti=<TaskInstance: ETL_Flow.fact_stg2dwh manual__2024-04-29T10:03:23.691759+00:00 [queued]>
[2024-04-29T10:04:59.529+0000] {taskinstance.py:2193} INFO - Starting attempt 1 of 6
[2024-04-29T10:04:59.671+0000] {taskinstance.py:2214} INFO - Executing <Task(PostgresOperator): fact_stg2dwh> on 2024-04-29 10:03:23.691759+00:00
[2024-04-29T10:04:59.730+0000] {standard_task_runner.py:60} INFO - Started process 7627 to run task
[2024-04-29T10:04:59.803+0000] {standard_task_runner.py:87} INFO - Running: ['***', 'tasks', 'run', 'ETL_Flow', 'fact_stg2dwh', 'manual__2024-04-29T10:03:23.691759+00:00', '--job-id', '3046', '--raw', '--subdir', 'DAGS_FOLDER/ETL.py', '--cfg-path', '/tmp/tmpvvd8nix4']
[2024-04-29T10:04:59.927+0000] {standard_task_runner.py:88} INFO - Job 3046: Subtask fact_stg2dwh
[2024-04-29T10:05:01.561+0000] {task_command.py:423} INFO - Running <TaskInstance: ETL_Flow.fact_stg2dwh manual__2024-04-29T10:03:23.691759+00:00 [running]> on host d838c4eb4dcc
[2024-04-29T10:05:22.849+0000] {job.py:213} ERROR - Job heartbeat got an exception
Traceback (most recent call last):
  File "/home/airflow/.local/lib/python3.8/site-packages/sqlalchemy/engine/base.py", line 3371, in _wrap_pool_connect
    return fn()
  File "/home/airflow/.local/lib/python3.8/site-packages/sqlalchemy/pool/base.py", line 327, in connect
    return _ConnectionFairy._checkout(self)
  File "/home/airflow/.local/lib/python3.8/site-packages/sqlalchemy/pool/base.py", line 894, in _checkout
    fairy = _ConnectionRecord.checkout(pool)
  File "/home/airflow/.local/lib/python3.8/site-packages/sqlalchemy/pool/base.py", line 493, in checkout
    rec = pool._do_get()
  File "/home/airflow/.local/lib/python3.8/site-packages/sqlalchemy/pool/impl.py", line 256, in _do_get
    return self._create_connection()
  File "/home/airflow/.local/lib/python3.8/site-packages/sqlalchemy/pool/base.py", line 273, in _create_connection
    return _ConnectionRecord(self)
  File "/home/airflow/.local/lib/python3.8/site-packages/sqlalchemy/pool/base.py", line 388, in __init__
    self.__connect()
  File "/home/airflow/.local/lib/python3.8/site-packages/sqlalchemy/pool/base.py", line 691, in __connect
    pool.logger.debug("Error on connect(): %s", e)
  File "/home/airflow/.local/lib/python3.8/site-packages/sqlalchemy/util/langhelpers.py", line 70, in __exit__
    compat.raise_(
  File "/home/airflow/.local/lib/python3.8/site-packages/sqlalchemy/util/compat.py", line 211, in raise_
    raise exception
  File "/home/airflow/.local/lib/python3.8/site-packages/sqlalchemy/pool/base.py", line 686, in __connect
    self.dbapi_connection = connection = pool._invoke_creator(self)
  File "/home/airflow/.local/lib/python3.8/site-packages/sqlalchemy/engine/create.py", line 574, in connect
    return dialect.connect(*cargs, **cparams)
  File "/home/airflow/.local/lib/python3.8/site-packages/sqlalchemy/engine/default.py", line 598, in connect
    return self.dbapi.connect(*cargs, **cparams)
  File "/home/airflow/.local/lib/python3.8/site-packages/psycopg2/__init__.py", line 122, in connect
    conn = _connect(dsn, connection_factory=connection_factory, **kwasync)
psycopg2.OperationalError: could not translate host name "postgres" to address: Temporary failure in name resolution


The above exception was the direct cause of the following exception:

Traceback (most recent call last):
  File "/home/airflow/.local/lib/python3.8/site-packages/airflow/jobs/job.py", line 187, in heartbeat
    self._merge_from(Job._fetch_from_db(self, session))
  File "/home/airflow/.local/lib/python3.8/site-packages/airflow/api_internal/internal_api_call.py", line 114, in wrapper
    return func(*args, **kwargs)
  File "/home/airflow/.local/lib/python3.8/site-packages/airflow/utils/session.py", line 76, in wrapper
    return func(*args, **kwargs)
  File "/home/airflow/.local/lib/python3.8/site-packages/airflow/jobs/job.py", line 308, in _fetch_from_db
    session.merge(job)
  File "/home/airflow/.local/lib/python3.8/site-packages/sqlalchemy/orm/session.py", line 3056, in merge
    return self._merge(
  File "/home/airflow/.local/lib/python3.8/site-packages/sqlalchemy/orm/session.py", line 3136, in _merge
    merged = self.get(
  File "/home/airflow/.local/lib/python3.8/site-packages/sqlalchemy/orm/session.py", line 2853, in get
    return self._get_impl(
  File "/home/airflow/.local/lib/python3.8/site-packages/sqlalchemy/orm/session.py", line 2975, in _get_impl
    return db_load_fn(
  File "/home/airflow/.local/lib/python3.8/site-packages/sqlalchemy/orm/loading.py", line 530, in load_on_pk_identity
    session.execute(
  File "/home/airflow/.local/lib/python3.8/site-packages/sqlalchemy/orm/session.py", line 1716, in execute
    conn = self._connection_for_bind(bind)
  File "/home/airflow/.local/lib/python3.8/site-packages/sqlalchemy/orm/session.py", line 1555, in _connection_for_bind
    return self._transaction._connection_for_bind(
  File "/home/airflow/.local/lib/python3.8/site-packages/sqlalchemy/orm/session.py", line 750, in _connection_for_bind
    conn = bind.connect()
  File "/home/airflow/.local/lib/python3.8/site-packages/sqlalchemy/future/engine.py", line 412, in connect
    return super(Engine, self).connect()
  File "/home/airflow/.local/lib/python3.8/site-packages/sqlalchemy/engine/base.py", line 3325, in connect
    return self._connection_cls(self, close_with_result=close_with_result)
  File "/home/airflow/.local/lib/python3.8/site-packages/sqlalchemy/engine/base.py", line 96, in __init__
    else engine.raw_connection()
  File "/home/airflow/.local/lib/python3.8/site-packages/sqlalchemy/engine/base.py", line 3404, in raw_connection
    return self._wrap_pool_connect(self.pool.connect, _connection)
  File "/home/airflow/.local/lib/python3.8/site-packages/sqlalchemy/engine/base.py", line 3374, in _wrap_pool_connect
    Connection._handle_dbapi_exception_noconnection(
  File "/home/airflow/.local/lib/python3.8/site-packages/sqlalchemy/engine/base.py", line 2208, in _handle_dbapi_exception_noconnection
    util.raise_(
  File "/home/airflow/.local/lib/python3.8/site-packages/sqlalchemy/util/compat.py", line 211, in raise_
    raise exception
  File "/home/airflow/.local/lib/python3.8/site-packages/sqlalchemy/engine/base.py", line 3371, in _wrap_pool_connect
    return fn()
  File "/home/airflow/.local/lib/python3.8/site-packages/sqlalchemy/pool/base.py", line 327, in connect
    return _ConnectionFairy._checkout(self)
  File "/home/airflow/.local/lib/python3.8/site-packages/sqlalchemy/pool/base.py", line 894, in _checkout
    fairy = _ConnectionRecord.checkout(pool)
  File "/home/airflow/.local/lib/python3.8/site-packages/sqlalchemy/pool/base.py", line 493, in checkout
    rec = pool._do_get()
  File "/home/airflow/.local/lib/python3.8/site-packages/sqlalchemy/pool/impl.py", line 256, in _do_get
    return self._create_connection()
  File "/home/airflow/.local/lib/python3.8/site-packages/sqlalchemy/pool/base.py", line 273, in _create_connection
    return _ConnectionRecord(self)
  File "/home/airflow/.local/lib/python3.8/site-packages/sqlalchemy/pool/base.py", line 388, in __init__
    self.__connect()
  File "/home/airflow/.local/lib/python3.8/site-packages/sqlalchemy/pool/base.py", line 691, in __connect
    pool.logger.debug("Error on connect(): %s", e)
  File "/home/airflow/.local/lib/python3.8/site-packages/sqlalchemy/util/langhelpers.py", line 70, in __exit__
    compat.raise_(
  File "/home/airflow/.local/lib/python3.8/site-packages/sqlalchemy/util/compat.py", line 211, in raise_
    raise exception
  File "/home/airflow/.local/lib/python3.8/site-packages/sqlalchemy/pool/base.py", line 686, in __connect
    self.dbapi_connection = connection = pool._invoke_creator(self)
  File "/home/airflow/.local/lib/python3.8/site-packages/sqlalchemy/engine/create.py", line 574, in connect
    return dialect.connect(*cargs, **cparams)
  File "/home/airflow/.local/lib/python3.8/site-packages/sqlalchemy/engine/default.py", line 598, in connect
    return self.dbapi.connect(*cargs, **cparams)
  File "/home/airflow/.local/lib/python3.8/site-packages/psycopg2/__init__.py", line 122, in connect
    conn = _connect(dsn, connection_factory=connection_factory, **kwasync)
sqlalchemy.exc.OperationalError: (psycopg2.OperationalError) could not translate host name "postgres" to address: Temporary failure in name resolution

(Background on this error at: https://sqlalche.me/e/14/e3q8)
[2024-04-29T10:05:23.462+0000] {job.py:221} ERROR - Job heartbeat failed with error. Scheduler is in unhealthy state
[2024-04-29T10:05:44.932+0000] {job.py:221} ERROR - Job heartbeat failed with error. Scheduler is in unhealthy state
[2024-04-29T10:06:02.874+0000] {taskinstance.py:2510} INFO - Exporting env vars: AIRFLOW_CTX_DAG_OWNER='coder2j' AIRFLOW_CTX_DAG_ID='ETL_Flow' AIRFLOW_CTX_TASK_ID='fact_stg2dwh' AIRFLOW_CTX_EXECUTION_DATE='2024-04-29T10:03:23.691759+00:00' AIRFLOW_CTX_TRY_NUMBER='1' AIRFLOW_CTX_DAG_RUN_ID='manual__2024-04-29T10:03:23.691759+00:00'
[2024-04-29T10:06:02.903+0000] {sql.py:276} INFO - Executing: insert into DWH_Fact_Product_In_Order (Order_ID,DW_product_ID,DW_Customer_ID,Order_Time,country,currency,exchange_to_usd,installation_date,media_source,
                                      supplier,category,Quantity,total_price_before_discount,Total_Cost,incremental_discount, total_price_after_discount)
select 
o.Order_ID,
p.DW_product_ID,
c.DW_Customer_ID,
o.Order_Time,
c.country,
c.currency,
c.exchange_to_usd,
c.installation_date,
c.media_source,
p.supplier,
p.category,
d.Quantity,
(d.Quantity * p.Unit_Price) as Total_Price,
(d.Quantity * p.Unit_Cost) as Total_Cost,
coupon_discount/(select count(*) from STG_Fact_Details src where src.Order_ID=d.Order_ID),
(1-(coupon_discount/(select count(*) from STG_Fact_Details src where src.Order_ID=d.Order_ID)))*(d.Quantity * p.Unit_Price)
from STG_Fact_Orders o join STG_Fact_Details d on o.Order_ID=d.Order_ID 
left join DWH_Dim_Customers c on o.Customer_ID=c.Customer_ID --left join in case there is a customer who isn't shown in DWH_Dim_Customers, but he did purchase
left join DWH_Dim_Products p on d.Product_ID=p.Product_ID --left join in case there is a product that isn't shown in DWH_Dim_products, but was purchased
where p.Valid_Until is null and c.Valid_Until is null 
and (o.Order_ID,p.dw_product_id) not in ( select distinct Order_ID, dw_product_id
                                          from DWH_Fact_Product_In_Order
                                        );

insert into DWH_Fact_Events (event_ID,event_description,event_time,DW_customer_ID,country,currency,exchange_to_USD,installation_date,media_source)
select 
event_ID,
event_description,
event_time,
c.DW_customer_ID,
c.country,
c.currency,
c.exchange_to_usd,
c.installation_date,
c.media_source
from STG_Fact_Events e left join DWH_Dim_Customers c on e.customer_ID=c.customer_ID --left join in case there is a customer who isn't shown in DWH_Dim_Customers, but he did purchase
where c.valid_until is null and event_ID not in (select distinct event_ID 
                                                 from DWH_Fact_Events  
                                                 );                       


[2024-04-29T10:06:03.003+0000] {base.py:83} INFO - Using connection ID 'postgres_localhost' for task execution.
[2024-04-29T10:06:03.232+0000] {base.py:83} INFO - Using connection ID 'postgres_localhost' for task execution.
[2024-04-29T10:06:03.419+0000] {sql.py:457} INFO - Running statement: insert into DWH_Fact_Product_In_Order (Order_ID,DW_product_ID,DW_Customer_ID,Order_Time,country,currency,exchange_to_usd,installation_date,media_source,
                                      supplier,category,Quantity,total_price_before_discount,Total_Cost,incremental_discount, total_price_after_discount)
select 
o.Order_ID,
p.DW_product_ID,
c.DW_Customer_ID,
o.Order_Time,
c.country,
c.currency,
c.exchange_to_usd,
c.installation_date,
c.media_source,
p.supplier,
p.category,
d.Quantity,
(d.Quantity * p.Unit_Price) as Total_Price,
(d.Quantity * p.Unit_Cost) as Total_Cost,
coupon_discount/(select count(*) from STG_Fact_Details src where src.Order_ID=d.Order_ID),
(1-(coupon_discount/(select count(*) from STG_Fact_Details src where src.Order_ID=d.Order_ID)))*(d.Quantity * p.Unit_Price)
from STG_Fact_Orders o join STG_Fact_Details d on o.Order_ID=d.Order_ID 
left join DWH_Dim_Customers c on o.Customer_ID=c.Customer_ID --left join in case there is a customer who isn't shown in DWH_Dim_Customers, but he did purchase
left join DWH_Dim_Products p on d.Product_ID=p.Product_ID --left join in case there is a product that isn't shown in DWH_Dim_products, but was purchased
where p.Valid_Until is null and c.Valid_Until is null 
and (o.Order_ID,p.dw_product_id) not in ( select distinct Order_ID, dw_product_id
                                          from DWH_Fact_Product_In_Order
                                        );

insert into DWH_Fact_Events (event_ID,event_description,event_time,DW_customer_ID,country,currency,exchange_to_USD,installation_date,media_source)
select 
event_ID,
event_description,
event_time,
c.DW_customer_ID,
c.country,
c.currency,
c.exchange_to_usd,
c.installation_date,
c.media_source
from STG_Fact_Events e left join DWH_Dim_Customers c on e.customer_ID=c.customer_ID --left join in case there is a customer who isn't shown in DWH_Dim_Customers, but he did purchase
where c.valid_until is null and event_ID not in (select distinct event_ID 
                                                 from DWH_Fact_Events  
                                                 );                       

, parameters: None
[2024-04-29T10:06:03.750+0000] {taskinstance.py:2728} ERROR - Task failed with exception
Traceback (most recent call last):
  File "/home/airflow/.local/lib/python3.8/site-packages/airflow/models/taskinstance.py", line 444, in _execute_task
    result = _execute_callable(context=context, **execute_callable_kwargs)
  File "/home/airflow/.local/lib/python3.8/site-packages/airflow/models/taskinstance.py", line 414, in _execute_callable
    return execute_callable(context=context, **execute_callable_kwargs)
  File "/home/airflow/.local/lib/python3.8/site-packages/airflow/providers/common/sql/operators/sql.py", line 282, in execute
    output = hook.run(
  File "/home/airflow/.local/lib/python3.8/site-packages/airflow/providers/common/sql/hooks/sql.py", line 404, in run
    self._run_command(cur, sql_statement, parameters)
  File "/home/airflow/.local/lib/python3.8/site-packages/airflow/providers/common/sql/hooks/sql.py", line 462, in _run_command
    cur.execute(sql_statement)
psycopg2.errors.CheckViolation: no partition of relation "dwh_fact_product_in_order" found for row
DETAIL:  Partition key of the failing row contains (order_time) = (2024-04-07 10:00:00).

[2024-04-29T10:06:03.898+0000] {taskinstance.py:1149} INFO - Marking task as UP_FOR_RETRY. dag_id=ETL_Flow, task_id=fact_stg2dwh, execution_date=20240429T100323, start_date=20240429T100459, end_date=20240429T100603
[2024-04-29T10:06:05.302+0000] {standard_task_runner.py:107} ERROR - Failed to execute job 3046 for task fact_stg2dwh (no partition of relation "dwh_fact_product_in_order" found for row
DETAIL:  Partition key of the failing row contains (order_time) = (2024-04-07 10:00:00).
; 7627)
[2024-04-29T10:06:05.700+0000] {local_task_job_runner.py:234} INFO - Task exited with return code 1
[2024-04-29T10:06:07.635+0000] {taskinstance.py:3309} INFO - 0 downstream tasks scheduled from follow-on schedule check
