[2024-03-09T12:09:00.138+0000] {taskinstance.py:1979} INFO - Dependencies all met for dep_context=non-requeueable deps ti=<TaskInstance: Sales_ETL.dwh_backup manual__2024-03-09T11:52:37.329876+00:00 [queued]>
[2024-03-09T12:09:00.148+0000] {taskinstance.py:1979} INFO - Dependencies all met for dep_context=requeueable deps ti=<TaskInstance: Sales_ETL.dwh_backup manual__2024-03-09T11:52:37.329876+00:00 [queued]>
[2024-03-09T12:09:00.149+0000] {taskinstance.py:2193} INFO - Starting attempt 4 of 6
[2024-03-09T12:09:00.167+0000] {taskinstance.py:2214} INFO - Executing <Task(PostgresOperator): dwh_backup> on 2024-03-09 11:52:37.329876+00:00
[2024-03-09T12:09:00.173+0000] {standard_task_runner.py:60} INFO - Started process 827 to run task
[2024-03-09T12:09:00.177+0000] {standard_task_runner.py:87} INFO - Running: ['***', 'tasks', 'run', 'Sales_ETL', 'dwh_backup', 'manual__2024-03-09T11:52:37.329876+00:00', '--job-id', '86', '--raw', '--subdir', 'DAGS_FOLDER/etl_pipeline.py', '--cfg-path', '/tmp/tmp3mf1pmnl']
[2024-03-09T12:09:00.178+0000] {standard_task_runner.py:88} INFO - Job 86: Subtask dwh_backup
[2024-03-09T12:09:00.234+0000] {task_command.py:423} INFO - Running <TaskInstance: Sales_ETL.dwh_backup manual__2024-03-09T11:52:37.329876+00:00 [running]> on host 3b9d9f11e4f2
[2024-03-09T12:09:00.282+0000] {abstractoperator.py:707} ERROR - Exception rendering Jinja template for task 'dwh_backup', field 'sql'. Template: 'dwh_backup.sql'
Traceback (most recent call last):
  File "/home/airflow/.local/lib/python3.8/site-packages/airflow/models/abstractoperator.py", line 699, in _do_render_template_fields
    rendered_content = self.render_template(
  File "/home/airflow/.local/lib/python3.8/site-packages/airflow/template/templater.py", line 171, in render_template
    template = jinja_env.get_template(value)
  File "/home/airflow/.local/lib/python3.8/site-packages/jinja2/environment.py", line 1010, in get_template
    return self._load_template(name, globals)
  File "/home/airflow/.local/lib/python3.8/site-packages/jinja2/environment.py", line 969, in _load_template
    template = self.loader.load(self, name, self.make_globals(globals))
  File "/home/airflow/.local/lib/python3.8/site-packages/jinja2/loaders.py", line 125, in load
    source, filename, uptodate = self.get_source(environment, name)
  File "/home/airflow/.local/lib/python3.8/site-packages/jinja2/loaders.py", line 204, in get_source
    raise TemplateNotFound(template)
jinja2.exceptions.TemplateNotFound: dwh_backup.sql
[2024-03-09T12:09:00.284+0000] {taskinstance.py:2728} ERROR - Task failed with exception
Traceback (most recent call last):
  File "/home/airflow/.local/lib/python3.8/site-packages/airflow/models/taskinstance.py", line 2357, in _run_raw_task
    self._execute_task_with_callbacks(context, test_mode, session=session)
  File "/home/airflow/.local/lib/python3.8/site-packages/airflow/models/taskinstance.py", line 2495, in _execute_task_with_callbacks
    task_orig = self.render_templates(context=context)
  File "/home/airflow/.local/lib/python3.8/site-packages/airflow/models/taskinstance.py", line 2907, in render_templates
    original_task.render_template_fields(context)
  File "/home/airflow/.local/lib/python3.8/site-packages/airflow/models/baseoperator.py", line 1241, in render_template_fields
    self._do_render_template_fields(self, self.template_fields, context, jinja_env, set())
  File "/home/airflow/.local/lib/python3.8/site-packages/airflow/utils/session.py", line 79, in wrapper
    return func(*args, session=session, **kwargs)
  File "/home/airflow/.local/lib/python3.8/site-packages/airflow/models/abstractoperator.py", line 699, in _do_render_template_fields
    rendered_content = self.render_template(
  File "/home/airflow/.local/lib/python3.8/site-packages/airflow/template/templater.py", line 171, in render_template
    template = jinja_env.get_template(value)
  File "/home/airflow/.local/lib/python3.8/site-packages/jinja2/environment.py", line 1010, in get_template
    return self._load_template(name, globals)
  File "/home/airflow/.local/lib/python3.8/site-packages/jinja2/environment.py", line 969, in _load_template
    template = self.loader.load(self, name, self.make_globals(globals))
  File "/home/airflow/.local/lib/python3.8/site-packages/jinja2/loaders.py", line 125, in load
    source, filename, uptodate = self.get_source(environment, name)
  File "/home/airflow/.local/lib/python3.8/site-packages/jinja2/loaders.py", line 204, in get_source
    raise TemplateNotFound(template)
jinja2.exceptions.TemplateNotFound: dwh_backup.sql
[2024-03-09T12:09:00.295+0000] {taskinstance.py:1149} INFO - Marking task as UP_FOR_RETRY. dag_id=Sales_ETL, task_id=dwh_backup, execution_date=20240309T115237, start_date=20240309T120900, end_date=20240309T120900
[2024-03-09T12:09:00.308+0000] {standard_task_runner.py:107} ERROR - Failed to execute job 86 for task dwh_backup (dwh_backup.sql; 827)
[2024-03-09T12:09:00.349+0000] {local_task_job_runner.py:234} INFO - Task exited with return code 1
[2024-03-09T12:09:00.372+0000] {taskinstance.py:3309} INFO - 0 downstream tasks scheduled from follow-on schedule check
