[2024-05-01T19:33:57.003+0000] {taskinstance.py:1979} INFO - Dependencies all met for dep_context=non-requeueable deps ti=<TaskInstance: ETL_Flow.truncate_mrr manual__2024-05-01T19:33:24.535151+00:00 [queued]>
[2024-05-01T19:33:57.045+0000] {taskinstance.py:1979} INFO - Dependencies all met for dep_context=requeueable deps ti=<TaskInstance: ETL_Flow.truncate_mrr manual__2024-05-01T19:33:24.535151+00:00 [queued]>
[2024-05-01T19:33:57.047+0000] {taskinstance.py:2193} INFO - Starting attempt 1 of 6
[2024-05-01T19:33:57.107+0000] {taskinstance.py:2214} INFO - Executing <Task(PostgresOperator): truncate_mrr> on 2024-05-01 19:33:24.535151+00:00
[2024-05-01T19:33:57.134+0000] {standard_task_runner.py:60} INFO - Started process 749 to run task
[2024-05-01T19:33:57.155+0000] {standard_task_runner.py:87} INFO - Running: ['***', 'tasks', 'run', 'ETL_Flow', 'truncate_mrr', 'manual__2024-05-01T19:33:24.535151+00:00', '--job-id', '3160', '--raw', '--subdir', 'DAGS_FOLDER/ETL.py', '--cfg-path', '/tmp/tmpel8tq0jg']
[2024-05-01T19:33:57.185+0000] {standard_task_runner.py:88} INFO - Job 3160: Subtask truncate_mrr
[2024-05-01T19:33:57.724+0000] {task_command.py:423} INFO - Running <TaskInstance: ETL_Flow.truncate_mrr manual__2024-05-01T19:33:24.535151+00:00 [running]> on host 9100669c2df2
[2024-05-01T19:34:01.365+0000] {taskinstance.py:2510} INFO - Exporting env vars: AIRFLOW_CTX_DAG_OWNER='coder2j' AIRFLOW_CTX_DAG_ID='ETL_Flow' AIRFLOW_CTX_TASK_ID='truncate_mrr' AIRFLOW_CTX_EXECUTION_DATE='2024-05-01T19:33:24.535151+00:00' AIRFLOW_CTX_TRY_NUMBER='1' AIRFLOW_CTX_DAG_RUN_ID='manual__2024-05-01T19:33:24.535151+00:00'
[2024-05-01T19:34:01.368+0000] {sql.py:276} INFO - Executing: TRUNCATE TABLE MRR_Dim_Customers;
TRUNCATE TABLE MRR_Dim_Products;
TRUNCATE TABLE MRR_Fact_Details;
TRUNCATE TABLE MRR_Fact_Orders;
TRUNCATE TABLE MRR_Fact_Events;


[2024-05-01T19:34:01.406+0000] {base.py:83} INFO - Using connection ID 'postgres_localhost' for task execution.
[2024-05-01T19:34:01.449+0000] {base.py:83} INFO - Using connection ID 'postgres_localhost' for task execution.
[2024-05-01T19:34:01.541+0000] {sql.py:457} INFO - Running statement: TRUNCATE TABLE MRR_Dim_Customers;
TRUNCATE TABLE MRR_Dim_Products;
TRUNCATE TABLE MRR_Fact_Details;
TRUNCATE TABLE MRR_Fact_Orders;
TRUNCATE TABLE MRR_Fact_Events;

, parameters: None
[2024-05-01T19:34:01.603+0000] {warnings.py:109} WARNING - /home/***/.local/lib/python3.8/site-packages/***/providers/common/sql/hooks/sql.py:407: AirflowProviderDeprecationWarning: Call to deprecated method _make_common_data_structure. (The `_make_serializable` method is deprecated and support will be removed in a future version of the common.sql provider. Please update the DbApiHook's provider to a version based on common.sql >= 1.9.1.)
  result = self._make_common_data_structure(handler(cur))

[2024-05-01T19:34:01.780+0000] {taskinstance.py:1149} INFO - Marking task as SUCCESS. dag_id=ETL_Flow, task_id=truncate_mrr, execution_date=20240501T193324, start_date=20240501T193357, end_date=20240501T193401
[2024-05-01T19:34:02.195+0000] {local_task_job_runner.py:234} INFO - Task exited with return code 0
[2024-05-01T19:34:02.312+0000] {warnings.py:109} WARNING - /home/***/.local/lib/python3.8/site-packages/***/models/baseoperator.py:1201: AirflowProviderDeprecationWarning: Call to deprecated class PostgresOperator. (Please use `***.providers.common.sql.operators.sql.SQLExecuteQueryOperator`.Also, you can provide `hook_params={'schema': <database>}`.)
  result = cls.__new__(cls)

[2024-05-01T19:34:02.468+0000] {taskinstance.py:3309} INFO - 1 downstream tasks scheduled from follow-on schedule check
