[2024-03-14T17:01:27.394+0000] {taskinstance.py:1979} INFO - Dependencies all met for dep_context=non-requeueable deps ti=<TaskInstance: ETL_Flow.create_tables manual__2024-03-14T16:56:16.840383+00:00 [queued]>
[2024-03-14T17:01:27.434+0000] {taskinstance.py:1979} INFO - Dependencies all met for dep_context=requeueable deps ti=<TaskInstance: ETL_Flow.create_tables manual__2024-03-14T16:56:16.840383+00:00 [queued]>
[2024-03-14T17:01:27.436+0000] {taskinstance.py:2193} INFO - Starting attempt 2 of 6
[2024-03-14T17:01:27.496+0000] {taskinstance.py:2214} INFO - Executing <Task(PostgresOperator): create_tables> on 2024-03-14 16:56:16.840383+00:00
[2024-03-14T17:01:27.514+0000] {standard_task_runner.py:60} INFO - Started process 484 to run task
[2024-03-14T17:01:27.530+0000] {standard_task_runner.py:87} INFO - Running: ['***', 'tasks', 'run', 'ETL_Flow', 'create_tables', 'manual__2024-03-14T16:56:16.840383+00:00', '--job-id', '1147', '--raw', '--subdir', 'DAGS_FOLDER/etl2.py', '--cfg-path', '/tmp/tmpvnwk22nn']
[2024-03-14T17:01:27.540+0000] {standard_task_runner.py:88} INFO - Job 1147: Subtask create_tables
[2024-03-14T17:01:27.714+0000] {task_command.py:423} INFO - Running <TaskInstance: ETL_Flow.create_tables manual__2024-03-14T16:56:16.840383+00:00 [running]> on host fd54571cdb85
[2024-03-14T17:01:28.436+0000] {taskinstance.py:2510} INFO - Exporting env vars: AIRFLOW_CTX_DAG_OWNER='coder2j' AIRFLOW_CTX_DAG_ID='ETL_Flow' AIRFLOW_CTX_TASK_ID='create_tables' AIRFLOW_CTX_EXECUTION_DATE='2024-03-14T16:56:16.840383+00:00' AIRFLOW_CTX_TRY_NUMBER='2' AIRFLOW_CTX_DAG_RUN_ID='manual__2024-03-14T16:56:16.840383+00:00'
[2024-03-14T17:01:28.439+0000] {sql.py:276} INFO - Executing: CREATE TABLE IF NOT EXISTS MRR_Dim_Customers(
    Customer_ID varchar(50) NULL,
    Company_Name varchar(50) NULL,
    Contact_Name varchar(50) NULL,
    Street varchar(50) NULL,
    City varchar(50) NULL,
    Postal_Code varchar(50) NULL,
    Country varchar(50) NULL,
    Phone varchar(50) NULL,
    Fax varchar(50) NULL
);




CREATE TABLE IF NOT EXISTS MRR_Dim_Employees(
    Employee_ID varchar(50) NULL,
    Last_Name varchar(50) NULL,
    First_Name varchar(50) NULL,
    Title varchar(50) NULL,
    Hire_Date varchar(50) NULL,
    Office varchar(50) NULL,
    Reports_To varchar(50) NULL,
    Month_Salary varchar(50) NULL
);


CREATE TABLE IF NOT EXISTS MRR_Dim_Products(
    Product_ID varchar(50) NULL,
    Product_Name varchar(50) NULL,
    Supplier varchar(50) NULL,
    Category varchar(50) NULL,
    Unit_Price varchar(50) NULL,
    Unit_Cost varchar(50) NULL
);


CREATE TABLE IF NOT EXISTS  MRR_Fact_Details(
    Order_ID varchar(50) NULL,
    Product_ID varchar(50) NULL,
    Quantity varchar(50) NULL
);
CREATE TABLE IF NOT EXISTS  MRR_Fact_Orders(
    Order_ID varchar(50) NULL,
    Order_Time varchar(50) NULL,
    Customer_ID varchar(50) NULL,
    Employee_ID varchar(50) NULL,
    Shipper_ID varchar(50) NULL
);




CREATE TABLE IF NOT EXISTS  STG_Dim_Customers(
    Customer_ID int not null,
    Company_Name varchar(50) not null,
    Contact_Name varchar(50) not null,
    Street varchar(50) not null,
    City varchar(50) not null,
    Postal_Code varchar(50) not null,
    Country varchar(50) not null,
    Phone varchar(50) not null,
    Fax varchar(50) not null,
    PRIMARY KEY (Customer_ID)
);


CREATE TABLE IF NOT EXISTS  STG_Dim_Dates(
    Date date not null,
    Year int not null,
    Quarter int not null,
    Month int not null,
    Day int not null,
    PRIMARY KEY (Date)
);




CREATE TABLE IF NOT EXISTS  STG_Dim_Employees(
    Employee_ID int not null,
    Last_Name varchar(50) not null,
    First_Name varchar(50) not null,
    Title varchar(50) not null,
    Hire_Date date not null,
    Office int not null,
    Reports_To int NULL,
    Month_Salary money not null,
    PRIMARY KEY (Employee_ID)
);


CREATE TABLE IF NOT EXISTS STG_Dim_Products(
    Product_ID int not null,
    Product_Name varchar(50) not null,
    Supplier int not null,
    Category int not null,
    Unit_Price money not null,
    Unit_Cost money not null,
    PRIMARY KEY (Product_ID)
);


CREATE TABLE IF NOT EXISTS STG_Dim_Time(
    DateTime datetime not null,
    Date date not null,
    Hour time (7) not null,
    PRIMARY KEY (DateTime)
);


CREATE TABLE IF NOT EXISTS STG_Fact_Product_In_Order(
    Order_ID int not null,
    Prdocut_ID int not null,
    Prdocut_ID int not null,
    Prdocut_ID int not null,
    Order_Time datetime not null,
    Quantity int not null,
    Total_Price money not null,
    Total_Cost money not null,
    Shipper_ID int not null,
    PRIMARY KEY (Order_ID,Prdocut_ID)
);


CREATE TABLE IF NOT EXISTS DWH_Dim_Customers(
    DW_Customer_ID serial not null,
    Customer_ID int not null,
    Company_Name varchar(50) not null,
    Contact_Name varchar(50) not null,
    Street varchar(50) not null,
    City varchar(50) not null,
    Postal_Code varchar(50) not null,
    Country varchar(50) not null,
    Phone varchar(50) not null,
    Fax varchar(50) not null,
    Valid_From date not null default current_date,
    Valid_Until date NULL,
    PRIMARY KEY (DW_Customer_ID)
);


CREATE TABLE IF NOT EXISTS  DWH_Dim_Dates(
    Date date not null,
    Year int not null,
    Quarter int not null,
    Month int not null,
    Day int not null,
    PRIMARY KEY (Date)
);


CREATE TABLE IF NOT EXISTS DWH_Dim_Employees(
    DW_Employee_ID serial not null,
    Employee_ID int not null,
    Last_Name varchar(50) not null,
    First_Name varchar(50) not null,
    Title varchar(50) not null,
    Hire_Date date not null,
    Office int not null,
    Reports_To int NULL,
    Month_Salary money not null,
    Valid_From date not null default current_date,
    Valid_Until date NULL,
    PRIMARY KEY (DW_Employee_ID)
);


CREATE TABLE IF NOT EXISTS DWH_Dim_Products(
    DW_Prdocut_ID serial not null,
    Product_ID int not null,
    Product_Name varchar(50) not null,
    Supplier int not null,
    Category int not null,
    Unit_Price money not null,
    Unit_Cost money not null,
    Valid_From date not null default current_date,
    Valid_Until date NULL,
    PRIMARY KEY (DW_Prdocut_ID)
);


CREATE TABLE IF NOT EXISTS DWH_Fact_Product_In_Order(
    Order_ID int not null,
    DW_Prdocut_ID int not null,
    DW_Customer_ID int not null,
    DW_Employee_ID int not null,
    Order_Time datetime not null,
    Quantity int not null,
    Total_Price money not null,
    Total_Cost money not null,
    Shipper_ID int not null,
    PRIMARY KEY (Order_ID, DW_Prdocut_ID)
);


CREATE TABLE IF NOT EXISTS DWH_Dim_Time(
    DateTime datetime not null,
    Date date not null,
    Hour time(7) not null,
    PRIMARY KEY (DateTime)
);
CREATE TABLE IF NOT EXISTS Snapshot_Customers_Transactions_Arch(
    DW_Customer_ID int not null,
    Year int not null,
    Month int not null,
    Status varchar(10) not null
);

CREATE TABLE IF NOT EXISTS DWH_Snapshot_Customers_Transactions(
    Year int not null,
    Quarter int not null,
    Month int not null,
    Country varchar(50) not null,
    City varchar(50) not null,
    Count_New_Customers int not null,
    Count_Regular int not null,
    Count_Reactivated int not null,
    Count_Abandons int not null,
    Count_Total int not null,
    PRIMARY KEY (Year, Quarter, Month, Country, City)
);










[2024-03-14T17:01:28.462+0000] {base.py:83} INFO - Using connection ID 'postgres_localhost' for task execution.
[2024-03-14T17:01:28.487+0000] {base.py:83} INFO - Using connection ID 'postgres_localhost' for task execution.
[2024-03-14T17:01:28.515+0000] {sql.py:457} INFO - Running statement: CREATE TABLE IF NOT EXISTS MRR_Dim_Customers(
    Customer_ID varchar(50) NULL,
    Company_Name varchar(50) NULL,
    Contact_Name varchar(50) NULL,
    Street varchar(50) NULL,
    City varchar(50) NULL,
    Postal_Code varchar(50) NULL,
    Country varchar(50) NULL,
    Phone varchar(50) NULL,
    Fax varchar(50) NULL
);




CREATE TABLE IF NOT EXISTS MRR_Dim_Employees(
    Employee_ID varchar(50) NULL,
    Last_Name varchar(50) NULL,
    First_Name varchar(50) NULL,
    Title varchar(50) NULL,
    Hire_Date varchar(50) NULL,
    Office varchar(50) NULL,
    Reports_To varchar(50) NULL,
    Month_Salary varchar(50) NULL
);


CREATE TABLE IF NOT EXISTS MRR_Dim_Products(
    Product_ID varchar(50) NULL,
    Product_Name varchar(50) NULL,
    Supplier varchar(50) NULL,
    Category varchar(50) NULL,
    Unit_Price varchar(50) NULL,
    Unit_Cost varchar(50) NULL
);


CREATE TABLE IF NOT EXISTS  MRR_Fact_Details(
    Order_ID varchar(50) NULL,
    Product_ID varchar(50) NULL,
    Quantity varchar(50) NULL
);
CREATE TABLE IF NOT EXISTS  MRR_Fact_Orders(
    Order_ID varchar(50) NULL,
    Order_Time varchar(50) NULL,
    Customer_ID varchar(50) NULL,
    Employee_ID varchar(50) NULL,
    Shipper_ID varchar(50) NULL
);




CREATE TABLE IF NOT EXISTS  STG_Dim_Customers(
    Customer_ID int not null,
    Company_Name varchar(50) not null,
    Contact_Name varchar(50) not null,
    Street varchar(50) not null,
    City varchar(50) not null,
    Postal_Code varchar(50) not null,
    Country varchar(50) not null,
    Phone varchar(50) not null,
    Fax varchar(50) not null,
    PRIMARY KEY (Customer_ID)
);


CREATE TABLE IF NOT EXISTS  STG_Dim_Dates(
    Date date not null,
    Year int not null,
    Quarter int not null,
    Month int not null,
    Day int not null,
    PRIMARY KEY (Date)
);




CREATE TABLE IF NOT EXISTS  STG_Dim_Employees(
    Employee_ID int not null,
    Last_Name varchar(50) not null,
    First_Name varchar(50) not null,
    Title varchar(50) not null,
    Hire_Date date not null,
    Office int not null,
    Reports_To int NULL,
    Month_Salary money not null,
    PRIMARY KEY (Employee_ID)
);


CREATE TABLE IF NOT EXISTS STG_Dim_Products(
    Product_ID int not null,
    Product_Name varchar(50) not null,
    Supplier int not null,
    Category int not null,
    Unit_Price money not null,
    Unit_Cost money not null,
    PRIMARY KEY (Product_ID)
);


CREATE TABLE IF NOT EXISTS STG_Dim_Time(
    DateTime datetime not null,
    Date date not null,
    Hour time (7) not null,
    PRIMARY KEY (DateTime)
);


CREATE TABLE IF NOT EXISTS STG_Fact_Product_In_Order(
    Order_ID int not null,
    Prdocut_ID int not null,
    Prdocut_ID int not null,
    Prdocut_ID int not null,
    Order_Time datetime not null,
    Quantity int not null,
    Total_Price money not null,
    Total_Cost money not null,
    Shipper_ID int not null,
    PRIMARY KEY (Order_ID,Prdocut_ID)
);


CREATE TABLE IF NOT EXISTS DWH_Dim_Customers(
    DW_Customer_ID serial not null,
    Customer_ID int not null,
    Company_Name varchar(50) not null,
    Contact_Name varchar(50) not null,
    Street varchar(50) not null,
    City varchar(50) not null,
    Postal_Code varchar(50) not null,
    Country varchar(50) not null,
    Phone varchar(50) not null,
    Fax varchar(50) not null,
    Valid_From date not null default current_date,
    Valid_Until date NULL,
    PRIMARY KEY (DW_Customer_ID)
);


CREATE TABLE IF NOT EXISTS  DWH_Dim_Dates(
    Date date not null,
    Year int not null,
    Quarter int not null,
    Month int not null,
    Day int not null,
    PRIMARY KEY (Date)
);


CREATE TABLE IF NOT EXISTS DWH_Dim_Employees(
    DW_Employee_ID serial not null,
    Employee_ID int not null,
    Last_Name varchar(50) not null,
    First_Name varchar(50) not null,
    Title varchar(50) not null,
    Hire_Date date not null,
    Office int not null,
    Reports_To int NULL,
    Month_Salary money not null,
    Valid_From date not null default current_date,
    Valid_Until date NULL,
    PRIMARY KEY (DW_Employee_ID)
);


CREATE TABLE IF NOT EXISTS DWH_Dim_Products(
    DW_Prdocut_ID serial not null,
    Product_ID int not null,
    Product_Name varchar(50) not null,
    Supplier int not null,
    Category int not null,
    Unit_Price money not null,
    Unit_Cost money not null,
    Valid_From date not null default current_date,
    Valid_Until date NULL,
    PRIMARY KEY (DW_Prdocut_ID)
);


CREATE TABLE IF NOT EXISTS DWH_Fact_Product_In_Order(
    Order_ID int not null,
    DW_Prdocut_ID int not null,
    DW_Customer_ID int not null,
    DW_Employee_ID int not null,
    Order_Time datetime not null,
    Quantity int not null,
    Total_Price money not null,
    Total_Cost money not null,
    Shipper_ID int not null,
    PRIMARY KEY (Order_ID, DW_Prdocut_ID)
);


CREATE TABLE IF NOT EXISTS DWH_Dim_Time(
    DateTime datetime not null,
    Date date not null,
    Hour time(7) not null,
    PRIMARY KEY (DateTime)
);
CREATE TABLE IF NOT EXISTS Snapshot_Customers_Transactions_Arch(
    DW_Customer_ID int not null,
    Year int not null,
    Month int not null,
    Status varchar(10) not null
);

CREATE TABLE IF NOT EXISTS DWH_Snapshot_Customers_Transactions(
    Year int not null,
    Quarter int not null,
    Month int not null,
    Country varchar(50) not null,
    City varchar(50) not null,
    Count_New_Customers int not null,
    Count_Regular int not null,
    Count_Reactivated int not null,
    Count_Abandons int not null,
    Count_Total int not null,
    PRIMARY KEY (Year, Quarter, Month, Country, City)
);









, parameters: None
[2024-03-14T17:01:28.568+0000] {taskinstance.py:2728} ERROR - Task failed with exception
Traceback (most recent call last):
  File "/home/airflow/.local/lib/python3.8/site-packages/airflow/models/taskinstance.py", line 444, in _execute_task
    result = _execute_callable(context=context, **execute_callable_kwargs)
  File "/home/airflow/.local/lib/python3.8/site-packages/airflow/models/taskinstance.py", line 414, in _execute_callable
    return execute_callable(context=context, **execute_callable_kwargs)
  File "/home/airflow/.local/lib/python3.8/site-packages/airflow/providers/common/sql/operators/sql.py", line 282, in execute
    output = hook.run(
  File "/home/airflow/.local/lib/python3.8/site-packages/airflow/providers/common/sql/hooks/sql.py", line 404, in run
    self._run_command(cur, sql_statement, parameters)
  File "/home/airflow/.local/lib/python3.8/site-packages/airflow/providers/common/sql/hooks/sql.py", line 462, in _run_command
    cur.execute(sql_statement)
psycopg2.errors.UndefinedObject: type "datetime" does not exist
LINE 105:     DateTime datetime not null,
                       ^

[2024-03-14T17:01:28.610+0000] {taskinstance.py:1149} INFO - Marking task as UP_FOR_RETRY. dag_id=ETL_Flow, task_id=create_tables, execution_date=20240314T165616, start_date=20240314T170127, end_date=20240314T170128
[2024-03-14T17:01:28.712+0000] {standard_task_runner.py:107} ERROR - Failed to execute job 1147 for task create_tables (type "datetime" does not exist
LINE 105:     DateTime datetime not null,
                       ^
; 484)
[2024-03-14T17:01:28.832+0000] {local_task_job_runner.py:234} INFO - Task exited with return code 1
[2024-03-14T17:01:28.891+0000] {taskinstance.py:3309} INFO - 0 downstream tasks scheduled from follow-on schedule check
