[2024-03-28T17:28:53.030+0000] {processor.py:161} INFO - Started process (PID=44) to work on /opt/airflow/dags/operationalData/details.xlsx
[2024-03-28T17:28:53.033+0000] {processor.py:830} INFO - Processing file /opt/airflow/dags/operationalData/details.xlsx for tasks to queue
[2024-03-28T17:28:53.040+0000] {logging_mixin.py:188} INFO - [2024-03-28T17:28:53.039+0000] {dagbag.py:540} INFO - Filling up the DagBag from /opt/airflow/dags/operationalData/details.xlsx
[2024-03-28T17:28:53.070+0000] {processor.py:842} WARNING - No viable dags retrieved from /opt/airflow/dags/operationalData/details.xlsx
[2024-03-28T17:28:53.120+0000] {processor.py:183} INFO - Processing /opt/airflow/dags/operationalData/details.xlsx took 0.103 seconds
[2024-03-28T17:29:23.512+0000] {processor.py:161} INFO - Started process (PID=55) to work on /opt/airflow/dags/operationalData/details.xlsx
[2024-03-28T17:29:23.516+0000] {processor.py:830} INFO - Processing file /opt/airflow/dags/operationalData/details.xlsx for tasks to queue
[2024-03-28T17:29:23.526+0000] {logging_mixin.py:188} INFO - [2024-03-28T17:29:23.524+0000] {dagbag.py:540} INFO - Filling up the DagBag from /opt/airflow/dags/operationalData/details.xlsx
[2024-03-28T17:29:23.573+0000] {processor.py:842} WARNING - No viable dags retrieved from /opt/airflow/dags/operationalData/details.xlsx
[2024-03-28T17:29:23.633+0000] {processor.py:183} INFO - Processing /opt/airflow/dags/operationalData/details.xlsx took 0.136 seconds
[2024-03-28T17:29:54.349+0000] {processor.py:161} INFO - Started process (PID=68) to work on /opt/airflow/dags/operationalData/details.xlsx
[2024-03-28T17:29:54.351+0000] {processor.py:830} INFO - Processing file /opt/airflow/dags/operationalData/details.xlsx for tasks to queue
[2024-03-28T17:29:54.356+0000] {logging_mixin.py:188} INFO - [2024-03-28T17:29:54.355+0000] {dagbag.py:540} INFO - Filling up the DagBag from /opt/airflow/dags/operationalData/details.xlsx
[2024-03-28T17:29:54.389+0000] {processor.py:842} WARNING - No viable dags retrieved from /opt/airflow/dags/operationalData/details.xlsx
[2024-03-28T17:29:54.424+0000] {processor.py:183} INFO - Processing /opt/airflow/dags/operationalData/details.xlsx took 0.088 seconds
[2024-03-28T17:30:24.917+0000] {processor.py:161} INFO - Started process (PID=81) to work on /opt/airflow/dags/operationalData/details.xlsx
[2024-03-28T17:30:24.919+0000] {processor.py:830} INFO - Processing file /opt/airflow/dags/operationalData/details.xlsx for tasks to queue
[2024-03-28T17:30:24.923+0000] {logging_mixin.py:188} INFO - [2024-03-28T17:30:24.923+0000] {dagbag.py:540} INFO - Filling up the DagBag from /opt/airflow/dags/operationalData/details.xlsx
[2024-03-28T17:30:24.964+0000] {processor.py:842} WARNING - No viable dags retrieved from /opt/airflow/dags/operationalData/details.xlsx
[2024-03-28T17:30:24.994+0000] {processor.py:183} INFO - Processing /opt/airflow/dags/operationalData/details.xlsx took 0.085 seconds
[2024-03-28T17:30:55.788+0000] {processor.py:161} INFO - Started process (PID=94) to work on /opt/airflow/dags/operationalData/details.xlsx
[2024-03-28T17:30:55.791+0000] {processor.py:830} INFO - Processing file /opt/airflow/dags/operationalData/details.xlsx for tasks to queue
[2024-03-28T17:30:55.796+0000] {logging_mixin.py:188} INFO - [2024-03-28T17:30:55.795+0000] {dagbag.py:540} INFO - Filling up the DagBag from /opt/airflow/dags/operationalData/details.xlsx
[2024-03-28T17:30:55.832+0000] {processor.py:842} WARNING - No viable dags retrieved from /opt/airflow/dags/operationalData/details.xlsx
[2024-03-28T17:30:55.862+0000] {processor.py:183} INFO - Processing /opt/airflow/dags/operationalData/details.xlsx took 0.082 seconds
[2024-03-28T17:31:26.059+0000] {processor.py:161} INFO - Started process (PID=107) to work on /opt/airflow/dags/operationalData/details.xlsx
[2024-03-28T17:31:26.063+0000] {processor.py:830} INFO - Processing file /opt/airflow/dags/operationalData/details.xlsx for tasks to queue
[2024-03-28T17:31:26.067+0000] {logging_mixin.py:188} INFO - [2024-03-28T17:31:26.067+0000] {dagbag.py:540} INFO - Filling up the DagBag from /opt/airflow/dags/operationalData/details.xlsx
[2024-03-28T17:31:26.102+0000] {processor.py:842} WARNING - No viable dags retrieved from /opt/airflow/dags/operationalData/details.xlsx
[2024-03-28T17:31:26.134+0000] {processor.py:183} INFO - Processing /opt/airflow/dags/operationalData/details.xlsx took 0.086 seconds
[2024-03-28T17:31:56.353+0000] {processor.py:161} INFO - Started process (PID=120) to work on /opt/airflow/dags/operationalData/details.xlsx
[2024-03-28T17:31:56.356+0000] {processor.py:830} INFO - Processing file /opt/airflow/dags/operationalData/details.xlsx for tasks to queue
[2024-03-28T17:31:56.362+0000] {logging_mixin.py:188} INFO - [2024-03-28T17:31:56.361+0000] {dagbag.py:540} INFO - Filling up the DagBag from /opt/airflow/dags/operationalData/details.xlsx
[2024-03-28T17:31:56.394+0000] {processor.py:842} WARNING - No viable dags retrieved from /opt/airflow/dags/operationalData/details.xlsx
[2024-03-28T17:31:56.432+0000] {processor.py:183} INFO - Processing /opt/airflow/dags/operationalData/details.xlsx took 0.089 seconds
[2024-03-28T17:32:27.361+0000] {processor.py:161} INFO - Started process (PID=133) to work on /opt/airflow/dags/operationalData/details.xlsx
[2024-03-28T17:32:27.364+0000] {processor.py:830} INFO - Processing file /opt/airflow/dags/operationalData/details.xlsx for tasks to queue
[2024-03-28T17:32:27.371+0000] {logging_mixin.py:188} INFO - [2024-03-28T17:32:27.370+0000] {dagbag.py:540} INFO - Filling up the DagBag from /opt/airflow/dags/operationalData/details.xlsx
[2024-03-28T17:32:27.408+0000] {processor.py:842} WARNING - No viable dags retrieved from /opt/airflow/dags/operationalData/details.xlsx
[2024-03-28T17:32:27.440+0000] {processor.py:183} INFO - Processing /opt/airflow/dags/operationalData/details.xlsx took 0.088 seconds
[2024-03-28T17:32:58.221+0000] {processor.py:161} INFO - Started process (PID=146) to work on /opt/airflow/dags/operationalData/details.xlsx
[2024-03-28T17:32:58.225+0000] {processor.py:830} INFO - Processing file /opt/airflow/dags/operationalData/details.xlsx for tasks to queue
[2024-03-28T17:32:58.234+0000] {logging_mixin.py:188} INFO - [2024-03-28T17:32:58.233+0000] {dagbag.py:540} INFO - Filling up the DagBag from /opt/airflow/dags/operationalData/details.xlsx
[2024-03-28T17:32:58.324+0000] {processor.py:842} WARNING - No viable dags retrieved from /opt/airflow/dags/operationalData/details.xlsx
[2024-03-28T17:32:58.401+0000] {processor.py:183} INFO - Processing /opt/airflow/dags/operationalData/details.xlsx took 0.192 seconds
[2024-03-28T17:33:28.640+0000] {processor.py:161} INFO - Started process (PID=159) to work on /opt/airflow/dags/operationalData/details.xlsx
[2024-03-28T17:33:28.643+0000] {processor.py:830} INFO - Processing file /opt/airflow/dags/operationalData/details.xlsx for tasks to queue
[2024-03-28T17:33:28.649+0000] {logging_mixin.py:188} INFO - [2024-03-28T17:33:28.649+0000] {dagbag.py:540} INFO - Filling up the DagBag from /opt/airflow/dags/operationalData/details.xlsx
[2024-03-28T17:33:28.692+0000] {processor.py:842} WARNING - No viable dags retrieved from /opt/airflow/dags/operationalData/details.xlsx
[2024-03-28T17:33:28.725+0000] {processor.py:183} INFO - Processing /opt/airflow/dags/operationalData/details.xlsx took 0.095 seconds
[2024-03-28T17:33:59.348+0000] {processor.py:161} INFO - Started process (PID=172) to work on /opt/airflow/dags/operationalData/details.xlsx
[2024-03-28T17:33:59.351+0000] {processor.py:830} INFO - Processing file /opt/airflow/dags/operationalData/details.xlsx for tasks to queue
[2024-03-28T17:33:59.356+0000] {logging_mixin.py:188} INFO - [2024-03-28T17:33:59.355+0000] {dagbag.py:540} INFO - Filling up the DagBag from /opt/airflow/dags/operationalData/details.xlsx
[2024-03-28T17:33:59.391+0000] {processor.py:842} WARNING - No viable dags retrieved from /opt/airflow/dags/operationalData/details.xlsx
[2024-03-28T17:33:59.432+0000] {processor.py:183} INFO - Processing /opt/airflow/dags/operationalData/details.xlsx took 0.090 seconds
[2024-03-28T17:34:30.125+0000] {processor.py:161} INFO - Started process (PID=185) to work on /opt/airflow/dags/operationalData/details.xlsx
[2024-03-28T17:34:30.127+0000] {processor.py:830} INFO - Processing file /opt/airflow/dags/operationalData/details.xlsx for tasks to queue
[2024-03-28T17:34:30.133+0000] {logging_mixin.py:188} INFO - [2024-03-28T17:34:30.132+0000] {dagbag.py:540} INFO - Filling up the DagBag from /opt/airflow/dags/operationalData/details.xlsx
[2024-03-28T17:34:30.166+0000] {processor.py:842} WARNING - No viable dags retrieved from /opt/airflow/dags/operationalData/details.xlsx
[2024-03-28T17:34:30.199+0000] {processor.py:183} INFO - Processing /opt/airflow/dags/operationalData/details.xlsx took 0.081 seconds
[2024-03-28T17:35:01.068+0000] {processor.py:161} INFO - Started process (PID=198) to work on /opt/airflow/dags/operationalData/details.xlsx
[2024-03-28T17:35:01.072+0000] {processor.py:830} INFO - Processing file /opt/airflow/dags/operationalData/details.xlsx for tasks to queue
[2024-03-28T17:35:01.078+0000] {logging_mixin.py:188} INFO - [2024-03-28T17:35:01.077+0000] {dagbag.py:540} INFO - Filling up the DagBag from /opt/airflow/dags/operationalData/details.xlsx
[2024-03-28T17:35:01.108+0000] {processor.py:842} WARNING - No viable dags retrieved from /opt/airflow/dags/operationalData/details.xlsx
[2024-03-28T17:35:01.139+0000] {processor.py:183} INFO - Processing /opt/airflow/dags/operationalData/details.xlsx took 0.080 seconds
[2024-03-28T17:35:31.901+0000] {processor.py:161} INFO - Started process (PID=211) to work on /opt/airflow/dags/operationalData/details.xlsx
[2024-03-28T17:35:31.904+0000] {processor.py:830} INFO - Processing file /opt/airflow/dags/operationalData/details.xlsx for tasks to queue
[2024-03-28T17:35:31.909+0000] {logging_mixin.py:188} INFO - [2024-03-28T17:35:31.908+0000] {dagbag.py:540} INFO - Filling up the DagBag from /opt/airflow/dags/operationalData/details.xlsx
[2024-03-28T17:35:31.940+0000] {processor.py:842} WARNING - No viable dags retrieved from /opt/airflow/dags/operationalData/details.xlsx
[2024-03-28T17:35:31.979+0000] {processor.py:183} INFO - Processing /opt/airflow/dags/operationalData/details.xlsx took 0.087 seconds
[2024-03-28T17:36:02.791+0000] {processor.py:161} INFO - Started process (PID=224) to work on /opt/airflow/dags/operationalData/details.xlsx
[2024-03-28T17:36:02.795+0000] {processor.py:830} INFO - Processing file /opt/airflow/dags/operationalData/details.xlsx for tasks to queue
[2024-03-28T17:36:02.802+0000] {logging_mixin.py:188} INFO - [2024-03-28T17:36:02.801+0000] {dagbag.py:540} INFO - Filling up the DagBag from /opt/airflow/dags/operationalData/details.xlsx
[2024-03-28T17:36:02.837+0000] {processor.py:842} WARNING - No viable dags retrieved from /opt/airflow/dags/operationalData/details.xlsx
[2024-03-28T17:36:02.874+0000] {processor.py:183} INFO - Processing /opt/airflow/dags/operationalData/details.xlsx took 0.094 seconds
[2024-03-28T17:36:33.649+0000] {processor.py:161} INFO - Started process (PID=237) to work on /opt/airflow/dags/operationalData/details.xlsx
[2024-03-28T17:36:33.651+0000] {processor.py:830} INFO - Processing file /opt/airflow/dags/operationalData/details.xlsx for tasks to queue
[2024-03-28T17:36:33.656+0000] {logging_mixin.py:188} INFO - [2024-03-28T17:36:33.655+0000] {dagbag.py:540} INFO - Filling up the DagBag from /opt/airflow/dags/operationalData/details.xlsx
[2024-03-28T17:36:33.688+0000] {processor.py:842} WARNING - No viable dags retrieved from /opt/airflow/dags/operationalData/details.xlsx
[2024-03-28T17:36:33.720+0000] {processor.py:183} INFO - Processing /opt/airflow/dags/operationalData/details.xlsx took 0.078 seconds
[2024-03-28T17:37:04.576+0000] {processor.py:161} INFO - Started process (PID=250) to work on /opt/airflow/dags/operationalData/details.xlsx
[2024-03-28T17:37:04.579+0000] {processor.py:830} INFO - Processing file /opt/airflow/dags/operationalData/details.xlsx for tasks to queue
[2024-03-28T17:37:04.584+0000] {logging_mixin.py:188} INFO - [2024-03-28T17:37:04.583+0000] {dagbag.py:540} INFO - Filling up the DagBag from /opt/airflow/dags/operationalData/details.xlsx
[2024-03-28T17:37:04.631+0000] {processor.py:842} WARNING - No viable dags retrieved from /opt/airflow/dags/operationalData/details.xlsx
[2024-03-28T17:37:04.666+0000] {processor.py:183} INFO - Processing /opt/airflow/dags/operationalData/details.xlsx took 0.099 seconds
[2024-03-28T17:37:35.310+0000] {processor.py:161} INFO - Started process (PID=263) to work on /opt/airflow/dags/operationalData/details.xlsx
[2024-03-28T17:37:35.313+0000] {processor.py:830} INFO - Processing file /opt/airflow/dags/operationalData/details.xlsx for tasks to queue
[2024-03-28T17:37:35.317+0000] {logging_mixin.py:188} INFO - [2024-03-28T17:37:35.316+0000] {dagbag.py:540} INFO - Filling up the DagBag from /opt/airflow/dags/operationalData/details.xlsx
[2024-03-28T17:37:35.353+0000] {processor.py:842} WARNING - No viable dags retrieved from /opt/airflow/dags/operationalData/details.xlsx
[2024-03-28T17:37:35.386+0000] {processor.py:183} INFO - Processing /opt/airflow/dags/operationalData/details.xlsx took 0.083 seconds
[2024-03-28T17:42:34.550+0000] {processor.py:161} INFO - Started process (PID=276) to work on /opt/airflow/dags/operationalData/details.xlsx
[2024-03-28T17:42:34.558+0000] {processor.py:830} INFO - Processing file /opt/airflow/dags/operationalData/details.xlsx for tasks to queue
[2024-03-28T17:42:34.943+0000] {logging_mixin.py:188} INFO - [2024-03-28T17:42:34.942+0000] {dagbag.py:540} INFO - Filling up the DagBag from /opt/airflow/dags/operationalData/details.xlsx
[2024-03-28T17:42:35.349+0000] {processor.py:842} WARNING - No viable dags retrieved from /opt/airflow/dags/operationalData/details.xlsx
[2024-03-28T17:42:35.747+0000] {processor.py:183} INFO - Processing /opt/airflow/dags/operationalData/details.xlsx took 1.268 seconds
[2024-03-28T17:43:06.191+0000] {processor.py:161} INFO - Started process (PID=287) to work on /opt/airflow/dags/operationalData/details.xlsx
[2024-03-28T17:43:06.205+0000] {processor.py:830} INFO - Processing file /opt/airflow/dags/operationalData/details.xlsx for tasks to queue
[2024-03-28T17:43:06.224+0000] {logging_mixin.py:188} INFO - [2024-03-28T17:43:06.222+0000] {dagbag.py:540} INFO - Filling up the DagBag from /opt/airflow/dags/operationalData/details.xlsx
[2024-03-28T17:43:06.268+0000] {processor.py:842} WARNING - No viable dags retrieved from /opt/airflow/dags/operationalData/details.xlsx
[2024-03-28T17:43:06.341+0000] {processor.py:183} INFO - Processing /opt/airflow/dags/operationalData/details.xlsx took 0.182 seconds
[2024-03-28T17:43:36.956+0000] {processor.py:161} INFO - Started process (PID=300) to work on /opt/airflow/dags/operationalData/details.xlsx
[2024-03-28T17:43:36.960+0000] {processor.py:830} INFO - Processing file /opt/airflow/dags/operationalData/details.xlsx for tasks to queue
[2024-03-28T17:43:36.966+0000] {logging_mixin.py:188} INFO - [2024-03-28T17:43:36.965+0000] {dagbag.py:540} INFO - Filling up the DagBag from /opt/airflow/dags/operationalData/details.xlsx
[2024-03-28T17:43:37.007+0000] {processor.py:842} WARNING - No viable dags retrieved from /opt/airflow/dags/operationalData/details.xlsx
[2024-03-28T17:43:37.061+0000] {processor.py:183} INFO - Processing /opt/airflow/dags/operationalData/details.xlsx took 0.117 seconds
[2024-03-28T17:44:07.684+0000] {processor.py:161} INFO - Started process (PID=313) to work on /opt/airflow/dags/operationalData/details.xlsx
[2024-03-28T17:44:07.687+0000] {processor.py:830} INFO - Processing file /opt/airflow/dags/operationalData/details.xlsx for tasks to queue
[2024-03-28T17:44:07.693+0000] {logging_mixin.py:188} INFO - [2024-03-28T17:44:07.692+0000] {dagbag.py:540} INFO - Filling up the DagBag from /opt/airflow/dags/operationalData/details.xlsx
[2024-03-28T17:44:07.734+0000] {processor.py:842} WARNING - No viable dags retrieved from /opt/airflow/dags/operationalData/details.xlsx
[2024-03-28T17:44:07.772+0000] {processor.py:183} INFO - Processing /opt/airflow/dags/operationalData/details.xlsx took 0.097 seconds
[2024-03-28T17:44:38.054+0000] {processor.py:161} INFO - Started process (PID=326) to work on /opt/airflow/dags/operationalData/details.xlsx
[2024-03-28T17:44:38.057+0000] {processor.py:830} INFO - Processing file /opt/airflow/dags/operationalData/details.xlsx for tasks to queue
[2024-03-28T17:44:38.062+0000] {logging_mixin.py:188} INFO - [2024-03-28T17:44:38.061+0000] {dagbag.py:540} INFO - Filling up the DagBag from /opt/airflow/dags/operationalData/details.xlsx
[2024-03-28T17:44:38.099+0000] {processor.py:842} WARNING - No viable dags retrieved from /opt/airflow/dags/operationalData/details.xlsx
[2024-03-28T17:44:38.135+0000] {processor.py:183} INFO - Processing /opt/airflow/dags/operationalData/details.xlsx took 0.088 seconds
[2024-03-28T17:45:08.762+0000] {processor.py:161} INFO - Started process (PID=338) to work on /opt/airflow/dags/operationalData/details.xlsx
[2024-03-28T17:45:08.765+0000] {processor.py:830} INFO - Processing file /opt/airflow/dags/operationalData/details.xlsx for tasks to queue
[2024-03-28T17:45:08.770+0000] {logging_mixin.py:188} INFO - [2024-03-28T17:45:08.769+0000] {dagbag.py:540} INFO - Filling up the DagBag from /opt/airflow/dags/operationalData/details.xlsx
[2024-03-28T17:45:08.806+0000] {processor.py:842} WARNING - No viable dags retrieved from /opt/airflow/dags/operationalData/details.xlsx
[2024-03-28T17:45:08.840+0000] {processor.py:183} INFO - Processing /opt/airflow/dags/operationalData/details.xlsx took 0.085 seconds
[2024-03-28T17:45:39.468+0000] {processor.py:161} INFO - Started process (PID=351) to work on /opt/airflow/dags/operationalData/details.xlsx
[2024-03-28T17:45:39.471+0000] {processor.py:830} INFO - Processing file /opt/airflow/dags/operationalData/details.xlsx for tasks to queue
[2024-03-28T17:45:39.477+0000] {logging_mixin.py:188} INFO - [2024-03-28T17:45:39.476+0000] {dagbag.py:540} INFO - Filling up the DagBag from /opt/airflow/dags/operationalData/details.xlsx
[2024-03-28T17:45:39.512+0000] {processor.py:842} WARNING - No viable dags retrieved from /opt/airflow/dags/operationalData/details.xlsx
[2024-03-28T17:45:39.543+0000] {processor.py:183} INFO - Processing /opt/airflow/dags/operationalData/details.xlsx took 0.083 seconds
[2024-03-28T17:46:09.970+0000] {processor.py:161} INFO - Started process (PID=364) to work on /opt/airflow/dags/operationalData/details.xlsx
[2024-03-28T17:46:09.972+0000] {processor.py:830} INFO - Processing file /opt/airflow/dags/operationalData/details.xlsx for tasks to queue
[2024-03-28T17:46:09.977+0000] {logging_mixin.py:188} INFO - [2024-03-28T17:46:09.976+0000] {dagbag.py:540} INFO - Filling up the DagBag from /opt/airflow/dags/operationalData/details.xlsx
[2024-03-28T17:46:10.008+0000] {processor.py:842} WARNING - No viable dags retrieved from /opt/airflow/dags/operationalData/details.xlsx
[2024-03-28T17:46:10.039+0000] {processor.py:183} INFO - Processing /opt/airflow/dags/operationalData/details.xlsx took 0.081 seconds
[2024-03-28T17:46:40.870+0000] {processor.py:161} INFO - Started process (PID=377) to work on /opt/airflow/dags/operationalData/details.xlsx
[2024-03-28T17:46:40.873+0000] {processor.py:830} INFO - Processing file /opt/airflow/dags/operationalData/details.xlsx for tasks to queue
[2024-03-28T17:46:40.884+0000] {logging_mixin.py:188} INFO - [2024-03-28T17:46:40.883+0000] {dagbag.py:540} INFO - Filling up the DagBag from /opt/airflow/dags/operationalData/details.xlsx
[2024-03-28T17:46:40.930+0000] {processor.py:842} WARNING - No viable dags retrieved from /opt/airflow/dags/operationalData/details.xlsx
[2024-03-28T17:46:40.965+0000] {processor.py:183} INFO - Processing /opt/airflow/dags/operationalData/details.xlsx took 0.106 seconds
[2024-03-28T17:47:11.231+0000] {processor.py:161} INFO - Started process (PID=390) to work on /opt/airflow/dags/operationalData/details.xlsx
[2024-03-28T17:47:11.236+0000] {processor.py:830} INFO - Processing file /opt/airflow/dags/operationalData/details.xlsx for tasks to queue
[2024-03-28T17:47:11.246+0000] {logging_mixin.py:188} INFO - [2024-03-28T17:47:11.244+0000] {dagbag.py:540} INFO - Filling up the DagBag from /opt/airflow/dags/operationalData/details.xlsx
[2024-03-28T17:47:11.273+0000] {processor.py:842} WARNING - No viable dags retrieved from /opt/airflow/dags/operationalData/details.xlsx
[2024-03-28T17:47:11.302+0000] {processor.py:183} INFO - Processing /opt/airflow/dags/operationalData/details.xlsx took 0.083 seconds
[2024-03-28T17:47:41.763+0000] {processor.py:161} INFO - Started process (PID=403) to work on /opt/airflow/dags/operationalData/details.xlsx
[2024-03-28T17:47:41.769+0000] {processor.py:830} INFO - Processing file /opt/airflow/dags/operationalData/details.xlsx for tasks to queue
[2024-03-28T17:47:41.780+0000] {logging_mixin.py:188} INFO - [2024-03-28T17:47:41.778+0000] {dagbag.py:540} INFO - Filling up the DagBag from /opt/airflow/dags/operationalData/details.xlsx
[2024-03-28T17:47:41.853+0000] {processor.py:842} WARNING - No viable dags retrieved from /opt/airflow/dags/operationalData/details.xlsx
[2024-03-28T17:47:41.929+0000] {processor.py:183} INFO - Processing /opt/airflow/dags/operationalData/details.xlsx took 0.187 seconds
[2024-03-28T17:48:12.872+0000] {processor.py:161} INFO - Started process (PID=416) to work on /opt/airflow/dags/operationalData/details.xlsx
[2024-03-28T17:48:12.876+0000] {processor.py:830} INFO - Processing file /opt/airflow/dags/operationalData/details.xlsx for tasks to queue
[2024-03-28T17:48:12.883+0000] {logging_mixin.py:188} INFO - [2024-03-28T17:48:12.882+0000] {dagbag.py:540} INFO - Filling up the DagBag from /opt/airflow/dags/operationalData/details.xlsx
[2024-03-28T17:48:12.924+0000] {processor.py:842} WARNING - No viable dags retrieved from /opt/airflow/dags/operationalData/details.xlsx
[2024-03-28T17:48:12.976+0000] {processor.py:183} INFO - Processing /opt/airflow/dags/operationalData/details.xlsx took 0.134 seconds
[2024-03-28T17:48:43.198+0000] {processor.py:161} INFO - Started process (PID=429) to work on /opt/airflow/dags/operationalData/details.xlsx
[2024-03-28T17:48:43.201+0000] {processor.py:830} INFO - Processing file /opt/airflow/dags/operationalData/details.xlsx for tasks to queue
[2024-03-28T17:48:43.207+0000] {logging_mixin.py:188} INFO - [2024-03-28T17:48:43.206+0000] {dagbag.py:540} INFO - Filling up the DagBag from /opt/airflow/dags/operationalData/details.xlsx
[2024-03-28T17:48:43.244+0000] {processor.py:842} WARNING - No viable dags retrieved from /opt/airflow/dags/operationalData/details.xlsx
[2024-03-28T17:48:43.275+0000] {processor.py:183} INFO - Processing /opt/airflow/dags/operationalData/details.xlsx took 0.084 seconds
[2024-03-28T17:49:13.720+0000] {processor.py:161} INFO - Started process (PID=442) to work on /opt/airflow/dags/operationalData/details.xlsx
[2024-03-28T17:49:13.726+0000] {processor.py:830} INFO - Processing file /opt/airflow/dags/operationalData/details.xlsx for tasks to queue
[2024-03-28T17:49:13.731+0000] {logging_mixin.py:188} INFO - [2024-03-28T17:49:13.730+0000] {dagbag.py:540} INFO - Filling up the DagBag from /opt/airflow/dags/operationalData/details.xlsx
[2024-03-28T17:49:13.767+0000] {processor.py:842} WARNING - No viable dags retrieved from /opt/airflow/dags/operationalData/details.xlsx
[2024-03-28T17:49:13.810+0000] {processor.py:183} INFO - Processing /opt/airflow/dags/operationalData/details.xlsx took 0.101 seconds
[2024-03-28T17:49:44.569+0000] {processor.py:161} INFO - Started process (PID=461) to work on /opt/airflow/dags/operationalData/details.xlsx
[2024-03-28T17:49:44.573+0000] {processor.py:830} INFO - Processing file /opt/airflow/dags/operationalData/details.xlsx for tasks to queue
[2024-03-28T17:49:44.577+0000] {logging_mixin.py:188} INFO - [2024-03-28T17:49:44.577+0000] {dagbag.py:540} INFO - Filling up the DagBag from /opt/airflow/dags/operationalData/details.xlsx
[2024-03-28T17:49:44.624+0000] {processor.py:842} WARNING - No viable dags retrieved from /opt/airflow/dags/operationalData/details.xlsx
[2024-03-28T17:49:44.657+0000] {processor.py:183} INFO - Processing /opt/airflow/dags/operationalData/details.xlsx took 0.100 seconds
[2024-03-28T17:50:15.635+0000] {processor.py:161} INFO - Started process (PID=474) to work on /opt/airflow/dags/operationalData/details.xlsx
[2024-03-28T17:50:15.638+0000] {processor.py:830} INFO - Processing file /opt/airflow/dags/operationalData/details.xlsx for tasks to queue
[2024-03-28T17:50:15.643+0000] {logging_mixin.py:188} INFO - [2024-03-28T17:50:15.642+0000] {dagbag.py:540} INFO - Filling up the DagBag from /opt/airflow/dags/operationalData/details.xlsx
[2024-03-28T17:50:15.679+0000] {processor.py:842} WARNING - No viable dags retrieved from /opt/airflow/dags/operationalData/details.xlsx
[2024-03-28T17:50:15.722+0000] {processor.py:183} INFO - Processing /opt/airflow/dags/operationalData/details.xlsx took 0.097 seconds
[2024-03-28T17:50:46.584+0000] {processor.py:161} INFO - Started process (PID=487) to work on /opt/airflow/dags/operationalData/details.xlsx
[2024-03-28T17:50:46.587+0000] {processor.py:830} INFO - Processing file /opt/airflow/dags/operationalData/details.xlsx for tasks to queue
[2024-03-28T17:50:46.593+0000] {logging_mixin.py:188} INFO - [2024-03-28T17:50:46.592+0000] {dagbag.py:540} INFO - Filling up the DagBag from /opt/airflow/dags/operationalData/details.xlsx
[2024-03-28T17:50:46.623+0000] {processor.py:842} WARNING - No viable dags retrieved from /opt/airflow/dags/operationalData/details.xlsx
[2024-03-28T17:50:46.660+0000] {processor.py:183} INFO - Processing /opt/airflow/dags/operationalData/details.xlsx took 0.085 seconds
[2024-03-28T17:51:17.498+0000] {processor.py:161} INFO - Started process (PID=500) to work on /opt/airflow/dags/operationalData/details.xlsx
[2024-03-28T17:51:17.501+0000] {processor.py:830} INFO - Processing file /opt/airflow/dags/operationalData/details.xlsx for tasks to queue
[2024-03-28T17:51:17.505+0000] {logging_mixin.py:188} INFO - [2024-03-28T17:51:17.505+0000] {dagbag.py:540} INFO - Filling up the DagBag from /opt/airflow/dags/operationalData/details.xlsx
[2024-03-28T17:51:17.548+0000] {processor.py:842} WARNING - No viable dags retrieved from /opt/airflow/dags/operationalData/details.xlsx
[2024-03-28T17:51:17.584+0000] {processor.py:183} INFO - Processing /opt/airflow/dags/operationalData/details.xlsx took 0.097 seconds
[2024-03-28T17:51:48.022+0000] {processor.py:161} INFO - Started process (PID=513) to work on /opt/airflow/dags/operationalData/details.xlsx
[2024-03-28T17:51:48.025+0000] {processor.py:830} INFO - Processing file /opt/airflow/dags/operationalData/details.xlsx for tasks to queue
[2024-03-28T17:51:48.030+0000] {logging_mixin.py:188} INFO - [2024-03-28T17:51:48.029+0000] {dagbag.py:540} INFO - Filling up the DagBag from /opt/airflow/dags/operationalData/details.xlsx
[2024-03-28T17:51:48.060+0000] {processor.py:842} WARNING - No viable dags retrieved from /opt/airflow/dags/operationalData/details.xlsx
[2024-03-28T17:51:48.105+0000] {processor.py:183} INFO - Processing /opt/airflow/dags/operationalData/details.xlsx took 0.092 seconds
[2024-03-28T17:52:18.546+0000] {processor.py:161} INFO - Started process (PID=526) to work on /opt/airflow/dags/operationalData/details.xlsx
[2024-03-28T17:52:18.551+0000] {processor.py:830} INFO - Processing file /opt/airflow/dags/operationalData/details.xlsx for tasks to queue
[2024-03-28T17:52:18.559+0000] {logging_mixin.py:188} INFO - [2024-03-28T17:52:18.557+0000] {dagbag.py:540} INFO - Filling up the DagBag from /opt/airflow/dags/operationalData/details.xlsx
[2024-03-28T17:52:18.612+0000] {processor.py:842} WARNING - No viable dags retrieved from /opt/airflow/dags/operationalData/details.xlsx
[2024-03-28T17:52:18.662+0000] {processor.py:183} INFO - Processing /opt/airflow/dags/operationalData/details.xlsx took 0.130 seconds
[2024-03-28T17:52:48.982+0000] {processor.py:161} INFO - Started process (PID=538) to work on /opt/airflow/dags/operationalData/details.xlsx
[2024-03-28T17:52:48.987+0000] {processor.py:830} INFO - Processing file /opt/airflow/dags/operationalData/details.xlsx for tasks to queue
[2024-03-28T17:52:48.994+0000] {logging_mixin.py:188} INFO - [2024-03-28T17:52:48.992+0000] {dagbag.py:540} INFO - Filling up the DagBag from /opt/airflow/dags/operationalData/details.xlsx
[2024-03-28T17:52:49.036+0000] {processor.py:842} WARNING - No viable dags retrieved from /opt/airflow/dags/operationalData/details.xlsx
[2024-03-28T17:52:49.112+0000] {processor.py:183} INFO - Processing /opt/airflow/dags/operationalData/details.xlsx took 0.140 seconds
[2024-03-28T17:53:19.949+0000] {processor.py:161} INFO - Started process (PID=550) to work on /opt/airflow/dags/operationalData/details.xlsx
[2024-03-28T17:53:19.951+0000] {processor.py:830} INFO - Processing file /opt/airflow/dags/operationalData/details.xlsx for tasks to queue
[2024-03-28T17:53:19.957+0000] {logging_mixin.py:188} INFO - [2024-03-28T17:53:19.956+0000] {dagbag.py:540} INFO - Filling up the DagBag from /opt/airflow/dags/operationalData/details.xlsx
[2024-03-28T17:53:19.994+0000] {processor.py:842} WARNING - No viable dags retrieved from /opt/airflow/dags/operationalData/details.xlsx
[2024-03-28T17:53:20.057+0000] {processor.py:183} INFO - Processing /opt/airflow/dags/operationalData/details.xlsx took 0.123 seconds
[2024-03-28T17:53:50.848+0000] {processor.py:161} INFO - Started process (PID=563) to work on /opt/airflow/dags/operationalData/details.xlsx
[2024-03-28T17:53:50.851+0000] {processor.py:830} INFO - Processing file /opt/airflow/dags/operationalData/details.xlsx for tasks to queue
[2024-03-28T17:53:50.856+0000] {logging_mixin.py:188} INFO - [2024-03-28T17:53:50.855+0000] {dagbag.py:540} INFO - Filling up the DagBag from /opt/airflow/dags/operationalData/details.xlsx
[2024-03-28T17:53:50.891+0000] {processor.py:842} WARNING - No viable dags retrieved from /opt/airflow/dags/operationalData/details.xlsx
[2024-03-28T17:53:50.936+0000] {processor.py:183} INFO - Processing /opt/airflow/dags/operationalData/details.xlsx took 0.098 seconds
[2024-03-28T17:54:21.479+0000] {processor.py:161} INFO - Started process (PID=576) to work on /opt/airflow/dags/operationalData/details.xlsx
[2024-03-28T17:54:21.483+0000] {processor.py:830} INFO - Processing file /opt/airflow/dags/operationalData/details.xlsx for tasks to queue
[2024-03-28T17:54:21.488+0000] {logging_mixin.py:188} INFO - [2024-03-28T17:54:21.487+0000] {dagbag.py:540} INFO - Filling up the DagBag from /opt/airflow/dags/operationalData/details.xlsx
[2024-03-28T17:54:21.521+0000] {processor.py:842} WARNING - No viable dags retrieved from /opt/airflow/dags/operationalData/details.xlsx
[2024-03-28T17:54:21.562+0000] {processor.py:183} INFO - Processing /opt/airflow/dags/operationalData/details.xlsx took 0.100 seconds
[2024-03-28T17:54:52.028+0000] {processor.py:161} INFO - Started process (PID=589) to work on /opt/airflow/dags/operationalData/details.xlsx
[2024-03-28T17:54:52.031+0000] {processor.py:830} INFO - Processing file /opt/airflow/dags/operationalData/details.xlsx for tasks to queue
[2024-03-28T17:54:52.036+0000] {logging_mixin.py:188} INFO - [2024-03-28T17:54:52.036+0000] {dagbag.py:540} INFO - Filling up the DagBag from /opt/airflow/dags/operationalData/details.xlsx
[2024-03-28T17:54:52.072+0000] {processor.py:842} WARNING - No viable dags retrieved from /opt/airflow/dags/operationalData/details.xlsx
[2024-03-28T17:54:52.115+0000] {processor.py:183} INFO - Processing /opt/airflow/dags/operationalData/details.xlsx took 0.095 seconds
[2024-03-28T17:55:22.409+0000] {processor.py:161} INFO - Started process (PID=602) to work on /opt/airflow/dags/operationalData/details.xlsx
[2024-03-28T17:55:22.412+0000] {processor.py:830} INFO - Processing file /opt/airflow/dags/operationalData/details.xlsx for tasks to queue
[2024-03-28T17:55:22.418+0000] {logging_mixin.py:188} INFO - [2024-03-28T17:55:22.417+0000] {dagbag.py:540} INFO - Filling up the DagBag from /opt/airflow/dags/operationalData/details.xlsx
[2024-03-28T17:55:22.458+0000] {processor.py:842} WARNING - No viable dags retrieved from /opt/airflow/dags/operationalData/details.xlsx
[2024-03-28T17:55:22.501+0000] {processor.py:183} INFO - Processing /opt/airflow/dags/operationalData/details.xlsx took 0.103 seconds
[2024-03-28T17:55:53.029+0000] {processor.py:161} INFO - Started process (PID=615) to work on /opt/airflow/dags/operationalData/details.xlsx
[2024-03-28T17:55:53.032+0000] {processor.py:830} INFO - Processing file /opt/airflow/dags/operationalData/details.xlsx for tasks to queue
[2024-03-28T17:55:53.040+0000] {logging_mixin.py:188} INFO - [2024-03-28T17:55:53.038+0000] {dagbag.py:540} INFO - Filling up the DagBag from /opt/airflow/dags/operationalData/details.xlsx
[2024-03-28T17:55:53.074+0000] {processor.py:842} WARNING - No viable dags retrieved from /opt/airflow/dags/operationalData/details.xlsx
[2024-03-28T17:55:53.112+0000] {processor.py:183} INFO - Processing /opt/airflow/dags/operationalData/details.xlsx took 0.092 seconds
[2024-03-28T17:56:24.011+0000] {processor.py:161} INFO - Started process (PID=628) to work on /opt/airflow/dags/operationalData/details.xlsx
[2024-03-28T17:56:24.014+0000] {processor.py:830} INFO - Processing file /opt/airflow/dags/operationalData/details.xlsx for tasks to queue
[2024-03-28T17:56:24.023+0000] {logging_mixin.py:188} INFO - [2024-03-28T17:56:24.022+0000] {dagbag.py:540} INFO - Filling up the DagBag from /opt/airflow/dags/operationalData/details.xlsx
[2024-03-28T17:56:24.067+0000] {processor.py:842} WARNING - No viable dags retrieved from /opt/airflow/dags/operationalData/details.xlsx
[2024-03-28T17:56:24.117+0000] {processor.py:183} INFO - Processing /opt/airflow/dags/operationalData/details.xlsx took 0.114 seconds
[2024-03-28T17:56:54.779+0000] {processor.py:161} INFO - Started process (PID=641) to work on /opt/airflow/dags/operationalData/details.xlsx
[2024-03-28T17:56:54.782+0000] {processor.py:830} INFO - Processing file /opt/airflow/dags/operationalData/details.xlsx for tasks to queue
[2024-03-28T17:56:54.788+0000] {logging_mixin.py:188} INFO - [2024-03-28T17:56:54.787+0000] {dagbag.py:540} INFO - Filling up the DagBag from /opt/airflow/dags/operationalData/details.xlsx
[2024-03-28T17:56:54.824+0000] {processor.py:842} WARNING - No viable dags retrieved from /opt/airflow/dags/operationalData/details.xlsx
[2024-03-28T17:56:54.859+0000] {processor.py:183} INFO - Processing /opt/airflow/dags/operationalData/details.xlsx took 0.095 seconds
[2024-03-28T17:57:25.462+0000] {processor.py:161} INFO - Started process (PID=654) to work on /opt/airflow/dags/operationalData/details.xlsx
[2024-03-28T17:57:25.466+0000] {processor.py:830} INFO - Processing file /opt/airflow/dags/operationalData/details.xlsx for tasks to queue
[2024-03-28T17:57:25.472+0000] {logging_mixin.py:188} INFO - [2024-03-28T17:57:25.471+0000] {dagbag.py:540} INFO - Filling up the DagBag from /opt/airflow/dags/operationalData/details.xlsx
[2024-03-28T17:57:25.509+0000] {processor.py:842} WARNING - No viable dags retrieved from /opt/airflow/dags/operationalData/details.xlsx
[2024-03-28T17:57:25.555+0000] {processor.py:183} INFO - Processing /opt/airflow/dags/operationalData/details.xlsx took 0.103 seconds
[2024-03-28T17:57:55.780+0000] {processor.py:161} INFO - Started process (PID=667) to work on /opt/airflow/dags/operationalData/details.xlsx
[2024-03-28T17:57:55.783+0000] {processor.py:830} INFO - Processing file /opt/airflow/dags/operationalData/details.xlsx for tasks to queue
[2024-03-28T17:57:55.788+0000] {logging_mixin.py:188} INFO - [2024-03-28T17:57:55.787+0000] {dagbag.py:540} INFO - Filling up the DagBag from /opt/airflow/dags/operationalData/details.xlsx
[2024-03-28T17:57:55.824+0000] {processor.py:842} WARNING - No viable dags retrieved from /opt/airflow/dags/operationalData/details.xlsx
[2024-03-28T17:57:55.861+0000] {processor.py:183} INFO - Processing /opt/airflow/dags/operationalData/details.xlsx took 0.090 seconds
[2024-03-28T17:58:26.722+0000] {processor.py:161} INFO - Started process (PID=680) to work on /opt/airflow/dags/operationalData/details.xlsx
[2024-03-28T17:58:26.724+0000] {processor.py:830} INFO - Processing file /opt/airflow/dags/operationalData/details.xlsx for tasks to queue
[2024-03-28T17:58:26.728+0000] {logging_mixin.py:188} INFO - [2024-03-28T17:58:26.728+0000] {dagbag.py:540} INFO - Filling up the DagBag from /opt/airflow/dags/operationalData/details.xlsx
[2024-03-28T17:58:26.764+0000] {processor.py:842} WARNING - No viable dags retrieved from /opt/airflow/dags/operationalData/details.xlsx
[2024-03-28T17:58:26.801+0000] {processor.py:183} INFO - Processing /opt/airflow/dags/operationalData/details.xlsx took 0.088 seconds
[2024-03-28T17:58:57.417+0000] {processor.py:161} INFO - Started process (PID=693) to work on /opt/airflow/dags/operationalData/details.xlsx
[2024-03-28T17:58:57.420+0000] {processor.py:830} INFO - Processing file /opt/airflow/dags/operationalData/details.xlsx for tasks to queue
[2024-03-28T17:58:57.425+0000] {logging_mixin.py:188} INFO - [2024-03-28T17:58:57.424+0000] {dagbag.py:540} INFO - Filling up the DagBag from /opt/airflow/dags/operationalData/details.xlsx
[2024-03-28T17:58:57.460+0000] {processor.py:842} WARNING - No viable dags retrieved from /opt/airflow/dags/operationalData/details.xlsx
[2024-03-28T17:58:57.494+0000] {processor.py:183} INFO - Processing /opt/airflow/dags/operationalData/details.xlsx took 0.083 seconds
[2024-03-28T17:59:27.644+0000] {processor.py:161} INFO - Started process (PID=706) to work on /opt/airflow/dags/operationalData/details.xlsx
[2024-03-28T17:59:27.646+0000] {processor.py:830} INFO - Processing file /opt/airflow/dags/operationalData/details.xlsx for tasks to queue
[2024-03-28T17:59:27.653+0000] {logging_mixin.py:188} INFO - [2024-03-28T17:59:27.652+0000] {dagbag.py:540} INFO - Filling up the DagBag from /opt/airflow/dags/operationalData/details.xlsx
[2024-03-28T17:59:27.680+0000] {processor.py:842} WARNING - No viable dags retrieved from /opt/airflow/dags/operationalData/details.xlsx
[2024-03-28T17:59:27.745+0000] {processor.py:183} INFO - Processing /opt/airflow/dags/operationalData/details.xlsx took 0.109 seconds
[2024-03-28T17:59:58.473+0000] {processor.py:161} INFO - Started process (PID=719) to work on /opt/airflow/dags/operationalData/details.xlsx
[2024-03-28T17:59:58.476+0000] {processor.py:830} INFO - Processing file /opt/airflow/dags/operationalData/details.xlsx for tasks to queue
[2024-03-28T17:59:58.481+0000] {logging_mixin.py:188} INFO - [2024-03-28T17:59:58.480+0000] {dagbag.py:540} INFO - Filling up the DagBag from /opt/airflow/dags/operationalData/details.xlsx
[2024-03-28T17:59:58.519+0000] {processor.py:842} WARNING - No viable dags retrieved from /opt/airflow/dags/operationalData/details.xlsx
[2024-03-28T17:59:58.553+0000] {processor.py:183} INFO - Processing /opt/airflow/dags/operationalData/details.xlsx took 0.089 seconds
[2024-03-28T18:00:29.340+0000] {processor.py:161} INFO - Started process (PID=732) to work on /opt/airflow/dags/operationalData/details.xlsx
[2024-03-28T18:00:29.343+0000] {processor.py:830} INFO - Processing file /opt/airflow/dags/operationalData/details.xlsx for tasks to queue
[2024-03-28T18:00:29.348+0000] {logging_mixin.py:188} INFO - [2024-03-28T18:00:29.347+0000] {dagbag.py:540} INFO - Filling up the DagBag from /opt/airflow/dags/operationalData/details.xlsx
[2024-03-28T18:00:29.389+0000] {processor.py:842} WARNING - No viable dags retrieved from /opt/airflow/dags/operationalData/details.xlsx
[2024-03-28T18:00:29.427+0000] {processor.py:183} INFO - Processing /opt/airflow/dags/operationalData/details.xlsx took 0.095 seconds
[2024-03-28T18:01:00.236+0000] {processor.py:161} INFO - Started process (PID=745) to work on /opt/airflow/dags/operationalData/details.xlsx
[2024-03-28T18:01:00.243+0000] {processor.py:830} INFO - Processing file /opt/airflow/dags/operationalData/details.xlsx for tasks to queue
[2024-03-28T18:01:00.248+0000] {logging_mixin.py:188} INFO - [2024-03-28T18:01:00.247+0000] {dagbag.py:540} INFO - Filling up the DagBag from /opt/airflow/dags/operationalData/details.xlsx
[2024-03-28T18:01:00.278+0000] {processor.py:842} WARNING - No viable dags retrieved from /opt/airflow/dags/operationalData/details.xlsx
[2024-03-28T18:01:00.318+0000] {processor.py:183} INFO - Processing /opt/airflow/dags/operationalData/details.xlsx took 0.092 seconds
[2024-03-28T18:01:30.987+0000] {processor.py:161} INFO - Started process (PID=758) to work on /opt/airflow/dags/operationalData/details.xlsx
[2024-03-28T18:01:30.990+0000] {processor.py:830} INFO - Processing file /opt/airflow/dags/operationalData/details.xlsx for tasks to queue
[2024-03-28T18:01:30.994+0000] {logging_mixin.py:188} INFO - [2024-03-28T18:01:30.994+0000] {dagbag.py:540} INFO - Filling up the DagBag from /opt/airflow/dags/operationalData/details.xlsx
[2024-03-28T18:01:31.031+0000] {processor.py:842} WARNING - No viable dags retrieved from /opt/airflow/dags/operationalData/details.xlsx
[2024-03-28T18:01:31.067+0000] {processor.py:183} INFO - Processing /opt/airflow/dags/operationalData/details.xlsx took 0.089 seconds
[2024-03-28T18:02:01.639+0000] {processor.py:161} INFO - Started process (PID=771) to work on /opt/airflow/dags/operationalData/details.xlsx
[2024-03-28T18:02:01.648+0000] {processor.py:830} INFO - Processing file /opt/airflow/dags/operationalData/details.xlsx for tasks to queue
[2024-03-28T18:02:01.655+0000] {logging_mixin.py:188} INFO - [2024-03-28T18:02:01.654+0000] {dagbag.py:540} INFO - Filling up the DagBag from /opt/airflow/dags/operationalData/details.xlsx
[2024-03-28T18:02:01.704+0000] {processor.py:842} WARNING - No viable dags retrieved from /opt/airflow/dags/operationalData/details.xlsx
[2024-03-28T18:02:01.793+0000] {processor.py:183} INFO - Processing /opt/airflow/dags/operationalData/details.xlsx took 0.176 seconds
[2024-03-28T18:02:32.223+0000] {processor.py:161} INFO - Started process (PID=784) to work on /opt/airflow/dags/operationalData/details.xlsx
[2024-03-28T18:02:32.227+0000] {processor.py:830} INFO - Processing file /opt/airflow/dags/operationalData/details.xlsx for tasks to queue
[2024-03-28T18:02:32.235+0000] {logging_mixin.py:188} INFO - [2024-03-28T18:02:32.233+0000] {dagbag.py:540} INFO - Filling up the DagBag from /opt/airflow/dags/operationalData/details.xlsx
[2024-03-28T18:02:32.272+0000] {processor.py:842} WARNING - No viable dags retrieved from /opt/airflow/dags/operationalData/details.xlsx
[2024-03-28T18:02:32.306+0000] {processor.py:183} INFO - Processing /opt/airflow/dags/operationalData/details.xlsx took 0.092 seconds
[2024-03-28T18:03:02.990+0000] {processor.py:161} INFO - Started process (PID=797) to work on /opt/airflow/dags/operationalData/details.xlsx
[2024-03-28T18:03:02.993+0000] {processor.py:830} INFO - Processing file /opt/airflow/dags/operationalData/details.xlsx for tasks to queue
[2024-03-28T18:03:02.999+0000] {logging_mixin.py:188} INFO - [2024-03-28T18:03:02.998+0000] {dagbag.py:540} INFO - Filling up the DagBag from /opt/airflow/dags/operationalData/details.xlsx
[2024-03-28T18:03:03.028+0000] {processor.py:842} WARNING - No viable dags retrieved from /opt/airflow/dags/operationalData/details.xlsx
[2024-03-28T18:03:03.065+0000] {processor.py:183} INFO - Processing /opt/airflow/dags/operationalData/details.xlsx took 0.084 seconds
[2024-03-28T18:03:33.979+0000] {processor.py:161} INFO - Started process (PID=810) to work on /opt/airflow/dags/operationalData/details.xlsx
[2024-03-28T18:03:33.982+0000] {processor.py:830} INFO - Processing file /opt/airflow/dags/operationalData/details.xlsx for tasks to queue
[2024-03-28T18:03:33.990+0000] {logging_mixin.py:188} INFO - [2024-03-28T18:03:33.989+0000] {dagbag.py:540} INFO - Filling up the DagBag from /opt/airflow/dags/operationalData/details.xlsx
[2024-03-28T18:03:34.034+0000] {processor.py:842} WARNING - No viable dags retrieved from /opt/airflow/dags/operationalData/details.xlsx
[2024-03-28T18:03:34.078+0000] {processor.py:183} INFO - Processing /opt/airflow/dags/operationalData/details.xlsx took 0.111 seconds
[2024-03-28T18:04:04.734+0000] {processor.py:161} INFO - Started process (PID=823) to work on /opt/airflow/dags/operationalData/details.xlsx
[2024-03-28T18:04:04.743+0000] {processor.py:830} INFO - Processing file /opt/airflow/dags/operationalData/details.xlsx for tasks to queue
[2024-03-28T18:04:04.751+0000] {logging_mixin.py:188} INFO - [2024-03-28T18:04:04.749+0000] {dagbag.py:540} INFO - Filling up the DagBag from /opt/airflow/dags/operationalData/details.xlsx
[2024-03-28T18:04:04.796+0000] {processor.py:842} WARNING - No viable dags retrieved from /opt/airflow/dags/operationalData/details.xlsx
[2024-03-28T18:04:04.843+0000] {processor.py:183} INFO - Processing /opt/airflow/dags/operationalData/details.xlsx took 0.120 seconds
[2024-03-28T18:04:35.399+0000] {processor.py:161} INFO - Started process (PID=836) to work on /opt/airflow/dags/operationalData/details.xlsx
[2024-03-28T18:04:35.403+0000] {processor.py:830} INFO - Processing file /opt/airflow/dags/operationalData/details.xlsx for tasks to queue
[2024-03-28T18:04:35.410+0000] {logging_mixin.py:188} INFO - [2024-03-28T18:04:35.409+0000] {dagbag.py:540} INFO - Filling up the DagBag from /opt/airflow/dags/operationalData/details.xlsx
[2024-03-28T18:04:35.446+0000] {processor.py:842} WARNING - No viable dags retrieved from /opt/airflow/dags/operationalData/details.xlsx
[2024-03-28T18:04:35.484+0000] {processor.py:183} INFO - Processing /opt/airflow/dags/operationalData/details.xlsx took 0.098 seconds
[2024-03-28T18:05:06.281+0000] {processor.py:161} INFO - Started process (PID=849) to work on /opt/airflow/dags/operationalData/details.xlsx
[2024-03-28T18:05:06.285+0000] {processor.py:830} INFO - Processing file /opt/airflow/dags/operationalData/details.xlsx for tasks to queue
[2024-03-28T18:05:06.292+0000] {logging_mixin.py:188} INFO - [2024-03-28T18:05:06.291+0000] {dagbag.py:540} INFO - Filling up the DagBag from /opt/airflow/dags/operationalData/details.xlsx
[2024-03-28T18:05:06.344+0000] {processor.py:842} WARNING - No viable dags retrieved from /opt/airflow/dags/operationalData/details.xlsx
[2024-03-28T18:05:06.395+0000] {processor.py:183} INFO - Processing /opt/airflow/dags/operationalData/details.xlsx took 0.124 seconds
[2024-03-28T18:05:37.303+0000] {processor.py:161} INFO - Started process (PID=862) to work on /opt/airflow/dags/operationalData/details.xlsx
[2024-03-28T18:05:37.305+0000] {processor.py:830} INFO - Processing file /opt/airflow/dags/operationalData/details.xlsx for tasks to queue
[2024-03-28T18:05:37.312+0000] {logging_mixin.py:188} INFO - [2024-03-28T18:05:37.311+0000] {dagbag.py:540} INFO - Filling up the DagBag from /opt/airflow/dags/operationalData/details.xlsx
[2024-03-28T18:05:37.349+0000] {processor.py:842} WARNING - No viable dags retrieved from /opt/airflow/dags/operationalData/details.xlsx
[2024-03-28T18:05:37.381+0000] {processor.py:183} INFO - Processing /opt/airflow/dags/operationalData/details.xlsx took 0.086 seconds
[2024-03-28T18:06:08.069+0000] {processor.py:161} INFO - Started process (PID=875) to work on /opt/airflow/dags/operationalData/details.xlsx
[2024-03-28T18:06:08.072+0000] {processor.py:830} INFO - Processing file /opt/airflow/dags/operationalData/details.xlsx for tasks to queue
[2024-03-28T18:06:08.077+0000] {logging_mixin.py:188} INFO - [2024-03-28T18:06:08.076+0000] {dagbag.py:540} INFO - Filling up the DagBag from /opt/airflow/dags/operationalData/details.xlsx
[2024-03-28T18:06:08.113+0000] {processor.py:842} WARNING - No viable dags retrieved from /opt/airflow/dags/operationalData/details.xlsx
[2024-03-28T18:06:08.148+0000] {processor.py:183} INFO - Processing /opt/airflow/dags/operationalData/details.xlsx took 0.097 seconds
[2024-03-28T18:06:38.427+0000] {processor.py:161} INFO - Started process (PID=888) to work on /opt/airflow/dags/operationalData/details.xlsx
[2024-03-28T18:06:38.430+0000] {processor.py:830} INFO - Processing file /opt/airflow/dags/operationalData/details.xlsx for tasks to queue
[2024-03-28T18:06:38.436+0000] {logging_mixin.py:188} INFO - [2024-03-28T18:06:38.435+0000] {dagbag.py:540} INFO - Filling up the DagBag from /opt/airflow/dags/operationalData/details.xlsx
[2024-03-28T18:06:38.480+0000] {processor.py:842} WARNING - No viable dags retrieved from /opt/airflow/dags/operationalData/details.xlsx
[2024-03-28T18:06:38.523+0000] {processor.py:183} INFO - Processing /opt/airflow/dags/operationalData/details.xlsx took 0.105 seconds
[2024-03-28T18:07:08.852+0000] {processor.py:161} INFO - Started process (PID=900) to work on /opt/airflow/dags/operationalData/details.xlsx
[2024-03-28T18:07:08.855+0000] {processor.py:830} INFO - Processing file /opt/airflow/dags/operationalData/details.xlsx for tasks to queue
[2024-03-28T18:07:08.859+0000] {logging_mixin.py:188} INFO - [2024-03-28T18:07:08.858+0000] {dagbag.py:540} INFO - Filling up the DagBag from /opt/airflow/dags/operationalData/details.xlsx
[2024-03-28T18:07:08.895+0000] {processor.py:842} WARNING - No viable dags retrieved from /opt/airflow/dags/operationalData/details.xlsx
[2024-03-28T18:07:08.925+0000] {processor.py:183} INFO - Processing /opt/airflow/dags/operationalData/details.xlsx took 0.080 seconds
[2024-03-28T18:07:40.113+0000] {processor.py:161} INFO - Started process (PID=912) to work on /opt/airflow/dags/operationalData/details.xlsx
[2024-03-28T18:07:40.115+0000] {processor.py:830} INFO - Processing file /opt/airflow/dags/operationalData/details.xlsx for tasks to queue
[2024-03-28T18:07:40.123+0000] {logging_mixin.py:188} INFO - [2024-03-28T18:07:40.122+0000] {dagbag.py:540} INFO - Filling up the DagBag from /opt/airflow/dags/operationalData/details.xlsx
[2024-03-28T18:07:40.165+0000] {processor.py:842} WARNING - No viable dags retrieved from /opt/airflow/dags/operationalData/details.xlsx
[2024-03-28T18:07:40.201+0000] {processor.py:183} INFO - Processing /opt/airflow/dags/operationalData/details.xlsx took 0.097 seconds
[2024-03-28T18:08:10.768+0000] {processor.py:161} INFO - Started process (PID=925) to work on /opt/airflow/dags/operationalData/details.xlsx
[2024-03-28T18:08:10.771+0000] {processor.py:830} INFO - Processing file /opt/airflow/dags/operationalData/details.xlsx for tasks to queue
[2024-03-28T18:08:10.776+0000] {logging_mixin.py:188} INFO - [2024-03-28T18:08:10.775+0000] {dagbag.py:540} INFO - Filling up the DagBag from /opt/airflow/dags/operationalData/details.xlsx
[2024-03-28T18:08:10.811+0000] {processor.py:842} WARNING - No viable dags retrieved from /opt/airflow/dags/operationalData/details.xlsx
[2024-03-28T18:08:10.846+0000] {processor.py:183} INFO - Processing /opt/airflow/dags/operationalData/details.xlsx took 0.088 seconds
[2024-03-28T18:08:41.560+0000] {processor.py:161} INFO - Started process (PID=938) to work on /opt/airflow/dags/operationalData/details.xlsx
[2024-03-28T18:08:41.563+0000] {processor.py:830} INFO - Processing file /opt/airflow/dags/operationalData/details.xlsx for tasks to queue
[2024-03-28T18:08:41.568+0000] {logging_mixin.py:188} INFO - [2024-03-28T18:08:41.567+0000] {dagbag.py:540} INFO - Filling up the DagBag from /opt/airflow/dags/operationalData/details.xlsx
[2024-03-28T18:08:41.605+0000] {processor.py:842} WARNING - No viable dags retrieved from /opt/airflow/dags/operationalData/details.xlsx
[2024-03-28T18:08:41.646+0000] {processor.py:183} INFO - Processing /opt/airflow/dags/operationalData/details.xlsx took 0.095 seconds
[2024-03-28T18:09:12.447+0000] {processor.py:161} INFO - Started process (PID=951) to work on /opt/airflow/dags/operationalData/details.xlsx
[2024-03-28T18:09:12.452+0000] {processor.py:830} INFO - Processing file /opt/airflow/dags/operationalData/details.xlsx for tasks to queue
[2024-03-28T18:09:12.460+0000] {logging_mixin.py:188} INFO - [2024-03-28T18:09:12.459+0000] {dagbag.py:540} INFO - Filling up the DagBag from /opt/airflow/dags/operationalData/details.xlsx
[2024-03-28T18:09:12.522+0000] {processor.py:842} WARNING - No viable dags retrieved from /opt/airflow/dags/operationalData/details.xlsx
[2024-03-28T18:09:12.584+0000] {processor.py:183} INFO - Processing /opt/airflow/dags/operationalData/details.xlsx took 0.152 seconds
[2024-03-28T18:09:43.115+0000] {processor.py:161} INFO - Started process (PID=964) to work on /opt/airflow/dags/operationalData/details.xlsx
[2024-03-28T18:09:43.118+0000] {processor.py:830} INFO - Processing file /opt/airflow/dags/operationalData/details.xlsx for tasks to queue
[2024-03-28T18:09:43.124+0000] {logging_mixin.py:188} INFO - [2024-03-28T18:09:43.123+0000] {dagbag.py:540} INFO - Filling up the DagBag from /opt/airflow/dags/operationalData/details.xlsx
[2024-03-28T18:09:43.160+0000] {processor.py:842} WARNING - No viable dags retrieved from /opt/airflow/dags/operationalData/details.xlsx
[2024-03-28T18:09:43.194+0000] {processor.py:183} INFO - Processing /opt/airflow/dags/operationalData/details.xlsx took 0.087 seconds
[2024-03-28T18:10:13.735+0000] {processor.py:161} INFO - Started process (PID=977) to work on /opt/airflow/dags/operationalData/details.xlsx
[2024-03-28T18:10:13.738+0000] {processor.py:830} INFO - Processing file /opt/airflow/dags/operationalData/details.xlsx for tasks to queue
[2024-03-28T18:10:13.742+0000] {logging_mixin.py:188} INFO - [2024-03-28T18:10:13.741+0000] {dagbag.py:540} INFO - Filling up the DagBag from /opt/airflow/dags/operationalData/details.xlsx
[2024-03-28T18:10:13.780+0000] {processor.py:842} WARNING - No viable dags retrieved from /opt/airflow/dags/operationalData/details.xlsx
[2024-03-28T18:10:13.820+0000] {processor.py:183} INFO - Processing /opt/airflow/dags/operationalData/details.xlsx took 0.094 seconds
[2024-03-28T18:10:44.100+0000] {processor.py:161} INFO - Started process (PID=990) to work on /opt/airflow/dags/operationalData/details.xlsx
[2024-03-28T18:10:44.102+0000] {processor.py:830} INFO - Processing file /opt/airflow/dags/operationalData/details.xlsx for tasks to queue
[2024-03-28T18:10:44.109+0000] {logging_mixin.py:188} INFO - [2024-03-28T18:10:44.108+0000] {dagbag.py:540} INFO - Filling up the DagBag from /opt/airflow/dags/operationalData/details.xlsx
[2024-03-28T18:10:44.192+0000] {processor.py:842} WARNING - No viable dags retrieved from /opt/airflow/dags/operationalData/details.xlsx
[2024-03-28T18:10:44.235+0000] {processor.py:183} INFO - Processing /opt/airflow/dags/operationalData/details.xlsx took 0.143 seconds
[2024-03-28T18:11:14.474+0000] {processor.py:161} INFO - Started process (PID=1003) to work on /opt/airflow/dags/operationalData/details.xlsx
[2024-03-28T18:11:14.477+0000] {processor.py:830} INFO - Processing file /opt/airflow/dags/operationalData/details.xlsx for tasks to queue
[2024-03-28T18:11:14.481+0000] {logging_mixin.py:188} INFO - [2024-03-28T18:11:14.480+0000] {dagbag.py:540} INFO - Filling up the DagBag from /opt/airflow/dags/operationalData/details.xlsx
[2024-03-28T18:11:14.517+0000] {processor.py:842} WARNING - No viable dags retrieved from /opt/airflow/dags/operationalData/details.xlsx
[2024-03-28T18:11:14.553+0000] {processor.py:183} INFO - Processing /opt/airflow/dags/operationalData/details.xlsx took 0.087 seconds
[2024-03-28T18:11:45.444+0000] {processor.py:161} INFO - Started process (PID=1016) to work on /opt/airflow/dags/operationalData/details.xlsx
[2024-03-28T18:11:45.447+0000] {processor.py:830} INFO - Processing file /opt/airflow/dags/operationalData/details.xlsx for tasks to queue
[2024-03-28T18:11:45.453+0000] {logging_mixin.py:188} INFO - [2024-03-28T18:11:45.452+0000] {dagbag.py:540} INFO - Filling up the DagBag from /opt/airflow/dags/operationalData/details.xlsx
[2024-03-28T18:11:45.489+0000] {processor.py:842} WARNING - No viable dags retrieved from /opt/airflow/dags/operationalData/details.xlsx
[2024-03-28T18:11:45.526+0000] {processor.py:183} INFO - Processing /opt/airflow/dags/operationalData/details.xlsx took 0.089 seconds
[2024-03-28T18:12:16.196+0000] {processor.py:161} INFO - Started process (PID=1029) to work on /opt/airflow/dags/operationalData/details.xlsx
[2024-03-28T18:12:16.205+0000] {processor.py:830} INFO - Processing file /opt/airflow/dags/operationalData/details.xlsx for tasks to queue
[2024-03-28T18:12:16.213+0000] {logging_mixin.py:188} INFO - [2024-03-28T18:12:16.212+0000] {dagbag.py:540} INFO - Filling up the DagBag from /opt/airflow/dags/operationalData/details.xlsx
[2024-03-28T18:12:16.252+0000] {processor.py:842} WARNING - No viable dags retrieved from /opt/airflow/dags/operationalData/details.xlsx
[2024-03-28T18:12:16.304+0000] {processor.py:183} INFO - Processing /opt/airflow/dags/operationalData/details.xlsx took 0.118 seconds
[2024-03-28T18:12:47.367+0000] {processor.py:161} INFO - Started process (PID=1042) to work on /opt/airflow/dags/operationalData/details.xlsx
[2024-03-28T18:12:47.370+0000] {processor.py:830} INFO - Processing file /opt/airflow/dags/operationalData/details.xlsx for tasks to queue
[2024-03-28T18:12:47.375+0000] {logging_mixin.py:188} INFO - [2024-03-28T18:12:47.374+0000] {dagbag.py:540} INFO - Filling up the DagBag from /opt/airflow/dags/operationalData/details.xlsx
[2024-03-28T18:12:47.410+0000] {processor.py:842} WARNING - No viable dags retrieved from /opt/airflow/dags/operationalData/details.xlsx
[2024-03-28T18:12:47.442+0000] {processor.py:183} INFO - Processing /opt/airflow/dags/operationalData/details.xlsx took 0.083 seconds
[2024-03-28T18:13:18.148+0000] {processor.py:161} INFO - Started process (PID=1055) to work on /opt/airflow/dags/operationalData/details.xlsx
[2024-03-28T18:13:18.150+0000] {processor.py:830} INFO - Processing file /opt/airflow/dags/operationalData/details.xlsx for tasks to queue
[2024-03-28T18:13:18.156+0000] {logging_mixin.py:188} INFO - [2024-03-28T18:13:18.155+0000] {dagbag.py:540} INFO - Filling up the DagBag from /opt/airflow/dags/operationalData/details.xlsx
[2024-03-28T18:13:18.192+0000] {processor.py:842} WARNING - No viable dags retrieved from /opt/airflow/dags/operationalData/details.xlsx
[2024-03-28T18:13:18.227+0000] {processor.py:183} INFO - Processing /opt/airflow/dags/operationalData/details.xlsx took 0.088 seconds
[2024-03-28T18:13:48.983+0000] {processor.py:161} INFO - Started process (PID=1074) to work on /opt/airflow/dags/operationalData/details.xlsx
[2024-03-28T18:13:48.986+0000] {processor.py:830} INFO - Processing file /opt/airflow/dags/operationalData/details.xlsx for tasks to queue
[2024-03-28T18:13:48.992+0000] {logging_mixin.py:188} INFO - [2024-03-28T18:13:48.991+0000] {dagbag.py:540} INFO - Filling up the DagBag from /opt/airflow/dags/operationalData/details.xlsx
[2024-03-28T18:13:49.029+0000] {processor.py:842} WARNING - No viable dags retrieved from /opt/airflow/dags/operationalData/details.xlsx
[2024-03-28T18:13:49.078+0000] {processor.py:183} INFO - Processing /opt/airflow/dags/operationalData/details.xlsx took 0.106 seconds
[2024-03-28T18:14:19.378+0000] {processor.py:161} INFO - Started process (PID=1087) to work on /opt/airflow/dags/operationalData/details.xlsx
[2024-03-28T18:14:19.381+0000] {processor.py:830} INFO - Processing file /opt/airflow/dags/operationalData/details.xlsx for tasks to queue
[2024-03-28T18:14:19.387+0000] {logging_mixin.py:188} INFO - [2024-03-28T18:14:19.386+0000] {dagbag.py:540} INFO - Filling up the DagBag from /opt/airflow/dags/operationalData/details.xlsx
[2024-03-28T18:14:19.419+0000] {processor.py:842} WARNING - No viable dags retrieved from /opt/airflow/dags/operationalData/details.xlsx
[2024-03-28T18:14:19.466+0000] {processor.py:183} INFO - Processing /opt/airflow/dags/operationalData/details.xlsx took 0.096 seconds
[2024-03-28T18:14:50.183+0000] {processor.py:161} INFO - Started process (PID=1100) to work on /opt/airflow/dags/operationalData/details.xlsx
[2024-03-28T18:14:50.186+0000] {processor.py:830} INFO - Processing file /opt/airflow/dags/operationalData/details.xlsx for tasks to queue
[2024-03-28T18:14:50.191+0000] {logging_mixin.py:188} INFO - [2024-03-28T18:14:50.190+0000] {dagbag.py:540} INFO - Filling up the DagBag from /opt/airflow/dags/operationalData/details.xlsx
[2024-03-28T18:14:50.226+0000] {processor.py:842} WARNING - No viable dags retrieved from /opt/airflow/dags/operationalData/details.xlsx
[2024-03-28T18:14:50.260+0000] {processor.py:183} INFO - Processing /opt/airflow/dags/operationalData/details.xlsx took 0.087 seconds
[2024-03-28T18:15:21.020+0000] {processor.py:161} INFO - Started process (PID=1113) to work on /opt/airflow/dags/operationalData/details.xlsx
[2024-03-28T18:15:21.022+0000] {processor.py:830} INFO - Processing file /opt/airflow/dags/operationalData/details.xlsx for tasks to queue
[2024-03-28T18:15:21.029+0000] {logging_mixin.py:188} INFO - [2024-03-28T18:15:21.028+0000] {dagbag.py:540} INFO - Filling up the DagBag from /opt/airflow/dags/operationalData/details.xlsx
[2024-03-28T18:15:21.062+0000] {processor.py:842} WARNING - No viable dags retrieved from /opt/airflow/dags/operationalData/details.xlsx
[2024-03-28T18:15:21.095+0000] {processor.py:183} INFO - Processing /opt/airflow/dags/operationalData/details.xlsx took 0.082 seconds
[2024-03-28T18:15:51.751+0000] {processor.py:161} INFO - Started process (PID=1126) to work on /opt/airflow/dags/operationalData/details.xlsx
[2024-03-28T18:15:51.754+0000] {processor.py:830} INFO - Processing file /opt/airflow/dags/operationalData/details.xlsx for tasks to queue
[2024-03-28T18:15:51.758+0000] {logging_mixin.py:188} INFO - [2024-03-28T18:15:51.758+0000] {dagbag.py:540} INFO - Filling up the DagBag from /opt/airflow/dags/operationalData/details.xlsx
[2024-03-28T18:15:51.794+0000] {processor.py:842} WARNING - No viable dags retrieved from /opt/airflow/dags/operationalData/details.xlsx
[2024-03-28T18:15:51.830+0000] {processor.py:183} INFO - Processing /opt/airflow/dags/operationalData/details.xlsx took 0.087 seconds
[2024-03-28T18:16:22.457+0000] {processor.py:161} INFO - Started process (PID=1139) to work on /opt/airflow/dags/operationalData/details.xlsx
[2024-03-28T18:16:22.461+0000] {processor.py:830} INFO - Processing file /opt/airflow/dags/operationalData/details.xlsx for tasks to queue
[2024-03-28T18:16:22.469+0000] {logging_mixin.py:188} INFO - [2024-03-28T18:16:22.468+0000] {dagbag.py:540} INFO - Filling up the DagBag from /opt/airflow/dags/operationalData/details.xlsx
[2024-03-28T18:16:22.528+0000] {processor.py:842} WARNING - No viable dags retrieved from /opt/airflow/dags/operationalData/details.xlsx
[2024-03-28T18:16:22.589+0000] {processor.py:183} INFO - Processing /opt/airflow/dags/operationalData/details.xlsx took 0.145 seconds
[2024-03-28T18:16:53.355+0000] {processor.py:161} INFO - Started process (PID=1152) to work on /opt/airflow/dags/operationalData/details.xlsx
[2024-03-28T18:16:53.358+0000] {processor.py:830} INFO - Processing file /opt/airflow/dags/operationalData/details.xlsx for tasks to queue
[2024-03-28T18:16:53.362+0000] {logging_mixin.py:188} INFO - [2024-03-28T18:16:53.362+0000] {dagbag.py:540} INFO - Filling up the DagBag from /opt/airflow/dags/operationalData/details.xlsx
[2024-03-28T18:16:53.402+0000] {processor.py:842} WARNING - No viable dags retrieved from /opt/airflow/dags/operationalData/details.xlsx
[2024-03-28T18:16:53.447+0000] {processor.py:183} INFO - Processing /opt/airflow/dags/operationalData/details.xlsx took 0.101 seconds
[2024-03-28T18:17:23.998+0000] {processor.py:161} INFO - Started process (PID=1165) to work on /opt/airflow/dags/operationalData/details.xlsx
[2024-03-28T18:17:24.000+0000] {processor.py:830} INFO - Processing file /opt/airflow/dags/operationalData/details.xlsx for tasks to queue
[2024-03-28T18:17:24.005+0000] {logging_mixin.py:188} INFO - [2024-03-28T18:17:24.004+0000] {dagbag.py:540} INFO - Filling up the DagBag from /opt/airflow/dags/operationalData/details.xlsx
[2024-03-28T18:17:24.033+0000] {processor.py:842} WARNING - No viable dags retrieved from /opt/airflow/dags/operationalData/details.xlsx
[2024-03-28T18:17:24.069+0000] {processor.py:183} INFO - Processing /opt/airflow/dags/operationalData/details.xlsx took 0.079 seconds
[2024-03-28T18:17:54.362+0000] {processor.py:161} INFO - Started process (PID=1178) to work on /opt/airflow/dags/operationalData/details.xlsx
[2024-03-28T18:17:54.365+0000] {processor.py:830} INFO - Processing file /opt/airflow/dags/operationalData/details.xlsx for tasks to queue
[2024-03-28T18:17:54.371+0000] {logging_mixin.py:188} INFO - [2024-03-28T18:17:54.370+0000] {dagbag.py:540} INFO - Filling up the DagBag from /opt/airflow/dags/operationalData/details.xlsx
[2024-03-28T18:17:54.403+0000] {processor.py:842} WARNING - No viable dags retrieved from /opt/airflow/dags/operationalData/details.xlsx
[2024-03-28T18:17:54.435+0000] {processor.py:183} INFO - Processing /opt/airflow/dags/operationalData/details.xlsx took 0.081 seconds
[2024-03-28T18:18:25.101+0000] {processor.py:161} INFO - Started process (PID=1191) to work on /opt/airflow/dags/operationalData/details.xlsx
[2024-03-28T18:18:25.106+0000] {processor.py:830} INFO - Processing file /opt/airflow/dags/operationalData/details.xlsx for tasks to queue
[2024-03-28T18:18:25.119+0000] {logging_mixin.py:188} INFO - [2024-03-28T18:18:25.118+0000] {dagbag.py:540} INFO - Filling up the DagBag from /opt/airflow/dags/operationalData/details.xlsx
[2024-03-28T18:18:25.158+0000] {processor.py:842} WARNING - No viable dags retrieved from /opt/airflow/dags/operationalData/details.xlsx
[2024-03-28T18:18:25.203+0000] {processor.py:183} INFO - Processing /opt/airflow/dags/operationalData/details.xlsx took 0.110 seconds
[2024-03-28T18:18:56.031+0000] {processor.py:161} INFO - Started process (PID=1204) to work on /opt/airflow/dags/operationalData/details.xlsx
[2024-03-28T18:18:56.034+0000] {processor.py:830} INFO - Processing file /opt/airflow/dags/operationalData/details.xlsx for tasks to queue
[2024-03-28T18:18:56.038+0000] {logging_mixin.py:188} INFO - [2024-03-28T18:18:56.038+0000] {dagbag.py:540} INFO - Filling up the DagBag from /opt/airflow/dags/operationalData/details.xlsx
[2024-03-28T18:18:56.079+0000] {processor.py:842} WARNING - No viable dags retrieved from /opt/airflow/dags/operationalData/details.xlsx
[2024-03-28T18:18:56.115+0000] {processor.py:183} INFO - Processing /opt/airflow/dags/operationalData/details.xlsx took 0.093 seconds
[2024-03-28T18:19:26.736+0000] {processor.py:161} INFO - Started process (PID=1217) to work on /opt/airflow/dags/operationalData/details.xlsx
[2024-03-28T18:19:26.739+0000] {processor.py:830} INFO - Processing file /opt/airflow/dags/operationalData/details.xlsx for tasks to queue
[2024-03-28T18:19:26.751+0000] {logging_mixin.py:188} INFO - [2024-03-28T18:19:26.750+0000] {dagbag.py:540} INFO - Filling up the DagBag from /opt/airflow/dags/operationalData/details.xlsx
[2024-03-28T18:19:26.786+0000] {processor.py:842} WARNING - No viable dags retrieved from /opt/airflow/dags/operationalData/details.xlsx
[2024-03-28T18:19:26.830+0000] {processor.py:183} INFO - Processing /opt/airflow/dags/operationalData/details.xlsx took 0.106 seconds
[2024-03-28T18:19:57.628+0000] {processor.py:161} INFO - Started process (PID=1230) to work on /opt/airflow/dags/operationalData/details.xlsx
[2024-03-28T18:19:57.633+0000] {processor.py:830} INFO - Processing file /opt/airflow/dags/operationalData/details.xlsx for tasks to queue
[2024-03-28T18:19:57.639+0000] {logging_mixin.py:188} INFO - [2024-03-28T18:19:57.638+0000] {dagbag.py:540} INFO - Filling up the DagBag from /opt/airflow/dags/operationalData/details.xlsx
[2024-03-28T18:19:57.669+0000] {processor.py:842} WARNING - No viable dags retrieved from /opt/airflow/dags/operationalData/details.xlsx
[2024-03-28T18:19:57.710+0000] {processor.py:183} INFO - Processing /opt/airflow/dags/operationalData/details.xlsx took 0.094 seconds
[2024-03-28T18:20:28.397+0000] {processor.py:161} INFO - Started process (PID=1243) to work on /opt/airflow/dags/operationalData/details.xlsx
[2024-03-28T18:20:28.400+0000] {processor.py:830} INFO - Processing file /opt/airflow/dags/operationalData/details.xlsx for tasks to queue
[2024-03-28T18:20:28.405+0000] {logging_mixin.py:188} INFO - [2024-03-28T18:20:28.405+0000] {dagbag.py:540} INFO - Filling up the DagBag from /opt/airflow/dags/operationalData/details.xlsx
[2024-03-28T18:20:28.441+0000] {processor.py:842} WARNING - No viable dags retrieved from /opt/airflow/dags/operationalData/details.xlsx
[2024-03-28T18:20:28.473+0000] {processor.py:183} INFO - Processing /opt/airflow/dags/operationalData/details.xlsx took 0.084 seconds
[2024-03-28T18:20:58.975+0000] {processor.py:161} INFO - Started process (PID=1256) to work on /opt/airflow/dags/operationalData/details.xlsx
[2024-03-28T18:20:58.977+0000] {processor.py:830} INFO - Processing file /opt/airflow/dags/operationalData/details.xlsx for tasks to queue
[2024-03-28T18:20:58.981+0000] {logging_mixin.py:188} INFO - [2024-03-28T18:20:58.981+0000] {dagbag.py:540} INFO - Filling up the DagBag from /opt/airflow/dags/operationalData/details.xlsx
[2024-03-28T18:20:59.016+0000] {processor.py:842} WARNING - No viable dags retrieved from /opt/airflow/dags/operationalData/details.xlsx
[2024-03-28T18:20:59.060+0000] {processor.py:183} INFO - Processing /opt/airflow/dags/operationalData/details.xlsx took 0.093 seconds
[2024-03-28T18:21:29.788+0000] {processor.py:161} INFO - Started process (PID=1269) to work on /opt/airflow/dags/operationalData/details.xlsx
[2024-03-28T18:21:29.795+0000] {processor.py:830} INFO - Processing file /opt/airflow/dags/operationalData/details.xlsx for tasks to queue
[2024-03-28T18:21:29.802+0000] {logging_mixin.py:188} INFO - [2024-03-28T18:21:29.801+0000] {dagbag.py:540} INFO - Filling up the DagBag from /opt/airflow/dags/operationalData/details.xlsx
[2024-03-28T18:21:29.860+0000] {processor.py:842} WARNING - No viable dags retrieved from /opt/airflow/dags/operationalData/details.xlsx
[2024-03-28T18:21:29.912+0000] {processor.py:183} INFO - Processing /opt/airflow/dags/operationalData/details.xlsx took 0.132 seconds
[2024-03-28T18:22:00.537+0000] {processor.py:161} INFO - Started process (PID=1282) to work on /opt/airflow/dags/operationalData/details.xlsx
[2024-03-28T18:22:00.539+0000] {processor.py:830} INFO - Processing file /opt/airflow/dags/operationalData/details.xlsx for tasks to queue
[2024-03-28T18:22:00.542+0000] {logging_mixin.py:188} INFO - [2024-03-28T18:22:00.542+0000] {dagbag.py:540} INFO - Filling up the DagBag from /opt/airflow/dags/operationalData/details.xlsx
[2024-03-28T18:22:00.574+0000] {processor.py:842} WARNING - No viable dags retrieved from /opt/airflow/dags/operationalData/details.xlsx
[2024-03-28T18:22:00.600+0000] {processor.py:183} INFO - Processing /opt/airflow/dags/operationalData/details.xlsx took 0.068 seconds
[2024-03-28T18:22:30.772+0000] {processor.py:161} INFO - Started process (PID=1293) to work on /opt/airflow/dags/operationalData/details.xlsx
[2024-03-28T18:22:30.774+0000] {processor.py:830} INFO - Processing file /opt/airflow/dags/operationalData/details.xlsx for tasks to queue
[2024-03-28T18:22:30.780+0000] {logging_mixin.py:188} INFO - [2024-03-28T18:22:30.779+0000] {dagbag.py:540} INFO - Filling up the DagBag from /opt/airflow/dags/operationalData/details.xlsx
[2024-03-28T18:22:30.816+0000] {processor.py:842} WARNING - No viable dags retrieved from /opt/airflow/dags/operationalData/details.xlsx
[2024-03-28T18:22:30.846+0000] {processor.py:183} INFO - Processing /opt/airflow/dags/operationalData/details.xlsx took 0.082 seconds
[2024-03-28T18:23:01.818+0000] {processor.py:161} INFO - Started process (PID=1306) to work on /opt/airflow/dags/operationalData/details.xlsx
[2024-03-28T18:23:01.824+0000] {processor.py:830} INFO - Processing file /opt/airflow/dags/operationalData/details.xlsx for tasks to queue
[2024-03-28T18:23:01.828+0000] {logging_mixin.py:188} INFO - [2024-03-28T18:23:01.828+0000] {dagbag.py:540} INFO - Filling up the DagBag from /opt/airflow/dags/operationalData/details.xlsx
[2024-03-28T18:23:01.867+0000] {processor.py:842} WARNING - No viable dags retrieved from /opt/airflow/dags/operationalData/details.xlsx
[2024-03-28T18:23:01.909+0000] {processor.py:183} INFO - Processing /opt/airflow/dags/operationalData/details.xlsx took 0.102 seconds
[2024-03-28T18:23:32.821+0000] {processor.py:161} INFO - Started process (PID=1319) to work on /opt/airflow/dags/operationalData/details.xlsx
[2024-03-28T18:23:32.825+0000] {processor.py:830} INFO - Processing file /opt/airflow/dags/operationalData/details.xlsx for tasks to queue
[2024-03-28T18:23:32.832+0000] {logging_mixin.py:188} INFO - [2024-03-28T18:23:32.831+0000] {dagbag.py:540} INFO - Filling up the DagBag from /opt/airflow/dags/operationalData/details.xlsx
[2024-03-28T18:23:32.874+0000] {processor.py:842} WARNING - No viable dags retrieved from /opt/airflow/dags/operationalData/details.xlsx
[2024-03-28T18:23:32.920+0000] {processor.py:183} INFO - Processing /opt/airflow/dags/operationalData/details.xlsx took 0.114 seconds
[2024-03-28T18:24:03.647+0000] {processor.py:161} INFO - Started process (PID=1332) to work on /opt/airflow/dags/operationalData/details.xlsx
[2024-03-28T18:24:03.655+0000] {processor.py:830} INFO - Processing file /opt/airflow/dags/operationalData/details.xlsx for tasks to queue
[2024-03-28T18:24:03.667+0000] {logging_mixin.py:188} INFO - [2024-03-28T18:24:03.666+0000] {dagbag.py:540} INFO - Filling up the DagBag from /opt/airflow/dags/operationalData/details.xlsx
[2024-03-28T18:24:03.742+0000] {processor.py:842} WARNING - No viable dags retrieved from /opt/airflow/dags/operationalData/details.xlsx
[2024-03-28T18:24:03.797+0000] {processor.py:183} INFO - Processing /opt/airflow/dags/operationalData/details.xlsx took 0.174 seconds
[2024-03-28T18:24:34.578+0000] {processor.py:161} INFO - Started process (PID=1345) to work on /opt/airflow/dags/operationalData/details.xlsx
[2024-03-28T18:24:34.581+0000] {processor.py:830} INFO - Processing file /opt/airflow/dags/operationalData/details.xlsx for tasks to queue
[2024-03-28T18:24:34.585+0000] {logging_mixin.py:188} INFO - [2024-03-28T18:24:34.585+0000] {dagbag.py:540} INFO - Filling up the DagBag from /opt/airflow/dags/operationalData/details.xlsx
[2024-03-28T18:24:34.625+0000] {processor.py:842} WARNING - No viable dags retrieved from /opt/airflow/dags/operationalData/details.xlsx
[2024-03-28T18:24:34.666+0000] {processor.py:183} INFO - Processing /opt/airflow/dags/operationalData/details.xlsx took 0.097 seconds
[2024-03-28T18:25:05.379+0000] {processor.py:161} INFO - Started process (PID=1358) to work on /opt/airflow/dags/operationalData/details.xlsx
[2024-03-28T18:25:05.382+0000] {processor.py:830} INFO - Processing file /opt/airflow/dags/operationalData/details.xlsx for tasks to queue
[2024-03-28T18:25:05.389+0000] {logging_mixin.py:188} INFO - [2024-03-28T18:25:05.388+0000] {dagbag.py:540} INFO - Filling up the DagBag from /opt/airflow/dags/operationalData/details.xlsx
[2024-03-28T18:25:05.421+0000] {processor.py:842} WARNING - No viable dags retrieved from /opt/airflow/dags/operationalData/details.xlsx
[2024-03-28T18:25:05.457+0000] {processor.py:183} INFO - Processing /opt/airflow/dags/operationalData/details.xlsx took 0.087 seconds
[2024-03-28T18:25:36.296+0000] {processor.py:161} INFO - Started process (PID=1371) to work on /opt/airflow/dags/operationalData/details.xlsx
[2024-03-28T18:25:36.298+0000] {processor.py:830} INFO - Processing file /opt/airflow/dags/operationalData/details.xlsx for tasks to queue
[2024-03-28T18:25:36.305+0000] {logging_mixin.py:188} INFO - [2024-03-28T18:25:36.304+0000] {dagbag.py:540} INFO - Filling up the DagBag from /opt/airflow/dags/operationalData/details.xlsx
[2024-03-28T18:25:36.338+0000] {processor.py:842} WARNING - No viable dags retrieved from /opt/airflow/dags/operationalData/details.xlsx
[2024-03-28T18:25:36.373+0000] {processor.py:183} INFO - Processing /opt/airflow/dags/operationalData/details.xlsx took 0.086 seconds
[2024-03-28T18:26:07.204+0000] {processor.py:161} INFO - Started process (PID=1384) to work on /opt/airflow/dags/operationalData/details.xlsx
[2024-03-28T18:26:07.207+0000] {processor.py:830} INFO - Processing file /opt/airflow/dags/operationalData/details.xlsx for tasks to queue
[2024-03-28T18:26:07.211+0000] {logging_mixin.py:188} INFO - [2024-03-28T18:26:07.211+0000] {dagbag.py:540} INFO - Filling up the DagBag from /opt/airflow/dags/operationalData/details.xlsx
[2024-03-28T18:26:07.248+0000] {processor.py:842} WARNING - No viable dags retrieved from /opt/airflow/dags/operationalData/details.xlsx
[2024-03-28T18:26:07.302+0000] {processor.py:183} INFO - Processing /opt/airflow/dags/operationalData/details.xlsx took 0.104 seconds
[2024-03-28T18:26:38.018+0000] {processor.py:161} INFO - Started process (PID=1397) to work on /opt/airflow/dags/operationalData/details.xlsx
[2024-03-28T18:26:38.022+0000] {processor.py:830} INFO - Processing file /opt/airflow/dags/operationalData/details.xlsx for tasks to queue
[2024-03-28T18:26:38.029+0000] {logging_mixin.py:188} INFO - [2024-03-28T18:26:38.028+0000] {dagbag.py:540} INFO - Filling up the DagBag from /opt/airflow/dags/operationalData/details.xlsx
[2024-03-28T18:26:38.065+0000] {processor.py:842} WARNING - No viable dags retrieved from /opt/airflow/dags/operationalData/details.xlsx
[2024-03-28T18:26:38.105+0000] {processor.py:183} INFO - Processing /opt/airflow/dags/operationalData/details.xlsx took 0.102 seconds
[2024-03-28T18:27:08.341+0000] {processor.py:161} INFO - Started process (PID=1410) to work on /opt/airflow/dags/operationalData/details.xlsx
[2024-03-28T18:27:08.346+0000] {processor.py:830} INFO - Processing file /opt/airflow/dags/operationalData/details.xlsx for tasks to queue
[2024-03-28T18:27:08.354+0000] {logging_mixin.py:188} INFO - [2024-03-28T18:27:08.353+0000] {dagbag.py:540} INFO - Filling up the DagBag from /opt/airflow/dags/operationalData/details.xlsx
[2024-03-28T18:27:08.388+0000] {processor.py:842} WARNING - No viable dags retrieved from /opt/airflow/dags/operationalData/details.xlsx
[2024-03-28T18:27:08.424+0000] {processor.py:183} INFO - Processing /opt/airflow/dags/operationalData/details.xlsx took 0.094 seconds
[2024-03-28T18:27:38.742+0000] {processor.py:161} INFO - Started process (PID=1423) to work on /opt/airflow/dags/operationalData/details.xlsx
[2024-03-28T18:27:38.745+0000] {processor.py:830} INFO - Processing file /opt/airflow/dags/operationalData/details.xlsx for tasks to queue
[2024-03-28T18:27:38.749+0000] {logging_mixin.py:188} INFO - [2024-03-28T18:27:38.748+0000] {dagbag.py:540} INFO - Filling up the DagBag from /opt/airflow/dags/operationalData/details.xlsx
[2024-03-28T18:27:38.787+0000] {processor.py:842} WARNING - No viable dags retrieved from /opt/airflow/dags/operationalData/details.xlsx
[2024-03-28T18:27:38.819+0000] {processor.py:183} INFO - Processing /opt/airflow/dags/operationalData/details.xlsx took 0.086 seconds
[2024-03-28T18:28:09.593+0000] {processor.py:161} INFO - Started process (PID=1436) to work on /opt/airflow/dags/operationalData/details.xlsx
[2024-03-28T18:28:09.596+0000] {processor.py:830} INFO - Processing file /opt/airflow/dags/operationalData/details.xlsx for tasks to queue
[2024-03-28T18:28:09.601+0000] {logging_mixin.py:188} INFO - [2024-03-28T18:28:09.601+0000] {dagbag.py:540} INFO - Filling up the DagBag from /opt/airflow/dags/operationalData/details.xlsx
[2024-03-28T18:28:09.639+0000] {processor.py:842} WARNING - No viable dags retrieved from /opt/airflow/dags/operationalData/details.xlsx
[2024-03-28T18:28:09.671+0000] {processor.py:183} INFO - Processing /opt/airflow/dags/operationalData/details.xlsx took 0.085 seconds
[2024-03-28T18:28:40.189+0000] {processor.py:161} INFO - Started process (PID=1449) to work on /opt/airflow/dags/operationalData/details.xlsx
[2024-03-28T18:28:40.192+0000] {processor.py:830} INFO - Processing file /opt/airflow/dags/operationalData/details.xlsx for tasks to queue
[2024-03-28T18:28:40.197+0000] {logging_mixin.py:188} INFO - [2024-03-28T18:28:40.196+0000] {dagbag.py:540} INFO - Filling up the DagBag from /opt/airflow/dags/operationalData/details.xlsx
[2024-03-28T18:28:40.236+0000] {processor.py:842} WARNING - No viable dags retrieved from /opt/airflow/dags/operationalData/details.xlsx
[2024-03-28T18:28:40.270+0000] {processor.py:183} INFO - Processing /opt/airflow/dags/operationalData/details.xlsx took 0.090 seconds
[2024-03-28T18:29:11.081+0000] {processor.py:161} INFO - Started process (PID=1462) to work on /opt/airflow/dags/operationalData/details.xlsx
[2024-03-28T18:29:11.084+0000] {processor.py:830} INFO - Processing file /opt/airflow/dags/operationalData/details.xlsx for tasks to queue
[2024-03-28T18:29:11.089+0000] {logging_mixin.py:188} INFO - [2024-03-28T18:29:11.089+0000] {dagbag.py:540} INFO - Filling up the DagBag from /opt/airflow/dags/operationalData/details.xlsx
[2024-03-28T18:29:11.124+0000] {processor.py:842} WARNING - No viable dags retrieved from /opt/airflow/dags/operationalData/details.xlsx
[2024-03-28T18:29:11.162+0000] {processor.py:183} INFO - Processing /opt/airflow/dags/operationalData/details.xlsx took 0.091 seconds
[2024-03-28T18:29:41.851+0000] {processor.py:161} INFO - Started process (PID=1475) to work on /opt/airflow/dags/operationalData/details.xlsx
[2024-03-28T18:29:41.854+0000] {processor.py:830} INFO - Processing file /opt/airflow/dags/operationalData/details.xlsx for tasks to queue
[2024-03-28T18:29:41.859+0000] {logging_mixin.py:188} INFO - [2024-03-28T18:29:41.858+0000] {dagbag.py:540} INFO - Filling up the DagBag from /opt/airflow/dags/operationalData/details.xlsx
[2024-03-28T18:29:41.895+0000] {processor.py:842} WARNING - No viable dags retrieved from /opt/airflow/dags/operationalData/details.xlsx
[2024-03-28T18:29:41.929+0000] {processor.py:183} INFO - Processing /opt/airflow/dags/operationalData/details.xlsx took 0.085 seconds
[2024-03-28T18:30:12.591+0000] {processor.py:161} INFO - Started process (PID=1488) to work on /opt/airflow/dags/operationalData/details.xlsx
[2024-03-28T18:30:12.594+0000] {processor.py:830} INFO - Processing file /opt/airflow/dags/operationalData/details.xlsx for tasks to queue
[2024-03-28T18:30:12.599+0000] {logging_mixin.py:188} INFO - [2024-03-28T18:30:12.598+0000] {dagbag.py:540} INFO - Filling up the DagBag from /opt/airflow/dags/operationalData/details.xlsx
[2024-03-28T18:30:12.635+0000] {processor.py:842} WARNING - No viable dags retrieved from /opt/airflow/dags/operationalData/details.xlsx
[2024-03-28T18:30:12.677+0000] {processor.py:183} INFO - Processing /opt/airflow/dags/operationalData/details.xlsx took 0.095 seconds
[2024-03-28T18:30:43.355+0000] {processor.py:161} INFO - Started process (PID=1501) to work on /opt/airflow/dags/operationalData/details.xlsx
[2024-03-28T18:30:43.358+0000] {processor.py:830} INFO - Processing file /opt/airflow/dags/operationalData/details.xlsx for tasks to queue
[2024-03-28T18:30:43.364+0000] {logging_mixin.py:188} INFO - [2024-03-28T18:30:43.363+0000] {dagbag.py:540} INFO - Filling up the DagBag from /opt/airflow/dags/operationalData/details.xlsx
[2024-03-28T18:30:43.394+0000] {processor.py:842} WARNING - No viable dags retrieved from /opt/airflow/dags/operationalData/details.xlsx
[2024-03-28T18:30:43.427+0000] {processor.py:183} INFO - Processing /opt/airflow/dags/operationalData/details.xlsx took 0.081 seconds
[2024-03-28T18:31:14.152+0000] {processor.py:161} INFO - Started process (PID=1514) to work on /opt/airflow/dags/operationalData/details.xlsx
[2024-03-28T18:31:14.158+0000] {processor.py:830} INFO - Processing file /opt/airflow/dags/operationalData/details.xlsx for tasks to queue
[2024-03-28T18:31:14.164+0000] {logging_mixin.py:188} INFO - [2024-03-28T18:31:14.163+0000] {dagbag.py:540} INFO - Filling up the DagBag from /opt/airflow/dags/operationalData/details.xlsx
[2024-03-28T18:31:14.199+0000] {processor.py:842} WARNING - No viable dags retrieved from /opt/airflow/dags/operationalData/details.xlsx
[2024-03-28T18:31:14.237+0000] {processor.py:183} INFO - Processing /opt/airflow/dags/operationalData/details.xlsx took 0.093 seconds
[2024-03-28T18:31:45.042+0000] {processor.py:161} INFO - Started process (PID=1527) to work on /opt/airflow/dags/operationalData/details.xlsx
[2024-03-28T18:31:45.045+0000] {processor.py:830} INFO - Processing file /opt/airflow/dags/operationalData/details.xlsx for tasks to queue
[2024-03-28T18:31:45.049+0000] {logging_mixin.py:188} INFO - [2024-03-28T18:31:45.049+0000] {dagbag.py:540} INFO - Filling up the DagBag from /opt/airflow/dags/operationalData/details.xlsx
[2024-03-28T18:31:45.086+0000] {processor.py:842} WARNING - No viable dags retrieved from /opt/airflow/dags/operationalData/details.xlsx
[2024-03-28T18:31:45.118+0000] {processor.py:183} INFO - Processing /opt/airflow/dags/operationalData/details.xlsx took 0.085 seconds
[2024-03-28T18:32:15.850+0000] {processor.py:161} INFO - Started process (PID=1540) to work on /opt/airflow/dags/operationalData/details.xlsx
[2024-03-28T18:32:15.853+0000] {processor.py:830} INFO - Processing file /opt/airflow/dags/operationalData/details.xlsx for tasks to queue
[2024-03-28T18:32:15.860+0000] {logging_mixin.py:188} INFO - [2024-03-28T18:32:15.859+0000] {dagbag.py:540} INFO - Filling up the DagBag from /opt/airflow/dags/operationalData/details.xlsx
[2024-03-28T18:32:15.895+0000] {processor.py:842} WARNING - No viable dags retrieved from /opt/airflow/dags/operationalData/details.xlsx
[2024-03-28T18:32:15.928+0000] {processor.py:183} INFO - Processing /opt/airflow/dags/operationalData/details.xlsx took 0.087 seconds
[2024-03-28T18:32:46.229+0000] {processor.py:161} INFO - Started process (PID=1553) to work on /opt/airflow/dags/operationalData/details.xlsx
[2024-03-28T18:32:46.233+0000] {processor.py:830} INFO - Processing file /opt/airflow/dags/operationalData/details.xlsx for tasks to queue
[2024-03-28T18:32:46.239+0000] {logging_mixin.py:188} INFO - [2024-03-28T18:32:46.238+0000] {dagbag.py:540} INFO - Filling up the DagBag from /opt/airflow/dags/operationalData/details.xlsx
[2024-03-28T18:32:46.272+0000] {processor.py:842} WARNING - No viable dags retrieved from /opt/airflow/dags/operationalData/details.xlsx
[2024-03-28T18:32:46.307+0000] {processor.py:183} INFO - Processing /opt/airflow/dags/operationalData/details.xlsx took 0.087 seconds
[2024-03-28T18:33:16.846+0000] {processor.py:161} INFO - Started process (PID=1566) to work on /opt/airflow/dags/operationalData/details.xlsx
[2024-03-28T18:33:16.849+0000] {processor.py:830} INFO - Processing file /opt/airflow/dags/operationalData/details.xlsx for tasks to queue
[2024-03-28T18:33:16.855+0000] {logging_mixin.py:188} INFO - [2024-03-28T18:33:16.854+0000] {dagbag.py:540} INFO - Filling up the DagBag from /opt/airflow/dags/operationalData/details.xlsx
[2024-03-28T18:33:16.892+0000] {processor.py:842} WARNING - No viable dags retrieved from /opt/airflow/dags/operationalData/details.xlsx
[2024-03-28T18:33:16.924+0000] {processor.py:183} INFO - Processing /opt/airflow/dags/operationalData/details.xlsx took 0.088 seconds
[2024-03-28T18:33:47.518+0000] {processor.py:161} INFO - Started process (PID=1579) to work on /opt/airflow/dags/operationalData/details.xlsx
[2024-03-28T18:33:47.521+0000] {processor.py:830} INFO - Processing file /opt/airflow/dags/operationalData/details.xlsx for tasks to queue
[2024-03-28T18:33:47.527+0000] {logging_mixin.py:188} INFO - [2024-03-28T18:33:47.526+0000] {dagbag.py:540} INFO - Filling up the DagBag from /opt/airflow/dags/operationalData/details.xlsx
[2024-03-28T18:33:47.561+0000] {processor.py:842} WARNING - No viable dags retrieved from /opt/airflow/dags/operationalData/details.xlsx
[2024-03-28T18:33:47.593+0000] {processor.py:183} INFO - Processing /opt/airflow/dags/operationalData/details.xlsx took 0.083 seconds
[2024-03-28T18:34:18.225+0000] {processor.py:161} INFO - Started process (PID=1592) to work on /opt/airflow/dags/operationalData/details.xlsx
[2024-03-28T18:34:18.233+0000] {processor.py:830} INFO - Processing file /opt/airflow/dags/operationalData/details.xlsx for tasks to queue
[2024-03-28T18:34:18.238+0000] {logging_mixin.py:188} INFO - [2024-03-28T18:34:18.237+0000] {dagbag.py:540} INFO - Filling up the DagBag from /opt/airflow/dags/operationalData/details.xlsx
[2024-03-28T18:34:18.268+0000] {processor.py:842} WARNING - No viable dags retrieved from /opt/airflow/dags/operationalData/details.xlsx
[2024-03-28T18:34:18.300+0000] {processor.py:183} INFO - Processing /opt/airflow/dags/operationalData/details.xlsx took 0.085 seconds
[2024-03-28T18:34:49.035+0000] {processor.py:161} INFO - Started process (PID=1605) to work on /opt/airflow/dags/operationalData/details.xlsx
[2024-03-28T18:34:49.037+0000] {processor.py:830} INFO - Processing file /opt/airflow/dags/operationalData/details.xlsx for tasks to queue
[2024-03-28T18:34:49.042+0000] {logging_mixin.py:188} INFO - [2024-03-28T18:34:49.041+0000] {dagbag.py:540} INFO - Filling up the DagBag from /opt/airflow/dags/operationalData/details.xlsx
[2024-03-28T18:34:49.078+0000] {processor.py:842} WARNING - No viable dags retrieved from /opt/airflow/dags/operationalData/details.xlsx
[2024-03-28T18:34:49.112+0000] {processor.py:183} INFO - Processing /opt/airflow/dags/operationalData/details.xlsx took 0.085 seconds
[2024-03-28T18:35:19.739+0000] {processor.py:161} INFO - Started process (PID=1618) to work on /opt/airflow/dags/operationalData/details.xlsx
[2024-03-28T18:35:19.741+0000] {processor.py:830} INFO - Processing file /opt/airflow/dags/operationalData/details.xlsx for tasks to queue
[2024-03-28T18:35:19.746+0000] {logging_mixin.py:188} INFO - [2024-03-28T18:35:19.745+0000] {dagbag.py:540} INFO - Filling up the DagBag from /opt/airflow/dags/operationalData/details.xlsx
[2024-03-28T18:35:19.785+0000] {processor.py:842} WARNING - No viable dags retrieved from /opt/airflow/dags/operationalData/details.xlsx
[2024-03-28T18:35:19.819+0000] {processor.py:183} INFO - Processing /opt/airflow/dags/operationalData/details.xlsx took 0.088 seconds
[2024-03-28T18:35:50.358+0000] {processor.py:161} INFO - Started process (PID=1631) to work on /opt/airflow/dags/operationalData/details.xlsx
[2024-03-28T18:35:50.362+0000] {processor.py:830} INFO - Processing file /opt/airflow/dags/operationalData/details.xlsx for tasks to queue
[2024-03-28T18:35:50.370+0000] {logging_mixin.py:188} INFO - [2024-03-28T18:35:50.369+0000] {dagbag.py:540} INFO - Filling up the DagBag from /opt/airflow/dags/operationalData/details.xlsx
[2024-03-28T18:35:50.404+0000] {processor.py:842} WARNING - No viable dags retrieved from /opt/airflow/dags/operationalData/details.xlsx
[2024-03-28T18:35:50.441+0000] {processor.py:183} INFO - Processing /opt/airflow/dags/operationalData/details.xlsx took 0.096 seconds
[2024-03-28T18:36:20.934+0000] {processor.py:161} INFO - Started process (PID=1644) to work on /opt/airflow/dags/operationalData/details.xlsx
[2024-03-28T18:36:20.937+0000] {processor.py:830} INFO - Processing file /opt/airflow/dags/operationalData/details.xlsx for tasks to queue
[2024-03-28T18:36:20.941+0000] {logging_mixin.py:188} INFO - [2024-03-28T18:36:20.940+0000] {dagbag.py:540} INFO - Filling up the DagBag from /opt/airflow/dags/operationalData/details.xlsx
[2024-03-28T18:36:20.977+0000] {processor.py:842} WARNING - No viable dags retrieved from /opt/airflow/dags/operationalData/details.xlsx
[2024-03-28T18:36:21.017+0000] {processor.py:183} INFO - Processing /opt/airflow/dags/operationalData/details.xlsx took 0.090 seconds
[2024-03-28T18:36:51.702+0000] {processor.py:161} INFO - Started process (PID=1657) to work on /opt/airflow/dags/operationalData/details.xlsx
[2024-03-28T18:36:51.704+0000] {processor.py:830} INFO - Processing file /opt/airflow/dags/operationalData/details.xlsx for tasks to queue
[2024-03-28T18:36:51.709+0000] {logging_mixin.py:188} INFO - [2024-03-28T18:36:51.708+0000] {dagbag.py:540} INFO - Filling up the DagBag from /opt/airflow/dags/operationalData/details.xlsx
[2024-03-28T18:36:51.745+0000] {processor.py:842} WARNING - No viable dags retrieved from /opt/airflow/dags/operationalData/details.xlsx
[2024-03-28T18:36:51.777+0000] {processor.py:183} INFO - Processing /opt/airflow/dags/operationalData/details.xlsx took 0.084 seconds
[2024-03-28T18:37:22.463+0000] {processor.py:161} INFO - Started process (PID=1669) to work on /opt/airflow/dags/operationalData/details.xlsx
[2024-03-28T18:37:22.467+0000] {processor.py:830} INFO - Processing file /opt/airflow/dags/operationalData/details.xlsx for tasks to queue
[2024-03-28T18:37:22.475+0000] {logging_mixin.py:188} INFO - [2024-03-28T18:37:22.474+0000] {dagbag.py:540} INFO - Filling up the DagBag from /opt/airflow/dags/operationalData/details.xlsx
[2024-03-28T18:37:22.515+0000] {processor.py:842} WARNING - No viable dags retrieved from /opt/airflow/dags/operationalData/details.xlsx
[2024-03-28T18:37:22.560+0000] {processor.py:183} INFO - Processing /opt/airflow/dags/operationalData/details.xlsx took 0.109 seconds
[2024-03-28T18:37:53.574+0000] {processor.py:161} INFO - Started process (PID=1687) to work on /opt/airflow/dags/operationalData/details.xlsx
[2024-03-28T18:37:53.576+0000] {processor.py:830} INFO - Processing file /opt/airflow/dags/operationalData/details.xlsx for tasks to queue
[2024-03-28T18:37:53.582+0000] {logging_mixin.py:188} INFO - [2024-03-28T18:37:53.581+0000] {dagbag.py:540} INFO - Filling up the DagBag from /opt/airflow/dags/operationalData/details.xlsx
[2024-03-28T18:37:53.607+0000] {processor.py:842} WARNING - No viable dags retrieved from /opt/airflow/dags/operationalData/details.xlsx
[2024-03-28T18:37:53.644+0000] {processor.py:183} INFO - Processing /opt/airflow/dags/operationalData/details.xlsx took 0.083 seconds
[2024-03-28T18:38:24.483+0000] {processor.py:161} INFO - Started process (PID=1700) to work on /opt/airflow/dags/operationalData/details.xlsx
[2024-03-28T18:38:24.487+0000] {processor.py:830} INFO - Processing file /opt/airflow/dags/operationalData/details.xlsx for tasks to queue
[2024-03-28T18:38:24.494+0000] {logging_mixin.py:188} INFO - [2024-03-28T18:38:24.493+0000] {dagbag.py:540} INFO - Filling up the DagBag from /opt/airflow/dags/operationalData/details.xlsx
[2024-03-28T18:38:24.537+0000] {processor.py:842} WARNING - No viable dags retrieved from /opt/airflow/dags/operationalData/details.xlsx
[2024-03-28T18:38:24.590+0000] {processor.py:183} INFO - Processing /opt/airflow/dags/operationalData/details.xlsx took 0.118 seconds
