[2024-03-28T17:27:34.502+0000] {processor.py:161} INFO - Started process (PID=17371) to work on /opt/airflow/dags/operationalData/employees.xlsx
[2024-03-28T17:27:34.527+0000] {processor.py:830} INFO - Processing file /opt/airflow/dags/operationalData/employees.xlsx for tasks to queue
[2024-03-28T17:27:34.578+0000] {logging_mixin.py:188} INFO - [2024-03-28T17:27:34.572+0000] {dagbag.py:540} INFO - Filling up the DagBag from /opt/airflow/dags/operationalData/employees.xlsx
[2024-03-28T17:27:34.680+0000] {processor.py:842} WARNING - No viable dags retrieved from /opt/airflow/dags/operationalData/employees.xlsx
[2024-03-28T17:27:35.453+0000] {processor.py:183} INFO - Processing /opt/airflow/dags/operationalData/employees.xlsx took 1.170 seconds
[2024-03-28T17:28:52.578+0000] {processor.py:161} INFO - Started process (PID=41) to work on /opt/airflow/dags/operationalData/employees.xlsx
[2024-03-28T17:28:52.591+0000] {processor.py:830} INFO - Processing file /opt/airflow/dags/operationalData/employees.xlsx for tasks to queue
[2024-03-28T17:28:52.614+0000] {logging_mixin.py:188} INFO - [2024-03-28T17:28:52.611+0000] {dagbag.py:540} INFO - Filling up the DagBag from /opt/airflow/dags/operationalData/employees.xlsx
[2024-03-28T17:28:52.661+0000] {processor.py:842} WARNING - No viable dags retrieved from /opt/airflow/dags/operationalData/employees.xlsx
[2024-03-28T17:28:52.718+0000] {processor.py:183} INFO - Processing /opt/airflow/dags/operationalData/employees.xlsx took 0.179 seconds
[2024-03-28T17:29:22.947+0000] {processor.py:161} INFO - Started process (PID=53) to work on /opt/airflow/dags/operationalData/employees.xlsx
[2024-03-28T17:29:22.951+0000] {processor.py:830} INFO - Processing file /opt/airflow/dags/operationalData/employees.xlsx for tasks to queue
[2024-03-28T17:29:22.960+0000] {logging_mixin.py:188} INFO - [2024-03-28T17:29:22.959+0000] {dagbag.py:540} INFO - Filling up the DagBag from /opt/airflow/dags/operationalData/employees.xlsx
[2024-03-28T17:29:23.001+0000] {processor.py:842} WARNING - No viable dags retrieved from /opt/airflow/dags/operationalData/employees.xlsx
[2024-03-28T17:29:23.050+0000] {processor.py:183} INFO - Processing /opt/airflow/dags/operationalData/employees.xlsx took 0.112 seconds
[2024-03-28T17:29:53.231+0000] {processor.py:161} INFO - Started process (PID=66) to work on /opt/airflow/dags/operationalData/employees.xlsx
[2024-03-28T17:29:53.234+0000] {processor.py:830} INFO - Processing file /opt/airflow/dags/operationalData/employees.xlsx for tasks to queue
[2024-03-28T17:29:53.239+0000] {logging_mixin.py:188} INFO - [2024-03-28T17:29:53.237+0000] {dagbag.py:540} INFO - Filling up the DagBag from /opt/airflow/dags/operationalData/employees.xlsx
[2024-03-28T17:29:53.271+0000] {processor.py:842} WARNING - No viable dags retrieved from /opt/airflow/dags/operationalData/employees.xlsx
[2024-03-28T17:29:53.305+0000] {processor.py:183} INFO - Processing /opt/airflow/dags/operationalData/employees.xlsx took 0.089 seconds
[2024-03-28T17:30:23.727+0000] {processor.py:161} INFO - Started process (PID=79) to work on /opt/airflow/dags/operationalData/employees.xlsx
[2024-03-28T17:30:23.732+0000] {processor.py:830} INFO - Processing file /opt/airflow/dags/operationalData/employees.xlsx for tasks to queue
[2024-03-28T17:30:23.740+0000] {logging_mixin.py:188} INFO - [2024-03-28T17:30:23.739+0000] {dagbag.py:540} INFO - Filling up the DagBag from /opt/airflow/dags/operationalData/employees.xlsx
[2024-03-28T17:30:23.772+0000] {processor.py:842} WARNING - No viable dags retrieved from /opt/airflow/dags/operationalData/employees.xlsx
[2024-03-28T17:30:23.813+0000] {processor.py:183} INFO - Processing /opt/airflow/dags/operationalData/employees.xlsx took 0.096 seconds
[2024-03-28T17:30:54.560+0000] {processor.py:161} INFO - Started process (PID=92) to work on /opt/airflow/dags/operationalData/employees.xlsx
[2024-03-28T17:30:54.562+0000] {processor.py:830} INFO - Processing file /opt/airflow/dags/operationalData/employees.xlsx for tasks to queue
[2024-03-28T17:30:54.566+0000] {logging_mixin.py:188} INFO - [2024-03-28T17:30:54.566+0000] {dagbag.py:540} INFO - Filling up the DagBag from /opt/airflow/dags/operationalData/employees.xlsx
[2024-03-28T17:30:54.602+0000] {processor.py:842} WARNING - No viable dags retrieved from /opt/airflow/dags/operationalData/employees.xlsx
[2024-03-28T17:30:54.628+0000] {processor.py:183} INFO - Processing /opt/airflow/dags/operationalData/employees.xlsx took 0.075 seconds
[2024-03-28T17:31:24.773+0000] {processor.py:161} INFO - Started process (PID=105) to work on /opt/airflow/dags/operationalData/employees.xlsx
[2024-03-28T17:31:24.776+0000] {processor.py:830} INFO - Processing file /opt/airflow/dags/operationalData/employees.xlsx for tasks to queue
[2024-03-28T17:31:24.781+0000] {logging_mixin.py:188} INFO - [2024-03-28T17:31:24.780+0000] {dagbag.py:540} INFO - Filling up the DagBag from /opt/airflow/dags/operationalData/employees.xlsx
[2024-03-28T17:31:24.815+0000] {processor.py:842} WARNING - No viable dags retrieved from /opt/airflow/dags/operationalData/employees.xlsx
[2024-03-28T17:31:24.847+0000] {processor.py:183} INFO - Processing /opt/airflow/dags/operationalData/employees.xlsx took 0.082 seconds
[2024-03-28T17:31:55.080+0000] {processor.py:161} INFO - Started process (PID=118) to work on /opt/airflow/dags/operationalData/employees.xlsx
[2024-03-28T17:31:55.082+0000] {processor.py:830} INFO - Processing file /opt/airflow/dags/operationalData/employees.xlsx for tasks to queue
[2024-03-28T17:31:55.087+0000] {logging_mixin.py:188} INFO - [2024-03-28T17:31:55.086+0000] {dagbag.py:540} INFO - Filling up the DagBag from /opt/airflow/dags/operationalData/employees.xlsx
[2024-03-28T17:31:55.123+0000] {processor.py:842} WARNING - No viable dags retrieved from /opt/airflow/dags/operationalData/employees.xlsx
[2024-03-28T17:31:55.151+0000] {processor.py:183} INFO - Processing /opt/airflow/dags/operationalData/employees.xlsx took 0.079 seconds
[2024-03-28T17:32:26.056+0000] {processor.py:830} INFO - Processing file /opt/airflow/dags/operationalData/employees.xlsx for tasks to queue
[2024-03-28T17:32:26.061+0000] {logging_mixin.py:188} INFO - [2024-03-28T17:32:26.061+0000] {dagbag.py:540} INFO - Filling up the DagBag from /opt/airflow/dags/operationalData/employees.xlsx
[2024-03-28T17:32:26.097+0000] {processor.py:842} WARNING - No viable dags retrieved from /opt/airflow/dags/operationalData/employees.xlsx
[2024-03-28T17:32:26.130+0000] {processor.py:183} INFO - Processing /opt/airflow/dags/operationalData/employees.xlsx took 0.086 seconds
[2024-03-28T17:32:57.008+0000] {processor.py:161} INFO - Started process (PID=144) to work on /opt/airflow/dags/operationalData/employees.xlsx
[2024-03-28T17:32:57.011+0000] {processor.py:830} INFO - Processing file /opt/airflow/dags/operationalData/employees.xlsx for tasks to queue
[2024-03-28T17:32:57.014+0000] {logging_mixin.py:188} INFO - [2024-03-28T17:32:57.014+0000] {dagbag.py:540} INFO - Filling up the DagBag from /opt/airflow/dags/operationalData/employees.xlsx
[2024-03-28T17:32:57.046+0000] {processor.py:842} WARNING - No viable dags retrieved from /opt/airflow/dags/operationalData/employees.xlsx
[2024-03-28T17:32:57.079+0000] {processor.py:183} INFO - Processing /opt/airflow/dags/operationalData/employees.xlsx took 0.077 seconds
[2024-03-28T17:33:27.533+0000] {processor.py:161} INFO - Started process (PID=157) to work on /opt/airflow/dags/operationalData/employees.xlsx
[2024-03-28T17:33:27.537+0000] {processor.py:830} INFO - Processing file /opt/airflow/dags/operationalData/employees.xlsx for tasks to queue
[2024-03-28T17:33:27.542+0000] {logging_mixin.py:188} INFO - [2024-03-28T17:33:27.541+0000] {dagbag.py:540} INFO - Filling up the DagBag from /opt/airflow/dags/operationalData/employees.xlsx
[2024-03-28T17:33:27.587+0000] {processor.py:842} WARNING - No viable dags retrieved from /opt/airflow/dags/operationalData/employees.xlsx
[2024-03-28T17:33:27.623+0000] {processor.py:183} INFO - Processing /opt/airflow/dags/operationalData/employees.xlsx took 0.098 seconds
[2024-03-28T17:33:58.126+0000] {processor.py:161} INFO - Started process (PID=170) to work on /opt/airflow/dags/operationalData/employees.xlsx
[2024-03-28T17:33:58.130+0000] {processor.py:830} INFO - Processing file /opt/airflow/dags/operationalData/employees.xlsx for tasks to queue
[2024-03-28T17:33:58.138+0000] {logging_mixin.py:188} INFO - [2024-03-28T17:33:58.136+0000] {dagbag.py:540} INFO - Filling up the DagBag from /opt/airflow/dags/operationalData/employees.xlsx
[2024-03-28T17:33:58.171+0000] {processor.py:842} WARNING - No viable dags retrieved from /opt/airflow/dags/operationalData/employees.xlsx
[2024-03-28T17:33:58.212+0000] {processor.py:183} INFO - Processing /opt/airflow/dags/operationalData/employees.xlsx took 0.097 seconds
[2024-03-28T17:34:28.962+0000] {processor.py:161} INFO - Started process (PID=183) to work on /opt/airflow/dags/operationalData/employees.xlsx
[2024-03-28T17:34:28.965+0000] {processor.py:830} INFO - Processing file /opt/airflow/dags/operationalData/employees.xlsx for tasks to queue
[2024-03-28T17:34:28.970+0000] {logging_mixin.py:188} INFO - [2024-03-28T17:34:28.969+0000] {dagbag.py:540} INFO - Filling up the DagBag from /opt/airflow/dags/operationalData/employees.xlsx
[2024-03-28T17:34:29.010+0000] {processor.py:842} WARNING - No viable dags retrieved from /opt/airflow/dags/operationalData/employees.xlsx
[2024-03-28T17:34:29.046+0000] {processor.py:183} INFO - Processing /opt/airflow/dags/operationalData/employees.xlsx took 0.092 seconds
[2024-03-28T17:34:59.820+0000] {processor.py:161} INFO - Started process (PID=196) to work on /opt/airflow/dags/operationalData/employees.xlsx
[2024-03-28T17:34:59.822+0000] {processor.py:830} INFO - Processing file /opt/airflow/dags/operationalData/employees.xlsx for tasks to queue
[2024-03-28T17:34:59.825+0000] {logging_mixin.py:188} INFO - [2024-03-28T17:34:59.825+0000] {dagbag.py:540} INFO - Filling up the DagBag from /opt/airflow/dags/operationalData/employees.xlsx
[2024-03-28T17:34:59.855+0000] {processor.py:842} WARNING - No viable dags retrieved from /opt/airflow/dags/operationalData/employees.xlsx
[2024-03-28T17:34:59.883+0000] {processor.py:183} INFO - Processing /opt/airflow/dags/operationalData/employees.xlsx took 0.070 seconds
[2024-03-28T17:35:30.746+0000] {processor.py:161} INFO - Started process (PID=209) to work on /opt/airflow/dags/operationalData/employees.xlsx
[2024-03-28T17:35:30.750+0000] {processor.py:830} INFO - Processing file /opt/airflow/dags/operationalData/employees.xlsx for tasks to queue
[2024-03-28T17:35:30.754+0000] {logging_mixin.py:188} INFO - [2024-03-28T17:35:30.753+0000] {dagbag.py:540} INFO - Filling up the DagBag from /opt/airflow/dags/operationalData/employees.xlsx
[2024-03-28T17:35:30.787+0000] {processor.py:842} WARNING - No viable dags retrieved from /opt/airflow/dags/operationalData/employees.xlsx
[2024-03-28T17:35:30.818+0000] {processor.py:183} INFO - Processing /opt/airflow/dags/operationalData/employees.xlsx took 0.081 seconds
[2024-03-28T17:36:01.609+0000] {processor.py:161} INFO - Started process (PID=222) to work on /opt/airflow/dags/operationalData/employees.xlsx
[2024-03-28T17:36:01.612+0000] {processor.py:830} INFO - Processing file /opt/airflow/dags/operationalData/employees.xlsx for tasks to queue
[2024-03-28T17:36:01.617+0000] {logging_mixin.py:188} INFO - [2024-03-28T17:36:01.616+0000] {dagbag.py:540} INFO - Filling up the DagBag from /opt/airflow/dags/operationalData/employees.xlsx
[2024-03-28T17:36:01.652+0000] {processor.py:842} WARNING - No viable dags retrieved from /opt/airflow/dags/operationalData/employees.xlsx
[2024-03-28T17:36:01.678+0000] {processor.py:183} INFO - Processing /opt/airflow/dags/operationalData/employees.xlsx took 0.078 seconds
[2024-03-28T17:36:32.439+0000] {processor.py:161} INFO - Started process (PID=235) to work on /opt/airflow/dags/operationalData/employees.xlsx
[2024-03-28T17:36:32.441+0000] {processor.py:830} INFO - Processing file /opt/airflow/dags/operationalData/employees.xlsx for tasks to queue
[2024-03-28T17:36:32.445+0000] {logging_mixin.py:188} INFO - [2024-03-28T17:36:32.444+0000] {dagbag.py:540} INFO - Filling up the DagBag from /opt/airflow/dags/operationalData/employees.xlsx
[2024-03-28T17:36:32.480+0000] {processor.py:842} WARNING - No viable dags retrieved from /opt/airflow/dags/operationalData/employees.xlsx
[2024-03-28T17:36:32.512+0000] {processor.py:183} INFO - Processing /opt/airflow/dags/operationalData/employees.xlsx took 0.079 seconds
[2024-03-28T17:37:03.336+0000] {processor.py:161} INFO - Started process (PID=248) to work on /opt/airflow/dags/operationalData/employees.xlsx
[2024-03-28T17:37:03.338+0000] {processor.py:830} INFO - Processing file /opt/airflow/dags/operationalData/employees.xlsx for tasks to queue
[2024-03-28T17:37:03.344+0000] {logging_mixin.py:188} INFO - [2024-03-28T17:37:03.343+0000] {dagbag.py:540} INFO - Filling up the DagBag from /opt/airflow/dags/operationalData/employees.xlsx
[2024-03-28T17:37:03.383+0000] {processor.py:842} WARNING - No viable dags retrieved from /opt/airflow/dags/operationalData/employees.xlsx
[2024-03-28T17:37:03.417+0000] {processor.py:183} INFO - Processing /opt/airflow/dags/operationalData/employees.xlsx took 0.088 seconds
[2024-03-28T17:37:34.093+0000] {processor.py:161} INFO - Started process (PID=261) to work on /opt/airflow/dags/operationalData/employees.xlsx
[2024-03-28T17:37:34.096+0000] {processor.py:830} INFO - Processing file /opt/airflow/dags/operationalData/employees.xlsx for tasks to queue
[2024-03-28T17:37:34.100+0000] {logging_mixin.py:188} INFO - [2024-03-28T17:37:34.100+0000] {dagbag.py:540} INFO - Filling up the DagBag from /opt/airflow/dags/operationalData/employees.xlsx
[2024-03-28T17:37:34.140+0000] {processor.py:842} WARNING - No viable dags retrieved from /opt/airflow/dags/operationalData/employees.xlsx
[2024-03-28T17:37:34.174+0000] {processor.py:183} INFO - Processing /opt/airflow/dags/operationalData/employees.xlsx took 0.091 seconds
[2024-03-28T17:42:31.308+0000] {processor.py:161} INFO - Started process (PID=273) to work on /opt/airflow/dags/operationalData/employees.xlsx
[2024-03-28T17:42:31.317+0000] {processor.py:830} INFO - Processing file /opt/airflow/dags/operationalData/employees.xlsx for tasks to queue
[2024-03-28T17:42:31.336+0000] {logging_mixin.py:188} INFO - [2024-03-28T17:42:31.334+0000] {dagbag.py:540} INFO - Filling up the DagBag from /opt/airflow/dags/operationalData/employees.xlsx
[2024-03-28T17:42:31.393+0000] {processor.py:842} WARNING - No viable dags retrieved from /opt/airflow/dags/operationalData/employees.xlsx
[2024-03-28T17:42:32.015+0000] {processor.py:183} INFO - Processing /opt/airflow/dags/operationalData/employees.xlsx took 0.757 seconds
[2024-03-28T17:43:02.592+0000] {processor.py:161} INFO - Started process (PID=285) to work on /opt/airflow/dags/operationalData/employees.xlsx
[2024-03-28T17:43:02.612+0000] {processor.py:830} INFO - Processing file /opt/airflow/dags/operationalData/employees.xlsx for tasks to queue
[2024-03-28T17:43:02.639+0000] {logging_mixin.py:188} INFO - [2024-03-28T17:43:02.637+0000] {dagbag.py:540} INFO - Filling up the DagBag from /opt/airflow/dags/operationalData/employees.xlsx
[2024-03-28T17:43:02.684+0000] {processor.py:842} WARNING - No viable dags retrieved from /opt/airflow/dags/operationalData/employees.xlsx
[2024-03-28T17:43:02.771+0000] {processor.py:183} INFO - Processing /opt/airflow/dags/operationalData/employees.xlsx took 0.211 seconds
[2024-03-28T17:43:33.675+0000] {processor.py:161} INFO - Started process (PID=298) to work on /opt/airflow/dags/operationalData/employees.xlsx
[2024-03-28T17:43:33.680+0000] {processor.py:830} INFO - Processing file /opt/airflow/dags/operationalData/employees.xlsx for tasks to queue
[2024-03-28T17:43:33.690+0000] {logging_mixin.py:188} INFO - [2024-03-28T17:43:33.689+0000] {dagbag.py:540} INFO - Filling up the DagBag from /opt/airflow/dags/operationalData/employees.xlsx
[2024-03-28T17:43:33.735+0000] {processor.py:842} WARNING - No viable dags retrieved from /opt/airflow/dags/operationalData/employees.xlsx
[2024-03-28T17:43:33.799+0000] {processor.py:183} INFO - Processing /opt/airflow/dags/operationalData/employees.xlsx took 0.139 seconds
[2024-03-28T17:44:04.285+0000] {processor.py:161} INFO - Started process (PID=311) to work on /opt/airflow/dags/operationalData/employees.xlsx
[2024-03-28T17:44:04.287+0000] {processor.py:830} INFO - Processing file /opt/airflow/dags/operationalData/employees.xlsx for tasks to queue
[2024-03-28T17:44:04.292+0000] {logging_mixin.py:188} INFO - [2024-03-28T17:44:04.291+0000] {dagbag.py:540} INFO - Filling up the DagBag from /opt/airflow/dags/operationalData/employees.xlsx
[2024-03-28T17:44:04.330+0000] {processor.py:842} WARNING - No viable dags retrieved from /opt/airflow/dags/operationalData/employees.xlsx
[2024-03-28T17:44:04.364+0000] {processor.py:183} INFO - Processing /opt/airflow/dags/operationalData/employees.xlsx took 0.086 seconds
[2024-03-28T17:44:34.735+0000] {processor.py:161} INFO - Started process (PID=324) to work on /opt/airflow/dags/operationalData/employees.xlsx
[2024-03-28T17:44:34.738+0000] {processor.py:830} INFO - Processing file /opt/airflow/dags/operationalData/employees.xlsx for tasks to queue
[2024-03-28T17:44:34.745+0000] {logging_mixin.py:188} INFO - [2024-03-28T17:44:34.744+0000] {dagbag.py:540} INFO - Filling up the DagBag from /opt/airflow/dags/operationalData/employees.xlsx
[2024-03-28T17:44:34.778+0000] {processor.py:842} WARNING - No viable dags retrieved from /opt/airflow/dags/operationalData/employees.xlsx
[2024-03-28T17:44:34.815+0000] {processor.py:183} INFO - Processing /opt/airflow/dags/operationalData/employees.xlsx took 0.092 seconds
[2024-03-28T17:45:05.421+0000] {processor.py:161} INFO - Started process (PID=336) to work on /opt/airflow/dags/operationalData/employees.xlsx
[2024-03-28T17:45:05.424+0000] {processor.py:830} INFO - Processing file /opt/airflow/dags/operationalData/employees.xlsx for tasks to queue
[2024-03-28T17:45:05.429+0000] {logging_mixin.py:188} INFO - [2024-03-28T17:45:05.429+0000] {dagbag.py:540} INFO - Filling up the DagBag from /opt/airflow/dags/operationalData/employees.xlsx
[2024-03-28T17:45:05.468+0000] {processor.py:842} WARNING - No viable dags retrieved from /opt/airflow/dags/operationalData/employees.xlsx
[2024-03-28T17:45:05.505+0000] {processor.py:183} INFO - Processing /opt/airflow/dags/operationalData/employees.xlsx took 0.092 seconds
[2024-03-28T17:45:36.149+0000] {processor.py:161} INFO - Started process (PID=349) to work on /opt/airflow/dags/operationalData/employees.xlsx
[2024-03-28T17:45:36.152+0000] {processor.py:830} INFO - Processing file /opt/airflow/dags/operationalData/employees.xlsx for tasks to queue
[2024-03-28T17:45:36.158+0000] {logging_mixin.py:188} INFO - [2024-03-28T17:45:36.157+0000] {dagbag.py:540} INFO - Filling up the DagBag from /opt/airflow/dags/operationalData/employees.xlsx
[2024-03-28T17:45:36.191+0000] {processor.py:842} WARNING - No viable dags retrieved from /opt/airflow/dags/operationalData/employees.xlsx
[2024-03-28T17:45:36.222+0000] {processor.py:183} INFO - Processing /opt/airflow/dags/operationalData/employees.xlsx took 0.081 seconds
[2024-03-28T17:46:06.631+0000] {processor.py:161} INFO - Started process (PID=362) to work on /opt/airflow/dags/operationalData/employees.xlsx
[2024-03-28T17:46:06.634+0000] {processor.py:830} INFO - Processing file /opt/airflow/dags/operationalData/employees.xlsx for tasks to queue
[2024-03-28T17:46:06.639+0000] {logging_mixin.py:188} INFO - [2024-03-28T17:46:06.639+0000] {dagbag.py:540} INFO - Filling up the DagBag from /opt/airflow/dags/operationalData/employees.xlsx
[2024-03-28T17:46:06.677+0000] {processor.py:842} WARNING - No viable dags retrieved from /opt/airflow/dags/operationalData/employees.xlsx
[2024-03-28T17:46:06.710+0000] {processor.py:183} INFO - Processing /opt/airflow/dags/operationalData/employees.xlsx took 0.091 seconds
[2024-03-28T17:46:37.533+0000] {processor.py:161} INFO - Started process (PID=375) to work on /opt/airflow/dags/operationalData/employees.xlsx
[2024-03-28T17:46:37.536+0000] {processor.py:830} INFO - Processing file /opt/airflow/dags/operationalData/employees.xlsx for tasks to queue
[2024-03-28T17:46:37.541+0000] {logging_mixin.py:188} INFO - [2024-03-28T17:46:37.540+0000] {dagbag.py:540} INFO - Filling up the DagBag from /opt/airflow/dags/operationalData/employees.xlsx
[2024-03-28T17:46:37.576+0000] {processor.py:842} WARNING - No viable dags retrieved from /opt/airflow/dags/operationalData/employees.xlsx
[2024-03-28T17:46:37.604+0000] {processor.py:183} INFO - Processing /opt/airflow/dags/operationalData/employees.xlsx took 0.077 seconds
[2024-03-28T17:47:07.814+0000] {processor.py:161} INFO - Started process (PID=388) to work on /opt/airflow/dags/operationalData/employees.xlsx
[2024-03-28T17:47:07.816+0000] {processor.py:830} INFO - Processing file /opt/airflow/dags/operationalData/employees.xlsx for tasks to queue
[2024-03-28T17:47:07.823+0000] {logging_mixin.py:188} INFO - [2024-03-28T17:47:07.821+0000] {dagbag.py:540} INFO - Filling up the DagBag from /opt/airflow/dags/operationalData/employees.xlsx
[2024-03-28T17:47:07.862+0000] {processor.py:842} WARNING - No viable dags retrieved from /opt/airflow/dags/operationalData/employees.xlsx
[2024-03-28T17:47:07.900+0000] {processor.py:183} INFO - Processing /opt/airflow/dags/operationalData/employees.xlsx took 0.093 seconds
[2024-03-28T17:47:39.028+0000] {processor.py:161} INFO - Started process (PID=401) to work on /opt/airflow/dags/operationalData/employees.xlsx
[2024-03-28T17:47:39.030+0000] {processor.py:830} INFO - Processing file /opt/airflow/dags/operationalData/employees.xlsx for tasks to queue
[2024-03-28T17:47:39.037+0000] {logging_mixin.py:188} INFO - [2024-03-28T17:47:39.036+0000] {dagbag.py:540} INFO - Filling up the DagBag from /opt/airflow/dags/operationalData/employees.xlsx
[2024-03-28T17:47:39.071+0000] {processor.py:842} WARNING - No viable dags retrieved from /opt/airflow/dags/operationalData/employees.xlsx
[2024-03-28T17:47:39.100+0000] {processor.py:183} INFO - Processing /opt/airflow/dags/operationalData/employees.xlsx took 0.080 seconds
[2024-03-28T17:48:09.445+0000] {processor.py:161} INFO - Started process (PID=414) to work on /opt/airflow/dags/operationalData/employees.xlsx
[2024-03-28T17:48:09.448+0000] {processor.py:830} INFO - Processing file /opt/airflow/dags/operationalData/employees.xlsx for tasks to queue
[2024-03-28T17:48:09.453+0000] {logging_mixin.py:188} INFO - [2024-03-28T17:48:09.452+0000] {dagbag.py:540} INFO - Filling up the DagBag from /opt/airflow/dags/operationalData/employees.xlsx
[2024-03-28T17:48:09.488+0000] {processor.py:842} WARNING - No viable dags retrieved from /opt/airflow/dags/operationalData/employees.xlsx
[2024-03-28T17:48:09.531+0000] {processor.py:183} INFO - Processing /opt/airflow/dags/operationalData/employees.xlsx took 0.097 seconds
[2024-03-28T17:48:39.854+0000] {processor.py:161} INFO - Started process (PID=427) to work on /opt/airflow/dags/operationalData/employees.xlsx
[2024-03-28T17:48:39.858+0000] {processor.py:830} INFO - Processing file /opt/airflow/dags/operationalData/employees.xlsx for tasks to queue
[2024-03-28T17:48:39.866+0000] {logging_mixin.py:188} INFO - [2024-03-28T17:48:39.865+0000] {dagbag.py:540} INFO - Filling up the DagBag from /opt/airflow/dags/operationalData/employees.xlsx
[2024-03-28T17:48:39.902+0000] {processor.py:842} WARNING - No viable dags retrieved from /opt/airflow/dags/operationalData/employees.xlsx
[2024-03-28T17:48:39.938+0000] {processor.py:183} INFO - Processing /opt/airflow/dags/operationalData/employees.xlsx took 0.099 seconds
[2024-03-28T17:49:10.388+0000] {processor.py:161} INFO - Started process (PID=440) to work on /opt/airflow/dags/operationalData/employees.xlsx
[2024-03-28T17:49:10.391+0000] {processor.py:830} INFO - Processing file /opt/airflow/dags/operationalData/employees.xlsx for tasks to queue
[2024-03-28T17:49:10.397+0000] {logging_mixin.py:188} INFO - [2024-03-28T17:49:10.395+0000] {dagbag.py:540} INFO - Filling up the DagBag from /opt/airflow/dags/operationalData/employees.xlsx
[2024-03-28T17:49:10.450+0000] {processor.py:842} WARNING - No viable dags retrieved from /opt/airflow/dags/operationalData/employees.xlsx
[2024-03-28T17:49:10.489+0000] {processor.py:183} INFO - Processing /opt/airflow/dags/operationalData/employees.xlsx took 0.109 seconds
[2024-03-28T17:49:41.068+0000] {processor.py:161} INFO - Started process (PID=453) to work on /opt/airflow/dags/operationalData/employees.xlsx
[2024-03-28T17:49:41.074+0000] {processor.py:830} INFO - Processing file /opt/airflow/dags/operationalData/employees.xlsx for tasks to queue
[2024-03-28T17:49:41.084+0000] {logging_mixin.py:188} INFO - [2024-03-28T17:49:41.083+0000] {dagbag.py:540} INFO - Filling up the DagBag from /opt/airflow/dags/operationalData/employees.xlsx
[2024-03-28T17:49:41.117+0000] {processor.py:842} WARNING - No viable dags retrieved from /opt/airflow/dags/operationalData/employees.xlsx
[2024-03-28T17:49:41.162+0000] {processor.py:183} INFO - Processing /opt/airflow/dags/operationalData/employees.xlsx took 0.107 seconds
[2024-03-28T17:50:12.200+0000] {processor.py:161} INFO - Started process (PID=466) to work on /opt/airflow/dags/operationalData/employees.xlsx
[2024-03-28T17:50:12.203+0000] {processor.py:830} INFO - Processing file /opt/airflow/dags/operationalData/employees.xlsx for tasks to queue
[2024-03-28T17:50:12.212+0000] {logging_mixin.py:188} INFO - [2024-03-28T17:50:12.211+0000] {dagbag.py:540} INFO - Filling up the DagBag from /opt/airflow/dags/operationalData/employees.xlsx
[2024-03-28T17:50:12.250+0000] {processor.py:842} WARNING - No viable dags retrieved from /opt/airflow/dags/operationalData/employees.xlsx
[2024-03-28T17:50:12.283+0000] {processor.py:183} INFO - Processing /opt/airflow/dags/operationalData/employees.xlsx took 0.100 seconds
[2024-03-28T17:50:43.233+0000] {processor.py:161} INFO - Started process (PID=479) to work on /opt/airflow/dags/operationalData/employees.xlsx
[2024-03-28T17:50:43.235+0000] {processor.py:830} INFO - Processing file /opt/airflow/dags/operationalData/employees.xlsx for tasks to queue
[2024-03-28T17:50:43.239+0000] {logging_mixin.py:188} INFO - [2024-03-28T17:50:43.239+0000] {dagbag.py:540} INFO - Filling up the DagBag from /opt/airflow/dags/operationalData/employees.xlsx
[2024-03-28T17:50:43.272+0000] {processor.py:842} WARNING - No viable dags retrieved from /opt/airflow/dags/operationalData/employees.xlsx
[2024-03-28T17:50:43.303+0000] {processor.py:183} INFO - Processing /opt/airflow/dags/operationalData/employees.xlsx took 0.077 seconds
[2024-03-28T17:51:13.964+0000] {processor.py:161} INFO - Started process (PID=492) to work on /opt/airflow/dags/operationalData/employees.xlsx
[2024-03-28T17:51:13.967+0000] {processor.py:830} INFO - Processing file /opt/airflow/dags/operationalData/employees.xlsx for tasks to queue
[2024-03-28T17:51:13.974+0000] {logging_mixin.py:188} INFO - [2024-03-28T17:51:13.972+0000] {dagbag.py:540} INFO - Filling up the DagBag from /opt/airflow/dags/operationalData/employees.xlsx
[2024-03-28T17:51:14.022+0000] {processor.py:842} WARNING - No viable dags retrieved from /opt/airflow/dags/operationalData/employees.xlsx
[2024-03-28T17:51:14.060+0000] {processor.py:183} INFO - Processing /opt/airflow/dags/operationalData/employees.xlsx took 0.106 seconds
[2024-03-28T17:51:44.823+0000] {processor.py:161} INFO - Started process (PID=510) to work on /opt/airflow/dags/operationalData/employees.xlsx
[2024-03-28T17:51:44.826+0000] {processor.py:830} INFO - Processing file /opt/airflow/dags/operationalData/employees.xlsx for tasks to queue
[2024-03-28T17:51:44.831+0000] {logging_mixin.py:188} INFO - [2024-03-28T17:51:44.830+0000] {dagbag.py:540} INFO - Filling up the DagBag from /opt/airflow/dags/operationalData/employees.xlsx
[2024-03-28T17:51:44.865+0000] {processor.py:842} WARNING - No viable dags retrieved from /opt/airflow/dags/operationalData/employees.xlsx
[2024-03-28T17:51:44.906+0000] {processor.py:183} INFO - Processing /opt/airflow/dags/operationalData/employees.xlsx took 0.091 seconds
[2024-03-28T17:52:15.432+0000] {processor.py:161} INFO - Started process (PID=522) to work on /opt/airflow/dags/operationalData/employees.xlsx
[2024-03-28T17:52:15.435+0000] {processor.py:830} INFO - Processing file /opt/airflow/dags/operationalData/employees.xlsx for tasks to queue
[2024-03-28T17:52:15.440+0000] {logging_mixin.py:188} INFO - [2024-03-28T17:52:15.439+0000] {dagbag.py:540} INFO - Filling up the DagBag from /opt/airflow/dags/operationalData/employees.xlsx
[2024-03-28T17:52:15.473+0000] {processor.py:842} WARNING - No viable dags retrieved from /opt/airflow/dags/operationalData/employees.xlsx
[2024-03-28T17:52:15.502+0000] {processor.py:183} INFO - Processing /opt/airflow/dags/operationalData/employees.xlsx took 0.078 seconds
[2024-03-28T17:52:46.602+0000] {processor.py:161} INFO - Started process (PID=535) to work on /opt/airflow/dags/operationalData/employees.xlsx
[2024-03-28T17:52:46.606+0000] {processor.py:830} INFO - Processing file /opt/airflow/dags/operationalData/employees.xlsx for tasks to queue
[2024-03-28T17:52:46.614+0000] {logging_mixin.py:188} INFO - [2024-03-28T17:52:46.612+0000] {dagbag.py:540} INFO - Filling up the DagBag from /opt/airflow/dags/operationalData/employees.xlsx
[2024-03-28T17:52:46.656+0000] {processor.py:842} WARNING - No viable dags retrieved from /opt/airflow/dags/operationalData/employees.xlsx
[2024-03-28T17:52:46.695+0000] {processor.py:183} INFO - Processing /opt/airflow/dags/operationalData/employees.xlsx took 0.112 seconds
[2024-03-28T17:53:17.561+0000] {processor.py:161} INFO - Started process (PID=548) to work on /opt/airflow/dags/operationalData/employees.xlsx
[2024-03-28T17:53:17.565+0000] {processor.py:830} INFO - Processing file /opt/airflow/dags/operationalData/employees.xlsx for tasks to queue
[2024-03-28T17:53:17.570+0000] {logging_mixin.py:188} INFO - [2024-03-28T17:53:17.569+0000] {dagbag.py:540} INFO - Filling up the DagBag from /opt/airflow/dags/operationalData/employees.xlsx
[2024-03-28T17:53:17.614+0000] {processor.py:842} WARNING - No viable dags retrieved from /opt/airflow/dags/operationalData/employees.xlsx
[2024-03-28T17:53:17.669+0000] {processor.py:183} INFO - Processing /opt/airflow/dags/operationalData/employees.xlsx took 0.116 seconds
[2024-03-28T17:53:48.564+0000] {processor.py:161} INFO - Started process (PID=561) to work on /opt/airflow/dags/operationalData/employees.xlsx
[2024-03-28T17:53:48.567+0000] {processor.py:830} INFO - Processing file /opt/airflow/dags/operationalData/employees.xlsx for tasks to queue
[2024-03-28T17:53:48.572+0000] {logging_mixin.py:188} INFO - [2024-03-28T17:53:48.571+0000] {dagbag.py:540} INFO - Filling up the DagBag from /opt/airflow/dags/operationalData/employees.xlsx
[2024-03-28T17:53:48.611+0000] {processor.py:842} WARNING - No viable dags retrieved from /opt/airflow/dags/operationalData/employees.xlsx
[2024-03-28T17:53:48.646+0000] {processor.py:183} INFO - Processing /opt/airflow/dags/operationalData/employees.xlsx took 0.091 seconds
[2024-03-28T17:54:19.175+0000] {processor.py:161} INFO - Started process (PID=574) to work on /opt/airflow/dags/operationalData/employees.xlsx
[2024-03-28T17:54:19.179+0000] {processor.py:830} INFO - Processing file /opt/airflow/dags/operationalData/employees.xlsx for tasks to queue
[2024-03-28T17:54:19.186+0000] {logging_mixin.py:188} INFO - [2024-03-28T17:54:19.185+0000] {dagbag.py:540} INFO - Filling up the DagBag from /opt/airflow/dags/operationalData/employees.xlsx
[2024-03-28T17:54:19.221+0000] {processor.py:842} WARNING - No viable dags retrieved from /opt/airflow/dags/operationalData/employees.xlsx
[2024-03-28T17:54:19.258+0000] {processor.py:183} INFO - Processing /opt/airflow/dags/operationalData/employees.xlsx took 0.094 seconds
[2024-03-28T17:54:49.729+0000] {processor.py:161} INFO - Started process (PID=587) to work on /opt/airflow/dags/operationalData/employees.xlsx
[2024-03-28T17:54:49.732+0000] {processor.py:830} INFO - Processing file /opt/airflow/dags/operationalData/employees.xlsx for tasks to queue
[2024-03-28T17:54:49.740+0000] {logging_mixin.py:188} INFO - [2024-03-28T17:54:49.739+0000] {dagbag.py:540} INFO - Filling up the DagBag from /opt/airflow/dags/operationalData/employees.xlsx
[2024-03-28T17:54:49.776+0000] {processor.py:842} WARNING - No viable dags retrieved from /opt/airflow/dags/operationalData/employees.xlsx
[2024-03-28T17:54:49.820+0000] {processor.py:183} INFO - Processing /opt/airflow/dags/operationalData/employees.xlsx took 0.103 seconds
[2024-03-28T17:55:20.064+0000] {processor.py:161} INFO - Started process (PID=600) to work on /opt/airflow/dags/operationalData/employees.xlsx
[2024-03-28T17:55:20.067+0000] {processor.py:830} INFO - Processing file /opt/airflow/dags/operationalData/employees.xlsx for tasks to queue
[2024-03-28T17:55:20.072+0000] {logging_mixin.py:188} INFO - [2024-03-28T17:55:20.071+0000] {dagbag.py:540} INFO - Filling up the DagBag from /opt/airflow/dags/operationalData/employees.xlsx
[2024-03-28T17:55:20.107+0000] {processor.py:842} WARNING - No viable dags retrieved from /opt/airflow/dags/operationalData/employees.xlsx
[2024-03-28T17:55:20.144+0000] {processor.py:183} INFO - Processing /opt/airflow/dags/operationalData/employees.xlsx took 0.091 seconds
[2024-03-28T17:55:50.749+0000] {processor.py:161} INFO - Started process (PID=613) to work on /opt/airflow/dags/operationalData/employees.xlsx
[2024-03-28T17:55:50.752+0000] {processor.py:830} INFO - Processing file /opt/airflow/dags/operationalData/employees.xlsx for tasks to queue
[2024-03-28T17:55:50.757+0000] {logging_mixin.py:188} INFO - [2024-03-28T17:55:50.756+0000] {dagbag.py:540} INFO - Filling up the DagBag from /opt/airflow/dags/operationalData/employees.xlsx
[2024-03-28T17:55:50.788+0000] {processor.py:842} WARNING - No viable dags retrieved from /opt/airflow/dags/operationalData/employees.xlsx
[2024-03-28T17:55:50.828+0000] {processor.py:183} INFO - Processing /opt/airflow/dags/operationalData/employees.xlsx took 0.088 seconds
[2024-03-28T17:56:21.692+0000] {processor.py:161} INFO - Started process (PID=626) to work on /opt/airflow/dags/operationalData/employees.xlsx
[2024-03-28T17:56:21.694+0000] {processor.py:830} INFO - Processing file /opt/airflow/dags/operationalData/employees.xlsx for tasks to queue
[2024-03-28T17:56:21.700+0000] {logging_mixin.py:188} INFO - [2024-03-28T17:56:21.699+0000] {dagbag.py:540} INFO - Filling up the DagBag from /opt/airflow/dags/operationalData/employees.xlsx
[2024-03-28T17:56:21.742+0000] {processor.py:842} WARNING - No viable dags retrieved from /opt/airflow/dags/operationalData/employees.xlsx
[2024-03-28T17:56:21.781+0000] {processor.py:183} INFO - Processing /opt/airflow/dags/operationalData/employees.xlsx took 0.103 seconds
[2024-03-28T17:56:52.415+0000] {processor.py:161} INFO - Started process (PID=639) to work on /opt/airflow/dags/operationalData/employees.xlsx
[2024-03-28T17:56:52.418+0000] {processor.py:830} INFO - Processing file /opt/airflow/dags/operationalData/employees.xlsx for tasks to queue
[2024-03-28T17:56:52.422+0000] {logging_mixin.py:188} INFO - [2024-03-28T17:56:52.421+0000] {dagbag.py:540} INFO - Filling up the DagBag from /opt/airflow/dags/operationalData/employees.xlsx
[2024-03-28T17:56:52.458+0000] {processor.py:842} WARNING - No viable dags retrieved from /opt/airflow/dags/operationalData/employees.xlsx
[2024-03-28T17:56:52.492+0000] {processor.py:183} INFO - Processing /opt/airflow/dags/operationalData/employees.xlsx took 0.083 seconds
[2024-03-28T17:57:23.153+0000] {processor.py:161} INFO - Started process (PID=652) to work on /opt/airflow/dags/operationalData/employees.xlsx
[2024-03-28T17:57:23.157+0000] {processor.py:830} INFO - Processing file /opt/airflow/dags/operationalData/employees.xlsx for tasks to queue
[2024-03-28T17:57:23.162+0000] {logging_mixin.py:188} INFO - [2024-03-28T17:57:23.161+0000] {dagbag.py:540} INFO - Filling up the DagBag from /opt/airflow/dags/operationalData/employees.xlsx
[2024-03-28T17:57:23.198+0000] {processor.py:842} WARNING - No viable dags retrieved from /opt/airflow/dags/operationalData/employees.xlsx
[2024-03-28T17:57:23.244+0000] {processor.py:183} INFO - Processing /opt/airflow/dags/operationalData/employees.xlsx took 0.101 seconds
[2024-03-28T17:57:53.481+0000] {processor.py:161} INFO - Started process (PID=665) to work on /opt/airflow/dags/operationalData/employees.xlsx
[2024-03-28T17:57:53.484+0000] {processor.py:830} INFO - Processing file /opt/airflow/dags/operationalData/employees.xlsx for tasks to queue
[2024-03-28T17:57:53.489+0000] {logging_mixin.py:188} INFO - [2024-03-28T17:57:53.488+0000] {dagbag.py:540} INFO - Filling up the DagBag from /opt/airflow/dags/operationalData/employees.xlsx
[2024-03-28T17:57:53.525+0000] {processor.py:842} WARNING - No viable dags retrieved from /opt/airflow/dags/operationalData/employees.xlsx
[2024-03-28T17:57:53.560+0000] {processor.py:183} INFO - Processing /opt/airflow/dags/operationalData/employees.xlsx took 0.092 seconds
[2024-03-28T17:58:24.410+0000] {processor.py:161} INFO - Started process (PID=678) to work on /opt/airflow/dags/operationalData/employees.xlsx
[2024-03-28T17:58:24.413+0000] {processor.py:830} INFO - Processing file /opt/airflow/dags/operationalData/employees.xlsx for tasks to queue
[2024-03-28T17:58:24.419+0000] {logging_mixin.py:188} INFO - [2024-03-28T17:58:24.418+0000] {dagbag.py:540} INFO - Filling up the DagBag from /opt/airflow/dags/operationalData/employees.xlsx
[2024-03-28T17:58:24.459+0000] {processor.py:842} WARNING - No viable dags retrieved from /opt/airflow/dags/operationalData/employees.xlsx
[2024-03-28T17:58:24.503+0000] {processor.py:183} INFO - Processing /opt/airflow/dags/operationalData/employees.xlsx took 0.103 seconds
[2024-03-28T17:58:55.041+0000] {processor.py:161} INFO - Started process (PID=691) to work on /opt/airflow/dags/operationalData/employees.xlsx
[2024-03-28T17:58:55.043+0000] {processor.py:830} INFO - Processing file /opt/airflow/dags/operationalData/employees.xlsx for tasks to queue
[2024-03-28T17:58:55.048+0000] {logging_mixin.py:188} INFO - [2024-03-28T17:58:55.047+0000] {dagbag.py:540} INFO - Filling up the DagBag from /opt/airflow/dags/operationalData/employees.xlsx
[2024-03-28T17:58:55.082+0000] {processor.py:842} WARNING - No viable dags retrieved from /opt/airflow/dags/operationalData/employees.xlsx
[2024-03-28T17:58:55.114+0000] {processor.py:183} INFO - Processing /opt/airflow/dags/operationalData/employees.xlsx took 0.081 seconds
[2024-03-28T17:59:25.347+0000] {processor.py:161} INFO - Started process (PID=704) to work on /opt/airflow/dags/operationalData/employees.xlsx
[2024-03-28T17:59:25.350+0000] {processor.py:830} INFO - Processing file /opt/airflow/dags/operationalData/employees.xlsx for tasks to queue
[2024-03-28T17:59:25.356+0000] {logging_mixin.py:188} INFO - [2024-03-28T17:59:25.355+0000] {dagbag.py:540} INFO - Filling up the DagBag from /opt/airflow/dags/operationalData/employees.xlsx
[2024-03-28T17:59:25.390+0000] {processor.py:842} WARNING - No viable dags retrieved from /opt/airflow/dags/operationalData/employees.xlsx
[2024-03-28T17:59:25.439+0000] {processor.py:183} INFO - Processing /opt/airflow/dags/operationalData/employees.xlsx took 0.105 seconds
[2024-03-28T17:59:56.149+0000] {processor.py:161} INFO - Started process (PID=717) to work on /opt/airflow/dags/operationalData/employees.xlsx
[2024-03-28T17:59:56.152+0000] {processor.py:830} INFO - Processing file /opt/airflow/dags/operationalData/employees.xlsx for tasks to queue
[2024-03-28T17:59:56.156+0000] {logging_mixin.py:188} INFO - [2024-03-28T17:59:56.156+0000] {dagbag.py:540} INFO - Filling up the DagBag from /opt/airflow/dags/operationalData/employees.xlsx
[2024-03-28T17:59:56.197+0000] {processor.py:842} WARNING - No viable dags retrieved from /opt/airflow/dags/operationalData/employees.xlsx
[2024-03-28T17:59:56.231+0000] {processor.py:183} INFO - Processing /opt/airflow/dags/operationalData/employees.xlsx took 0.090 seconds
[2024-03-28T18:00:27.025+0000] {processor.py:161} INFO - Started process (PID=730) to work on /opt/airflow/dags/operationalData/employees.xlsx
[2024-03-28T18:00:27.028+0000] {processor.py:830} INFO - Processing file /opt/airflow/dags/operationalData/employees.xlsx for tasks to queue
[2024-03-28T18:00:27.035+0000] {logging_mixin.py:188} INFO - [2024-03-28T18:00:27.033+0000] {dagbag.py:540} INFO - Filling up the DagBag from /opt/airflow/dags/operationalData/employees.xlsx
[2024-03-28T18:00:27.070+0000] {processor.py:842} WARNING - No viable dags retrieved from /opt/airflow/dags/operationalData/employees.xlsx
[2024-03-28T18:00:27.104+0000] {processor.py:183} INFO - Processing /opt/airflow/dags/operationalData/employees.xlsx took 0.087 seconds
[2024-03-28T18:00:57.905+0000] {processor.py:161} INFO - Started process (PID=743) to work on /opt/airflow/dags/operationalData/employees.xlsx
[2024-03-28T18:00:57.908+0000] {processor.py:830} INFO - Processing file /opt/airflow/dags/operationalData/employees.xlsx for tasks to queue
[2024-03-28T18:00:57.915+0000] {logging_mixin.py:188} INFO - [2024-03-28T18:00:57.914+0000] {dagbag.py:540} INFO - Filling up the DagBag from /opt/airflow/dags/operationalData/employees.xlsx
[2024-03-28T18:00:57.948+0000] {processor.py:842} WARNING - No viable dags retrieved from /opt/airflow/dags/operationalData/employees.xlsx
[2024-03-28T18:00:57.982+0000] {processor.py:183} INFO - Processing /opt/airflow/dags/operationalData/employees.xlsx took 0.090 seconds
[2024-03-28T18:01:28.687+0000] {processor.py:161} INFO - Started process (PID=756) to work on /opt/airflow/dags/operationalData/employees.xlsx
[2024-03-28T18:01:28.689+0000] {processor.py:830} INFO - Processing file /opt/airflow/dags/operationalData/employees.xlsx for tasks to queue
[2024-03-28T18:01:28.695+0000] {logging_mixin.py:188} INFO - [2024-03-28T18:01:28.694+0000] {dagbag.py:540} INFO - Filling up the DagBag from /opt/airflow/dags/operationalData/employees.xlsx
[2024-03-28T18:01:28.730+0000] {processor.py:842} WARNING - No viable dags retrieved from /opt/airflow/dags/operationalData/employees.xlsx
[2024-03-28T18:01:28.763+0000] {processor.py:183} INFO - Processing /opt/airflow/dags/operationalData/employees.xlsx took 0.085 seconds
[2024-03-28T18:01:59.278+0000] {processor.py:161} INFO - Started process (PID=769) to work on /opt/airflow/dags/operationalData/employees.xlsx
[2024-03-28T18:01:59.281+0000] {processor.py:830} INFO - Processing file /opt/airflow/dags/operationalData/employees.xlsx for tasks to queue
[2024-03-28T18:01:59.287+0000] {logging_mixin.py:188} INFO - [2024-03-28T18:01:59.286+0000] {dagbag.py:540} INFO - Filling up the DagBag from /opt/airflow/dags/operationalData/employees.xlsx
[2024-03-28T18:01:59.332+0000] {processor.py:842} WARNING - No viable dags retrieved from /opt/airflow/dags/operationalData/employees.xlsx
[2024-03-28T18:01:59.379+0000] {processor.py:183} INFO - Processing /opt/airflow/dags/operationalData/employees.xlsx took 0.111 seconds
[2024-03-28T18:02:29.859+0000] {processor.py:161} INFO - Started process (PID=782) to work on /opt/airflow/dags/operationalData/employees.xlsx
[2024-03-28T18:02:29.862+0000] {processor.py:830} INFO - Processing file /opt/airflow/dags/operationalData/employees.xlsx for tasks to queue
[2024-03-28T18:02:29.867+0000] {logging_mixin.py:188} INFO - [2024-03-28T18:02:29.866+0000] {dagbag.py:540} INFO - Filling up the DagBag from /opt/airflow/dags/operationalData/employees.xlsx
[2024-03-28T18:02:29.901+0000] {processor.py:842} WARNING - No viable dags retrieved from /opt/airflow/dags/operationalData/employees.xlsx
[2024-03-28T18:02:29.941+0000] {processor.py:183} INFO - Processing /opt/airflow/dags/operationalData/employees.xlsx took 0.091 seconds
[2024-03-28T18:03:00.701+0000] {processor.py:161} INFO - Started process (PID=795) to work on /opt/airflow/dags/operationalData/employees.xlsx
[2024-03-28T18:03:00.705+0000] {processor.py:830} INFO - Processing file /opt/airflow/dags/operationalData/employees.xlsx for tasks to queue
[2024-03-28T18:03:00.712+0000] {logging_mixin.py:188} INFO - [2024-03-28T18:03:00.711+0000] {dagbag.py:540} INFO - Filling up the DagBag from /opt/airflow/dags/operationalData/employees.xlsx
[2024-03-28T18:03:00.747+0000] {processor.py:842} WARNING - No viable dags retrieved from /opt/airflow/dags/operationalData/employees.xlsx
[2024-03-28T18:03:00.795+0000] {processor.py:183} INFO - Processing /opt/airflow/dags/operationalData/employees.xlsx took 0.105 seconds
[2024-03-28T18:03:31.572+0000] {processor.py:161} INFO - Started process (PID=808) to work on /opt/airflow/dags/operationalData/employees.xlsx
[2024-03-28T18:03:31.575+0000] {processor.py:830} INFO - Processing file /opt/airflow/dags/operationalData/employees.xlsx for tasks to queue
[2024-03-28T18:03:31.583+0000] {logging_mixin.py:188} INFO - [2024-03-28T18:03:31.582+0000] {dagbag.py:540} INFO - Filling up the DagBag from /opt/airflow/dags/operationalData/employees.xlsx
[2024-03-28T18:03:31.616+0000] {processor.py:842} WARNING - No viable dags retrieved from /opt/airflow/dags/operationalData/employees.xlsx
[2024-03-28T18:03:31.673+0000] {processor.py:183} INFO - Processing /opt/airflow/dags/operationalData/employees.xlsx took 0.113 seconds
[2024-03-28T18:04:02.355+0000] {processor.py:161} INFO - Started process (PID=821) to work on /opt/airflow/dags/operationalData/employees.xlsx
[2024-03-28T18:04:02.359+0000] {processor.py:830} INFO - Processing file /opt/airflow/dags/operationalData/employees.xlsx for tasks to queue
[2024-03-28T18:04:02.370+0000] {logging_mixin.py:188} INFO - [2024-03-28T18:04:02.369+0000] {dagbag.py:540} INFO - Filling up the DagBag from /opt/airflow/dags/operationalData/employees.xlsx
[2024-03-28T18:04:02.410+0000] {processor.py:842} WARNING - No viable dags retrieved from /opt/airflow/dags/operationalData/employees.xlsx
[2024-03-28T18:04:02.454+0000] {processor.py:183} INFO - Processing /opt/airflow/dags/operationalData/employees.xlsx took 0.111 seconds
[2024-03-28T18:04:33.119+0000] {processor.py:161} INFO - Started process (PID=834) to work on /opt/airflow/dags/operationalData/employees.xlsx
[2024-03-28T18:04:33.122+0000] {processor.py:830} INFO - Processing file /opt/airflow/dags/operationalData/employees.xlsx for tasks to queue
[2024-03-28T18:04:33.128+0000] {logging_mixin.py:188} INFO - [2024-03-28T18:04:33.127+0000] {dagbag.py:540} INFO - Filling up the DagBag from /opt/airflow/dags/operationalData/employees.xlsx
[2024-03-28T18:04:33.166+0000] {processor.py:842} WARNING - No viable dags retrieved from /opt/airflow/dags/operationalData/employees.xlsx
[2024-03-28T18:04:33.203+0000] {processor.py:183} INFO - Processing /opt/airflow/dags/operationalData/employees.xlsx took 0.093 seconds
[2024-03-28T18:05:03.973+0000] {processor.py:161} INFO - Started process (PID=847) to work on /opt/airflow/dags/operationalData/employees.xlsx
[2024-03-28T18:05:03.977+0000] {processor.py:830} INFO - Processing file /opt/airflow/dags/operationalData/employees.xlsx for tasks to queue
[2024-03-28T18:05:03.982+0000] {logging_mixin.py:188} INFO - [2024-03-28T18:05:03.982+0000] {dagbag.py:540} INFO - Filling up the DagBag from /opt/airflow/dags/operationalData/employees.xlsx
[2024-03-28T18:05:04.018+0000] {processor.py:842} WARNING - No viable dags retrieved from /opt/airflow/dags/operationalData/employees.xlsx
[2024-03-28T18:05:04.054+0000] {processor.py:183} INFO - Processing /opt/airflow/dags/operationalData/employees.xlsx took 0.089 seconds
[2024-03-28T18:05:34.720+0000] {processor.py:161} INFO - Started process (PID=860) to work on /opt/airflow/dags/operationalData/employees.xlsx
[2024-03-28T18:05:34.723+0000] {processor.py:830} INFO - Processing file /opt/airflow/dags/operationalData/employees.xlsx for tasks to queue
[2024-03-28T18:05:34.729+0000] {logging_mixin.py:188} INFO - [2024-03-28T18:05:34.728+0000] {dagbag.py:540} INFO - Filling up the DagBag from /opt/airflow/dags/operationalData/employees.xlsx
[2024-03-28T18:05:34.776+0000] {processor.py:842} WARNING - No viable dags retrieved from /opt/airflow/dags/operationalData/employees.xlsx
[2024-03-28T18:05:34.820+0000] {processor.py:183} INFO - Processing /opt/airflow/dags/operationalData/employees.xlsx took 0.110 seconds
[2024-03-28T18:06:05.499+0000] {processor.py:161} INFO - Started process (PID=872) to work on /opt/airflow/dags/operationalData/employees.xlsx
[2024-03-28T18:06:05.502+0000] {processor.py:830} INFO - Processing file /opt/airflow/dags/operationalData/employees.xlsx for tasks to queue
[2024-03-28T18:06:05.508+0000] {logging_mixin.py:188} INFO - [2024-03-28T18:06:05.507+0000] {dagbag.py:540} INFO - Filling up the DagBag from /opt/airflow/dags/operationalData/employees.xlsx
[2024-03-28T18:06:05.540+0000] {processor.py:842} WARNING - No viable dags retrieved from /opt/airflow/dags/operationalData/employees.xlsx
[2024-03-28T18:06:05.578+0000] {processor.py:183} INFO - Processing /opt/airflow/dags/operationalData/employees.xlsx took 0.088 seconds
[2024-03-28T18:06:35.794+0000] {processor.py:161} INFO - Started process (PID=884) to work on /opt/airflow/dags/operationalData/employees.xlsx
[2024-03-28T18:06:35.797+0000] {processor.py:830} INFO - Processing file /opt/airflow/dags/operationalData/employees.xlsx for tasks to queue
[2024-03-28T18:06:35.803+0000] {logging_mixin.py:188} INFO - [2024-03-28T18:06:35.802+0000] {dagbag.py:540} INFO - Filling up the DagBag from /opt/airflow/dags/operationalData/employees.xlsx
[2024-03-28T18:06:35.847+0000] {processor.py:842} WARNING - No viable dags retrieved from /opt/airflow/dags/operationalData/employees.xlsx
[2024-03-28T18:06:35.894+0000] {processor.py:183} INFO - Processing /opt/airflow/dags/operationalData/employees.xlsx took 0.110 seconds
[2024-03-28T18:07:06.156+0000] {processor.py:161} INFO - Started process (PID=897) to work on /opt/airflow/dags/operationalData/employees.xlsx
[2024-03-28T18:07:06.162+0000] {processor.py:830} INFO - Processing file /opt/airflow/dags/operationalData/employees.xlsx for tasks to queue
[2024-03-28T18:07:06.169+0000] {logging_mixin.py:188} INFO - [2024-03-28T18:07:06.168+0000] {dagbag.py:540} INFO - Filling up the DagBag from /opt/airflow/dags/operationalData/employees.xlsx
[2024-03-28T18:07:06.221+0000] {processor.py:842} WARNING - No viable dags retrieved from /opt/airflow/dags/operationalData/employees.xlsx
[2024-03-28T18:07:06.271+0000] {processor.py:183} INFO - Processing /opt/airflow/dags/operationalData/employees.xlsx took 0.146 seconds
[2024-03-28T18:07:36.653+0000] {processor.py:161} INFO - Started process (PID=910) to work on /opt/airflow/dags/operationalData/employees.xlsx
[2024-03-28T18:07:36.656+0000] {processor.py:830} INFO - Processing file /opt/airflow/dags/operationalData/employees.xlsx for tasks to queue
[2024-03-28T18:07:36.660+0000] {logging_mixin.py:188} INFO - [2024-03-28T18:07:36.659+0000] {dagbag.py:540} INFO - Filling up the DagBag from /opt/airflow/dags/operationalData/employees.xlsx
[2024-03-28T18:07:36.687+0000] {processor.py:842} WARNING - No viable dags retrieved from /opt/airflow/dags/operationalData/employees.xlsx
[2024-03-28T18:07:36.719+0000] {processor.py:183} INFO - Processing /opt/airflow/dags/operationalData/employees.xlsx took 0.074 seconds
[2024-03-28T18:08:07.335+0000] {processor.py:161} INFO - Started process (PID=923) to work on /opt/airflow/dags/operationalData/employees.xlsx
[2024-03-28T18:08:07.337+0000] {processor.py:830} INFO - Processing file /opt/airflow/dags/operationalData/employees.xlsx for tasks to queue
[2024-03-28T18:08:07.342+0000] {logging_mixin.py:188} INFO - [2024-03-28T18:08:07.342+0000] {dagbag.py:540} INFO - Filling up the DagBag from /opt/airflow/dags/operationalData/employees.xlsx
[2024-03-28T18:08:07.378+0000] {processor.py:842} WARNING - No viable dags retrieved from /opt/airflow/dags/operationalData/employees.xlsx
[2024-03-28T18:08:07.415+0000] {processor.py:183} INFO - Processing /opt/airflow/dags/operationalData/employees.xlsx took 0.089 seconds
[2024-03-28T18:08:38.219+0000] {processor.py:161} INFO - Started process (PID=936) to work on /opt/airflow/dags/operationalData/employees.xlsx
[2024-03-28T18:08:38.223+0000] {processor.py:830} INFO - Processing file /opt/airflow/dags/operationalData/employees.xlsx for tasks to queue
[2024-03-28T18:08:38.231+0000] {logging_mixin.py:188} INFO - [2024-03-28T18:08:38.231+0000] {dagbag.py:540} INFO - Filling up the DagBag from /opt/airflow/dags/operationalData/employees.xlsx
[2024-03-28T18:08:38.267+0000] {processor.py:842} WARNING - No viable dags retrieved from /opt/airflow/dags/operationalData/employees.xlsx
[2024-03-28T18:08:38.304+0000] {processor.py:183} INFO - Processing /opt/airflow/dags/operationalData/employees.xlsx took 0.093 seconds
[2024-03-28T18:09:09.011+0000] {processor.py:161} INFO - Started process (PID=949) to work on /opt/airflow/dags/operationalData/employees.xlsx
[2024-03-28T18:09:09.016+0000] {processor.py:830} INFO - Processing file /opt/airflow/dags/operationalData/employees.xlsx for tasks to queue
[2024-03-28T18:09:09.023+0000] {logging_mixin.py:188} INFO - [2024-03-28T18:09:09.022+0000] {dagbag.py:540} INFO - Filling up the DagBag from /opt/airflow/dags/operationalData/employees.xlsx
[2024-03-28T18:09:09.060+0000] {processor.py:842} WARNING - No viable dags retrieved from /opt/airflow/dags/operationalData/employees.xlsx
[2024-03-28T18:09:09.115+0000] {processor.py:183} INFO - Processing /opt/airflow/dags/operationalData/employees.xlsx took 0.118 seconds
[2024-03-28T18:09:39.814+0000] {processor.py:161} INFO - Started process (PID=962) to work on /opt/airflow/dags/operationalData/employees.xlsx
[2024-03-28T18:09:39.817+0000] {processor.py:830} INFO - Processing file /opt/airflow/dags/operationalData/employees.xlsx for tasks to queue
[2024-03-28T18:09:39.821+0000] {logging_mixin.py:188} INFO - [2024-03-28T18:09:39.821+0000] {dagbag.py:540} INFO - Filling up the DagBag from /opt/airflow/dags/operationalData/employees.xlsx
[2024-03-28T18:09:39.858+0000] {processor.py:842} WARNING - No viable dags retrieved from /opt/airflow/dags/operationalData/employees.xlsx
[2024-03-28T18:09:39.899+0000] {processor.py:183} INFO - Processing /opt/airflow/dags/operationalData/employees.xlsx took 0.093 seconds
[2024-03-28T18:10:10.443+0000] {processor.py:161} INFO - Started process (PID=975) to work on /opt/airflow/dags/operationalData/employees.xlsx
[2024-03-28T18:10:10.445+0000] {processor.py:830} INFO - Processing file /opt/airflow/dags/operationalData/employees.xlsx for tasks to queue
[2024-03-28T18:10:10.451+0000] {logging_mixin.py:188} INFO - [2024-03-28T18:10:10.451+0000] {dagbag.py:540} INFO - Filling up the DagBag from /opt/airflow/dags/operationalData/employees.xlsx
[2024-03-28T18:10:10.479+0000] {processor.py:842} WARNING - No viable dags retrieved from /opt/airflow/dags/operationalData/employees.xlsx
[2024-03-28T18:10:10.517+0000] {processor.py:183} INFO - Processing /opt/airflow/dags/operationalData/employees.xlsx took 0.084 seconds
[2024-03-28T18:10:40.774+0000] {processor.py:161} INFO - Started process (PID=988) to work on /opt/airflow/dags/operationalData/employees.xlsx
[2024-03-28T18:10:40.776+0000] {processor.py:830} INFO - Processing file /opt/airflow/dags/operationalData/employees.xlsx for tasks to queue
[2024-03-28T18:10:40.782+0000] {logging_mixin.py:188} INFO - [2024-03-28T18:10:40.781+0000] {dagbag.py:540} INFO - Filling up the DagBag from /opt/airflow/dags/operationalData/employees.xlsx
[2024-03-28T18:10:40.820+0000] {processor.py:842} WARNING - No viable dags retrieved from /opt/airflow/dags/operationalData/employees.xlsx
[2024-03-28T18:10:40.855+0000] {processor.py:183} INFO - Processing /opt/airflow/dags/operationalData/employees.xlsx took 0.089 seconds
[2024-03-28T18:11:11.054+0000] {processor.py:161} INFO - Started process (PID=1001) to work on /opt/airflow/dags/operationalData/employees.xlsx
[2024-03-28T18:11:11.058+0000] {processor.py:830} INFO - Processing file /opt/airflow/dags/operationalData/employees.xlsx for tasks to queue
[2024-03-28T18:11:11.066+0000] {logging_mixin.py:188} INFO - [2024-03-28T18:11:11.065+0000] {dagbag.py:540} INFO - Filling up the DagBag from /opt/airflow/dags/operationalData/employees.xlsx
[2024-03-28T18:11:11.111+0000] {processor.py:842} WARNING - No viable dags retrieved from /opt/airflow/dags/operationalData/employees.xlsx
[2024-03-28T18:11:11.149+0000] {processor.py:183} INFO - Processing /opt/airflow/dags/operationalData/employees.xlsx took 0.105 seconds
[2024-03-28T18:11:41.959+0000] {processor.py:161} INFO - Started process (PID=1014) to work on /opt/airflow/dags/operationalData/employees.xlsx
[2024-03-28T18:11:41.962+0000] {processor.py:830} INFO - Processing file /opt/airflow/dags/operationalData/employees.xlsx for tasks to queue
[2024-03-28T18:11:41.968+0000] {logging_mixin.py:188} INFO - [2024-03-28T18:11:41.967+0000] {dagbag.py:540} INFO - Filling up the DagBag from /opt/airflow/dags/operationalData/employees.xlsx
[2024-03-28T18:11:42.009+0000] {processor.py:842} WARNING - No viable dags retrieved from /opt/airflow/dags/operationalData/employees.xlsx
[2024-03-28T18:11:42.096+0000] {processor.py:183} INFO - Processing /opt/airflow/dags/operationalData/employees.xlsx took 0.149 seconds
[2024-03-28T18:12:12.827+0000] {processor.py:161} INFO - Started process (PID=1027) to work on /opt/airflow/dags/operationalData/employees.xlsx
[2024-03-28T18:12:12.833+0000] {processor.py:830} INFO - Processing file /opt/airflow/dags/operationalData/employees.xlsx for tasks to queue
[2024-03-28T18:12:12.839+0000] {logging_mixin.py:188} INFO - [2024-03-28T18:12:12.839+0000] {dagbag.py:540} INFO - Filling up the DagBag from /opt/airflow/dags/operationalData/employees.xlsx
[2024-03-28T18:12:12.870+0000] {processor.py:842} WARNING - No viable dags retrieved from /opt/airflow/dags/operationalData/employees.xlsx
[2024-03-28T18:12:12.907+0000] {processor.py:183} INFO - Processing /opt/airflow/dags/operationalData/employees.xlsx took 0.090 seconds
[2024-03-28T18:12:44.033+0000] {processor.py:161} INFO - Started process (PID=1040) to work on /opt/airflow/dags/operationalData/employees.xlsx
[2024-03-28T18:12:44.036+0000] {processor.py:830} INFO - Processing file /opt/airflow/dags/operationalData/employees.xlsx for tasks to queue
[2024-03-28T18:12:44.041+0000] {logging_mixin.py:188} INFO - [2024-03-28T18:12:44.040+0000] {dagbag.py:540} INFO - Filling up the DagBag from /opt/airflow/dags/operationalData/employees.xlsx
[2024-03-28T18:12:44.084+0000] {processor.py:842} WARNING - No viable dags retrieved from /opt/airflow/dags/operationalData/employees.xlsx
[2024-03-28T18:12:44.128+0000] {processor.py:183} INFO - Processing /opt/airflow/dags/operationalData/employees.xlsx took 0.106 seconds
[2024-03-28T18:13:14.835+0000] {processor.py:161} INFO - Started process (PID=1053) to work on /opt/airflow/dags/operationalData/employees.xlsx
[2024-03-28T18:13:14.839+0000] {processor.py:830} INFO - Processing file /opt/airflow/dags/operationalData/employees.xlsx for tasks to queue
[2024-03-28T18:13:14.846+0000] {logging_mixin.py:188} INFO - [2024-03-28T18:13:14.845+0000] {dagbag.py:540} INFO - Filling up the DagBag from /opt/airflow/dags/operationalData/employees.xlsx
[2024-03-28T18:13:14.877+0000] {processor.py:842} WARNING - No viable dags retrieved from /opt/airflow/dags/operationalData/employees.xlsx
[2024-03-28T18:13:14.919+0000] {processor.py:183} INFO - Processing /opt/airflow/dags/operationalData/employees.xlsx took 0.103 seconds
[2024-03-28T18:13:45.628+0000] {processor.py:161} INFO - Started process (PID=1066) to work on /opt/airflow/dags/operationalData/employees.xlsx
[2024-03-28T18:13:45.631+0000] {processor.py:830} INFO - Processing file /opt/airflow/dags/operationalData/employees.xlsx for tasks to queue
[2024-03-28T18:13:45.635+0000] {logging_mixin.py:188} INFO - [2024-03-28T18:13:45.635+0000] {dagbag.py:540} INFO - Filling up the DagBag from /opt/airflow/dags/operationalData/employees.xlsx
[2024-03-28T18:13:45.665+0000] {processor.py:842} WARNING - No viable dags retrieved from /opt/airflow/dags/operationalData/employees.xlsx
[2024-03-28T18:13:45.703+0000] {processor.py:183} INFO - Processing /opt/airflow/dags/operationalData/employees.xlsx took 0.084 seconds
[2024-03-28T18:14:16.060+0000] {processor.py:161} INFO - Started process (PID=1079) to work on /opt/airflow/dags/operationalData/employees.xlsx
[2024-03-28T18:14:16.063+0000] {processor.py:830} INFO - Processing file /opt/airflow/dags/operationalData/employees.xlsx for tasks to queue
[2024-03-28T18:14:16.069+0000] {logging_mixin.py:188} INFO - [2024-03-28T18:14:16.068+0000] {dagbag.py:540} INFO - Filling up the DagBag from /opt/airflow/dags/operationalData/employees.xlsx
[2024-03-28T18:14:16.100+0000] {processor.py:842} WARNING - No viable dags retrieved from /opt/airflow/dags/operationalData/employees.xlsx
[2024-03-28T18:14:16.142+0000] {processor.py:183} INFO - Processing /opt/airflow/dags/operationalData/employees.xlsx took 0.092 seconds
[2024-03-28T18:14:46.757+0000] {processor.py:161} INFO - Started process (PID=1092) to work on /opt/airflow/dags/operationalData/employees.xlsx
[2024-03-28T18:14:46.760+0000] {processor.py:830} INFO - Processing file /opt/airflow/dags/operationalData/employees.xlsx for tasks to queue
[2024-03-28T18:14:46.767+0000] {logging_mixin.py:188} INFO - [2024-03-28T18:14:46.766+0000] {dagbag.py:540} INFO - Filling up the DagBag from /opt/airflow/dags/operationalData/employees.xlsx
[2024-03-28T18:14:46.805+0000] {processor.py:842} WARNING - No viable dags retrieved from /opt/airflow/dags/operationalData/employees.xlsx
[2024-03-28T18:14:46.845+0000] {processor.py:183} INFO - Processing /opt/airflow/dags/operationalData/employees.xlsx took 0.098 seconds
[2024-03-28T18:15:17.606+0000] {processor.py:161} INFO - Started process (PID=1105) to work on /opt/airflow/dags/operationalData/employees.xlsx
[2024-03-28T18:15:17.609+0000] {processor.py:830} INFO - Processing file /opt/airflow/dags/operationalData/employees.xlsx for tasks to queue
[2024-03-28T18:15:17.614+0000] {logging_mixin.py:188} INFO - [2024-03-28T18:15:17.613+0000] {dagbag.py:540} INFO - Filling up the DagBag from /opt/airflow/dags/operationalData/employees.xlsx
[2024-03-28T18:15:17.649+0000] {processor.py:842} WARNING - No viable dags retrieved from /opt/airflow/dags/operationalData/employees.xlsx
[2024-03-28T18:15:17.684+0000] {processor.py:183} INFO - Processing /opt/airflow/dags/operationalData/employees.xlsx took 0.085 seconds
[2024-03-28T18:15:48.382+0000] {processor.py:161} INFO - Started process (PID=1118) to work on /opt/airflow/dags/operationalData/employees.xlsx
[2024-03-28T18:15:48.384+0000] {processor.py:830} INFO - Processing file /opt/airflow/dags/operationalData/employees.xlsx for tasks to queue
[2024-03-28T18:15:48.389+0000] {logging_mixin.py:188} INFO - [2024-03-28T18:15:48.388+0000] {dagbag.py:540} INFO - Filling up the DagBag from /opt/airflow/dags/operationalData/employees.xlsx
[2024-03-28T18:15:48.419+0000] {processor.py:842} WARNING - No viable dags retrieved from /opt/airflow/dags/operationalData/employees.xlsx
[2024-03-28T18:15:48.454+0000] {processor.py:183} INFO - Processing /opt/airflow/dags/operationalData/employees.xlsx took 0.081 seconds
[2024-03-28T18:16:19.154+0000] {processor.py:161} INFO - Started process (PID=1131) to work on /opt/airflow/dags/operationalData/employees.xlsx
[2024-03-28T18:16:19.157+0000] {processor.py:830} INFO - Processing file /opt/airflow/dags/operationalData/employees.xlsx for tasks to queue
[2024-03-28T18:16:19.163+0000] {logging_mixin.py:188} INFO - [2024-03-28T18:16:19.163+0000] {dagbag.py:540} INFO - Filling up the DagBag from /opt/airflow/dags/operationalData/employees.xlsx
[2024-03-28T18:16:19.195+0000] {processor.py:842} WARNING - No viable dags retrieved from /opt/airflow/dags/operationalData/employees.xlsx
[2024-03-28T18:16:19.227+0000] {processor.py:183} INFO - Processing /opt/airflow/dags/operationalData/employees.xlsx took 0.083 seconds
[2024-03-28T18:16:49.948+0000] {processor.py:161} INFO - Started process (PID=1150) to work on /opt/airflow/dags/operationalData/employees.xlsx
[2024-03-28T18:16:49.950+0000] {processor.py:830} INFO - Processing file /opt/airflow/dags/operationalData/employees.xlsx for tasks to queue
[2024-03-28T18:16:49.955+0000] {logging_mixin.py:188} INFO - [2024-03-28T18:16:49.954+0000] {dagbag.py:540} INFO - Filling up the DagBag from /opt/airflow/dags/operationalData/employees.xlsx
[2024-03-28T18:16:49.994+0000] {processor.py:842} WARNING - No viable dags retrieved from /opt/airflow/dags/operationalData/employees.xlsx
[2024-03-28T18:16:50.029+0000] {processor.py:183} INFO - Processing /opt/airflow/dags/operationalData/employees.xlsx took 0.090 seconds
[2024-03-28T18:17:20.692+0000] {processor.py:161} INFO - Started process (PID=1163) to work on /opt/airflow/dags/operationalData/employees.xlsx
[2024-03-28T18:17:20.695+0000] {processor.py:830} INFO - Processing file /opt/airflow/dags/operationalData/employees.xlsx for tasks to queue
[2024-03-28T18:17:20.700+0000] {logging_mixin.py:188} INFO - [2024-03-28T18:17:20.699+0000] {dagbag.py:540} INFO - Filling up the DagBag from /opt/airflow/dags/operationalData/employees.xlsx
[2024-03-28T18:17:20.736+0000] {processor.py:842} WARNING - No viable dags retrieved from /opt/airflow/dags/operationalData/employees.xlsx
[2024-03-28T18:17:20.771+0000] {processor.py:183} INFO - Processing /opt/airflow/dags/operationalData/employees.xlsx took 0.088 seconds
[2024-03-28T18:17:50.919+0000] {processor.py:161} INFO - Started process (PID=1176) to work on /opt/airflow/dags/operationalData/employees.xlsx
[2024-03-28T18:17:50.923+0000] {processor.py:830} INFO - Processing file /opt/airflow/dags/operationalData/employees.xlsx for tasks to queue
[2024-03-28T18:17:50.929+0000] {logging_mixin.py:188} INFO - [2024-03-28T18:17:50.928+0000] {dagbag.py:540} INFO - Filling up the DagBag from /opt/airflow/dags/operationalData/employees.xlsx
[2024-03-28T18:17:50.962+0000] {processor.py:842} WARNING - No viable dags retrieved from /opt/airflow/dags/operationalData/employees.xlsx
[2024-03-28T18:17:51.002+0000] {processor.py:183} INFO - Processing /opt/airflow/dags/operationalData/employees.xlsx took 0.095 seconds
[2024-03-28T18:18:21.767+0000] {processor.py:161} INFO - Started process (PID=1189) to work on /opt/airflow/dags/operationalData/employees.xlsx
[2024-03-28T18:18:21.770+0000] {processor.py:830} INFO - Processing file /opt/airflow/dags/operationalData/employees.xlsx for tasks to queue
[2024-03-28T18:18:21.775+0000] {logging_mixin.py:188} INFO - [2024-03-28T18:18:21.774+0000] {dagbag.py:540} INFO - Filling up the DagBag from /opt/airflow/dags/operationalData/employees.xlsx
[2024-03-28T18:18:21.810+0000] {processor.py:842} WARNING - No viable dags retrieved from /opt/airflow/dags/operationalData/employees.xlsx
[2024-03-28T18:18:21.846+0000] {processor.py:183} INFO - Processing /opt/airflow/dags/operationalData/employees.xlsx took 0.086 seconds
[2024-03-28T18:18:52.597+0000] {processor.py:161} INFO - Started process (PID=1202) to work on /opt/airflow/dags/operationalData/employees.xlsx
[2024-03-28T18:18:52.607+0000] {processor.py:830} INFO - Processing file /opt/airflow/dags/operationalData/employees.xlsx for tasks to queue
[2024-03-28T18:18:52.632+0000] {logging_mixin.py:188} INFO - [2024-03-28T18:18:52.631+0000] {dagbag.py:540} INFO - Filling up the DagBag from /opt/airflow/dags/operationalData/employees.xlsx
[2024-03-28T18:18:52.669+0000] {processor.py:842} WARNING - No viable dags retrieved from /opt/airflow/dags/operationalData/employees.xlsx
[2024-03-28T18:18:52.726+0000] {processor.py:183} INFO - Processing /opt/airflow/dags/operationalData/employees.xlsx took 0.151 seconds
[2024-03-28T18:19:23.390+0000] {processor.py:161} INFO - Started process (PID=1215) to work on /opt/airflow/dags/operationalData/employees.xlsx
[2024-03-28T18:19:23.393+0000] {processor.py:830} INFO - Processing file /opt/airflow/dags/operationalData/employees.xlsx for tasks to queue
[2024-03-28T18:19:23.399+0000] {logging_mixin.py:188} INFO - [2024-03-28T18:19:23.398+0000] {dagbag.py:540} INFO - Filling up the DagBag from /opt/airflow/dags/operationalData/employees.xlsx
[2024-03-28T18:19:23.435+0000] {processor.py:842} WARNING - No viable dags retrieved from /opt/airflow/dags/operationalData/employees.xlsx
[2024-03-28T18:19:23.468+0000] {processor.py:183} INFO - Processing /opt/airflow/dags/operationalData/employees.xlsx took 0.088 seconds
[2024-03-28T18:19:54.223+0000] {processor.py:161} INFO - Started process (PID=1228) to work on /opt/airflow/dags/operationalData/employees.xlsx
[2024-03-28T18:19:54.226+0000] {processor.py:830} INFO - Processing file /opt/airflow/dags/operationalData/employees.xlsx for tasks to queue
[2024-03-28T18:19:54.230+0000] {logging_mixin.py:188} INFO - [2024-03-28T18:19:54.230+0000] {dagbag.py:540} INFO - Filling up the DagBag from /opt/airflow/dags/operationalData/employees.xlsx
[2024-03-28T18:19:54.267+0000] {processor.py:842} WARNING - No viable dags retrieved from /opt/airflow/dags/operationalData/employees.xlsx
[2024-03-28T18:19:54.307+0000] {processor.py:183} INFO - Processing /opt/airflow/dags/operationalData/employees.xlsx took 0.091 seconds
[2024-03-28T18:20:25.006+0000] {processor.py:161} INFO - Started process (PID=1241) to work on /opt/airflow/dags/operationalData/employees.xlsx
[2024-03-28T18:20:25.009+0000] {processor.py:830} INFO - Processing file /opt/airflow/dags/operationalData/employees.xlsx for tasks to queue
[2024-03-28T18:20:25.013+0000] {logging_mixin.py:188} INFO - [2024-03-28T18:20:25.012+0000] {dagbag.py:540} INFO - Filling up the DagBag from /opt/airflow/dags/operationalData/employees.xlsx
[2024-03-28T18:20:25.049+0000] {processor.py:842} WARNING - No viable dags retrieved from /opt/airflow/dags/operationalData/employees.xlsx
[2024-03-28T18:20:25.087+0000] {processor.py:183} INFO - Processing /opt/airflow/dags/operationalData/employees.xlsx took 0.090 seconds
[2024-03-28T18:20:55.746+0000] {processor.py:161} INFO - Started process (PID=1253) to work on /opt/airflow/dags/operationalData/employees.xlsx
[2024-03-28T18:20:55.748+0000] {processor.py:830} INFO - Processing file /opt/airflow/dags/operationalData/employees.xlsx for tasks to queue
[2024-03-28T18:20:55.753+0000] {logging_mixin.py:188} INFO - [2024-03-28T18:20:55.752+0000] {dagbag.py:540} INFO - Filling up the DagBag from /opt/airflow/dags/operationalData/employees.xlsx
[2024-03-28T18:20:55.788+0000] {processor.py:842} WARNING - No viable dags retrieved from /opt/airflow/dags/operationalData/employees.xlsx
[2024-03-28T18:20:55.820+0000] {processor.py:183} INFO - Processing /opt/airflow/dags/operationalData/employees.xlsx took 0.081 seconds
[2024-03-28T18:21:26.413+0000] {processor.py:161} INFO - Started process (PID=1265) to work on /opt/airflow/dags/operationalData/employees.xlsx
[2024-03-28T18:21:26.415+0000] {processor.py:830} INFO - Processing file /opt/airflow/dags/operationalData/employees.xlsx for tasks to queue
[2024-03-28T18:21:26.421+0000] {logging_mixin.py:188} INFO - [2024-03-28T18:21:26.420+0000] {dagbag.py:540} INFO - Filling up the DagBag from /opt/airflow/dags/operationalData/employees.xlsx
[2024-03-28T18:21:26.454+0000] {processor.py:842} WARNING - No viable dags retrieved from /opt/airflow/dags/operationalData/employees.xlsx
[2024-03-28T18:21:26.492+0000] {processor.py:183} INFO - Processing /opt/airflow/dags/operationalData/employees.xlsx took 0.093 seconds
[2024-03-28T18:21:57.179+0000] {processor.py:161} INFO - Started process (PID=1278) to work on /opt/airflow/dags/operationalData/employees.xlsx
[2024-03-28T18:21:57.182+0000] {processor.py:830} INFO - Processing file /opt/airflow/dags/operationalData/employees.xlsx for tasks to queue
[2024-03-28T18:21:57.186+0000] {logging_mixin.py:188} INFO - [2024-03-28T18:21:57.185+0000] {dagbag.py:540} INFO - Filling up the DagBag from /opt/airflow/dags/operationalData/employees.xlsx
[2024-03-28T18:21:57.220+0000] {processor.py:842} WARNING - No viable dags retrieved from /opt/airflow/dags/operationalData/employees.xlsx
[2024-03-28T18:21:57.254+0000] {processor.py:183} INFO - Processing /opt/airflow/dags/operationalData/employees.xlsx took 0.085 seconds
[2024-03-28T18:22:27.985+0000] {processor.py:161} INFO - Started process (PID=1291) to work on /opt/airflow/dags/operationalData/employees.xlsx
[2024-03-28T18:22:27.988+0000] {processor.py:830} INFO - Processing file /opt/airflow/dags/operationalData/employees.xlsx for tasks to queue
[2024-03-28T18:22:27.992+0000] {logging_mixin.py:188} INFO - [2024-03-28T18:22:27.991+0000] {dagbag.py:540} INFO - Filling up the DagBag from /opt/airflow/dags/operationalData/employees.xlsx
[2024-03-28T18:22:28.027+0000] {processor.py:842} WARNING - No viable dags retrieved from /opt/airflow/dags/operationalData/employees.xlsx
[2024-03-28T18:22:28.062+0000] {processor.py:183} INFO - Processing /opt/airflow/dags/operationalData/employees.xlsx took 0.087 seconds
[2024-03-28T18:22:58.499+0000] {processor.py:161} INFO - Started process (PID=1304) to work on /opt/airflow/dags/operationalData/employees.xlsx
[2024-03-28T18:22:58.502+0000] {processor.py:830} INFO - Processing file /opt/airflow/dags/operationalData/employees.xlsx for tasks to queue
[2024-03-28T18:22:58.507+0000] {logging_mixin.py:188} INFO - [2024-03-28T18:22:58.506+0000] {dagbag.py:540} INFO - Filling up the DagBag from /opt/airflow/dags/operationalData/employees.xlsx
[2024-03-28T18:22:58.543+0000] {processor.py:842} WARNING - No viable dags retrieved from /opt/airflow/dags/operationalData/employees.xlsx
[2024-03-28T18:22:58.579+0000] {processor.py:183} INFO - Processing /opt/airflow/dags/operationalData/employees.xlsx took 0.087 seconds
[2024-03-28T18:23:29.427+0000] {processor.py:161} INFO - Started process (PID=1317) to work on /opt/airflow/dags/operationalData/employees.xlsx
[2024-03-28T18:23:29.429+0000] {processor.py:830} INFO - Processing file /opt/airflow/dags/operationalData/employees.xlsx for tasks to queue
[2024-03-28T18:23:29.436+0000] {logging_mixin.py:188} INFO - [2024-03-28T18:23:29.435+0000] {dagbag.py:540} INFO - Filling up the DagBag from /opt/airflow/dags/operationalData/employees.xlsx
[2024-03-28T18:23:29.474+0000] {processor.py:842} WARNING - No viable dags retrieved from /opt/airflow/dags/operationalData/employees.xlsx
[2024-03-28T18:23:29.514+0000] {processor.py:183} INFO - Processing /opt/airflow/dags/operationalData/employees.xlsx took 0.095 seconds
[2024-03-28T18:24:00.159+0000] {processor.py:161} INFO - Started process (PID=1330) to work on /opt/airflow/dags/operationalData/employees.xlsx
[2024-03-28T18:24:00.162+0000] {processor.py:830} INFO - Processing file /opt/airflow/dags/operationalData/employees.xlsx for tasks to queue
[2024-03-28T18:24:00.167+0000] {logging_mixin.py:188} INFO - [2024-03-28T18:24:00.166+0000] {dagbag.py:540} INFO - Filling up the DagBag from /opt/airflow/dags/operationalData/employees.xlsx
[2024-03-28T18:24:00.204+0000] {processor.py:842} WARNING - No viable dags retrieved from /opt/airflow/dags/operationalData/employees.xlsx
[2024-03-28T18:24:00.238+0000] {processor.py:183} INFO - Processing /opt/airflow/dags/operationalData/employees.xlsx took 0.086 seconds
[2024-03-28T18:24:31.206+0000] {processor.py:161} INFO - Started process (PID=1343) to work on /opt/airflow/dags/operationalData/employees.xlsx
[2024-03-28T18:24:31.209+0000] {processor.py:830} INFO - Processing file /opt/airflow/dags/operationalData/employees.xlsx for tasks to queue
[2024-03-28T18:24:31.215+0000] {logging_mixin.py:188} INFO - [2024-03-28T18:24:31.215+0000] {dagbag.py:540} INFO - Filling up the DagBag from /opt/airflow/dags/operationalData/employees.xlsx
[2024-03-28T18:24:31.250+0000] {processor.py:842} WARNING - No viable dags retrieved from /opt/airflow/dags/operationalData/employees.xlsx
[2024-03-28T18:24:31.283+0000] {processor.py:183} INFO - Processing /opt/airflow/dags/operationalData/employees.xlsx took 0.086 seconds
[2024-03-28T18:25:02.052+0000] {processor.py:161} INFO - Started process (PID=1356) to work on /opt/airflow/dags/operationalData/employees.xlsx
[2024-03-28T18:25:02.055+0000] {processor.py:830} INFO - Processing file /opt/airflow/dags/operationalData/employees.xlsx for tasks to queue
[2024-03-28T18:25:02.060+0000] {logging_mixin.py:188} INFO - [2024-03-28T18:25:02.060+0000] {dagbag.py:540} INFO - Filling up the DagBag from /opt/airflow/dags/operationalData/employees.xlsx
[2024-03-28T18:25:02.099+0000] {processor.py:842} WARNING - No viable dags retrieved from /opt/airflow/dags/operationalData/employees.xlsx
[2024-03-28T18:25:02.143+0000] {processor.py:183} INFO - Processing /opt/airflow/dags/operationalData/employees.xlsx took 0.100 seconds
[2024-03-28T18:25:32.909+0000] {processor.py:161} INFO - Started process (PID=1369) to work on /opt/airflow/dags/operationalData/employees.xlsx
[2024-03-28T18:25:32.915+0000] {processor.py:830} INFO - Processing file /opt/airflow/dags/operationalData/employees.xlsx for tasks to queue
[2024-03-28T18:25:32.923+0000] {logging_mixin.py:188} INFO - [2024-03-28T18:25:32.921+0000] {dagbag.py:540} INFO - Filling up the DagBag from /opt/airflow/dags/operationalData/employees.xlsx
[2024-03-28T18:25:32.968+0000] {processor.py:842} WARNING - No viable dags retrieved from /opt/airflow/dags/operationalData/employees.xlsx
[2024-03-28T18:25:33.030+0000] {processor.py:183} INFO - Processing /opt/airflow/dags/operationalData/employees.xlsx took 0.143 seconds
[2024-03-28T18:26:03.835+0000] {processor.py:161} INFO - Started process (PID=1382) to work on /opt/airflow/dags/operationalData/employees.xlsx
[2024-03-28T18:26:03.838+0000] {processor.py:830} INFO - Processing file /opt/airflow/dags/operationalData/employees.xlsx for tasks to queue
[2024-03-28T18:26:03.851+0000] {logging_mixin.py:188} INFO - [2024-03-28T18:26:03.850+0000] {dagbag.py:540} INFO - Filling up the DagBag from /opt/airflow/dags/operationalData/employees.xlsx
[2024-03-28T18:26:03.898+0000] {processor.py:842} WARNING - No viable dags retrieved from /opt/airflow/dags/operationalData/employees.xlsx
[2024-03-28T18:26:03.940+0000] {processor.py:183} INFO - Processing /opt/airflow/dags/operationalData/employees.xlsx took 0.124 seconds
[2024-03-28T18:26:34.700+0000] {processor.py:161} INFO - Started process (PID=1395) to work on /opt/airflow/dags/operationalData/employees.xlsx
[2024-03-28T18:26:34.703+0000] {processor.py:830} INFO - Processing file /opt/airflow/dags/operationalData/employees.xlsx for tasks to queue
[2024-03-28T18:26:34.710+0000] {logging_mixin.py:188} INFO - [2024-03-28T18:26:34.709+0000] {dagbag.py:540} INFO - Filling up the DagBag from /opt/airflow/dags/operationalData/employees.xlsx
[2024-03-28T18:26:34.739+0000] {processor.py:842} WARNING - No viable dags retrieved from /opt/airflow/dags/operationalData/employees.xlsx
[2024-03-28T18:26:34.779+0000] {processor.py:183} INFO - Processing /opt/airflow/dags/operationalData/employees.xlsx took 0.092 seconds
[2024-03-28T18:27:05.008+0000] {processor.py:161} INFO - Started process (PID=1408) to work on /opt/airflow/dags/operationalData/employees.xlsx
[2024-03-28T18:27:05.011+0000] {processor.py:830} INFO - Processing file /opt/airflow/dags/operationalData/employees.xlsx for tasks to queue
[2024-03-28T18:27:05.016+0000] {logging_mixin.py:188} INFO - [2024-03-28T18:27:05.015+0000] {dagbag.py:540} INFO - Filling up the DagBag from /opt/airflow/dags/operationalData/employees.xlsx
[2024-03-28T18:27:05.051+0000] {processor.py:842} WARNING - No viable dags retrieved from /opt/airflow/dags/operationalData/employees.xlsx
[2024-03-28T18:27:05.090+0000] {processor.py:183} INFO - Processing /opt/airflow/dags/operationalData/employees.xlsx took 0.089 seconds
[2024-03-28T18:27:35.365+0000] {processor.py:161} INFO - Started process (PID=1421) to work on /opt/airflow/dags/operationalData/employees.xlsx
[2024-03-28T18:27:35.367+0000] {processor.py:830} INFO - Processing file /opt/airflow/dags/operationalData/employees.xlsx for tasks to queue
[2024-03-28T18:27:35.373+0000] {logging_mixin.py:188} INFO - [2024-03-28T18:27:35.372+0000] {dagbag.py:540} INFO - Filling up the DagBag from /opt/airflow/dags/operationalData/employees.xlsx
[2024-03-28T18:27:35.408+0000] {processor.py:842} WARNING - No viable dags retrieved from /opt/airflow/dags/operationalData/employees.xlsx
[2024-03-28T18:27:35.441+0000] {processor.py:183} INFO - Processing /opt/airflow/dags/operationalData/employees.xlsx took 0.084 seconds
[2024-03-28T18:28:06.178+0000] {processor.py:161} INFO - Started process (PID=1434) to work on /opt/airflow/dags/operationalData/employees.xlsx
[2024-03-28T18:28:06.181+0000] {processor.py:830} INFO - Processing file /opt/airflow/dags/operationalData/employees.xlsx for tasks to queue
[2024-03-28T18:28:06.186+0000] {logging_mixin.py:188} INFO - [2024-03-28T18:28:06.184+0000] {dagbag.py:540} INFO - Filling up the DagBag from /opt/airflow/dags/operationalData/employees.xlsx
[2024-03-28T18:28:06.221+0000] {processor.py:842} WARNING - No viable dags retrieved from /opt/airflow/dags/operationalData/employees.xlsx
[2024-03-28T18:28:06.257+0000] {processor.py:183} INFO - Processing /opt/airflow/dags/operationalData/employees.xlsx took 0.085 seconds
[2024-03-28T18:28:36.843+0000] {processor.py:161} INFO - Started process (PID=1447) to work on /opt/airflow/dags/operationalData/employees.xlsx
[2024-03-28T18:28:36.846+0000] {processor.py:830} INFO - Processing file /opt/airflow/dags/operationalData/employees.xlsx for tasks to queue
[2024-03-28T18:28:36.853+0000] {logging_mixin.py:188} INFO - [2024-03-28T18:28:36.852+0000] {dagbag.py:540} INFO - Filling up the DagBag from /opt/airflow/dags/operationalData/employees.xlsx
[2024-03-28T18:28:36.892+0000] {processor.py:842} WARNING - No viable dags retrieved from /opt/airflow/dags/operationalData/employees.xlsx
[2024-03-28T18:28:36.935+0000] {processor.py:183} INFO - Processing /opt/airflow/dags/operationalData/employees.xlsx took 0.101 seconds
[2024-03-28T18:29:07.814+0000] {processor.py:161} INFO - Started process (PID=1460) to work on /opt/airflow/dags/operationalData/employees.xlsx
[2024-03-28T18:29:07.816+0000] {processor.py:830} INFO - Processing file /opt/airflow/dags/operationalData/employees.xlsx for tasks to queue
[2024-03-28T18:29:07.821+0000] {logging_mixin.py:188} INFO - [2024-03-28T18:29:07.820+0000] {dagbag.py:540} INFO - Filling up the DagBag from /opt/airflow/dags/operationalData/employees.xlsx
[2024-03-28T18:29:07.860+0000] {processor.py:842} WARNING - No viable dags retrieved from /opt/airflow/dags/operationalData/employees.xlsx
[2024-03-28T18:29:07.894+0000] {processor.py:183} INFO - Processing /opt/airflow/dags/operationalData/employees.xlsx took 0.089 seconds
[2024-03-28T18:29:38.466+0000] {processor.py:161} INFO - Started process (PID=1473) to work on /opt/airflow/dags/operationalData/employees.xlsx
[2024-03-28T18:29:38.469+0000] {processor.py:830} INFO - Processing file /opt/airflow/dags/operationalData/employees.xlsx for tasks to queue
[2024-03-28T18:29:38.473+0000] {logging_mixin.py:188} INFO - [2024-03-28T18:29:38.473+0000] {dagbag.py:540} INFO - Filling up the DagBag from /opt/airflow/dags/operationalData/employees.xlsx
[2024-03-28T18:29:38.513+0000] {processor.py:842} WARNING - No viable dags retrieved from /opt/airflow/dags/operationalData/employees.xlsx
[2024-03-28T18:29:38.548+0000] {processor.py:183} INFO - Processing /opt/airflow/dags/operationalData/employees.xlsx took 0.091 seconds
[2024-03-28T18:30:09.218+0000] {processor.py:161} INFO - Started process (PID=1486) to work on /opt/airflow/dags/operationalData/employees.xlsx
[2024-03-28T18:30:09.221+0000] {processor.py:830} INFO - Processing file /opt/airflow/dags/operationalData/employees.xlsx for tasks to queue
[2024-03-28T18:30:09.226+0000] {logging_mixin.py:188} INFO - [2024-03-28T18:30:09.225+0000] {dagbag.py:540} INFO - Filling up the DagBag from /opt/airflow/dags/operationalData/employees.xlsx
[2024-03-28T18:30:09.261+0000] {processor.py:842} WARNING - No viable dags retrieved from /opt/airflow/dags/operationalData/employees.xlsx
[2024-03-28T18:30:09.303+0000] {processor.py:183} INFO - Processing /opt/airflow/dags/operationalData/employees.xlsx took 0.094 seconds
[2024-03-28T18:30:40.027+0000] {processor.py:161} INFO - Started process (PID=1499) to work on /opt/airflow/dags/operationalData/employees.xlsx
[2024-03-28T18:30:40.031+0000] {processor.py:830} INFO - Processing file /opt/airflow/dags/operationalData/employees.xlsx for tasks to queue
[2024-03-28T18:30:40.036+0000] {logging_mixin.py:188} INFO - [2024-03-28T18:30:40.035+0000] {dagbag.py:540} INFO - Filling up the DagBag from /opt/airflow/dags/operationalData/employees.xlsx
[2024-03-28T18:30:40.067+0000] {processor.py:842} WARNING - No viable dags retrieved from /opt/airflow/dags/operationalData/employees.xlsx
[2024-03-28T18:30:40.104+0000] {processor.py:183} INFO - Processing /opt/airflow/dags/operationalData/employees.xlsx took 0.087 seconds
[2024-03-28T18:31:10.817+0000] {processor.py:161} INFO - Started process (PID=1512) to work on /opt/airflow/dags/operationalData/employees.xlsx
[2024-03-28T18:31:10.820+0000] {processor.py:830} INFO - Processing file /opt/airflow/dags/operationalData/employees.xlsx for tasks to queue
[2024-03-28T18:31:10.824+0000] {logging_mixin.py:188} INFO - [2024-03-28T18:31:10.824+0000] {dagbag.py:540} INFO - Filling up the DagBag from /opt/airflow/dags/operationalData/employees.xlsx
[2024-03-28T18:31:10.864+0000] {processor.py:842} WARNING - No viable dags retrieved from /opt/airflow/dags/operationalData/employees.xlsx
[2024-03-28T18:31:10.903+0000] {processor.py:183} INFO - Processing /opt/airflow/dags/operationalData/employees.xlsx took 0.093 seconds
[2024-03-28T18:31:41.620+0000] {processor.py:161} INFO - Started process (PID=1525) to work on /opt/airflow/dags/operationalData/employees.xlsx
[2024-03-28T18:31:41.623+0000] {processor.py:830} INFO - Processing file /opt/airflow/dags/operationalData/employees.xlsx for tasks to queue
[2024-03-28T18:31:41.627+0000] {logging_mixin.py:188} INFO - [2024-03-28T18:31:41.626+0000] {dagbag.py:540} INFO - Filling up the DagBag from /opt/airflow/dags/operationalData/employees.xlsx
[2024-03-28T18:31:41.667+0000] {processor.py:842} WARNING - No viable dags retrieved from /opt/airflow/dags/operationalData/employees.xlsx
[2024-03-28T18:31:41.706+0000] {processor.py:183} INFO - Processing /opt/airflow/dags/operationalData/employees.xlsx took 0.095 seconds
[2024-03-28T18:32:12.479+0000] {processor.py:161} INFO - Started process (PID=1538) to work on /opt/airflow/dags/operationalData/employees.xlsx
[2024-03-28T18:32:12.483+0000] {processor.py:830} INFO - Processing file /opt/airflow/dags/operationalData/employees.xlsx for tasks to queue
[2024-03-28T18:32:12.490+0000] {logging_mixin.py:188} INFO - [2024-03-28T18:32:12.489+0000] {dagbag.py:540} INFO - Filling up the DagBag from /opt/airflow/dags/operationalData/employees.xlsx
[2024-03-28T18:32:12.528+0000] {processor.py:842} WARNING - No viable dags retrieved from /opt/airflow/dags/operationalData/employees.xlsx
[2024-03-28T18:32:12.564+0000] {processor.py:183} INFO - Processing /opt/airflow/dags/operationalData/employees.xlsx took 0.099 seconds
[2024-03-28T18:32:42.835+0000] {processor.py:161} INFO - Started process (PID=1551) to work on /opt/airflow/dags/operationalData/employees.xlsx
[2024-03-28T18:32:42.838+0000] {processor.py:830} INFO - Processing file /opt/airflow/dags/operationalData/employees.xlsx for tasks to queue
[2024-03-28T18:32:42.843+0000] {logging_mixin.py:188} INFO - [2024-03-28T18:32:42.843+0000] {dagbag.py:540} INFO - Filling up the DagBag from /opt/airflow/dags/operationalData/employees.xlsx
[2024-03-28T18:32:42.876+0000] {processor.py:842} WARNING - No viable dags retrieved from /opt/airflow/dags/operationalData/employees.xlsx
[2024-03-28T18:32:42.923+0000] {processor.py:183} INFO - Processing /opt/airflow/dags/operationalData/employees.xlsx took 0.100 seconds
[2024-03-28T18:33:13.527+0000] {processor.py:161} INFO - Started process (PID=1564) to work on /opt/airflow/dags/operationalData/employees.xlsx
[2024-03-28T18:33:13.530+0000] {processor.py:830} INFO - Processing file /opt/airflow/dags/operationalData/employees.xlsx for tasks to queue
[2024-03-28T18:33:13.535+0000] {logging_mixin.py:188} INFO - [2024-03-28T18:33:13.534+0000] {dagbag.py:540} INFO - Filling up the DagBag from /opt/airflow/dags/operationalData/employees.xlsx
[2024-03-28T18:33:13.572+0000] {processor.py:842} WARNING - No viable dags retrieved from /opt/airflow/dags/operationalData/employees.xlsx
[2024-03-28T18:33:13.618+0000] {processor.py:183} INFO - Processing /opt/airflow/dags/operationalData/employees.xlsx took 0.100 seconds
[2024-03-28T18:33:44.196+0000] {processor.py:161} INFO - Started process (PID=1577) to work on /opt/airflow/dags/operationalData/employees.xlsx
[2024-03-28T18:33:44.199+0000] {processor.py:830} INFO - Processing file /opt/airflow/dags/operationalData/employees.xlsx for tasks to queue
[2024-03-28T18:33:44.205+0000] {logging_mixin.py:188} INFO - [2024-03-28T18:33:44.204+0000] {dagbag.py:540} INFO - Filling up the DagBag from /opt/airflow/dags/operationalData/employees.xlsx
[2024-03-28T18:33:44.243+0000] {processor.py:842} WARNING - No viable dags retrieved from /opt/airflow/dags/operationalData/employees.xlsx
[2024-03-28T18:33:44.281+0000] {processor.py:183} INFO - Processing /opt/airflow/dags/operationalData/employees.xlsx took 0.096 seconds
[2024-03-28T18:34:14.822+0000] {processor.py:161} INFO - Started process (PID=1590) to work on /opt/airflow/dags/operationalData/employees.xlsx
[2024-03-28T18:34:14.825+0000] {processor.py:830} INFO - Processing file /opt/airflow/dags/operationalData/employees.xlsx for tasks to queue
[2024-03-28T18:34:14.830+0000] {logging_mixin.py:188} INFO - [2024-03-28T18:34:14.829+0000] {dagbag.py:540} INFO - Filling up the DagBag from /opt/airflow/dags/operationalData/employees.xlsx
[2024-03-28T18:34:14.867+0000] {processor.py:842} WARNING - No viable dags retrieved from /opt/airflow/dags/operationalData/employees.xlsx
[2024-03-28T18:34:14.904+0000] {processor.py:183} INFO - Processing /opt/airflow/dags/operationalData/employees.xlsx took 0.090 seconds
[2024-03-28T18:34:45.649+0000] {processor.py:161} INFO - Started process (PID=1603) to work on /opt/airflow/dags/operationalData/employees.xlsx
[2024-03-28T18:34:45.652+0000] {processor.py:830} INFO - Processing file /opt/airflow/dags/operationalData/employees.xlsx for tasks to queue
[2024-03-28T18:34:45.661+0000] {logging_mixin.py:188} INFO - [2024-03-28T18:34:45.660+0000] {dagbag.py:540} INFO - Filling up the DagBag from /opt/airflow/dags/operationalData/employees.xlsx
[2024-03-28T18:34:45.693+0000] {processor.py:842} WARNING - No viable dags retrieved from /opt/airflow/dags/operationalData/employees.xlsx
[2024-03-28T18:34:45.728+0000] {processor.py:183} INFO - Processing /opt/airflow/dags/operationalData/employees.xlsx took 0.088 seconds
[2024-03-28T18:35:16.339+0000] {processor.py:161} INFO - Started process (PID=1616) to work on /opt/airflow/dags/operationalData/employees.xlsx
[2024-03-28T18:35:16.341+0000] {processor.py:830} INFO - Processing file /opt/airflow/dags/operationalData/employees.xlsx for tasks to queue
[2024-03-28T18:35:16.346+0000] {logging_mixin.py:188} INFO - [2024-03-28T18:35:16.345+0000] {dagbag.py:540} INFO - Filling up the DagBag from /opt/airflow/dags/operationalData/employees.xlsx
[2024-03-28T18:35:16.379+0000] {processor.py:842} WARNING - No viable dags retrieved from /opt/airflow/dags/operationalData/employees.xlsx
[2024-03-28T18:35:16.410+0000] {processor.py:183} INFO - Processing /opt/airflow/dags/operationalData/employees.xlsx took 0.077 seconds
[2024-03-28T18:35:47.070+0000] {processor.py:161} INFO - Started process (PID=1628) to work on /opt/airflow/dags/operationalData/employees.xlsx
[2024-03-28T18:35:47.074+0000] {processor.py:830} INFO - Processing file /opt/airflow/dags/operationalData/employees.xlsx for tasks to queue
[2024-03-28T18:35:47.079+0000] {logging_mixin.py:188} INFO - [2024-03-28T18:35:47.079+0000] {dagbag.py:540} INFO - Filling up the DagBag from /opt/airflow/dags/operationalData/employees.xlsx
[2024-03-28T18:35:47.115+0000] {processor.py:842} WARNING - No viable dags retrieved from /opt/airflow/dags/operationalData/employees.xlsx
[2024-03-28T18:35:47.152+0000] {processor.py:183} INFO - Processing /opt/airflow/dags/operationalData/employees.xlsx took 0.092 seconds
[2024-03-28T18:36:17.514+0000] {processor.py:161} INFO - Started process (PID=1640) to work on /opt/airflow/dags/operationalData/employees.xlsx
[2024-03-28T18:36:17.520+0000] {processor.py:830} INFO - Processing file /opt/airflow/dags/operationalData/employees.xlsx for tasks to queue
[2024-03-28T18:36:17.526+0000] {logging_mixin.py:188} INFO - [2024-03-28T18:36:17.525+0000] {dagbag.py:540} INFO - Filling up the DagBag from /opt/airflow/dags/operationalData/employees.xlsx
[2024-03-28T18:36:17.564+0000] {processor.py:842} WARNING - No viable dags retrieved from /opt/airflow/dags/operationalData/employees.xlsx
[2024-03-28T18:36:17.613+0000] {processor.py:183} INFO - Processing /opt/airflow/dags/operationalData/employees.xlsx took 0.111 seconds
[2024-03-28T18:36:48.284+0000] {processor.py:161} INFO - Started process (PID=1653) to work on /opt/airflow/dags/operationalData/employees.xlsx
[2024-03-28T18:36:48.287+0000] {processor.py:830} INFO - Processing file /opt/airflow/dags/operationalData/employees.xlsx for tasks to queue
[2024-03-28T18:36:48.292+0000] {logging_mixin.py:188} INFO - [2024-03-28T18:36:48.291+0000] {dagbag.py:540} INFO - Filling up the DagBag from /opt/airflow/dags/operationalData/employees.xlsx
[2024-03-28T18:36:48.327+0000] {processor.py:842} WARNING - No viable dags retrieved from /opt/airflow/dags/operationalData/employees.xlsx
[2024-03-28T18:36:48.370+0000] {processor.py:183} INFO - Processing /opt/airflow/dags/operationalData/employees.xlsx took 0.096 seconds
[2024-03-28T18:37:19.102+0000] {processor.py:161} INFO - Started process (PID=1666) to work on /opt/airflow/dags/operationalData/employees.xlsx
[2024-03-28T18:37:19.105+0000] {processor.py:830} INFO - Processing file /opt/airflow/dags/operationalData/employees.xlsx for tasks to queue
[2024-03-28T18:37:19.114+0000] {logging_mixin.py:188} INFO - [2024-03-28T18:37:19.112+0000] {dagbag.py:540} INFO - Filling up the DagBag from /opt/airflow/dags/operationalData/employees.xlsx
[2024-03-28T18:37:19.156+0000] {processor.py:842} WARNING - No viable dags retrieved from /opt/airflow/dags/operationalData/employees.xlsx
[2024-03-28T18:37:19.208+0000] {processor.py:183} INFO - Processing /opt/airflow/dags/operationalData/employees.xlsx took 0.117 seconds
[2024-03-28T18:37:50.229+0000] {processor.py:161} INFO - Started process (PID=1679) to work on /opt/airflow/dags/operationalData/employees.xlsx
[2024-03-28T18:37:50.232+0000] {processor.py:830} INFO - Processing file /opt/airflow/dags/operationalData/employees.xlsx for tasks to queue
[2024-03-28T18:37:50.236+0000] {logging_mixin.py:188} INFO - [2024-03-28T18:37:50.235+0000] {dagbag.py:540} INFO - Filling up the DagBag from /opt/airflow/dags/operationalData/employees.xlsx
[2024-03-28T18:37:50.271+0000] {processor.py:842} WARNING - No viable dags retrieved from /opt/airflow/dags/operationalData/employees.xlsx
[2024-03-28T18:37:50.308+0000] {processor.py:183} INFO - Processing /opt/airflow/dags/operationalData/employees.xlsx took 0.088 seconds
[2024-03-28T18:38:21.123+0000] {processor.py:161} INFO - Started process (PID=1692) to work on /opt/airflow/dags/operationalData/employees.xlsx
[2024-03-28T18:38:21.126+0000] {processor.py:830} INFO - Processing file /opt/airflow/dags/operationalData/employees.xlsx for tasks to queue
[2024-03-28T18:38:21.133+0000] {logging_mixin.py:188} INFO - [2024-03-28T18:38:21.132+0000] {dagbag.py:540} INFO - Filling up the DagBag from /opt/airflow/dags/operationalData/employees.xlsx
[2024-03-28T18:38:21.168+0000] {processor.py:842} WARNING - No viable dags retrieved from /opt/airflow/dags/operationalData/employees.xlsx
[2024-03-28T18:38:21.211+0000] {processor.py:183} INFO - Processing /opt/airflow/dags/operationalData/employees.xlsx took 0.096 seconds
