[2024-03-28T17:28:53.241+0000] {processor.py:161} INFO - Started process (PID=45) to work on /opt/airflow/dags/operationalData/products.xlsx
[2024-03-28T17:28:53.244+0000] {processor.py:830} INFO - Processing file /opt/airflow/dags/operationalData/products.xlsx for tasks to queue
[2024-03-28T17:28:53.252+0000] {logging_mixin.py:188} INFO - [2024-03-28T17:28:53.251+0000] {dagbag.py:540} INFO - Filling up the DagBag from /opt/airflow/dags/operationalData/products.xlsx
[2024-03-28T17:28:53.279+0000] {processor.py:842} WARNING - No viable dags retrieved from /opt/airflow/dags/operationalData/products.xlsx
[2024-03-28T17:28:53.322+0000] {processor.py:183} INFO - Processing /opt/airflow/dags/operationalData/products.xlsx took 0.093 seconds
[2024-03-28T17:29:23.573+0000] {processor.py:161} INFO - Started process (PID=56) to work on /opt/airflow/dags/operationalData/products.xlsx
[2024-03-28T17:29:23.578+0000] {processor.py:830} INFO - Processing file /opt/airflow/dags/operationalData/products.xlsx for tasks to queue
[2024-03-28T17:29:23.593+0000] {logging_mixin.py:188} INFO - [2024-03-28T17:29:23.592+0000] {dagbag.py:540} INFO - Filling up the DagBag from /opt/airflow/dags/operationalData/products.xlsx
[2024-03-28T17:29:23.634+0000] {processor.py:842} WARNING - No viable dags retrieved from /opt/airflow/dags/operationalData/products.xlsx
[2024-03-28T17:29:23.694+0000] {processor.py:183} INFO - Processing /opt/airflow/dags/operationalData/products.xlsx took 0.138 seconds
[2024-03-28T17:29:54.523+0000] {processor.py:161} INFO - Started process (PID=69) to work on /opt/airflow/dags/operationalData/products.xlsx
[2024-03-28T17:29:54.525+0000] {processor.py:830} INFO - Processing file /opt/airflow/dags/operationalData/products.xlsx for tasks to queue
[2024-03-28T17:29:54.532+0000] {logging_mixin.py:188} INFO - [2024-03-28T17:29:54.531+0000] {dagbag.py:540} INFO - Filling up the DagBag from /opt/airflow/dags/operationalData/products.xlsx
[2024-03-28T17:29:54.565+0000] {processor.py:842} WARNING - No viable dags retrieved from /opt/airflow/dags/operationalData/products.xlsx
[2024-03-28T17:29:54.600+0000] {processor.py:183} INFO - Processing /opt/airflow/dags/operationalData/products.xlsx took 0.086 seconds
[2024-03-28T17:30:25.063+0000] {processor.py:161} INFO - Started process (PID=82) to work on /opt/airflow/dags/operationalData/products.xlsx
[2024-03-28T17:30:25.066+0000] {processor.py:830} INFO - Processing file /opt/airflow/dags/operationalData/products.xlsx for tasks to queue
[2024-03-28T17:30:25.070+0000] {logging_mixin.py:188} INFO - [2024-03-28T17:30:25.069+0000] {dagbag.py:540} INFO - Filling up the DagBag from /opt/airflow/dags/operationalData/products.xlsx
[2024-03-28T17:30:25.111+0000] {processor.py:842} WARNING - No viable dags retrieved from /opt/airflow/dags/operationalData/products.xlsx
[2024-03-28T17:30:25.148+0000] {processor.py:183} INFO - Processing /opt/airflow/dags/operationalData/products.xlsx took 0.092 seconds
[2024-03-28T17:30:55.939+0000] {processor.py:161} INFO - Started process (PID=95) to work on /opt/airflow/dags/operationalData/products.xlsx
[2024-03-28T17:30:55.942+0000] {processor.py:830} INFO - Processing file /opt/airflow/dags/operationalData/products.xlsx for tasks to queue
[2024-03-28T17:30:55.948+0000] {logging_mixin.py:188} INFO - [2024-03-28T17:30:55.948+0000] {dagbag.py:540} INFO - Filling up the DagBag from /opt/airflow/dags/operationalData/products.xlsx
[2024-03-28T17:30:55.986+0000] {processor.py:842} WARNING - No viable dags retrieved from /opt/airflow/dags/operationalData/products.xlsx
[2024-03-28T17:30:56.020+0000] {processor.py:183} INFO - Processing /opt/airflow/dags/operationalData/products.xlsx took 0.089 seconds
[2024-03-28T17:31:26.242+0000] {processor.py:161} INFO - Started process (PID=108) to work on /opt/airflow/dags/operationalData/products.xlsx
[2024-03-28T17:31:26.246+0000] {processor.py:830} INFO - Processing file /opt/airflow/dags/operationalData/products.xlsx for tasks to queue
[2024-03-28T17:31:26.252+0000] {logging_mixin.py:188} INFO - [2024-03-28T17:31:26.251+0000] {dagbag.py:540} INFO - Filling up the DagBag from /opt/airflow/dags/operationalData/products.xlsx
[2024-03-28T17:31:26.288+0000] {processor.py:842} WARNING - No viable dags retrieved from /opt/airflow/dags/operationalData/products.xlsx
[2024-03-28T17:31:26.323+0000] {processor.py:183} INFO - Processing /opt/airflow/dags/operationalData/products.xlsx took 0.093 seconds
[2024-03-28T17:31:56.532+0000] {processor.py:161} INFO - Started process (PID=121) to work on /opt/airflow/dags/operationalData/products.xlsx
[2024-03-28T17:31:56.535+0000] {processor.py:830} INFO - Processing file /opt/airflow/dags/operationalData/products.xlsx for tasks to queue
[2024-03-28T17:31:56.539+0000] {logging_mixin.py:188} INFO - [2024-03-28T17:31:56.539+0000] {dagbag.py:540} INFO - Filling up the DagBag from /opt/airflow/dags/operationalData/products.xlsx
[2024-03-28T17:31:56.574+0000] {processor.py:842} WARNING - No viable dags retrieved from /opt/airflow/dags/operationalData/products.xlsx
[2024-03-28T17:31:56.609+0000] {processor.py:183} INFO - Processing /opt/airflow/dags/operationalData/products.xlsx took 0.085 seconds
[2024-03-28T17:32:27.530+0000] {processor.py:161} INFO - Started process (PID=134) to work on /opt/airflow/dags/operationalData/products.xlsx
[2024-03-28T17:32:27.532+0000] {processor.py:830} INFO - Processing file /opt/airflow/dags/operationalData/products.xlsx for tasks to queue
[2024-03-28T17:32:27.537+0000] {logging_mixin.py:188} INFO - [2024-03-28T17:32:27.536+0000] {dagbag.py:540} INFO - Filling up the DagBag from /opt/airflow/dags/operationalData/products.xlsx
[2024-03-28T17:32:27.577+0000] {processor.py:842} WARNING - No viable dags retrieved from /opt/airflow/dags/operationalData/products.xlsx
[2024-03-28T17:32:27.613+0000] {processor.py:183} INFO - Processing /opt/airflow/dags/operationalData/products.xlsx took 0.091 seconds
[2024-03-28T17:32:58.498+0000] {processor.py:161} INFO - Started process (PID=147) to work on /opt/airflow/dags/operationalData/products.xlsx
[2024-03-28T17:32:58.502+0000] {processor.py:830} INFO - Processing file /opt/airflow/dags/operationalData/products.xlsx for tasks to queue
[2024-03-28T17:32:58.517+0000] {logging_mixin.py:188} INFO - [2024-03-28T17:32:58.517+0000] {dagbag.py:540} INFO - Filling up the DagBag from /opt/airflow/dags/operationalData/products.xlsx
[2024-03-28T17:32:58.542+0000] {processor.py:842} WARNING - No viable dags retrieved from /opt/airflow/dags/operationalData/products.xlsx
[2024-03-28T17:32:58.571+0000] {processor.py:183} INFO - Processing /opt/airflow/dags/operationalData/products.xlsx took 0.091 seconds
[2024-03-28T17:33:28.854+0000] {processor.py:161} INFO - Started process (PID=160) to work on /opt/airflow/dags/operationalData/products.xlsx
[2024-03-28T17:33:28.857+0000] {processor.py:830} INFO - Processing file /opt/airflow/dags/operationalData/products.xlsx for tasks to queue
[2024-03-28T17:33:28.865+0000] {logging_mixin.py:188} INFO - [2024-03-28T17:33:28.864+0000] {dagbag.py:540} INFO - Filling up the DagBag from /opt/airflow/dags/operationalData/products.xlsx
[2024-03-28T17:33:28.906+0000] {processor.py:842} WARNING - No viable dags retrieved from /opt/airflow/dags/operationalData/products.xlsx
[2024-03-28T17:33:28.940+0000] {processor.py:183} INFO - Processing /opt/airflow/dags/operationalData/products.xlsx took 0.097 seconds
[2024-03-28T17:33:59.510+0000] {processor.py:161} INFO - Started process (PID=173) to work on /opt/airflow/dags/operationalData/products.xlsx
[2024-03-28T17:33:59.513+0000] {processor.py:830} INFO - Processing file /opt/airflow/dags/operationalData/products.xlsx for tasks to queue
[2024-03-28T17:33:59.517+0000] {logging_mixin.py:188} INFO - [2024-03-28T17:33:59.516+0000] {dagbag.py:540} INFO - Filling up the DagBag from /opt/airflow/dags/operationalData/products.xlsx
[2024-03-28T17:33:59.550+0000] {processor.py:842} WARNING - No viable dags retrieved from /opt/airflow/dags/operationalData/products.xlsx
[2024-03-28T17:33:59.577+0000] {processor.py:183} INFO - Processing /opt/airflow/dags/operationalData/products.xlsx took 0.074 seconds
[2024-03-28T17:34:30.286+0000] {processor.py:161} INFO - Started process (PID=186) to work on /opt/airflow/dags/operationalData/products.xlsx
[2024-03-28T17:34:30.290+0000] {processor.py:830} INFO - Processing file /opt/airflow/dags/operationalData/products.xlsx for tasks to queue
[2024-03-28T17:34:30.296+0000] {logging_mixin.py:188} INFO - [2024-03-28T17:34:30.295+0000] {dagbag.py:540} INFO - Filling up the DagBag from /opt/airflow/dags/operationalData/products.xlsx
[2024-03-28T17:34:30.336+0000] {processor.py:842} WARNING - No viable dags retrieved from /opt/airflow/dags/operationalData/products.xlsx
[2024-03-28T17:34:30.370+0000] {processor.py:183} INFO - Processing /opt/airflow/dags/operationalData/products.xlsx took 0.092 seconds
[2024-03-28T17:35:01.199+0000] {processor.py:161} INFO - Started process (PID=199) to work on /opt/airflow/dags/operationalData/products.xlsx
[2024-03-28T17:35:01.201+0000] {processor.py:830} INFO - Processing file /opt/airflow/dags/operationalData/products.xlsx for tasks to queue
[2024-03-28T17:35:01.205+0000] {logging_mixin.py:188} INFO - [2024-03-28T17:35:01.205+0000] {dagbag.py:540} INFO - Filling up the DagBag from /opt/airflow/dags/operationalData/products.xlsx
[2024-03-28T17:35:01.245+0000] {processor.py:842} WARNING - No viable dags retrieved from /opt/airflow/dags/operationalData/products.xlsx
[2024-03-28T17:35:01.281+0000] {processor.py:183} INFO - Processing /opt/airflow/dags/operationalData/products.xlsx took 0.089 seconds
[2024-03-28T17:35:32.062+0000] {processor.py:161} INFO - Started process (PID=212) to work on /opt/airflow/dags/operationalData/products.xlsx
[2024-03-28T17:35:32.065+0000] {processor.py:830} INFO - Processing file /opt/airflow/dags/operationalData/products.xlsx for tasks to queue
[2024-03-28T17:35:32.070+0000] {logging_mixin.py:188} INFO - [2024-03-28T17:35:32.069+0000] {dagbag.py:540} INFO - Filling up the DagBag from /opt/airflow/dags/operationalData/products.xlsx
[2024-03-28T17:35:32.102+0000] {processor.py:842} WARNING - No viable dags retrieved from /opt/airflow/dags/operationalData/products.xlsx
[2024-03-28T17:35:32.133+0000] {processor.py:183} INFO - Processing /opt/airflow/dags/operationalData/products.xlsx took 0.079 seconds
[2024-03-28T17:36:02.945+0000] {processor.py:161} INFO - Started process (PID=225) to work on /opt/airflow/dags/operationalData/products.xlsx
[2024-03-28T17:36:02.948+0000] {processor.py:830} INFO - Processing file /opt/airflow/dags/operationalData/products.xlsx for tasks to queue
[2024-03-28T17:36:02.953+0000] {logging_mixin.py:188} INFO - [2024-03-28T17:36:02.951+0000] {dagbag.py:540} INFO - Filling up the DagBag from /opt/airflow/dags/operationalData/products.xlsx
[2024-03-28T17:36:02.990+0000] {processor.py:842} WARNING - No viable dags retrieved from /opt/airflow/dags/operationalData/products.xlsx
[2024-03-28T17:36:03.025+0000] {processor.py:183} INFO - Processing /opt/airflow/dags/operationalData/products.xlsx took 0.087 seconds
[2024-03-28T17:36:33.799+0000] {processor.py:161} INFO - Started process (PID=238) to work on /opt/airflow/dags/operationalData/products.xlsx
[2024-03-28T17:36:33.802+0000] {processor.py:830} INFO - Processing file /opt/airflow/dags/operationalData/products.xlsx for tasks to queue
[2024-03-28T17:36:33.806+0000] {logging_mixin.py:188} INFO - [2024-03-28T17:36:33.806+0000] {dagbag.py:540} INFO - Filling up the DagBag from /opt/airflow/dags/operationalData/products.xlsx
[2024-03-28T17:36:33.845+0000] {processor.py:842} WARNING - No viable dags retrieved from /opt/airflow/dags/operationalData/products.xlsx
[2024-03-28T17:36:33.881+0000] {processor.py:183} INFO - Processing /opt/airflow/dags/operationalData/products.xlsx took 0.088 seconds
[2024-03-28T17:37:04.736+0000] {processor.py:161} INFO - Started process (PID=251) to work on /opt/airflow/dags/operationalData/products.xlsx
[2024-03-28T17:37:04.738+0000] {processor.py:830} INFO - Processing file /opt/airflow/dags/operationalData/products.xlsx for tasks to queue
[2024-03-28T17:37:04.743+0000] {logging_mixin.py:188} INFO - [2024-03-28T17:37:04.742+0000] {dagbag.py:540} INFO - Filling up the DagBag from /opt/airflow/dags/operationalData/products.xlsx
[2024-03-28T17:37:04.778+0000] {processor.py:842} WARNING - No viable dags retrieved from /opt/airflow/dags/operationalData/products.xlsx
[2024-03-28T17:37:04.806+0000] {processor.py:183} INFO - Processing /opt/airflow/dags/operationalData/products.xlsx took 0.078 seconds
[2024-03-28T17:37:35.452+0000] {processor.py:161} INFO - Started process (PID=264) to work on /opt/airflow/dags/operationalData/products.xlsx
[2024-03-28T17:37:35.455+0000] {processor.py:830} INFO - Processing file /opt/airflow/dags/operationalData/products.xlsx for tasks to queue
[2024-03-28T17:37:35.460+0000] {logging_mixin.py:188} INFO - [2024-03-28T17:37:35.459+0000] {dagbag.py:540} INFO - Filling up the DagBag from /opt/airflow/dags/operationalData/products.xlsx
[2024-03-28T17:37:35.499+0000] {processor.py:842} WARNING - No viable dags retrieved from /opt/airflow/dags/operationalData/products.xlsx
[2024-03-28T17:37:35.535+0000] {processor.py:183} INFO - Processing /opt/airflow/dags/operationalData/products.xlsx took 0.091 seconds
[2024-03-28T17:42:36.282+0000] {processor.py:161} INFO - Started process (PID=277) to work on /opt/airflow/dags/operationalData/products.xlsx
[2024-03-28T17:42:36.302+0000] {processor.py:830} INFO - Processing file /opt/airflow/dags/operationalData/products.xlsx for tasks to queue
[2024-03-28T17:42:36.310+0000] {logging_mixin.py:188} INFO - [2024-03-28T17:42:36.309+0000] {dagbag.py:540} INFO - Filling up the DagBag from /opt/airflow/dags/operationalData/products.xlsx
[2024-03-28T17:42:36.403+0000] {processor.py:842} WARNING - No viable dags retrieved from /opt/airflow/dags/operationalData/products.xlsx
[2024-03-28T17:42:36.635+0000] {processor.py:183} INFO - Processing /opt/airflow/dags/operationalData/products.xlsx took 0.383 seconds
[2024-03-28T17:43:07.399+0000] {processor.py:161} INFO - Started process (PID=288) to work on /opt/airflow/dags/operationalData/products.xlsx
[2024-03-28T17:43:07.408+0000] {processor.py:830} INFO - Processing file /opt/airflow/dags/operationalData/products.xlsx for tasks to queue
[2024-03-28T17:43:07.438+0000] {logging_mixin.py:188} INFO - [2024-03-28T17:43:07.437+0000] {dagbag.py:540} INFO - Filling up the DagBag from /opt/airflow/dags/operationalData/products.xlsx
[2024-03-28T17:43:07.470+0000] {processor.py:842} WARNING - No viable dags retrieved from /opt/airflow/dags/operationalData/products.xlsx
[2024-03-28T17:43:07.570+0000] {processor.py:183} INFO - Processing /opt/airflow/dags/operationalData/products.xlsx took 0.231 seconds
[2024-03-28T17:43:38.149+0000] {processor.py:161} INFO - Started process (PID=301) to work on /opt/airflow/dags/operationalData/products.xlsx
[2024-03-28T17:43:38.153+0000] {processor.py:830} INFO - Processing file /opt/airflow/dags/operationalData/products.xlsx for tasks to queue
[2024-03-28T17:43:38.159+0000] {logging_mixin.py:188} INFO - [2024-03-28T17:43:38.158+0000] {dagbag.py:540} INFO - Filling up the DagBag from /opt/airflow/dags/operationalData/products.xlsx
[2024-03-28T17:43:38.195+0000] {processor.py:842} WARNING - No viable dags retrieved from /opt/airflow/dags/operationalData/products.xlsx
[2024-03-28T17:43:38.239+0000] {processor.py:183} INFO - Processing /opt/airflow/dags/operationalData/products.xlsx took 0.103 seconds
[2024-03-28T17:44:08.793+0000] {processor.py:161} INFO - Started process (PID=314) to work on /opt/airflow/dags/operationalData/products.xlsx
[2024-03-28T17:44:08.798+0000] {processor.py:830} INFO - Processing file /opt/airflow/dags/operationalData/products.xlsx for tasks to queue
[2024-03-28T17:44:08.817+0000] {logging_mixin.py:188} INFO - [2024-03-28T17:44:08.814+0000] {dagbag.py:540} INFO - Filling up the DagBag from /opt/airflow/dags/operationalData/products.xlsx
[2024-03-28T17:44:08.854+0000] {processor.py:842} WARNING - No viable dags retrieved from /opt/airflow/dags/operationalData/products.xlsx
[2024-03-28T17:44:08.902+0000] {processor.py:183} INFO - Processing /opt/airflow/dags/operationalData/products.xlsx took 0.129 seconds
[2024-03-28T17:44:39.211+0000] {processor.py:161} INFO - Started process (PID=327) to work on /opt/airflow/dags/operationalData/products.xlsx
[2024-03-28T17:44:39.214+0000] {processor.py:830} INFO - Processing file /opt/airflow/dags/operationalData/products.xlsx for tasks to queue
[2024-03-28T17:44:39.218+0000] {logging_mixin.py:188} INFO - [2024-03-28T17:44:39.217+0000] {dagbag.py:540} INFO - Filling up the DagBag from /opt/airflow/dags/operationalData/products.xlsx
[2024-03-28T17:44:39.254+0000] {processor.py:842} WARNING - No viable dags retrieved from /opt/airflow/dags/operationalData/products.xlsx
[2024-03-28T17:44:39.286+0000] {processor.py:183} INFO - Processing /opt/airflow/dags/operationalData/products.xlsx took 0.083 seconds
[2024-03-28T17:45:09.891+0000] {processor.py:161} INFO - Started process (PID=339) to work on /opt/airflow/dags/operationalData/products.xlsx
[2024-03-28T17:45:09.894+0000] {processor.py:830} INFO - Processing file /opt/airflow/dags/operationalData/products.xlsx for tasks to queue
[2024-03-28T17:45:09.901+0000] {logging_mixin.py:188} INFO - [2024-03-28T17:45:09.900+0000] {dagbag.py:540} INFO - Filling up the DagBag from /opt/airflow/dags/operationalData/products.xlsx
[2024-03-28T17:45:09.932+0000] {processor.py:842} WARNING - No viable dags retrieved from /opt/airflow/dags/operationalData/products.xlsx
[2024-03-28T17:45:09.968+0000] {processor.py:183} INFO - Processing /opt/airflow/dags/operationalData/products.xlsx took 0.085 seconds
[2024-03-28T17:45:40.620+0000] {processor.py:161} INFO - Started process (PID=352) to work on /opt/airflow/dags/operationalData/products.xlsx
[2024-03-28T17:45:40.623+0000] {processor.py:830} INFO - Processing file /opt/airflow/dags/operationalData/products.xlsx for tasks to queue
[2024-03-28T17:45:40.629+0000] {logging_mixin.py:188} INFO - [2024-03-28T17:45:40.628+0000] {dagbag.py:540} INFO - Filling up the DagBag from /opt/airflow/dags/operationalData/products.xlsx
[2024-03-28T17:45:40.662+0000] {processor.py:842} WARNING - No viable dags retrieved from /opt/airflow/dags/operationalData/products.xlsx
[2024-03-28T17:45:40.711+0000] {processor.py:183} INFO - Processing /opt/airflow/dags/operationalData/products.xlsx took 0.099 seconds
[2024-03-28T17:46:11.154+0000] {processor.py:161} INFO - Started process (PID=365) to work on /opt/airflow/dags/operationalData/products.xlsx
[2024-03-28T17:46:11.158+0000] {processor.py:830} INFO - Processing file /opt/airflow/dags/operationalData/products.xlsx for tasks to queue
[2024-03-28T17:46:11.165+0000] {logging_mixin.py:188} INFO - [2024-03-28T17:46:11.164+0000] {dagbag.py:540} INFO - Filling up the DagBag from /opt/airflow/dags/operationalData/products.xlsx
[2024-03-28T17:46:11.205+0000] {processor.py:842} WARNING - No viable dags retrieved from /opt/airflow/dags/operationalData/products.xlsx
[2024-03-28T17:46:11.261+0000] {processor.py:183} INFO - Processing /opt/airflow/dags/operationalData/products.xlsx took 0.127 seconds
[2024-03-28T17:46:42.071+0000] {processor.py:161} INFO - Started process (PID=378) to work on /opt/airflow/dags/operationalData/products.xlsx
[2024-03-28T17:46:42.074+0000] {processor.py:830} INFO - Processing file /opt/airflow/dags/operationalData/products.xlsx for tasks to queue
[2024-03-28T17:46:42.084+0000] {logging_mixin.py:188} INFO - [2024-03-28T17:46:42.083+0000] {dagbag.py:540} INFO - Filling up the DagBag from /opt/airflow/dags/operationalData/products.xlsx
[2024-03-28T17:46:42.111+0000] {processor.py:842} WARNING - No viable dags retrieved from /opt/airflow/dags/operationalData/products.xlsx
[2024-03-28T17:46:42.147+0000] {processor.py:183} INFO - Processing /opt/airflow/dags/operationalData/products.xlsx took 0.083 seconds
[2024-03-28T17:47:12.355+0000] {processor.py:161} INFO - Started process (PID=391) to work on /opt/airflow/dags/operationalData/products.xlsx
[2024-03-28T17:47:12.358+0000] {processor.py:830} INFO - Processing file /opt/airflow/dags/operationalData/products.xlsx for tasks to queue
[2024-03-28T17:47:12.364+0000] {logging_mixin.py:188} INFO - [2024-03-28T17:47:12.363+0000] {dagbag.py:540} INFO - Filling up the DagBag from /opt/airflow/dags/operationalData/products.xlsx
[2024-03-28T17:47:12.404+0000] {processor.py:842} WARNING - No viable dags retrieved from /opt/airflow/dags/operationalData/products.xlsx
[2024-03-28T17:47:12.448+0000] {processor.py:183} INFO - Processing /opt/airflow/dags/operationalData/products.xlsx took 0.103 seconds
[2024-03-28T17:47:42.785+0000] {processor.py:161} INFO - Started process (PID=404) to work on /opt/airflow/dags/operationalData/products.xlsx
[2024-03-28T17:47:42.788+0000] {processor.py:830} INFO - Processing file /opt/airflow/dags/operationalData/products.xlsx for tasks to queue
[2024-03-28T17:47:42.793+0000] {logging_mixin.py:188} INFO - [2024-03-28T17:47:42.792+0000] {dagbag.py:540} INFO - Filling up the DagBag from /opt/airflow/dags/operationalData/products.xlsx
[2024-03-28T17:47:42.833+0000] {processor.py:842} WARNING - No viable dags retrieved from /opt/airflow/dags/operationalData/products.xlsx
[2024-03-28T17:47:42.889+0000] {processor.py:183} INFO - Processing /opt/airflow/dags/operationalData/products.xlsx took 0.111 seconds
[2024-03-28T17:48:13.155+0000] {processor.py:161} INFO - Started process (PID=417) to work on /opt/airflow/dags/operationalData/products.xlsx
[2024-03-28T17:48:13.158+0000] {processor.py:830} INFO - Processing file /opt/airflow/dags/operationalData/products.xlsx for tasks to queue
[2024-03-28T17:48:13.163+0000] {logging_mixin.py:188} INFO - [2024-03-28T17:48:13.162+0000] {dagbag.py:540} INFO - Filling up the DagBag from /opt/airflow/dags/operationalData/products.xlsx
[2024-03-28T17:48:13.207+0000] {processor.py:842} WARNING - No viable dags retrieved from /opt/airflow/dags/operationalData/products.xlsx
[2024-03-28T17:48:13.266+0000] {processor.py:183} INFO - Processing /opt/airflow/dags/operationalData/products.xlsx took 0.120 seconds
[2024-03-28T17:48:43.428+0000] {processor.py:161} INFO - Started process (PID=430) to work on /opt/airflow/dags/operationalData/products.xlsx
[2024-03-28T17:48:43.431+0000] {processor.py:830} INFO - Processing file /opt/airflow/dags/operationalData/products.xlsx for tasks to queue
[2024-03-28T17:48:43.438+0000] {logging_mixin.py:188} INFO - [2024-03-28T17:48:43.437+0000] {dagbag.py:540} INFO - Filling up the DagBag from /opt/airflow/dags/operationalData/products.xlsx
[2024-03-28T17:48:43.481+0000] {processor.py:842} WARNING - No viable dags retrieved from /opt/airflow/dags/operationalData/products.xlsx
[2024-03-28T17:48:43.517+0000] {processor.py:183} INFO - Processing /opt/airflow/dags/operationalData/products.xlsx took 0.097 seconds
[2024-03-28T17:49:13.774+0000] {processor.py:161} INFO - Started process (PID=443) to work on /opt/airflow/dags/operationalData/products.xlsx
[2024-03-28T17:49:13.777+0000] {processor.py:830} INFO - Processing file /opt/airflow/dags/operationalData/products.xlsx for tasks to queue
[2024-03-28T17:49:13.782+0000] {logging_mixin.py:188} INFO - [2024-03-28T17:49:13.781+0000] {dagbag.py:540} INFO - Filling up the DagBag from /opt/airflow/dags/operationalData/products.xlsx
[2024-03-28T17:49:13.817+0000] {processor.py:842} WARNING - No viable dags retrieved from /opt/airflow/dags/operationalData/products.xlsx
[2024-03-28T17:49:13.860+0000] {processor.py:183} INFO - Processing /opt/airflow/dags/operationalData/products.xlsx took 0.103 seconds
[2024-03-28T17:49:44.609+0000] {processor.py:161} INFO - Started process (PID=462) to work on /opt/airflow/dags/operationalData/products.xlsx
[2024-03-28T17:49:44.612+0000] {processor.py:830} INFO - Processing file /opt/airflow/dags/operationalData/products.xlsx for tasks to queue
[2024-03-28T17:49:44.621+0000] {logging_mixin.py:188} INFO - [2024-03-28T17:49:44.620+0000] {dagbag.py:540} INFO - Filling up the DagBag from /opt/airflow/dags/operationalData/products.xlsx
[2024-03-28T17:49:44.657+0000] {processor.py:842} WARNING - No viable dags retrieved from /opt/airflow/dags/operationalData/products.xlsx
[2024-03-28T17:49:44.695+0000] {processor.py:183} INFO - Processing /opt/airflow/dags/operationalData/products.xlsx took 0.094 seconds
[2024-03-28T17:50:15.670+0000] {processor.py:161} INFO - Started process (PID=475) to work on /opt/airflow/dags/operationalData/products.xlsx
[2024-03-28T17:50:15.673+0000] {processor.py:830} INFO - Processing file /opt/airflow/dags/operationalData/products.xlsx for tasks to queue
[2024-03-28T17:50:15.679+0000] {logging_mixin.py:188} INFO - [2024-03-28T17:50:15.678+0000] {dagbag.py:540} INFO - Filling up the DagBag from /opt/airflow/dags/operationalData/products.xlsx
[2024-03-28T17:50:15.720+0000] {processor.py:842} WARNING - No viable dags retrieved from /opt/airflow/dags/operationalData/products.xlsx
[2024-03-28T17:50:15.758+0000] {processor.py:183} INFO - Processing /opt/airflow/dags/operationalData/products.xlsx took 0.096 seconds
[2024-03-28T17:50:46.619+0000] {processor.py:161} INFO - Started process (PID=488) to work on /opt/airflow/dags/operationalData/products.xlsx
[2024-03-28T17:50:46.622+0000] {processor.py:830} INFO - Processing file /opt/airflow/dags/operationalData/products.xlsx for tasks to queue
[2024-03-28T17:50:46.627+0000] {logging_mixin.py:188} INFO - [2024-03-28T17:50:46.626+0000] {dagbag.py:540} INFO - Filling up the DagBag from /opt/airflow/dags/operationalData/products.xlsx
[2024-03-28T17:50:46.662+0000] {processor.py:842} WARNING - No viable dags retrieved from /opt/airflow/dags/operationalData/products.xlsx
[2024-03-28T17:50:46.694+0000] {processor.py:183} INFO - Processing /opt/airflow/dags/operationalData/products.xlsx took 0.080 seconds
[2024-03-28T17:51:17.537+0000] {processor.py:161} INFO - Started process (PID=501) to work on /opt/airflow/dags/operationalData/products.xlsx
[2024-03-28T17:51:17.540+0000] {processor.py:830} INFO - Processing file /opt/airflow/dags/operationalData/products.xlsx for tasks to queue
[2024-03-28T17:51:17.546+0000] {logging_mixin.py:188} INFO - [2024-03-28T17:51:17.545+0000] {dagbag.py:540} INFO - Filling up the DagBag from /opt/airflow/dags/operationalData/products.xlsx
[2024-03-28T17:51:17.581+0000] {processor.py:842} WARNING - No viable dags retrieved from /opt/airflow/dags/operationalData/products.xlsx
[2024-03-28T17:51:17.618+0000] {processor.py:183} INFO - Processing /opt/airflow/dags/operationalData/products.xlsx took 0.090 seconds
[2024-03-28T17:51:48.058+0000] {processor.py:161} INFO - Started process (PID=514) to work on /opt/airflow/dags/operationalData/products.xlsx
[2024-03-28T17:51:48.060+0000] {processor.py:830} INFO - Processing file /opt/airflow/dags/operationalData/products.xlsx for tasks to queue
[2024-03-28T17:51:48.065+0000] {logging_mixin.py:188} INFO - [2024-03-28T17:51:48.064+0000] {dagbag.py:540} INFO - Filling up the DagBag from /opt/airflow/dags/operationalData/products.xlsx
[2024-03-28T17:51:48.108+0000] {processor.py:842} WARNING - No viable dags retrieved from /opt/airflow/dags/operationalData/products.xlsx
[2024-03-28T17:51:48.143+0000] {processor.py:183} INFO - Processing /opt/airflow/dags/operationalData/products.xlsx took 0.093 seconds
[2024-03-28T17:52:18.599+0000] {processor.py:161} INFO - Started process (PID=527) to work on /opt/airflow/dags/operationalData/products.xlsx
[2024-03-28T17:52:18.602+0000] {processor.py:830} INFO - Processing file /opt/airflow/dags/operationalData/products.xlsx for tasks to queue
[2024-03-28T17:52:18.610+0000] {logging_mixin.py:188} INFO - [2024-03-28T17:52:18.607+0000] {dagbag.py:540} INFO - Filling up the DagBag from /opt/airflow/dags/operationalData/products.xlsx
[2024-03-28T17:52:18.664+0000] {processor.py:842} WARNING - No viable dags retrieved from /opt/airflow/dags/operationalData/products.xlsx
[2024-03-28T17:52:18.722+0000] {processor.py:183} INFO - Processing /opt/airflow/dags/operationalData/products.xlsx took 0.140 seconds
[2024-03-28T17:52:49.256+0000] {processor.py:161} INFO - Started process (PID=539) to work on /opt/airflow/dags/operationalData/products.xlsx
[2024-03-28T17:52:49.259+0000] {processor.py:830} INFO - Processing file /opt/airflow/dags/operationalData/products.xlsx for tasks to queue
[2024-03-28T17:52:49.266+0000] {logging_mixin.py:188} INFO - [2024-03-28T17:52:49.265+0000] {dagbag.py:540} INFO - Filling up the DagBag from /opt/airflow/dags/operationalData/products.xlsx
[2024-03-28T17:52:49.298+0000] {processor.py:842} WARNING - No viable dags retrieved from /opt/airflow/dags/operationalData/products.xlsx
[2024-03-28T17:52:49.337+0000] {processor.py:183} INFO - Processing /opt/airflow/dags/operationalData/products.xlsx took 0.096 seconds
[2024-03-28T17:53:19.984+0000] {processor.py:161} INFO - Started process (PID=551) to work on /opt/airflow/dags/operationalData/products.xlsx
[2024-03-28T17:53:19.987+0000] {processor.py:830} INFO - Processing file /opt/airflow/dags/operationalData/products.xlsx for tasks to queue
[2024-03-28T17:53:19.992+0000] {logging_mixin.py:188} INFO - [2024-03-28T17:53:19.991+0000] {dagbag.py:540} INFO - Filling up the DagBag from /opt/airflow/dags/operationalData/products.xlsx
[2024-03-28T17:53:20.033+0000] {processor.py:842} WARNING - No viable dags retrieved from /opt/airflow/dags/operationalData/products.xlsx
[2024-03-28T17:53:20.084+0000] {processor.py:183} INFO - Processing /opt/airflow/dags/operationalData/products.xlsx took 0.109 seconds
[2024-03-28T17:53:50.889+0000] {processor.py:161} INFO - Started process (PID=564) to work on /opt/airflow/dags/operationalData/products.xlsx
[2024-03-28T17:53:50.892+0000] {processor.py:830} INFO - Processing file /opt/airflow/dags/operationalData/products.xlsx for tasks to queue
[2024-03-28T17:53:50.899+0000] {logging_mixin.py:188} INFO - [2024-03-28T17:53:50.897+0000] {dagbag.py:540} INFO - Filling up the DagBag from /opt/airflow/dags/operationalData/products.xlsx
[2024-03-28T17:53:50.932+0000] {processor.py:842} WARNING - No viable dags retrieved from /opt/airflow/dags/operationalData/products.xlsx
[2024-03-28T17:53:50.974+0000] {processor.py:183} INFO - Processing /opt/airflow/dags/operationalData/products.xlsx took 0.096 seconds
[2024-03-28T17:54:21.511+0000] {processor.py:161} INFO - Started process (PID=577) to work on /opt/airflow/dags/operationalData/products.xlsx
[2024-03-28T17:54:21.514+0000] {processor.py:830} INFO - Processing file /opt/airflow/dags/operationalData/products.xlsx for tasks to queue
[2024-03-28T17:54:21.522+0000] {logging_mixin.py:188} INFO - [2024-03-28T17:54:21.520+0000] {dagbag.py:540} INFO - Filling up the DagBag from /opt/airflow/dags/operationalData/products.xlsx
[2024-03-28T17:54:21.558+0000] {processor.py:842} WARNING - No viable dags retrieved from /opt/airflow/dags/operationalData/products.xlsx
[2024-03-28T17:54:21.591+0000] {processor.py:183} INFO - Processing /opt/airflow/dags/operationalData/products.xlsx took 0.093 seconds
[2024-03-28T17:54:52.062+0000] {processor.py:161} INFO - Started process (PID=590) to work on /opt/airflow/dags/operationalData/products.xlsx
[2024-03-28T17:54:52.067+0000] {processor.py:830} INFO - Processing file /opt/airflow/dags/operationalData/products.xlsx for tasks to queue
[2024-03-28T17:54:52.075+0000] {logging_mixin.py:188} INFO - [2024-03-28T17:54:52.073+0000] {dagbag.py:540} INFO - Filling up the DagBag from /opt/airflow/dags/operationalData/products.xlsx
[2024-03-28T17:54:52.113+0000] {processor.py:842} WARNING - No viable dags retrieved from /opt/airflow/dags/operationalData/products.xlsx
[2024-03-28T17:54:52.147+0000] {processor.py:183} INFO - Processing /opt/airflow/dags/operationalData/products.xlsx took 0.092 seconds
[2024-03-28T17:55:22.451+0000] {processor.py:161} INFO - Started process (PID=603) to work on /opt/airflow/dags/operationalData/products.xlsx
[2024-03-28T17:55:22.455+0000] {processor.py:830} INFO - Processing file /opt/airflow/dags/operationalData/products.xlsx for tasks to queue
[2024-03-28T17:55:22.461+0000] {logging_mixin.py:188} INFO - [2024-03-28T17:55:22.460+0000] {dagbag.py:540} INFO - Filling up the DagBag from /opt/airflow/dags/operationalData/products.xlsx
[2024-03-28T17:55:22.508+0000] {processor.py:842} WARNING - No viable dags retrieved from /opt/airflow/dags/operationalData/products.xlsx
[2024-03-28T17:55:22.551+0000] {processor.py:183} INFO - Processing /opt/airflow/dags/operationalData/products.xlsx took 0.111 seconds
[2024-03-28T17:55:53.064+0000] {processor.py:161} INFO - Started process (PID=616) to work on /opt/airflow/dags/operationalData/products.xlsx
[2024-03-28T17:55:53.067+0000] {processor.py:830} INFO - Processing file /opt/airflow/dags/operationalData/products.xlsx for tasks to queue
[2024-03-28T17:55:53.074+0000] {logging_mixin.py:188} INFO - [2024-03-28T17:55:53.073+0000] {dagbag.py:540} INFO - Filling up the DagBag from /opt/airflow/dags/operationalData/products.xlsx
[2024-03-28T17:55:53.105+0000] {processor.py:842} WARNING - No viable dags retrieved from /opt/airflow/dags/operationalData/products.xlsx
[2024-03-28T17:55:53.141+0000] {processor.py:183} INFO - Processing /opt/airflow/dags/operationalData/products.xlsx took 0.086 seconds
[2024-03-28T17:56:24.055+0000] {processor.py:161} INFO - Started process (PID=629) to work on /opt/airflow/dags/operationalData/products.xlsx
[2024-03-28T17:56:24.058+0000] {processor.py:830} INFO - Processing file /opt/airflow/dags/operationalData/products.xlsx for tasks to queue
[2024-03-28T17:56:24.064+0000] {logging_mixin.py:188} INFO - [2024-03-28T17:56:24.063+0000] {dagbag.py:540} INFO - Filling up the DagBag from /opt/airflow/dags/operationalData/products.xlsx
[2024-03-28T17:56:24.110+0000] {processor.py:842} WARNING - No viable dags retrieved from /opt/airflow/dags/operationalData/products.xlsx
[2024-03-28T17:56:24.149+0000] {processor.py:183} INFO - Processing /opt/airflow/dags/operationalData/products.xlsx took 0.103 seconds
[2024-03-28T17:56:54.810+0000] {processor.py:161} INFO - Started process (PID=642) to work on /opt/airflow/dags/operationalData/products.xlsx
[2024-03-28T17:56:54.813+0000] {processor.py:830} INFO - Processing file /opt/airflow/dags/operationalData/products.xlsx for tasks to queue
[2024-03-28T17:56:54.817+0000] {logging_mixin.py:188} INFO - [2024-03-28T17:56:54.816+0000] {dagbag.py:540} INFO - Filling up the DagBag from /opt/airflow/dags/operationalData/products.xlsx
[2024-03-28T17:56:54.846+0000] {processor.py:842} WARNING - No viable dags retrieved from /opt/airflow/dags/operationalData/products.xlsx
[2024-03-28T17:56:54.882+0000] {processor.py:183} INFO - Processing /opt/airflow/dags/operationalData/products.xlsx took 0.079 seconds
[2024-03-28T17:57:25.510+0000] {processor.py:161} INFO - Started process (PID=655) to work on /opt/airflow/dags/operationalData/products.xlsx
[2024-03-28T17:57:25.516+0000] {processor.py:830} INFO - Processing file /opt/airflow/dags/operationalData/products.xlsx for tasks to queue
[2024-03-28T17:57:25.529+0000] {logging_mixin.py:188} INFO - [2024-03-28T17:57:25.526+0000] {dagbag.py:540} INFO - Filling up the DagBag from /opt/airflow/dags/operationalData/products.xlsx
[2024-03-28T17:57:25.562+0000] {processor.py:842} WARNING - No viable dags retrieved from /opt/airflow/dags/operationalData/products.xlsx
[2024-03-28T17:57:25.621+0000] {processor.py:183} INFO - Processing /opt/airflow/dags/operationalData/products.xlsx took 0.131 seconds
[2024-03-28T17:57:56.017+0000] {processor.py:161} INFO - Started process (PID=668) to work on /opt/airflow/dags/operationalData/products.xlsx
[2024-03-28T17:57:56.021+0000] {processor.py:830} INFO - Processing file /opt/airflow/dags/operationalData/products.xlsx for tasks to queue
[2024-03-28T17:57:56.025+0000] {logging_mixin.py:188} INFO - [2024-03-28T17:57:56.025+0000] {dagbag.py:540} INFO - Filling up the DagBag from /opt/airflow/dags/operationalData/products.xlsx
[2024-03-28T17:57:56.063+0000] {processor.py:842} WARNING - No viable dags retrieved from /opt/airflow/dags/operationalData/products.xlsx
[2024-03-28T17:57:56.103+0000] {processor.py:183} INFO - Processing /opt/airflow/dags/operationalData/products.xlsx took 0.095 seconds
[2024-03-28T17:58:26.755+0000] {processor.py:161} INFO - Started process (PID=681) to work on /opt/airflow/dags/operationalData/products.xlsx
[2024-03-28T17:58:26.758+0000] {processor.py:830} INFO - Processing file /opt/airflow/dags/operationalData/products.xlsx for tasks to queue
[2024-03-28T17:58:26.763+0000] {logging_mixin.py:188} INFO - [2024-03-28T17:58:26.762+0000] {dagbag.py:540} INFO - Filling up the DagBag from /opt/airflow/dags/operationalData/products.xlsx
[2024-03-28T17:58:26.801+0000] {processor.py:842} WARNING - No viable dags retrieved from /opt/airflow/dags/operationalData/products.xlsx
[2024-03-28T17:58:26.834+0000] {processor.py:183} INFO - Processing /opt/airflow/dags/operationalData/products.xlsx took 0.087 seconds
[2024-03-28T17:58:57.450+0000] {processor.py:161} INFO - Started process (PID=694) to work on /opt/airflow/dags/operationalData/products.xlsx
[2024-03-28T17:58:57.452+0000] {processor.py:830} INFO - Processing file /opt/airflow/dags/operationalData/products.xlsx for tasks to queue
[2024-03-28T17:58:57.458+0000] {logging_mixin.py:188} INFO - [2024-03-28T17:58:57.457+0000] {dagbag.py:540} INFO - Filling up the DagBag from /opt/airflow/dags/operationalData/products.xlsx
[2024-03-28T17:58:57.493+0000] {processor.py:842} WARNING - No viable dags retrieved from /opt/airflow/dags/operationalData/products.xlsx
[2024-03-28T17:58:57.524+0000] {processor.py:183} INFO - Processing /opt/airflow/dags/operationalData/products.xlsx took 0.081 seconds
[2024-03-28T17:59:27.733+0000] {processor.py:161} INFO - Started process (PID=707) to work on /opt/airflow/dags/operationalData/products.xlsx
[2024-03-28T17:59:27.737+0000] {processor.py:830} INFO - Processing file /opt/airflow/dags/operationalData/products.xlsx for tasks to queue
[2024-03-28T17:59:27.753+0000] {logging_mixin.py:188} INFO - [2024-03-28T17:59:27.751+0000] {dagbag.py:540} INFO - Filling up the DagBag from /opt/airflow/dags/operationalData/products.xlsx
[2024-03-28T17:59:27.793+0000] {processor.py:842} WARNING - No viable dags retrieved from /opt/airflow/dags/operationalData/products.xlsx
[2024-03-28T17:59:27.837+0000] {processor.py:183} INFO - Processing /opt/airflow/dags/operationalData/products.xlsx took 0.117 seconds
[2024-03-28T17:59:58.511+0000] {processor.py:161} INFO - Started process (PID=720) to work on /opt/airflow/dags/operationalData/products.xlsx
[2024-03-28T17:59:58.514+0000] {processor.py:830} INFO - Processing file /opt/airflow/dags/operationalData/products.xlsx for tasks to queue
[2024-03-28T17:59:58.519+0000] {logging_mixin.py:188} INFO - [2024-03-28T17:59:58.518+0000] {dagbag.py:540} INFO - Filling up the DagBag from /opt/airflow/dags/operationalData/products.xlsx
[2024-03-28T17:59:58.561+0000] {processor.py:842} WARNING - No viable dags retrieved from /opt/airflow/dags/operationalData/products.xlsx
[2024-03-28T17:59:58.594+0000] {processor.py:183} INFO - Processing /opt/airflow/dags/operationalData/products.xlsx took 0.093 seconds
[2024-03-28T18:00:29.376+0000] {processor.py:161} INFO - Started process (PID=733) to work on /opt/airflow/dags/operationalData/products.xlsx
[2024-03-28T18:00:29.380+0000] {processor.py:830} INFO - Processing file /opt/airflow/dags/operationalData/products.xlsx for tasks to queue
[2024-03-28T18:00:29.389+0000] {logging_mixin.py:188} INFO - [2024-03-28T18:00:29.387+0000] {dagbag.py:540} INFO - Filling up the DagBag from /opt/airflow/dags/operationalData/products.xlsx
[2024-03-28T18:00:29.431+0000] {processor.py:842} WARNING - No viable dags retrieved from /opt/airflow/dags/operationalData/products.xlsx
[2024-03-28T18:00:29.467+0000] {processor.py:183} INFO - Processing /opt/airflow/dags/operationalData/products.xlsx took 0.099 seconds
[2024-03-28T18:01:00.268+0000] {processor.py:161} INFO - Started process (PID=746) to work on /opt/airflow/dags/operationalData/products.xlsx
[2024-03-28T18:01:00.270+0000] {processor.py:830} INFO - Processing file /opt/airflow/dags/operationalData/products.xlsx for tasks to queue
[2024-03-28T18:01:00.275+0000] {logging_mixin.py:188} INFO - [2024-03-28T18:01:00.275+0000] {dagbag.py:540} INFO - Filling up the DagBag from /opt/airflow/dags/operationalData/products.xlsx
[2024-03-28T18:01:00.305+0000] {processor.py:842} WARNING - No viable dags retrieved from /opt/airflow/dags/operationalData/products.xlsx
[2024-03-28T18:01:00.345+0000] {processor.py:183} INFO - Processing /opt/airflow/dags/operationalData/products.xlsx took 0.087 seconds
[2024-03-28T18:01:31.023+0000] {processor.py:161} INFO - Started process (PID=759) to work on /opt/airflow/dags/operationalData/products.xlsx
[2024-03-28T18:01:31.026+0000] {processor.py:830} INFO - Processing file /opt/airflow/dags/operationalData/products.xlsx for tasks to queue
[2024-03-28T18:01:31.030+0000] {logging_mixin.py:188} INFO - [2024-03-28T18:01:31.029+0000] {dagbag.py:540} INFO - Filling up the DagBag from /opt/airflow/dags/operationalData/products.xlsx
[2024-03-28T18:01:31.069+0000] {processor.py:842} WARNING - No viable dags retrieved from /opt/airflow/dags/operationalData/products.xlsx
[2024-03-28T18:01:31.102+0000] {processor.py:183} INFO - Processing /opt/airflow/dags/operationalData/products.xlsx took 0.088 seconds
[2024-03-28T18:02:01.700+0000] {processor.py:161} INFO - Started process (PID=772) to work on /opt/airflow/dags/operationalData/products.xlsx
[2024-03-28T18:02:01.703+0000] {processor.py:830} INFO - Processing file /opt/airflow/dags/operationalData/products.xlsx for tasks to queue
[2024-03-28T18:02:01.712+0000] {logging_mixin.py:188} INFO - [2024-03-28T18:02:01.710+0000] {dagbag.py:540} INFO - Filling up the DagBag from /opt/airflow/dags/operationalData/products.xlsx
[2024-03-28T18:02:01.775+0000] {processor.py:842} WARNING - No viable dags retrieved from /opt/airflow/dags/operationalData/products.xlsx
[2024-03-28T18:02:01.840+0000] {processor.py:183} INFO - Processing /opt/airflow/dags/operationalData/products.xlsx took 0.158 seconds
[2024-03-28T18:02:32.263+0000] {processor.py:161} INFO - Started process (PID=785) to work on /opt/airflow/dags/operationalData/products.xlsx
[2024-03-28T18:02:32.265+0000] {processor.py:830} INFO - Processing file /opt/airflow/dags/operationalData/products.xlsx for tasks to queue
[2024-03-28T18:02:32.270+0000] {logging_mixin.py:188} INFO - [2024-03-28T18:02:32.269+0000] {dagbag.py:540} INFO - Filling up the DagBag from /opt/airflow/dags/operationalData/products.xlsx
[2024-03-28T18:02:32.303+0000] {processor.py:842} WARNING - No viable dags retrieved from /opt/airflow/dags/operationalData/products.xlsx
[2024-03-28T18:02:32.333+0000] {processor.py:183} INFO - Processing /opt/airflow/dags/operationalData/products.xlsx took 0.078 seconds
[2024-03-28T18:03:03.026+0000] {processor.py:161} INFO - Started process (PID=798) to work on /opt/airflow/dags/operationalData/products.xlsx
[2024-03-28T18:03:03.029+0000] {processor.py:830} INFO - Processing file /opt/airflow/dags/operationalData/products.xlsx for tasks to queue
[2024-03-28T18:03:03.033+0000] {logging_mixin.py:188} INFO - [2024-03-28T18:03:03.032+0000] {dagbag.py:540} INFO - Filling up the DagBag from /opt/airflow/dags/operationalData/products.xlsx
[2024-03-28T18:03:03.068+0000] {processor.py:842} WARNING - No viable dags retrieved from /opt/airflow/dags/operationalData/products.xlsx
[2024-03-28T18:03:03.108+0000] {processor.py:183} INFO - Processing /opt/airflow/dags/operationalData/products.xlsx took 0.094 seconds
[2024-03-28T18:03:34.025+0000] {processor.py:161} INFO - Started process (PID=811) to work on /opt/airflow/dags/operationalData/products.xlsx
[2024-03-28T18:03:34.028+0000] {processor.py:830} INFO - Processing file /opt/airflow/dags/operationalData/products.xlsx for tasks to queue
[2024-03-28T18:03:34.038+0000] {logging_mixin.py:188} INFO - [2024-03-28T18:03:34.037+0000] {dagbag.py:540} INFO - Filling up the DagBag from /opt/airflow/dags/operationalData/products.xlsx
[2024-03-28T18:03:34.081+0000] {processor.py:842} WARNING - No viable dags retrieved from /opt/airflow/dags/operationalData/products.xlsx
[2024-03-28T18:03:34.122+0000] {processor.py:183} INFO - Processing /opt/airflow/dags/operationalData/products.xlsx took 0.109 seconds
[2024-03-28T18:04:04.773+0000] {processor.py:161} INFO - Started process (PID=824) to work on /opt/airflow/dags/operationalData/products.xlsx
[2024-03-28T18:04:04.776+0000] {processor.py:830} INFO - Processing file /opt/airflow/dags/operationalData/products.xlsx for tasks to queue
[2024-03-28T18:04:04.782+0000] {logging_mixin.py:188} INFO - [2024-03-28T18:04:04.781+0000] {dagbag.py:540} INFO - Filling up the DagBag from /opt/airflow/dags/operationalData/products.xlsx
[2024-03-28T18:04:04.816+0000] {processor.py:842} WARNING - No viable dags retrieved from /opt/airflow/dags/operationalData/products.xlsx
[2024-03-28T18:04:04.869+0000] {processor.py:183} INFO - Processing /opt/airflow/dags/operationalData/products.xlsx took 0.105 seconds
[2024-03-28T18:04:35.438+0000] {processor.py:161} INFO - Started process (PID=837) to work on /opt/airflow/dags/operationalData/products.xlsx
[2024-03-28T18:04:35.440+0000] {processor.py:830} INFO - Processing file /opt/airflow/dags/operationalData/products.xlsx for tasks to queue
[2024-03-28T18:04:35.446+0000] {logging_mixin.py:188} INFO - [2024-03-28T18:04:35.445+0000] {dagbag.py:540} INFO - Filling up the DagBag from /opt/airflow/dags/operationalData/products.xlsx
[2024-03-28T18:04:35.481+0000] {processor.py:842} WARNING - No viable dags retrieved from /opt/airflow/dags/operationalData/products.xlsx
[2024-03-28T18:04:35.516+0000] {processor.py:183} INFO - Processing /opt/airflow/dags/operationalData/products.xlsx took 0.087 seconds
[2024-03-28T18:05:06.330+0000] {processor.py:161} INFO - Started process (PID=850) to work on /opt/airflow/dags/operationalData/products.xlsx
[2024-03-28T18:05:06.334+0000] {processor.py:830} INFO - Processing file /opt/airflow/dags/operationalData/products.xlsx for tasks to queue
[2024-03-28T18:05:06.340+0000] {logging_mixin.py:188} INFO - [2024-03-28T18:05:06.339+0000] {dagbag.py:540} INFO - Filling up the DagBag from /opt/airflow/dags/operationalData/products.xlsx
[2024-03-28T18:05:06.398+0000] {processor.py:842} WARNING - No viable dags retrieved from /opt/airflow/dags/operationalData/products.xlsx
[2024-03-28T18:05:06.441+0000] {processor.py:183} INFO - Processing /opt/airflow/dags/operationalData/products.xlsx took 0.122 seconds
[2024-03-28T18:05:37.338+0000] {processor.py:161} INFO - Started process (PID=863) to work on /opt/airflow/dags/operationalData/products.xlsx
[2024-03-28T18:05:37.341+0000] {processor.py:830} INFO - Processing file /opt/airflow/dags/operationalData/products.xlsx for tasks to queue
[2024-03-28T18:05:37.347+0000] {logging_mixin.py:188} INFO - [2024-03-28T18:05:37.346+0000] {dagbag.py:540} INFO - Filling up the DagBag from /opt/airflow/dags/operationalData/products.xlsx
[2024-03-28T18:05:37.390+0000] {processor.py:842} WARNING - No viable dags retrieved from /opt/airflow/dags/operationalData/products.xlsx
[2024-03-28T18:05:37.421+0000] {processor.py:183} INFO - Processing /opt/airflow/dags/operationalData/products.xlsx took 0.092 seconds
[2024-03-28T18:06:08.099+0000] {processor.py:161} INFO - Started process (PID=876) to work on /opt/airflow/dags/operationalData/products.xlsx
[2024-03-28T18:06:08.101+0000] {processor.py:830} INFO - Processing file /opt/airflow/dags/operationalData/products.xlsx for tasks to queue
[2024-03-28T18:06:08.105+0000] {logging_mixin.py:188} INFO - [2024-03-28T18:06:08.105+0000] {dagbag.py:540} INFO - Filling up the DagBag from /opt/airflow/dags/operationalData/products.xlsx
[2024-03-28T18:06:08.137+0000] {processor.py:842} WARNING - No viable dags retrieved from /opt/airflow/dags/operationalData/products.xlsx
[2024-03-28T18:06:08.169+0000] {processor.py:183} INFO - Processing /opt/airflow/dags/operationalData/products.xlsx took 0.078 seconds
[2024-03-28T18:06:38.632+0000] {processor.py:161} INFO - Started process (PID=889) to work on /opt/airflow/dags/operationalData/products.xlsx
[2024-03-28T18:06:38.635+0000] {processor.py:830} INFO - Processing file /opt/airflow/dags/operationalData/products.xlsx for tasks to queue
[2024-03-28T18:06:38.642+0000] {logging_mixin.py:188} INFO - [2024-03-28T18:06:38.640+0000] {dagbag.py:540} INFO - Filling up the DagBag from /opt/airflow/dags/operationalData/products.xlsx
[2024-03-28T18:06:38.674+0000] {processor.py:842} WARNING - No viable dags retrieved from /opt/airflow/dags/operationalData/products.xlsx
[2024-03-28T18:06:38.719+0000] {processor.py:183} INFO - Processing /opt/airflow/dags/operationalData/products.xlsx took 0.095 seconds
[2024-03-28T18:07:09.069+0000] {processor.py:161} INFO - Started process (PID=902) to work on /opt/airflow/dags/operationalData/products.xlsx
[2024-03-28T18:07:09.072+0000] {processor.py:830} INFO - Processing file /opt/airflow/dags/operationalData/products.xlsx for tasks to queue
[2024-03-28T18:07:09.077+0000] {logging_mixin.py:188} INFO - [2024-03-28T18:07:09.076+0000] {dagbag.py:540} INFO - Filling up the DagBag from /opt/airflow/dags/operationalData/products.xlsx
[2024-03-28T18:07:09.110+0000] {processor.py:842} WARNING - No viable dags retrieved from /opt/airflow/dags/operationalData/products.xlsx
[2024-03-28T18:07:09.146+0000] {processor.py:183} INFO - Processing /opt/airflow/dags/operationalData/products.xlsx took 0.090 seconds
[2024-03-28T18:07:40.142+0000] {processor.py:161} INFO - Started process (PID=913) to work on /opt/airflow/dags/operationalData/products.xlsx
[2024-03-28T18:07:40.145+0000] {processor.py:830} INFO - Processing file /opt/airflow/dags/operationalData/products.xlsx for tasks to queue
[2024-03-28T18:07:40.152+0000] {logging_mixin.py:188} INFO - [2024-03-28T18:07:40.151+0000] {dagbag.py:540} INFO - Filling up the DagBag from /opt/airflow/dags/operationalData/products.xlsx
[2024-03-28T18:07:40.182+0000] {processor.py:842} WARNING - No viable dags retrieved from /opt/airflow/dags/operationalData/products.xlsx
[2024-03-28T18:07:40.214+0000] {processor.py:183} INFO - Processing /opt/airflow/dags/operationalData/products.xlsx took 0.078 seconds
[2024-03-28T18:08:10.804+0000] {processor.py:161} INFO - Started process (PID=926) to work on /opt/airflow/dags/operationalData/products.xlsx
[2024-03-28T18:08:10.807+0000] {processor.py:830} INFO - Processing file /opt/airflow/dags/operationalData/products.xlsx for tasks to queue
[2024-03-28T18:08:10.811+0000] {logging_mixin.py:188} INFO - [2024-03-28T18:08:10.811+0000] {dagbag.py:540} INFO - Filling up the DagBag from /opt/airflow/dags/operationalData/products.xlsx
[2024-03-28T18:08:10.848+0000] {processor.py:842} WARNING - No viable dags retrieved from /opt/airflow/dags/operationalData/products.xlsx
[2024-03-28T18:08:10.881+0000] {processor.py:183} INFO - Processing /opt/airflow/dags/operationalData/products.xlsx took 0.085 seconds
[2024-03-28T18:08:41.600+0000] {processor.py:161} INFO - Started process (PID=939) to work on /opt/airflow/dags/operationalData/products.xlsx
[2024-03-28T18:08:41.603+0000] {processor.py:830} INFO - Processing file /opt/airflow/dags/operationalData/products.xlsx for tasks to queue
[2024-03-28T18:08:41.610+0000] {logging_mixin.py:188} INFO - [2024-03-28T18:08:41.608+0000] {dagbag.py:540} INFO - Filling up the DagBag from /opt/airflow/dags/operationalData/products.xlsx
[2024-03-28T18:08:41.646+0000] {processor.py:842} WARNING - No viable dags retrieved from /opt/airflow/dags/operationalData/products.xlsx
[2024-03-28T18:08:41.684+0000] {processor.py:183} INFO - Processing /opt/airflow/dags/operationalData/products.xlsx took 0.094 seconds
[2024-03-28T18:09:12.504+0000] {processor.py:161} INFO - Started process (PID=952) to work on /opt/airflow/dags/operationalData/products.xlsx
[2024-03-28T18:09:12.509+0000] {processor.py:830} INFO - Processing file /opt/airflow/dags/operationalData/products.xlsx for tasks to queue
[2024-03-28T18:09:12.518+0000] {logging_mixin.py:188} INFO - [2024-03-28T18:09:12.516+0000] {dagbag.py:540} INFO - Filling up the DagBag from /opt/airflow/dags/operationalData/products.xlsx
[2024-03-28T18:09:12.580+0000] {processor.py:842} WARNING - No viable dags retrieved from /opt/airflow/dags/operationalData/products.xlsx
[2024-03-28T18:09:12.644+0000] {processor.py:183} INFO - Processing /opt/airflow/dags/operationalData/products.xlsx took 0.152 seconds
[2024-03-28T18:09:43.154+0000] {processor.py:161} INFO - Started process (PID=965) to work on /opt/airflow/dags/operationalData/products.xlsx
[2024-03-28T18:09:43.157+0000] {processor.py:830} INFO - Processing file /opt/airflow/dags/operationalData/products.xlsx for tasks to queue
[2024-03-28T18:09:43.163+0000] {logging_mixin.py:188} INFO - [2024-03-28T18:09:43.163+0000] {dagbag.py:540} INFO - Filling up the DagBag from /opt/airflow/dags/operationalData/products.xlsx
[2024-03-28T18:09:43.199+0000] {processor.py:842} WARNING - No viable dags retrieved from /opt/airflow/dags/operationalData/products.xlsx
[2024-03-28T18:09:43.231+0000] {processor.py:183} INFO - Processing /opt/airflow/dags/operationalData/products.xlsx took 0.085 seconds
[2024-03-28T18:10:13.772+0000] {processor.py:161} INFO - Started process (PID=978) to work on /opt/airflow/dags/operationalData/products.xlsx
[2024-03-28T18:10:13.775+0000] {processor.py:830} INFO - Processing file /opt/airflow/dags/operationalData/products.xlsx for tasks to queue
[2024-03-28T18:10:13.780+0000] {logging_mixin.py:188} INFO - [2024-03-28T18:10:13.780+0000] {dagbag.py:540} INFO - Filling up the DagBag from /opt/airflow/dags/operationalData/products.xlsx
[2024-03-28T18:10:13.818+0000] {processor.py:842} WARNING - No viable dags retrieved from /opt/airflow/dags/operationalData/products.xlsx
[2024-03-28T18:10:13.856+0000] {processor.py:183} INFO - Processing /opt/airflow/dags/operationalData/products.xlsx took 0.093 seconds
[2024-03-28T18:10:44.189+0000] {processor.py:161} INFO - Started process (PID=991) to work on /opt/airflow/dags/operationalData/products.xlsx
[2024-03-28T18:10:44.192+0000] {processor.py:830} INFO - Processing file /opt/airflow/dags/operationalData/products.xlsx for tasks to queue
[2024-03-28T18:10:44.198+0000] {logging_mixin.py:188} INFO - [2024-03-28T18:10:44.197+0000] {dagbag.py:540} INFO - Filling up the DagBag from /opt/airflow/dags/operationalData/products.xlsx
[2024-03-28T18:10:44.236+0000] {processor.py:842} WARNING - No viable dags retrieved from /opt/airflow/dags/operationalData/products.xlsx
[2024-03-28T18:10:44.267+0000] {processor.py:183} INFO - Processing /opt/airflow/dags/operationalData/products.xlsx took 0.092 seconds
[2024-03-28T18:11:14.506+0000] {processor.py:161} INFO - Started process (PID=1004) to work on /opt/airflow/dags/operationalData/products.xlsx
[2024-03-28T18:11:14.509+0000] {processor.py:830} INFO - Processing file /opt/airflow/dags/operationalData/products.xlsx for tasks to queue
[2024-03-28T18:11:14.514+0000] {logging_mixin.py:188} INFO - [2024-03-28T18:11:14.512+0000] {dagbag.py:540} INFO - Filling up the DagBag from /opt/airflow/dags/operationalData/products.xlsx
[2024-03-28T18:11:14.546+0000] {processor.py:842} WARNING - No viable dags retrieved from /opt/airflow/dags/operationalData/products.xlsx
[2024-03-28T18:11:14.578+0000] {processor.py:183} INFO - Processing /opt/airflow/dags/operationalData/products.xlsx took 0.080 seconds
[2024-03-28T18:11:45.480+0000] {processor.py:161} INFO - Started process (PID=1017) to work on /opt/airflow/dags/operationalData/products.xlsx
[2024-03-28T18:11:45.483+0000] {processor.py:830} INFO - Processing file /opt/airflow/dags/operationalData/products.xlsx for tasks to queue
[2024-03-28T18:11:45.489+0000] {logging_mixin.py:188} INFO - [2024-03-28T18:11:45.488+0000] {dagbag.py:540} INFO - Filling up the DagBag from /opt/airflow/dags/operationalData/products.xlsx
[2024-03-28T18:11:45.524+0000] {processor.py:842} WARNING - No viable dags retrieved from /opt/airflow/dags/operationalData/products.xlsx
[2024-03-28T18:11:45.562+0000] {processor.py:183} INFO - Processing /opt/airflow/dags/operationalData/products.xlsx took 0.090 seconds
[2024-03-28T18:12:16.238+0000] {processor.py:161} INFO - Started process (PID=1030) to work on /opt/airflow/dags/operationalData/products.xlsx
[2024-03-28T18:12:16.241+0000] {processor.py:830} INFO - Processing file /opt/airflow/dags/operationalData/products.xlsx for tasks to queue
[2024-03-28T18:12:16.249+0000] {logging_mixin.py:188} INFO - [2024-03-28T18:12:16.248+0000] {dagbag.py:540} INFO - Filling up the DagBag from /opt/airflow/dags/operationalData/products.xlsx
[2024-03-28T18:12:16.289+0000] {processor.py:842} WARNING - No viable dags retrieved from /opt/airflow/dags/operationalData/products.xlsx
[2024-03-28T18:12:16.344+0000] {processor.py:183} INFO - Processing /opt/airflow/dags/operationalData/products.xlsx took 0.118 seconds
[2024-03-28T18:12:47.407+0000] {processor.py:161} INFO - Started process (PID=1043) to work on /opt/airflow/dags/operationalData/products.xlsx
[2024-03-28T18:12:47.409+0000] {processor.py:830} INFO - Processing file /opt/airflow/dags/operationalData/products.xlsx for tasks to queue
[2024-03-28T18:12:47.414+0000] {logging_mixin.py:188} INFO - [2024-03-28T18:12:47.413+0000] {dagbag.py:540} INFO - Filling up the DagBag from /opt/airflow/dags/operationalData/products.xlsx
[2024-03-28T18:12:47.450+0000] {processor.py:842} WARNING - No viable dags retrieved from /opt/airflow/dags/operationalData/products.xlsx
[2024-03-28T18:12:47.481+0000] {processor.py:183} INFO - Processing /opt/airflow/dags/operationalData/products.xlsx took 0.083 seconds
[2024-03-28T18:13:18.182+0000] {processor.py:161} INFO - Started process (PID=1056) to work on /opt/airflow/dags/operationalData/products.xlsx
[2024-03-28T18:13:18.185+0000] {processor.py:830} INFO - Processing file /opt/airflow/dags/operationalData/products.xlsx for tasks to queue
[2024-03-28T18:13:18.190+0000] {logging_mixin.py:188} INFO - [2024-03-28T18:13:18.190+0000] {dagbag.py:540} INFO - Filling up the DagBag from /opt/airflow/dags/operationalData/products.xlsx
[2024-03-28T18:13:18.225+0000] {processor.py:842} WARNING - No viable dags retrieved from /opt/airflow/dags/operationalData/products.xlsx
[2024-03-28T18:13:18.257+0000] {processor.py:183} INFO - Processing /opt/airflow/dags/operationalData/products.xlsx took 0.083 seconds
[2024-03-28T18:13:49.016+0000] {processor.py:161} INFO - Started process (PID=1075) to work on /opt/airflow/dags/operationalData/products.xlsx
[2024-03-28T18:13:49.019+0000] {processor.py:830} INFO - Processing file /opt/airflow/dags/operationalData/products.xlsx for tasks to queue
[2024-03-28T18:13:49.026+0000] {logging_mixin.py:188} INFO - [2024-03-28T18:13:49.025+0000] {dagbag.py:540} INFO - Filling up the DagBag from /opt/airflow/dags/operationalData/products.xlsx
[2024-03-28T18:13:49.071+0000] {processor.py:842} WARNING - No viable dags retrieved from /opt/airflow/dags/operationalData/products.xlsx
[2024-03-28T18:13:49.115+0000] {processor.py:183} INFO - Processing /opt/airflow/dags/operationalData/products.xlsx took 0.108 seconds
[2024-03-28T18:14:19.415+0000] {processor.py:161} INFO - Started process (PID=1088) to work on /opt/airflow/dags/operationalData/products.xlsx
[2024-03-28T18:14:19.418+0000] {processor.py:830} INFO - Processing file /opt/airflow/dags/operationalData/products.xlsx for tasks to queue
[2024-03-28T18:14:19.425+0000] {logging_mixin.py:188} INFO - [2024-03-28T18:14:19.424+0000] {dagbag.py:540} INFO - Filling up the DagBag from /opt/airflow/dags/operationalData/products.xlsx
[2024-03-28T18:14:19.467+0000] {processor.py:842} WARNING - No viable dags retrieved from /opt/airflow/dags/operationalData/products.xlsx
[2024-03-28T18:14:19.501+0000] {processor.py:183} INFO - Processing /opt/airflow/dags/operationalData/products.xlsx took 0.096 seconds
[2024-03-28T18:14:50.215+0000] {processor.py:161} INFO - Started process (PID=1101) to work on /opt/airflow/dags/operationalData/products.xlsx
[2024-03-28T18:14:50.218+0000] {processor.py:830} INFO - Processing file /opt/airflow/dags/operationalData/products.xlsx for tasks to queue
[2024-03-28T18:14:50.222+0000] {logging_mixin.py:188} INFO - [2024-03-28T18:14:50.222+0000] {dagbag.py:540} INFO - Filling up the DagBag from /opt/airflow/dags/operationalData/products.xlsx
[2024-03-28T18:14:50.259+0000] {processor.py:842} WARNING - No viable dags retrieved from /opt/airflow/dags/operationalData/products.xlsx
[2024-03-28T18:14:50.293+0000] {processor.py:183} INFO - Processing /opt/airflow/dags/operationalData/products.xlsx took 0.084 seconds
[2024-03-28T18:15:21.051+0000] {processor.py:161} INFO - Started process (PID=1114) to work on /opt/airflow/dags/operationalData/products.xlsx
[2024-03-28T18:15:21.054+0000] {processor.py:830} INFO - Processing file /opt/airflow/dags/operationalData/products.xlsx for tasks to queue
[2024-03-28T18:15:21.058+0000] {logging_mixin.py:188} INFO - [2024-03-28T18:15:21.058+0000] {dagbag.py:540} INFO - Filling up the DagBag from /opt/airflow/dags/operationalData/products.xlsx
[2024-03-28T18:15:21.087+0000] {processor.py:842} WARNING - No viable dags retrieved from /opt/airflow/dags/operationalData/products.xlsx
[2024-03-28T18:15:21.120+0000] {processor.py:183} INFO - Processing /opt/airflow/dags/operationalData/products.xlsx took 0.077 seconds
[2024-03-28T18:15:51.787+0000] {processor.py:161} INFO - Started process (PID=1127) to work on /opt/airflow/dags/operationalData/products.xlsx
[2024-03-28T18:15:51.790+0000] {processor.py:830} INFO - Processing file /opt/airflow/dags/operationalData/products.xlsx for tasks to queue
[2024-03-28T18:15:51.795+0000] {logging_mixin.py:188} INFO - [2024-03-28T18:15:51.794+0000] {dagbag.py:540} INFO - Filling up the DagBag from /opt/airflow/dags/operationalData/products.xlsx
[2024-03-28T18:15:51.846+0000] {processor.py:842} WARNING - No viable dags retrieved from /opt/airflow/dags/operationalData/products.xlsx
[2024-03-28T18:15:51.876+0000] {processor.py:183} INFO - Processing /opt/airflow/dags/operationalData/products.xlsx took 0.098 seconds
[2024-03-28T18:16:22.511+0000] {processor.py:161} INFO - Started process (PID=1140) to work on /opt/airflow/dags/operationalData/products.xlsx
[2024-03-28T18:16:22.515+0000] {processor.py:830} INFO - Processing file /opt/airflow/dags/operationalData/products.xlsx for tasks to queue
[2024-03-28T18:16:22.523+0000] {logging_mixin.py:188} INFO - [2024-03-28T18:16:22.522+0000] {dagbag.py:540} INFO - Filling up the DagBag from /opt/airflow/dags/operationalData/products.xlsx
[2024-03-28T18:16:22.566+0000] {processor.py:842} WARNING - No viable dags retrieved from /opt/airflow/dags/operationalData/products.xlsx
[2024-03-28T18:16:22.608+0000] {processor.py:183} INFO - Processing /opt/airflow/dags/operationalData/products.xlsx took 0.113 seconds
[2024-03-28T18:16:53.393+0000] {processor.py:161} INFO - Started process (PID=1153) to work on /opt/airflow/dags/operationalData/products.xlsx
[2024-03-28T18:16:53.396+0000] {processor.py:830} INFO - Processing file /opt/airflow/dags/operationalData/products.xlsx for tasks to queue
[2024-03-28T18:16:53.401+0000] {logging_mixin.py:188} INFO - [2024-03-28T18:16:53.400+0000] {dagbag.py:540} INFO - Filling up the DagBag from /opt/airflow/dags/operationalData/products.xlsx
[2024-03-28T18:16:53.440+0000] {processor.py:842} WARNING - No viable dags retrieved from /opt/airflow/dags/operationalData/products.xlsx
[2024-03-28T18:16:53.476+0000] {processor.py:183} INFO - Processing /opt/airflow/dags/operationalData/products.xlsx took 0.091 seconds
[2024-03-28T18:17:24.029+0000] {processor.py:161} INFO - Started process (PID=1166) to work on /opt/airflow/dags/operationalData/products.xlsx
[2024-03-28T18:17:24.032+0000] {processor.py:830} INFO - Processing file /opt/airflow/dags/operationalData/products.xlsx for tasks to queue
[2024-03-28T18:17:24.038+0000] {logging_mixin.py:188} INFO - [2024-03-28T18:17:24.037+0000] {dagbag.py:540} INFO - Filling up the DagBag from /opt/airflow/dags/operationalData/products.xlsx
[2024-03-28T18:17:24.070+0000] {processor.py:842} WARNING - No viable dags retrieved from /opt/airflow/dags/operationalData/products.xlsx
[2024-03-28T18:17:24.105+0000] {processor.py:183} INFO - Processing /opt/airflow/dags/operationalData/products.xlsx took 0.084 seconds
[2024-03-28T18:17:54.393+0000] {processor.py:161} INFO - Started process (PID=1179) to work on /opt/airflow/dags/operationalData/products.xlsx
[2024-03-28T18:17:54.396+0000] {processor.py:830} INFO - Processing file /opt/airflow/dags/operationalData/products.xlsx for tasks to queue
[2024-03-28T18:17:54.402+0000] {logging_mixin.py:188} INFO - [2024-03-28T18:17:54.401+0000] {dagbag.py:540} INFO - Filling up the DagBag from /opt/airflow/dags/operationalData/products.xlsx
[2024-03-28T18:17:54.436+0000] {processor.py:842} WARNING - No viable dags retrieved from /opt/airflow/dags/operationalData/products.xlsx
[2024-03-28T18:17:54.467+0000] {processor.py:183} INFO - Processing /opt/airflow/dags/operationalData/products.xlsx took 0.080 seconds
[2024-03-28T18:18:25.153+0000] {processor.py:161} INFO - Started process (PID=1192) to work on /opt/airflow/dags/operationalData/products.xlsx
[2024-03-28T18:18:25.156+0000] {processor.py:830} INFO - Processing file /opt/airflow/dags/operationalData/products.xlsx for tasks to queue
[2024-03-28T18:18:25.163+0000] {logging_mixin.py:188} INFO - [2024-03-28T18:18:25.162+0000] {dagbag.py:540} INFO - Filling up the DagBag from /opt/airflow/dags/operationalData/products.xlsx
[2024-03-28T18:18:25.204+0000] {processor.py:842} WARNING - No viable dags retrieved from /opt/airflow/dags/operationalData/products.xlsx
[2024-03-28T18:18:25.244+0000] {processor.py:183} INFO - Processing /opt/airflow/dags/operationalData/products.xlsx took 0.111 seconds
[2024-03-28T18:18:56.073+0000] {processor.py:161} INFO - Started process (PID=1205) to work on /opt/airflow/dags/operationalData/products.xlsx
[2024-03-28T18:18:56.076+0000] {processor.py:830} INFO - Processing file /opt/airflow/dags/operationalData/products.xlsx for tasks to queue
[2024-03-28T18:18:56.081+0000] {logging_mixin.py:188} INFO - [2024-03-28T18:18:56.080+0000] {dagbag.py:540} INFO - Filling up the DagBag from /opt/airflow/dags/operationalData/products.xlsx
[2024-03-28T18:18:56.121+0000] {processor.py:842} WARNING - No viable dags retrieved from /opt/airflow/dags/operationalData/products.xlsx
[2024-03-28T18:18:56.155+0000] {processor.py:183} INFO - Processing /opt/airflow/dags/operationalData/products.xlsx took 0.089 seconds
[2024-03-28T18:19:26.776+0000] {processor.py:161} INFO - Started process (PID=1218) to work on /opt/airflow/dags/operationalData/products.xlsx
[2024-03-28T18:19:26.780+0000] {processor.py:830} INFO - Processing file /opt/airflow/dags/operationalData/products.xlsx for tasks to queue
[2024-03-28T18:19:26.787+0000] {logging_mixin.py:188} INFO - [2024-03-28T18:19:26.786+0000] {dagbag.py:540} INFO - Filling up the DagBag from /opt/airflow/dags/operationalData/products.xlsx
[2024-03-28T18:19:26.824+0000] {processor.py:842} WARNING - No viable dags retrieved from /opt/airflow/dags/operationalData/products.xlsx
[2024-03-28T18:19:26.856+0000] {processor.py:183} INFO - Processing /opt/airflow/dags/operationalData/products.xlsx took 0.089 seconds
[2024-03-28T18:19:57.658+0000] {processor.py:161} INFO - Started process (PID=1231) to work on /opt/airflow/dags/operationalData/products.xlsx
[2024-03-28T18:19:57.661+0000] {processor.py:830} INFO - Processing file /opt/airflow/dags/operationalData/products.xlsx for tasks to queue
[2024-03-28T18:19:57.669+0000] {logging_mixin.py:188} INFO - [2024-03-28T18:19:57.668+0000] {dagbag.py:540} INFO - Filling up the DagBag from /opt/airflow/dags/operationalData/products.xlsx
[2024-03-28T18:19:57.699+0000] {processor.py:842} WARNING - No viable dags retrieved from /opt/airflow/dags/operationalData/products.xlsx
[2024-03-28T18:19:57.737+0000] {processor.py:183} INFO - Processing /opt/airflow/dags/operationalData/products.xlsx took 0.090 seconds
[2024-03-28T18:20:28.434+0000] {processor.py:161} INFO - Started process (PID=1244) to work on /opt/airflow/dags/operationalData/products.xlsx
[2024-03-28T18:20:28.437+0000] {processor.py:830} INFO - Processing file /opt/airflow/dags/operationalData/products.xlsx for tasks to queue
[2024-03-28T18:20:28.441+0000] {logging_mixin.py:188} INFO - [2024-03-28T18:20:28.440+0000] {dagbag.py:540} INFO - Filling up the DagBag from /opt/airflow/dags/operationalData/products.xlsx
[2024-03-28T18:20:28.476+0000] {processor.py:842} WARNING - No viable dags retrieved from /opt/airflow/dags/operationalData/products.xlsx
[2024-03-28T18:20:28.509+0000] {processor.py:183} INFO - Processing /opt/airflow/dags/operationalData/products.xlsx took 0.084 seconds
[2024-03-28T18:20:59.009+0000] {processor.py:161} INFO - Started process (PID=1257) to work on /opt/airflow/dags/operationalData/products.xlsx
[2024-03-28T18:20:59.012+0000] {processor.py:830} INFO - Processing file /opt/airflow/dags/operationalData/products.xlsx for tasks to queue
[2024-03-28T18:20:59.018+0000] {logging_mixin.py:188} INFO - [2024-03-28T18:20:59.017+0000] {dagbag.py:540} INFO - Filling up the DagBag from /opt/airflow/dags/operationalData/products.xlsx
[2024-03-28T18:20:59.053+0000] {processor.py:842} WARNING - No viable dags retrieved from /opt/airflow/dags/operationalData/products.xlsx
[2024-03-28T18:20:59.084+0000] {processor.py:183} INFO - Processing /opt/airflow/dags/operationalData/products.xlsx took 0.085 seconds
[2024-03-28T18:21:29.835+0000] {processor.py:161} INFO - Started process (PID=1270) to work on /opt/airflow/dags/operationalData/products.xlsx
[2024-03-28T18:21:29.842+0000] {processor.py:830} INFO - Processing file /opt/airflow/dags/operationalData/products.xlsx for tasks to queue
[2024-03-28T18:21:29.857+0000] {logging_mixin.py:188} INFO - [2024-03-28T18:21:29.854+0000] {dagbag.py:540} INFO - Filling up the DagBag from /opt/airflow/dags/operationalData/products.xlsx
[2024-03-28T18:21:29.901+0000] {processor.py:842} WARNING - No viable dags retrieved from /opt/airflow/dags/operationalData/products.xlsx
[2024-03-28T18:21:29.944+0000] {processor.py:183} INFO - Processing /opt/airflow/dags/operationalData/products.xlsx took 0.124 seconds
[2024-03-28T18:22:00.712+0000] {processor.py:161} INFO - Started process (PID=1283) to work on /opt/airflow/dags/operationalData/products.xlsx
[2024-03-28T18:22:00.714+0000] {processor.py:830} INFO - Processing file /opt/airflow/dags/operationalData/products.xlsx for tasks to queue
[2024-03-28T18:22:00.720+0000] {logging_mixin.py:188} INFO - [2024-03-28T18:22:00.719+0000] {dagbag.py:540} INFO - Filling up the DagBag from /opt/airflow/dags/operationalData/products.xlsx
[2024-03-28T18:22:00.748+0000] {processor.py:842} WARNING - No viable dags retrieved from /opt/airflow/dags/operationalData/products.xlsx
[2024-03-28T18:22:00.780+0000] {processor.py:183} INFO - Processing /opt/airflow/dags/operationalData/products.xlsx took 0.074 seconds
[2024-03-28T18:22:30.972+0000] {processor.py:161} INFO - Started process (PID=1295) to work on /opt/airflow/dags/operationalData/products.xlsx
[2024-03-28T18:22:30.975+0000] {processor.py:830} INFO - Processing file /opt/airflow/dags/operationalData/products.xlsx for tasks to queue
[2024-03-28T18:22:30.980+0000] {logging_mixin.py:188} INFO - [2024-03-28T18:22:30.979+0000] {dagbag.py:540} INFO - Filling up the DagBag from /opt/airflow/dags/operationalData/products.xlsx
[2024-03-28T18:22:31.014+0000] {processor.py:842} WARNING - No viable dags retrieved from /opt/airflow/dags/operationalData/products.xlsx
[2024-03-28T18:22:31.047+0000] {processor.py:183} INFO - Processing /opt/airflow/dags/operationalData/products.xlsx took 0.082 seconds
[2024-03-28T18:23:01.856+0000] {processor.py:161} INFO - Started process (PID=1307) to work on /opt/airflow/dags/operationalData/products.xlsx
[2024-03-28T18:23:01.860+0000] {processor.py:830} INFO - Processing file /opt/airflow/dags/operationalData/products.xlsx for tasks to queue
[2024-03-28T18:23:01.866+0000] {logging_mixin.py:188} INFO - [2024-03-28T18:23:01.864+0000] {dagbag.py:540} INFO - Filling up the DagBag from /opt/airflow/dags/operationalData/products.xlsx
[2024-03-28T18:23:01.900+0000] {processor.py:842} WARNING - No viable dags retrieved from /opt/airflow/dags/operationalData/products.xlsx
[2024-03-28T18:23:01.933+0000] {processor.py:183} INFO - Processing /opt/airflow/dags/operationalData/products.xlsx took 0.091 seconds
[2024-03-28T18:23:32.863+0000] {processor.py:161} INFO - Started process (PID=1320) to work on /opt/airflow/dags/operationalData/products.xlsx
[2024-03-28T18:23:32.866+0000] {processor.py:830} INFO - Processing file /opt/airflow/dags/operationalData/products.xlsx for tasks to queue
[2024-03-28T18:23:32.874+0000] {logging_mixin.py:188} INFO - [2024-03-28T18:23:32.873+0000] {dagbag.py:540} INFO - Filling up the DagBag from /opt/airflow/dags/operationalData/products.xlsx
[2024-03-28T18:23:32.907+0000] {processor.py:842} WARNING - No viable dags retrieved from /opt/airflow/dags/operationalData/products.xlsx
[2024-03-28T18:23:32.949+0000] {processor.py:183} INFO - Processing /opt/airflow/dags/operationalData/products.xlsx took 0.104 seconds
[2024-03-28T18:24:03.725+0000] {processor.py:161} INFO - Started process (PID=1333) to work on /opt/airflow/dags/operationalData/products.xlsx
[2024-03-28T18:24:03.732+0000] {processor.py:830} INFO - Processing file /opt/airflow/dags/operationalData/products.xlsx for tasks to queue
[2024-03-28T18:24:03.738+0000] {logging_mixin.py:188} INFO - [2024-03-28T18:24:03.737+0000] {dagbag.py:540} INFO - Filling up the DagBag from /opt/airflow/dags/operationalData/products.xlsx
[2024-03-28T18:24:03.782+0000] {processor.py:842} WARNING - No viable dags retrieved from /opt/airflow/dags/operationalData/products.xlsx
[2024-03-28T18:24:03.821+0000] {processor.py:183} INFO - Processing /opt/airflow/dags/operationalData/products.xlsx took 0.125 seconds
[2024-03-28T18:24:34.617+0000] {processor.py:161} INFO - Started process (PID=1346) to work on /opt/airflow/dags/operationalData/products.xlsx
[2024-03-28T18:24:34.620+0000] {processor.py:830} INFO - Processing file /opt/airflow/dags/operationalData/products.xlsx for tasks to queue
[2024-03-28T18:24:34.627+0000] {logging_mixin.py:188} INFO - [2024-03-28T18:24:34.626+0000] {dagbag.py:540} INFO - Filling up the DagBag from /opt/airflow/dags/operationalData/products.xlsx
[2024-03-28T18:24:34.662+0000] {processor.py:842} WARNING - No viable dags retrieved from /opt/airflow/dags/operationalData/products.xlsx
[2024-03-28T18:24:34.694+0000] {processor.py:183} INFO - Processing /opt/airflow/dags/operationalData/products.xlsx took 0.088 seconds
[2024-03-28T18:25:05.419+0000] {processor.py:161} INFO - Started process (PID=1359) to work on /opt/airflow/dags/operationalData/products.xlsx
[2024-03-28T18:25:05.421+0000] {processor.py:830} INFO - Processing file /opt/airflow/dags/operationalData/products.xlsx for tasks to queue
[2024-03-28T18:25:05.425+0000] {logging_mixin.py:188} INFO - [2024-03-28T18:25:05.425+0000] {dagbag.py:540} INFO - Filling up the DagBag from /opt/airflow/dags/operationalData/products.xlsx
[2024-03-28T18:25:05.458+0000] {processor.py:842} WARNING - No viable dags retrieved from /opt/airflow/dags/operationalData/products.xlsx
[2024-03-28T18:25:05.489+0000] {processor.py:183} INFO - Processing /opt/airflow/dags/operationalData/products.xlsx took 0.080 seconds
[2024-03-28T18:25:36.330+0000] {processor.py:161} INFO - Started process (PID=1372) to work on /opt/airflow/dags/operationalData/products.xlsx
[2024-03-28T18:25:36.332+0000] {processor.py:830} INFO - Processing file /opt/airflow/dags/operationalData/products.xlsx for tasks to queue
[2024-03-28T18:25:36.339+0000] {logging_mixin.py:188} INFO - [2024-03-28T18:25:36.339+0000] {dagbag.py:540} INFO - Filling up the DagBag from /opt/airflow/dags/operationalData/products.xlsx
[2024-03-28T18:25:36.375+0000] {processor.py:842} WARNING - No viable dags retrieved from /opt/airflow/dags/operationalData/products.xlsx
[2024-03-28T18:25:36.411+0000] {processor.py:183} INFO - Processing /opt/airflow/dags/operationalData/products.xlsx took 0.089 seconds
[2024-03-28T18:26:07.239+0000] {processor.py:161} INFO - Started process (PID=1385) to work on /opt/airflow/dags/operationalData/products.xlsx
[2024-03-28T18:26:07.241+0000] {processor.py:830} INFO - Processing file /opt/airflow/dags/operationalData/products.xlsx for tasks to queue
[2024-03-28T18:26:07.246+0000] {logging_mixin.py:188} INFO - [2024-03-28T18:26:07.245+0000] {dagbag.py:540} INFO - Filling up the DagBag from /opt/airflow/dags/operationalData/products.xlsx
[2024-03-28T18:26:07.290+0000] {processor.py:842} WARNING - No viable dags retrieved from /opt/airflow/dags/operationalData/products.xlsx
[2024-03-28T18:26:07.320+0000] {processor.py:183} INFO - Processing /opt/airflow/dags/operationalData/products.xlsx took 0.090 seconds
[2024-03-28T18:26:38.051+0000] {processor.py:161} INFO - Started process (PID=1398) to work on /opt/airflow/dags/operationalData/products.xlsx
[2024-03-28T18:26:38.054+0000] {processor.py:830} INFO - Processing file /opt/airflow/dags/operationalData/products.xlsx for tasks to queue
[2024-03-28T18:26:38.060+0000] {logging_mixin.py:188} INFO - [2024-03-28T18:26:38.058+0000] {dagbag.py:540} INFO - Filling up the DagBag from /opt/airflow/dags/operationalData/products.xlsx
[2024-03-28T18:26:38.098+0000] {processor.py:842} WARNING - No viable dags retrieved from /opt/airflow/dags/operationalData/products.xlsx
[2024-03-28T18:26:38.133+0000] {processor.py:183} INFO - Processing /opt/airflow/dags/operationalData/products.xlsx took 0.088 seconds
[2024-03-28T18:27:08.382+0000] {processor.py:161} INFO - Started process (PID=1411) to work on /opt/airflow/dags/operationalData/products.xlsx
[2024-03-28T18:27:08.385+0000] {processor.py:830} INFO - Processing file /opt/airflow/dags/operationalData/products.xlsx for tasks to queue
[2024-03-28T18:27:08.392+0000] {logging_mixin.py:188} INFO - [2024-03-28T18:27:08.391+0000] {dagbag.py:540} INFO - Filling up the DagBag from /opt/airflow/dags/operationalData/products.xlsx
[2024-03-28T18:27:08.424+0000] {processor.py:842} WARNING - No viable dags retrieved from /opt/airflow/dags/operationalData/products.xlsx
[2024-03-28T18:27:08.461+0000] {processor.py:183} INFO - Processing /opt/airflow/dags/operationalData/products.xlsx took 0.092 seconds
[2024-03-28T18:27:38.782+0000] {processor.py:161} INFO - Started process (PID=1424) to work on /opt/airflow/dags/operationalData/products.xlsx
[2024-03-28T18:27:38.784+0000] {processor.py:830} INFO - Processing file /opt/airflow/dags/operationalData/products.xlsx for tasks to queue
[2024-03-28T18:27:38.789+0000] {logging_mixin.py:188} INFO - [2024-03-28T18:27:38.789+0000] {dagbag.py:540} INFO - Filling up the DagBag from /opt/airflow/dags/operationalData/products.xlsx
[2024-03-28T18:27:38.823+0000] {processor.py:842} WARNING - No viable dags retrieved from /opt/airflow/dags/operationalData/products.xlsx
[2024-03-28T18:27:38.853+0000] {processor.py:183} INFO - Processing /opt/airflow/dags/operationalData/products.xlsx took 0.080 seconds
[2024-03-28T18:28:09.630+0000] {processor.py:161} INFO - Started process (PID=1437) to work on /opt/airflow/dags/operationalData/products.xlsx
[2024-03-28T18:28:09.633+0000] {processor.py:830} INFO - Processing file /opt/airflow/dags/operationalData/products.xlsx for tasks to queue
[2024-03-28T18:28:09.639+0000] {logging_mixin.py:188} INFO - [2024-03-28T18:28:09.639+0000] {dagbag.py:540} INFO - Filling up the DagBag from /opt/airflow/dags/operationalData/products.xlsx
[2024-03-28T18:28:09.684+0000] {processor.py:842} WARNING - No viable dags retrieved from /opt/airflow/dags/operationalData/products.xlsx
[2024-03-28T18:28:09.721+0000] {processor.py:183} INFO - Processing /opt/airflow/dags/operationalData/products.xlsx took 0.099 seconds
[2024-03-28T18:28:40.227+0000] {processor.py:161} INFO - Started process (PID=1450) to work on /opt/airflow/dags/operationalData/products.xlsx
[2024-03-28T18:28:40.230+0000] {processor.py:830} INFO - Processing file /opt/airflow/dags/operationalData/products.xlsx for tasks to queue
[2024-03-28T18:28:40.234+0000] {logging_mixin.py:188} INFO - [2024-03-28T18:28:40.234+0000] {dagbag.py:540} INFO - Filling up the DagBag from /opt/airflow/dags/operationalData/products.xlsx
[2024-03-28T18:28:40.270+0000] {processor.py:842} WARNING - No viable dags retrieved from /opt/airflow/dags/operationalData/products.xlsx
[2024-03-28T18:28:40.303+0000] {processor.py:183} INFO - Processing /opt/airflow/dags/operationalData/products.xlsx took 0.083 seconds
[2024-03-28T18:29:11.116+0000] {processor.py:161} INFO - Started process (PID=1463) to work on /opt/airflow/dags/operationalData/products.xlsx
[2024-03-28T18:29:11.119+0000] {processor.py:830} INFO - Processing file /opt/airflow/dags/operationalData/products.xlsx for tasks to queue
[2024-03-28T18:29:11.125+0000] {logging_mixin.py:188} INFO - [2024-03-28T18:29:11.124+0000] {dagbag.py:540} INFO - Filling up the DagBag from /opt/airflow/dags/operationalData/products.xlsx
[2024-03-28T18:29:11.159+0000] {processor.py:842} WARNING - No viable dags retrieved from /opt/airflow/dags/operationalData/products.xlsx
[2024-03-28T18:29:11.194+0000] {processor.py:183} INFO - Processing /opt/airflow/dags/operationalData/products.xlsx took 0.086 seconds
[2024-03-28T18:29:41.884+0000] {processor.py:161} INFO - Started process (PID=1476) to work on /opt/airflow/dags/operationalData/products.xlsx
[2024-03-28T18:29:41.886+0000] {processor.py:830} INFO - Processing file /opt/airflow/dags/operationalData/products.xlsx for tasks to queue
[2024-03-28T18:29:41.891+0000] {logging_mixin.py:188} INFO - [2024-03-28T18:29:41.890+0000] {dagbag.py:540} INFO - Filling up the DagBag from /opt/airflow/dags/operationalData/products.xlsx
[2024-03-28T18:29:41.929+0000] {processor.py:842} WARNING - No viable dags retrieved from /opt/airflow/dags/operationalData/products.xlsx
[2024-03-28T18:29:41.959+0000] {processor.py:183} INFO - Processing /opt/airflow/dags/operationalData/products.xlsx took 0.082 seconds
[2024-03-28T18:30:12.624+0000] {processor.py:161} INFO - Started process (PID=1489) to work on /opt/airflow/dags/operationalData/products.xlsx
[2024-03-28T18:30:12.627+0000] {processor.py:830} INFO - Processing file /opt/airflow/dags/operationalData/products.xlsx for tasks to queue
[2024-03-28T18:30:12.632+0000] {logging_mixin.py:188} INFO - [2024-03-28T18:30:12.631+0000] {dagbag.py:540} INFO - Filling up the DagBag from /opt/airflow/dags/operationalData/products.xlsx
[2024-03-28T18:30:12.669+0000] {processor.py:842} WARNING - No viable dags retrieved from /opt/airflow/dags/operationalData/products.xlsx
[2024-03-28T18:30:12.702+0000] {processor.py:183} INFO - Processing /opt/airflow/dags/operationalData/products.xlsx took 0.088 seconds
[2024-03-28T18:30:43.386+0000] {processor.py:161} INFO - Started process (PID=1502) to work on /opt/airflow/dags/operationalData/products.xlsx
[2024-03-28T18:30:43.388+0000] {processor.py:830} INFO - Processing file /opt/airflow/dags/operationalData/products.xlsx for tasks to queue
[2024-03-28T18:30:43.393+0000] {logging_mixin.py:188} INFO - [2024-03-28T18:30:43.392+0000] {dagbag.py:540} INFO - Filling up the DagBag from /opt/airflow/dags/operationalData/products.xlsx
[2024-03-28T18:30:43.426+0000] {processor.py:842} WARNING - No viable dags retrieved from /opt/airflow/dags/operationalData/products.xlsx
[2024-03-28T18:30:43.458+0000] {processor.py:183} INFO - Processing /opt/airflow/dags/operationalData/products.xlsx took 0.079 seconds
[2024-03-28T18:31:14.183+0000] {processor.py:161} INFO - Started process (PID=1515) to work on /opt/airflow/dags/operationalData/products.xlsx
[2024-03-28T18:31:14.186+0000] {processor.py:830} INFO - Processing file /opt/airflow/dags/operationalData/products.xlsx for tasks to queue
[2024-03-28T18:31:14.192+0000] {logging_mixin.py:188} INFO - [2024-03-28T18:31:14.191+0000] {dagbag.py:540} INFO - Filling up the DagBag from /opt/airflow/dags/operationalData/products.xlsx
[2024-03-28T18:31:14.222+0000] {processor.py:842} WARNING - No viable dags retrieved from /opt/airflow/dags/operationalData/products.xlsx
[2024-03-28T18:31:14.255+0000] {processor.py:183} INFO - Processing /opt/airflow/dags/operationalData/products.xlsx took 0.081 seconds
[2024-03-28T18:31:45.080+0000] {processor.py:161} INFO - Started process (PID=1528) to work on /opt/airflow/dags/operationalData/products.xlsx
[2024-03-28T18:31:45.083+0000] {processor.py:830} INFO - Processing file /opt/airflow/dags/operationalData/products.xlsx for tasks to queue
[2024-03-28T18:31:45.087+0000] {logging_mixin.py:188} INFO - [2024-03-28T18:31:45.087+0000] {dagbag.py:540} INFO - Filling up the DagBag from /opt/airflow/dags/operationalData/products.xlsx
[2024-03-28T18:31:45.123+0000] {processor.py:842} WARNING - No viable dags retrieved from /opt/airflow/dags/operationalData/products.xlsx
[2024-03-28T18:31:45.153+0000] {processor.py:183} INFO - Processing /opt/airflow/dags/operationalData/products.xlsx took 0.083 seconds
[2024-03-28T18:32:15.882+0000] {processor.py:161} INFO - Started process (PID=1541) to work on /opt/airflow/dags/operationalData/products.xlsx
[2024-03-28T18:32:15.885+0000] {processor.py:830} INFO - Processing file /opt/airflow/dags/operationalData/products.xlsx for tasks to queue
[2024-03-28T18:32:15.890+0000] {logging_mixin.py:188} INFO - [2024-03-28T18:32:15.889+0000] {dagbag.py:540} INFO - Filling up the DagBag from /opt/airflow/dags/operationalData/products.xlsx
[2024-03-28T18:32:15.925+0000] {processor.py:842} WARNING - No viable dags retrieved from /opt/airflow/dags/operationalData/products.xlsx
[2024-03-28T18:32:15.960+0000] {processor.py:183} INFO - Processing /opt/airflow/dags/operationalData/products.xlsx took 0.084 seconds
[2024-03-28T18:32:46.263+0000] {processor.py:161} INFO - Started process (PID=1554) to work on /opt/airflow/dags/operationalData/products.xlsx
[2024-03-28T18:32:46.266+0000] {processor.py:830} INFO - Processing file /opt/airflow/dags/operationalData/products.xlsx for tasks to queue
[2024-03-28T18:32:46.270+0000] {logging_mixin.py:188} INFO - [2024-03-28T18:32:46.270+0000] {dagbag.py:540} INFO - Filling up the DagBag from /opt/airflow/dags/operationalData/products.xlsx
[2024-03-28T18:32:46.307+0000] {processor.py:842} WARNING - No viable dags retrieved from /opt/airflow/dags/operationalData/products.xlsx
[2024-03-28T18:32:46.341+0000] {processor.py:183} INFO - Processing /opt/airflow/dags/operationalData/products.xlsx took 0.086 seconds
[2024-03-28T18:33:16.888+0000] {processor.py:161} INFO - Started process (PID=1567) to work on /opt/airflow/dags/operationalData/products.xlsx
[2024-03-28T18:33:16.890+0000] {processor.py:830} INFO - Processing file /opt/airflow/dags/operationalData/products.xlsx for tasks to queue
[2024-03-28T18:33:16.894+0000] {logging_mixin.py:188} INFO - [2024-03-28T18:33:16.894+0000] {dagbag.py:540} INFO - Filling up the DagBag from /opt/airflow/dags/operationalData/products.xlsx
[2024-03-28T18:33:16.931+0000] {processor.py:842} WARNING - No viable dags retrieved from /opt/airflow/dags/operationalData/products.xlsx
[2024-03-28T18:33:16.962+0000] {processor.py:183} INFO - Processing /opt/airflow/dags/operationalData/products.xlsx took 0.082 seconds
[2024-03-28T18:33:47.547+0000] {processor.py:161} INFO - Started process (PID=1580) to work on /opt/airflow/dags/operationalData/products.xlsx
[2024-03-28T18:33:47.550+0000] {processor.py:830} INFO - Processing file /opt/airflow/dags/operationalData/products.xlsx for tasks to queue
[2024-03-28T18:33:47.556+0000] {logging_mixin.py:188} INFO - [2024-03-28T18:33:47.555+0000] {dagbag.py:540} INFO - Filling up the DagBag from /opt/airflow/dags/operationalData/products.xlsx
[2024-03-28T18:33:47.588+0000] {processor.py:842} WARNING - No viable dags retrieved from /opt/airflow/dags/operationalData/products.xlsx
[2024-03-28T18:33:47.620+0000] {processor.py:183} INFO - Processing /opt/airflow/dags/operationalData/products.xlsx took 0.080 seconds
[2024-03-28T18:34:18.255+0000] {processor.py:161} INFO - Started process (PID=1593) to work on /opt/airflow/dags/operationalData/products.xlsx
[2024-03-28T18:34:18.258+0000] {processor.py:830} INFO - Processing file /opt/airflow/dags/operationalData/products.xlsx for tasks to queue
[2024-03-28T18:34:18.264+0000] {logging_mixin.py:188} INFO - [2024-03-28T18:34:18.263+0000] {dagbag.py:540} INFO - Filling up the DagBag from /opt/airflow/dags/operationalData/products.xlsx
[2024-03-28T18:34:18.296+0000] {processor.py:842} WARNING - No viable dags retrieved from /opt/airflow/dags/operationalData/products.xlsx
[2024-03-28T18:34:18.328+0000] {processor.py:183} INFO - Processing /opt/airflow/dags/operationalData/products.xlsx took 0.082 seconds
[2024-03-28T18:34:49.068+0000] {processor.py:161} INFO - Started process (PID=1606) to work on /opt/airflow/dags/operationalData/products.xlsx
[2024-03-28T18:34:49.071+0000] {processor.py:830} INFO - Processing file /opt/airflow/dags/operationalData/products.xlsx for tasks to queue
[2024-03-28T18:34:49.075+0000] {logging_mixin.py:188} INFO - [2024-03-28T18:34:49.074+0000] {dagbag.py:540} INFO - Filling up the DagBag from /opt/airflow/dags/operationalData/products.xlsx
[2024-03-28T18:34:49.110+0000] {processor.py:842} WARNING - No viable dags retrieved from /opt/airflow/dags/operationalData/products.xlsx
[2024-03-28T18:34:49.142+0000] {processor.py:183} INFO - Processing /opt/airflow/dags/operationalData/products.xlsx took 0.080 seconds
[2024-03-28T18:35:19.776+0000] {processor.py:161} INFO - Started process (PID=1619) to work on /opt/airflow/dags/operationalData/products.xlsx
[2024-03-28T18:35:19.779+0000] {processor.py:830} INFO - Processing file /opt/airflow/dags/operationalData/products.xlsx for tasks to queue
[2024-03-28T18:35:19.786+0000] {logging_mixin.py:188} INFO - [2024-03-28T18:35:19.785+0000] {dagbag.py:540} INFO - Filling up the DagBag from /opt/airflow/dags/operationalData/products.xlsx
[2024-03-28T18:35:19.819+0000] {processor.py:842} WARNING - No viable dags retrieved from /opt/airflow/dags/operationalData/products.xlsx
[2024-03-28T18:35:19.854+0000] {processor.py:183} INFO - Processing /opt/airflow/dags/operationalData/products.xlsx took 0.085 seconds
[2024-03-28T18:35:50.402+0000] {processor.py:161} INFO - Started process (PID=1632) to work on /opt/airflow/dags/operationalData/products.xlsx
[2024-03-28T18:35:50.405+0000] {processor.py:830} INFO - Processing file /opt/airflow/dags/operationalData/products.xlsx for tasks to queue
[2024-03-28T18:35:50.412+0000] {logging_mixin.py:188} INFO - [2024-03-28T18:35:50.411+0000] {dagbag.py:540} INFO - Filling up the DagBag from /opt/airflow/dags/operationalData/products.xlsx
[2024-03-28T18:35:50.448+0000] {processor.py:842} WARNING - No viable dags retrieved from /opt/airflow/dags/operationalData/products.xlsx
[2024-03-28T18:35:50.483+0000] {processor.py:183} INFO - Processing /opt/airflow/dags/operationalData/products.xlsx took 0.091 seconds
[2024-03-28T18:36:20.973+0000] {processor.py:161} INFO - Started process (PID=1645) to work on /opt/airflow/dags/operationalData/products.xlsx
[2024-03-28T18:36:20.977+0000] {processor.py:830} INFO - Processing file /opt/airflow/dags/operationalData/products.xlsx for tasks to queue
[2024-03-28T18:36:20.982+0000] {logging_mixin.py:188} INFO - [2024-03-28T18:36:20.981+0000] {dagbag.py:540} INFO - Filling up the DagBag from /opt/airflow/dags/operationalData/products.xlsx
[2024-03-28T18:36:21.018+0000] {processor.py:842} WARNING - No viable dags retrieved from /opt/airflow/dags/operationalData/products.xlsx
[2024-03-28T18:36:21.051+0000] {processor.py:183} INFO - Processing /opt/airflow/dags/operationalData/products.xlsx took 0.086 seconds
[2024-03-28T18:36:51.738+0000] {processor.py:161} INFO - Started process (PID=1658) to work on /opt/airflow/dags/operationalData/products.xlsx
[2024-03-28T18:36:51.740+0000] {processor.py:830} INFO - Processing file /opt/airflow/dags/operationalData/products.xlsx for tasks to queue
[2024-03-28T18:36:51.745+0000] {logging_mixin.py:188} INFO - [2024-03-28T18:36:51.744+0000] {dagbag.py:540} INFO - Filling up the DagBag from /opt/airflow/dags/operationalData/products.xlsx
[2024-03-28T18:36:51.779+0000] {processor.py:842} WARNING - No viable dags retrieved from /opt/airflow/dags/operationalData/products.xlsx
[2024-03-28T18:36:51.809+0000] {processor.py:183} INFO - Processing /opt/airflow/dags/operationalData/products.xlsx took 0.080 seconds
[2024-03-28T18:37:22.687+0000] {processor.py:161} INFO - Started process (PID=1670) to work on /opt/airflow/dags/operationalData/products.xlsx
[2024-03-28T18:37:22.691+0000] {processor.py:830} INFO - Processing file /opt/airflow/dags/operationalData/products.xlsx for tasks to queue
[2024-03-28T18:37:22.699+0000] {logging_mixin.py:188} INFO - [2024-03-28T18:37:22.698+0000] {dagbag.py:540} INFO - Filling up the DagBag from /opt/airflow/dags/operationalData/products.xlsx
[2024-03-28T18:37:22.738+0000] {processor.py:842} WARNING - No viable dags retrieved from /opt/airflow/dags/operationalData/products.xlsx
[2024-03-28T18:37:22.792+0000] {processor.py:183} INFO - Processing /opt/airflow/dags/operationalData/products.xlsx took 0.118 seconds
[2024-03-28T18:37:53.612+0000] {processor.py:161} INFO - Started process (PID=1688) to work on /opt/airflow/dags/operationalData/products.xlsx
[2024-03-28T18:37:53.615+0000] {processor.py:830} INFO - Processing file /opt/airflow/dags/operationalData/products.xlsx for tasks to queue
[2024-03-28T18:37:53.619+0000] {logging_mixin.py:188} INFO - [2024-03-28T18:37:53.619+0000] {dagbag.py:540} INFO - Filling up the DagBag from /opt/airflow/dags/operationalData/products.xlsx
[2024-03-28T18:37:53.648+0000] {processor.py:842} WARNING - No viable dags retrieved from /opt/airflow/dags/operationalData/products.xlsx
[2024-03-28T18:37:53.686+0000] {processor.py:183} INFO - Processing /opt/airflow/dags/operationalData/products.xlsx took 0.084 seconds
[2024-03-28T18:38:24.537+0000] {processor.py:161} INFO - Started process (PID=1701) to work on /opt/airflow/dags/operationalData/products.xlsx
[2024-03-28T18:38:24.540+0000] {processor.py:830} INFO - Processing file /opt/airflow/dags/operationalData/products.xlsx for tasks to queue
[2024-03-28T18:38:24.546+0000] {logging_mixin.py:188} INFO - [2024-03-28T18:38:24.545+0000] {dagbag.py:540} INFO - Filling up the DagBag from /opt/airflow/dags/operationalData/products.xlsx
[2024-03-28T18:38:24.593+0000] {processor.py:842} WARNING - No viable dags retrieved from /opt/airflow/dags/operationalData/products.xlsx
[2024-03-28T18:38:24.637+0000] {processor.py:183} INFO - Processing /opt/airflow/dags/operationalData/products.xlsx took 0.117 seconds
