[2024-05-11T05:47:45.751+0000] {taskinstance.py:1979} INFO - Dependencies all met for dep_context=non-requeueable deps ti=<TaskInstance: ETL_Flow.insert_data_from_files scheduled__2024-05-09T21:11:00+00:00 [queued]>
[2024-05-11T05:47:45.768+0000] {taskinstance.py:1979} INFO - Dependencies all met for dep_context=requeueable deps ti=<TaskInstance: ETL_Flow.insert_data_from_files scheduled__2024-05-09T21:11:00+00:00 [queued]>
[2024-05-11T05:47:45.769+0000] {taskinstance.py:2193} INFO - Starting attempt 1 of 6
[2024-05-11T05:47:45.794+0000] {taskinstance.py:2214} INFO - Executing <Task(PythonOperator): insert_data_from_files> on 2024-05-09 21:11:00+00:00
[2024-05-11T05:47:45.802+0000] {standard_task_runner.py:60} INFO - Started process 3330 to run task
[2024-05-11T05:47:45.808+0000] {standard_task_runner.py:87} INFO - Running: ['***', 'tasks', 'run', 'ETL_Flow', 'insert_data_from_files', 'scheduled__2024-05-09T21:11:00+00:00', '--job-id', '3412', '--raw', '--subdir', 'DAGS_FOLDER/ETL.py', '--cfg-path', '/tmp/tmpuw955lap']
[2024-05-11T05:47:45.811+0000] {standard_task_runner.py:88} INFO - Job 3412: Subtask insert_data_from_files
[2024-05-11T05:47:45.921+0000] {task_command.py:423} INFO - Running <TaskInstance: ETL_Flow.insert_data_from_files scheduled__2024-05-09T21:11:00+00:00 [running]> on host 518f7ecc027f
[2024-05-11T05:47:46.340+0000] {taskinstance.py:2510} INFO - Exporting env vars: AIRFLOW_CTX_DAG_OWNER='coder2j' AIRFLOW_CTX_DAG_ID='ETL_Flow' AIRFLOW_CTX_TASK_ID='insert_data_from_files' AIRFLOW_CTX_EXECUTION_DATE='2024-05-09T21:11:00+00:00' AIRFLOW_CTX_TRY_NUMBER='1' AIRFLOW_CTX_DAG_RUN_ID='scheduled__2024-05-09T21:11:00+00:00'
[2024-05-11T05:47:46.825+0000] {base.py:83} INFO - Using connection ID 'postgres_localhost' for task execution.
[2024-05-11T05:47:46.990+0000] {sql.py:572} INFO - Done loading. Loaded a total of 50 rows into MRR_Dim_Customers
[2024-05-11T05:47:47.189+0000] {base.py:83} INFO - Using connection ID 'postgres_localhost' for task execution.
[2024-05-11T05:47:48.788+0000] {sql.py:572} INFO - Done loading. Loaded a total of 312 rows into MRR_Fact_Events
[2024-05-11T05:47:48.894+0000] {base.py:83} INFO - Using connection ID 'postgres_localhost' for task execution.
[2024-05-11T05:47:49.160+0000] {sql.py:572} INFO - Done loading. Loaded a total of 77 rows into MRR_Dim_Products
[2024-05-11T05:47:49.361+0000] {base.py:83} INFO - Using connection ID 'postgres_localhost' for task execution.
[2024-05-11T05:47:49.832+0000] {sql.py:572} INFO - Done loading. Loaded a total of 155 rows into MRR_Fact_Orders
[2024-05-11T05:47:49.901+0000] {base.py:83} INFO - Using connection ID 'postgres_localhost' for task execution.
[2024-05-11T05:47:50.598+0000] {sql.py:572} INFO - Done loading. Loaded a total of 261 rows into MRR_Fact_Details
[2024-05-11T05:47:50.599+0000] {python.py:202} INFO - Done. Returned value was: None
[2024-05-11T05:47:50.616+0000] {taskinstance.py:1149} INFO - Marking task as SUCCESS. dag_id=ETL_Flow, task_id=insert_data_from_files, execution_date=20240509T211100, start_date=20240511T054745, end_date=20240511T054750
[2024-05-11T05:47:50.695+0000] {local_task_job_runner.py:234} INFO - Task exited with return code 0
[2024-05-11T05:47:50.713+0000] {warnings.py:109} WARNING - /home/***/.local/lib/python3.8/site-packages/***/models/baseoperator.py:1201: AirflowProviderDeprecationWarning: Call to deprecated class PostgresOperator. (Please use `***.providers.common.sql.operators.sql.SQLExecuteQueryOperator`.Also, you can provide `hook_params={'schema': <database>}`.)
  result = cls.__new__(cls)

[2024-05-11T05:47:50.749+0000] {taskinstance.py:3309} INFO - 1 downstream tasks scheduled from follow-on schedule check
