[2024-03-09T17:30:59.399+0000] {taskinstance.py:1979} INFO - Dependencies all met for dep_context=non-requeueable deps ti=<TaskInstance: ETL_Flow.fact_mrr2stg scheduled__2024-03-04T06:00:00+00:00 [queued]>
[2024-03-09T17:30:59.163+0000] {taskinstance.py:1979} INFO - Dependencies all met for dep_context=requeueable deps ti=<TaskInstance: ETL_Flow.fact_mrr2stg scheduled__2024-03-04T06:00:00+00:00 [queued]>
[2024-03-09T17:30:59.164+0000] {taskinstance.py:2193} INFO - Starting attempt 1 of 6
[2024-03-09T17:30:59.229+0000] {taskinstance.py:2214} INFO - Executing <Task(PostgresOperator): fact_mrr2stg> on 2024-03-04 06:00:00+00:00
[2024-03-09T17:30:59.242+0000] {standard_task_runner.py:60} INFO - Started process 3424 to run task
[2024-03-09T17:30:59.258+0000] {standard_task_runner.py:87} INFO - Running: ['***', 'tasks', 'run', 'ETL_Flow', 'fact_mrr2stg', 'scheduled__2024-03-04T06:00:00+00:00', '--job-id', '296', '--raw', '--subdir', 'DAGS_FOLDER/etl2.py', '--cfg-path', '/tmp/tmpp3v2w5qg']
[2024-03-09T17:30:59.268+0000] {standard_task_runner.py:88} INFO - Job 296: Subtask fact_mrr2stg
[2024-03-09T17:30:59.697+0000] {task_command.py:423} INFO - Running <TaskInstance: ETL_Flow.fact_mrr2stg scheduled__2024-03-04T06:00:00+00:00 [running]> on host 3b9d9f11e4f2
[2024-03-09T17:31:00.664+0000] {taskinstance.py:2510} INFO - Exporting env vars: AIRFLOW_CTX_DAG_OWNER='coder2j' AIRFLOW_CTX_DAG_ID='ETL_Flow' AIRFLOW_CTX_TASK_ID='fact_mrr2stg' AIRFLOW_CTX_EXECUTION_DATE='2024-03-04T06:00:00+00:00' AIRFLOW_CTX_TRY_NUMBER='1' AIRFLOW_CTX_DAG_RUN_ID='scheduled__2024-03-04T06:00:00+00:00'
[2024-03-09T17:31:00.674+0000] {sql.py:276} INFO - Executing: insert into STG_Fact_Product_In_Order(Order_ID,Order_Time,Customer_ID,Employee_ID,Shipper_ID,Freight)
select 
case when o.Order_ID similar to '[0-9]+' and cast(o.Order_ID as int)>=0 then cast(o.Order_ID as int) else 0 end,
case when d.Prdocut_ID similar to '[0-9]+' and cast(d.Prdocut_ID as int)>=0 then cast(d.Prdocut_ID as int) else 0 end,
case when o.Customer_ID similar to '[0-9]+' and cast(o.Customer_ID as int)>=0 then cast(o.Customer_ID as int) else 0 end,
case when o.Employee_ID similar to '[0-9]+' and cast(o.Employee_ID as int)>=0 then cast(o.Employee_ID as int) else 0 end,
cast(o.Order_Time as datetime),
case when d.Quantity similar to '[0-9]+' and cast(d.Quantity as int)>=0 then cast(d.Quantity as int) else 0 end,
case when Total_Price is null then 0 else cast(Total_Price as money) end,
case when Total_Cost is null then 0 else cast(Total_Cost as money) end,
case when o.Shipper_ID similar to '[0-9]+' and cast(o.Shipper_ID as int)>=0 then cast(o.Shipper_ID as int) else 0 end
from MRR_Fact_Orders o join MRR_Fact_Details d on o.Order_ID = d.Order_ID ;
[2024-03-09T17:31:00.799+0000] {base.py:83} INFO - Using connection ID 'postgres_localhost' for task execution.
[2024-03-09T17:31:01.100+0000] {base.py:83} INFO - Using connection ID 'postgres_localhost' for task execution.
[2024-03-09T17:31:01.270+0000] {sql.py:457} INFO - Running statement: insert into STG_Fact_Product_In_Order(Order_ID,Order_Time,Customer_ID,Employee_ID,Shipper_ID,Freight)
select 
case when o.Order_ID similar to '[0-9]+' and cast(o.Order_ID as int)>=0 then cast(o.Order_ID as int) else 0 end,
case when d.Prdocut_ID similar to '[0-9]+' and cast(d.Prdocut_ID as int)>=0 then cast(d.Prdocut_ID as int) else 0 end,
case when o.Customer_ID similar to '[0-9]+' and cast(o.Customer_ID as int)>=0 then cast(o.Customer_ID as int) else 0 end,
case when o.Employee_ID similar to '[0-9]+' and cast(o.Employee_ID as int)>=0 then cast(o.Employee_ID as int) else 0 end,
cast(o.Order_Time as datetime),
case when d.Quantity similar to '[0-9]+' and cast(d.Quantity as int)>=0 then cast(d.Quantity as int) else 0 end,
case when Total_Price is null then 0 else cast(Total_Price as money) end,
case when Total_Cost is null then 0 else cast(Total_Cost as money) end,
case when o.Shipper_ID similar to '[0-9]+' and cast(o.Shipper_ID as int)>=0 then cast(o.Shipper_ID as int) else 0 end
from MRR_Fact_Orders o join MRR_Fact_Details d on o.Order_ID = d.Order_ID ;, parameters: None
[2024-03-09T17:31:01.438+0000] {taskinstance.py:2728} ERROR - Task failed with exception
Traceback (most recent call last):
  File "/home/airflow/.local/lib/python3.8/site-packages/airflow/models/taskinstance.py", line 444, in _execute_task
    result = _execute_callable(context=context, **execute_callable_kwargs)
  File "/home/airflow/.local/lib/python3.8/site-packages/airflow/models/taskinstance.py", line 414, in _execute_callable
    return execute_callable(context=context, **execute_callable_kwargs)
  File "/home/airflow/.local/lib/python3.8/site-packages/airflow/providers/common/sql/operators/sql.py", line 282, in execute
    output = hook.run(
  File "/home/airflow/.local/lib/python3.8/site-packages/airflow/providers/common/sql/hooks/sql.py", line 404, in run
    self._run_command(cur, sql_statement, parameters)
  File "/home/airflow/.local/lib/python3.8/site-packages/airflow/providers/common/sql/hooks/sql.py", line 462, in _run_command
    cur.execute(sql_statement)
psycopg2.errors.UndefinedTable: relation "stg_fact_product_in_order" does not exist
LINE 1: insert into STG_Fact_Product_In_Order(Order_ID,Order_Time,Cu...
                    ^

[2024-03-09T17:31:01.510+0000] {taskinstance.py:1149} INFO - Marking task as UP_FOR_RETRY. dag_id=ETL_Flow, task_id=fact_mrr2stg, execution_date=20240304T060000, start_date=20240309T173059, end_date=20240309T173101
[2024-03-09T17:31:01.609+0000] {standard_task_runner.py:107} ERROR - Failed to execute job 296 for task fact_mrr2stg (relation "stg_fact_product_in_order" does not exist
LINE 1: insert into STG_Fact_Product_In_Order(Order_ID,Order_Time,Cu...
                    ^
; 3424)
[2024-03-09T17:31:01.681+0000] {local_task_job_runner.py:234} INFO - Task exited with return code 1
[2024-03-09T17:31:01.790+0000] {taskinstance.py:3309} INFO - 0 downstream tasks scheduled from follow-on schedule check
