[2024-03-09T12:07:55.592+0000] {taskinstance.py:1979} INFO - Dependencies all met for dep_context=non-requeueable deps ti=<TaskInstance: Sales_ETL.snapshot manual__2024-03-09T11:56:38.365006+00:00 [queued]>
[2024-03-09T12:07:55.604+0000] {taskinstance.py:1979} INFO - Dependencies all met for dep_context=requeueable deps ti=<TaskInstance: Sales_ETL.snapshot manual__2024-03-09T11:56:38.365006+00:00 [queued]>
[2024-03-09T12:07:55.605+0000] {taskinstance.py:2193} INFO - Starting attempt 3 of 6
[2024-03-09T12:07:55.623+0000] {taskinstance.py:2214} INFO - Executing <Task(PostgresOperator): snapshot> on 2024-03-09 11:56:38.365006+00:00
[2024-03-09T12:07:55.630+0000] {standard_task_runner.py:60} INFO - Started process 765 to run task
[2024-03-09T12:07:55.634+0000] {standard_task_runner.py:87} INFO - Running: ['***', 'tasks', 'run', 'Sales_ETL', 'snapshot', 'manual__2024-03-09T11:56:38.365006+00:00', '--job-id', '63', '--raw', '--subdir', 'DAGS_FOLDER/etl_pipeline.py', '--cfg-path', '/tmp/tmpmszilxfa']
[2024-03-09T12:07:55.636+0000] {standard_task_runner.py:88} INFO - Job 63: Subtask snapshot
[2024-03-09T12:07:55.694+0000] {task_command.py:423} INFO - Running <TaskInstance: Sales_ETL.snapshot manual__2024-03-09T11:56:38.365006+00:00 [running]> on host 3b9d9f11e4f2
[2024-03-09T12:07:55.744+0000] {abstractoperator.py:707} ERROR - Exception rendering Jinja template for task 'snapshot', field 'sql'. Template: 'snapshot.sql'
Traceback (most recent call last):
  File "/home/airflow/.local/lib/python3.8/site-packages/airflow/models/abstractoperator.py", line 699, in _do_render_template_fields
    rendered_content = self.render_template(
  File "/home/airflow/.local/lib/python3.8/site-packages/airflow/template/templater.py", line 171, in render_template
    template = jinja_env.get_template(value)
  File "/home/airflow/.local/lib/python3.8/site-packages/jinja2/environment.py", line 1010, in get_template
    return self._load_template(name, globals)
  File "/home/airflow/.local/lib/python3.8/site-packages/jinja2/environment.py", line 969, in _load_template
    template = self.loader.load(self, name, self.make_globals(globals))
  File "/home/airflow/.local/lib/python3.8/site-packages/jinja2/loaders.py", line 125, in load
    source, filename, uptodate = self.get_source(environment, name)
  File "/home/airflow/.local/lib/python3.8/site-packages/jinja2/loaders.py", line 204, in get_source
    raise TemplateNotFound(template)
jinja2.exceptions.TemplateNotFound: snapshot.sql
[2024-03-09T12:07:55.746+0000] {taskinstance.py:2728} ERROR - Task failed with exception
Traceback (most recent call last):
  File "/home/airflow/.local/lib/python3.8/site-packages/airflow/models/taskinstance.py", line 2357, in _run_raw_task
    self._execute_task_with_callbacks(context, test_mode, session=session)
  File "/home/airflow/.local/lib/python3.8/site-packages/airflow/models/taskinstance.py", line 2495, in _execute_task_with_callbacks
    task_orig = self.render_templates(context=context)
  File "/home/airflow/.local/lib/python3.8/site-packages/airflow/models/taskinstance.py", line 2907, in render_templates
    original_task.render_template_fields(context)
  File "/home/airflow/.local/lib/python3.8/site-packages/airflow/models/baseoperator.py", line 1241, in render_template_fields
    self._do_render_template_fields(self, self.template_fields, context, jinja_env, set())
  File "/home/airflow/.local/lib/python3.8/site-packages/airflow/utils/session.py", line 79, in wrapper
    return func(*args, session=session, **kwargs)
  File "/home/airflow/.local/lib/python3.8/site-packages/airflow/models/abstractoperator.py", line 699, in _do_render_template_fields
    rendered_content = self.render_template(
  File "/home/airflow/.local/lib/python3.8/site-packages/airflow/template/templater.py", line 171, in render_template
    template = jinja_env.get_template(value)
  File "/home/airflow/.local/lib/python3.8/site-packages/jinja2/environment.py", line 1010, in get_template
    return self._load_template(name, globals)
  File "/home/airflow/.local/lib/python3.8/site-packages/jinja2/environment.py", line 969, in _load_template
    template = self.loader.load(self, name, self.make_globals(globals))
  File "/home/airflow/.local/lib/python3.8/site-packages/jinja2/loaders.py", line 125, in load
    source, filename, uptodate = self.get_source(environment, name)
  File "/home/airflow/.local/lib/python3.8/site-packages/jinja2/loaders.py", line 204, in get_source
    raise TemplateNotFound(template)
jinja2.exceptions.TemplateNotFound: snapshot.sql
[2024-03-09T12:07:55.756+0000] {taskinstance.py:1149} INFO - Marking task as UP_FOR_RETRY. dag_id=Sales_ETL, task_id=snapshot, execution_date=20240309T115638, start_date=20240309T120755, end_date=20240309T120755
[2024-03-09T12:07:55.771+0000] {standard_task_runner.py:107} ERROR - Failed to execute job 63 for task snapshot (snapshot.sql; 765)
[2024-03-09T12:07:55.807+0000] {local_task_job_runner.py:234} INFO - Task exited with return code 1
[2024-03-09T12:07:55.829+0000] {taskinstance.py:3309} INFO - 0 downstream tasks scheduled from follow-on schedule check
