[2024-05-10T14:44:19.815+0000] {processor.py:161} INFO - Started process (PID=5110) to work on /opt/airflow/dags/operationalData/Events.xlsx
[2024-05-10T14:44:19.820+0000] {processor.py:830} INFO - Processing file /opt/airflow/dags/operationalData/Events.xlsx for tasks to queue
[2024-05-10T14:44:19.835+0000] {logging_mixin.py:188} INFO - [2024-05-10T14:44:19.833+0000] {dagbag.py:540} INFO - Filling up the DagBag from /opt/airflow/dags/operationalData/Events.xlsx
[2024-05-10T14:44:19.980+0000] {processor.py:842} WARNING - No viable dags retrieved from /opt/airflow/dags/operationalData/Events.xlsx
[2024-05-10T14:44:20.070+0000] {processor.py:183} INFO - Processing /opt/airflow/dags/operationalData/Events.xlsx took 0.279 seconds
[2024-05-10T14:44:50.791+0000] {processor.py:161} INFO - Started process (PID=5123) to work on /opt/airflow/dags/operationalData/Events.xlsx
[2024-05-10T14:44:50.794+0000] {processor.py:830} INFO - Processing file /opt/airflow/dags/operationalData/Events.xlsx for tasks to queue
[2024-05-10T14:44:50.800+0000] {logging_mixin.py:188} INFO - [2024-05-10T14:44:50.798+0000] {dagbag.py:540} INFO - Filling up the DagBag from /opt/airflow/dags/operationalData/Events.xlsx
[2024-05-10T14:44:50.913+0000] {processor.py:842} WARNING - No viable dags retrieved from /opt/airflow/dags/operationalData/Events.xlsx
[2024-05-10T14:44:51.026+0000] {processor.py:183} INFO - Processing /opt/airflow/dags/operationalData/Events.xlsx took 0.253 seconds
[2024-05-10T14:45:33.299+0000] {processor.py:161} INFO - Started process (PID=5129) to work on /opt/airflow/dags/operationalData/Events.xlsx
[2024-05-10T14:45:33.314+0000] {processor.py:830} INFO - Processing file /opt/airflow/dags/operationalData/Events.xlsx for tasks to queue
[2024-05-10T14:45:33.323+0000] {logging_mixin.py:188} INFO - [2024-05-10T14:45:33.322+0000] {dagbag.py:540} INFO - Filling up the DagBag from /opt/airflow/dags/operationalData/Events.xlsx
[2024-05-10T14:45:33.395+0000] {processor.py:842} WARNING - No viable dags retrieved from /opt/airflow/dags/operationalData/Events.xlsx
[2024-05-10T14:45:33.563+0000] {processor.py:183} INFO - Processing /opt/airflow/dags/operationalData/Events.xlsx took 0.284 seconds
[2024-05-10T14:46:04.093+0000] {processor.py:161} INFO - Started process (PID=5141) to work on /opt/airflow/dags/operationalData/Events.xlsx
[2024-05-10T14:46:04.097+0000] {processor.py:830} INFO - Processing file /opt/airflow/dags/operationalData/Events.xlsx for tasks to queue
[2024-05-10T14:46:04.104+0000] {logging_mixin.py:188} INFO - [2024-05-10T14:46:04.103+0000] {dagbag.py:540} INFO - Filling up the DagBag from /opt/airflow/dags/operationalData/Events.xlsx
[2024-05-10T14:46:04.133+0000] {processor.py:842} WARNING - No viable dags retrieved from /opt/airflow/dags/operationalData/Events.xlsx
[2024-05-10T14:46:04.170+0000] {processor.py:183} INFO - Processing /opt/airflow/dags/operationalData/Events.xlsx took 0.090 seconds
[2024-05-10T14:46:34.676+0000] {processor.py:161} INFO - Started process (PID=5154) to work on /opt/airflow/dags/operationalData/Events.xlsx
[2024-05-10T14:46:34.678+0000] {processor.py:830} INFO - Processing file /opt/airflow/dags/operationalData/Events.xlsx for tasks to queue
[2024-05-10T14:46:34.682+0000] {logging_mixin.py:188} INFO - [2024-05-10T14:46:34.681+0000] {dagbag.py:540} INFO - Filling up the DagBag from /opt/airflow/dags/operationalData/Events.xlsx
[2024-05-10T14:46:34.698+0000] {processor.py:842} WARNING - No viable dags retrieved from /opt/airflow/dags/operationalData/Events.xlsx
[2024-05-10T14:46:34.718+0000] {processor.py:183} INFO - Processing /opt/airflow/dags/operationalData/Events.xlsx took 0.049 seconds
[2024-05-10T14:47:04.990+0000] {processor.py:161} INFO - Started process (PID=5167) to work on /opt/airflow/dags/operationalData/Events.xlsx
[2024-05-10T14:47:04.992+0000] {processor.py:830} INFO - Processing file /opt/airflow/dags/operationalData/Events.xlsx for tasks to queue
[2024-05-10T14:47:04.996+0000] {logging_mixin.py:188} INFO - [2024-05-10T14:47:04.996+0000] {dagbag.py:540} INFO - Filling up the DagBag from /opt/airflow/dags/operationalData/Events.xlsx
[2024-05-10T14:47:05.013+0000] {processor.py:842} WARNING - No viable dags retrieved from /opt/airflow/dags/operationalData/Events.xlsx
[2024-05-10T14:47:05.030+0000] {processor.py:183} INFO - Processing /opt/airflow/dags/operationalData/Events.xlsx took 0.044 seconds
[2024-05-10T14:47:35.578+0000] {processor.py:161} INFO - Started process (PID=5180) to work on /opt/airflow/dags/operationalData/Events.xlsx
[2024-05-10T14:47:35.579+0000] {processor.py:830} INFO - Processing file /opt/airflow/dags/operationalData/Events.xlsx for tasks to queue
[2024-05-10T14:47:35.582+0000] {logging_mixin.py:188} INFO - [2024-05-10T14:47:35.581+0000] {dagbag.py:540} INFO - Filling up the DagBag from /opt/airflow/dags/operationalData/Events.xlsx
[2024-05-10T14:47:35.597+0000] {processor.py:842} WARNING - No viable dags retrieved from /opt/airflow/dags/operationalData/Events.xlsx
[2024-05-10T14:47:35.623+0000] {processor.py:183} INFO - Processing /opt/airflow/dags/operationalData/Events.xlsx took 0.050 seconds
[2024-05-10T14:48:06.322+0000] {processor.py:161} INFO - Started process (PID=5193) to work on /opt/airflow/dags/operationalData/Events.xlsx
[2024-05-10T14:48:06.323+0000] {processor.py:830} INFO - Processing file /opt/airflow/dags/operationalData/Events.xlsx for tasks to queue
[2024-05-10T14:48:06.326+0000] {logging_mixin.py:188} INFO - [2024-05-10T14:48:06.326+0000] {dagbag.py:540} INFO - Filling up the DagBag from /opt/airflow/dags/operationalData/Events.xlsx
[2024-05-10T14:48:06.337+0000] {processor.py:842} WARNING - No viable dags retrieved from /opt/airflow/dags/operationalData/Events.xlsx
[2024-05-10T14:48:06.357+0000] {processor.py:183} INFO - Processing /opt/airflow/dags/operationalData/Events.xlsx took 0.038 seconds
[2024-05-10T14:48:36.826+0000] {processor.py:161} INFO - Started process (PID=5206) to work on /opt/airflow/dags/operationalData/Events.xlsx
[2024-05-10T14:48:36.829+0000] {processor.py:830} INFO - Processing file /opt/airflow/dags/operationalData/Events.xlsx for tasks to queue
[2024-05-10T14:48:36.834+0000] {logging_mixin.py:188} INFO - [2024-05-10T14:48:36.833+0000] {dagbag.py:540} INFO - Filling up the DagBag from /opt/airflow/dags/operationalData/Events.xlsx
[2024-05-10T14:48:36.853+0000] {processor.py:842} WARNING - No viable dags retrieved from /opt/airflow/dags/operationalData/Events.xlsx
[2024-05-10T14:48:36.877+0000] {processor.py:183} INFO - Processing /opt/airflow/dags/operationalData/Events.xlsx took 0.060 seconds
[2024-05-10T14:49:07.565+0000] {processor.py:161} INFO - Started process (PID=5219) to work on /opt/airflow/dags/operationalData/Events.xlsx
[2024-05-10T14:49:07.567+0000] {processor.py:830} INFO - Processing file /opt/airflow/dags/operationalData/Events.xlsx for tasks to queue
[2024-05-10T14:49:07.570+0000] {logging_mixin.py:188} INFO - [2024-05-10T14:49:07.570+0000] {dagbag.py:540} INFO - Filling up the DagBag from /opt/airflow/dags/operationalData/Events.xlsx
[2024-05-10T14:49:07.590+0000] {processor.py:842} WARNING - No viable dags retrieved from /opt/airflow/dags/operationalData/Events.xlsx
[2024-05-10T14:49:07.613+0000] {processor.py:183} INFO - Processing /opt/airflow/dags/operationalData/Events.xlsx took 0.052 seconds
[2024-05-10T14:49:38.136+0000] {processor.py:161} INFO - Started process (PID=5232) to work on /opt/airflow/dags/operationalData/Events.xlsx
[2024-05-10T14:49:38.137+0000] {processor.py:830} INFO - Processing file /opt/airflow/dags/operationalData/Events.xlsx for tasks to queue
[2024-05-10T14:49:38.140+0000] {logging_mixin.py:188} INFO - [2024-05-10T14:49:38.139+0000] {dagbag.py:540} INFO - Filling up the DagBag from /opt/airflow/dags/operationalData/Events.xlsx
[2024-05-10T14:49:38.157+0000] {processor.py:842} WARNING - No viable dags retrieved from /opt/airflow/dags/operationalData/Events.xlsx
[2024-05-10T14:49:38.177+0000] {processor.py:183} INFO - Processing /opt/airflow/dags/operationalData/Events.xlsx took 0.045 seconds
[2024-05-10T14:50:08.518+0000] {processor.py:161} INFO - Started process (PID=5245) to work on /opt/airflow/dags/operationalData/Events.xlsx
[2024-05-10T14:50:08.520+0000] {processor.py:830} INFO - Processing file /opt/airflow/dags/operationalData/Events.xlsx for tasks to queue
[2024-05-10T14:50:08.522+0000] {logging_mixin.py:188} INFO - [2024-05-10T14:50:08.522+0000] {dagbag.py:540} INFO - Filling up the DagBag from /opt/airflow/dags/operationalData/Events.xlsx
[2024-05-10T14:50:08.539+0000] {processor.py:842} WARNING - No viable dags retrieved from /opt/airflow/dags/operationalData/Events.xlsx
[2024-05-10T14:50:08.556+0000] {processor.py:183} INFO - Processing /opt/airflow/dags/operationalData/Events.xlsx took 0.041 seconds
[2024-05-10T14:50:38.960+0000] {processor.py:161} INFO - Started process (PID=5258) to work on /opt/airflow/dags/operationalData/Events.xlsx
[2024-05-10T14:50:38.961+0000] {processor.py:830} INFO - Processing file /opt/airflow/dags/operationalData/Events.xlsx for tasks to queue
[2024-05-10T14:50:38.964+0000] {logging_mixin.py:188} INFO - [2024-05-10T14:50:38.963+0000] {dagbag.py:540} INFO - Filling up the DagBag from /opt/airflow/dags/operationalData/Events.xlsx
[2024-05-10T14:50:38.980+0000] {processor.py:842} WARNING - No viable dags retrieved from /opt/airflow/dags/operationalData/Events.xlsx
[2024-05-10T14:50:38.997+0000] {processor.py:183} INFO - Processing /opt/airflow/dags/operationalData/Events.xlsx took 0.041 seconds
[2024-05-10T14:51:09.514+0000] {processor.py:161} INFO - Started process (PID=5271) to work on /opt/airflow/dags/operationalData/Events.xlsx
[2024-05-10T14:51:09.515+0000] {processor.py:830} INFO - Processing file /opt/airflow/dags/operationalData/Events.xlsx for tasks to queue
[2024-05-10T14:51:09.518+0000] {logging_mixin.py:188} INFO - [2024-05-10T14:51:09.518+0000] {dagbag.py:540} INFO - Filling up the DagBag from /opt/airflow/dags/operationalData/Events.xlsx
[2024-05-10T14:51:09.530+0000] {processor.py:842} WARNING - No viable dags retrieved from /opt/airflow/dags/operationalData/Events.xlsx
[2024-05-10T14:51:09.548+0000] {processor.py:183} INFO - Processing /opt/airflow/dags/operationalData/Events.xlsx took 0.040 seconds
[2024-05-10T14:51:39.889+0000] {processor.py:161} INFO - Started process (PID=5284) to work on /opt/airflow/dags/operationalData/Events.xlsx
[2024-05-10T14:51:39.891+0000] {processor.py:830} INFO - Processing file /opt/airflow/dags/operationalData/Events.xlsx for tasks to queue
[2024-05-10T14:51:39.894+0000] {logging_mixin.py:188} INFO - [2024-05-10T14:51:39.894+0000] {dagbag.py:540} INFO - Filling up the DagBag from /opt/airflow/dags/operationalData/Events.xlsx
[2024-05-10T14:51:39.913+0000] {processor.py:842} WARNING - No viable dags retrieved from /opt/airflow/dags/operationalData/Events.xlsx
[2024-05-10T14:51:39.931+0000] {processor.py:183} INFO - Processing /opt/airflow/dags/operationalData/Events.xlsx took 0.046 seconds
[2024-05-10T14:52:10.332+0000] {processor.py:161} INFO - Started process (PID=5297) to work on /opt/airflow/dags/operationalData/Events.xlsx
[2024-05-10T14:52:10.334+0000] {processor.py:830} INFO - Processing file /opt/airflow/dags/operationalData/Events.xlsx for tasks to queue
[2024-05-10T14:52:10.336+0000] {logging_mixin.py:188} INFO - [2024-05-10T14:52:10.336+0000] {dagbag.py:540} INFO - Filling up the DagBag from /opt/airflow/dags/operationalData/Events.xlsx
[2024-05-10T14:52:10.350+0000] {processor.py:842} WARNING - No viable dags retrieved from /opt/airflow/dags/operationalData/Events.xlsx
[2024-05-10T14:52:10.367+0000] {processor.py:183} INFO - Processing /opt/airflow/dags/operationalData/Events.xlsx took 0.039 seconds
[2024-05-10T14:52:40.708+0000] {processor.py:161} INFO - Started process (PID=5310) to work on /opt/airflow/dags/operationalData/Events.xlsx
[2024-05-10T14:52:40.709+0000] {processor.py:830} INFO - Processing file /opt/airflow/dags/operationalData/Events.xlsx for tasks to queue
[2024-05-10T14:52:40.713+0000] {logging_mixin.py:188} INFO - [2024-05-10T14:52:40.712+0000] {dagbag.py:540} INFO - Filling up the DagBag from /opt/airflow/dags/operationalData/Events.xlsx
[2024-05-10T14:52:40.729+0000] {processor.py:842} WARNING - No viable dags retrieved from /opt/airflow/dags/operationalData/Events.xlsx
[2024-05-10T14:52:40.746+0000] {processor.py:183} INFO - Processing /opt/airflow/dags/operationalData/Events.xlsx took 0.041 seconds
[2024-05-10T14:53:11.053+0000] {processor.py:161} INFO - Started process (PID=5323) to work on /opt/airflow/dags/operationalData/Events.xlsx
[2024-05-10T14:53:11.054+0000] {processor.py:830} INFO - Processing file /opt/airflow/dags/operationalData/Events.xlsx for tasks to queue
[2024-05-10T14:53:11.057+0000] {logging_mixin.py:188} INFO - [2024-05-10T14:53:11.056+0000] {dagbag.py:540} INFO - Filling up the DagBag from /opt/airflow/dags/operationalData/Events.xlsx
[2024-05-10T14:53:11.072+0000] {processor.py:842} WARNING - No viable dags retrieved from /opt/airflow/dags/operationalData/Events.xlsx
[2024-05-10T14:53:11.088+0000] {processor.py:183} INFO - Processing /opt/airflow/dags/operationalData/Events.xlsx took 0.040 seconds
[2024-05-10T14:53:41.395+0000] {processor.py:161} INFO - Started process (PID=5336) to work on /opt/airflow/dags/operationalData/Events.xlsx
[2024-05-10T14:53:41.396+0000] {processor.py:830} INFO - Processing file /opt/airflow/dags/operationalData/Events.xlsx for tasks to queue
[2024-05-10T14:53:41.399+0000] {logging_mixin.py:188} INFO - [2024-05-10T14:53:41.399+0000] {dagbag.py:540} INFO - Filling up the DagBag from /opt/airflow/dags/operationalData/Events.xlsx
[2024-05-10T14:53:41.415+0000] {processor.py:842} WARNING - No viable dags retrieved from /opt/airflow/dags/operationalData/Events.xlsx
[2024-05-10T14:53:41.432+0000] {processor.py:183} INFO - Processing /opt/airflow/dags/operationalData/Events.xlsx took 0.041 seconds
[2024-05-10T14:54:11.876+0000] {processor.py:161} INFO - Started process (PID=5349) to work on /opt/airflow/dags/operationalData/Events.xlsx
[2024-05-10T14:54:11.877+0000] {processor.py:830} INFO - Processing file /opt/airflow/dags/operationalData/Events.xlsx for tasks to queue
[2024-05-10T14:54:11.880+0000] {logging_mixin.py:188} INFO - [2024-05-10T14:54:11.880+0000] {dagbag.py:540} INFO - Filling up the DagBag from /opt/airflow/dags/operationalData/Events.xlsx
[2024-05-10T14:54:11.895+0000] {processor.py:842} WARNING - No viable dags retrieved from /opt/airflow/dags/operationalData/Events.xlsx
[2024-05-10T14:54:11.911+0000] {processor.py:183} INFO - Processing /opt/airflow/dags/operationalData/Events.xlsx took 0.039 seconds
[2024-05-10T14:54:42.748+0000] {processor.py:161} INFO - Started process (PID=5362) to work on /opt/airflow/dags/operationalData/Events.xlsx
[2024-05-10T14:54:42.749+0000] {processor.py:830} INFO - Processing file /opt/airflow/dags/operationalData/Events.xlsx for tasks to queue
[2024-05-10T14:54:42.752+0000] {logging_mixin.py:188} INFO - [2024-05-10T14:54:42.752+0000] {dagbag.py:540} INFO - Filling up the DagBag from /opt/airflow/dags/operationalData/Events.xlsx
[2024-05-10T14:54:42.768+0000] {processor.py:842} WARNING - No viable dags retrieved from /opt/airflow/dags/operationalData/Events.xlsx
[2024-05-10T14:54:42.785+0000] {processor.py:183} INFO - Processing /opt/airflow/dags/operationalData/Events.xlsx took 0.041 seconds
[2024-05-10T14:55:13.234+0000] {processor.py:161} INFO - Started process (PID=5375) to work on /opt/airflow/dags/operationalData/Events.xlsx
[2024-05-10T14:55:13.236+0000] {processor.py:830} INFO - Processing file /opt/airflow/dags/operationalData/Events.xlsx for tasks to queue
[2024-05-10T14:55:13.239+0000] {logging_mixin.py:188} INFO - [2024-05-10T14:55:13.239+0000] {dagbag.py:540} INFO - Filling up the DagBag from /opt/airflow/dags/operationalData/Events.xlsx
[2024-05-10T14:55:13.253+0000] {processor.py:842} WARNING - No viable dags retrieved from /opt/airflow/dags/operationalData/Events.xlsx
[2024-05-10T14:55:13.271+0000] {processor.py:183} INFO - Processing /opt/airflow/dags/operationalData/Events.xlsx took 0.040 seconds
[2024-05-10T14:55:43.657+0000] {processor.py:161} INFO - Started process (PID=5388) to work on /opt/airflow/dags/operationalData/Events.xlsx
[2024-05-10T14:55:43.658+0000] {processor.py:830} INFO - Processing file /opt/airflow/dags/operationalData/Events.xlsx for tasks to queue
[2024-05-10T14:55:43.661+0000] {logging_mixin.py:188} INFO - [2024-05-10T14:55:43.661+0000] {dagbag.py:540} INFO - Filling up the DagBag from /opt/airflow/dags/operationalData/Events.xlsx
[2024-05-10T14:55:43.679+0000] {processor.py:842} WARNING - No viable dags retrieved from /opt/airflow/dags/operationalData/Events.xlsx
[2024-05-10T14:55:43.697+0000] {processor.py:183} INFO - Processing /opt/airflow/dags/operationalData/Events.xlsx took 0.044 seconds
[2024-05-10T14:56:13.987+0000] {processor.py:161} INFO - Started process (PID=5401) to work on /opt/airflow/dags/operationalData/Events.xlsx
[2024-05-10T14:56:13.989+0000] {processor.py:830} INFO - Processing file /opt/airflow/dags/operationalData/Events.xlsx for tasks to queue
[2024-05-10T14:56:13.991+0000] {logging_mixin.py:188} INFO - [2024-05-10T14:56:13.991+0000] {dagbag.py:540} INFO - Filling up the DagBag from /opt/airflow/dags/operationalData/Events.xlsx
[2024-05-10T14:56:14.005+0000] {processor.py:842} WARNING - No viable dags retrieved from /opt/airflow/dags/operationalData/Events.xlsx
[2024-05-10T14:56:14.022+0000] {processor.py:183} INFO - Processing /opt/airflow/dags/operationalData/Events.xlsx took 0.039 seconds
[2024-05-10T14:56:44.807+0000] {processor.py:161} INFO - Started process (PID=5414) to work on /opt/airflow/dags/operationalData/Events.xlsx
[2024-05-10T14:56:44.810+0000] {processor.py:830} INFO - Processing file /opt/airflow/dags/operationalData/Events.xlsx for tasks to queue
[2024-05-10T14:56:44.817+0000] {logging_mixin.py:188} INFO - [2024-05-10T14:56:44.816+0000] {dagbag.py:540} INFO - Filling up the DagBag from /opt/airflow/dags/operationalData/Events.xlsx
[2024-05-10T14:56:44.877+0000] {processor.py:842} WARNING - No viable dags retrieved from /opt/airflow/dags/operationalData/Events.xlsx
[2024-05-10T14:56:45.033+0000] {processor.py:183} INFO - Processing /opt/airflow/dags/operationalData/Events.xlsx took 0.234 seconds
[2024-05-10T14:57:15.956+0000] {processor.py:161} INFO - Started process (PID=5426) to work on /opt/airflow/dags/operationalData/Events.xlsx
[2024-05-10T14:57:15.958+0000] {processor.py:830} INFO - Processing file /opt/airflow/dags/operationalData/Events.xlsx for tasks to queue
[2024-05-10T14:57:15.964+0000] {logging_mixin.py:188} INFO - [2024-05-10T14:57:15.963+0000] {dagbag.py:540} INFO - Filling up the DagBag from /opt/airflow/dags/operationalData/Events.xlsx
[2024-05-10T14:57:15.992+0000] {processor.py:842} WARNING - No viable dags retrieved from /opt/airflow/dags/operationalData/Events.xlsx
[2024-05-10T14:57:16.022+0000] {processor.py:183} INFO - Processing /opt/airflow/dags/operationalData/Events.xlsx took 0.072 seconds
[2024-05-10T14:57:46.347+0000] {processor.py:161} INFO - Started process (PID=5438) to work on /opt/airflow/dags/operationalData/Events.xlsx
[2024-05-10T14:57:46.349+0000] {processor.py:830} INFO - Processing file /opt/airflow/dags/operationalData/Events.xlsx for tasks to queue
[2024-05-10T14:57:46.353+0000] {logging_mixin.py:188} INFO - [2024-05-10T14:57:46.353+0000] {dagbag.py:540} INFO - Filling up the DagBag from /opt/airflow/dags/operationalData/Events.xlsx
[2024-05-10T14:57:46.372+0000] {processor.py:842} WARNING - No viable dags retrieved from /opt/airflow/dags/operationalData/Events.xlsx
[2024-05-10T14:57:46.398+0000] {processor.py:183} INFO - Processing /opt/airflow/dags/operationalData/Events.xlsx took 0.057 seconds
[2024-05-10T14:58:16.883+0000] {processor.py:161} INFO - Started process (PID=5451) to work on /opt/airflow/dags/operationalData/Events.xlsx
[2024-05-10T14:58:16.885+0000] {processor.py:830} INFO - Processing file /opt/airflow/dags/operationalData/Events.xlsx for tasks to queue
[2024-05-10T14:58:16.888+0000] {logging_mixin.py:188} INFO - [2024-05-10T14:58:16.887+0000] {dagbag.py:540} INFO - Filling up the DagBag from /opt/airflow/dags/operationalData/Events.xlsx
[2024-05-10T14:58:16.904+0000] {processor.py:842} WARNING - No viable dags retrieved from /opt/airflow/dags/operationalData/Events.xlsx
[2024-05-10T14:58:16.926+0000] {processor.py:183} INFO - Processing /opt/airflow/dags/operationalData/Events.xlsx took 0.049 seconds
[2024-05-10T14:58:47.289+0000] {processor.py:161} INFO - Started process (PID=5464) to work on /opt/airflow/dags/operationalData/Events.xlsx
[2024-05-10T14:58:47.290+0000] {processor.py:830} INFO - Processing file /opt/airflow/dags/operationalData/Events.xlsx for tasks to queue
[2024-05-10T14:58:47.293+0000] {logging_mixin.py:188} INFO - [2024-05-10T14:58:47.292+0000] {dagbag.py:540} INFO - Filling up the DagBag from /opt/airflow/dags/operationalData/Events.xlsx
[2024-05-10T14:58:47.308+0000] {processor.py:842} WARNING - No viable dags retrieved from /opt/airflow/dags/operationalData/Events.xlsx
[2024-05-10T14:58:47.328+0000] {processor.py:183} INFO - Processing /opt/airflow/dags/operationalData/Events.xlsx took 0.043 seconds
[2024-05-10T14:59:17.942+0000] {processor.py:161} INFO - Started process (PID=5483) to work on /opt/airflow/dags/operationalData/Events.xlsx
[2024-05-10T14:59:17.944+0000] {processor.py:830} INFO - Processing file /opt/airflow/dags/operationalData/Events.xlsx for tasks to queue
[2024-05-10T14:59:17.947+0000] {logging_mixin.py:188} INFO - [2024-05-10T14:59:17.947+0000] {dagbag.py:540} INFO - Filling up the DagBag from /opt/airflow/dags/operationalData/Events.xlsx
[2024-05-10T14:59:17.964+0000] {processor.py:842} WARNING - No viable dags retrieved from /opt/airflow/dags/operationalData/Events.xlsx
[2024-05-10T14:59:17.984+0000] {processor.py:183} INFO - Processing /opt/airflow/dags/operationalData/Events.xlsx took 0.046 seconds
[2024-05-10T14:59:48.363+0000] {processor.py:161} INFO - Started process (PID=5495) to work on /opt/airflow/dags/operationalData/Events.xlsx
[2024-05-10T14:59:48.371+0000] {processor.py:830} INFO - Processing file /opt/airflow/dags/operationalData/Events.xlsx for tasks to queue
[2024-05-10T14:59:48.377+0000] {logging_mixin.py:188} INFO - [2024-05-10T14:59:48.376+0000] {dagbag.py:540} INFO - Filling up the DagBag from /opt/airflow/dags/operationalData/Events.xlsx
[2024-05-10T14:59:48.409+0000] {processor.py:842} WARNING - No viable dags retrieved from /opt/airflow/dags/operationalData/Events.xlsx
[2024-05-10T14:59:48.441+0000] {processor.py:183} INFO - Processing /opt/airflow/dags/operationalData/Events.xlsx took 0.086 seconds
[2024-05-10T15:00:18.964+0000] {processor.py:161} INFO - Started process (PID=5508) to work on /opt/airflow/dags/operationalData/Events.xlsx
[2024-05-10T15:00:18.966+0000] {processor.py:830} INFO - Processing file /opt/airflow/dags/operationalData/Events.xlsx for tasks to queue
[2024-05-10T15:00:18.969+0000] {logging_mixin.py:188} INFO - [2024-05-10T15:00:18.968+0000] {dagbag.py:540} INFO - Filling up the DagBag from /opt/airflow/dags/operationalData/Events.xlsx
[2024-05-10T15:00:18.983+0000] {processor.py:842} WARNING - No viable dags retrieved from /opt/airflow/dags/operationalData/Events.xlsx
[2024-05-10T15:00:19.007+0000] {processor.py:183} INFO - Processing /opt/airflow/dags/operationalData/Events.xlsx took 0.048 seconds
[2024-05-10T15:00:49.326+0000] {processor.py:161} INFO - Started process (PID=5521) to work on /opt/airflow/dags/operationalData/Events.xlsx
[2024-05-10T15:00:49.328+0000] {processor.py:830} INFO - Processing file /opt/airflow/dags/operationalData/Events.xlsx for tasks to queue
[2024-05-10T15:00:49.332+0000] {logging_mixin.py:188} INFO - [2024-05-10T15:00:49.331+0000] {dagbag.py:540} INFO - Filling up the DagBag from /opt/airflow/dags/operationalData/Events.xlsx
[2024-05-10T15:00:49.347+0000] {processor.py:842} WARNING - No viable dags retrieved from /opt/airflow/dags/operationalData/Events.xlsx
[2024-05-10T15:00:49.369+0000] {processor.py:183} INFO - Processing /opt/airflow/dags/operationalData/Events.xlsx took 0.049 seconds
[2024-05-10T15:01:19.766+0000] {processor.py:161} INFO - Started process (PID=5534) to work on /opt/airflow/dags/operationalData/Events.xlsx
[2024-05-10T15:01:19.768+0000] {processor.py:830} INFO - Processing file /opt/airflow/dags/operationalData/Events.xlsx for tasks to queue
[2024-05-10T15:01:19.772+0000] {logging_mixin.py:188} INFO - [2024-05-10T15:01:19.772+0000] {dagbag.py:540} INFO - Filling up the DagBag from /opt/airflow/dags/operationalData/Events.xlsx
[2024-05-10T15:01:19.788+0000] {processor.py:842} WARNING - No viable dags retrieved from /opt/airflow/dags/operationalData/Events.xlsx
[2024-05-10T15:01:19.808+0000] {processor.py:183} INFO - Processing /opt/airflow/dags/operationalData/Events.xlsx took 0.047 seconds
[2024-05-10T15:01:50.165+0000] {processor.py:161} INFO - Started process (PID=5547) to work on /opt/airflow/dags/operationalData/Events.xlsx
[2024-05-10T15:01:50.167+0000] {processor.py:830} INFO - Processing file /opt/airflow/dags/operationalData/Events.xlsx for tasks to queue
[2024-05-10T15:01:50.171+0000] {logging_mixin.py:188} INFO - [2024-05-10T15:01:50.170+0000] {dagbag.py:540} INFO - Filling up the DagBag from /opt/airflow/dags/operationalData/Events.xlsx
[2024-05-10T15:01:50.187+0000] {processor.py:842} WARNING - No viable dags retrieved from /opt/airflow/dags/operationalData/Events.xlsx
[2024-05-10T15:01:50.211+0000] {processor.py:183} INFO - Processing /opt/airflow/dags/operationalData/Events.xlsx took 0.053 seconds
[2024-05-10T15:02:20.570+0000] {processor.py:161} INFO - Started process (PID=5560) to work on /opt/airflow/dags/operationalData/Events.xlsx
[2024-05-10T15:02:20.572+0000] {processor.py:830} INFO - Processing file /opt/airflow/dags/operationalData/Events.xlsx for tasks to queue
[2024-05-10T15:02:20.576+0000] {logging_mixin.py:188} INFO - [2024-05-10T15:02:20.576+0000] {dagbag.py:540} INFO - Filling up the DagBag from /opt/airflow/dags/operationalData/Events.xlsx
[2024-05-10T15:02:20.593+0000] {processor.py:842} WARNING - No viable dags retrieved from /opt/airflow/dags/operationalData/Events.xlsx
[2024-05-10T15:02:20.612+0000] {processor.py:183} INFO - Processing /opt/airflow/dags/operationalData/Events.xlsx took 0.048 seconds
[2024-05-10T15:02:51.008+0000] {processor.py:161} INFO - Started process (PID=5573) to work on /opt/airflow/dags/operationalData/Events.xlsx
[2024-05-10T15:02:51.009+0000] {processor.py:830} INFO - Processing file /opt/airflow/dags/operationalData/Events.xlsx for tasks to queue
[2024-05-10T15:02:51.013+0000] {logging_mixin.py:188} INFO - [2024-05-10T15:02:51.012+0000] {dagbag.py:540} INFO - Filling up the DagBag from /opt/airflow/dags/operationalData/Events.xlsx
[2024-05-10T15:02:51.029+0000] {processor.py:842} WARNING - No viable dags retrieved from /opt/airflow/dags/operationalData/Events.xlsx
[2024-05-10T15:02:51.053+0000] {processor.py:183} INFO - Processing /opt/airflow/dags/operationalData/Events.xlsx took 0.051 seconds
[2024-05-10T15:03:21.323+0000] {processor.py:161} INFO - Started process (PID=5586) to work on /opt/airflow/dags/operationalData/Events.xlsx
[2024-05-10T15:03:21.325+0000] {processor.py:830} INFO - Processing file /opt/airflow/dags/operationalData/Events.xlsx for tasks to queue
[2024-05-10T15:03:21.327+0000] {logging_mixin.py:188} INFO - [2024-05-10T15:03:21.327+0000] {dagbag.py:540} INFO - Filling up the DagBag from /opt/airflow/dags/operationalData/Events.xlsx
[2024-05-10T15:03:21.341+0000] {processor.py:842} WARNING - No viable dags retrieved from /opt/airflow/dags/operationalData/Events.xlsx
[2024-05-10T15:03:21.363+0000] {processor.py:183} INFO - Processing /opt/airflow/dags/operationalData/Events.xlsx took 0.045 seconds
[2024-05-10T15:03:51.743+0000] {processor.py:161} INFO - Started process (PID=5598) to work on /opt/airflow/dags/operationalData/Events.xlsx
[2024-05-10T15:03:51.744+0000] {processor.py:830} INFO - Processing file /opt/airflow/dags/operationalData/Events.xlsx for tasks to queue
[2024-05-10T15:03:51.749+0000] {logging_mixin.py:188} INFO - [2024-05-10T15:03:51.748+0000] {dagbag.py:540} INFO - Filling up the DagBag from /opt/airflow/dags/operationalData/Events.xlsx
[2024-05-10T15:03:51.764+0000] {processor.py:842} WARNING - No viable dags retrieved from /opt/airflow/dags/operationalData/Events.xlsx
[2024-05-10T15:03:51.786+0000] {processor.py:183} INFO - Processing /opt/airflow/dags/operationalData/Events.xlsx took 0.049 seconds
[2024-05-10T15:04:22.312+0000] {processor.py:161} INFO - Started process (PID=5611) to work on /opt/airflow/dags/operationalData/Events.xlsx
[2024-05-10T15:04:22.314+0000] {processor.py:830} INFO - Processing file /opt/airflow/dags/operationalData/Events.xlsx for tasks to queue
[2024-05-10T15:04:22.319+0000] {logging_mixin.py:188} INFO - [2024-05-10T15:04:22.318+0000] {dagbag.py:540} INFO - Filling up the DagBag from /opt/airflow/dags/operationalData/Events.xlsx
[2024-05-10T15:04:22.335+0000] {processor.py:842} WARNING - No viable dags retrieved from /opt/airflow/dags/operationalData/Events.xlsx
[2024-05-10T15:04:22.362+0000] {processor.py:183} INFO - Processing /opt/airflow/dags/operationalData/Events.xlsx took 0.056 seconds
[2024-05-10T15:04:52.733+0000] {processor.py:161} INFO - Started process (PID=5624) to work on /opt/airflow/dags/operationalData/Events.xlsx
[2024-05-10T15:04:52.735+0000] {processor.py:830} INFO - Processing file /opt/airflow/dags/operationalData/Events.xlsx for tasks to queue
[2024-05-10T15:04:52.738+0000] {logging_mixin.py:188} INFO - [2024-05-10T15:04:52.737+0000] {dagbag.py:540} INFO - Filling up the DagBag from /opt/airflow/dags/operationalData/Events.xlsx
[2024-05-10T15:04:52.752+0000] {processor.py:842} WARNING - No viable dags retrieved from /opt/airflow/dags/operationalData/Events.xlsx
[2024-05-10T15:04:52.773+0000] {processor.py:183} INFO - Processing /opt/airflow/dags/operationalData/Events.xlsx took 0.045 seconds
[2024-05-10T15:05:23.408+0000] {processor.py:161} INFO - Started process (PID=5637) to work on /opt/airflow/dags/operationalData/Events.xlsx
[2024-05-10T15:05:23.409+0000] {processor.py:830} INFO - Processing file /opt/airflow/dags/operationalData/Events.xlsx for tasks to queue
[2024-05-10T15:05:23.413+0000] {logging_mixin.py:188} INFO - [2024-05-10T15:05:23.413+0000] {dagbag.py:540} INFO - Filling up the DagBag from /opt/airflow/dags/operationalData/Events.xlsx
[2024-05-10T15:05:23.429+0000] {processor.py:842} WARNING - No viable dags retrieved from /opt/airflow/dags/operationalData/Events.xlsx
[2024-05-10T15:05:23.448+0000] {processor.py:183} INFO - Processing /opt/airflow/dags/operationalData/Events.xlsx took 0.046 seconds
[2024-05-10T15:05:53.797+0000] {processor.py:161} INFO - Started process (PID=5650) to work on /opt/airflow/dags/operationalData/Events.xlsx
[2024-05-10T15:05:53.799+0000] {processor.py:830} INFO - Processing file /opt/airflow/dags/operationalData/Events.xlsx for tasks to queue
[2024-05-10T15:05:53.801+0000] {logging_mixin.py:188} INFO - [2024-05-10T15:05:53.801+0000] {dagbag.py:540} INFO - Filling up the DagBag from /opt/airflow/dags/operationalData/Events.xlsx
[2024-05-10T15:05:53.816+0000] {processor.py:842} WARNING - No viable dags retrieved from /opt/airflow/dags/operationalData/Events.xlsx
[2024-05-10T15:05:53.838+0000] {processor.py:183} INFO - Processing /opt/airflow/dags/operationalData/Events.xlsx took 0.045 seconds
[2024-05-10T15:18:46.456+0000] {processor.py:161} INFO - Started process (PID=5662) to work on /opt/airflow/dags/operationalData/Events.xlsx
[2024-05-10T15:18:46.476+0000] {processor.py:830} INFO - Processing file /opt/airflow/dags/operationalData/Events.xlsx for tasks to queue
[2024-05-10T15:18:46.488+0000] {logging_mixin.py:188} INFO - [2024-05-10T15:18:46.487+0000] {dagbag.py:540} INFO - Filling up the DagBag from /opt/airflow/dags/operationalData/Events.xlsx
[2024-05-10T15:18:46.610+0000] {processor.py:842} WARNING - No viable dags retrieved from /opt/airflow/dags/operationalData/Events.xlsx
[2024-05-10T15:18:46.715+0000] {processor.py:183} INFO - Processing /opt/airflow/dags/operationalData/Events.xlsx took 0.291 seconds
[2024-05-10T15:19:17.462+0000] {processor.py:161} INFO - Started process (PID=5673) to work on /opt/airflow/dags/operationalData/Events.xlsx
[2024-05-10T15:19:17.467+0000] {processor.py:830} INFO - Processing file /opt/airflow/dags/operationalData/Events.xlsx for tasks to queue
[2024-05-10T15:19:17.475+0000] {logging_mixin.py:188} INFO - [2024-05-10T15:19:17.474+0000] {dagbag.py:540} INFO - Filling up the DagBag from /opt/airflow/dags/operationalData/Events.xlsx
[2024-05-10T15:19:17.513+0000] {processor.py:842} WARNING - No viable dags retrieved from /opt/airflow/dags/operationalData/Events.xlsx
[2024-05-10T15:19:17.564+0000] {processor.py:183} INFO - Processing /opt/airflow/dags/operationalData/Events.xlsx took 0.115 seconds
[2024-05-10T15:19:48.331+0000] {processor.py:161} INFO - Started process (PID=5686) to work on /opt/airflow/dags/operationalData/Events.xlsx
[2024-05-10T15:19:48.339+0000] {processor.py:830} INFO - Processing file /opt/airflow/dags/operationalData/Events.xlsx for tasks to queue
[2024-05-10T15:19:48.362+0000] {logging_mixin.py:188} INFO - [2024-05-10T15:19:48.359+0000] {dagbag.py:540} INFO - Filling up the DagBag from /opt/airflow/dags/operationalData/Events.xlsx
[2024-05-10T15:19:48.503+0000] {processor.py:842} WARNING - No viable dags retrieved from /opt/airflow/dags/operationalData/Events.xlsx
[2024-05-10T15:19:48.592+0000] {processor.py:183} INFO - Processing /opt/airflow/dags/operationalData/Events.xlsx took 0.288 seconds
[2024-05-10T15:20:18.888+0000] {processor.py:161} INFO - Started process (PID=5699) to work on /opt/airflow/dags/operationalData/Events.xlsx
[2024-05-10T15:20:18.900+0000] {processor.py:830} INFO - Processing file /opt/airflow/dags/operationalData/Events.xlsx for tasks to queue
[2024-05-10T15:20:18.906+0000] {logging_mixin.py:188} INFO - [2024-05-10T15:20:18.905+0000] {dagbag.py:540} INFO - Filling up the DagBag from /opt/airflow/dags/operationalData/Events.xlsx
[2024-05-10T15:20:18.935+0000] {processor.py:842} WARNING - No viable dags retrieved from /opt/airflow/dags/operationalData/Events.xlsx
[2024-05-10T15:20:18.989+0000] {processor.py:183} INFO - Processing /opt/airflow/dags/operationalData/Events.xlsx took 0.110 seconds
[2024-05-10T15:20:49.430+0000] {processor.py:161} INFO - Started process (PID=5712) to work on /opt/airflow/dags/operationalData/Events.xlsx
[2024-05-10T15:20:49.435+0000] {processor.py:830} INFO - Processing file /opt/airflow/dags/operationalData/Events.xlsx for tasks to queue
[2024-05-10T15:20:49.441+0000] {logging_mixin.py:188} INFO - [2024-05-10T15:20:49.440+0000] {dagbag.py:540} INFO - Filling up the DagBag from /opt/airflow/dags/operationalData/Events.xlsx
[2024-05-10T15:20:49.474+0000] {processor.py:842} WARNING - No viable dags retrieved from /opt/airflow/dags/operationalData/Events.xlsx
[2024-05-10T15:20:49.520+0000] {processor.py:183} INFO - Processing /opt/airflow/dags/operationalData/Events.xlsx took 0.102 seconds
[2024-05-10T15:21:19.724+0000] {processor.py:161} INFO - Started process (PID=5725) to work on /opt/airflow/dags/operationalData/Events.xlsx
[2024-05-10T15:21:19.727+0000] {processor.py:830} INFO - Processing file /opt/airflow/dags/operationalData/Events.xlsx for tasks to queue
[2024-05-10T15:21:19.737+0000] {logging_mixin.py:188} INFO - [2024-05-10T15:21:19.735+0000] {dagbag.py:540} INFO - Filling up the DagBag from /opt/airflow/dags/operationalData/Events.xlsx
[2024-05-10T15:21:19.769+0000] {processor.py:842} WARNING - No viable dags retrieved from /opt/airflow/dags/operationalData/Events.xlsx
[2024-05-10T15:21:19.810+0000] {processor.py:183} INFO - Processing /opt/airflow/dags/operationalData/Events.xlsx took 0.099 seconds
[2024-05-10T15:21:50.043+0000] {processor.py:161} INFO - Started process (PID=5738) to work on /opt/airflow/dags/operationalData/Events.xlsx
[2024-05-10T15:21:50.045+0000] {processor.py:830} INFO - Processing file /opt/airflow/dags/operationalData/Events.xlsx for tasks to queue
[2024-05-10T15:21:50.051+0000] {logging_mixin.py:188} INFO - [2024-05-10T15:21:50.050+0000] {dagbag.py:540} INFO - Filling up the DagBag from /opt/airflow/dags/operationalData/Events.xlsx
[2024-05-10T15:21:50.088+0000] {processor.py:842} WARNING - No viable dags retrieved from /opt/airflow/dags/operationalData/Events.xlsx
[2024-05-10T15:21:50.140+0000] {processor.py:183} INFO - Processing /opt/airflow/dags/operationalData/Events.xlsx took 0.105 seconds
[2024-05-10T15:22:20.619+0000] {processor.py:161} INFO - Started process (PID=5751) to work on /opt/airflow/dags/operationalData/Events.xlsx
[2024-05-10T15:22:20.622+0000] {processor.py:830} INFO - Processing file /opt/airflow/dags/operationalData/Events.xlsx for tasks to queue
[2024-05-10T15:22:20.627+0000] {logging_mixin.py:188} INFO - [2024-05-10T15:22:20.626+0000] {dagbag.py:540} INFO - Filling up the DagBag from /opt/airflow/dags/operationalData/Events.xlsx
[2024-05-10T15:22:20.660+0000] {processor.py:842} WARNING - No viable dags retrieved from /opt/airflow/dags/operationalData/Events.xlsx
[2024-05-10T15:22:20.698+0000] {processor.py:183} INFO - Processing /opt/airflow/dags/operationalData/Events.xlsx took 0.090 seconds
[2024-05-10T15:22:50.899+0000] {processor.py:161} INFO - Started process (PID=5764) to work on /opt/airflow/dags/operationalData/Events.xlsx
[2024-05-10T15:22:50.902+0000] {processor.py:830} INFO - Processing file /opt/airflow/dags/operationalData/Events.xlsx for tasks to queue
[2024-05-10T15:22:50.910+0000] {logging_mixin.py:188} INFO - [2024-05-10T15:22:50.908+0000] {dagbag.py:540} INFO - Filling up the DagBag from /opt/airflow/dags/operationalData/Events.xlsx
[2024-05-10T15:22:50.941+0000] {processor.py:842} WARNING - No viable dags retrieved from /opt/airflow/dags/operationalData/Events.xlsx
[2024-05-10T15:22:50.982+0000] {processor.py:183} INFO - Processing /opt/airflow/dags/operationalData/Events.xlsx took 0.095 seconds
[2024-05-10T15:23:21.469+0000] {processor.py:161} INFO - Started process (PID=5777) to work on /opt/airflow/dags/operationalData/Events.xlsx
[2024-05-10T15:23:21.478+0000] {processor.py:830} INFO - Processing file /opt/airflow/dags/operationalData/Events.xlsx for tasks to queue
[2024-05-10T15:23:21.485+0000] {logging_mixin.py:188} INFO - [2024-05-10T15:23:21.484+0000] {dagbag.py:540} INFO - Filling up the DagBag from /opt/airflow/dags/operationalData/Events.xlsx
[2024-05-10T15:23:21.515+0000] {processor.py:842} WARNING - No viable dags retrieved from /opt/airflow/dags/operationalData/Events.xlsx
[2024-05-10T15:23:21.564+0000] {processor.py:183} INFO - Processing /opt/airflow/dags/operationalData/Events.xlsx took 0.107 seconds
[2024-05-10T15:23:52.415+0000] {processor.py:161} INFO - Started process (PID=5790) to work on /opt/airflow/dags/operationalData/Events.xlsx
[2024-05-10T15:23:52.418+0000] {processor.py:830} INFO - Processing file /opt/airflow/dags/operationalData/Events.xlsx for tasks to queue
[2024-05-10T15:23:52.425+0000] {logging_mixin.py:188} INFO - [2024-05-10T15:23:52.424+0000] {dagbag.py:540} INFO - Filling up the DagBag from /opt/airflow/dags/operationalData/Events.xlsx
[2024-05-10T15:23:52.456+0000] {processor.py:842} WARNING - No viable dags retrieved from /opt/airflow/dags/operationalData/Events.xlsx
[2024-05-10T15:23:52.498+0000] {processor.py:183} INFO - Processing /opt/airflow/dags/operationalData/Events.xlsx took 0.093 seconds
[2024-05-10T15:24:22.742+0000] {processor.py:161} INFO - Started process (PID=5803) to work on /opt/airflow/dags/operationalData/Events.xlsx
[2024-05-10T15:24:22.745+0000] {processor.py:830} INFO - Processing file /opt/airflow/dags/operationalData/Events.xlsx for tasks to queue
[2024-05-10T15:24:22.749+0000] {logging_mixin.py:188} INFO - [2024-05-10T15:24:22.749+0000] {dagbag.py:540} INFO - Filling up the DagBag from /opt/airflow/dags/operationalData/Events.xlsx
[2024-05-10T15:24:22.779+0000] {processor.py:842} WARNING - No viable dags retrieved from /opt/airflow/dags/operationalData/Events.xlsx
[2024-05-10T15:24:22.830+0000] {processor.py:183} INFO - Processing /opt/airflow/dags/operationalData/Events.xlsx took 0.099 seconds
[2024-05-10T15:24:53.197+0000] {processor.py:161} INFO - Started process (PID=5816) to work on /opt/airflow/dags/operationalData/Events.xlsx
[2024-05-10T15:24:53.201+0000] {processor.py:830} INFO - Processing file /opt/airflow/dags/operationalData/Events.xlsx for tasks to queue
[2024-05-10T15:24:53.207+0000] {logging_mixin.py:188} INFO - [2024-05-10T15:24:53.206+0000] {dagbag.py:540} INFO - Filling up the DagBag from /opt/airflow/dags/operationalData/Events.xlsx
[2024-05-10T15:24:53.236+0000] {processor.py:842} WARNING - No viable dags retrieved from /opt/airflow/dags/operationalData/Events.xlsx
[2024-05-10T15:24:53.288+0000] {processor.py:183} INFO - Processing /opt/airflow/dags/operationalData/Events.xlsx took 0.102 seconds
[2024-05-10T15:25:23.618+0000] {processor.py:161} INFO - Started process (PID=5829) to work on /opt/airflow/dags/operationalData/Events.xlsx
[2024-05-10T15:25:23.622+0000] {processor.py:830} INFO - Processing file /opt/airflow/dags/operationalData/Events.xlsx for tasks to queue
[2024-05-10T15:25:23.637+0000] {logging_mixin.py:188} INFO - [2024-05-10T15:25:23.632+0000] {dagbag.py:540} INFO - Filling up the DagBag from /opt/airflow/dags/operationalData/Events.xlsx
[2024-05-10T15:25:23.672+0000] {processor.py:842} WARNING - No viable dags retrieved from /opt/airflow/dags/operationalData/Events.xlsx
[2024-05-10T15:25:23.731+0000] {processor.py:183} INFO - Processing /opt/airflow/dags/operationalData/Events.xlsx took 0.134 seconds
[2024-05-10T15:25:54.106+0000] {processor.py:161} INFO - Started process (PID=5842) to work on /opt/airflow/dags/operationalData/Events.xlsx
[2024-05-10T15:25:54.109+0000] {processor.py:830} INFO - Processing file /opt/airflow/dags/operationalData/Events.xlsx for tasks to queue
[2024-05-10T15:25:54.115+0000] {logging_mixin.py:188} INFO - [2024-05-10T15:25:54.114+0000] {dagbag.py:540} INFO - Filling up the DagBag from /opt/airflow/dags/operationalData/Events.xlsx
[2024-05-10T15:25:54.148+0000] {processor.py:842} WARNING - No viable dags retrieved from /opt/airflow/dags/operationalData/Events.xlsx
[2024-05-10T15:25:54.192+0000] {processor.py:183} INFO - Processing /opt/airflow/dags/operationalData/Events.xlsx took 0.096 seconds
[2024-05-10T15:26:24.445+0000] {processor.py:161} INFO - Started process (PID=5854) to work on /opt/airflow/dags/operationalData/Events.xlsx
[2024-05-10T15:26:24.449+0000] {processor.py:830} INFO - Processing file /opt/airflow/dags/operationalData/Events.xlsx for tasks to queue
[2024-05-10T15:26:24.457+0000] {logging_mixin.py:188} INFO - [2024-05-10T15:26:24.456+0000] {dagbag.py:540} INFO - Filling up the DagBag from /opt/airflow/dags/operationalData/Events.xlsx
[2024-05-10T15:26:24.493+0000] {processor.py:842} WARNING - No viable dags retrieved from /opt/airflow/dags/operationalData/Events.xlsx
[2024-05-10T15:26:24.533+0000] {processor.py:183} INFO - Processing /opt/airflow/dags/operationalData/Events.xlsx took 0.098 seconds
[2024-05-10T15:26:54.987+0000] {processor.py:161} INFO - Started process (PID=5866) to work on /opt/airflow/dags/operationalData/Events.xlsx
[2024-05-10T15:26:54.993+0000] {processor.py:830} INFO - Processing file /opt/airflow/dags/operationalData/Events.xlsx for tasks to queue
[2024-05-10T15:26:55.000+0000] {logging_mixin.py:188} INFO - [2024-05-10T15:26:54.999+0000] {dagbag.py:540} INFO - Filling up the DagBag from /opt/airflow/dags/operationalData/Events.xlsx
[2024-05-10T15:26:55.036+0000] {processor.py:842} WARNING - No viable dags retrieved from /opt/airflow/dags/operationalData/Events.xlsx
[2024-05-10T15:26:55.094+0000] {processor.py:183} INFO - Processing /opt/airflow/dags/operationalData/Events.xlsx took 0.120 seconds
[2024-05-10T15:27:25.769+0000] {processor.py:161} INFO - Started process (PID=5879) to work on /opt/airflow/dags/operationalData/Events.xlsx
[2024-05-10T15:27:25.772+0000] {processor.py:830} INFO - Processing file /opt/airflow/dags/operationalData/Events.xlsx for tasks to queue
[2024-05-10T15:27:25.778+0000] {logging_mixin.py:188} INFO - [2024-05-10T15:27:25.778+0000] {dagbag.py:540} INFO - Filling up the DagBag from /opt/airflow/dags/operationalData/Events.xlsx
[2024-05-10T15:27:25.812+0000] {processor.py:842} WARNING - No viable dags retrieved from /opt/airflow/dags/operationalData/Events.xlsx
[2024-05-10T15:27:25.853+0000] {processor.py:183} INFO - Processing /opt/airflow/dags/operationalData/Events.xlsx took 0.093 seconds
[2024-05-10T15:27:56.196+0000] {processor.py:161} INFO - Started process (PID=5892) to work on /opt/airflow/dags/operationalData/Events.xlsx
[2024-05-10T15:27:56.199+0000] {processor.py:830} INFO - Processing file /opt/airflow/dags/operationalData/Events.xlsx for tasks to queue
[2024-05-10T15:27:56.204+0000] {logging_mixin.py:188} INFO - [2024-05-10T15:27:56.203+0000] {dagbag.py:540} INFO - Filling up the DagBag from /opt/airflow/dags/operationalData/Events.xlsx
[2024-05-10T15:27:56.234+0000] {processor.py:842} WARNING - No viable dags retrieved from /opt/airflow/dags/operationalData/Events.xlsx
[2024-05-10T15:27:56.287+0000] {processor.py:183} INFO - Processing /opt/airflow/dags/operationalData/Events.xlsx took 0.098 seconds
[2024-05-10T15:28:26.633+0000] {processor.py:161} INFO - Started process (PID=5905) to work on /opt/airflow/dags/operationalData/Events.xlsx
[2024-05-10T15:28:26.636+0000] {processor.py:830} INFO - Processing file /opt/airflow/dags/operationalData/Events.xlsx for tasks to queue
[2024-05-10T15:28:26.644+0000] {logging_mixin.py:188} INFO - [2024-05-10T15:28:26.641+0000] {dagbag.py:540} INFO - Filling up the DagBag from /opt/airflow/dags/operationalData/Events.xlsx
[2024-05-10T15:28:26.675+0000] {processor.py:842} WARNING - No viable dags retrieved from /opt/airflow/dags/operationalData/Events.xlsx
[2024-05-10T15:28:26.712+0000] {processor.py:183} INFO - Processing /opt/airflow/dags/operationalData/Events.xlsx took 0.091 seconds
[2024-05-10T15:28:57.081+0000] {processor.py:161} INFO - Started process (PID=5918) to work on /opt/airflow/dags/operationalData/Events.xlsx
[2024-05-10T15:28:57.085+0000] {processor.py:830} INFO - Processing file /opt/airflow/dags/operationalData/Events.xlsx for tasks to queue
[2024-05-10T15:28:57.092+0000] {logging_mixin.py:188} INFO - [2024-05-10T15:28:57.091+0000] {dagbag.py:540} INFO - Filling up the DagBag from /opt/airflow/dags/operationalData/Events.xlsx
[2024-05-10T15:28:57.127+0000] {processor.py:842} WARNING - No viable dags retrieved from /opt/airflow/dags/operationalData/Events.xlsx
[2024-05-10T15:28:57.171+0000] {processor.py:183} INFO - Processing /opt/airflow/dags/operationalData/Events.xlsx took 0.101 seconds
[2024-05-10T15:29:27.560+0000] {processor.py:161} INFO - Started process (PID=5931) to work on /opt/airflow/dags/operationalData/Events.xlsx
[2024-05-10T15:29:27.563+0000] {processor.py:830} INFO - Processing file /opt/airflow/dags/operationalData/Events.xlsx for tasks to queue
[2024-05-10T15:29:27.573+0000] {logging_mixin.py:188} INFO - [2024-05-10T15:29:27.571+0000] {dagbag.py:540} INFO - Filling up the DagBag from /opt/airflow/dags/operationalData/Events.xlsx
[2024-05-10T15:29:27.602+0000] {processor.py:842} WARNING - No viable dags retrieved from /opt/airflow/dags/operationalData/Events.xlsx
[2024-05-10T15:29:27.641+0000] {processor.py:183} INFO - Processing /opt/airflow/dags/operationalData/Events.xlsx took 0.093 seconds
[2024-05-10T15:29:57.953+0000] {processor.py:161} INFO - Started process (PID=5944) to work on /opt/airflow/dags/operationalData/Events.xlsx
[2024-05-10T15:29:57.956+0000] {processor.py:830} INFO - Processing file /opt/airflow/dags/operationalData/Events.xlsx for tasks to queue
[2024-05-10T15:29:57.964+0000] {logging_mixin.py:188} INFO - [2024-05-10T15:29:57.963+0000] {dagbag.py:540} INFO - Filling up the DagBag from /opt/airflow/dags/operationalData/Events.xlsx
[2024-05-10T15:29:58.001+0000] {processor.py:842} WARNING - No viable dags retrieved from /opt/airflow/dags/operationalData/Events.xlsx
[2024-05-10T15:29:58.049+0000] {processor.py:183} INFO - Processing /opt/airflow/dags/operationalData/Events.xlsx took 0.106 seconds
[2024-05-10T15:30:28.416+0000] {processor.py:161} INFO - Started process (PID=5957) to work on /opt/airflow/dags/operationalData/Events.xlsx
[2024-05-10T15:30:28.420+0000] {processor.py:830} INFO - Processing file /opt/airflow/dags/operationalData/Events.xlsx for tasks to queue
[2024-05-10T15:30:28.428+0000] {logging_mixin.py:188} INFO - [2024-05-10T15:30:28.427+0000] {dagbag.py:540} INFO - Filling up the DagBag from /opt/airflow/dags/operationalData/Events.xlsx
[2024-05-10T15:30:28.459+0000] {processor.py:842} WARNING - No viable dags retrieved from /opt/airflow/dags/operationalData/Events.xlsx
[2024-05-10T15:30:28.511+0000] {processor.py:183} INFO - Processing /opt/airflow/dags/operationalData/Events.xlsx took 0.107 seconds
[2024-05-10T15:30:58.871+0000] {processor.py:161} INFO - Started process (PID=5971) to work on /opt/airflow/dags/operationalData/Events.xlsx
[2024-05-10T15:30:58.875+0000] {processor.py:830} INFO - Processing file /opt/airflow/dags/operationalData/Events.xlsx for tasks to queue
[2024-05-10T15:30:58.884+0000] {logging_mixin.py:188} INFO - [2024-05-10T15:30:58.883+0000] {dagbag.py:540} INFO - Filling up the DagBag from /opt/airflow/dags/operationalData/Events.xlsx
[2024-05-10T15:30:58.929+0000] {processor.py:842} WARNING - No viable dags retrieved from /opt/airflow/dags/operationalData/Events.xlsx
[2024-05-10T15:30:58.993+0000] {processor.py:183} INFO - Processing /opt/airflow/dags/operationalData/Events.xlsx took 0.140 seconds
[2024-05-10T15:31:29.237+0000] {processor.py:161} INFO - Started process (PID=5984) to work on /opt/airflow/dags/operationalData/Events.xlsx
[2024-05-10T15:31:29.242+0000] {processor.py:830} INFO - Processing file /opt/airflow/dags/operationalData/Events.xlsx for tasks to queue
[2024-05-10T15:31:29.249+0000] {logging_mixin.py:188} INFO - [2024-05-10T15:31:29.247+0000] {dagbag.py:540} INFO - Filling up the DagBag from /opt/airflow/dags/operationalData/Events.xlsx
[2024-05-10T15:31:29.283+0000] {processor.py:842} WARNING - No viable dags retrieved from /opt/airflow/dags/operationalData/Events.xlsx
[2024-05-10T15:31:29.339+0000] {processor.py:183} INFO - Processing /opt/airflow/dags/operationalData/Events.xlsx took 0.114 seconds
[2024-05-10T15:31:59.678+0000] {processor.py:161} INFO - Started process (PID=5997) to work on /opt/airflow/dags/operationalData/Events.xlsx
[2024-05-10T15:31:59.684+0000] {processor.py:830} INFO - Processing file /opt/airflow/dags/operationalData/Events.xlsx for tasks to queue
[2024-05-10T15:31:59.690+0000] {logging_mixin.py:188} INFO - [2024-05-10T15:31:59.689+0000] {dagbag.py:540} INFO - Filling up the DagBag from /opt/airflow/dags/operationalData/Events.xlsx
[2024-05-10T15:31:59.718+0000] {processor.py:842} WARNING - No viable dags retrieved from /opt/airflow/dags/operationalData/Events.xlsx
[2024-05-10T15:31:59.770+0000] {processor.py:183} INFO - Processing /opt/airflow/dags/operationalData/Events.xlsx took 0.104 seconds
[2024-05-10T15:32:30.165+0000] {processor.py:161} INFO - Started process (PID=6010) to work on /opt/airflow/dags/operationalData/Events.xlsx
[2024-05-10T15:32:30.171+0000] {processor.py:830} INFO - Processing file /opt/airflow/dags/operationalData/Events.xlsx for tasks to queue
[2024-05-10T15:32:30.177+0000] {logging_mixin.py:188} INFO - [2024-05-10T15:32:30.176+0000] {dagbag.py:540} INFO - Filling up the DagBag from /opt/airflow/dags/operationalData/Events.xlsx
[2024-05-10T15:32:30.206+0000] {processor.py:842} WARNING - No viable dags retrieved from /opt/airflow/dags/operationalData/Events.xlsx
[2024-05-10T15:32:30.248+0000] {processor.py:183} INFO - Processing /opt/airflow/dags/operationalData/Events.xlsx took 0.093 seconds
[2024-05-10T15:33:00.824+0000] {processor.py:161} INFO - Started process (PID=6023) to work on /opt/airflow/dags/operationalData/Events.xlsx
[2024-05-10T15:33:00.827+0000] {processor.py:830} INFO - Processing file /opt/airflow/dags/operationalData/Events.xlsx for tasks to queue
[2024-05-10T15:33:00.835+0000] {logging_mixin.py:188} INFO - [2024-05-10T15:33:00.833+0000] {dagbag.py:540} INFO - Filling up the DagBag from /opt/airflow/dags/operationalData/Events.xlsx
[2024-05-10T15:33:00.874+0000] {processor.py:842} WARNING - No viable dags retrieved from /opt/airflow/dags/operationalData/Events.xlsx
[2024-05-10T15:33:00.927+0000] {processor.py:183} INFO - Processing /opt/airflow/dags/operationalData/Events.xlsx took 0.113 seconds
[2024-05-10T15:33:31.262+0000] {processor.py:161} INFO - Started process (PID=6036) to work on /opt/airflow/dags/operationalData/Events.xlsx
[2024-05-10T15:33:31.265+0000] {processor.py:830} INFO - Processing file /opt/airflow/dags/operationalData/Events.xlsx for tasks to queue
[2024-05-10T15:33:31.275+0000] {logging_mixin.py:188} INFO - [2024-05-10T15:33:31.274+0000] {dagbag.py:540} INFO - Filling up the DagBag from /opt/airflow/dags/operationalData/Events.xlsx
[2024-05-10T15:33:31.308+0000] {processor.py:842} WARNING - No viable dags retrieved from /opt/airflow/dags/operationalData/Events.xlsx
[2024-05-10T15:33:31.348+0000] {processor.py:183} INFO - Processing /opt/airflow/dags/operationalData/Events.xlsx took 0.096 seconds
[2024-05-10T15:34:02.025+0000] {processor.py:161} INFO - Started process (PID=6049) to work on /opt/airflow/dags/operationalData/Events.xlsx
[2024-05-10T15:34:02.028+0000] {processor.py:830} INFO - Processing file /opt/airflow/dags/operationalData/Events.xlsx for tasks to queue
[2024-05-10T15:34:02.033+0000] {logging_mixin.py:188} INFO - [2024-05-10T15:34:02.032+0000] {dagbag.py:540} INFO - Filling up the DagBag from /opt/airflow/dags/operationalData/Events.xlsx
[2024-05-10T15:34:02.069+0000] {processor.py:842} WARNING - No viable dags retrieved from /opt/airflow/dags/operationalData/Events.xlsx
[2024-05-10T15:34:02.119+0000] {processor.py:183} INFO - Processing /opt/airflow/dags/operationalData/Events.xlsx took 0.104 seconds
[2024-05-10T15:34:32.507+0000] {processor.py:161} INFO - Started process (PID=6062) to work on /opt/airflow/dags/operationalData/Events.xlsx
[2024-05-10T15:34:32.510+0000] {processor.py:830} INFO - Processing file /opt/airflow/dags/operationalData/Events.xlsx for tasks to queue
[2024-05-10T15:34:32.517+0000] {logging_mixin.py:188} INFO - [2024-05-10T15:34:32.516+0000] {dagbag.py:540} INFO - Filling up the DagBag from /opt/airflow/dags/operationalData/Events.xlsx
[2024-05-10T15:34:32.551+0000] {processor.py:842} WARNING - No viable dags retrieved from /opt/airflow/dags/operationalData/Events.xlsx
[2024-05-10T15:34:32.605+0000] {processor.py:183} INFO - Processing /opt/airflow/dags/operationalData/Events.xlsx took 0.108 seconds
[2024-05-10T15:35:02.802+0000] {processor.py:161} INFO - Started process (PID=6075) to work on /opt/airflow/dags/operationalData/Events.xlsx
[2024-05-10T15:35:02.806+0000] {processor.py:830} INFO - Processing file /opt/airflow/dags/operationalData/Events.xlsx for tasks to queue
[2024-05-10T15:35:02.812+0000] {logging_mixin.py:188} INFO - [2024-05-10T15:35:02.811+0000] {dagbag.py:540} INFO - Filling up the DagBag from /opt/airflow/dags/operationalData/Events.xlsx
[2024-05-10T15:35:02.844+0000] {processor.py:842} WARNING - No viable dags retrieved from /opt/airflow/dags/operationalData/Events.xlsx
[2024-05-10T15:35:02.888+0000] {processor.py:183} INFO - Processing /opt/airflow/dags/operationalData/Events.xlsx took 0.100 seconds
[2024-05-10T15:35:33.308+0000] {processor.py:161} INFO - Started process (PID=6087) to work on /opt/airflow/dags/operationalData/Events.xlsx
[2024-05-10T15:35:33.311+0000] {processor.py:830} INFO - Processing file /opt/airflow/dags/operationalData/Events.xlsx for tasks to queue
[2024-05-10T15:35:33.315+0000] {logging_mixin.py:188} INFO - [2024-05-10T15:35:33.315+0000] {dagbag.py:540} INFO - Filling up the DagBag from /opt/airflow/dags/operationalData/Events.xlsx
[2024-05-10T15:35:33.342+0000] {processor.py:842} WARNING - No viable dags retrieved from /opt/airflow/dags/operationalData/Events.xlsx
[2024-05-10T15:35:33.375+0000] {processor.py:183} INFO - Processing /opt/airflow/dags/operationalData/Events.xlsx took 0.074 seconds
[2024-05-10T15:36:03.901+0000] {processor.py:161} INFO - Started process (PID=6099) to work on /opt/airflow/dags/operationalData/Events.xlsx
[2024-05-10T15:36:03.905+0000] {processor.py:830} INFO - Processing file /opt/airflow/dags/operationalData/Events.xlsx for tasks to queue
[2024-05-10T15:36:03.913+0000] {logging_mixin.py:188} INFO - [2024-05-10T15:36:03.911+0000] {dagbag.py:540} INFO - Filling up the DagBag from /opt/airflow/dags/operationalData/Events.xlsx
[2024-05-10T15:36:03.944+0000] {processor.py:842} WARNING - No viable dags retrieved from /opt/airflow/dags/operationalData/Events.xlsx
[2024-05-10T15:36:03.982+0000] {processor.py:183} INFO - Processing /opt/airflow/dags/operationalData/Events.xlsx took 0.094 seconds
