[2024-05-10T14:44:20.538+0000] {processor.py:161} INFO - Started process (PID=5111) to work on /opt/airflow/dags/operationalData/orders.xlsx
[2024-05-10T14:44:20.547+0000] {processor.py:830} INFO - Processing file /opt/airflow/dags/operationalData/orders.xlsx for tasks to queue
[2024-05-10T14:44:20.574+0000] {logging_mixin.py:188} INFO - [2024-05-10T14:44:20.572+0000] {dagbag.py:540} INFO - Filling up the DagBag from /opt/airflow/dags/operationalData/orders.xlsx
[2024-05-10T14:44:20.828+0000] {processor.py:842} WARNING - No viable dags retrieved from /opt/airflow/dags/operationalData/orders.xlsx
[2024-05-10T14:44:20.961+0000] {processor.py:183} INFO - Processing /opt/airflow/dags/operationalData/orders.xlsx took 0.507 seconds
[2024-05-10T14:44:51.541+0000] {processor.py:161} INFO - Started process (PID=5124) to work on /opt/airflow/dags/operationalData/orders.xlsx
[2024-05-10T14:44:51.561+0000] {processor.py:830} INFO - Processing file /opt/airflow/dags/operationalData/orders.xlsx for tasks to queue
[2024-05-10T14:44:51.567+0000] {logging_mixin.py:188} INFO - [2024-05-10T14:44:51.566+0000] {dagbag.py:540} INFO - Filling up the DagBag from /opt/airflow/dags/operationalData/orders.xlsx
[2024-05-10T14:44:51.685+0000] {processor.py:842} WARNING - No viable dags retrieved from /opt/airflow/dags/operationalData/orders.xlsx
[2024-05-10T14:44:51.752+0000] {processor.py:183} INFO - Processing /opt/airflow/dags/operationalData/orders.xlsx took 0.230 seconds
[2024-05-10T14:45:34.394+0000] {processor.py:161} INFO - Started process (PID=5130) to work on /opt/airflow/dags/operationalData/orders.xlsx
[2024-05-10T14:45:34.397+0000] {processor.py:830} INFO - Processing file /opt/airflow/dags/operationalData/orders.xlsx for tasks to queue
[2024-05-10T14:45:34.405+0000] {logging_mixin.py:188} INFO - [2024-05-10T14:45:34.404+0000] {dagbag.py:540} INFO - Filling up the DagBag from /opt/airflow/dags/operationalData/orders.xlsx
[2024-05-10T14:45:34.562+0000] {processor.py:842} WARNING - No viable dags retrieved from /opt/airflow/dags/operationalData/orders.xlsx
[2024-05-10T14:45:34.652+0000] {processor.py:183} INFO - Processing /opt/airflow/dags/operationalData/orders.xlsx took 0.276 seconds
[2024-05-10T14:46:05.203+0000] {processor.py:161} INFO - Started process (PID=5142) to work on /opt/airflow/dags/operationalData/orders.xlsx
[2024-05-10T14:46:05.205+0000] {processor.py:830} INFO - Processing file /opt/airflow/dags/operationalData/orders.xlsx for tasks to queue
[2024-05-10T14:46:05.209+0000] {logging_mixin.py:188} INFO - [2024-05-10T14:46:05.208+0000] {dagbag.py:540} INFO - Filling up the DagBag from /opt/airflow/dags/operationalData/orders.xlsx
[2024-05-10T14:46:05.230+0000] {processor.py:842} WARNING - No viable dags retrieved from /opt/airflow/dags/operationalData/orders.xlsx
[2024-05-10T14:46:05.258+0000] {processor.py:183} INFO - Processing /opt/airflow/dags/operationalData/orders.xlsx took 0.061 seconds
[2024-05-10T14:46:35.865+0000] {processor.py:161} INFO - Started process (PID=5155) to work on /opt/airflow/dags/operationalData/orders.xlsx
[2024-05-10T14:46:35.868+0000] {processor.py:830} INFO - Processing file /opt/airflow/dags/operationalData/orders.xlsx for tasks to queue
[2024-05-10T14:46:35.878+0000] {logging_mixin.py:188} INFO - [2024-05-10T14:46:35.873+0000] {dagbag.py:540} INFO - Filling up the DagBag from /opt/airflow/dags/operationalData/orders.xlsx
[2024-05-10T14:46:35.900+0000] {processor.py:842} WARNING - No viable dags retrieved from /opt/airflow/dags/operationalData/orders.xlsx
[2024-05-10T14:46:35.928+0000] {processor.py:183} INFO - Processing /opt/airflow/dags/operationalData/orders.xlsx took 0.075 seconds
[2024-05-10T14:47:06.085+0000] {processor.py:161} INFO - Started process (PID=5168) to work on /opt/airflow/dags/operationalData/orders.xlsx
[2024-05-10T14:47:06.086+0000] {processor.py:830} INFO - Processing file /opt/airflow/dags/operationalData/orders.xlsx for tasks to queue
[2024-05-10T14:47:06.089+0000] {logging_mixin.py:188} INFO - [2024-05-10T14:47:06.089+0000] {dagbag.py:540} INFO - Filling up the DagBag from /opt/airflow/dags/operationalData/orders.xlsx
[2024-05-10T14:47:06.102+0000] {processor.py:842} WARNING - No viable dags retrieved from /opt/airflow/dags/operationalData/orders.xlsx
[2024-05-10T14:47:06.119+0000] {processor.py:183} INFO - Processing /opt/airflow/dags/operationalData/orders.xlsx took 0.039 seconds
[2024-05-10T14:47:36.629+0000] {processor.py:161} INFO - Started process (PID=5181) to work on /opt/airflow/dags/operationalData/orders.xlsx
[2024-05-10T14:47:36.630+0000] {processor.py:830} INFO - Processing file /opt/airflow/dags/operationalData/orders.xlsx for tasks to queue
[2024-05-10T14:47:36.633+0000] {logging_mixin.py:188} INFO - [2024-05-10T14:47:36.632+0000] {dagbag.py:540} INFO - Filling up the DagBag from /opt/airflow/dags/operationalData/orders.xlsx
[2024-05-10T14:47:36.650+0000] {processor.py:842} WARNING - No viable dags retrieved from /opt/airflow/dags/operationalData/orders.xlsx
[2024-05-10T14:47:36.669+0000] {processor.py:183} INFO - Processing /opt/airflow/dags/operationalData/orders.xlsx took 0.045 seconds
[2024-05-10T14:48:07.366+0000] {processor.py:161} INFO - Started process (PID=5194) to work on /opt/airflow/dags/operationalData/orders.xlsx
[2024-05-10T14:48:07.368+0000] {processor.py:830} INFO - Processing file /opt/airflow/dags/operationalData/orders.xlsx for tasks to queue
[2024-05-10T14:48:07.371+0000] {logging_mixin.py:188} INFO - [2024-05-10T14:48:07.371+0000] {dagbag.py:540} INFO - Filling up the DagBag from /opt/airflow/dags/operationalData/orders.xlsx
[2024-05-10T14:48:07.388+0000] {processor.py:842} WARNING - No viable dags retrieved from /opt/airflow/dags/operationalData/orders.xlsx
[2024-05-10T14:48:07.404+0000] {processor.py:183} INFO - Processing /opt/airflow/dags/operationalData/orders.xlsx took 0.042 seconds
[2024-05-10T14:48:37.938+0000] {processor.py:161} INFO - Started process (PID=5207) to work on /opt/airflow/dags/operationalData/orders.xlsx
[2024-05-10T14:48:37.940+0000] {processor.py:830} INFO - Processing file /opt/airflow/dags/operationalData/orders.xlsx for tasks to queue
[2024-05-10T14:48:37.945+0000] {logging_mixin.py:188} INFO - [2024-05-10T14:48:37.944+0000] {dagbag.py:540} INFO - Filling up the DagBag from /opt/airflow/dags/operationalData/orders.xlsx
[2024-05-10T14:48:37.967+0000] {processor.py:842} WARNING - No viable dags retrieved from /opt/airflow/dags/operationalData/orders.xlsx
[2024-05-10T14:48:37.999+0000] {processor.py:183} INFO - Processing /opt/airflow/dags/operationalData/orders.xlsx took 0.075 seconds
[2024-05-10T14:49:08.607+0000] {processor.py:161} INFO - Started process (PID=5220) to work on /opt/airflow/dags/operationalData/orders.xlsx
[2024-05-10T14:49:08.609+0000] {processor.py:830} INFO - Processing file /opt/airflow/dags/operationalData/orders.xlsx for tasks to queue
[2024-05-10T14:49:08.612+0000] {logging_mixin.py:188} INFO - [2024-05-10T14:49:08.612+0000] {dagbag.py:540} INFO - Filling up the DagBag from /opt/airflow/dags/operationalData/orders.xlsx
[2024-05-10T14:49:08.632+0000] {processor.py:842} WARNING - No viable dags retrieved from /opt/airflow/dags/operationalData/orders.xlsx
[2024-05-10T14:49:08.658+0000] {processor.py:183} INFO - Processing /opt/airflow/dags/operationalData/orders.xlsx took 0.058 seconds
[2024-05-10T14:49:39.190+0000] {processor.py:161} INFO - Started process (PID=5233) to work on /opt/airflow/dags/operationalData/orders.xlsx
[2024-05-10T14:49:39.192+0000] {processor.py:830} INFO - Processing file /opt/airflow/dags/operationalData/orders.xlsx for tasks to queue
[2024-05-10T14:49:39.195+0000] {logging_mixin.py:188} INFO - [2024-05-10T14:49:39.194+0000] {dagbag.py:540} INFO - Filling up the DagBag from /opt/airflow/dags/operationalData/orders.xlsx
[2024-05-10T14:49:39.211+0000] {processor.py:842} WARNING - No viable dags retrieved from /opt/airflow/dags/operationalData/orders.xlsx
[2024-05-10T14:49:39.232+0000] {processor.py:183} INFO - Processing /opt/airflow/dags/operationalData/orders.xlsx took 0.048 seconds
[2024-05-10T14:50:09.568+0000] {processor.py:161} INFO - Started process (PID=5246) to work on /opt/airflow/dags/operationalData/orders.xlsx
[2024-05-10T14:50:09.570+0000] {processor.py:830} INFO - Processing file /opt/airflow/dags/operationalData/orders.xlsx for tasks to queue
[2024-05-10T14:50:09.573+0000] {logging_mixin.py:188} INFO - [2024-05-10T14:50:09.572+0000] {dagbag.py:540} INFO - Filling up the DagBag from /opt/airflow/dags/operationalData/orders.xlsx
[2024-05-10T14:50:09.589+0000] {processor.py:842} WARNING - No viable dags retrieved from /opt/airflow/dags/operationalData/orders.xlsx
[2024-05-10T14:50:09.606+0000] {processor.py:183} INFO - Processing /opt/airflow/dags/operationalData/orders.xlsx took 0.042 seconds
[2024-05-10T14:50:40.001+0000] {processor.py:161} INFO - Started process (PID=5259) to work on /opt/airflow/dags/operationalData/orders.xlsx
[2024-05-10T14:50:40.003+0000] {processor.py:830} INFO - Processing file /opt/airflow/dags/operationalData/orders.xlsx for tasks to queue
[2024-05-10T14:50:40.006+0000] {logging_mixin.py:188} INFO - [2024-05-10T14:50:40.006+0000] {dagbag.py:540} INFO - Filling up the DagBag from /opt/airflow/dags/operationalData/orders.xlsx
[2024-05-10T14:50:40.019+0000] {processor.py:842} WARNING - No viable dags retrieved from /opt/airflow/dags/operationalData/orders.xlsx
[2024-05-10T14:50:40.037+0000] {processor.py:183} INFO - Processing /opt/airflow/dags/operationalData/orders.xlsx took 0.040 seconds
[2024-05-10T14:51:10.595+0000] {processor.py:161} INFO - Started process (PID=5272) to work on /opt/airflow/dags/operationalData/orders.xlsx
[2024-05-10T14:51:10.596+0000] {processor.py:830} INFO - Processing file /opt/airflow/dags/operationalData/orders.xlsx for tasks to queue
[2024-05-10T14:51:10.599+0000] {logging_mixin.py:188} INFO - [2024-05-10T14:51:10.598+0000] {dagbag.py:540} INFO - Filling up the DagBag from /opt/airflow/dags/operationalData/orders.xlsx
[2024-05-10T14:51:10.611+0000] {processor.py:842} WARNING - No viable dags retrieved from /opt/airflow/dags/operationalData/orders.xlsx
[2024-05-10T14:51:10.630+0000] {processor.py:183} INFO - Processing /opt/airflow/dags/operationalData/orders.xlsx took 0.042 seconds
[2024-05-10T14:51:40.993+0000] {processor.py:161} INFO - Started process (PID=5285) to work on /opt/airflow/dags/operationalData/orders.xlsx
[2024-05-10T14:51:40.994+0000] {processor.py:830} INFO - Processing file /opt/airflow/dags/operationalData/orders.xlsx for tasks to queue
[2024-05-10T14:51:40.997+0000] {logging_mixin.py:188} INFO - [2024-05-10T14:51:40.997+0000] {dagbag.py:540} INFO - Filling up the DagBag from /opt/airflow/dags/operationalData/orders.xlsx
[2024-05-10T14:51:41.012+0000] {processor.py:842} WARNING - No viable dags retrieved from /opt/airflow/dags/operationalData/orders.xlsx
[2024-05-10T14:51:41.030+0000] {processor.py:183} INFO - Processing /opt/airflow/dags/operationalData/orders.xlsx took 0.042 seconds
[2024-05-10T14:52:11.379+0000] {processor.py:161} INFO - Started process (PID=5298) to work on /opt/airflow/dags/operationalData/orders.xlsx
[2024-05-10T14:52:11.381+0000] {processor.py:830} INFO - Processing file /opt/airflow/dags/operationalData/orders.xlsx for tasks to queue
[2024-05-10T14:52:11.384+0000] {logging_mixin.py:188} INFO - [2024-05-10T14:52:11.383+0000] {dagbag.py:540} INFO - Filling up the DagBag from /opt/airflow/dags/operationalData/orders.xlsx
[2024-05-10T14:52:11.401+0000] {processor.py:842} WARNING - No viable dags retrieved from /opt/airflow/dags/operationalData/orders.xlsx
[2024-05-10T14:52:11.418+0000] {processor.py:183} INFO - Processing /opt/airflow/dags/operationalData/orders.xlsx took 0.044 seconds
[2024-05-10T14:52:41.758+0000] {processor.py:161} INFO - Started process (PID=5311) to work on /opt/airflow/dags/operationalData/orders.xlsx
[2024-05-10T14:52:41.760+0000] {processor.py:830} INFO - Processing file /opt/airflow/dags/operationalData/orders.xlsx for tasks to queue
[2024-05-10T14:52:41.764+0000] {logging_mixin.py:188} INFO - [2024-05-10T14:52:41.763+0000] {dagbag.py:540} INFO - Filling up the DagBag from /opt/airflow/dags/operationalData/orders.xlsx
[2024-05-10T14:52:41.780+0000] {processor.py:842} WARNING - No viable dags retrieved from /opt/airflow/dags/operationalData/orders.xlsx
[2024-05-10T14:52:41.795+0000] {processor.py:183} INFO - Processing /opt/airflow/dags/operationalData/orders.xlsx took 0.043 seconds
[2024-05-10T14:53:12.095+0000] {processor.py:161} INFO - Started process (PID=5324) to work on /opt/airflow/dags/operationalData/orders.xlsx
[2024-05-10T14:53:12.096+0000] {processor.py:830} INFO - Processing file /opt/airflow/dags/operationalData/orders.xlsx for tasks to queue
[2024-05-10T14:53:12.100+0000] {logging_mixin.py:188} INFO - [2024-05-10T14:53:12.100+0000] {dagbag.py:540} INFO - Filling up the DagBag from /opt/airflow/dags/operationalData/orders.xlsx
[2024-05-10T14:53:12.116+0000] {processor.py:842} WARNING - No viable dags retrieved from /opt/airflow/dags/operationalData/orders.xlsx
[2024-05-10T14:53:12.133+0000] {processor.py:183} INFO - Processing /opt/airflow/dags/operationalData/orders.xlsx took 0.043 seconds
[2024-05-10T14:53:42.548+0000] {processor.py:161} INFO - Started process (PID=5337) to work on /opt/airflow/dags/operationalData/orders.xlsx
[2024-05-10T14:53:42.549+0000] {processor.py:830} INFO - Processing file /opt/airflow/dags/operationalData/orders.xlsx for tasks to queue
[2024-05-10T14:53:42.552+0000] {logging_mixin.py:188} INFO - [2024-05-10T14:53:42.551+0000] {dagbag.py:540} INFO - Filling up the DagBag from /opt/airflow/dags/operationalData/orders.xlsx
[2024-05-10T14:53:42.564+0000] {processor.py:842} WARNING - No viable dags retrieved from /opt/airflow/dags/operationalData/orders.xlsx
[2024-05-10T14:53:42.581+0000] {processor.py:183} INFO - Processing /opt/airflow/dags/operationalData/orders.xlsx took 0.037 seconds
[2024-05-10T14:54:12.928+0000] {processor.py:161} INFO - Started process (PID=5350) to work on /opt/airflow/dags/operationalData/orders.xlsx
[2024-05-10T14:54:12.929+0000] {processor.py:830} INFO - Processing file /opt/airflow/dags/operationalData/orders.xlsx for tasks to queue
[2024-05-10T14:54:12.933+0000] {logging_mixin.py:188} INFO - [2024-05-10T14:54:12.932+0000] {dagbag.py:540} INFO - Filling up the DagBag from /opt/airflow/dags/operationalData/orders.xlsx
[2024-05-10T14:54:12.948+0000] {processor.py:842} WARNING - No viable dags retrieved from /opt/airflow/dags/operationalData/orders.xlsx
[2024-05-10T14:54:12.966+0000] {processor.py:183} INFO - Processing /opt/airflow/dags/operationalData/orders.xlsx took 0.044 seconds
[2024-05-10T14:54:43.796+0000] {processor.py:161} INFO - Started process (PID=5363) to work on /opt/airflow/dags/operationalData/orders.xlsx
[2024-05-10T14:54:43.798+0000] {processor.py:830} INFO - Processing file /opt/airflow/dags/operationalData/orders.xlsx for tasks to queue
[2024-05-10T14:54:43.800+0000] {logging_mixin.py:188} INFO - [2024-05-10T14:54:43.800+0000] {dagbag.py:540} INFO - Filling up the DagBag from /opt/airflow/dags/operationalData/orders.xlsx
[2024-05-10T14:54:43.817+0000] {processor.py:842} WARNING - No viable dags retrieved from /opt/airflow/dags/operationalData/orders.xlsx
[2024-05-10T14:54:43.834+0000] {processor.py:183} INFO - Processing /opt/airflow/dags/operationalData/orders.xlsx took 0.042 seconds
[2024-05-10T14:55:14.282+0000] {processor.py:161} INFO - Started process (PID=5376) to work on /opt/airflow/dags/operationalData/orders.xlsx
[2024-05-10T14:55:14.284+0000] {processor.py:830} INFO - Processing file /opt/airflow/dags/operationalData/orders.xlsx for tasks to queue
[2024-05-10T14:55:14.287+0000] {logging_mixin.py:188} INFO - [2024-05-10T14:55:14.287+0000] {dagbag.py:540} INFO - Filling up the DagBag from /opt/airflow/dags/operationalData/orders.xlsx
[2024-05-10T14:55:14.303+0000] {processor.py:842} WARNING - No viable dags retrieved from /opt/airflow/dags/operationalData/orders.xlsx
[2024-05-10T14:55:14.319+0000] {processor.py:183} INFO - Processing /opt/airflow/dags/operationalData/orders.xlsx took 0.041 seconds
[2024-05-10T14:55:44.707+0000] {processor.py:161} INFO - Started process (PID=5389) to work on /opt/airflow/dags/operationalData/orders.xlsx
[2024-05-10T14:55:44.709+0000] {processor.py:830} INFO - Processing file /opt/airflow/dags/operationalData/orders.xlsx for tasks to queue
[2024-05-10T14:55:44.712+0000] {logging_mixin.py:188} INFO - [2024-05-10T14:55:44.711+0000] {dagbag.py:540} INFO - Filling up the DagBag from /opt/airflow/dags/operationalData/orders.xlsx
[2024-05-10T14:55:44.729+0000] {processor.py:842} WARNING - No viable dags retrieved from /opt/airflow/dags/operationalData/orders.xlsx
[2024-05-10T14:55:44.747+0000] {processor.py:183} INFO - Processing /opt/airflow/dags/operationalData/orders.xlsx took 0.044 seconds
[2024-05-10T14:56:15.023+0000] {processor.py:161} INFO - Started process (PID=5402) to work on /opt/airflow/dags/operationalData/orders.xlsx
[2024-05-10T14:56:15.024+0000] {processor.py:830} INFO - Processing file /opt/airflow/dags/operationalData/orders.xlsx for tasks to queue
[2024-05-10T14:56:15.027+0000] {logging_mixin.py:188} INFO - [2024-05-10T14:56:15.026+0000] {dagbag.py:540} INFO - Filling up the DagBag from /opt/airflow/dags/operationalData/orders.xlsx
[2024-05-10T14:56:15.042+0000] {processor.py:842} WARNING - No viable dags retrieved from /opt/airflow/dags/operationalData/orders.xlsx
[2024-05-10T14:56:15.059+0000] {processor.py:183} INFO - Processing /opt/airflow/dags/operationalData/orders.xlsx took 0.040 seconds
[2024-05-10T14:56:45.135+0000] {processor.py:161} INFO - Started process (PID=5415) to work on /opt/airflow/dags/operationalData/orders.xlsx
[2024-05-10T14:56:45.137+0000] {processor.py:830} INFO - Processing file /opt/airflow/dags/operationalData/orders.xlsx for tasks to queue
[2024-05-10T14:56:45.143+0000] {logging_mixin.py:188} INFO - [2024-05-10T14:56:45.143+0000] {dagbag.py:540} INFO - Filling up the DagBag from /opt/airflow/dags/operationalData/orders.xlsx
[2024-05-10T14:56:45.162+0000] {processor.py:842} WARNING - No viable dags retrieved from /opt/airflow/dags/operationalData/orders.xlsx
[2024-05-10T14:56:45.195+0000] {processor.py:183} INFO - Processing /opt/airflow/dags/operationalData/orders.xlsx took 0.067 seconds
[2024-05-10T14:57:16.081+0000] {processor.py:161} INFO - Started process (PID=5427) to work on /opt/airflow/dags/operationalData/orders.xlsx
[2024-05-10T14:57:16.083+0000] {processor.py:830} INFO - Processing file /opt/airflow/dags/operationalData/orders.xlsx for tasks to queue
[2024-05-10T14:57:16.087+0000] {logging_mixin.py:188} INFO - [2024-05-10T14:57:16.086+0000] {dagbag.py:540} INFO - Filling up the DagBag from /opt/airflow/dags/operationalData/orders.xlsx
[2024-05-10T14:57:16.104+0000] {processor.py:842} WARNING - No viable dags retrieved from /opt/airflow/dags/operationalData/orders.xlsx
[2024-05-10T14:57:16.126+0000] {processor.py:183} INFO - Processing /opt/airflow/dags/operationalData/orders.xlsx took 0.053 seconds
[2024-05-10T14:57:46.370+0000] {processor.py:161} INFO - Started process (PID=5439) to work on /opt/airflow/dags/operationalData/orders.xlsx
[2024-05-10T14:57:46.372+0000] {processor.py:830} INFO - Processing file /opt/airflow/dags/operationalData/orders.xlsx for tasks to queue
[2024-05-10T14:57:46.376+0000] {logging_mixin.py:188} INFO - [2024-05-10T14:57:46.375+0000] {dagbag.py:540} INFO - Filling up the DagBag from /opt/airflow/dags/operationalData/orders.xlsx
[2024-05-10T14:57:46.393+0000] {processor.py:842} WARNING - No viable dags retrieved from /opt/airflow/dags/operationalData/orders.xlsx
[2024-05-10T14:57:46.415+0000] {processor.py:183} INFO - Processing /opt/airflow/dags/operationalData/orders.xlsx took 0.052 seconds
[2024-05-10T14:58:16.900+0000] {processor.py:161} INFO - Started process (PID=5452) to work on /opt/airflow/dags/operationalData/orders.xlsx
[2024-05-10T14:58:16.901+0000] {processor.py:830} INFO - Processing file /opt/airflow/dags/operationalData/orders.xlsx for tasks to queue
[2024-05-10T14:58:16.904+0000] {logging_mixin.py:188} INFO - [2024-05-10T14:58:16.904+0000] {dagbag.py:540} INFO - Filling up the DagBag from /opt/airflow/dags/operationalData/orders.xlsx
[2024-05-10T14:58:16.921+0000] {processor.py:842} WARNING - No viable dags retrieved from /opt/airflow/dags/operationalData/orders.xlsx
[2024-05-10T14:58:16.940+0000] {processor.py:183} INFO - Processing /opt/airflow/dags/operationalData/orders.xlsx took 0.044 seconds
[2024-05-10T14:58:47.308+0000] {processor.py:161} INFO - Started process (PID=5465) to work on /opt/airflow/dags/operationalData/orders.xlsx
[2024-05-10T14:58:47.310+0000] {processor.py:830} INFO - Processing file /opt/airflow/dags/operationalData/orders.xlsx for tasks to queue
[2024-05-10T14:58:47.313+0000] {logging_mixin.py:188} INFO - [2024-05-10T14:58:47.312+0000] {dagbag.py:540} INFO - Filling up the DagBag from /opt/airflow/dags/operationalData/orders.xlsx
[2024-05-10T14:58:47.330+0000] {processor.py:842} WARNING - No viable dags retrieved from /opt/airflow/dags/operationalData/orders.xlsx
[2024-05-10T14:58:47.350+0000] {processor.py:183} INFO - Processing /opt/airflow/dags/operationalData/orders.xlsx took 0.046 seconds
[2024-05-10T14:59:17.960+0000] {processor.py:161} INFO - Started process (PID=5484) to work on /opt/airflow/dags/operationalData/orders.xlsx
[2024-05-10T14:59:17.961+0000] {processor.py:830} INFO - Processing file /opt/airflow/dags/operationalData/orders.xlsx for tasks to queue
[2024-05-10T14:59:17.964+0000] {logging_mixin.py:188} INFO - [2024-05-10T14:59:17.964+0000] {dagbag.py:540} INFO - Filling up the DagBag from /opt/airflow/dags/operationalData/orders.xlsx
[2024-05-10T14:59:17.980+0000] {processor.py:842} WARNING - No viable dags retrieved from /opt/airflow/dags/operationalData/orders.xlsx
[2024-05-10T14:59:17.997+0000] {processor.py:183} INFO - Processing /opt/airflow/dags/operationalData/orders.xlsx took 0.041 seconds
[2024-05-10T14:59:48.399+0000] {processor.py:161} INFO - Started process (PID=5496) to work on /opt/airflow/dags/operationalData/orders.xlsx
[2024-05-10T14:59:48.404+0000] {processor.py:830} INFO - Processing file /opt/airflow/dags/operationalData/orders.xlsx for tasks to queue
[2024-05-10T14:59:48.411+0000] {logging_mixin.py:188} INFO - [2024-05-10T14:59:48.410+0000] {dagbag.py:540} INFO - Filling up the DagBag from /opt/airflow/dags/operationalData/orders.xlsx
[2024-05-10T14:59:48.428+0000] {processor.py:842} WARNING - No viable dags retrieved from /opt/airflow/dags/operationalData/orders.xlsx
[2024-05-10T14:59:48.469+0000] {processor.py:183} INFO - Processing /opt/airflow/dags/operationalData/orders.xlsx took 0.083 seconds
[2024-05-10T15:00:18.983+0000] {processor.py:161} INFO - Started process (PID=5509) to work on /opt/airflow/dags/operationalData/orders.xlsx
[2024-05-10T15:00:18.985+0000] {processor.py:830} INFO - Processing file /opt/airflow/dags/operationalData/orders.xlsx for tasks to queue
[2024-05-10T15:00:18.988+0000] {logging_mixin.py:188} INFO - [2024-05-10T15:00:18.987+0000] {dagbag.py:540} INFO - Filling up the DagBag from /opt/airflow/dags/operationalData/orders.xlsx
[2024-05-10T15:00:18.999+0000] {processor.py:842} WARNING - No viable dags retrieved from /opt/airflow/dags/operationalData/orders.xlsx
[2024-05-10T15:00:19.019+0000] {processor.py:183} INFO - Processing /opt/airflow/dags/operationalData/orders.xlsx took 0.041 seconds
[2024-05-10T15:00:49.346+0000] {processor.py:161} INFO - Started process (PID=5522) to work on /opt/airflow/dags/operationalData/orders.xlsx
[2024-05-10T15:00:49.347+0000] {processor.py:830} INFO - Processing file /opt/airflow/dags/operationalData/orders.xlsx for tasks to queue
[2024-05-10T15:00:49.351+0000] {logging_mixin.py:188} INFO - [2024-05-10T15:00:49.351+0000] {dagbag.py:540} INFO - Filling up the DagBag from /opt/airflow/dags/operationalData/orders.xlsx
[2024-05-10T15:00:49.368+0000] {processor.py:842} WARNING - No viable dags retrieved from /opt/airflow/dags/operationalData/orders.xlsx
[2024-05-10T15:00:49.387+0000] {processor.py:183} INFO - Processing /opt/airflow/dags/operationalData/orders.xlsx took 0.046 seconds
[2024-05-10T15:01:19.786+0000] {processor.py:161} INFO - Started process (PID=5535) to work on /opt/airflow/dags/operationalData/orders.xlsx
[2024-05-10T15:01:19.788+0000] {processor.py:830} INFO - Processing file /opt/airflow/dags/operationalData/orders.xlsx for tasks to queue
[2024-05-10T15:01:19.791+0000] {logging_mixin.py:188} INFO - [2024-05-10T15:01:19.790+0000] {dagbag.py:540} INFO - Filling up the DagBag from /opt/airflow/dags/operationalData/orders.xlsx
[2024-05-10T15:01:19.808+0000] {processor.py:842} WARNING - No viable dags retrieved from /opt/airflow/dags/operationalData/orders.xlsx
[2024-05-10T15:01:19.828+0000] {processor.py:183} INFO - Processing /opt/airflow/dags/operationalData/orders.xlsx took 0.048 seconds
[2024-05-10T15:01:50.183+0000] {processor.py:161} INFO - Started process (PID=5548) to work on /opt/airflow/dags/operationalData/orders.xlsx
[2024-05-10T15:01:50.185+0000] {processor.py:830} INFO - Processing file /opt/airflow/dags/operationalData/orders.xlsx for tasks to queue
[2024-05-10T15:01:50.189+0000] {logging_mixin.py:188} INFO - [2024-05-10T15:01:50.188+0000] {dagbag.py:540} INFO - Filling up the DagBag from /opt/airflow/dags/operationalData/orders.xlsx
[2024-05-10T15:01:50.206+0000] {processor.py:842} WARNING - No viable dags retrieved from /opt/airflow/dags/operationalData/orders.xlsx
[2024-05-10T15:01:50.228+0000] {processor.py:183} INFO - Processing /opt/airflow/dags/operationalData/orders.xlsx took 0.051 seconds
[2024-05-10T15:02:20.591+0000] {processor.py:161} INFO - Started process (PID=5561) to work on /opt/airflow/dags/operationalData/orders.xlsx
[2024-05-10T15:02:20.593+0000] {processor.py:830} INFO - Processing file /opt/airflow/dags/operationalData/orders.xlsx for tasks to queue
[2024-05-10T15:02:20.599+0000] {logging_mixin.py:188} INFO - [2024-05-10T15:02:20.598+0000] {dagbag.py:540} INFO - Filling up the DagBag from /opt/airflow/dags/operationalData/orders.xlsx
[2024-05-10T15:02:20.614+0000] {processor.py:842} WARNING - No viable dags retrieved from /opt/airflow/dags/operationalData/orders.xlsx
[2024-05-10T15:02:20.636+0000] {processor.py:183} INFO - Processing /opt/airflow/dags/operationalData/orders.xlsx took 0.052 seconds
[2024-05-10T15:02:51.026+0000] {processor.py:161} INFO - Started process (PID=5574) to work on /opt/airflow/dags/operationalData/orders.xlsx
[2024-05-10T15:02:51.028+0000] {processor.py:830} INFO - Processing file /opt/airflow/dags/operationalData/orders.xlsx for tasks to queue
[2024-05-10T15:02:51.032+0000] {logging_mixin.py:188} INFO - [2024-05-10T15:02:51.031+0000] {dagbag.py:540} INFO - Filling up the DagBag from /opt/airflow/dags/operationalData/orders.xlsx
[2024-05-10T15:02:51.049+0000] {processor.py:842} WARNING - No viable dags retrieved from /opt/airflow/dags/operationalData/orders.xlsx
[2024-05-10T15:02:51.070+0000] {processor.py:183} INFO - Processing /opt/airflow/dags/operationalData/orders.xlsx took 0.050 seconds
[2024-05-10T15:03:21.342+0000] {processor.py:161} INFO - Started process (PID=5587) to work on /opt/airflow/dags/operationalData/orders.xlsx
[2024-05-10T15:03:21.344+0000] {processor.py:830} INFO - Processing file /opt/airflow/dags/operationalData/orders.xlsx for tasks to queue
[2024-05-10T15:03:21.348+0000] {logging_mixin.py:188} INFO - [2024-05-10T15:03:21.347+0000] {dagbag.py:540} INFO - Filling up the DagBag from /opt/airflow/dags/operationalData/orders.xlsx
[2024-05-10T15:03:21.362+0000] {processor.py:842} WARNING - No viable dags retrieved from /opt/airflow/dags/operationalData/orders.xlsx
[2024-05-10T15:03:21.383+0000] {processor.py:183} INFO - Processing /opt/airflow/dags/operationalData/orders.xlsx took 0.048 seconds
[2024-05-10T15:03:51.760+0000] {processor.py:161} INFO - Started process (PID=5599) to work on /opt/airflow/dags/operationalData/orders.xlsx
[2024-05-10T15:03:51.762+0000] {processor.py:830} INFO - Processing file /opt/airflow/dags/operationalData/orders.xlsx for tasks to queue
[2024-05-10T15:03:51.766+0000] {logging_mixin.py:188} INFO - [2024-05-10T15:03:51.765+0000] {dagbag.py:540} INFO - Filling up the DagBag from /opt/airflow/dags/operationalData/orders.xlsx
[2024-05-10T15:03:51.782+0000] {processor.py:842} WARNING - No viable dags retrieved from /opt/airflow/dags/operationalData/orders.xlsx
[2024-05-10T15:03:51.805+0000] {processor.py:183} INFO - Processing /opt/airflow/dags/operationalData/orders.xlsx took 0.050 seconds
[2024-05-10T15:04:22.329+0000] {processor.py:161} INFO - Started process (PID=5612) to work on /opt/airflow/dags/operationalData/orders.xlsx
[2024-05-10T15:04:22.331+0000] {processor.py:830} INFO - Processing file /opt/airflow/dags/operationalData/orders.xlsx for tasks to queue
[2024-05-10T15:04:22.335+0000] {logging_mixin.py:188} INFO - [2024-05-10T15:04:22.334+0000] {dagbag.py:540} INFO - Filling up the DagBag from /opt/airflow/dags/operationalData/orders.xlsx
[2024-05-10T15:04:22.351+0000] {processor.py:842} WARNING - No viable dags retrieved from /opt/airflow/dags/operationalData/orders.xlsx
[2024-05-10T15:04:22.376+0000] {processor.py:183} INFO - Processing /opt/airflow/dags/operationalData/orders.xlsx took 0.051 seconds
[2024-05-10T15:04:52.753+0000] {processor.py:161} INFO - Started process (PID=5625) to work on /opt/airflow/dags/operationalData/orders.xlsx
[2024-05-10T15:04:52.754+0000] {processor.py:830} INFO - Processing file /opt/airflow/dags/operationalData/orders.xlsx for tasks to queue
[2024-05-10T15:04:52.757+0000] {logging_mixin.py:188} INFO - [2024-05-10T15:04:52.756+0000] {dagbag.py:540} INFO - Filling up the DagBag from /opt/airflow/dags/operationalData/orders.xlsx
[2024-05-10T15:04:52.771+0000] {processor.py:842} WARNING - No viable dags retrieved from /opt/airflow/dags/operationalData/orders.xlsx
[2024-05-10T15:04:52.792+0000] {processor.py:183} INFO - Processing /opt/airflow/dags/operationalData/orders.xlsx took 0.045 seconds
[2024-05-10T15:05:23.427+0000] {processor.py:161} INFO - Started process (PID=5638) to work on /opt/airflow/dags/operationalData/orders.xlsx
[2024-05-10T15:05:23.428+0000] {processor.py:830} INFO - Processing file /opt/airflow/dags/operationalData/orders.xlsx for tasks to queue
[2024-05-10T15:05:23.430+0000] {logging_mixin.py:188} INFO - [2024-05-10T15:05:23.430+0000] {dagbag.py:540} INFO - Filling up the DagBag from /opt/airflow/dags/operationalData/orders.xlsx
[2024-05-10T15:05:23.446+0000] {processor.py:842} WARNING - No viable dags retrieved from /opt/airflow/dags/operationalData/orders.xlsx
[2024-05-10T15:05:23.465+0000] {processor.py:183} INFO - Processing /opt/airflow/dags/operationalData/orders.xlsx took 0.043 seconds
[2024-05-10T15:05:53.814+0000] {processor.py:161} INFO - Started process (PID=5651) to work on /opt/airflow/dags/operationalData/orders.xlsx
[2024-05-10T15:05:53.816+0000] {processor.py:830} INFO - Processing file /opt/airflow/dags/operationalData/orders.xlsx for tasks to queue
[2024-05-10T15:05:53.818+0000] {logging_mixin.py:188} INFO - [2024-05-10T15:05:53.818+0000] {dagbag.py:540} INFO - Filling up the DagBag from /opt/airflow/dags/operationalData/orders.xlsx
[2024-05-10T15:05:53.834+0000] {processor.py:842} WARNING - No viable dags retrieved from /opt/airflow/dags/operationalData/orders.xlsx
[2024-05-10T15:05:53.855+0000] {processor.py:183} INFO - Processing /opt/airflow/dags/operationalData/orders.xlsx took 0.045 seconds
[2024-05-10T15:18:47.123+0000] {processor.py:161} INFO - Started process (PID=5663) to work on /opt/airflow/dags/operationalData/orders.xlsx
[2024-05-10T15:18:47.137+0000] {processor.py:830} INFO - Processing file /opt/airflow/dags/operationalData/orders.xlsx for tasks to queue
[2024-05-10T15:18:47.154+0000] {logging_mixin.py:188} INFO - [2024-05-10T15:18:47.153+0000] {dagbag.py:540} INFO - Filling up the DagBag from /opt/airflow/dags/operationalData/orders.xlsx
[2024-05-10T15:18:47.238+0000] {processor.py:842} WARNING - No viable dags retrieved from /opt/airflow/dags/operationalData/orders.xlsx
[2024-05-10T15:18:47.451+0000] {processor.py:183} INFO - Processing /opt/airflow/dags/operationalData/orders.xlsx took 0.378 seconds
[2024-05-10T15:19:17.627+0000] {processor.py:161} INFO - Started process (PID=5674) to work on /opt/airflow/dags/operationalData/orders.xlsx
[2024-05-10T15:19:17.630+0000] {processor.py:830} INFO - Processing file /opt/airflow/dags/operationalData/orders.xlsx for tasks to queue
[2024-05-10T15:19:17.634+0000] {logging_mixin.py:188} INFO - [2024-05-10T15:19:17.634+0000] {dagbag.py:540} INFO - Filling up the DagBag from /opt/airflow/dags/operationalData/orders.xlsx
[2024-05-10T15:19:17.680+0000] {processor.py:842} WARNING - No viable dags retrieved from /opt/airflow/dags/operationalData/orders.xlsx
[2024-05-10T15:19:17.719+0000] {processor.py:183} INFO - Processing /opt/airflow/dags/operationalData/orders.xlsx took 0.101 seconds
[2024-05-10T15:19:48.402+0000] {processor.py:161} INFO - Started process (PID=5687) to work on /opt/airflow/dags/operationalData/orders.xlsx
[2024-05-10T15:19:48.407+0000] {processor.py:830} INFO - Processing file /opt/airflow/dags/operationalData/orders.xlsx for tasks to queue
[2024-05-10T15:19:48.426+0000] {logging_mixin.py:188} INFO - [2024-05-10T15:19:48.424+0000] {dagbag.py:540} INFO - Filling up the DagBag from /opt/airflow/dags/operationalData/orders.xlsx
[2024-05-10T15:19:48.504+0000] {processor.py:842} WARNING - No viable dags retrieved from /opt/airflow/dags/operationalData/orders.xlsx
[2024-05-10T15:19:48.603+0000] {processor.py:183} INFO - Processing /opt/airflow/dags/operationalData/orders.xlsx took 0.240 seconds
[2024-05-10T15:20:18.932+0000] {processor.py:161} INFO - Started process (PID=5700) to work on /opt/airflow/dags/operationalData/orders.xlsx
[2024-05-10T15:20:18.935+0000] {processor.py:830} INFO - Processing file /opt/airflow/dags/operationalData/orders.xlsx for tasks to queue
[2024-05-10T15:20:18.943+0000] {logging_mixin.py:188} INFO - [2024-05-10T15:20:18.942+0000] {dagbag.py:540} INFO - Filling up the DagBag from /opt/airflow/dags/operationalData/orders.xlsx
[2024-05-10T15:20:18.974+0000] {processor.py:842} WARNING - No viable dags retrieved from /opt/airflow/dags/operationalData/orders.xlsx
[2024-05-10T15:20:19.017+0000] {processor.py:183} INFO - Processing /opt/airflow/dags/operationalData/orders.xlsx took 0.101 seconds
[2024-05-10T15:20:49.468+0000] {processor.py:161} INFO - Started process (PID=5713) to work on /opt/airflow/dags/operationalData/orders.xlsx
[2024-05-10T15:20:49.471+0000] {processor.py:830} INFO - Processing file /opt/airflow/dags/operationalData/orders.xlsx for tasks to queue
[2024-05-10T15:20:49.478+0000] {logging_mixin.py:188} INFO - [2024-05-10T15:20:49.477+0000] {dagbag.py:540} INFO - Filling up the DagBag from /opt/airflow/dags/operationalData/orders.xlsx
[2024-05-10T15:20:49.514+0000] {processor.py:842} WARNING - No viable dags retrieved from /opt/airflow/dags/operationalData/orders.xlsx
[2024-05-10T15:20:49.563+0000] {processor.py:183} INFO - Processing /opt/airflow/dags/operationalData/orders.xlsx took 0.106 seconds
[2024-05-10T15:21:19.761+0000] {processor.py:161} INFO - Started process (PID=5726) to work on /opt/airflow/dags/operationalData/orders.xlsx
[2024-05-10T15:21:19.764+0000] {processor.py:830} INFO - Processing file /opt/airflow/dags/operationalData/orders.xlsx for tasks to queue
[2024-05-10T15:21:19.772+0000] {logging_mixin.py:188} INFO - [2024-05-10T15:21:19.771+0000] {dagbag.py:540} INFO - Filling up the DagBag from /opt/airflow/dags/operationalData/orders.xlsx
[2024-05-10T15:21:19.804+0000] {processor.py:842} WARNING - No viable dags retrieved from /opt/airflow/dags/operationalData/orders.xlsx
[2024-05-10T15:21:19.848+0000] {processor.py:183} INFO - Processing /opt/airflow/dags/operationalData/orders.xlsx took 0.098 seconds
[2024-05-10T15:21:50.086+0000] {processor.py:161} INFO - Started process (PID=5739) to work on /opt/airflow/dags/operationalData/orders.xlsx
[2024-05-10T15:21:50.089+0000] {processor.py:830} INFO - Processing file /opt/airflow/dags/operationalData/orders.xlsx for tasks to queue
[2024-05-10T15:21:50.096+0000] {logging_mixin.py:188} INFO - [2024-05-10T15:21:50.094+0000] {dagbag.py:540} INFO - Filling up the DagBag from /opt/airflow/dags/operationalData/orders.xlsx
[2024-05-10T15:21:50.125+0000] {processor.py:842} WARNING - No viable dags retrieved from /opt/airflow/dags/operationalData/orders.xlsx
[2024-05-10T15:21:50.168+0000] {processor.py:183} INFO - Processing /opt/airflow/dags/operationalData/orders.xlsx took 0.094 seconds
[2024-05-10T15:22:20.659+0000] {processor.py:161} INFO - Started process (PID=5752) to work on /opt/airflow/dags/operationalData/orders.xlsx
[2024-05-10T15:22:20.662+0000] {processor.py:830} INFO - Processing file /opt/airflow/dags/operationalData/orders.xlsx for tasks to queue
[2024-05-10T15:22:20.668+0000] {logging_mixin.py:188} INFO - [2024-05-10T15:22:20.667+0000] {dagbag.py:540} INFO - Filling up the DagBag from /opt/airflow/dags/operationalData/orders.xlsx
[2024-05-10T15:22:20.702+0000] {processor.py:842} WARNING - No viable dags retrieved from /opt/airflow/dags/operationalData/orders.xlsx
[2024-05-10T15:22:20.738+0000] {processor.py:183} INFO - Processing /opt/airflow/dags/operationalData/orders.xlsx took 0.090 seconds
[2024-05-10T15:22:50.936+0000] {processor.py:161} INFO - Started process (PID=5765) to work on /opt/airflow/dags/operationalData/orders.xlsx
[2024-05-10T15:22:50.940+0000] {processor.py:830} INFO - Processing file /opt/airflow/dags/operationalData/orders.xlsx for tasks to queue
[2024-05-10T15:22:50.946+0000] {logging_mixin.py:188} INFO - [2024-05-10T15:22:50.946+0000] {dagbag.py:540} INFO - Filling up the DagBag from /opt/airflow/dags/operationalData/orders.xlsx
[2024-05-10T15:22:50.980+0000] {processor.py:842} WARNING - No viable dags retrieved from /opt/airflow/dags/operationalData/orders.xlsx
[2024-05-10T15:22:51.020+0000] {processor.py:183} INFO - Processing /opt/airflow/dags/operationalData/orders.xlsx took 0.095 seconds
[2024-05-10T15:23:21.509+0000] {processor.py:161} INFO - Started process (PID=5778) to work on /opt/airflow/dags/operationalData/orders.xlsx
[2024-05-10T15:23:21.511+0000] {processor.py:830} INFO - Processing file /opt/airflow/dags/operationalData/orders.xlsx for tasks to queue
[2024-05-10T15:23:21.517+0000] {logging_mixin.py:188} INFO - [2024-05-10T15:23:21.516+0000] {dagbag.py:540} INFO - Filling up the DagBag from /opt/airflow/dags/operationalData/orders.xlsx
[2024-05-10T15:23:21.545+0000] {processor.py:842} WARNING - No viable dags retrieved from /opt/airflow/dags/operationalData/orders.xlsx
[2024-05-10T15:23:21.594+0000] {processor.py:183} INFO - Processing /opt/airflow/dags/operationalData/orders.xlsx took 0.098 seconds
[2024-05-10T15:23:52.446+0000] {processor.py:161} INFO - Started process (PID=5791) to work on /opt/airflow/dags/operationalData/orders.xlsx
[2024-05-10T15:23:52.449+0000] {processor.py:830} INFO - Processing file /opt/airflow/dags/operationalData/orders.xlsx for tasks to queue
[2024-05-10T15:23:52.456+0000] {logging_mixin.py:188} INFO - [2024-05-10T15:23:52.455+0000] {dagbag.py:540} INFO - Filling up the DagBag from /opt/airflow/dags/operationalData/orders.xlsx
[2024-05-10T15:23:52.486+0000] {processor.py:842} WARNING - No viable dags retrieved from /opt/airflow/dags/operationalData/orders.xlsx
[2024-05-10T15:23:52.524+0000] {processor.py:183} INFO - Processing /opt/airflow/dags/operationalData/orders.xlsx took 0.088 seconds
[2024-05-10T15:24:22.780+0000] {processor.py:161} INFO - Started process (PID=5804) to work on /opt/airflow/dags/operationalData/orders.xlsx
[2024-05-10T15:24:22.783+0000] {processor.py:830} INFO - Processing file /opt/airflow/dags/operationalData/orders.xlsx for tasks to queue
[2024-05-10T15:24:22.789+0000] {logging_mixin.py:188} INFO - [2024-05-10T15:24:22.788+0000] {dagbag.py:540} INFO - Filling up the DagBag from /opt/airflow/dags/operationalData/orders.xlsx
[2024-05-10T15:24:22.826+0000] {processor.py:842} WARNING - No viable dags retrieved from /opt/airflow/dags/operationalData/orders.xlsx
[2024-05-10T15:24:22.881+0000] {processor.py:183} INFO - Processing /opt/airflow/dags/operationalData/orders.xlsx took 0.112 seconds
[2024-05-10T15:24:53.242+0000] {processor.py:161} INFO - Started process (PID=5817) to work on /opt/airflow/dags/operationalData/orders.xlsx
[2024-05-10T15:24:53.245+0000] {processor.py:830} INFO - Processing file /opt/airflow/dags/operationalData/orders.xlsx for tasks to queue
[2024-05-10T15:24:53.253+0000] {logging_mixin.py:188} INFO - [2024-05-10T15:24:53.252+0000] {dagbag.py:540} INFO - Filling up the DagBag from /opt/airflow/dags/operationalData/orders.xlsx
[2024-05-10T15:24:53.282+0000] {processor.py:842} WARNING - No viable dags retrieved from /opt/airflow/dags/operationalData/orders.xlsx
[2024-05-10T15:24:53.332+0000] {processor.py:183} INFO - Processing /opt/airflow/dags/operationalData/orders.xlsx took 0.105 seconds
[2024-05-10T15:25:23.657+0000] {processor.py:161} INFO - Started process (PID=5830) to work on /opt/airflow/dags/operationalData/orders.xlsx
[2024-05-10T15:25:23.665+0000] {processor.py:830} INFO - Processing file /opt/airflow/dags/operationalData/orders.xlsx for tasks to queue
[2024-05-10T15:25:23.676+0000] {logging_mixin.py:188} INFO - [2024-05-10T15:25:23.675+0000] {dagbag.py:540} INFO - Filling up the DagBag from /opt/airflow/dags/operationalData/orders.xlsx
[2024-05-10T15:25:23.714+0000] {processor.py:842} WARNING - No viable dags retrieved from /opt/airflow/dags/operationalData/orders.xlsx
[2024-05-10T15:25:23.766+0000] {processor.py:183} INFO - Processing /opt/airflow/dags/operationalData/orders.xlsx took 0.125 seconds
[2024-05-10T15:25:54.144+0000] {processor.py:161} INFO - Started process (PID=5843) to work on /opt/airflow/dags/operationalData/orders.xlsx
[2024-05-10T15:25:54.147+0000] {processor.py:830} INFO - Processing file /opt/airflow/dags/operationalData/orders.xlsx for tasks to queue
[2024-05-10T15:25:54.154+0000] {logging_mixin.py:188} INFO - [2024-05-10T15:25:54.153+0000] {dagbag.py:540} INFO - Filling up the DagBag from /opt/airflow/dags/operationalData/orders.xlsx
[2024-05-10T15:25:54.187+0000] {processor.py:842} WARNING - No viable dags retrieved from /opt/airflow/dags/operationalData/orders.xlsx
[2024-05-10T15:25:54.224+0000] {processor.py:183} INFO - Processing /opt/airflow/dags/operationalData/orders.xlsx took 0.091 seconds
[2024-05-10T15:26:24.634+0000] {processor.py:161} INFO - Started process (PID=5855) to work on /opt/airflow/dags/operationalData/orders.xlsx
[2024-05-10T15:26:24.637+0000] {processor.py:830} INFO - Processing file /opt/airflow/dags/operationalData/orders.xlsx for tasks to queue
[2024-05-10T15:26:24.643+0000] {logging_mixin.py:188} INFO - [2024-05-10T15:26:24.642+0000] {dagbag.py:540} INFO - Filling up the DagBag from /opt/airflow/dags/operationalData/orders.xlsx
[2024-05-10T15:26:24.677+0000] {processor.py:842} WARNING - No viable dags retrieved from /opt/airflow/dags/operationalData/orders.xlsx
[2024-05-10T15:26:24.719+0000] {processor.py:183} INFO - Processing /opt/airflow/dags/operationalData/orders.xlsx took 0.092 seconds
[2024-05-10T15:26:55.038+0000] {processor.py:161} INFO - Started process (PID=5867) to work on /opt/airflow/dags/operationalData/orders.xlsx
[2024-05-10T15:26:55.042+0000] {processor.py:830} INFO - Processing file /opt/airflow/dags/operationalData/orders.xlsx for tasks to queue
[2024-05-10T15:26:55.052+0000] {logging_mixin.py:188} INFO - [2024-05-10T15:26:55.048+0000] {dagbag.py:540} INFO - Filling up the DagBag from /opt/airflow/dags/operationalData/orders.xlsx
[2024-05-10T15:26:55.149+0000] {processor.py:842} WARNING - No viable dags retrieved from /opt/airflow/dags/operationalData/orders.xlsx
[2024-05-10T15:26:55.225+0000] {processor.py:183} INFO - Processing /opt/airflow/dags/operationalData/orders.xlsx took 0.205 seconds
[2024-05-10T15:27:25.814+0000] {processor.py:161} INFO - Started process (PID=5880) to work on /opt/airflow/dags/operationalData/orders.xlsx
[2024-05-10T15:27:25.817+0000] {processor.py:830} INFO - Processing file /opt/airflow/dags/operationalData/orders.xlsx for tasks to queue
[2024-05-10T15:27:25.823+0000] {logging_mixin.py:188} INFO - [2024-05-10T15:27:25.822+0000] {dagbag.py:540} INFO - Filling up the DagBag from /opt/airflow/dags/operationalData/orders.xlsx
[2024-05-10T15:27:25.852+0000] {processor.py:842} WARNING - No viable dags retrieved from /opt/airflow/dags/operationalData/orders.xlsx
[2024-05-10T15:27:25.892+0000] {processor.py:183} INFO - Processing /opt/airflow/dags/operationalData/orders.xlsx took 0.088 seconds
[2024-05-10T15:27:56.231+0000] {processor.py:161} INFO - Started process (PID=5893) to work on /opt/airflow/dags/operationalData/orders.xlsx
[2024-05-10T15:27:56.235+0000] {processor.py:830} INFO - Processing file /opt/airflow/dags/operationalData/orders.xlsx for tasks to queue
[2024-05-10T15:27:56.241+0000] {logging_mixin.py:188} INFO - [2024-05-10T15:27:56.240+0000] {dagbag.py:540} INFO - Filling up the DagBag from /opt/airflow/dags/operationalData/orders.xlsx
[2024-05-10T15:27:56.276+0000] {processor.py:842} WARNING - No viable dags retrieved from /opt/airflow/dags/operationalData/orders.xlsx
[2024-05-10T15:27:56.321+0000] {processor.py:183} INFO - Processing /opt/airflow/dags/operationalData/orders.xlsx took 0.099 seconds
[2024-05-10T15:28:26.662+0000] {processor.py:161} INFO - Started process (PID=5906) to work on /opt/airflow/dags/operationalData/orders.xlsx
[2024-05-10T15:28:26.665+0000] {processor.py:830} INFO - Processing file /opt/airflow/dags/operationalData/orders.xlsx for tasks to queue
[2024-05-10T15:28:26.671+0000] {logging_mixin.py:188} INFO - [2024-05-10T15:28:26.670+0000] {dagbag.py:540} INFO - Filling up the DagBag from /opt/airflow/dags/operationalData/orders.xlsx
[2024-05-10T15:28:26.704+0000] {processor.py:842} WARNING - No viable dags retrieved from /opt/airflow/dags/operationalData/orders.xlsx
[2024-05-10T15:28:26.744+0000] {processor.py:183} INFO - Processing /opt/airflow/dags/operationalData/orders.xlsx took 0.091 seconds
[2024-05-10T15:28:57.119+0000] {processor.py:161} INFO - Started process (PID=5919) to work on /opt/airflow/dags/operationalData/orders.xlsx
[2024-05-10T15:28:57.122+0000] {processor.py:830} INFO - Processing file /opt/airflow/dags/operationalData/orders.xlsx for tasks to queue
[2024-05-10T15:28:57.129+0000] {logging_mixin.py:188} INFO - [2024-05-10T15:28:57.126+0000] {dagbag.py:540} INFO - Filling up the DagBag from /opt/airflow/dags/operationalData/orders.xlsx
[2024-05-10T15:28:57.161+0000] {processor.py:842} WARNING - No viable dags retrieved from /opt/airflow/dags/operationalData/orders.xlsx
[2024-05-10T15:28:57.206+0000] {processor.py:183} INFO - Processing /opt/airflow/dags/operationalData/orders.xlsx took 0.096 seconds
[2024-05-10T15:29:27.598+0000] {processor.py:161} INFO - Started process (PID=5932) to work on /opt/airflow/dags/operationalData/orders.xlsx
[2024-05-10T15:29:27.601+0000] {processor.py:830} INFO - Processing file /opt/airflow/dags/operationalData/orders.xlsx for tasks to queue
[2024-05-10T15:29:27.607+0000] {logging_mixin.py:188} INFO - [2024-05-10T15:29:27.606+0000] {dagbag.py:540} INFO - Filling up the DagBag from /opt/airflow/dags/operationalData/orders.xlsx
[2024-05-10T15:29:27.636+0000] {processor.py:842} WARNING - No viable dags retrieved from /opt/airflow/dags/operationalData/orders.xlsx
[2024-05-10T15:29:27.675+0000] {processor.py:183} INFO - Processing /opt/airflow/dags/operationalData/orders.xlsx took 0.087 seconds
[2024-05-10T15:29:58.001+0000] {processor.py:161} INFO - Started process (PID=5945) to work on /opt/airflow/dags/operationalData/orders.xlsx
[2024-05-10T15:29:58.005+0000] {processor.py:830} INFO - Processing file /opt/airflow/dags/operationalData/orders.xlsx for tasks to queue
[2024-05-10T15:29:58.012+0000] {logging_mixin.py:188} INFO - [2024-05-10T15:29:58.011+0000] {dagbag.py:540} INFO - Filling up the DagBag from /opt/airflow/dags/operationalData/orders.xlsx
[2024-05-10T15:29:58.044+0000] {processor.py:842} WARNING - No viable dags retrieved from /opt/airflow/dags/operationalData/orders.xlsx
[2024-05-10T15:29:58.083+0000] {processor.py:183} INFO - Processing /opt/airflow/dags/operationalData/orders.xlsx took 0.096 seconds
[2024-05-10T15:30:28.456+0000] {processor.py:161} INFO - Started process (PID=5958) to work on /opt/airflow/dags/operationalData/orders.xlsx
[2024-05-10T15:30:28.460+0000] {processor.py:830} INFO - Processing file /opt/airflow/dags/operationalData/orders.xlsx for tasks to queue
[2024-05-10T15:30:28.466+0000] {logging_mixin.py:188} INFO - [2024-05-10T15:30:28.465+0000] {dagbag.py:540} INFO - Filling up the DagBag from /opt/airflow/dags/operationalData/orders.xlsx
[2024-05-10T15:30:28.502+0000] {processor.py:842} WARNING - No viable dags retrieved from /opt/airflow/dags/operationalData/orders.xlsx
[2024-05-10T15:30:28.543+0000] {processor.py:183} INFO - Processing /opt/airflow/dags/operationalData/orders.xlsx took 0.101 seconds
[2024-05-10T15:30:58.924+0000] {processor.py:161} INFO - Started process (PID=5972) to work on /opt/airflow/dags/operationalData/orders.xlsx
[2024-05-10T15:30:58.930+0000] {processor.py:830} INFO - Processing file /opt/airflow/dags/operationalData/orders.xlsx for tasks to queue
[2024-05-10T15:30:58.941+0000] {logging_mixin.py:188} INFO - [2024-05-10T15:30:58.940+0000] {dagbag.py:540} INFO - Filling up the DagBag from /opt/airflow/dags/operationalData/orders.xlsx
[2024-05-10T15:30:58.975+0000] {processor.py:842} WARNING - No viable dags retrieved from /opt/airflow/dags/operationalData/orders.xlsx
[2024-05-10T15:30:59.027+0000] {processor.py:183} INFO - Processing /opt/airflow/dags/operationalData/orders.xlsx took 0.124 seconds
[2024-05-10T15:31:29.285+0000] {processor.py:161} INFO - Started process (PID=5985) to work on /opt/airflow/dags/operationalData/orders.xlsx
[2024-05-10T15:31:29.291+0000] {processor.py:830} INFO - Processing file /opt/airflow/dags/operationalData/orders.xlsx for tasks to queue
[2024-05-10T15:31:29.299+0000] {logging_mixin.py:188} INFO - [2024-05-10T15:31:29.298+0000] {dagbag.py:540} INFO - Filling up the DagBag from /opt/airflow/dags/operationalData/orders.xlsx
[2024-05-10T15:31:29.328+0000] {processor.py:842} WARNING - No viable dags retrieved from /opt/airflow/dags/operationalData/orders.xlsx
[2024-05-10T15:31:29.381+0000] {processor.py:183} INFO - Processing /opt/airflow/dags/operationalData/orders.xlsx took 0.116 seconds
[2024-05-10T15:31:59.733+0000] {processor.py:161} INFO - Started process (PID=5998) to work on /opt/airflow/dags/operationalData/orders.xlsx
[2024-05-10T15:31:59.736+0000] {processor.py:830} INFO - Processing file /opt/airflow/dags/operationalData/orders.xlsx for tasks to queue
[2024-05-10T15:31:59.742+0000] {logging_mixin.py:188} INFO - [2024-05-10T15:31:59.741+0000] {dagbag.py:540} INFO - Filling up the DagBag from /opt/airflow/dags/operationalData/orders.xlsx
[2024-05-10T15:31:59.772+0000] {processor.py:842} WARNING - No viable dags retrieved from /opt/airflow/dags/operationalData/orders.xlsx
[2024-05-10T15:31:59.807+0000] {processor.py:183} INFO - Processing /opt/airflow/dags/operationalData/orders.xlsx took 0.102 seconds
[2024-05-10T15:32:30.201+0000] {processor.py:161} INFO - Started process (PID=6011) to work on /opt/airflow/dags/operationalData/orders.xlsx
[2024-05-10T15:32:30.204+0000] {processor.py:830} INFO - Processing file /opt/airflow/dags/operationalData/orders.xlsx for tasks to queue
[2024-05-10T15:32:30.211+0000] {logging_mixin.py:188} INFO - [2024-05-10T15:32:30.209+0000] {dagbag.py:540} INFO - Filling up the DagBag from /opt/airflow/dags/operationalData/orders.xlsx
[2024-05-10T15:32:30.240+0000] {processor.py:842} WARNING - No viable dags retrieved from /opt/airflow/dags/operationalData/orders.xlsx
[2024-05-10T15:32:30.280+0000] {processor.py:183} INFO - Processing /opt/airflow/dags/operationalData/orders.xlsx took 0.091 seconds
[2024-05-10T15:33:00.861+0000] {processor.py:161} INFO - Started process (PID=6024) to work on /opt/airflow/dags/operationalData/orders.xlsx
[2024-05-10T15:33:00.865+0000] {processor.py:830} INFO - Processing file /opt/airflow/dags/operationalData/orders.xlsx for tasks to queue
[2024-05-10T15:33:00.873+0000] {logging_mixin.py:188} INFO - [2024-05-10T15:33:00.872+0000] {dagbag.py:540} INFO - Filling up the DagBag from /opt/airflow/dags/operationalData/orders.xlsx
[2024-05-10T15:33:00.911+0000] {processor.py:842} WARNING - No viable dags retrieved from /opt/airflow/dags/operationalData/orders.xlsx
[2024-05-10T15:33:00.958+0000] {processor.py:183} INFO - Processing /opt/airflow/dags/operationalData/orders.xlsx took 0.110 seconds
[2024-05-10T15:33:31.297+0000] {processor.py:161} INFO - Started process (PID=6037) to work on /opt/airflow/dags/operationalData/orders.xlsx
[2024-05-10T15:33:31.301+0000] {processor.py:830} INFO - Processing file /opt/airflow/dags/operationalData/orders.xlsx for tasks to queue
[2024-05-10T15:33:31.310+0000] {logging_mixin.py:188} INFO - [2024-05-10T15:33:31.309+0000] {dagbag.py:540} INFO - Filling up the DagBag from /opt/airflow/dags/operationalData/orders.xlsx
[2024-05-10T15:33:31.341+0000] {processor.py:842} WARNING - No viable dags retrieved from /opt/airflow/dags/operationalData/orders.xlsx
[2024-05-10T15:33:31.378+0000] {processor.py:183} INFO - Processing /opt/airflow/dags/operationalData/orders.xlsx took 0.091 seconds
[2024-05-10T15:34:02.075+0000] {processor.py:161} INFO - Started process (PID=6050) to work on /opt/airflow/dags/operationalData/orders.xlsx
[2024-05-10T15:34:02.078+0000] {processor.py:830} INFO - Processing file /opt/airflow/dags/operationalData/orders.xlsx for tasks to queue
[2024-05-10T15:34:02.085+0000] {logging_mixin.py:188} INFO - [2024-05-10T15:34:02.084+0000] {dagbag.py:540} INFO - Filling up the DagBag from /opt/airflow/dags/operationalData/orders.xlsx
[2024-05-10T15:34:02.119+0000] {processor.py:842} WARNING - No viable dags retrieved from /opt/airflow/dags/operationalData/orders.xlsx
[2024-05-10T15:34:02.160+0000] {processor.py:183} INFO - Processing /opt/airflow/dags/operationalData/orders.xlsx took 0.101 seconds
[2024-05-10T15:34:32.548+0000] {processor.py:161} INFO - Started process (PID=6063) to work on /opt/airflow/dags/operationalData/orders.xlsx
[2024-05-10T15:34:32.551+0000] {processor.py:830} INFO - Processing file /opt/airflow/dags/operationalData/orders.xlsx for tasks to queue
[2024-05-10T15:34:32.562+0000] {logging_mixin.py:188} INFO - [2024-05-10T15:34:32.561+0000] {dagbag.py:540} INFO - Filling up the DagBag from /opt/airflow/dags/operationalData/orders.xlsx
[2024-05-10T15:34:32.598+0000] {processor.py:842} WARNING - No viable dags retrieved from /opt/airflow/dags/operationalData/orders.xlsx
[2024-05-10T15:34:32.657+0000] {processor.py:183} INFO - Processing /opt/airflow/dags/operationalData/orders.xlsx took 0.119 seconds
[2024-05-10T15:35:03.020+0000] {processor.py:161} INFO - Started process (PID=6076) to work on /opt/airflow/dags/operationalData/orders.xlsx
[2024-05-10T15:35:03.024+0000] {processor.py:830} INFO - Processing file /opt/airflow/dags/operationalData/orders.xlsx for tasks to queue
[2024-05-10T15:35:03.030+0000] {logging_mixin.py:188} INFO - [2024-05-10T15:35:03.030+0000] {dagbag.py:540} INFO - Filling up the DagBag from /opt/airflow/dags/operationalData/orders.xlsx
[2024-05-10T15:35:03.062+0000] {processor.py:842} WARNING - No viable dags retrieved from /opt/airflow/dags/operationalData/orders.xlsx
[2024-05-10T15:35:03.109+0000] {processor.py:183} INFO - Processing /opt/airflow/dags/operationalData/orders.xlsx took 0.101 seconds
[2024-05-10T15:35:33.482+0000] {processor.py:161} INFO - Started process (PID=6088) to work on /opt/airflow/dags/operationalData/orders.xlsx
[2024-05-10T15:35:33.486+0000] {processor.py:830} INFO - Processing file /opt/airflow/dags/operationalData/orders.xlsx for tasks to queue
[2024-05-10T15:35:33.492+0000] {logging_mixin.py:188} INFO - [2024-05-10T15:35:33.490+0000] {dagbag.py:540} INFO - Filling up the DagBag from /opt/airflow/dags/operationalData/orders.xlsx
[2024-05-10T15:35:33.526+0000] {processor.py:842} WARNING - No viable dags retrieved from /opt/airflow/dags/operationalData/orders.xlsx
[2024-05-10T15:35:33.563+0000] {processor.py:183} INFO - Processing /opt/airflow/dags/operationalData/orders.xlsx took 0.092 seconds
[2024-05-10T15:36:03.939+0000] {processor.py:161} INFO - Started process (PID=6100) to work on /opt/airflow/dags/operationalData/orders.xlsx
[2024-05-10T15:36:03.942+0000] {processor.py:830} INFO - Processing file /opt/airflow/dags/operationalData/orders.xlsx for tasks to queue
[2024-05-10T15:36:03.948+0000] {logging_mixin.py:188} INFO - [2024-05-10T15:36:03.946+0000] {dagbag.py:540} INFO - Filling up the DagBag from /opt/airflow/dags/operationalData/orders.xlsx
[2024-05-10T15:36:03.976+0000] {processor.py:842} WARNING - No viable dags retrieved from /opt/airflow/dags/operationalData/orders.xlsx
[2024-05-10T15:36:04.016+0000] {processor.py:183} INFO - Processing /opt/airflow/dags/operationalData/orders.xlsx took 0.088 seconds
