[2024-03-21T18:52:45.383+0000] {taskinstance.py:1979} INFO - Dependencies all met for dep_context=non-requeueable deps ti=<TaskInstance: ETL_Flow.insert_data_from_files manual__2024-03-21T18:47:28.972211+00:00 [queued]>
[2024-03-21T18:52:45.483+0000] {taskinstance.py:1979} INFO - Dependencies all met for dep_context=requeueable deps ti=<TaskInstance: ETL_Flow.insert_data_from_files manual__2024-03-21T18:47:28.972211+00:00 [queued]>
[2024-03-21T18:52:45.487+0000] {taskinstance.py:2193} INFO - Starting attempt 1 of 6
[2024-03-21T18:52:45.588+0000] {taskinstance.py:2214} INFO - Executing <Task(PythonOperator): insert_data_from_files> on 2024-03-21 18:47:28.972211+00:00
[2024-03-21T18:52:45.620+0000] {standard_task_runner.py:60} INFO - Started process 258 to run task
[2024-03-21T18:52:45.636+0000] {standard_task_runner.py:87} INFO - Running: ['***', 'tasks', 'run', 'ETL_Flow', 'insert_data_from_files', 'manual__2024-03-21T18:47:28.972211+00:00', '--job-id', '2092', '--raw', '--subdir', 'DAGS_FOLDER/etl2.py', '--cfg-path', '/tmp/tmp__zjhnb3']
[2024-03-21T18:52:45.656+0000] {standard_task_runner.py:88} INFO - Job 2092: Subtask insert_data_from_files
[2024-03-21T18:52:45.902+0000] {task_command.py:423} INFO - Running <TaskInstance: ETL_Flow.insert_data_from_files manual__2024-03-21T18:47:28.972211+00:00 [running]> on host 87d0282d7958
[2024-03-21T18:52:46.412+0000] {taskinstance.py:2510} INFO - Exporting env vars: AIRFLOW_CTX_DAG_OWNER='coder2j' AIRFLOW_CTX_DAG_ID='ETL_Flow' AIRFLOW_CTX_TASK_ID='insert_data_from_files' AIRFLOW_CTX_EXECUTION_DATE='2024-03-21T18:47:28.972211+00:00' AIRFLOW_CTX_TRY_NUMBER='1' AIRFLOW_CTX_DAG_RUN_ID='manual__2024-03-21T18:47:28.972211+00:00'
[2024-03-21T18:52:46.934+0000] {base.py:83} INFO - Using connection ID 'postgres_localhost' for task execution.
[2024-03-21T18:52:47.430+0000] {sql.py:572} INFO - Done loading. Loaded a total of 92 rows into MRR_Dim_Customers
[2024-03-21T18:52:47.597+0000] {base.py:83} INFO - Using connection ID 'postgres_localhost' for task execution.
[2024-03-21T18:52:48.057+0000] {sql.py:572} INFO - Done loading. Loaded a total of 47 rows into MRR_Dim_Employees
[2024-03-21T18:52:48.144+0000] {base.py:83} INFO - Using connection ID 'postgres_localhost' for task execution.
[2024-03-21T18:52:48.392+0000] {sql.py:572} INFO - Done loading. Loaded a total of 77 rows into MRR_Dim_Products
[2024-03-21T18:52:48.597+0000] {base.py:83} INFO - Using connection ID 'postgres_localhost' for task execution.
[2024-03-21T18:52:51.812+0000] {sql.py:572} INFO - Done loading. Loaded a total of 836 rows into MRR_Fact_Orders
[2024-03-21T18:52:52.251+0000] {base.py:83} INFO - Using connection ID 'postgres_localhost' for task execution.
[2024-03-21T18:52:54.494+0000] {sql.py:568} INFO - Loaded 1000 rows into MRR_Fact_Details so far
[2024-03-21T18:52:56.439+0000] {sql.py:568} INFO - Loaded 2000 rows into MRR_Fact_Details so far
[2024-03-21T18:52:56.728+0000] {sql.py:572} INFO - Done loading. Loaded a total of 2172 rows into MRR_Fact_Details
[2024-03-21T18:52:56.729+0000] {python.py:202} INFO - Done. Returned value was: None
[2024-03-21T18:52:56.743+0000] {taskinstance.py:1149} INFO - Marking task as SUCCESS. dag_id=ETL_Flow, task_id=insert_data_from_files, execution_date=20240321T184728, start_date=20240321T185245, end_date=20240321T185256
[2024-03-21T18:52:56.777+0000] {local_task_job_runner.py:234} INFO - Task exited with return code 0
[2024-03-21T18:52:56.790+0000] {warnings.py:109} WARNING - /home/***/.local/lib/python3.8/site-packages/***/models/baseoperator.py:1201: AirflowProviderDeprecationWarning: Call to deprecated class PostgresOperator. (Please use `***.providers.common.sql.operators.sql.SQLExecuteQueryOperator`.Also, you can provide `hook_params={'schema': <database>}`.)
  result = cls.__new__(cls)

[2024-03-21T18:52:56.818+0000] {taskinstance.py:3309} INFO - 1 downstream tasks scheduled from follow-on schedule check
