[2024-03-12T17:33:39.428+0000] {taskinstance.py:1979} INFO - Dependencies all met for dep_context=non-requeueable deps ti=<TaskInstance: ETL_Flow.dim_mrr2stg scheduled__2024-03-11T06:00:00+00:00 [queued]>
[2024-03-12T17:33:39.458+0000] {taskinstance.py:1979} INFO - Dependencies all met for dep_context=requeueable deps ti=<TaskInstance: ETL_Flow.dim_mrr2stg scheduled__2024-03-11T06:00:00+00:00 [queued]>
[2024-03-12T17:33:39.461+0000] {taskinstance.py:2193} INFO - Starting attempt 1 of 6
[2024-03-12T17:33:39.502+0000] {taskinstance.py:2214} INFO - Executing <Task(PostgresOperator): dim_mrr2stg> on 2024-03-11 06:00:00+00:00
[2024-03-12T17:33:39.512+0000] {standard_task_runner.py:60} INFO - Started process 363 to run task
[2024-03-12T17:33:39.521+0000] {standard_task_runner.py:87} INFO - Running: ['***', 'tasks', 'run', 'ETL_Flow', 'dim_mrr2stg', 'scheduled__2024-03-11T06:00:00+00:00', '--job-id', '497', '--raw', '--subdir', 'DAGS_FOLDER/etl2.py', '--cfg-path', '/tmp/tmp9xc2fas0']
[2024-03-12T17:33:39.525+0000] {standard_task_runner.py:88} INFO - Job 497: Subtask dim_mrr2stg
[2024-03-12T17:33:39.705+0000] {task_command.py:423} INFO - Running <TaskInstance: ETL_Flow.dim_mrr2stg scheduled__2024-03-11T06:00:00+00:00 [running]> on host e2878ba2ad26
[2024-03-12T17:33:40.233+0000] {taskinstance.py:2510} INFO - Exporting env vars: AIRFLOW_CTX_DAG_OWNER='coder2j' AIRFLOW_CTX_DAG_ID='ETL_Flow' AIRFLOW_CTX_TASK_ID='dim_mrr2stg' AIRFLOW_CTX_EXECUTION_DATE='2024-03-11T06:00:00+00:00' AIRFLOW_CTX_TRY_NUMBER='1' AIRFLOW_CTX_DAG_RUN_ID='scheduled__2024-03-11T06:00:00+00:00'
[2024-03-12T17:33:40.241+0000] {sql.py:276} INFO - Executing: insert into STG_Dim_Products(Product_ID,Product_Name,Supplier,Category,Unit_Price,Unit_Cost)
select 
case when Product_ID similar to '[0-9]+' and cast(Product_ID as int)>=0
then cast(Product_ID as int) else 0 end,
Product_Name,
case when Supplier similar to '[0-9]+' and cast(Supplier as int)>=0
then cast(Supplier as int) else 0 end,
case when Category similar to '[0-9]+' and cast(Category as int)>=0
then cast(Category as int) else 0 end,
case when Unit_Price is null then 0 else cast(Unit_Price as money) end,
case when Unit_Cost is null then 0 else cast(Unit_Cost as money) end
from MRR_Dim_Products;





insert into STG_Dim_Customers(Customer_ID,Company_Name,Contact_Name,Street,City,Postal_Code,Country,Phone,Fax)
select
case when Customer_ID similar to '[0-9]+' and cast(Customer_ID as int)>=0 then cast(Customer_ID as int) else 0 end,
Company_Name,
Contact_Name,
Street,
City,
Postal_Code,
Country,
Phone,
Fax
from MRR_Dim_Customers;


insert into STG_Dim_Employees(Employee_ID,Last_Name,First_Name,Title,Hire_Date,Office,Reports_To,Month_Salary)
select 
case when Employee_ID similar to '[0-9]+' and cast(Employee_ID as int)>=0 then cast(Employee_ID as int) else 0 end,
Last_Name,
First_Name,
Title,
Hire_Date,
case when Office similar to '[0-9]+' and cast(Office as int)>=0 then cast(Office as int) else 0 end,
case when Reports_To similar to '[0-9]+' and cast(Reports_To as int)>=0 then cast(Reports_To as int) else 0 end,
case when Month_Salary is null then 0 else cast(Month_Salary as money) end
from MRR_Dim_Employees;





insert into STG_Dim_Dates(Date,Year,Quarter,Month,Day)
select
d::date,
extract(year from d),
extract(quarter from d),
extract(month from d),
extract(day from d)
from generate_series('2021-01-01'::date, CURRENT_DATE::date, '1 day');

insert into STG_Dim_Time(DateTime,Date,Hour)
select
datetime,
date(DateTime),
extract(hour from DateTime) 
from generate_series('2021-01-01'::date, CURRENT_DATE::date, '1 day');


 
[2024-03-12T17:33:40.289+0000] {base.py:83} INFO - Using connection ID 'postgres_localhost' for task execution.
[2024-03-12T17:33:40.319+0000] {base.py:83} INFO - Using connection ID 'postgres_localhost' for task execution.
[2024-03-12T17:33:40.362+0000] {sql.py:457} INFO - Running statement: insert into STG_Dim_Products(Product_ID,Product_Name,Supplier,Category,Unit_Price,Unit_Cost)
select 
case when Product_ID similar to '[0-9]+' and cast(Product_ID as int)>=0
then cast(Product_ID as int) else 0 end,
Product_Name,
case when Supplier similar to '[0-9]+' and cast(Supplier as int)>=0
then cast(Supplier as int) else 0 end,
case when Category similar to '[0-9]+' and cast(Category as int)>=0
then cast(Category as int) else 0 end,
case when Unit_Price is null then 0 else cast(Unit_Price as money) end,
case when Unit_Cost is null then 0 else cast(Unit_Cost as money) end
from MRR_Dim_Products;





insert into STG_Dim_Customers(Customer_ID,Company_Name,Contact_Name,Street,City,Postal_Code,Country,Phone,Fax)
select
case when Customer_ID similar to '[0-9]+' and cast(Customer_ID as int)>=0 then cast(Customer_ID as int) else 0 end,
Company_Name,
Contact_Name,
Street,
City,
Postal_Code,
Country,
Phone,
Fax
from MRR_Dim_Customers;


insert into STG_Dim_Employees(Employee_ID,Last_Name,First_Name,Title,Hire_Date,Office,Reports_To,Month_Salary)
select 
case when Employee_ID similar to '[0-9]+' and cast(Employee_ID as int)>=0 then cast(Employee_ID as int) else 0 end,
Last_Name,
First_Name,
Title,
Hire_Date,
case when Office similar to '[0-9]+' and cast(Office as int)>=0 then cast(Office as int) else 0 end,
case when Reports_To similar to '[0-9]+' and cast(Reports_To as int)>=0 then cast(Reports_To as int) else 0 end,
case when Month_Salary is null then 0 else cast(Month_Salary as money) end
from MRR_Dim_Employees;





insert into STG_Dim_Dates(Date,Year,Quarter,Month,Day)
select
d::date,
extract(year from d),
extract(quarter from d),
extract(month from d),
extract(day from d)
from generate_series('2021-01-01'::date, CURRENT_DATE::date, '1 day');

insert into STG_Dim_Time(DateTime,Date,Hour)
select
datetime,
date(DateTime),
extract(hour from DateTime) 
from generate_series('2021-01-01'::date, CURRENT_DATE::date, '1 day');


 , parameters: None
[2024-03-12T17:33:40.390+0000] {taskinstance.py:2728} ERROR - Task failed with exception
Traceback (most recent call last):
  File "/home/airflow/.local/lib/python3.8/site-packages/airflow/models/taskinstance.py", line 444, in _execute_task
    result = _execute_callable(context=context, **execute_callable_kwargs)
  File "/home/airflow/.local/lib/python3.8/site-packages/airflow/models/taskinstance.py", line 414, in _execute_callable
    return execute_callable(context=context, **execute_callable_kwargs)
  File "/home/airflow/.local/lib/python3.8/site-packages/airflow/providers/common/sql/operators/sql.py", line 282, in execute
    output = hook.run(
  File "/home/airflow/.local/lib/python3.8/site-packages/airflow/providers/common/sql/hooks/sql.py", line 404, in run
    self._run_command(cur, sql_statement, parameters)
  File "/home/airflow/.local/lib/python3.8/site-packages/airflow/providers/common/sql/hooks/sql.py", line 462, in _run_command
    cur.execute(sql_statement)
psycopg2.errors.UndefinedTable: relation "stg_dim_products" does not exist
LINE 1: insert into STG_Dim_Products(Product_ID,Product_Name,Supplie...
                    ^

[2024-03-12T17:33:40.518+0000] {taskinstance.py:1149} INFO - Marking task as UP_FOR_RETRY. dag_id=ETL_Flow, task_id=dim_mrr2stg, execution_date=20240311T060000, start_date=20240312T173339, end_date=20240312T173340
[2024-03-12T17:33:40.631+0000] {standard_task_runner.py:107} ERROR - Failed to execute job 497 for task dim_mrr2stg (relation "stg_dim_products" does not exist
LINE 1: insert into STG_Dim_Products(Product_ID,Product_Name,Supplie...
                    ^
; 363)
[2024-03-12T17:33:40.725+0000] {local_task_job_runner.py:234} INFO - Task exited with return code 1
[2024-03-12T17:33:40.844+0000] {taskinstance.py:3309} INFO - 0 downstream tasks scheduled from follow-on schedule check
