[2024-03-21T19:03:54.222+0000] {taskinstance.py:1979} INFO - Dependencies all met for dep_context=non-requeueable deps ti=<TaskInstance: ETL_Flow.truncate_mrr_stg manual__2024-03-20T17:02:25.391105+00:00 [queued]>
[2024-03-21T19:03:54.267+0000] {taskinstance.py:1979} INFO - Dependencies all met for dep_context=requeueable deps ti=<TaskInstance: ETL_Flow.truncate_mrr_stg manual__2024-03-20T17:02:25.391105+00:00 [queued]>
[2024-03-21T19:03:54.271+0000] {taskinstance.py:2193} INFO - Starting attempt 2 of 7
[2024-03-21T19:03:54.334+0000] {taskinstance.py:2214} INFO - Executing <Task(PostgresOperator): truncate_mrr_stg> on 2024-03-20 17:02:25.391105+00:00
[2024-03-21T19:03:54.358+0000] {standard_task_runner.py:60} INFO - Started process 505 to run task
[2024-03-21T19:03:54.372+0000] {standard_task_runner.py:87} INFO - Running: ['***', 'tasks', 'run', 'ETL_Flow', 'truncate_mrr_stg', 'manual__2024-03-20T17:02:25.391105+00:00', '--job-id', '2125', '--raw', '--subdir', 'DAGS_FOLDER/etl2.py', '--cfg-path', '/tmp/tmplbqimmd1']
[2024-03-21T19:03:54.382+0000] {standard_task_runner.py:88} INFO - Job 2125: Subtask truncate_mrr_stg
[2024-03-21T19:03:54.713+0000] {task_command.py:423} INFO - Running <TaskInstance: ETL_Flow.truncate_mrr_stg manual__2024-03-20T17:02:25.391105+00:00 [running]> on host 87d0282d7958
[2024-03-21T19:03:56.562+0000] {taskinstance.py:2510} INFO - Exporting env vars: AIRFLOW_CTX_DAG_OWNER='coder2j' AIRFLOW_CTX_DAG_ID='ETL_Flow' AIRFLOW_CTX_TASK_ID='truncate_mrr_stg' AIRFLOW_CTX_EXECUTION_DATE='2024-03-20T17:02:25.391105+00:00' AIRFLOW_CTX_TRY_NUMBER='2' AIRFLOW_CTX_DAG_RUN_ID='manual__2024-03-20T17:02:25.391105+00:00'
[2024-03-21T19:03:56.580+0000] {sql.py:276} INFO - Executing: TRUNCATE TABLE MRR_Dim_Customers;
TRUNCATE TABLE MRR_Dim_Employees;
TRUNCATE TABLE MRR_Dim_Products;
TRUNCATE TABLE MRR_Fact_Details;
TRUNCATE TABLE MRR_Fact_Orders;
TRUNCATE TABLE STG_Dim_Customers;
TRUNCATE TABLE STG_Dim_Dates;
TRUNCATE TABLE STG_Dim_Employees;
TRUNCATE TABLE STG_Dim_Products;
TRUNCATE TABLE STG_Dim_Time;
TRUNCATE TABLE STG_Fact_Orders;
TRUNCATE TABLE STG_Fact_Details;
[2024-03-21T19:03:56.672+0000] {base.py:83} INFO - Using connection ID 'postgres_localhost' for task execution.
[2024-03-21T19:03:56.776+0000] {base.py:83} INFO - Using connection ID 'postgres_localhost' for task execution.
[2024-03-21T19:03:56.945+0000] {sql.py:457} INFO - Running statement: TRUNCATE TABLE MRR_Dim_Customers;
TRUNCATE TABLE MRR_Dim_Employees;
TRUNCATE TABLE MRR_Dim_Products;
TRUNCATE TABLE MRR_Fact_Details;
TRUNCATE TABLE MRR_Fact_Orders;
TRUNCATE TABLE STG_Dim_Customers;
TRUNCATE TABLE STG_Dim_Dates;
TRUNCATE TABLE STG_Dim_Employees;
TRUNCATE TABLE STG_Dim_Products;
TRUNCATE TABLE STG_Dim_Time;
TRUNCATE TABLE STG_Fact_Orders;
TRUNCATE TABLE STG_Fact_Details;, parameters: None
[2024-03-21T19:03:58.982+0000] {taskinstance.py:2728} ERROR - Task failed with exception
Traceback (most recent call last):
  File "/home/airflow/.local/lib/python3.8/site-packages/airflow/models/taskinstance.py", line 444, in _execute_task
    result = _execute_callable(context=context, **execute_callable_kwargs)
  File "/home/airflow/.local/lib/python3.8/site-packages/airflow/models/taskinstance.py", line 414, in _execute_callable
    return execute_callable(context=context, **execute_callable_kwargs)
  File "/home/airflow/.local/lib/python3.8/site-packages/airflow/providers/common/sql/operators/sql.py", line 282, in execute
    output = hook.run(
  File "/home/airflow/.local/lib/python3.8/site-packages/airflow/providers/common/sql/hooks/sql.py", line 404, in run
    self._run_command(cur, sql_statement, parameters)
  File "/home/airflow/.local/lib/python3.8/site-packages/airflow/providers/common/sql/hooks/sql.py", line 462, in _run_command
    cur.execute(sql_statement)
psycopg2.errors.DeadlockDetected: deadlock detected
DETAIL:  Process 3047 waits for AccessExclusiveLock on relation 33920 of database 17640; blocked by process 3046.
Process 3046 waits for AccessShareLock on relation 33915 of database 17640; blocked by process 3047.
HINT:  See server log for query details.

[2024-03-21T19:03:59.056+0000] {taskinstance.py:1149} INFO - Marking task as UP_FOR_RETRY. dag_id=ETL_Flow, task_id=truncate_mrr_stg, execution_date=20240320T170225, start_date=20240321T190354, end_date=20240321T190359
[2024-03-21T19:03:59.215+0000] {standard_task_runner.py:107} ERROR - Failed to execute job 2125 for task truncate_mrr_stg (deadlock detected
DETAIL:  Process 3047 waits for AccessExclusiveLock on relation 33920 of database 17640; blocked by process 3046.
Process 3046 waits for AccessShareLock on relation 33915 of database 17640; blocked by process 3047.
HINT:  See server log for query details.
; 505)
[2024-03-21T19:03:59.301+0000] {local_task_job_runner.py:234} INFO - Task exited with return code 1
[2024-03-21T19:03:59.360+0000] {warnings.py:109} WARNING - /home/***/.local/lib/python3.8/site-packages/***/models/baseoperator.py:1201: AirflowProviderDeprecationWarning: Call to deprecated class PostgresOperator. (Please use `***.providers.common.sql.operators.sql.SQLExecuteQueryOperator`.Also, you can provide `hook_params={'schema': <database>}`.)
  result = cls.__new__(cls)

[2024-03-21T19:03:59.461+0000] {taskinstance.py:3309} INFO - 0 downstream tasks scheduled from follow-on schedule check
