[2024-04-29T10:11:56.079+0000] {taskinstance.py:1979} INFO - Dependencies all met for dep_context=non-requeueable deps ti=<TaskInstance: ETL_Flow.insert_data_from_files manual__2024-04-29T10:03:57.667103+00:00 [queued]>
[2024-04-29T10:11:56.122+0000] {taskinstance.py:1979} INFO - Dependencies all met for dep_context=requeueable deps ti=<TaskInstance: ETL_Flow.insert_data_from_files manual__2024-04-29T10:03:57.667103+00:00 [queued]>
[2024-04-29T10:11:56.124+0000] {taskinstance.py:2193} INFO - Starting attempt 2 of 6
[2024-04-29T10:11:56.203+0000] {taskinstance.py:2214} INFO - Executing <Task(PythonOperator): insert_data_from_files> on 2024-04-29 10:03:57.667103+00:00
[2024-04-29T10:11:56.280+0000] {standard_task_runner.py:60} INFO - Started process 7784 to run task
[2024-04-29T10:11:56.290+0000] {standard_task_runner.py:87} INFO - Running: ['***', 'tasks', 'run', 'ETL_Flow', 'insert_data_from_files', 'manual__2024-04-29T10:03:57.667103+00:00', '--job-id', '3066', '--raw', '--subdir', 'DAGS_FOLDER/ETL.py', '--cfg-path', '/tmp/tmpr_zji325']
[2024-04-29T10:11:56.296+0000] {standard_task_runner.py:88} INFO - Job 3066: Subtask insert_data_from_files
[2024-04-29T10:11:56.445+0000] {task_command.py:423} INFO - Running <TaskInstance: ETL_Flow.insert_data_from_files manual__2024-04-29T10:03:57.667103+00:00 [running]> on host d838c4eb4dcc
[2024-04-29T10:11:57.419+0000] {taskinstance.py:2510} INFO - Exporting env vars: AIRFLOW_CTX_DAG_OWNER='coder2j' AIRFLOW_CTX_DAG_ID='ETL_Flow' AIRFLOW_CTX_TASK_ID='insert_data_from_files' AIRFLOW_CTX_EXECUTION_DATE='2024-04-29T10:03:57.667103+00:00' AIRFLOW_CTX_TRY_NUMBER='2' AIRFLOW_CTX_DAG_RUN_ID='manual__2024-04-29T10:03:57.667103+00:00'
[2024-04-29T10:11:59.502+0000] {base.py:83} INFO - Using connection ID 'postgres_localhost' for task execution.
[2024-04-29T10:12:00.333+0000] {sql.py:572} INFO - Done loading. Loaded a total of 50 rows into MRR_Dim_Customers
[2024-04-29T10:12:01.501+0000] {base.py:83} INFO - Using connection ID 'postgres_localhost' for task execution.
[2024-04-29T10:12:03.941+0000] {sql.py:572} INFO - Done loading. Loaded a total of 312 rows into MRR_Fact_Events
[2024-04-29T10:12:04.321+0000] {base.py:83} INFO - Using connection ID 'postgres_localhost' for task execution.
[2024-04-29T10:12:05.311+0000] {sql.py:572} INFO - Done loading. Loaded a total of 77 rows into MRR_Dim_Products
[2024-04-29T10:12:05.903+0000] {base.py:83} INFO - Using connection ID 'postgres_localhost' for task execution.
[2024-04-29T10:12:09.759+0000] {sql.py:572} INFO - Done loading. Loaded a total of 155 rows into MRR_Fact_Orders
[2024-04-29T10:12:10.102+0000] {base.py:83} INFO - Using connection ID 'postgres_localhost' for task execution.
[2024-04-29T10:12:11.940+0000] {sql.py:572} INFO - Done loading. Loaded a total of 261 rows into MRR_Fact_Details
[2024-04-29T10:12:11.963+0000] {python.py:202} INFO - Done. Returned value was: None
[2024-04-29T10:12:12.087+0000] {taskinstance.py:1149} INFO - Marking task as SUCCESS. dag_id=ETL_Flow, task_id=insert_data_from_files, execution_date=20240429T100357, start_date=20240429T101156, end_date=20240429T101212
[2024-04-29T10:12:12.338+0000] {local_task_job_runner.py:234} INFO - Task exited with return code 0
[2024-04-29T10:12:12.451+0000] {taskinstance.py:3309} INFO - 0 downstream tasks scheduled from follow-on schedule check
