[2024-03-26T19:16:11.682+0000] {taskinstance.py:1979} INFO - Dependencies all met for dep_context=non-requeueable deps ti=<TaskInstance: ETL_Flow.truncate_mrr_stg manual__2024-03-26T19:09:11.569740+00:00 [queued]>
[2024-03-26T19:16:11.713+0000] {taskinstance.py:1979} INFO - Dependencies all met for dep_context=requeueable deps ti=<TaskInstance: ETL_Flow.truncate_mrr_stg manual__2024-03-26T19:09:11.569740+00:00 [queued]>
[2024-03-26T19:16:11.715+0000] {taskinstance.py:2193} INFO - Starting attempt 2 of 7
[2024-03-26T19:16:11.757+0000] {taskinstance.py:2214} INFO - Executing <Task(PostgresOperator): truncate_mrr_stg> on 2024-03-26 19:09:11.569740+00:00
[2024-03-26T19:16:11.769+0000] {standard_task_runner.py:60} INFO - Started process 412 to run task
[2024-03-26T19:16:11.778+0000] {standard_task_runner.py:87} INFO - Running: ['***', 'tasks', 'run', 'ETL_Flow', 'truncate_mrr_stg', 'manual__2024-03-26T19:09:11.569740+00:00', '--job-id', '2251', '--raw', '--subdir', 'DAGS_FOLDER/ETL.py', '--cfg-path', '/tmp/tmp4qt2o5pz']
[2024-03-26T19:16:11.786+0000] {standard_task_runner.py:88} INFO - Job 2251: Subtask truncate_mrr_stg
[2024-03-26T19:16:11.918+0000] {task_command.py:423} INFO - Running <TaskInstance: ETL_Flow.truncate_mrr_stg manual__2024-03-26T19:09:11.569740+00:00 [running]> on host cb216a3a40e5
[2024-03-26T19:16:12.338+0000] {taskinstance.py:2510} INFO - Exporting env vars: AIRFLOW_CTX_DAG_OWNER='coder2j' AIRFLOW_CTX_DAG_ID='ETL_Flow' AIRFLOW_CTX_TASK_ID='truncate_mrr_stg' AIRFLOW_CTX_EXECUTION_DATE='2024-03-26T19:09:11.569740+00:00' AIRFLOW_CTX_TRY_NUMBER='2' AIRFLOW_CTX_DAG_RUN_ID='manual__2024-03-26T19:09:11.569740+00:00'
[2024-03-26T19:16:12.341+0000] {sql.py:276} INFO - Executing: TRUNCATE TABLE MRR_Dim_Customers;
TRUNCATE TABLE MRR_Dim_Employees;
TRUNCATE TABLE MRR_Dim_Products;
TRUNCATE TABLE MRR_Fact_Details;
TRUNCATE TABLE MRR_Fact_Orders;
TRUNCATE TABLE STG_Dim_Customers;
TRUNCATE TABLE STG_Dim_Dates;
TRUNCATE TABLE STG_Dim_Employees;
TRUNCATE TABLE STG_Dim_Products;
TRUNCATE TABLE STG_Dim_Time;
TRUNCATE TABLE STG_Fact_Orders;
TRUNCATE TABLE STG_Fact_Details;
[2024-03-26T19:16:12.361+0000] {base.py:83} INFO - Using connection ID 'postgres_localhost' for task execution.
[2024-03-26T19:16:12.377+0000] {base.py:83} INFO - Using connection ID 'postgres_localhost' for task execution.
[2024-03-26T19:16:12.405+0000] {sql.py:457} INFO - Running statement: TRUNCATE TABLE MRR_Dim_Customers;
TRUNCATE TABLE MRR_Dim_Employees;
TRUNCATE TABLE MRR_Dim_Products;
TRUNCATE TABLE MRR_Fact_Details;
TRUNCATE TABLE MRR_Fact_Orders;
TRUNCATE TABLE STG_Dim_Customers;
TRUNCATE TABLE STG_Dim_Dates;
TRUNCATE TABLE STG_Dim_Employees;
TRUNCATE TABLE STG_Dim_Products;
TRUNCATE TABLE STG_Dim_Time;
TRUNCATE TABLE STG_Fact_Orders;
TRUNCATE TABLE STG_Fact_Details;, parameters: None
[2024-03-26T19:16:12.448+0000] {warnings.py:109} WARNING - /home/***/.local/lib/python3.8/site-packages/***/providers/common/sql/hooks/sql.py:407: AirflowProviderDeprecationWarning: Call to deprecated method _make_common_data_structure. (The `_make_serializable` method is deprecated and support will be removed in a future version of the common.sql provider. Please update the DbApiHook's provider to a version based on common.sql >= 1.9.1.)
  result = self._make_common_data_structure(handler(cur))

[2024-03-26T19:16:12.483+0000] {taskinstance.py:1149} INFO - Marking task as SUCCESS. dag_id=ETL_Flow, task_id=truncate_mrr_stg, execution_date=20240326T190911, start_date=20240326T191611, end_date=20240326T191612
[2024-03-26T19:16:12.555+0000] {local_task_job_runner.py:234} INFO - Task exited with return code 0
[2024-03-26T19:16:12.581+0000] {warnings.py:109} WARNING - /home/***/.local/lib/python3.8/site-packages/***/models/baseoperator.py:1201: AirflowProviderDeprecationWarning: Call to deprecated class PostgresOperator. (Please use `***.providers.common.sql.operators.sql.SQLExecuteQueryOperator`.Also, you can provide `hook_params={'schema': <database>}`.)
  result = cls.__new__(cls)

[2024-03-26T19:16:12.651+0000] {taskinstance.py:3309} INFO - 1 downstream tasks scheduled from follow-on schedule check
