[2024-04-28T15:12:16.386+0000] {taskinstance.py:1979} INFO - Dependencies all met for dep_context=non-requeueable deps ti=<TaskInstance: ETL_Flow.insert_data_from_files scheduled__2024-04-26T21:11:00+00:00 [queued]>
[2024-04-28T15:12:16.416+0000] {taskinstance.py:1979} INFO - Dependencies all met for dep_context=requeueable deps ti=<TaskInstance: ETL_Flow.insert_data_from_files scheduled__2024-04-26T21:11:00+00:00 [queued]>
[2024-04-28T15:12:16.418+0000] {taskinstance.py:2193} INFO - Starting attempt 12 of 17
[2024-04-28T15:12:16.458+0000] {taskinstance.py:2214} INFO - Executing <Task(PythonOperator): insert_data_from_files> on 2024-04-26 21:11:00+00:00
[2024-04-28T15:12:16.468+0000] {standard_task_runner.py:60} INFO - Started process 3655 to run task
[2024-04-28T15:12:16.475+0000] {standard_task_runner.py:87} INFO - Running: ['***', 'tasks', 'run', 'ETL_Flow', 'insert_data_from_files', 'scheduled__2024-04-26T21:11:00+00:00', '--job-id', '3015', '--raw', '--subdir', 'DAGS_FOLDER/ETL.py', '--cfg-path', '/tmp/tmpqvjydh_t']
[2024-04-28T15:12:16.482+0000] {standard_task_runner.py:88} INFO - Job 3015: Subtask insert_data_from_files
[2024-04-28T15:12:16.578+0000] {task_command.py:423} INFO - Running <TaskInstance: ETL_Flow.insert_data_from_files scheduled__2024-04-26T21:11:00+00:00 [running]> on host d838c4eb4dcc
[2024-04-28T15:12:17.048+0000] {taskinstance.py:2510} INFO - Exporting env vars: AIRFLOW_CTX_DAG_OWNER='coder2j' AIRFLOW_CTX_DAG_ID='ETL_Flow' AIRFLOW_CTX_TASK_ID='insert_data_from_files' AIRFLOW_CTX_EXECUTION_DATE='2024-04-26T21:11:00+00:00' AIRFLOW_CTX_TRY_NUMBER='12' AIRFLOW_CTX_DAG_RUN_ID='scheduled__2024-04-26T21:11:00+00:00'
[2024-04-28T15:12:17.528+0000] {base.py:83} INFO - Using connection ID 'postgres_localhost' for task execution.
[2024-04-28T15:12:17.693+0000] {sql.py:572} INFO - Done loading. Loaded a total of 50 rows into MRR_Dim_Customers
[2024-04-28T15:12:17.869+0000] {base.py:83} INFO - Using connection ID 'postgres_localhost' for task execution.
[2024-04-28T15:12:18.874+0000] {sql.py:572} INFO - Done loading. Loaded a total of 312 rows into MRR_Fact_Events
[2024-04-28T15:12:18.955+0000] {base.py:83} INFO - Using connection ID 'postgres_localhost' for task execution.
[2024-04-28T15:12:19.221+0000] {sql.py:572} INFO - Done loading. Loaded a total of 77 rows into MRR_Dim_Products
[2024-04-28T15:12:19.362+0000] {base.py:83} INFO - Using connection ID 'postgres_localhost' for task execution.
[2024-04-28T15:12:19.916+0000] {sql.py:572} INFO - Done loading. Loaded a total of 155 rows into MRR_Fact_Orders
[2024-04-28T15:12:20.054+0000] {base.py:83} INFO - Using connection ID 'postgres_localhost' for task execution.
[2024-04-28T15:12:20.799+0000] {sql.py:572} INFO - Done loading. Loaded a total of 261 rows into MRR_Fact_Details
[2024-04-28T15:12:20.802+0000] {python.py:202} INFO - Done. Returned value was: None
[2024-04-28T15:12:20.823+0000] {taskinstance.py:1149} INFO - Marking task as SUCCESS. dag_id=ETL_Flow, task_id=insert_data_from_files, execution_date=20240426T211100, start_date=20240428T151216, end_date=20240428T151220
[2024-04-28T15:12:20.909+0000] {local_task_job_runner.py:234} INFO - Task exited with return code 0
[2024-04-28T15:12:20.927+0000] {warnings.py:109} WARNING - /home/***/.local/lib/python3.8/site-packages/***/models/baseoperator.py:1201: AirflowProviderDeprecationWarning: Call to deprecated class PostgresOperator. (Please use `***.providers.common.sql.operators.sql.SQLExecuteQueryOperator`.Also, you can provide `hook_params={'schema': <database>}`.)
  result = cls.__new__(cls)

[2024-04-28T15:12:20.960+0000] {taskinstance.py:3309} INFO - 1 downstream tasks scheduled from follow-on schedule check
