[2024-04-28T06:39:47.910+0000] {taskinstance.py:1979} INFO - Dependencies all met for dep_context=non-requeueable deps ti=<TaskInstance: ETL_Flow.insert_data_from_files scheduled__2024-04-26T21:11:00+00:00 [queued]>
[2024-04-28T06:39:47.932+0000] {taskinstance.py:1979} INFO - Dependencies all met for dep_context=requeueable deps ti=<TaskInstance: ETL_Flow.insert_data_from_files scheduled__2024-04-26T21:11:00+00:00 [queued]>
[2024-04-28T06:39:47.934+0000] {taskinstance.py:2193} INFO - Starting attempt 3 of 8
[2024-04-28T06:39:47.969+0000] {taskinstance.py:2214} INFO - Executing <Task(PythonOperator): insert_data_from_files> on 2024-04-26 21:11:00+00:00
[2024-04-28T06:39:47.980+0000] {standard_task_runner.py:60} INFO - Started process 392 to run task
[2024-04-28T06:39:47.988+0000] {standard_task_runner.py:87} INFO - Running: ['***', 'tasks', 'run', 'ETL_Flow', 'insert_data_from_files', 'scheduled__2024-04-26T21:11:00+00:00', '--job-id', '2886', '--raw', '--subdir', 'DAGS_FOLDER/ETL.py', '--cfg-path', '/tmp/tmprztkd769']
[2024-04-28T06:39:47.995+0000] {standard_task_runner.py:88} INFO - Job 2886: Subtask insert_data_from_files
[2024-04-28T06:39:48.114+0000] {task_command.py:423} INFO - Running <TaskInstance: ETL_Flow.insert_data_from_files scheduled__2024-04-26T21:11:00+00:00 [running]> on host d838c4eb4dcc
[2024-04-28T06:39:48.551+0000] {taskinstance.py:2510} INFO - Exporting env vars: AIRFLOW_CTX_DAG_OWNER='coder2j' AIRFLOW_CTX_DAG_ID='ETL_Flow' AIRFLOW_CTX_TASK_ID='insert_data_from_files' AIRFLOW_CTX_EXECUTION_DATE='2024-04-26T21:11:00+00:00' AIRFLOW_CTX_TRY_NUMBER='3' AIRFLOW_CTX_DAG_RUN_ID='scheduled__2024-04-26T21:11:00+00:00'
[2024-04-28T06:39:49.362+0000] {base.py:83} INFO - Using connection ID 'postgres_localhost' for task execution.
[2024-04-28T06:39:49.649+0000] {sql.py:572} INFO - Done loading. Loaded a total of 50 rows into MRR_Dim_Customers
[2024-04-28T06:39:49.834+0000] {base.py:83} INFO - Using connection ID 'postgres_localhost' for task execution.
[2024-04-28T06:39:51.449+0000] {sql.py:572} INFO - Done loading. Loaded a total of 312 rows into MRR_Fact_Events
[2024-04-28T06:39:51.595+0000] {base.py:83} INFO - Using connection ID 'postgres_localhost' for task execution.
[2024-04-28T06:39:51.958+0000] {sql.py:572} INFO - Done loading. Loaded a total of 77 rows into MRR_Dim_Products
[2024-04-28T06:39:52.122+0000] {base.py:83} INFO - Using connection ID 'postgres_localhost' for task execution.
[2024-04-28T06:39:52.906+0000] {sql.py:572} INFO - Done loading. Loaded a total of 155 rows into MRR_Fact_Orders
[2024-04-28T06:39:53.023+0000] {base.py:83} INFO - Using connection ID 'postgres_localhost' for task execution.
[2024-04-28T06:39:54.212+0000] {sql.py:572} INFO - Done loading. Loaded a total of 261 rows into MRR_Fact_Details
[2024-04-28T06:39:54.215+0000] {python.py:202} INFO - Done. Returned value was: None
[2024-04-28T06:39:54.243+0000] {taskinstance.py:1149} INFO - Marking task as SUCCESS. dag_id=ETL_Flow, task_id=insert_data_from_files, execution_date=20240426T211100, start_date=20240428T063947, end_date=20240428T063954
[2024-04-28T06:39:54.339+0000] {local_task_job_runner.py:234} INFO - Task exited with return code 0
[2024-04-28T06:39:54.368+0000] {warnings.py:109} WARNING - /home/***/.local/lib/python3.8/site-packages/***/models/baseoperator.py:1201: AirflowProviderDeprecationWarning: Call to deprecated class PostgresOperator. (Please use `***.providers.common.sql.operators.sql.SQLExecuteQueryOperator`.Also, you can provide `hook_params={'schema': <database>}`.)
  result = cls.__new__(cls)

[2024-04-28T06:39:54.441+0000] {taskinstance.py:3309} INFO - 1 downstream tasks scheduled from follow-on schedule check
