[2024-04-28T07:32:43.518+0000] {taskinstance.py:1979} INFO - Dependencies all met for dep_context=non-requeueable deps ti=<TaskInstance: ETL_Flow.insert_data_from_files scheduled__2024-04-26T21:11:00+00:00 [queued]>
[2024-04-28T07:32:43.532+0000] {taskinstance.py:1979} INFO - Dependencies all met for dep_context=requeueable deps ti=<TaskInstance: ETL_Flow.insert_data_from_files scheduled__2024-04-26T21:11:00+00:00 [queued]>
[2024-04-28T07:32:43.533+0000] {taskinstance.py:2193} INFO - Starting attempt 8 of 13
[2024-04-28T07:32:43.553+0000] {taskinstance.py:2214} INFO - Executing <Task(PythonOperator): insert_data_from_files> on 2024-04-26 21:11:00+00:00
[2024-04-28T07:32:43.560+0000] {standard_task_runner.py:60} INFO - Started process 1275 to run task
[2024-04-28T07:32:43.564+0000] {standard_task_runner.py:87} INFO - Running: ['***', 'tasks', 'run', 'ETL_Flow', 'insert_data_from_files', 'scheduled__2024-04-26T21:11:00+00:00', '--job-id', '2954', '--raw', '--subdir', 'DAGS_FOLDER/ETL.py', '--cfg-path', '/tmp/tmp3729m7iz']
[2024-04-28T07:32:43.568+0000] {standard_task_runner.py:88} INFO - Job 2954: Subtask insert_data_from_files
[2024-04-28T07:32:43.639+0000] {task_command.py:423} INFO - Running <TaskInstance: ETL_Flow.insert_data_from_files scheduled__2024-04-26T21:11:00+00:00 [running]> on host d838c4eb4dcc
[2024-04-28T07:32:43.959+0000] {taskinstance.py:2510} INFO - Exporting env vars: AIRFLOW_CTX_DAG_OWNER='coder2j' AIRFLOW_CTX_DAG_ID='ETL_Flow' AIRFLOW_CTX_TASK_ID='insert_data_from_files' AIRFLOW_CTX_EXECUTION_DATE='2024-04-26T21:11:00+00:00' AIRFLOW_CTX_TRY_NUMBER='8' AIRFLOW_CTX_DAG_RUN_ID='scheduled__2024-04-26T21:11:00+00:00'
[2024-04-28T07:32:44.465+0000] {base.py:83} INFO - Using connection ID 'postgres_localhost' for task execution.
[2024-04-28T07:32:44.632+0000] {sql.py:572} INFO - Done loading. Loaded a total of 50 rows into MRR_Dim_Customers
[2024-04-28T07:32:44.754+0000] {base.py:83} INFO - Using connection ID 'postgres_localhost' for task execution.
[2024-04-28T07:32:45.487+0000] {sql.py:572} INFO - Done loading. Loaded a total of 312 rows into MRR_Fact_Events
[2024-04-28T07:32:45.542+0000] {base.py:83} INFO - Using connection ID 'postgres_localhost' for task execution.
[2024-04-28T07:32:45.792+0000] {sql.py:572} INFO - Done loading. Loaded a total of 77 rows into MRR_Dim_Products
[2024-04-28T07:32:45.899+0000] {base.py:83} INFO - Using connection ID 'postgres_localhost' for task execution.
[2024-04-28T07:32:46.283+0000] {sql.py:572} INFO - Done loading. Loaded a total of 155 rows into MRR_Fact_Orders
[2024-04-28T07:32:46.348+0000] {base.py:83} INFO - Using connection ID 'postgres_localhost' for task execution.
[2024-04-28T07:32:47.182+0000] {sql.py:572} INFO - Done loading. Loaded a total of 261 rows into MRR_Fact_Details
[2024-04-28T07:32:47.185+0000] {python.py:202} INFO - Done. Returned value was: None
[2024-04-28T07:32:47.204+0000] {taskinstance.py:1149} INFO - Marking task as SUCCESS. dag_id=ETL_Flow, task_id=insert_data_from_files, execution_date=20240426T211100, start_date=20240428T073243, end_date=20240428T073247
[2024-04-28T07:32:47.273+0000] {local_task_job_runner.py:234} INFO - Task exited with return code 0
[2024-04-28T07:32:47.304+0000] {warnings.py:109} WARNING - /home/***/.local/lib/python3.8/site-packages/***/models/baseoperator.py:1201: AirflowProviderDeprecationWarning: Call to deprecated class PostgresOperator. (Please use `***.providers.common.sql.operators.sql.SQLExecuteQueryOperator`.Also, you can provide `hook_params={'schema': <database>}`.)
  result = cls.__new__(cls)

[2024-04-28T07:32:47.355+0000] {taskinstance.py:3309} INFO - 1 downstream tasks scheduled from follow-on schedule check
