[2024-03-26T18:58:50.453+0000] {taskinstance.py:1979} INFO - Dependencies all met for dep_context=non-requeueable deps ti=<TaskInstance: ETL_Flow.insert_data_from_files scheduled__2024-03-21T21:11:00+00:00 [queued]>
[2024-03-26T18:58:50.508+0000] {taskinstance.py:1979} INFO - Dependencies all met for dep_context=requeueable deps ti=<TaskInstance: ETL_Flow.insert_data_from_files scheduled__2024-03-21T21:11:00+00:00 [queued]>
[2024-03-26T18:58:50.521+0000] {taskinstance.py:2193} INFO - Starting attempt 1 of 6
[2024-03-26T18:58:50.587+0000] {taskinstance.py:2214} INFO - Executing <Task(PythonOperator): insert_data_from_files> on 2024-03-21 21:11:00+00:00
[2024-03-26T18:58:50.607+0000] {standard_task_runner.py:60} INFO - Started process 115 to run task
[2024-03-26T18:58:50.617+0000] {standard_task_runner.py:87} INFO - Running: ['***', 'tasks', 'run', 'ETL_Flow', 'insert_data_from_files', 'scheduled__2024-03-21T21:11:00+00:00', '--job-id', '2227', '--raw', '--subdir', 'DAGS_FOLDER/ETL.py', '--cfg-path', '/tmp/tmpf9abhcem']
[2024-03-26T18:58:50.628+0000] {standard_task_runner.py:88} INFO - Job 2227: Subtask insert_data_from_files
[2024-03-26T18:58:50.850+0000] {task_command.py:423} INFO - Running <TaskInstance: ETL_Flow.insert_data_from_files scheduled__2024-03-21T21:11:00+00:00 [running]> on host cb216a3a40e5
[2024-03-26T18:58:51.882+0000] {taskinstance.py:2510} INFO - Exporting env vars: AIRFLOW_CTX_DAG_OWNER='coder2j' AIRFLOW_CTX_DAG_ID='ETL_Flow' AIRFLOW_CTX_TASK_ID='insert_data_from_files' AIRFLOW_CTX_EXECUTION_DATE='2024-03-21T21:11:00+00:00' AIRFLOW_CTX_TRY_NUMBER='1' AIRFLOW_CTX_DAG_RUN_ID='scheduled__2024-03-21T21:11:00+00:00'
[2024-03-26T18:58:52.708+0000] {base.py:83} INFO - Using connection ID 'postgres_localhost' for task execution.
[2024-03-26T18:58:53.187+0000] {sql.py:572} INFO - Done loading. Loaded a total of 92 rows into MRR_Dim_Customers
[2024-03-26T18:58:53.328+0000] {base.py:83} INFO - Using connection ID 'postgres_localhost' for task execution.
[2024-03-26T18:58:53.587+0000] {sql.py:572} INFO - Done loading. Loaded a total of 47 rows into MRR_Dim_Employees
[2024-03-26T18:58:53.713+0000] {base.py:83} INFO - Using connection ID 'postgres_localhost' for task execution.
[2024-03-26T18:58:54.206+0000] {sql.py:572} INFO - Done loading. Loaded a total of 77 rows into MRR_Dim_Products
[2024-03-26T18:58:54.809+0000] {base.py:83} INFO - Using connection ID 'postgres_localhost' for task execution.
[2024-03-26T18:58:58.126+0000] {sql.py:572} INFO - Done loading. Loaded a total of 836 rows into MRR_Fact_Orders
[2024-03-26T18:58:58.882+0000] {base.py:83} INFO - Using connection ID 'postgres_localhost' for task execution.
[2024-03-26T18:59:02.923+0000] {sql.py:568} INFO - Loaded 1000 rows into MRR_Fact_Details so far
[2024-03-26T18:59:06.628+0000] {sql.py:568} INFO - Loaded 2000 rows into MRR_Fact_Details so far
[2024-03-26T18:59:07.249+0000] {sql.py:572} INFO - Done loading. Loaded a total of 2172 rows into MRR_Fact_Details
[2024-03-26T18:59:07.251+0000] {python.py:202} INFO - Done. Returned value was: None
[2024-03-26T18:59:07.274+0000] {taskinstance.py:1149} INFO - Marking task as SUCCESS. dag_id=ETL_Flow, task_id=insert_data_from_files, execution_date=20240321T211100, start_date=20240326T185850, end_date=20240326T185907
[2024-03-26T18:59:07.338+0000] {local_task_job_runner.py:234} INFO - Task exited with return code 0
[2024-03-26T18:59:07.449+0000] {warnings.py:109} WARNING - /home/***/.local/lib/python3.8/site-packages/***/models/baseoperator.py:1201: AirflowProviderDeprecationWarning: Call to deprecated class PostgresOperator. (Please use `***.providers.common.sql.operators.sql.SQLExecuteQueryOperator`.Also, you can provide `hook_params={'schema': <database>}`.)
  result = cls.__new__(cls)

[2024-03-26T18:59:07.524+0000] {taskinstance.py:3309} INFO - 0 downstream tasks scheduled from follow-on schedule check
