[2024-03-12T17:32:23.664+0000] {taskinstance.py:1979} INFO - Dependencies all met for dep_context=non-requeueable deps ti=<TaskInstance: ETL_Flow.truncate_mrr_stg scheduled__2024-03-05T06:00:00+00:00 [queued]>
[2024-03-12T17:32:23.706+0000] {taskinstance.py:1979} INFO - Dependencies all met for dep_context=requeueable deps ti=<TaskInstance: ETL_Flow.truncate_mrr_stg scheduled__2024-03-05T06:00:00+00:00 [queued]>
[2024-03-12T17:32:23.709+0000] {taskinstance.py:2193} INFO - Starting attempt 2 of 6
[2024-03-12T17:32:23.805+0000] {taskinstance.py:2214} INFO - Executing <Task(PostgresOperator): truncate_mrr_stg> on 2024-03-05 06:00:00+00:00
[2024-03-12T17:32:23.827+0000] {standard_task_runner.py:60} INFO - Started process 167 to run task
[2024-03-12T17:32:23.849+0000] {standard_task_runner.py:87} INFO - Running: ['***', 'tasks', 'run', 'ETL_Flow', 'truncate_mrr_stg', 'scheduled__2024-03-05T06:00:00+00:00', '--job-id', '408', '--raw', '--subdir', 'DAGS_FOLDER/etl2.py', '--cfg-path', '/tmp/tmp2qvzxmrc']
[2024-03-12T17:32:23.854+0000] {standard_task_runner.py:88} INFO - Job 408: Subtask truncate_mrr_stg
[2024-03-12T17:32:24.610+0000] {task_command.py:423} INFO - Running <TaskInstance: ETL_Flow.truncate_mrr_stg scheduled__2024-03-05T06:00:00+00:00 [running]> on host e2878ba2ad26
[2024-03-12T17:32:25.326+0000] {taskinstance.py:2510} INFO - Exporting env vars: AIRFLOW_CTX_DAG_OWNER='coder2j' AIRFLOW_CTX_DAG_ID='ETL_Flow' AIRFLOW_CTX_TASK_ID='truncate_mrr_stg' AIRFLOW_CTX_EXECUTION_DATE='2024-03-05T06:00:00+00:00' AIRFLOW_CTX_TRY_NUMBER='2' AIRFLOW_CTX_DAG_RUN_ID='scheduled__2024-03-05T06:00:00+00:00'
[2024-03-12T17:32:25.343+0000] {sql.py:276} INFO - Executing: TRUNCATE TABLE MRR_Dim_Customers;
TRUNCATE TABLE MRR_Dim_Employees;
TRUNCATE TABLE MRR_Dim_Products;
TRUNCATE TABLE MRR_Fact_Details;
TRUNCATE TABLE MRR_Fact_Orders;
TRUNCATE TABLE STG_Dim_Customers;
TRUNCATE TABLE STG_Dim_Dates;
TRUNCATE TABLE STG_Dim_Employees;
TRUNCATE TABLE STG_Dim_Products;
TRUNCATE TABLE STG_Dim_Time;
TRUNCATE TABLE STG_Fact_Product_In_Order;
TRUNCATE TABLE STG_Fact_Product_In_Order;
TRUNCATE TABLE STG_Snapshot_Customers_Transactions;
[2024-03-12T17:32:25.445+0000] {base.py:83} INFO - Using connection ID 'postgres_localhost' for task execution.
[2024-03-12T17:32:25.533+0000] {base.py:83} INFO - Using connection ID 'postgres_localhost' for task execution.
[2024-03-12T17:32:25.621+0000] {sql.py:457} INFO - Running statement: TRUNCATE TABLE MRR_Dim_Customers;
TRUNCATE TABLE MRR_Dim_Employees;
TRUNCATE TABLE MRR_Dim_Products;
TRUNCATE TABLE MRR_Fact_Details;
TRUNCATE TABLE MRR_Fact_Orders;
TRUNCATE TABLE STG_Dim_Customers;
TRUNCATE TABLE STG_Dim_Dates;
TRUNCATE TABLE STG_Dim_Employees;
TRUNCATE TABLE STG_Dim_Products;
TRUNCATE TABLE STG_Dim_Time;
TRUNCATE TABLE STG_Fact_Product_In_Order;
TRUNCATE TABLE STG_Fact_Product_In_Order;
TRUNCATE TABLE STG_Snapshot_Customers_Transactions;, parameters: None
[2024-03-12T17:32:25.673+0000] {taskinstance.py:2728} ERROR - Task failed with exception
Traceback (most recent call last):
  File "/home/airflow/.local/lib/python3.8/site-packages/airflow/models/taskinstance.py", line 444, in _execute_task
    result = _execute_callable(context=context, **execute_callable_kwargs)
  File "/home/airflow/.local/lib/python3.8/site-packages/airflow/models/taskinstance.py", line 414, in _execute_callable
    return execute_callable(context=context, **execute_callable_kwargs)
  File "/home/airflow/.local/lib/python3.8/site-packages/airflow/providers/common/sql/operators/sql.py", line 282, in execute
    output = hook.run(
  File "/home/airflow/.local/lib/python3.8/site-packages/airflow/providers/common/sql/hooks/sql.py", line 404, in run
    self._run_command(cur, sql_statement, parameters)
  File "/home/airflow/.local/lib/python3.8/site-packages/airflow/providers/common/sql/hooks/sql.py", line 462, in _run_command
    cur.execute(sql_statement)
psycopg2.errors.UndefinedTable: relation "mrr_dim_customers" does not exist

[2024-03-12T17:32:25.758+0000] {taskinstance.py:1149} INFO - Marking task as UP_FOR_RETRY. dag_id=ETL_Flow, task_id=truncate_mrr_stg, execution_date=20240305T060000, start_date=20240312T173223, end_date=20240312T173225
[2024-03-12T17:32:25.860+0000] {standard_task_runner.py:107} ERROR - Failed to execute job 408 for task truncate_mrr_stg (relation "mrr_dim_customers" does not exist
; 167)
[2024-03-12T17:32:25.901+0000] {local_task_job_runner.py:234} INFO - Task exited with return code 1
[2024-03-12T17:32:26.804+0000] {taskinstance.py:3309} INFO - 0 downstream tasks scheduled from follow-on schedule check
