[2024-03-16T09:53:17.449+0000] {taskinstance.py:1979} INFO - Dependencies all met for dep_context=non-requeueable deps ti=<TaskInstance: ETL_Flow.fact_mrr2stg scheduled__2024-03-15T06:00:00+00:00 [queued]>
[2024-03-16T09:53:17.479+0000] {taskinstance.py:1979} INFO - Dependencies all met for dep_context=requeueable deps ti=<TaskInstance: ETL_Flow.fact_mrr2stg scheduled__2024-03-15T06:00:00+00:00 [queued]>
[2024-03-16T09:53:17.480+0000] {taskinstance.py:2193} INFO - Starting attempt 2 of 7
[2024-03-16T09:53:17.506+0000] {taskinstance.py:2214} INFO - Executing <Task(PostgresOperator): fact_mrr2stg> on 2024-03-15 06:00:00+00:00
[2024-03-16T09:53:17.515+0000] {standard_task_runner.py:60} INFO - Started process 1103 to run task
[2024-03-16T09:53:17.522+0000] {standard_task_runner.py:87} INFO - Running: ['***', 'tasks', 'run', 'ETL_Flow', 'fact_mrr2stg', 'scheduled__2024-03-15T06:00:00+00:00', '--job-id', '1723', '--raw', '--subdir', 'DAGS_FOLDER/etl2.py', '--cfg-path', '/tmp/tmpdobzo2wy']
[2024-03-16T09:53:17.527+0000] {standard_task_runner.py:88} INFO - Job 1723: Subtask fact_mrr2stg
[2024-03-16T09:53:17.603+0000] {task_command.py:423} INFO - Running <TaskInstance: ETL_Flow.fact_mrr2stg scheduled__2024-03-15T06:00:00+00:00 [running]> on host 3f630fdac388
[2024-03-16T09:53:18.059+0000] {taskinstance.py:2510} INFO - Exporting env vars: AIRFLOW_CTX_DAG_OWNER='coder2j' AIRFLOW_CTX_DAG_ID='ETL_Flow' AIRFLOW_CTX_TASK_ID='fact_mrr2stg' AIRFLOW_CTX_EXECUTION_DATE='2024-03-15T06:00:00+00:00' AIRFLOW_CTX_TRY_NUMBER='2' AIRFLOW_CTX_DAG_RUN_ID='scheduled__2024-03-15T06:00:00+00:00'
[2024-03-16T09:53:18.064+0000] {sql.py:276} INFO - Executing: 
insert into STG_Fact_Orders (Order_ID,Order_Time,Customer_ID,Employee_ID,Shipper_ID)
select 
case when Order_ID similar to '[0-9]+' then cast(Order_ID as int) else 0 end,
case
    -- YYYY-MM-DD HH24:MI:SS
    when Order_Time ~ '^\d{4}-\d{2}-\d{2} \d{2}:\d{2}:\d{2}$' then to_timestamp(Order_Time, 'YYYY-MM-DD HH24:MI:SS')
    -- DD-MM-YYYY HH24:MI:SS
    when Order_Time ~ '^\d{2}-\d{2}-\d{4} \d{2}:\d{2}:\d{2}$' then to_timestamp(Order_Time, 'DD-MM-YYYY HH24:MI:SS')
    -- MM-DD-YYYY HH24:MI:SS
    when Order_Time ~ '^\d{2}-\d{2}-\d{4} \d{2}:\d{2}:\d{2}$' then to_timestamp(Order_Time, 'MM-DD-YYYY HH24:MI:SS')
    -- YYYY/MM/DD HH24:MI:SS
    when Order_Time ~ '^\d{4}/\d{2}/\d{2} \d{2}:\d{2}:\d{2}$' then to_timestamp(Order_Time, 'YYYY/MM/DD HH24:MI:SS')
    -- DD/MM/YYYY HH24:MI:SS
    when Order_Time ~ '^\d{2}/\d{2}/\d{4} \d{2}:\d{2}:\d{2}$' then to_timestamp(Order_Time, 'DD/MM/YYYY HH24:MI:SS')
    -- MM/DD/YYYY HH24:MI:SS
    when Order_Time ~ '^\d{2}/\d{2}/\d{4} \d{2}:\d{2}:\d{2}$' then to_timestamp(Order_Time, 'MM/DD/YYYY HH24:MI:SS')
    -- YYYY.MM.DD HH24:MI:SS
    when Order_Time ~ '^\d{4}\.\d{2}\.\d{2} \d{2}:\d{2}:\d{2}$' then to_timestamp(Order_Time, 'YYYY.MM.DD HH24:MI:SS')
    -- DD.MM.YYYY HH24:MI:SS
    when Order_Time ~ '^\d{2}\.\d{2}\.\d{4} \d{2}:\d{2}:\d{2}$' then to_timestamp(Order_Time, 'DD.MM.YYYY HH24:MI:SS')
    -- MM.DD.YYYY HH24:MI:SS
    when Order_Time ~ '^\d{2}\.\d{2}\.\d{4} \d{2}:\d{2}:\d{2}$' then to_timestamp(Order_Time, 'MM.DD.YYYY HH24:MI:SS')
    else null end,
case when Customer_ID similar to '[0-9]+' then cast(Customer_ID as int) else 0 end,
case when Employee_ID similar to '[0-9]+' then cast(Employee_ID as int) else 0 end,
case when Shipper_ID similar to '[0-9]+' then cast(Shipper_ID as int) else 0 end
from MRR_Fact_Orders;


insert into STG_Fact_Details (Order_ID,Product_ID,Quantity)
select 
case when Order_ID similar to '[0-9]+' then cast(Order_ID as int) else 0 end,
case when Product_ID similar to '[0-9]+' then cast(Product_ID as int) else 0 end,
case when Quantity similar to '[0-9]+' and cast(Quantity as int) >0 then cast(Quantity as int) else null end
from MRR_Fact_Details;
[2024-03-16T09:53:18.083+0000] {base.py:83} INFO - Using connection ID 'postgres_localhost' for task execution.
[2024-03-16T09:53:18.097+0000] {base.py:83} INFO - Using connection ID 'postgres_localhost' for task execution.
[2024-03-16T09:53:18.122+0000] {sql.py:457} INFO - Running statement: 
insert into STG_Fact_Orders (Order_ID,Order_Time,Customer_ID,Employee_ID,Shipper_ID)
select 
case when Order_ID similar to '[0-9]+' then cast(Order_ID as int) else 0 end,
case
    -- YYYY-MM-DD HH24:MI:SS
    when Order_Time ~ '^\d{4}-\d{2}-\d{2} \d{2}:\d{2}:\d{2}$' then to_timestamp(Order_Time, 'YYYY-MM-DD HH24:MI:SS')
    -- DD-MM-YYYY HH24:MI:SS
    when Order_Time ~ '^\d{2}-\d{2}-\d{4} \d{2}:\d{2}:\d{2}$' then to_timestamp(Order_Time, 'DD-MM-YYYY HH24:MI:SS')
    -- MM-DD-YYYY HH24:MI:SS
    when Order_Time ~ '^\d{2}-\d{2}-\d{4} \d{2}:\d{2}:\d{2}$' then to_timestamp(Order_Time, 'MM-DD-YYYY HH24:MI:SS')
    -- YYYY/MM/DD HH24:MI:SS
    when Order_Time ~ '^\d{4}/\d{2}/\d{2} \d{2}:\d{2}:\d{2}$' then to_timestamp(Order_Time, 'YYYY/MM/DD HH24:MI:SS')
    -- DD/MM/YYYY HH24:MI:SS
    when Order_Time ~ '^\d{2}/\d{2}/\d{4} \d{2}:\d{2}:\d{2}$' then to_timestamp(Order_Time, 'DD/MM/YYYY HH24:MI:SS')
    -- MM/DD/YYYY HH24:MI:SS
    when Order_Time ~ '^\d{2}/\d{2}/\d{4} \d{2}:\d{2}:\d{2}$' then to_timestamp(Order_Time, 'MM/DD/YYYY HH24:MI:SS')
    -- YYYY.MM.DD HH24:MI:SS
    when Order_Time ~ '^\d{4}\.\d{2}\.\d{2} \d{2}:\d{2}:\d{2}$' then to_timestamp(Order_Time, 'YYYY.MM.DD HH24:MI:SS')
    -- DD.MM.YYYY HH24:MI:SS
    when Order_Time ~ '^\d{2}\.\d{2}\.\d{4} \d{2}:\d{2}:\d{2}$' then to_timestamp(Order_Time, 'DD.MM.YYYY HH24:MI:SS')
    -- MM.DD.YYYY HH24:MI:SS
    when Order_Time ~ '^\d{2}\.\d{2}\.\d{4} \d{2}:\d{2}:\d{2}$' then to_timestamp(Order_Time, 'MM.DD.YYYY HH24:MI:SS')
    else null end,
case when Customer_ID similar to '[0-9]+' then cast(Customer_ID as int) else 0 end,
case when Employee_ID similar to '[0-9]+' then cast(Employee_ID as int) else 0 end,
case when Shipper_ID similar to '[0-9]+' then cast(Shipper_ID as int) else 0 end
from MRR_Fact_Orders;


insert into STG_Fact_Details (Order_ID,Product_ID,Quantity)
select 
case when Order_ID similar to '[0-9]+' then cast(Order_ID as int) else 0 end,
case when Product_ID similar to '[0-9]+' then cast(Product_ID as int) else 0 end,
case when Quantity similar to '[0-9]+' and cast(Quantity as int) >0 then cast(Quantity as int) else null end
from MRR_Fact_Details;, parameters: None
[2024-03-16T09:53:18.132+0000] {taskinstance.py:2728} ERROR - Task failed with exception
Traceback (most recent call last):
  File "/home/airflow/.local/lib/python3.8/site-packages/airflow/models/taskinstance.py", line 444, in _execute_task
    result = _execute_callable(context=context, **execute_callable_kwargs)
  File "/home/airflow/.local/lib/python3.8/site-packages/airflow/models/taskinstance.py", line 414, in _execute_callable
    return execute_callable(context=context, **execute_callable_kwargs)
  File "/home/airflow/.local/lib/python3.8/site-packages/airflow/providers/common/sql/operators/sql.py", line 282, in execute
    output = hook.run(
  File "/home/airflow/.local/lib/python3.8/site-packages/airflow/providers/common/sql/hooks/sql.py", line 404, in run
    self._run_command(cur, sql_statement, parameters)
  File "/home/airflow/.local/lib/python3.8/site-packages/airflow/providers/common/sql/hooks/sql.py", line 462, in _run_command
    cur.execute(sql_statement)
psycopg2.errors.DatatypeMismatch: column "order_time" is of type integer but expression is of type timestamp with time zone
LINE 5: case
        ^
HINT:  You will need to rewrite or cast the expression.

[2024-03-16T09:53:18.154+0000] {taskinstance.py:1149} INFO - Marking task as UP_FOR_RETRY. dag_id=ETL_Flow, task_id=fact_mrr2stg, execution_date=20240315T060000, start_date=20240316T095317, end_date=20240316T095318
[2024-03-16T09:53:18.184+0000] {standard_task_runner.py:107} ERROR - Failed to execute job 1723 for task fact_mrr2stg (column "order_time" is of type integer but expression is of type timestamp with time zone
LINE 5: case
        ^
HINT:  You will need to rewrite or cast the expression.
; 1103)
[2024-03-16T09:53:18.217+0000] {local_task_job_runner.py:234} INFO - Task exited with return code 1
[2024-03-16T09:53:18.279+0000] {taskinstance.py:3309} INFO - 0 downstream tasks scheduled from follow-on schedule check
