[2024-03-21T19:10:32.559+0000] {taskinstance.py:1979} INFO - Dependencies all met for dep_context=non-requeueable deps ti=<TaskInstance: ETL_Flow.referential_integrity manual__2024-03-16T06:27:40.650704+00:00 [queued]>
[2024-03-21T19:10:32.574+0000] {taskinstance.py:1979} INFO - Dependencies all met for dep_context=requeueable deps ti=<TaskInstance: ETL_Flow.referential_integrity manual__2024-03-16T06:27:40.650704+00:00 [queued]>
[2024-03-21T19:10:32.575+0000] {taskinstance.py:2193} INFO - Starting attempt 4 of 9
[2024-03-21T19:10:32.593+0000] {taskinstance.py:2214} INFO - Executing <Task(PostgresOperator): referential_integrity> on 2024-03-16 06:27:40.650704+00:00
[2024-03-21T19:10:32.602+0000] {standard_task_runner.py:60} INFO - Started process 742 to run task
[2024-03-21T19:10:32.607+0000] {standard_task_runner.py:87} INFO - Running: ['***', 'tasks', 'run', 'ETL_Flow', 'referential_integrity', 'manual__2024-03-16T06:27:40.650704+00:00', '--job-id', '2174', '--raw', '--subdir', 'DAGS_FOLDER/etl2.py', '--cfg-path', '/tmp/tmp09jxpbj8']
[2024-03-21T19:10:32.610+0000] {standard_task_runner.py:88} INFO - Job 2174: Subtask referential_integrity
[2024-03-21T19:10:32.680+0000] {task_command.py:423} INFO - Running <TaskInstance: ETL_Flow.referential_integrity manual__2024-03-16T06:27:40.650704+00:00 [running]> on host 87d0282d7958
[2024-03-21T19:10:33.094+0000] {taskinstance.py:2510} INFO - Exporting env vars: AIRFLOW_CTX_DAG_OWNER='coder2j' AIRFLOW_CTX_DAG_ID='ETL_Flow' AIRFLOW_CTX_TASK_ID='referential_integrity' AIRFLOW_CTX_EXECUTION_DATE='2024-03-16T06:27:40.650704+00:00' AIRFLOW_CTX_TRY_NUMBER='4' AIRFLOW_CTX_DAG_RUN_ID='manual__2024-03-16T06:27:40.650704+00:00'
[2024-03-21T19:10:33.095+0000] {sql.py:276} INFO - Executing: update STG_Fact_Orders
set Customer_ID=0
where Customer_ID not in (
                            select distinct Customer_ID 
                            from DWH_Dim_Customers
                        );

update STG_Fact_Orders
set Employee_ID=0
where Employee_ID not in (
                            select distinct Employee_ID 
                            from DWH_Dim_Employees
                        );

update STG_Fact_Details
set Product_ID=0
where Product_ID not in (
                            select distinct Product_ID 
                            from DWH_Dim_Products
                        );

[2024-03-21T19:10:33.110+0000] {base.py:83} INFO - Using connection ID 'postgres_localhost' for task execution.
[2024-03-21T19:10:33.124+0000] {base.py:83} INFO - Using connection ID 'postgres_localhost' for task execution.
[2024-03-21T19:10:33.148+0000] {sql.py:457} INFO - Running statement: update STG_Fact_Orders
set Customer_ID=0
where Customer_ID not in (
                            select distinct Customer_ID 
                            from DWH_Dim_Customers
                        );

update STG_Fact_Orders
set Employee_ID=0
where Employee_ID not in (
                            select distinct Employee_ID 
                            from DWH_Dim_Employees
                        );

update STG_Fact_Details
set Product_ID=0
where Product_ID not in (
                            select distinct Product_ID 
                            from DWH_Dim_Products
                        );
, parameters: None
[2024-03-21T19:10:33.160+0000] {sql.py:466} INFO - Rows affected: 172
[2024-03-21T19:10:33.162+0000] {warnings.py:109} WARNING - /home/***/.local/lib/python3.8/site-packages/***/providers/common/sql/hooks/sql.py:407: AirflowProviderDeprecationWarning: Call to deprecated method _make_common_data_structure. (The `_make_serializable` method is deprecated and support will be removed in a future version of the common.sql provider. Please update the DbApiHook's provider to a version based on common.sql >= 1.9.1.)
  result = self._make_common_data_structure(handler(cur))

[2024-03-21T19:10:33.186+0000] {taskinstance.py:1149} INFO - Marking task as SUCCESS. dag_id=ETL_Flow, task_id=referential_integrity, execution_date=20240316T062740, start_date=20240321T191032, end_date=20240321T191033
[2024-03-21T19:10:33.262+0000] {local_task_job_runner.py:234} INFO - Task exited with return code 0
[2024-03-21T19:10:33.299+0000] {warnings.py:109} WARNING - /home/***/.local/lib/python3.8/site-packages/***/models/baseoperator.py:1201: AirflowProviderDeprecationWarning: Call to deprecated class PostgresOperator. (Please use `***.providers.common.sql.operators.sql.SQLExecuteQueryOperator`.Also, you can provide `hook_params={'schema': <database>}`.)
  result = cls.__new__(cls)

[2024-03-21T19:10:33.352+0000] {taskinstance.py:3309} INFO - 1 downstream tasks scheduled from follow-on schedule check
