[2024-05-01T18:50:36.960+0000] {taskinstance.py:1979} INFO - Dependencies all met for dep_context=non-requeueable deps ti=<TaskInstance: ETL_Flow.insert_data_from_files scheduled__2024-04-28T21:11:00+00:00 [queued]>
[2024-05-01T18:50:37.008+0000] {taskinstance.py:1979} INFO - Dependencies all met for dep_context=requeueable deps ti=<TaskInstance: ETL_Flow.insert_data_from_files scheduled__2024-04-28T21:11:00+00:00 [queued]>
[2024-05-01T18:50:37.010+0000] {taskinstance.py:2193} INFO - Starting attempt 1 of 6
[2024-05-01T18:50:37.065+0000] {taskinstance.py:2214} INFO - Executing <Task(PythonOperator): insert_data_from_files> on 2024-04-28 21:11:00+00:00
[2024-05-01T18:50:37.102+0000] {standard_task_runner.py:60} INFO - Started process 120 to run task
[2024-05-01T18:50:37.112+0000] {standard_task_runner.py:87} INFO - Running: ['***', 'tasks', 'run', 'ETL_Flow', 'insert_data_from_files', 'scheduled__2024-04-28T21:11:00+00:00', '--job-id', '3139', '--raw', '--subdir', 'DAGS_FOLDER/ETL.py', '--cfg-path', '/tmp/tmp_ypqjd43']
[2024-05-01T18:50:37.125+0000] {standard_task_runner.py:88} INFO - Job 3139: Subtask insert_data_from_files
[2024-05-01T18:50:37.284+0000] {task_command.py:423} INFO - Running <TaskInstance: ETL_Flow.insert_data_from_files scheduled__2024-04-28T21:11:00+00:00 [running]> on host 9100669c2df2
[2024-05-01T18:50:47.280+0000] {taskinstance.py:2510} INFO - Exporting env vars: AIRFLOW_CTX_DAG_OWNER='coder2j' AIRFLOW_CTX_DAG_ID='ETL_Flow' AIRFLOW_CTX_TASK_ID='insert_data_from_files' AIRFLOW_CTX_EXECUTION_DATE='2024-04-28T21:11:00+00:00' AIRFLOW_CTX_TRY_NUMBER='1' AIRFLOW_CTX_DAG_RUN_ID='scheduled__2024-04-28T21:11:00+00:00'
[2024-05-01T18:50:48.912+0000] {base.py:83} INFO - Using connection ID 'postgres_localhost' for task execution.
[2024-05-01T18:50:49.214+0000] {sql.py:572} INFO - Done loading. Loaded a total of 50 rows into MRR_Dim_Customers
[2024-05-01T18:50:49.524+0000] {base.py:83} INFO - Using connection ID 'postgres_localhost' for task execution.
[2024-05-01T18:50:56.300+0000] {sql.py:572} INFO - Done loading. Loaded a total of 312 rows into MRR_Fact_Events
[2024-05-01T18:50:56.606+0000] {base.py:83} INFO - Using connection ID 'postgres_localhost' for task execution.
[2024-05-01T18:50:57.616+0000] {sql.py:572} INFO - Done loading. Loaded a total of 77 rows into MRR_Dim_Products
[2024-05-01T18:50:58.242+0000] {base.py:83} INFO - Using connection ID 'postgres_localhost' for task execution.
[2024-05-01T18:51:02.567+0000] {sql.py:572} INFO - Done loading. Loaded a total of 155 rows into MRR_Fact_Orders
[2024-05-01T18:51:02.990+0000] {base.py:83} INFO - Using connection ID 'postgres_localhost' for task execution.
[2024-05-01T18:51:04.897+0000] {sql.py:572} INFO - Done loading. Loaded a total of 261 rows into MRR_Fact_Details
[2024-05-01T18:51:04.901+0000] {python.py:202} INFO - Done. Returned value was: None
[2024-05-01T18:51:04.933+0000] {taskinstance.py:1149} INFO - Marking task as SUCCESS. dag_id=ETL_Flow, task_id=insert_data_from_files, execution_date=20240428T211100, start_date=20240501T185036, end_date=20240501T185104
[2024-05-01T18:51:05.088+0000] {local_task_job_runner.py:234} INFO - Task exited with return code 0
[2024-05-01T18:51:05.164+0000] {warnings.py:109} WARNING - /home/***/.local/lib/python3.8/site-packages/***/models/baseoperator.py:1201: AirflowProviderDeprecationWarning: Call to deprecated class PostgresOperator. (Please use `***.providers.common.sql.operators.sql.SQLExecuteQueryOperator`.Also, you can provide `hook_params={'schema': <database>}`.)
  result = cls.__new__(cls)

[2024-05-01T18:51:06.205+0000] {taskinstance.py:3309} INFO - 1 downstream tasks scheduled from follow-on schedule check
