[2024-03-20T16:23:01.452+0000] {taskinstance.py:1979} INFO - Dependencies all met for dep_context=non-requeueable deps ti=<TaskInstance: ETL_Flow.insert_data_from_files manual__2024-03-20T16:22:40.699541+00:00 [queued]>
[2024-03-20T16:23:01.478+0000] {taskinstance.py:1979} INFO - Dependencies all met for dep_context=requeueable deps ti=<TaskInstance: ETL_Flow.insert_data_from_files manual__2024-03-20T16:22:40.699541+00:00 [queued]>
[2024-03-20T16:23:01.480+0000] {taskinstance.py:2193} INFO - Starting attempt 1 of 6
[2024-03-20T16:23:01.524+0000] {taskinstance.py:2214} INFO - Executing <Task(PythonOperator): insert_data_from_files> on 2024-03-20 16:22:40.699541+00:00
[2024-03-20T16:23:01.552+0000] {standard_task_runner.py:60} INFO - Started process 3747 to run task
[2024-03-20T16:23:01.560+0000] {standard_task_runner.py:87} INFO - Running: ['***', 'tasks', 'run', 'ETL_Flow', 'insert_data_from_files', 'manual__2024-03-20T16:22:40.699541+00:00', '--job-id', '2037', '--raw', '--subdir', 'DAGS_FOLDER/etl2.py', '--cfg-path', '/tmp/tmpofilgxkm']
[2024-03-20T16:23:01.567+0000] {standard_task_runner.py:88} INFO - Job 2037: Subtask insert_data_from_files
[2024-03-20T16:23:01.692+0000] {task_command.py:423} INFO - Running <TaskInstance: ETL_Flow.insert_data_from_files manual__2024-03-20T16:22:40.699541+00:00 [running]> on host a1a2ab3031a9
[2024-03-20T16:23:02.481+0000] {taskinstance.py:2510} INFO - Exporting env vars: AIRFLOW_CTX_DAG_OWNER='coder2j' AIRFLOW_CTX_DAG_ID='ETL_Flow' AIRFLOW_CTX_TASK_ID='insert_data_from_files' AIRFLOW_CTX_EXECUTION_DATE='2024-03-20T16:22:40.699541+00:00' AIRFLOW_CTX_TRY_NUMBER='1' AIRFLOW_CTX_DAG_RUN_ID='manual__2024-03-20T16:22:40.699541+00:00'
[2024-03-20T16:23:05.112+0000] {base.py:83} INFO - Using connection ID 'postgres_localhost' for task execution.
[2024-03-20T16:23:05.729+0000] {sql.py:572} INFO - Done loading. Loaded a total of 92 rows into MRR_Dim_Customers
[2024-03-20T16:23:05.892+0000] {base.py:83} INFO - Using connection ID 'postgres_localhost' for task execution.
[2024-03-20T16:23:06.194+0000] {sql.py:572} INFO - Done loading. Loaded a total of 47 rows into MRR_Dim_Employees
[2024-03-20T16:23:06.351+0000] {base.py:83} INFO - Using connection ID 'postgres_localhost' for task execution.
[2024-03-20T16:23:06.841+0000] {sql.py:572} INFO - Done loading. Loaded a total of 77 rows into MRR_Dim_Products
[2024-03-20T16:23:07.208+0000] {base.py:83} INFO - Using connection ID 'postgres_localhost' for task execution.
[2024-03-20T16:23:11.738+0000] {sql.py:572} INFO - Done loading. Loaded a total of 836 rows into MRR_Fact_Orders
[2024-03-20T16:23:12.320+0000] {base.py:83} INFO - Using connection ID 'postgres_localhost' for task execution.
[2024-03-20T16:23:19.282+0000] {sql.py:568} INFO - Loaded 1000 rows into MRR_Fact_Details so far
[2024-03-20T16:23:23.954+0000] {sql.py:568} INFO - Loaded 2000 rows into MRR_Fact_Details so far
[2024-03-20T16:23:24.804+0000] {sql.py:572} INFO - Done loading. Loaded a total of 2172 rows into MRR_Fact_Details
[2024-03-20T16:23:24.807+0000] {python.py:202} INFO - Done. Returned value was: None
[2024-03-20T16:23:24.845+0000] {taskinstance.py:1149} INFO - Marking task as SUCCESS. dag_id=ETL_Flow, task_id=insert_data_from_files, execution_date=20240320T162240, start_date=20240320T162301, end_date=20240320T162324
[2024-03-20T16:23:24.958+0000] {local_task_job_runner.py:234} INFO - Task exited with return code 0
[2024-03-20T16:23:25.056+0000] {taskinstance.py:3309} INFO - 0 downstream tasks scheduled from follow-on schedule check
