[2024-05-03T09:01:33.549+0000] {taskinstance.py:1979} INFO - Dependencies all met for dep_context=non-requeueable deps ti=<TaskInstance: ETL_Flow.dim_stg2dwh scheduled__2024-05-01T21:11:00+00:00 [queued]>
[2024-05-03T09:01:33.571+0000] {taskinstance.py:1979} INFO - Dependencies all met for dep_context=requeueable deps ti=<TaskInstance: ETL_Flow.dim_stg2dwh scheduled__2024-05-01T21:11:00+00:00 [queued]>
[2024-05-03T09:01:33.572+0000] {taskinstance.py:2193} INFO - Starting attempt 4 of 9
[2024-05-03T09:01:33.608+0000] {taskinstance.py:2214} INFO - Executing <Task(PostgresOperator): dim_stg2dwh> on 2024-05-01 21:11:00+00:00
[2024-05-03T09:01:33.620+0000] {standard_task_runner.py:60} INFO - Started process 2817 to run task
[2024-05-03T09:01:33.628+0000] {standard_task_runner.py:87} INFO - Running: ['***', 'tasks', 'run', 'ETL_Flow', 'dim_stg2dwh', 'scheduled__2024-05-01T21:11:00+00:00', '--job-id', '3305', '--raw', '--subdir', 'DAGS_FOLDER/ETL.py', '--cfg-path', '/tmp/tmpzxp_79i6']
[2024-05-03T09:01:33.635+0000] {standard_task_runner.py:88} INFO - Job 3305: Subtask dim_stg2dwh
[2024-05-03T09:01:33.777+0000] {task_command.py:423} INFO - Running <TaskInstance: ETL_Flow.dim_stg2dwh scheduled__2024-05-01T21:11:00+00:00 [running]> on host 518f7ecc027f
[2024-05-03T09:01:34.360+0000] {taskinstance.py:2510} INFO - Exporting env vars: AIRFLOW_CTX_DAG_OWNER='coder2j' AIRFLOW_CTX_DAG_ID='ETL_Flow' AIRFLOW_CTX_TASK_ID='dim_stg2dwh' AIRFLOW_CTX_EXECUTION_DATE='2024-05-01T21:11:00+00:00' AIRFLOW_CTX_TRY_NUMBER='4' AIRFLOW_CTX_DAG_RUN_ID='scheduled__2024-05-01T21:11:00+00:00'
[2024-05-03T09:01:34.362+0000] {sql.py:276} INFO - Executing: insert into DWH_Dim_Dates (Date,Year,Quarter,Month,Day)
select * 
from STG_Dim_Dates 
where date not in (
                    select distinct date 
                    from DWH_Dim_Dates
                  );

insert into DWH_Dim_Time (DateTime,Date,Hour)
select * 
from STG_Dim_Time
where DateTime not in (
                    select distinct DateTime 
                    from DWH_Dim_Time
                  );;

--customers
--insert all the new customers records 
insert into DWH_Dim_Customers (Customer_ID,country,currency,exchange_to_USD,installation_date,media_source)
select Customer_ID,country,currency,exchange_to_USD,installation_date,media_source
from STG_Dim_Customers  
where Customer_ID not in (
                          select distinct Customer_ID
                          from DWH_Dim_Customers
                          );



--update the valid until date of customers who moved to another country/their currency has changed 

update DWH_Dim_Customers
set Valid_Until=current_date
where DW_Customer_ID in (
                            select DW_Customer_ID 
                            from STG_Dim_Customers s inner join DWH_Dim_Customers d on d.Customer_ID = s.Customer_ID
                            where (s.currency <> d.currency or s.Country <> d.Country or s.exchange_to_USD <> d.exchange_to_USD) and d.Valid_Until is null
                          );


--insert records of customers who moved to another country/their currency has changed                            
insert into DWH_Dim_Customers (Customer_ID,country,currency,exchange_to_USD,installation_date,media_source)
select s.Customer_ID,s.country,s.currency,s.exchange_to_USD,s.installation_date,s.media_source
from STG_Dim_Customers s inner join DWH_Dim_Customers d on d.Customer_ID=s.Customer_ID
where s.currency <> d.currency or s.Country <> d.Country or s.exchange_to_USD <> d.exchange_to_USD;

--products

-- insert all the new products records 
insert into DWH_Dim_Products (Product_ID,Product_Name,Supplier,Category,Unit_Price,Unit_Cost)
select Product_ID,Product_Name,Supplier,Category,Unit_Price,Unit_Cost
from STG_Dim_Products s 
where Product_ID not in 
                            (
                              select distinct Product_ID
                              from DWH_Dim_Products       
                            );
-- update the valid until date of products that their price/cost/supplier have changed
update DWH_Dim_Products
set Valid_Until=current_date
where dw_product_id in (
                            select dw_product_id 
                            from STG_Dim_Products s inner join DWH_Dim_Products d on d.Product_ID = s.Product_ID
                            where (s.Unit_Cost <> d.Unit_Cost or s.Unit_Price <> d.Unit_Price or s.Supplier <> d.Supplier) 
                            and d.Valid_Until is null
                          );



-- insert records of products that their price/cost/supplier have changed                             
insert into DWH_Dim_Products (Product_ID,Product_Name,Supplier,Category,Unit_Price,Unit_Cost)
select s.Product_ID,s.Product_Name,s.Supplier,s.Category,s.Unit_Price,s.Unit_Cost
from STG_Dim_Products s inner join DWH_Dim_Products d on d.Product_ID=s.Product_ID
where s.Unit_Cost <> d.Unit_Cost or s.Unit_Price <> d.Unit_Price or s.Supplier <> d.Supplier;

[2024-05-03T09:01:34.381+0000] {base.py:83} INFO - Using connection ID 'postgres_localhost' for task execution.
[2024-05-03T09:01:34.398+0000] {base.py:83} INFO - Using connection ID 'postgres_localhost' for task execution.
[2024-05-03T09:01:34.433+0000] {sql.py:457} INFO - Running statement: insert into DWH_Dim_Dates (Date,Year,Quarter,Month,Day)
select * 
from STG_Dim_Dates 
where date not in (
                    select distinct date 
                    from DWH_Dim_Dates
                  );

insert into DWH_Dim_Time (DateTime,Date,Hour)
select * 
from STG_Dim_Time
where DateTime not in (
                    select distinct DateTime 
                    from DWH_Dim_Time
                  );;

--customers
--insert all the new customers records 
insert into DWH_Dim_Customers (Customer_ID,country,currency,exchange_to_USD,installation_date,media_source)
select Customer_ID,country,currency,exchange_to_USD,installation_date,media_source
from STG_Dim_Customers  
where Customer_ID not in (
                          select distinct Customer_ID
                          from DWH_Dim_Customers
                          );



--update the valid until date of customers who moved to another country/their currency has changed 

update DWH_Dim_Customers
set Valid_Until=current_date
where DW_Customer_ID in (
                            select DW_Customer_ID 
                            from STG_Dim_Customers s inner join DWH_Dim_Customers d on d.Customer_ID = s.Customer_ID
                            where (s.currency <> d.currency or s.Country <> d.Country or s.exchange_to_USD <> d.exchange_to_USD) and d.Valid_Until is null
                          );


--insert records of customers who moved to another country/their currency has changed                            
insert into DWH_Dim_Customers (Customer_ID,country,currency,exchange_to_USD,installation_date,media_source)
select s.Customer_ID,s.country,s.currency,s.exchange_to_USD,s.installation_date,s.media_source
from STG_Dim_Customers s inner join DWH_Dim_Customers d on d.Customer_ID=s.Customer_ID
where s.currency <> d.currency or s.Country <> d.Country or s.exchange_to_USD <> d.exchange_to_USD;

--products

-- insert all the new products records 
insert into DWH_Dim_Products (Product_ID,Product_Name,Supplier,Category,Unit_Price,Unit_Cost)
select Product_ID,Product_Name,Supplier,Category,Unit_Price,Unit_Cost
from STG_Dim_Products s 
where Product_ID not in 
                            (
                              select distinct Product_ID
                              from DWH_Dim_Products       
                            );
-- update the valid until date of products that their price/cost/supplier have changed
update DWH_Dim_Products
set Valid_Until=current_date
where dw_product_id in (
                            select dw_product_id 
                            from STG_Dim_Products s inner join DWH_Dim_Products d on d.Product_ID = s.Product_ID
                            where (s.Unit_Cost <> d.Unit_Cost or s.Unit_Price <> d.Unit_Price or s.Supplier <> d.Supplier) 
                            and d.Valid_Until is null
                          );



-- insert records of products that their price/cost/supplier have changed                             
insert into DWH_Dim_Products (Product_ID,Product_Name,Supplier,Category,Unit_Price,Unit_Cost)
select s.Product_ID,s.Product_Name,s.Supplier,s.Category,s.Unit_Price,s.Unit_Cost
from STG_Dim_Products s inner join DWH_Dim_Products d on d.Product_ID=s.Product_ID
where s.Unit_Cost <> d.Unit_Cost or s.Unit_Price <> d.Unit_Price or s.Supplier <> d.Supplier;
, parameters: None
[2024-05-03T09:01:34.454+0000] {taskinstance.py:2728} ERROR - Task failed with exception
Traceback (most recent call last):
  File "/home/airflow/.local/lib/python3.8/site-packages/airflow/models/taskinstance.py", line 444, in _execute_task
    result = _execute_callable(context=context, **execute_callable_kwargs)
  File "/home/airflow/.local/lib/python3.8/site-packages/airflow/models/taskinstance.py", line 414, in _execute_callable
    return execute_callable(context=context, **execute_callable_kwargs)
  File "/home/airflow/.local/lib/python3.8/site-packages/airflow/providers/common/sql/operators/sql.py", line 282, in execute
    output = hook.run(
  File "/home/airflow/.local/lib/python3.8/site-packages/airflow/providers/common/sql/hooks/sql.py", line 404, in run
    self._run_command(cur, sql_statement, parameters)
  File "/home/airflow/.local/lib/python3.8/site-packages/airflow/providers/common/sql/hooks/sql.py", line 462, in _run_command
    cur.execute(sql_statement)
psycopg2.errors.SyntaxError: INSERT has more expressions than target columns
LINE 10: select * 
                ^

[2024-05-03T09:01:34.493+0000] {taskinstance.py:1149} INFO - Marking task as UP_FOR_RETRY. dag_id=ETL_Flow, task_id=dim_stg2dwh, execution_date=20240501T211100, start_date=20240503T090133, end_date=20240503T090134
[2024-05-03T09:01:34.544+0000] {standard_task_runner.py:107} ERROR - Failed to execute job 3305 for task dim_stg2dwh (INSERT has more expressions than target columns
LINE 10: select * 
                ^
; 2817)
[2024-05-03T09:01:34.607+0000] {local_task_job_runner.py:234} INFO - Task exited with return code 1
[2024-05-03T09:01:34.634+0000] {warnings.py:109} WARNING - /home/***/.local/lib/python3.8/site-packages/***/models/baseoperator.py:1201: AirflowProviderDeprecationWarning: Call to deprecated class PostgresOperator. (Please use `***.providers.common.sql.operators.sql.SQLExecuteQueryOperator`.Also, you can provide `hook_params={'schema': <database>}`.)
  result = cls.__new__(cls)

[2024-05-03T09:01:34.670+0000] {taskinstance.py:3309} INFO - 0 downstream tasks scheduled from follow-on schedule check
