[2024-05-17T11:28:29.245+0000] {processor.py:161} INFO - Started process (PID=2574) to work on /opt/airflow/dags/operationalData/Events.xlsx
[2024-05-17T11:28:29.304+0000] {processor.py:830} INFO - Processing file /opt/airflow/dags/operationalData/Events.xlsx for tasks to queue
[2024-05-17T11:28:29.770+0000] {logging_mixin.py:188} INFO - [2024-05-17T11:28:29.684+0000] {dagbag.py:540} INFO - Filling up the DagBag from /opt/airflow/dags/operationalData/Events.xlsx
[2024-05-17T11:28:35.364+0000] {processor.py:842} WARNING - No viable dags retrieved from /opt/airflow/dags/operationalData/Events.xlsx
[2024-05-17T11:28:36.401+0000] {processor.py:183} INFO - Processing /opt/airflow/dags/operationalData/Events.xlsx took 7.210 seconds
[2024-05-17T11:29:10.121+0000] {processor.py:161} INFO - Started process (PID=2585) to work on /opt/airflow/dags/operationalData/Events.xlsx
[2024-05-17T11:29:10.166+0000] {processor.py:830} INFO - Processing file /opt/airflow/dags/operationalData/Events.xlsx for tasks to queue
[2024-05-17T11:29:10.204+0000] {logging_mixin.py:188} INFO - [2024-05-17T11:29:10.203+0000] {dagbag.py:540} INFO - Filling up the DagBag from /opt/airflow/dags/operationalData/Events.xlsx
[2024-05-17T11:29:10.609+0000] {processor.py:842} WARNING - No viable dags retrieved from /opt/airflow/dags/operationalData/Events.xlsx
[2024-05-17T11:29:10.950+0000] {processor.py:183} INFO - Processing /opt/airflow/dags/operationalData/Events.xlsx took 0.936 seconds
[2024-05-17T11:29:41.968+0000] {processor.py:161} INFO - Started process (PID=2598) to work on /opt/airflow/dags/operationalData/Events.xlsx
[2024-05-17T11:29:41.976+0000] {processor.py:830} INFO - Processing file /opt/airflow/dags/operationalData/Events.xlsx for tasks to queue
[2024-05-17T11:29:42.004+0000] {logging_mixin.py:188} INFO - [2024-05-17T11:29:42.000+0000] {dagbag.py:540} INFO - Filling up the DagBag from /opt/airflow/dags/operationalData/Events.xlsx
[2024-05-17T11:29:42.107+0000] {processor.py:842} WARNING - No viable dags retrieved from /opt/airflow/dags/operationalData/Events.xlsx
[2024-05-17T11:29:42.243+0000] {processor.py:183} INFO - Processing /opt/airflow/dags/operationalData/Events.xlsx took 0.314 seconds
[2024-05-17T11:30:15.986+0000] {processor.py:161} INFO - Started process (PID=2611) to work on /opt/airflow/dags/operationalData/Events.xlsx
[2024-05-17T11:30:16.001+0000] {processor.py:830} INFO - Processing file /opt/airflow/dags/operationalData/Events.xlsx for tasks to queue
[2024-05-17T11:30:16.061+0000] {logging_mixin.py:188} INFO - [2024-05-17T11:30:16.059+0000] {dagbag.py:540} INFO - Filling up the DagBag from /opt/airflow/dags/operationalData/Events.xlsx
[2024-05-17T11:30:16.301+0000] {processor.py:842} WARNING - No viable dags retrieved from /opt/airflow/dags/operationalData/Events.xlsx
[2024-05-17T11:30:16.475+0000] {processor.py:183} INFO - Processing /opt/airflow/dags/operationalData/Events.xlsx took 0.584 seconds
[2024-05-17T11:30:56.450+0000] {processor.py:161} INFO - Started process (PID=2616) to work on /opt/airflow/dags/operationalData/Events.xlsx
[2024-05-17T11:30:56.467+0000] {processor.py:830} INFO - Processing file /opt/airflow/dags/operationalData/Events.xlsx for tasks to queue
[2024-05-17T11:30:56.487+0000] {logging_mixin.py:188} INFO - [2024-05-17T11:30:56.486+0000] {dagbag.py:540} INFO - Filling up the DagBag from /opt/airflow/dags/operationalData/Events.xlsx
[2024-05-17T11:30:56.699+0000] {processor.py:842} WARNING - No viable dags retrieved from /opt/airflow/dags/operationalData/Events.xlsx
[2024-05-17T11:30:56.862+0000] {processor.py:183} INFO - Processing /opt/airflow/dags/operationalData/Events.xlsx took 0.468 seconds
[2024-05-17T11:31:27.170+0000] {processor.py:161} INFO - Started process (PID=2628) to work on /opt/airflow/dags/operationalData/Events.xlsx
[2024-05-17T11:31:27.173+0000] {processor.py:830} INFO - Processing file /opt/airflow/dags/operationalData/Events.xlsx for tasks to queue
[2024-05-17T11:31:27.176+0000] {logging_mixin.py:188} INFO - [2024-05-17T11:31:27.176+0000] {dagbag.py:540} INFO - Filling up the DagBag from /opt/airflow/dags/operationalData/Events.xlsx
[2024-05-17T11:31:27.207+0000] {processor.py:842} WARNING - No viable dags retrieved from /opt/airflow/dags/operationalData/Events.xlsx
[2024-05-17T11:31:27.244+0000] {processor.py:183} INFO - Processing /opt/airflow/dags/operationalData/Events.xlsx took 0.084 seconds
[2024-05-17T11:31:57.414+0000] {processor.py:161} INFO - Started process (PID=2639) to work on /opt/airflow/dags/operationalData/Events.xlsx
[2024-05-17T11:31:57.418+0000] {processor.py:830} INFO - Processing file /opt/airflow/dags/operationalData/Events.xlsx for tasks to queue
[2024-05-17T11:31:57.422+0000] {logging_mixin.py:188} INFO - [2024-05-17T11:31:57.421+0000] {dagbag.py:540} INFO - Filling up the DagBag from /opt/airflow/dags/operationalData/Events.xlsx
[2024-05-17T11:31:57.451+0000] {processor.py:842} WARNING - No viable dags retrieved from /opt/airflow/dags/operationalData/Events.xlsx
[2024-05-17T11:31:57.493+0000] {processor.py:183} INFO - Processing /opt/airflow/dags/operationalData/Events.xlsx took 0.090 seconds
[2024-05-17T11:32:27.931+0000] {processor.py:161} INFO - Started process (PID=2652) to work on /opt/airflow/dags/operationalData/Events.xlsx
[2024-05-17T11:32:27.934+0000] {processor.py:830} INFO - Processing file /opt/airflow/dags/operationalData/Events.xlsx for tasks to queue
[2024-05-17T11:32:27.938+0000] {logging_mixin.py:188} INFO - [2024-05-17T11:32:27.937+0000] {dagbag.py:540} INFO - Filling up the DagBag from /opt/airflow/dags/operationalData/Events.xlsx
[2024-05-17T11:32:27.976+0000] {processor.py:842} WARNING - No viable dags retrieved from /opt/airflow/dags/operationalData/Events.xlsx
[2024-05-17T11:32:28.053+0000] {processor.py:183} INFO - Processing /opt/airflow/dags/operationalData/Events.xlsx took 0.137 seconds
[2024-05-17T11:32:58.825+0000] {processor.py:161} INFO - Started process (PID=2665) to work on /opt/airflow/dags/operationalData/Events.xlsx
[2024-05-17T11:32:58.828+0000] {processor.py:830} INFO - Processing file /opt/airflow/dags/operationalData/Events.xlsx for tasks to queue
[2024-05-17T11:32:58.831+0000] {logging_mixin.py:188} INFO - [2024-05-17T11:32:58.830+0000] {dagbag.py:540} INFO - Filling up the DagBag from /opt/airflow/dags/operationalData/Events.xlsx
[2024-05-17T11:32:58.862+0000] {processor.py:842} WARNING - No viable dags retrieved from /opt/airflow/dags/operationalData/Events.xlsx
[2024-05-17T11:32:58.908+0000] {processor.py:183} INFO - Processing /opt/airflow/dags/operationalData/Events.xlsx took 0.095 seconds
[2024-05-17T11:34:20.645+0000] {processor.py:161} INFO - Started process (PID=2676) to work on /opt/airflow/dags/operationalData/Events.xlsx
[2024-05-17T11:34:20.654+0000] {processor.py:830} INFO - Processing file /opt/airflow/dags/operationalData/Events.xlsx for tasks to queue
[2024-05-17T11:34:20.675+0000] {logging_mixin.py:188} INFO - [2024-05-17T11:34:20.673+0000] {dagbag.py:540} INFO - Filling up the DagBag from /opt/airflow/dags/operationalData/Events.xlsx
[2024-05-17T11:34:20.746+0000] {processor.py:842} WARNING - No viable dags retrieved from /opt/airflow/dags/operationalData/Events.xlsx
[2024-05-17T11:34:21.585+0000] {processor.py:183} INFO - Processing /opt/airflow/dags/operationalData/Events.xlsx took 0.962 seconds
[2024-05-17T11:34:52.058+0000] {processor.py:161} INFO - Started process (PID=2688) to work on /opt/airflow/dags/operationalData/Events.xlsx
[2024-05-17T11:34:52.064+0000] {processor.py:830} INFO - Processing file /opt/airflow/dags/operationalData/Events.xlsx for tasks to queue
[2024-05-17T11:34:52.070+0000] {logging_mixin.py:188} INFO - [2024-05-17T11:34:52.068+0000] {dagbag.py:540} INFO - Filling up the DagBag from /opt/airflow/dags/operationalData/Events.xlsx
[2024-05-17T11:34:52.112+0000] {processor.py:842} WARNING - No viable dags retrieved from /opt/airflow/dags/operationalData/Events.xlsx
[2024-05-17T11:34:52.161+0000] {processor.py:183} INFO - Processing /opt/airflow/dags/operationalData/Events.xlsx took 0.119 seconds
[2024-05-17T11:35:22.789+0000] {processor.py:161} INFO - Started process (PID=2701) to work on /opt/airflow/dags/operationalData/Events.xlsx
[2024-05-17T11:35:22.792+0000] {processor.py:830} INFO - Processing file /opt/airflow/dags/operationalData/Events.xlsx for tasks to queue
[2024-05-17T11:35:22.796+0000] {logging_mixin.py:188} INFO - [2024-05-17T11:35:22.795+0000] {dagbag.py:540} INFO - Filling up the DagBag from /opt/airflow/dags/operationalData/Events.xlsx
[2024-05-17T11:35:22.836+0000] {processor.py:842} WARNING - No viable dags retrieved from /opt/airflow/dags/operationalData/Events.xlsx
[2024-05-17T11:35:22.880+0000] {processor.py:183} INFO - Processing /opt/airflow/dags/operationalData/Events.xlsx took 0.101 seconds
[2024-05-17T11:35:53.359+0000] {processor.py:161} INFO - Started process (PID=2714) to work on /opt/airflow/dags/operationalData/Events.xlsx
[2024-05-17T11:35:53.362+0000] {processor.py:830} INFO - Processing file /opt/airflow/dags/operationalData/Events.xlsx for tasks to queue
[2024-05-17T11:35:53.365+0000] {logging_mixin.py:188} INFO - [2024-05-17T11:35:53.364+0000] {dagbag.py:540} INFO - Filling up the DagBag from /opt/airflow/dags/operationalData/Events.xlsx
[2024-05-17T11:35:53.404+0000] {processor.py:842} WARNING - No viable dags retrieved from /opt/airflow/dags/operationalData/Events.xlsx
[2024-05-17T11:35:53.446+0000] {processor.py:183} INFO - Processing /opt/airflow/dags/operationalData/Events.xlsx took 0.095 seconds
[2024-05-17T11:36:23.640+0000] {processor.py:161} INFO - Started process (PID=2725) to work on /opt/airflow/dags/operationalData/Events.xlsx
[2024-05-17T11:36:23.644+0000] {processor.py:830} INFO - Processing file /opt/airflow/dags/operationalData/Events.xlsx for tasks to queue
[2024-05-17T11:36:23.649+0000] {logging_mixin.py:188} INFO - [2024-05-17T11:36:23.647+0000] {dagbag.py:540} INFO - Filling up the DagBag from /opt/airflow/dags/operationalData/Events.xlsx
[2024-05-17T11:36:23.707+0000] {processor.py:842} WARNING - No viable dags retrieved from /opt/airflow/dags/operationalData/Events.xlsx
[2024-05-17T11:36:23.769+0000] {processor.py:183} INFO - Processing /opt/airflow/dags/operationalData/Events.xlsx took 0.143 seconds
[2024-05-17T11:36:54.831+0000] {processor.py:161} INFO - Started process (PID=2738) to work on /opt/airflow/dags/operationalData/Events.xlsx
[2024-05-17T11:36:54.834+0000] {processor.py:830} INFO - Processing file /opt/airflow/dags/operationalData/Events.xlsx for tasks to queue
[2024-05-17T11:36:54.838+0000] {logging_mixin.py:188} INFO - [2024-05-17T11:36:54.837+0000] {dagbag.py:540} INFO - Filling up the DagBag from /opt/airflow/dags/operationalData/Events.xlsx
[2024-05-17T11:36:54.873+0000] {processor.py:842} WARNING - No viable dags retrieved from /opt/airflow/dags/operationalData/Events.xlsx
[2024-05-17T11:36:54.909+0000] {processor.py:183} INFO - Processing /opt/airflow/dags/operationalData/Events.xlsx took 0.086 seconds
[2024-05-17T11:37:43.775+0000] {processor.py:161} INFO - Started process (PID=2752) to work on /opt/airflow/dags/operationalData/Events.xlsx
[2024-05-17T11:37:43.799+0000] {processor.py:830} INFO - Processing file /opt/airflow/dags/operationalData/Events.xlsx for tasks to queue
[2024-05-17T11:37:43.821+0000] {logging_mixin.py:188} INFO - [2024-05-17T11:37:43.803+0000] {dagbag.py:540} INFO - Filling up the DagBag from /opt/airflow/dags/operationalData/Events.xlsx
[2024-05-17T11:37:43.898+0000] {processor.py:842} WARNING - No viable dags retrieved from /opt/airflow/dags/operationalData/Events.xlsx
[2024-05-17T11:37:46.022+0000] {processor.py:183} INFO - Processing /opt/airflow/dags/operationalData/Events.xlsx took 2.307 seconds
[2024-05-17T11:38:16.992+0000] {processor.py:161} INFO - Started process (PID=2765) to work on /opt/airflow/dags/operationalData/Events.xlsx
[2024-05-17T11:38:16.995+0000] {processor.py:830} INFO - Processing file /opt/airflow/dags/operationalData/Events.xlsx for tasks to queue
[2024-05-17T11:38:17.000+0000] {logging_mixin.py:188} INFO - [2024-05-17T11:38:16.998+0000] {dagbag.py:540} INFO - Filling up the DagBag from /opt/airflow/dags/operationalData/Events.xlsx
[2024-05-17T11:38:17.039+0000] {processor.py:842} WARNING - No viable dags retrieved from /opt/airflow/dags/operationalData/Events.xlsx
[2024-05-17T11:38:17.083+0000] {processor.py:183} INFO - Processing /opt/airflow/dags/operationalData/Events.xlsx took 0.102 seconds
[2024-05-17T11:39:25.954+0000] {processor.py:161} INFO - Started process (PID=2777) to work on /opt/airflow/dags/operationalData/Events.xlsx
[2024-05-17T11:39:25.958+0000] {processor.py:830} INFO - Processing file /opt/airflow/dags/operationalData/Events.xlsx for tasks to queue
[2024-05-17T11:39:25.962+0000] {logging_mixin.py:188} INFO - [2024-05-17T11:39:25.961+0000] {dagbag.py:540} INFO - Filling up the DagBag from /opt/airflow/dags/operationalData/Events.xlsx
[2024-05-17T11:39:26.024+0000] {processor.py:842} WARNING - No viable dags retrieved from /opt/airflow/dags/operationalData/Events.xlsx
[2024-05-17T11:39:26.735+0000] {processor.py:183} INFO - Processing /opt/airflow/dags/operationalData/Events.xlsx took 0.800 seconds
[2024-05-17T11:40:01.469+0000] {processor.py:161} INFO - Started process (PID=37) to work on /opt/airflow/dags/operationalData/Events.xlsx
[2024-05-17T11:40:01.472+0000] {processor.py:830} INFO - Processing file /opt/airflow/dags/operationalData/Events.xlsx for tasks to queue
[2024-05-17T11:40:01.478+0000] {logging_mixin.py:188} INFO - [2024-05-17T11:40:01.477+0000] {dagbag.py:540} INFO - Filling up the DagBag from /opt/airflow/dags/operationalData/Events.xlsx
[2024-05-17T11:40:01.513+0000] {processor.py:842} WARNING - No viable dags retrieved from /opt/airflow/dags/operationalData/Events.xlsx
[2024-05-17T11:40:01.557+0000] {processor.py:183} INFO - Processing /opt/airflow/dags/operationalData/Events.xlsx took 0.100 seconds
[2024-05-17T11:40:32.292+0000] {processor.py:161} INFO - Started process (PID=49) to work on /opt/airflow/dags/operationalData/Events.xlsx
[2024-05-17T11:40:32.294+0000] {processor.py:830} INFO - Processing file /opt/airflow/dags/operationalData/Events.xlsx for tasks to queue
[2024-05-17T11:40:32.299+0000] {logging_mixin.py:188} INFO - [2024-05-17T11:40:32.298+0000] {dagbag.py:540} INFO - Filling up the DagBag from /opt/airflow/dags/operationalData/Events.xlsx
[2024-05-17T11:40:32.335+0000] {processor.py:842} WARNING - No viable dags retrieved from /opt/airflow/dags/operationalData/Events.xlsx
[2024-05-17T11:40:32.366+0000] {processor.py:183} INFO - Processing /opt/airflow/dags/operationalData/Events.xlsx took 0.081 seconds
[2024-05-17T11:41:02.854+0000] {processor.py:161} INFO - Started process (PID=62) to work on /opt/airflow/dags/operationalData/Events.xlsx
[2024-05-17T11:41:02.859+0000] {processor.py:830} INFO - Processing file /opt/airflow/dags/operationalData/Events.xlsx for tasks to queue
[2024-05-17T11:41:02.864+0000] {logging_mixin.py:188} INFO - [2024-05-17T11:41:02.863+0000] {dagbag.py:540} INFO - Filling up the DagBag from /opt/airflow/dags/operationalData/Events.xlsx
[2024-05-17T11:41:02.901+0000] {processor.py:842} WARNING - No viable dags retrieved from /opt/airflow/dags/operationalData/Events.xlsx
[2024-05-17T11:41:02.943+0000] {processor.py:183} INFO - Processing /opt/airflow/dags/operationalData/Events.xlsx took 0.100 seconds
[2024-05-17T11:42:50.603+0000] {processor.py:161} INFO - Started process (PID=75) to work on /opt/airflow/dags/operationalData/Events.xlsx
[2024-05-17T11:42:50.681+0000] {processor.py:830} INFO - Processing file /opt/airflow/dags/operationalData/Events.xlsx for tasks to queue
[2024-05-17T11:42:50.722+0000] {logging_mixin.py:188} INFO - [2024-05-17T11:42:50.697+0000] {dagbag.py:540} INFO - Filling up the DagBag from /opt/airflow/dags/operationalData/Events.xlsx
[2024-05-17T11:42:50.902+0000] {processor.py:842} WARNING - No viable dags retrieved from /opt/airflow/dags/operationalData/Events.xlsx
[2024-05-17T11:43:22.871+0000] {processor.py:186} ERROR - Got an exception! Propagating...
Traceback (most recent call last):
  File "/home/airflow/.local/lib/python3.8/site-packages/sqlalchemy/engine/base.py", line 3371, in _wrap_pool_connect
    return fn()
  File "/home/airflow/.local/lib/python3.8/site-packages/sqlalchemy/pool/base.py", line 327, in connect
    return _ConnectionFairy._checkout(self)
  File "/home/airflow/.local/lib/python3.8/site-packages/sqlalchemy/pool/base.py", line 894, in _checkout
    fairy = _ConnectionRecord.checkout(pool)
  File "/home/airflow/.local/lib/python3.8/site-packages/sqlalchemy/pool/base.py", line 493, in checkout
    rec = pool._do_get()
  File "/home/airflow/.local/lib/python3.8/site-packages/sqlalchemy/pool/impl.py", line 146, in _do_get
    self._dec_overflow()
  File "/home/airflow/.local/lib/python3.8/site-packages/sqlalchemy/util/langhelpers.py", line 70, in __exit__
    compat.raise_(
  File "/home/airflow/.local/lib/python3.8/site-packages/sqlalchemy/util/compat.py", line 211, in raise_
    raise exception
  File "/home/airflow/.local/lib/python3.8/site-packages/sqlalchemy/pool/impl.py", line 143, in _do_get
    return self._create_connection()
  File "/home/airflow/.local/lib/python3.8/site-packages/sqlalchemy/pool/base.py", line 273, in _create_connection
    return _ConnectionRecord(self)
  File "/home/airflow/.local/lib/python3.8/site-packages/sqlalchemy/pool/base.py", line 388, in __init__
    self.__connect()
  File "/home/airflow/.local/lib/python3.8/site-packages/sqlalchemy/pool/base.py", line 691, in __connect
    pool.logger.debug("Error on connect(): %s", e)
  File "/home/airflow/.local/lib/python3.8/site-packages/sqlalchemy/util/langhelpers.py", line 70, in __exit__
    compat.raise_(
  File "/home/airflow/.local/lib/python3.8/site-packages/sqlalchemy/util/compat.py", line 211, in raise_
    raise exception
  File "/home/airflow/.local/lib/python3.8/site-packages/sqlalchemy/pool/base.py", line 686, in __connect
    self.dbapi_connection = connection = pool._invoke_creator(self)
  File "/home/airflow/.local/lib/python3.8/site-packages/sqlalchemy/engine/create.py", line 574, in connect
    return dialect.connect(*cargs, **cparams)
  File "/home/airflow/.local/lib/python3.8/site-packages/sqlalchemy/engine/default.py", line 598, in connect
    return self.dbapi.connect(*cargs, **cparams)
  File "/home/airflow/.local/lib/python3.8/site-packages/psycopg2/__init__.py", line 122, in connect
    conn = _connect(dsn, connection_factory=connection_factory, **kwasync)
psycopg2.OperationalError: could not translate host name "postgres" to address: Temporary failure in name resolution


The above exception was the direct cause of the following exception:

Traceback (most recent call last):
  File "/home/airflow/.local/lib/python3.8/site-packages/airflow/dag_processing/processor.py", line 182, in _run_file_processor
    _handle_dag_file_processing()
  File "/home/airflow/.local/lib/python3.8/site-packages/airflow/dag_processing/processor.py", line 163, in _handle_dag_file_processing
    result: tuple[int, int] = dag_file_processor.process_file(
  File "/home/airflow/.local/lib/python3.8/site-packages/airflow/utils/session.py", line 79, in wrapper
    return func(*args, session=session, **kwargs)
  File "/home/airflow/.local/lib/python3.8/site-packages/airflow/dag_processing/processor.py", line 843, in process_file
    DagFileProcessor.update_import_errors(
  File "/home/airflow/.local/lib/python3.8/site-packages/airflow/api_internal/internal_api_call.py", line 114, in wrapper
    return func(*args, **kwargs)
  File "/home/airflow/.local/lib/python3.8/site-packages/airflow/utils/session.py", line 76, in wrapper
    return func(*args, **kwargs)
  File "/home/airflow/.local/lib/python3.8/site-packages/airflow/dag_processing/processor.py", line 615, in update_import_errors
    session.execute(
  File "/home/airflow/.local/lib/python3.8/site-packages/sqlalchemy/orm/session.py", line 1716, in execute
    conn = self._connection_for_bind(bind)
  File "/home/airflow/.local/lib/python3.8/site-packages/sqlalchemy/orm/session.py", line 1555, in _connection_for_bind
    return self._transaction._connection_for_bind(
  File "/home/airflow/.local/lib/python3.8/site-packages/sqlalchemy/orm/session.py", line 750, in _connection_for_bind
    conn = bind.connect()
  File "/home/airflow/.local/lib/python3.8/site-packages/sqlalchemy/future/engine.py", line 412, in connect
    return super(Engine, self).connect()
  File "/home/airflow/.local/lib/python3.8/site-packages/sqlalchemy/engine/base.py", line 3325, in connect
    return self._connection_cls(self, close_with_result=close_with_result)
  File "/home/airflow/.local/lib/python3.8/site-packages/sqlalchemy/engine/base.py", line 96, in __init__
    else engine.raw_connection()
  File "/home/airflow/.local/lib/python3.8/site-packages/sqlalchemy/engine/base.py", line 3404, in raw_connection
    return self._wrap_pool_connect(self.pool.connect, _connection)
  File "/home/airflow/.local/lib/python3.8/site-packages/sqlalchemy/engine/base.py", line 3374, in _wrap_pool_connect
    Connection._handle_dbapi_exception_noconnection(
  File "/home/airflow/.local/lib/python3.8/site-packages/sqlalchemy/engine/base.py", line 2208, in _handle_dbapi_exception_noconnection
    util.raise_(
  File "/home/airflow/.local/lib/python3.8/site-packages/sqlalchemy/util/compat.py", line 211, in raise_
    raise exception
  File "/home/airflow/.local/lib/python3.8/site-packages/sqlalchemy/engine/base.py", line 3371, in _wrap_pool_connect
    return fn()
  File "/home/airflow/.local/lib/python3.8/site-packages/sqlalchemy/pool/base.py", line 327, in connect
    return _ConnectionFairy._checkout(self)
  File "/home/airflow/.local/lib/python3.8/site-packages/sqlalchemy/pool/base.py", line 894, in _checkout
    fairy = _ConnectionRecord.checkout(pool)
  File "/home/airflow/.local/lib/python3.8/site-packages/sqlalchemy/pool/base.py", line 493, in checkout
    rec = pool._do_get()
  File "/home/airflow/.local/lib/python3.8/site-packages/sqlalchemy/pool/impl.py", line 146, in _do_get
    self._dec_overflow()
  File "/home/airflow/.local/lib/python3.8/site-packages/sqlalchemy/util/langhelpers.py", line 70, in __exit__
    compat.raise_(
  File "/home/airflow/.local/lib/python3.8/site-packages/sqlalchemy/util/compat.py", line 211, in raise_
    raise exception
  File "/home/airflow/.local/lib/python3.8/site-packages/sqlalchemy/pool/impl.py", line 143, in _do_get
    return self._create_connection()
  File "/home/airflow/.local/lib/python3.8/site-packages/sqlalchemy/pool/base.py", line 273, in _create_connection
    return _ConnectionRecord(self)
  File "/home/airflow/.local/lib/python3.8/site-packages/sqlalchemy/pool/base.py", line 388, in __init__
    self.__connect()
  File "/home/airflow/.local/lib/python3.8/site-packages/sqlalchemy/pool/base.py", line 691, in __connect
    pool.logger.debug("Error on connect(): %s", e)
  File "/home/airflow/.local/lib/python3.8/site-packages/sqlalchemy/util/langhelpers.py", line 70, in __exit__
    compat.raise_(
  File "/home/airflow/.local/lib/python3.8/site-packages/sqlalchemy/util/compat.py", line 211, in raise_
    raise exception
  File "/home/airflow/.local/lib/python3.8/site-packages/sqlalchemy/pool/base.py", line 686, in __connect
    self.dbapi_connection = connection = pool._invoke_creator(self)
  File "/home/airflow/.local/lib/python3.8/site-packages/sqlalchemy/engine/create.py", line 574, in connect
    return dialect.connect(*cargs, **cparams)
  File "/home/airflow/.local/lib/python3.8/site-packages/sqlalchemy/engine/default.py", line 598, in connect
    return self.dbapi.connect(*cargs, **cparams)
  File "/home/airflow/.local/lib/python3.8/site-packages/psycopg2/__init__.py", line 122, in connect
    conn = _connect(dsn, connection_factory=connection_factory, **kwasync)
sqlalchemy.exc.OperationalError: (psycopg2.OperationalError) could not translate host name "postgres" to address: Temporary failure in name resolution

(Background on this error at: https://sqlalche.me/e/14/e3q8)
[2024-05-17T11:44:26.122+0000] {processor.py:161} INFO - Started process (PID=88) to work on /opt/airflow/dags/operationalData/Events.xlsx
[2024-05-17T11:44:26.125+0000] {processor.py:830} INFO - Processing file /opt/airflow/dags/operationalData/Events.xlsx for tasks to queue
[2024-05-17T11:44:26.129+0000] {logging_mixin.py:188} INFO - [2024-05-17T11:44:26.128+0000] {dagbag.py:540} INFO - Filling up the DagBag from /opt/airflow/dags/operationalData/Events.xlsx
[2024-05-17T11:44:26.166+0000] {processor.py:842} WARNING - No viable dags retrieved from /opt/airflow/dags/operationalData/Events.xlsx
[2024-05-17T11:44:26.212+0000] {processor.py:183} INFO - Processing /opt/airflow/dags/operationalData/Events.xlsx took 0.102 seconds
[2024-05-17T11:44:57.216+0000] {processor.py:161} INFO - Started process (PID=100) to work on /opt/airflow/dags/operationalData/Events.xlsx
[2024-05-17T11:44:57.230+0000] {processor.py:830} INFO - Processing file /opt/airflow/dags/operationalData/Events.xlsx for tasks to queue
[2024-05-17T11:44:57.245+0000] {logging_mixin.py:188} INFO - [2024-05-17T11:44:57.237+0000] {dagbag.py:540} INFO - Filling up the DagBag from /opt/airflow/dags/operationalData/Events.xlsx
[2024-05-17T11:44:57.313+0000] {processor.py:842} WARNING - No viable dags retrieved from /opt/airflow/dags/operationalData/Events.xlsx
[2024-05-17T11:45:02.358+0000] {processor.py:183} INFO - Processing /opt/airflow/dags/operationalData/Events.xlsx took 4.362 seconds
[2024-05-17T11:47:22.763+0000] {processor.py:161} INFO - Started process (PID=117) to work on /opt/airflow/dags/operationalData/Events.xlsx
[2024-05-17T11:47:22.888+0000] {processor.py:830} INFO - Processing file /opt/airflow/dags/operationalData/Events.xlsx for tasks to queue
[2024-05-17T11:47:22.945+0000] {logging_mixin.py:188} INFO - [2024-05-17T11:47:22.926+0000] {dagbag.py:540} INFO - Filling up the DagBag from /opt/airflow/dags/operationalData/Events.xlsx
[2024-05-17T11:47:23.074+0000] {processor.py:842} WARNING - No viable dags retrieved from /opt/airflow/dags/operationalData/Events.xlsx
[2024-05-17T11:47:27.048+0000] {processor.py:183} INFO - Processing /opt/airflow/dags/operationalData/Events.xlsx took 4.364 seconds
[2024-05-17T11:48:06.866+0000] {processor.py:161} INFO - Started process (PID=43) to work on /opt/airflow/dags/operationalData/Events.xlsx
[2024-05-17T11:48:06.871+0000] {processor.py:830} INFO - Processing file /opt/airflow/dags/operationalData/Events.xlsx for tasks to queue
[2024-05-17T11:48:06.885+0000] {logging_mixin.py:188} INFO - [2024-05-17T11:48:06.884+0000] {dagbag.py:540} INFO - Filling up the DagBag from /opt/airflow/dags/operationalData/Events.xlsx
[2024-05-17T11:48:07.007+0000] {processor.py:842} WARNING - No viable dags retrieved from /opt/airflow/dags/operationalData/Events.xlsx
[2024-05-17T11:48:07.106+0000] {processor.py:183} INFO - Processing /opt/airflow/dags/operationalData/Events.xlsx took 0.265 seconds
[2024-05-17T11:48:37.873+0000] {processor.py:161} INFO - Started process (PID=55) to work on /opt/airflow/dags/operationalData/Events.xlsx
[2024-05-17T11:48:37.877+0000] {processor.py:830} INFO - Processing file /opt/airflow/dags/operationalData/Events.xlsx for tasks to queue
[2024-05-17T11:48:37.884+0000] {logging_mixin.py:188} INFO - [2024-05-17T11:48:37.883+0000] {dagbag.py:540} INFO - Filling up the DagBag from /opt/airflow/dags/operationalData/Events.xlsx
[2024-05-17T11:48:37.933+0000] {processor.py:842} WARNING - No viable dags retrieved from /opt/airflow/dags/operationalData/Events.xlsx
[2024-05-17T11:48:37.973+0000] {processor.py:183} INFO - Processing /opt/airflow/dags/operationalData/Events.xlsx took 0.111 seconds
[2024-05-17T11:49:08.558+0000] {processor.py:161} INFO - Started process (PID=68) to work on /opt/airflow/dags/operationalData/Events.xlsx
[2024-05-17T11:49:08.562+0000] {processor.py:830} INFO - Processing file /opt/airflow/dags/operationalData/Events.xlsx for tasks to queue
[2024-05-17T11:49:08.571+0000] {logging_mixin.py:188} INFO - [2024-05-17T11:49:08.568+0000] {dagbag.py:540} INFO - Filling up the DagBag from /opt/airflow/dags/operationalData/Events.xlsx
[2024-05-17T11:49:08.619+0000] {processor.py:842} WARNING - No viable dags retrieved from /opt/airflow/dags/operationalData/Events.xlsx
[2024-05-17T11:49:08.668+0000] {processor.py:183} INFO - Processing /opt/airflow/dags/operationalData/Events.xlsx took 0.127 seconds
[2024-05-17T11:49:39.028+0000] {processor.py:161} INFO - Started process (PID=81) to work on /opt/airflow/dags/operationalData/Events.xlsx
[2024-05-17T11:49:39.032+0000] {processor.py:830} INFO - Processing file /opt/airflow/dags/operationalData/Events.xlsx for tasks to queue
[2024-05-17T11:49:39.037+0000] {logging_mixin.py:188} INFO - [2024-05-17T11:49:39.036+0000] {dagbag.py:540} INFO - Filling up the DagBag from /opt/airflow/dags/operationalData/Events.xlsx
[2024-05-17T11:49:39.072+0000] {processor.py:842} WARNING - No viable dags retrieved from /opt/airflow/dags/operationalData/Events.xlsx
[2024-05-17T11:49:39.118+0000] {processor.py:183} INFO - Processing /opt/airflow/dags/operationalData/Events.xlsx took 0.101 seconds
[2024-05-17T11:50:09.381+0000] {processor.py:161} INFO - Started process (PID=94) to work on /opt/airflow/dags/operationalData/Events.xlsx
[2024-05-17T11:50:09.384+0000] {processor.py:830} INFO - Processing file /opt/airflow/dags/operationalData/Events.xlsx for tasks to queue
[2024-05-17T11:50:09.393+0000] {logging_mixin.py:188} INFO - [2024-05-17T11:50:09.389+0000] {dagbag.py:540} INFO - Filling up the DagBag from /opt/airflow/dags/operationalData/Events.xlsx
[2024-05-17T11:50:09.422+0000] {processor.py:842} WARNING - No viable dags retrieved from /opt/airflow/dags/operationalData/Events.xlsx
[2024-05-17T11:50:09.832+0000] {processor.py:183} INFO - Processing /opt/airflow/dags/operationalData/Events.xlsx took 0.467 seconds
[2024-05-17T11:51:15.560+0000] {processor.py:161} INFO - Started process (PID=101) to work on /opt/airflow/dags/operationalData/Events.xlsx
[2024-05-17T11:51:15.564+0000] {processor.py:830} INFO - Processing file /opt/airflow/dags/operationalData/Events.xlsx for tasks to queue
[2024-05-17T11:51:15.569+0000] {logging_mixin.py:188} INFO - [2024-05-17T11:51:15.567+0000] {dagbag.py:540} INFO - Filling up the DagBag from /opt/airflow/dags/operationalData/Events.xlsx
[2024-05-17T11:51:15.613+0000] {processor.py:842} WARNING - No viable dags retrieved from /opt/airflow/dags/operationalData/Events.xlsx
[2024-05-17T11:51:15.724+0000] {processor.py:183} INFO - Processing /opt/airflow/dags/operationalData/Events.xlsx took 0.176 seconds
[2024-05-17T11:51:46.766+0000] {processor.py:161} INFO - Started process (PID=120) to work on /opt/airflow/dags/operationalData/Events.xlsx
[2024-05-17T11:51:46.771+0000] {processor.py:830} INFO - Processing file /opt/airflow/dags/operationalData/Events.xlsx for tasks to queue
[2024-05-17T11:51:46.774+0000] {logging_mixin.py:188} INFO - [2024-05-17T11:51:46.773+0000] {dagbag.py:540} INFO - Filling up the DagBag from /opt/airflow/dags/operationalData/Events.xlsx
[2024-05-17T11:51:46.813+0000] {processor.py:842} WARNING - No viable dags retrieved from /opt/airflow/dags/operationalData/Events.xlsx
[2024-05-17T11:51:46.969+0000] {processor.py:183} INFO - Processing /opt/airflow/dags/operationalData/Events.xlsx took 0.215 seconds
[2024-05-17T17:16:53.918+0000] {processor.py:161} INFO - Started process (PID=125) to work on /opt/airflow/dags/operationalData/Events.xlsx
[2024-05-17T17:16:53.928+0000] {processor.py:830} INFO - Processing file /opt/airflow/dags/operationalData/Events.xlsx for tasks to queue
[2024-05-17T17:16:53.945+0000] {logging_mixin.py:188} INFO - [2024-05-17T17:16:53.934+0000] {dagbag.py:540} INFO - Filling up the DagBag from /opt/airflow/dags/operationalData/Events.xlsx
[2024-05-17T17:16:54.007+0000] {processor.py:842} WARNING - No viable dags retrieved from /opt/airflow/dags/operationalData/Events.xlsx
[2024-05-17T17:16:54.081+0000] {processor.py:183} INFO - Processing /opt/airflow/dags/operationalData/Events.xlsx took 0.394 seconds
[2024-05-17T17:17:36.748+0000] {processor.py:161} INFO - Started process (PID=43) to work on /opt/airflow/dags/operationalData/Events.xlsx
[2024-05-17T17:17:36.752+0000] {processor.py:830} INFO - Processing file /opt/airflow/dags/operationalData/Events.xlsx for tasks to queue
[2024-05-17T17:17:36.758+0000] {logging_mixin.py:188} INFO - [2024-05-17T17:17:36.757+0000] {dagbag.py:540} INFO - Filling up the DagBag from /opt/airflow/dags/operationalData/Events.xlsx
[2024-05-17T17:17:36.791+0000] {processor.py:842} WARNING - No viable dags retrieved from /opt/airflow/dags/operationalData/Events.xlsx
[2024-05-17T17:17:36.828+0000] {processor.py:183} INFO - Processing /opt/airflow/dags/operationalData/Events.xlsx took 0.089 seconds
[2024-05-17T17:18:07.677+0000] {processor.py:161} INFO - Started process (PID=58) to work on /opt/airflow/dags/operationalData/Events.xlsx
[2024-05-17T17:18:07.701+0000] {processor.py:830} INFO - Processing file /opt/airflow/dags/operationalData/Events.xlsx for tasks to queue
[2024-05-17T17:18:07.723+0000] {logging_mixin.py:188} INFO - [2024-05-17T17:18:07.721+0000] {dagbag.py:540} INFO - Filling up the DagBag from /opt/airflow/dags/operationalData/Events.xlsx
[2024-05-17T17:18:07.821+0000] {processor.py:842} WARNING - No viable dags retrieved from /opt/airflow/dags/operationalData/Events.xlsx
[2024-05-17T17:18:07.900+0000] {processor.py:183} INFO - Processing /opt/airflow/dags/operationalData/Events.xlsx took 0.256 seconds
[2024-05-17T17:18:40.055+0000] {processor.py:161} INFO - Started process (PID=71) to work on /opt/airflow/dags/operationalData/Events.xlsx
[2024-05-17T17:18:40.067+0000] {processor.py:830} INFO - Processing file /opt/airflow/dags/operationalData/Events.xlsx for tasks to queue
[2024-05-17T17:18:40.094+0000] {logging_mixin.py:188} INFO - [2024-05-17T17:18:40.093+0000] {dagbag.py:540} INFO - Filling up the DagBag from /opt/airflow/dags/operationalData/Events.xlsx
[2024-05-17T17:18:40.228+0000] {processor.py:842} WARNING - No viable dags retrieved from /opt/airflow/dags/operationalData/Events.xlsx
[2024-05-17T17:18:40.297+0000] {processor.py:183} INFO - Processing /opt/airflow/dags/operationalData/Events.xlsx took 0.275 seconds
[2024-05-17T17:19:10.543+0000] {processor.py:161} INFO - Started process (PID=84) to work on /opt/airflow/dags/operationalData/Events.xlsx
[2024-05-17T17:19:10.546+0000] {processor.py:830} INFO - Processing file /opt/airflow/dags/operationalData/Events.xlsx for tasks to queue
[2024-05-17T17:19:10.552+0000] {logging_mixin.py:188} INFO - [2024-05-17T17:19:10.550+0000] {dagbag.py:540} INFO - Filling up the DagBag from /opt/airflow/dags/operationalData/Events.xlsx
[2024-05-17T17:19:10.590+0000] {processor.py:842} WARNING - No viable dags retrieved from /opt/airflow/dags/operationalData/Events.xlsx
[2024-05-17T17:19:10.629+0000] {processor.py:183} INFO - Processing /opt/airflow/dags/operationalData/Events.xlsx took 0.096 seconds
[2024-05-17T17:19:41.666+0000] {processor.py:161} INFO - Started process (PID=96) to work on /opt/airflow/dags/operationalData/Events.xlsx
[2024-05-17T17:19:41.670+0000] {processor.py:830} INFO - Processing file /opt/airflow/dags/operationalData/Events.xlsx for tasks to queue
[2024-05-17T17:19:41.675+0000] {logging_mixin.py:188} INFO - [2024-05-17T17:19:41.674+0000] {dagbag.py:540} INFO - Filling up the DagBag from /opt/airflow/dags/operationalData/Events.xlsx
[2024-05-17T17:19:41.711+0000] {processor.py:842} WARNING - No viable dags retrieved from /opt/airflow/dags/operationalData/Events.xlsx
[2024-05-17T17:19:41.747+0000] {processor.py:183} INFO - Processing /opt/airflow/dags/operationalData/Events.xlsx took 0.089 seconds
[2024-05-17T17:20:12.072+0000] {processor.py:161} INFO - Started process (PID=108) to work on /opt/airflow/dags/operationalData/Events.xlsx
[2024-05-17T17:20:12.075+0000] {processor.py:830} INFO - Processing file /opt/airflow/dags/operationalData/Events.xlsx for tasks to queue
[2024-05-17T17:20:12.081+0000] {logging_mixin.py:188} INFO - [2024-05-17T17:20:12.080+0000] {dagbag.py:540} INFO - Filling up the DagBag from /opt/airflow/dags/operationalData/Events.xlsx
[2024-05-17T17:20:12.118+0000] {processor.py:842} WARNING - No viable dags retrieved from /opt/airflow/dags/operationalData/Events.xlsx
[2024-05-17T17:20:12.156+0000] {processor.py:183} INFO - Processing /opt/airflow/dags/operationalData/Events.xlsx took 0.102 seconds
[2024-05-17T17:20:42.358+0000] {processor.py:161} INFO - Started process (PID=121) to work on /opt/airflow/dags/operationalData/Events.xlsx
[2024-05-17T17:20:42.361+0000] {processor.py:830} INFO - Processing file /opt/airflow/dags/operationalData/Events.xlsx for tasks to queue
[2024-05-17T17:20:42.366+0000] {logging_mixin.py:188} INFO - [2024-05-17T17:20:42.366+0000] {dagbag.py:540} INFO - Filling up the DagBag from /opt/airflow/dags/operationalData/Events.xlsx
[2024-05-17T17:20:42.405+0000] {processor.py:842} WARNING - No viable dags retrieved from /opt/airflow/dags/operationalData/Events.xlsx
[2024-05-17T17:20:42.452+0000] {processor.py:183} INFO - Processing /opt/airflow/dags/operationalData/Events.xlsx took 0.104 seconds
[2024-05-17T17:21:12.720+0000] {processor.py:161} INFO - Started process (PID=134) to work on /opt/airflow/dags/operationalData/Events.xlsx
[2024-05-17T17:21:12.724+0000] {processor.py:830} INFO - Processing file /opt/airflow/dags/operationalData/Events.xlsx for tasks to queue
[2024-05-17T17:21:12.734+0000] {logging_mixin.py:188} INFO - [2024-05-17T17:21:12.733+0000] {dagbag.py:540} INFO - Filling up the DagBag from /opt/airflow/dags/operationalData/Events.xlsx
[2024-05-17T17:21:12.785+0000] {processor.py:842} WARNING - No viable dags retrieved from /opt/airflow/dags/operationalData/Events.xlsx
[2024-05-17T17:21:12.833+0000] {processor.py:183} INFO - Processing /opt/airflow/dags/operationalData/Events.xlsx took 0.131 seconds
[2024-05-17T17:21:43.200+0000] {processor.py:161} INFO - Started process (PID=147) to work on /opt/airflow/dags/operationalData/Events.xlsx
[2024-05-17T17:21:43.214+0000] {processor.py:830} INFO - Processing file /opt/airflow/dags/operationalData/Events.xlsx for tasks to queue
[2024-05-17T17:21:43.224+0000] {logging_mixin.py:188} INFO - [2024-05-17T17:21:43.221+0000] {dagbag.py:540} INFO - Filling up the DagBag from /opt/airflow/dags/operationalData/Events.xlsx
[2024-05-17T17:21:43.289+0000] {processor.py:842} WARNING - No viable dags retrieved from /opt/airflow/dags/operationalData/Events.xlsx
[2024-05-17T17:21:43.357+0000] {processor.py:183} INFO - Processing /opt/airflow/dags/operationalData/Events.xlsx took 0.174 seconds
[2024-05-17T17:22:13.979+0000] {processor.py:161} INFO - Started process (PID=160) to work on /opt/airflow/dags/operationalData/Events.xlsx
[2024-05-17T17:22:13.982+0000] {processor.py:830} INFO - Processing file /opt/airflow/dags/operationalData/Events.xlsx for tasks to queue
[2024-05-17T17:22:13.991+0000] {logging_mixin.py:188} INFO - [2024-05-17T17:22:13.990+0000] {dagbag.py:540} INFO - Filling up the DagBag from /opt/airflow/dags/operationalData/Events.xlsx
[2024-05-17T17:22:14.031+0000] {processor.py:842} WARNING - No viable dags retrieved from /opt/airflow/dags/operationalData/Events.xlsx
[2024-05-17T17:22:14.084+0000] {processor.py:183} INFO - Processing /opt/airflow/dags/operationalData/Events.xlsx took 0.120 seconds
[2024-05-17T17:22:44.761+0000] {processor.py:161} INFO - Started process (PID=173) to work on /opt/airflow/dags/operationalData/Events.xlsx
[2024-05-17T17:22:44.764+0000] {processor.py:830} INFO - Processing file /opt/airflow/dags/operationalData/Events.xlsx for tasks to queue
[2024-05-17T17:22:44.772+0000] {logging_mixin.py:188} INFO - [2024-05-17T17:22:44.771+0000] {dagbag.py:540} INFO - Filling up the DagBag from /opt/airflow/dags/operationalData/Events.xlsx
[2024-05-17T17:22:44.814+0000] {processor.py:842} WARNING - No viable dags retrieved from /opt/airflow/dags/operationalData/Events.xlsx
[2024-05-17T17:22:44.878+0000] {processor.py:183} INFO - Processing /opt/airflow/dags/operationalData/Events.xlsx took 0.142 seconds
[2024-05-17T17:23:16.026+0000] {processor.py:161} INFO - Started process (PID=186) to work on /opt/airflow/dags/operationalData/Events.xlsx
[2024-05-17T17:23:16.033+0000] {processor.py:830} INFO - Processing file /opt/airflow/dags/operationalData/Events.xlsx for tasks to queue
[2024-05-17T17:23:16.062+0000] {logging_mixin.py:188} INFO - [2024-05-17T17:23:16.054+0000] {dagbag.py:540} INFO - Filling up the DagBag from /opt/airflow/dags/operationalData/Events.xlsx
[2024-05-17T17:23:16.148+0000] {processor.py:842} WARNING - No viable dags retrieved from /opt/airflow/dags/operationalData/Events.xlsx
[2024-05-17T17:23:16.334+0000] {processor.py:183} INFO - Processing /opt/airflow/dags/operationalData/Events.xlsx took 0.325 seconds
[2024-05-17T17:23:48.041+0000] {processor.py:161} INFO - Started process (PID=203) to work on /opt/airflow/dags/operationalData/Events.xlsx
[2024-05-17T17:23:48.047+0000] {processor.py:830} INFO - Processing file /opt/airflow/dags/operationalData/Events.xlsx for tasks to queue
[2024-05-17T17:23:48.054+0000] {logging_mixin.py:188} INFO - [2024-05-17T17:23:48.053+0000] {dagbag.py:540} INFO - Filling up the DagBag from /opt/airflow/dags/operationalData/Events.xlsx
[2024-05-17T17:23:48.089+0000] {processor.py:842} WARNING - No viable dags retrieved from /opt/airflow/dags/operationalData/Events.xlsx
[2024-05-17T17:23:48.243+0000] {processor.py:183} INFO - Processing /opt/airflow/dags/operationalData/Events.xlsx took 0.217 seconds
[2024-05-17T17:24:22.023+0000] {processor.py:161} INFO - Started process (PID=216) to work on /opt/airflow/dags/operationalData/Events.xlsx
[2024-05-17T17:24:22.028+0000] {processor.py:830} INFO - Processing file /opt/airflow/dags/operationalData/Events.xlsx for tasks to queue
[2024-05-17T17:24:22.044+0000] {logging_mixin.py:188} INFO - [2024-05-17T17:24:22.040+0000] {dagbag.py:540} INFO - Filling up the DagBag from /opt/airflow/dags/operationalData/Events.xlsx
[2024-05-17T17:24:22.109+0000] {processor.py:842} WARNING - No viable dags retrieved from /opt/airflow/dags/operationalData/Events.xlsx
[2024-05-17T17:24:22.834+0000] {processor.py:183} INFO - Processing /opt/airflow/dags/operationalData/Events.xlsx took 0.835 seconds
[2024-05-17T17:24:53.756+0000] {processor.py:161} INFO - Started process (PID=229) to work on /opt/airflow/dags/operationalData/Events.xlsx
[2024-05-17T17:24:53.760+0000] {processor.py:830} INFO - Processing file /opt/airflow/dags/operationalData/Events.xlsx for tasks to queue
[2024-05-17T17:24:53.765+0000] {logging_mixin.py:188} INFO - [2024-05-17T17:24:53.765+0000] {dagbag.py:540} INFO - Filling up the DagBag from /opt/airflow/dags/operationalData/Events.xlsx
[2024-05-17T17:24:53.807+0000] {processor.py:842} WARNING - No viable dags retrieved from /opt/airflow/dags/operationalData/Events.xlsx
[2024-05-17T17:24:53.864+0000] {processor.py:183} INFO - Processing /opt/airflow/dags/operationalData/Events.xlsx took 0.120 seconds
[2024-05-17T17:25:25.341+0000] {processor.py:161} INFO - Started process (PID=241) to work on /opt/airflow/dags/operationalData/Events.xlsx
[2024-05-17T17:25:25.349+0000] {processor.py:830} INFO - Processing file /opt/airflow/dags/operationalData/Events.xlsx for tasks to queue
[2024-05-17T17:25:25.365+0000] {logging_mixin.py:188} INFO - [2024-05-17T17:25:25.362+0000] {dagbag.py:540} INFO - Filling up the DagBag from /opt/airflow/dags/operationalData/Events.xlsx
[2024-05-17T17:25:25.442+0000] {processor.py:842} WARNING - No viable dags retrieved from /opt/airflow/dags/operationalData/Events.xlsx
[2024-05-17T17:25:25.523+0000] {processor.py:183} INFO - Processing /opt/airflow/dags/operationalData/Events.xlsx took 0.207 seconds
[2024-05-17T17:25:55.734+0000] {processor.py:161} INFO - Started process (PID=254) to work on /opt/airflow/dags/operationalData/Events.xlsx
[2024-05-17T17:25:55.739+0000] {processor.py:830} INFO - Processing file /opt/airflow/dags/operationalData/Events.xlsx for tasks to queue
[2024-05-17T17:25:55.746+0000] {logging_mixin.py:188} INFO - [2024-05-17T17:25:55.745+0000] {dagbag.py:540} INFO - Filling up the DagBag from /opt/airflow/dags/operationalData/Events.xlsx
[2024-05-17T17:25:55.818+0000] {processor.py:842} WARNING - No viable dags retrieved from /opt/airflow/dags/operationalData/Events.xlsx
[2024-05-17T17:25:55.908+0000] {processor.py:183} INFO - Processing /opt/airflow/dags/operationalData/Events.xlsx took 0.192 seconds
[2024-05-17T17:26:26.100+0000] {processor.py:161} INFO - Started process (PID=266) to work on /opt/airflow/dags/operationalData/Events.xlsx
[2024-05-17T17:26:26.102+0000] {processor.py:830} INFO - Processing file /opt/airflow/dags/operationalData/Events.xlsx for tasks to queue
[2024-05-17T17:26:26.106+0000] {logging_mixin.py:188} INFO - [2024-05-17T17:26:26.105+0000] {dagbag.py:540} INFO - Filling up the DagBag from /opt/airflow/dags/operationalData/Events.xlsx
[2024-05-17T17:26:26.145+0000] {processor.py:842} WARNING - No viable dags retrieved from /opt/airflow/dags/operationalData/Events.xlsx
[2024-05-17T17:26:26.185+0000] {processor.py:183} INFO - Processing /opt/airflow/dags/operationalData/Events.xlsx took 0.092 seconds
[2024-05-17T17:26:56.954+0000] {processor.py:161} INFO - Started process (PID=279) to work on /opt/airflow/dags/operationalData/Events.xlsx
[2024-05-17T17:26:56.965+0000] {processor.py:830} INFO - Processing file /opt/airflow/dags/operationalData/Events.xlsx for tasks to queue
[2024-05-17T17:26:56.974+0000] {logging_mixin.py:188} INFO - [2024-05-17T17:26:56.972+0000] {dagbag.py:540} INFO - Filling up the DagBag from /opt/airflow/dags/operationalData/Events.xlsx
[2024-05-17T17:26:57.057+0000] {processor.py:842} WARNING - No viable dags retrieved from /opt/airflow/dags/operationalData/Events.xlsx
[2024-05-17T17:26:57.280+0000] {processor.py:183} INFO - Processing /opt/airflow/dags/operationalData/Events.xlsx took 0.352 seconds
[2024-05-17T17:27:27.743+0000] {processor.py:161} INFO - Started process (PID=292) to work on /opt/airflow/dags/operationalData/Events.xlsx
[2024-05-17T17:27:27.746+0000] {processor.py:830} INFO - Processing file /opt/airflow/dags/operationalData/Events.xlsx for tasks to queue
[2024-05-17T17:27:27.753+0000] {logging_mixin.py:188} INFO - [2024-05-17T17:27:27.751+0000] {dagbag.py:540} INFO - Filling up the DagBag from /opt/airflow/dags/operationalData/Events.xlsx
[2024-05-17T17:27:27.785+0000] {processor.py:842} WARNING - No viable dags retrieved from /opt/airflow/dags/operationalData/Events.xlsx
[2024-05-17T17:27:27.828+0000] {processor.py:183} INFO - Processing /opt/airflow/dags/operationalData/Events.xlsx took 0.097 seconds
[2024-05-17T17:27:58.169+0000] {processor.py:161} INFO - Started process (PID=305) to work on /opt/airflow/dags/operationalData/Events.xlsx
[2024-05-17T17:27:58.172+0000] {processor.py:830} INFO - Processing file /opt/airflow/dags/operationalData/Events.xlsx for tasks to queue
[2024-05-17T17:27:58.178+0000] {logging_mixin.py:188} INFO - [2024-05-17T17:27:58.178+0000] {dagbag.py:540} INFO - Filling up the DagBag from /opt/airflow/dags/operationalData/Events.xlsx
[2024-05-17T17:27:58.219+0000] {processor.py:842} WARNING - No viable dags retrieved from /opt/airflow/dags/operationalData/Events.xlsx
[2024-05-17T17:27:58.253+0000] {processor.py:183} INFO - Processing /opt/airflow/dags/operationalData/Events.xlsx took 0.093 seconds
[2024-05-17T17:28:29.144+0000] {processor.py:161} INFO - Started process (PID=318) to work on /opt/airflow/dags/operationalData/Events.xlsx
[2024-05-17T17:28:29.148+0000] {processor.py:830} INFO - Processing file /opt/airflow/dags/operationalData/Events.xlsx for tasks to queue
[2024-05-17T17:28:29.155+0000] {logging_mixin.py:188} INFO - [2024-05-17T17:28:29.154+0000] {dagbag.py:540} INFO - Filling up the DagBag from /opt/airflow/dags/operationalData/Events.xlsx
[2024-05-17T17:28:29.193+0000] {processor.py:842} WARNING - No viable dags retrieved from /opt/airflow/dags/operationalData/Events.xlsx
[2024-05-17T17:28:29.235+0000] {processor.py:183} INFO - Processing /opt/airflow/dags/operationalData/Events.xlsx took 0.106 seconds
[2024-05-17T17:29:00.121+0000] {processor.py:161} INFO - Started process (PID=331) to work on /opt/airflow/dags/operationalData/Events.xlsx
[2024-05-17T17:29:00.123+0000] {processor.py:830} INFO - Processing file /opt/airflow/dags/operationalData/Events.xlsx for tasks to queue
[2024-05-17T17:29:00.129+0000] {logging_mixin.py:188} INFO - [2024-05-17T17:29:00.128+0000] {dagbag.py:540} INFO - Filling up the DagBag from /opt/airflow/dags/operationalData/Events.xlsx
[2024-05-17T17:29:00.165+0000] {processor.py:842} WARNING - No viable dags retrieved from /opt/airflow/dags/operationalData/Events.xlsx
[2024-05-17T17:29:00.205+0000] {processor.py:183} INFO - Processing /opt/airflow/dags/operationalData/Events.xlsx took 0.094 seconds
[2024-05-17T17:29:30.874+0000] {processor.py:161} INFO - Started process (PID=344) to work on /opt/airflow/dags/operationalData/Events.xlsx
[2024-05-17T17:29:30.877+0000] {processor.py:830} INFO - Processing file /opt/airflow/dags/operationalData/Events.xlsx for tasks to queue
[2024-05-17T17:29:30.884+0000] {logging_mixin.py:188} INFO - [2024-05-17T17:29:30.883+0000] {dagbag.py:540} INFO - Filling up the DagBag from /opt/airflow/dags/operationalData/Events.xlsx
[2024-05-17T17:29:30.924+0000] {processor.py:842} WARNING - No viable dags retrieved from /opt/airflow/dags/operationalData/Events.xlsx
[2024-05-17T17:29:31.035+0000] {processor.py:183} INFO - Processing /opt/airflow/dags/operationalData/Events.xlsx took 0.172 seconds
[2024-05-17T17:30:01.502+0000] {processor.py:161} INFO - Started process (PID=357) to work on /opt/airflow/dags/operationalData/Events.xlsx
[2024-05-17T17:30:01.505+0000] {processor.py:830} INFO - Processing file /opt/airflow/dags/operationalData/Events.xlsx for tasks to queue
[2024-05-17T17:30:01.511+0000] {logging_mixin.py:188} INFO - [2024-05-17T17:30:01.510+0000] {dagbag.py:540} INFO - Filling up the DagBag from /opt/airflow/dags/operationalData/Events.xlsx
[2024-05-17T17:30:01.542+0000] {processor.py:842} WARNING - No viable dags retrieved from /opt/airflow/dags/operationalData/Events.xlsx
[2024-05-17T17:30:01.579+0000] {processor.py:183} INFO - Processing /opt/airflow/dags/operationalData/Events.xlsx took 0.087 seconds
[2024-05-17T17:30:32.311+0000] {processor.py:161} INFO - Started process (PID=369) to work on /opt/airflow/dags/operationalData/Events.xlsx
[2024-05-17T17:30:32.315+0000] {processor.py:830} INFO - Processing file /opt/airflow/dags/operationalData/Events.xlsx for tasks to queue
[2024-05-17T17:30:32.320+0000] {logging_mixin.py:188} INFO - [2024-05-17T17:30:32.319+0000] {dagbag.py:540} INFO - Filling up the DagBag from /opt/airflow/dags/operationalData/Events.xlsx
[2024-05-17T17:30:32.356+0000] {processor.py:842} WARNING - No viable dags retrieved from /opt/airflow/dags/operationalData/Events.xlsx
[2024-05-17T17:30:32.391+0000] {processor.py:183} INFO - Processing /opt/airflow/dags/operationalData/Events.xlsx took 0.088 seconds
[2024-05-17T17:31:02.785+0000] {processor.py:161} INFO - Started process (PID=381) to work on /opt/airflow/dags/operationalData/Events.xlsx
[2024-05-17T17:31:02.788+0000] {processor.py:830} INFO - Processing file /opt/airflow/dags/operationalData/Events.xlsx for tasks to queue
[2024-05-17T17:31:02.799+0000] {logging_mixin.py:188} INFO - [2024-05-17T17:31:02.798+0000] {dagbag.py:540} INFO - Filling up the DagBag from /opt/airflow/dags/operationalData/Events.xlsx
[2024-05-17T17:31:02.832+0000] {processor.py:842} WARNING - No viable dags retrieved from /opt/airflow/dags/operationalData/Events.xlsx
[2024-05-17T17:31:02.867+0000] {processor.py:183} INFO - Processing /opt/airflow/dags/operationalData/Events.xlsx took 0.091 seconds
[2024-05-17T17:31:39.247+0000] {processor.py:161} INFO - Started process (PID=400) to work on /opt/airflow/dags/operationalData/Events.xlsx
[2024-05-17T17:31:39.272+0000] {processor.py:830} INFO - Processing file /opt/airflow/dags/operationalData/Events.xlsx for tasks to queue
[2024-05-17T17:31:39.320+0000] {logging_mixin.py:188} INFO - [2024-05-17T17:31:39.290+0000] {dagbag.py:540} INFO - Filling up the DagBag from /opt/airflow/dags/operationalData/Events.xlsx
[2024-05-17T17:31:39.530+0000] {processor.py:842} WARNING - No viable dags retrieved from /opt/airflow/dags/operationalData/Events.xlsx
[2024-05-17T17:31:39.712+0000] {processor.py:183} INFO - Processing /opt/airflow/dags/operationalData/Events.xlsx took 0.516 seconds
