[2024-05-19T14:34:53.583+0000] {taskinstance.py:1979} INFO - Dependencies all met for dep_context=non-requeueable deps ti=<TaskInstance: ETL_Flow.insert_data_from_files scheduled__2024-05-17T21:11:00+00:00 [queued]>
[2024-05-19T14:34:53.614+0000] {taskinstance.py:1979} INFO - Dependencies all met for dep_context=requeueable deps ti=<TaskInstance: ETL_Flow.insert_data_from_files scheduled__2024-05-17T21:11:00+00:00 [queued]>
[2024-05-19T14:34:53.616+0000] {taskinstance.py:2193} INFO - Starting attempt 1 of 6
[2024-05-19T14:34:53.691+0000] {taskinstance.py:2214} INFO - Executing <Task(PythonOperator): insert_data_from_files> on 2024-05-17 21:11:00+00:00
[2024-05-19T14:34:53.724+0000] {standard_task_runner.py:60} INFO - Started process 15918 to run task
[2024-05-19T14:34:53.742+0000] {standard_task_runner.py:87} INFO - Running: ['***', 'tasks', 'run', 'ETL_Flow', 'insert_data_from_files', 'scheduled__2024-05-17T21:11:00+00:00', '--job-id', '3503', '--raw', '--subdir', 'DAGS_FOLDER/ETL.py', '--cfg-path', '/tmp/tmptu8k5k10']
[2024-05-19T14:34:53.749+0000] {standard_task_runner.py:88} INFO - Job 3503: Subtask insert_data_from_files
[2024-05-19T14:34:53.949+0000] {task_command.py:423} INFO - Running <TaskInstance: ETL_Flow.insert_data_from_files scheduled__2024-05-17T21:11:00+00:00 [running]> on host 518f7ecc027f
[2024-05-19T14:34:54.905+0000] {taskinstance.py:2510} INFO - Exporting env vars: AIRFLOW_CTX_DAG_OWNER='coder2j' AIRFLOW_CTX_DAG_ID='ETL_Flow' AIRFLOW_CTX_TASK_ID='insert_data_from_files' AIRFLOW_CTX_EXECUTION_DATE='2024-05-17T21:11:00+00:00' AIRFLOW_CTX_TRY_NUMBER='1' AIRFLOW_CTX_DAG_RUN_ID='scheduled__2024-05-17T21:11:00+00:00'
[2024-05-19T14:34:55.625+0000] {base.py:83} INFO - Using connection ID 'postgres_localhost' for task execution.
[2024-05-19T14:34:55.816+0000] {sql.py:572} INFO - Done loading. Loaded a total of 50 rows into MRR_Dim_Customers
[2024-05-19T14:34:56.057+0000] {base.py:83} INFO - Using connection ID 'postgres_localhost' for task execution.
[2024-05-19T14:34:56.967+0000] {sql.py:572} INFO - Done loading. Loaded a total of 312 rows into MRR_Fact_Events
[2024-05-19T14:34:57.047+0000] {base.py:83} INFO - Using connection ID 'postgres_localhost' for task execution.
[2024-05-19T14:34:57.343+0000] {sql.py:572} INFO - Done loading. Loaded a total of 77 rows into MRR_Dim_Products
[2024-05-19T14:34:57.476+0000] {base.py:83} INFO - Using connection ID 'postgres_localhost' for task execution.
[2024-05-19T14:34:57.982+0000] {sql.py:572} INFO - Done loading. Loaded a total of 155 rows into MRR_Fact_Orders
[2024-05-19T14:34:58.082+0000] {base.py:83} INFO - Using connection ID 'postgres_localhost' for task execution.
[2024-05-19T14:34:58.882+0000] {sql.py:572} INFO - Done loading. Loaded a total of 261 rows into MRR_Fact_Details
[2024-05-19T14:34:58.883+0000] {python.py:202} INFO - Done. Returned value was: None
[2024-05-19T14:34:58.901+0000] {taskinstance.py:1149} INFO - Marking task as SUCCESS. dag_id=ETL_Flow, task_id=insert_data_from_files, execution_date=20240517T211100, start_date=20240519T143453, end_date=20240519T143458
[2024-05-19T14:34:58.962+0000] {local_task_job_runner.py:234} INFO - Task exited with return code 0
[2024-05-19T14:34:58.978+0000] {warnings.py:109} WARNING - /home/***/.local/lib/python3.8/site-packages/***/models/baseoperator.py:1201: AirflowProviderDeprecationWarning: Call to deprecated class PostgresOperator. (Please use `***.providers.common.sql.operators.sql.SQLExecuteQueryOperator`.Also, you can provide `hook_params={'schema': <database>}`.)
  result = cls.__new__(cls)

[2024-05-19T14:34:59.301+0000] {taskinstance.py:3309} INFO - 1 downstream tasks scheduled from follow-on schedule check
