[2024-03-18T18:52:46.569+0000] {taskinstance.py:1979} INFO - Dependencies all met for dep_context=non-requeueable deps ti=<TaskInstance: ETL_Flow.insert_data manual__2024-03-18T18:36:10.508382+00:00 [queued]>
[2024-03-18T18:52:46.584+0000] {taskinstance.py:1979} INFO - Dependencies all met for dep_context=requeueable deps ti=<TaskInstance: ETL_Flow.insert_data manual__2024-03-18T18:36:10.508382+00:00 [queued]>
[2024-03-18T18:52:46.585+0000] {taskinstance.py:2193} INFO - Starting attempt 3 of 8
[2024-03-18T18:52:46.622+0000] {taskinstance.py:2214} INFO - Executing <Task(PostgresOperator): insert_data> on 2024-03-18 18:36:10.508382+00:00
[2024-03-18T18:52:46.629+0000] {standard_task_runner.py:60} INFO - Started process 2030 to run task
[2024-03-18T18:52:46.635+0000] {standard_task_runner.py:87} INFO - Running: ['***', 'tasks', 'run', 'ETL_Flow', 'insert_data', 'manual__2024-03-18T18:36:10.508382+00:00', '--job-id', '1844', '--raw', '--subdir', 'DAGS_FOLDER/etl2.py', '--cfg-path', '/tmp/tmpum75vvcq']
[2024-03-18T18:52:46.639+0000] {standard_task_runner.py:88} INFO - Job 1844: Subtask insert_data
[2024-03-18T18:52:46.704+0000] {task_command.py:423} INFO - Running <TaskInstance: ETL_Flow.insert_data manual__2024-03-18T18:36:10.508382+00:00 [running]> on host b4ee6ab26675
[2024-03-18T18:52:47.100+0000] {taskinstance.py:2510} INFO - Exporting env vars: AIRFLOW_CTX_DAG_OWNER='coder2j' AIRFLOW_CTX_DAG_ID='ETL_Flow' AIRFLOW_CTX_TASK_ID='insert_data' AIRFLOW_CTX_EXECUTION_DATE='2024-03-18T18:36:10.508382+00:00' AIRFLOW_CTX_TRY_NUMBER='3' AIRFLOW_CTX_DAG_RUN_ID='manual__2024-03-18T18:36:10.508382+00:00'
[2024-03-18T18:52:47.102+0000] {sql.py:276} INFO - Executing: INSERT INTO MRR_Fact_Orders (order_id, Order_Time, customer_id, Employee_ID, Shipper_ID)
VALUES
    (10985, '2008-02-18 14:27:00', 37, 9, 1),
    (11002, '2007-10-03 22:16:00', 37, 9, 8),
    (11034, '2007-12-18 00:16:00', 37, 9, 3),
    (10315, '2007-01-21 02:16:00', 38, 9, 9),
    (10798, '2008-01-23 05:16:00', 38, 9, 3),
    (10829, '2007-09-10 06:16:00', 38, 9, 7),
    (10457, '2005-12-21 10:00:00', 39, 9, 3),
    (10468, '2006-03-04 11:00:00', 39, 9, 2),
    (10506, '2006-02-10 12:00:00', 39, 9, 7),
    (10799, '2008-02-22 16:00:00', 39, 9, 9),
    (10849, '2007-09-19 18:00:00', 39, 9, 3),
    (10893, '2007-10-15 12:00:00', 39, 9, 2),
    (11028, '2008-08-13 13:00:00', 39, 9, 1),
    (10461, '2006-07-27 00:06:00', 46, 9, 9),
    (10499, '2006-02-04 01:06:00', 46, 9, 2),
    (10823, '2007-09-06 04:06:00', 46, 9, 5),
    (10997, '2008-08-01 06:06:00', 46, 9, 1),
    (11071, '2008-07-13 08:06:00', 46, 9, 8),
    (10485, '2006-07-24 10:06:00', 47, 9, 6),
    (10838, '2008-01-16 15:06:00', 47, 9, 3),
    (10840, '2008-02-16 16:06:00', 47, 9, 3),
    (10452, '2005-12-16 16:00:00', 71, 9, 7),
    (10359, '2007-01-15 17:00:00', 72, 9, 7),
    (10275, '2007-04-03 18:00:00', 73, 9, 9),
    (10318, '2008-05-29 13:00:00', 73, 9, 7),
    (10387, '2007-09-14 16:00:00', 73, 9, 6),
    (10393, '2006-03-22 17:00:00', 73, 9, 9),
    (10417, '2007-09-12 18:00:00', 73, 9, 8),
    (10443, '2005-11-07 09:23:00', 73, 9, 7),
    (10787, '2007-08-15 13:34:00', 73, 9, 7),
    (10802, '2008-05-27 14:34:00', 73, 9, 2),
    (10841, '2007-09-16 16:34:00', 73, 9, 9),
    (10900, '2007-10-17 19:34:00', 73, 9, 5),
    (10940, '2008-05-09 20:34:00', 73, 9, 5),
    (10951, '2007-11-12 21:34:00', 73, 9, 8),
    (10978, '2008-06-23 07:27:00', 73, 9, 7),
    (11004, '2008-06-04 08:27:00', 73, 9, 7),
    (11077, '2008-08-02 11:27:00', 73, 9, 8),
    (10839, '2008-01-16 02:16:00', 81, 9, 8),
    (10504, '2006-02-08 00:06:00', 89, 9, 6),
    (11032, '2008-01-15 08:06:00', 89, 9, 4),
    (11066, '2007-12-30 09:06:00', 89, 9, 9),
    (10910, '2008-04-25 10:06:00', 90, 9, 3);


INSERT INTO MRR_Dim_Customers (Customer_ID, Company_Name, Contact_Name, Street, City, Postal_Code, Country, Phone, Fax)
VALUES
(1, 'Eintrach GS', 'Albert von Einstein', 'Obere Str 57', 'Berlin', '12209', 'Germany', '300074321', '300076545'),
(2, 'La Tienda de la Esquina', 'Paco el Maco', 'Avda de la Constitucion 2222', 'Mexico DF', '5021', 'Mexico', '(5) 5554729', '(5) 5553745'),
(3, 'La Ropa Vieja', 'Sancho Panza', 'C Ritual de lo Habitual 2312', 'Mexico DF', '5023', 'Mexico', '(5) 5553932', ''),
(4, 'Dr Jims Trousers', 'Carl Montgomery', '120 Hanover Sq', 'London', 'WA1 1DP', 'UK', '(171) 5557788', '(171) 5556750'),
(5, 'Urras Shop', 'Urra Gurra Aktersnurra', 'Berguvsvagen 8', 'Lulea', 'S958 22', 'Sweden', '092112 34 65', '092112 34 67'),
(6, 'Man Kleider', 'Herman Hinschler', 'Forsterstr 57', 'Mannheim', '68306', 'Germany', '62108460', '62108924'),
(7, 'Menage a Trois', 'Julie Binoche', '24 place Kleber', 'Strasbourg', '67000', 'France', '88601531', '88601532'),
(8, 'Las Corbatas', 'Julio Iglesias', 'C de Don Quijote 67', 'Madrid', '28023', 'Spain', '(91) 555 22 82', '(91) 555 91 99'),
(9, 'La Legion Mercenaire', 'Bernard de Gaule', '12 rue des Bouchers', 'Marseille', '13008', 'France', '91244540', '91244541'),
(10, 'Big Foot Shoes', 'James Hendersson', '23 Tsawassen Blvd', 'Tsawassen', 'T2F 8M4', 'Canada', '(604) 5554729', '(604) 5553745'),
(11, 'Shoe Expert', 'David Foot', 'Fauntleroy Circus', 'London', 'EC2 5NT', 'UK', '(171) 5551212', ''),
(12, 'Los Pantalones Magicos', 'Victoria Abril', 'Plaza de Mayo 6', 'Buenos Aires', '1010', 'Argentina', '(1) 1355555', '(1) 1354892'),
(13, 'Los Sombreros Gigantes', 'Speedy Gonzales', 'El Barrio Chino 12', 'Mexico DF', '5021', 'Mexico', '(5) 5553392', '(5) 5557293'),
(14, 'Das Alpen Shoe', 'Alfred Neumann', 'Hauptstr 29', 'Bern', '3012', 'Switzerland', '', '452076545'),
(15, 'Tendha do Flamengo', 'Edson Arantes do Nascimento', 'Av dos Lusiadas 23', 'Sao Paulo', '5432043', 'Brazil', '(11) 5557647', ''),
(16, 'The sharped dressed man', 'Ian Wright', 'Berkeley Gardens 12 Brewery', 'London', 'WX1 6LT', 'UK', '(171) 5552282', '(171) 5559199'),
(17, 'Gluderstedt', 'Lars von Holstein', 'Walserweg 21', 'Aachen', '52066', 'Germany', '241039123', '241059428'),
(18, 'Aujourdhui', 'Pierre Chardin', '67 rue des Cinquante Otages', 'Nantes', '44000', 'France', '40678888', '40678989'),
(19, 'Th Fashing', 'Greg Thatcher', '35 King George', 'London', 'WX1 6LT', 'UK', '(171) 5550297', '(171) 5553373'),
(20, 'Ski Store', 'Lars Saalbach', 'Kirchgasse 6', 'Graz', '8010', 'Austria', '76753425', '76753426'),
(21, 'Cloe do Pau', 'Romario do Sauza', 'Rua Oros 92', 'Sao Paulo', '5442030', 'Brazil', '(11) 5559857', ''),
(22, 'La Camisas Cansadas', 'Filemon', 'C Moralzarzal 86', 'Madrid', '28023', 'Spain', '(91) 555 94 44', '(91) 555 55 93'),
(23, 'Champes', 'Jaques Wilneuve', '184 chaussee de Tournai', 'Lille', '59000', 'France', '20161016', '20161017'),
(24, 'Sport and Fritid AB', 'Linda Haglund', 'akergatan 24', 'Bracke', 'S844 67', 'Sweden', '069534 67 21', ''),
(25, 'Halle Koln', 'Dieter Koln', 'Berliner Platz 43', 'Munchen', '80805', 'Germany', '890877310', '890877451'),
(26, 'Le Sais de Rion', 'Jeanne d´Anjou', '54 rue Royale', 'Nantes', '44000', 'France', '40322121', '40322120'),
(27, 'Il Pantaloni di la Cammorra', 'Don Corleone', 'Via Monte Bianco 34', 'Torino', '10100', 'Italy', '114988260', '114988261'),
(28, 'El Traige do Benfica', 'Vitor Baiha', 'Jardim das rosas n 32', 'Lisboa', '1675', 'Portugal', '(1) 3542534', '(1) 3542535'),
(29, 'El Chandal del Barca', 'Jusep del pep', 'Rambla de Cataluña 23', 'Barcelona', '8022', 'Spain', '(93) 203 4560', '(93) 203 4561'),
(30, 'Los Trajes de Matador', 'El Cordobes', 'Finca La Campana 33', 'Sevilla', '41101', 'Spain', '(95) 555 82 82', '');



INSERT INTO MRR_Dim_Employees (Employee_ID, Last_Name, First_Name, Title, Hire_Date, Office, Reports_To, Month_Salary)
VALUES
(2, 'Presley', 'Elvis', 'President', '5/15/2001', 1, NULL, 30000),
(4, 'Callins', 'Joan', 'Sales Manager', '5/4/2002', 3, 2, 12000),
(1, 'Roll', 'Rock', 'Sales Representative', '6/1/2002', 5, 4, 12000),
(3, 'Carsson', 'Rob', 'Sales Representative', '6/1/2002', 1, 4, 12000),
(5, 'Hendrix', 'Ingrid', 'Sales Representative', '6/17/2003', 3, 4, 12000),
(6, 'Skoglund', 'Lennart', 'Sales Representative', '9/17/2001', 4, 4, 12000),
(7, 'Lindwall', 'Tom', 'Sales Representative', '7/23/2003', 2, 4, 12000),
(8, 'Shine', 'Leif', 'Sales Coordinator', '11/3/2001', 2, 2, 12000),
(9, 'Brolin', 'Helen', 'Sales Representative', '10/16/2002', 1, 4, 12000),
(19, 'Letterman', 'David', 'Product Manager', '6/10/2001', 2, 8, 12493),
(20, 'Cleaves', 'John', 'Product Manager', '6/3/2002', 3, 8, 12613),
(21, 'Takako', 'Miro', 'Product Manager', '10/23/2002', 4, 8, 12056),
(22, 'Protzmann', 'Binh', 'Product Manager', '11/4/2001', 5, 8, 13318),
(23, 'Sandu', 'Cezar', 'Systems Manager', '10/23/2001', 2, 19, 12716),
(24, 'Crawford', 'Cindy', 'Systems Manager', '2/6/2003', 2, 19, 12508),
(25, 'Bond', 'James', 'Systems Manager', '3/6/2003', 2, 19, 16598),
(26, 'Doe', 'John', 'Systems Manager', '4/1/2004', 2, 19, 16596),
(27, 'Kaddafi', 'Mario', 'Systems Manager', '2/3/2002', 5, 22, 15077),
(28, 'Dupont', 'Paul', 'Systems Manager', '10/7/2002', 5, 22, 16408),
(29, 'Svensson', 'Sven', 'Storeman', '9/29/2003', 5, 22, 15595),
(30, 'Baumel', 'Ira', 'Storeman', '8/31/2004', 5, 22, 14386),
(31, 'Helmkey', 'Keith', 'Storeman', '11/29/2004', 5, 22, 15530),
(32, 'Wesenlund', 'Rolf', 'Storeman', '3/29/2004', 3, 20, 14581),
(33, 'Lindquist', 'Ann', 'Storeman', '9/11/2003', 3, 20, 15979),
(34, 'Yang', 'Bill', 'Storeman', '9/11/2004', 3, 20, 12844),
(35, 'Jönsson', 'Charles Ingvar', 'Storeman', '8/31/2004', 3, 20, 16156),
(36, 'Clouseau', 'Jacques', 'Storeman', '4/2/2005', 3, 20, 15710),
(37, 'Tessel', 'Jerry', 'Network Manager', '4/2/2003', 4, 21, 14250),
(38, 'Lemon', 'John', 'Network Manager', '5/3/2003', 4, 21, 15693),
(39, 'Salvatori', 'Marcus', 'Storeman', '9/7/2003', 4, 21, 15066),
(40, 'Simenon', 'Olivier', 'Storeman', '8/31/2004', 4, 21, 12631),
(41, 'Gupta', 'Sunil', 'Storeman', '9/4/2004', 4, 21, 15401),
(42, 'Arlig', 'Osten', 'Account Manager', '8/24/2002', 1, 3, 16559),
(43, 'Park', 'Bob', 'Account Manager', '6/9/2002', 2, 7, 12082),
(44, 'Kent', 'Clark', 'Account Manager', '10/1/2001', 2, 7, 13275),
(45, 'Cheng', 'Joe', 'Account Manager', '4/2/2003', 3, 5, 16814),
(46, 'Alpan', 'Kaya', 'Account Manager', '9/21/2003', 3, 5, 15553),
(47, 'Tyson', 'Michelle', 'Account Manager', '10/2/2002', 4, 6, 13136),
(48, 'Gucci', 'Ricardo', 'Account Manager', '9/1/2003', 4, 6, 12831),
(49, 'Cioazzi', 'Steve', 'Operator/Clerk', '9/1/2002', 1, 2, 14143),
(50, 'Finley', 'Kenneth', 'Operator/Clerk', '9/1/2002', 2, 8, 15762),
(51, 'Luke', 'Lucky', 'Operator/Clerk', '9/3/2004', 3, 4, 16137),
(52, 'Ashkenaz', 'Mike', 'Account Manager', '7/31/2004', 1, 42, 12636),
(53, 'Ranieri', 'Richard', 'Account Manager', '9/7/2004', 2, 23, 14238);


INSERT INTO MRR_Dim_Products (Product_ID, Product_Name, Supplier, Category, Unit_Price, Unit_Cost)
VALUES
(1, 'Lenin Jeansshorts', 1, 1, 20.00, 14),
(2, 'Mr X Trousers', 1, 1, 19.00, 13.3),
(3, 'Chantell Shirt', 1, 2, 20.00, 14),
(4, 'Oyaki Kimono', 2, 2, 22.00, 15.4),
(5, 'O-Man Underwear', 2, 1, 6.00, 4.2),
(6, 'Shagall Socks', 3, 2, 4.00, 2.8),
(7, 'Conserve Shoes', 3, 7, 40.00, 28),
(8, 'Tuxedo', 3, 2, 20.00, 14),
(9, 'Fuji Boots', 4, 6, 39.00, 27.3),
(10, 'Sapporoo Gloves', 4, 8, 7.00, 4.9),
(11, 'Desperado Jeans', 5, 1, 28.00, 19.6),
(12, 'Tiny Winy Hot Bikini', 5, 4, 10.00, 7),
(13, 'Aino Shoes', 6, 8, 25.00, 20),
(14, 'Kool Sunglasses', 6, 7, 23.25, 18.6),
(15, 'Sumi Underwear', 6, 2, 6.50, 5.2),
(16, 'Wimbledon T-Shirt', 7, 3, 9.45, 7.56),
(17, 'TieBreak Tennis shoes', 7, 6, 25.00, 20),
(18, 'Deuce shirt', 7, 8, 25.50, 20.4),
(19, 'Squash Shorts', 8, 3, 9.20, 7.36),
(20, 'Tennis Suit', 8, 3, 81.00, 64.8),
(21, 'Basket Shoes', 8, 3, 10.00, 8),
(22, 'Ravellis Träskor', 9, 5, 3.50, 2.8),
(23, 'DSW', 9, 5, 9.00, 7.2),
(24, 'Samba Socker  Socks', 10, 1, 4.50, 3.6),
(25, 'Basket Vest', 11, 3, 14.00, 11.2),
(26, 'Bike Helmet', 11, 3, 31.23, 24.984),
(27, 'Tracksuit', 11, 3, 43.90, 35.12),
(28, 'RDL Suit', 12, 7, 45.60, 36.48),
(29, 'Davenport', 12, 6, 123.79, 99.032),
(30, 'Baby Dark Lounge Suit', 13, 8, 25.89, 20.712),
(31, 'Rossi Bermuda Shorts', 14, 4, 8.50, 6.8),
(32, 'Rossi Bikkini', 14, 4, 19.00, 15.2),
(33, 'Car Boots', 15, 3, 25.50, 20.4),
(34, 'Baywatch Bikkini', 16, 4, 8.00, 7.2),
(35, 'LA. Shorts', 16, 4, 6.00, 5.4),
(36, 'Mehmet-Tröja', 17, 8, 8.00, 7.2),
(37, 'Mehmet-Skor', 17, 8, 4.00, 3.6),
(38, 'Le Baby Dress', 18, 2, 80.50, 72.45),
(39, 'Terence Top', 18, 2, 60.00, 54),
(40, 'Duck Trousers', 19, 8, 18.40, 16.56),
(41, 'Duck Shirt', 19, 8, 9.65, 8.685),
(42, 'Balett Shoes', 20, 5, 14.00, 12.6),
(43, 'Summer Shorts', 20, 4, 12.00, 10.8),
(44, 'Okkaba Skin Jackets', 20, 2, 75.45, 67.905),
(45, 'Danske Treshoe', 21, 6, 9.50, 8.55),
(46, 'Rodbye Troje', 21, 8, 12.00, 10.8),
(47, 'Lundenhagen Boots', 22, 6, 25.50, 22.95),
(48, 'Root Boot', 22, 6, 32.75, 29.475),
(49, 'Finnish Sport Blades', 23, 3, 20.00, 18),
(50, 'Finnish Swimsuit', 23, 3, 16.25, 14.625),
(51, 'Snake Boots', 24, 6, 99.90, 89.91),
(52, 'Small Crocodile Boots', 24, 5, 80.00, 72),
(53, 'Jumpin Jack Flash Dress', 24, 2, 60.80, 54.72),
(54, 'Patamonia Fleece Jacket', 25, 3, 35.45, 31.905),
(55, 'Feiss Fleece Trousers', 25, 3, 39.00, 35.1),
(56, 'High Heels Shoes', 26, 5, 38.00, 34.2),
(57, 'Burned Rubber Shoes', 26, 5, 19.50, 17.55),
(58, 'Ga-Ga Dress', 27, 8, 48.25, 43.425),
(59, 'Rasta WCT', 28, 3, 8.50, 7.65),
(60, 'Game Over T-Shirt', 28, 3, 5.00, 4.5);


INSERT INTO MRR_Fact_Details (Order_ID, Product_ID, Quantity)
VALUES
(10248, 11, 12),
(10248, 42, 10),
(10248, 72, 5),
(10249, 14, 9),
(10249, 51, 40),
(10250, 41, 10),
(10250, 51, 35),
(10250, 65, 15),
(10251, 22, 6),
(10251, 57, 15),
(10251, 65, 20),
(10252, 20, 40),
(10252, 33, 25),
(10252, 60, 40),
(10253, 31, 20),
(10253, 39, 42),
(10253, 49, 40),
(10254, 24, 15),
(10254, 55, 21),
(10254, 74, 21),
(10255, 2, 20),
(10255, 16, 35),
(10255, 36, 25),
(10255, 59, 30),
(10256, 53, 15),
(10256, 77, 12),
(10257, 27, 25),
(10257, 39, 6),
(10257, 77, 15),
(10258, 2, 50),
(10258, 5, 65),
(10258, 32, 6),
(10259, 21, 10),
(10259, 37, 1),
(10260, 41, 16),
(10260, 57, 50),
(10260, 62, 15),
(10260, 70, 21),
(10261, 21, 20),
(10261, 35, 20),
(10262, 5, 12),
(10262, 7, 15),
(10262, 56, 2),
(10263, 16, 60),
(10263, 24, 28),
(10263, 30, 60),
(10263, 74, 36),
(10264, 2, 35),
(10264, 41, 25),
(10265, 17, 30),
(10265, 70, 20),
(10266, 12, 12),
(10267, 40, 50),
(10267, 59, 70),
(10267, 76, 15);
[2024-03-18T18:52:47.119+0000] {base.py:83} INFO - Using connection ID 'postgres_localhost' for task execution.
[2024-03-18T18:52:47.136+0000] {base.py:83} INFO - Using connection ID 'postgres_localhost' for task execution.
[2024-03-18T18:52:47.157+0000] {sql.py:457} INFO - Running statement: INSERT INTO MRR_Fact_Orders (order_id, Order_Time, customer_id, Employee_ID, Shipper_ID)
VALUES
    (10985, '2008-02-18 14:27:00', 37, 9, 1),
    (11002, '2007-10-03 22:16:00', 37, 9, 8),
    (11034, '2007-12-18 00:16:00', 37, 9, 3),
    (10315, '2007-01-21 02:16:00', 38, 9, 9),
    (10798, '2008-01-23 05:16:00', 38, 9, 3),
    (10829, '2007-09-10 06:16:00', 38, 9, 7),
    (10457, '2005-12-21 10:00:00', 39, 9, 3),
    (10468, '2006-03-04 11:00:00', 39, 9, 2),
    (10506, '2006-02-10 12:00:00', 39, 9, 7),
    (10799, '2008-02-22 16:00:00', 39, 9, 9),
    (10849, '2007-09-19 18:00:00', 39, 9, 3),
    (10893, '2007-10-15 12:00:00', 39, 9, 2),
    (11028, '2008-08-13 13:00:00', 39, 9, 1),
    (10461, '2006-07-27 00:06:00', 46, 9, 9),
    (10499, '2006-02-04 01:06:00', 46, 9, 2),
    (10823, '2007-09-06 04:06:00', 46, 9, 5),
    (10997, '2008-08-01 06:06:00', 46, 9, 1),
    (11071, '2008-07-13 08:06:00', 46, 9, 8),
    (10485, '2006-07-24 10:06:00', 47, 9, 6),
    (10838, '2008-01-16 15:06:00', 47, 9, 3),
    (10840, '2008-02-16 16:06:00', 47, 9, 3),
    (10452, '2005-12-16 16:00:00', 71, 9, 7),
    (10359, '2007-01-15 17:00:00', 72, 9, 7),
    (10275, '2007-04-03 18:00:00', 73, 9, 9),
    (10318, '2008-05-29 13:00:00', 73, 9, 7),
    (10387, '2007-09-14 16:00:00', 73, 9, 6),
    (10393, '2006-03-22 17:00:00', 73, 9, 9),
    (10417, '2007-09-12 18:00:00', 73, 9, 8),
    (10443, '2005-11-07 09:23:00', 73, 9, 7),
    (10787, '2007-08-15 13:34:00', 73, 9, 7),
    (10802, '2008-05-27 14:34:00', 73, 9, 2),
    (10841, '2007-09-16 16:34:00', 73, 9, 9),
    (10900, '2007-10-17 19:34:00', 73, 9, 5),
    (10940, '2008-05-09 20:34:00', 73, 9, 5),
    (10951, '2007-11-12 21:34:00', 73, 9, 8),
    (10978, '2008-06-23 07:27:00', 73, 9, 7),
    (11004, '2008-06-04 08:27:00', 73, 9, 7),
    (11077, '2008-08-02 11:27:00', 73, 9, 8),
    (10839, '2008-01-16 02:16:00', 81, 9, 8),
    (10504, '2006-02-08 00:06:00', 89, 9, 6),
    (11032, '2008-01-15 08:06:00', 89, 9, 4),
    (11066, '2007-12-30 09:06:00', 89, 9, 9),
    (10910, '2008-04-25 10:06:00', 90, 9, 3);


INSERT INTO MRR_Dim_Customers (Customer_ID, Company_Name, Contact_Name, Street, City, Postal_Code, Country, Phone, Fax)
VALUES
(1, 'Eintrach GS', 'Albert von Einstein', 'Obere Str 57', 'Berlin', '12209', 'Germany', '300074321', '300076545'),
(2, 'La Tienda de la Esquina', 'Paco el Maco', 'Avda de la Constitucion 2222', 'Mexico DF', '5021', 'Mexico', '(5) 5554729', '(5) 5553745'),
(3, 'La Ropa Vieja', 'Sancho Panza', 'C Ritual de lo Habitual 2312', 'Mexico DF', '5023', 'Mexico', '(5) 5553932', ''),
(4, 'Dr Jims Trousers', 'Carl Montgomery', '120 Hanover Sq', 'London', 'WA1 1DP', 'UK', '(171) 5557788', '(171) 5556750'),
(5, 'Urras Shop', 'Urra Gurra Aktersnurra', 'Berguvsvagen 8', 'Lulea', 'S958 22', 'Sweden', '092112 34 65', '092112 34 67'),
(6, 'Man Kleider', 'Herman Hinschler', 'Forsterstr 57', 'Mannheim', '68306', 'Germany', '62108460', '62108924'),
(7, 'Menage a Trois', 'Julie Binoche', '24 place Kleber', 'Strasbourg', '67000', 'France', '88601531', '88601532'),
(8, 'Las Corbatas', 'Julio Iglesias', 'C de Don Quijote 67', 'Madrid', '28023', 'Spain', '(91) 555 22 82', '(91) 555 91 99'),
(9, 'La Legion Mercenaire', 'Bernard de Gaule', '12 rue des Bouchers', 'Marseille', '13008', 'France', '91244540', '91244541'),
(10, 'Big Foot Shoes', 'James Hendersson', '23 Tsawassen Blvd', 'Tsawassen', 'T2F 8M4', 'Canada', '(604) 5554729', '(604) 5553745'),
(11, 'Shoe Expert', 'David Foot', 'Fauntleroy Circus', 'London', 'EC2 5NT', 'UK', '(171) 5551212', ''),
(12, 'Los Pantalones Magicos', 'Victoria Abril', 'Plaza de Mayo 6', 'Buenos Aires', '1010', 'Argentina', '(1) 1355555', '(1) 1354892'),
(13, 'Los Sombreros Gigantes', 'Speedy Gonzales', 'El Barrio Chino 12', 'Mexico DF', '5021', 'Mexico', '(5) 5553392', '(5) 5557293'),
(14, 'Das Alpen Shoe', 'Alfred Neumann', 'Hauptstr 29', 'Bern', '3012', 'Switzerland', '', '452076545'),
(15, 'Tendha do Flamengo', 'Edson Arantes do Nascimento', 'Av dos Lusiadas 23', 'Sao Paulo', '5432043', 'Brazil', '(11) 5557647', ''),
(16, 'The sharped dressed man', 'Ian Wright', 'Berkeley Gardens 12 Brewery', 'London', 'WX1 6LT', 'UK', '(171) 5552282', '(171) 5559199'),
(17, 'Gluderstedt', 'Lars von Holstein', 'Walserweg 21', 'Aachen', '52066', 'Germany', '241039123', '241059428'),
(18, 'Aujourdhui', 'Pierre Chardin', '67 rue des Cinquante Otages', 'Nantes', '44000', 'France', '40678888', '40678989'),
(19, 'Th Fashing', 'Greg Thatcher', '35 King George', 'London', 'WX1 6LT', 'UK', '(171) 5550297', '(171) 5553373'),
(20, 'Ski Store', 'Lars Saalbach', 'Kirchgasse 6', 'Graz', '8010', 'Austria', '76753425', '76753426'),
(21, 'Cloe do Pau', 'Romario do Sauza', 'Rua Oros 92', 'Sao Paulo', '5442030', 'Brazil', '(11) 5559857', ''),
(22, 'La Camisas Cansadas', 'Filemon', 'C Moralzarzal 86', 'Madrid', '28023', 'Spain', '(91) 555 94 44', '(91) 555 55 93'),
(23, 'Champes', 'Jaques Wilneuve', '184 chaussee de Tournai', 'Lille', '59000', 'France', '20161016', '20161017'),
(24, 'Sport and Fritid AB', 'Linda Haglund', 'akergatan 24', 'Bracke', 'S844 67', 'Sweden', '069534 67 21', ''),
(25, 'Halle Koln', 'Dieter Koln', 'Berliner Platz 43', 'Munchen', '80805', 'Germany', '890877310', '890877451'),
(26, 'Le Sais de Rion', 'Jeanne d´Anjou', '54 rue Royale', 'Nantes', '44000', 'France', '40322121', '40322120'),
(27, 'Il Pantaloni di la Cammorra', 'Don Corleone', 'Via Monte Bianco 34', 'Torino', '10100', 'Italy', '114988260', '114988261'),
(28, 'El Traige do Benfica', 'Vitor Baiha', 'Jardim das rosas n 32', 'Lisboa', '1675', 'Portugal', '(1) 3542534', '(1) 3542535'),
(29, 'El Chandal del Barca', 'Jusep del pep', 'Rambla de Cataluña 23', 'Barcelona', '8022', 'Spain', '(93) 203 4560', '(93) 203 4561'),
(30, 'Los Trajes de Matador', 'El Cordobes', 'Finca La Campana 33', 'Sevilla', '41101', 'Spain', '(95) 555 82 82', '');



INSERT INTO MRR_Dim_Employees (Employee_ID, Last_Name, First_Name, Title, Hire_Date, Office, Reports_To, Month_Salary)
VALUES
(2, 'Presley', 'Elvis', 'President', '5/15/2001', 1, NULL, 30000),
(4, 'Callins', 'Joan', 'Sales Manager', '5/4/2002', 3, 2, 12000),
(1, 'Roll', 'Rock', 'Sales Representative', '6/1/2002', 5, 4, 12000),
(3, 'Carsson', 'Rob', 'Sales Representative', '6/1/2002', 1, 4, 12000),
(5, 'Hendrix', 'Ingrid', 'Sales Representative', '6/17/2003', 3, 4, 12000),
(6, 'Skoglund', 'Lennart', 'Sales Representative', '9/17/2001', 4, 4, 12000),
(7, 'Lindwall', 'Tom', 'Sales Representative', '7/23/2003', 2, 4, 12000),
(8, 'Shine', 'Leif', 'Sales Coordinator', '11/3/2001', 2, 2, 12000),
(9, 'Brolin', 'Helen', 'Sales Representative', '10/16/2002', 1, 4, 12000),
(19, 'Letterman', 'David', 'Product Manager', '6/10/2001', 2, 8, 12493),
(20, 'Cleaves', 'John', 'Product Manager', '6/3/2002', 3, 8, 12613),
(21, 'Takako', 'Miro', 'Product Manager', '10/23/2002', 4, 8, 12056),
(22, 'Protzmann', 'Binh', 'Product Manager', '11/4/2001', 5, 8, 13318),
(23, 'Sandu', 'Cezar', 'Systems Manager', '10/23/2001', 2, 19, 12716),
(24, 'Crawford', 'Cindy', 'Systems Manager', '2/6/2003', 2, 19, 12508),
(25, 'Bond', 'James', 'Systems Manager', '3/6/2003', 2, 19, 16598),
(26, 'Doe', 'John', 'Systems Manager', '4/1/2004', 2, 19, 16596),
(27, 'Kaddafi', 'Mario', 'Systems Manager', '2/3/2002', 5, 22, 15077),
(28, 'Dupont', 'Paul', 'Systems Manager', '10/7/2002', 5, 22, 16408),
(29, 'Svensson', 'Sven', 'Storeman', '9/29/2003', 5, 22, 15595),
(30, 'Baumel', 'Ira', 'Storeman', '8/31/2004', 5, 22, 14386),
(31, 'Helmkey', 'Keith', 'Storeman', '11/29/2004', 5, 22, 15530),
(32, 'Wesenlund', 'Rolf', 'Storeman', '3/29/2004', 3, 20, 14581),
(33, 'Lindquist', 'Ann', 'Storeman', '9/11/2003', 3, 20, 15979),
(34, 'Yang', 'Bill', 'Storeman', '9/11/2004', 3, 20, 12844),
(35, 'Jönsson', 'Charles Ingvar', 'Storeman', '8/31/2004', 3, 20, 16156),
(36, 'Clouseau', 'Jacques', 'Storeman', '4/2/2005', 3, 20, 15710),
(37, 'Tessel', 'Jerry', 'Network Manager', '4/2/2003', 4, 21, 14250),
(38, 'Lemon', 'John', 'Network Manager', '5/3/2003', 4, 21, 15693),
(39, 'Salvatori', 'Marcus', 'Storeman', '9/7/2003', 4, 21, 15066),
(40, 'Simenon', 'Olivier', 'Storeman', '8/31/2004', 4, 21, 12631),
(41, 'Gupta', 'Sunil', 'Storeman', '9/4/2004', 4, 21, 15401),
(42, 'Arlig', 'Osten', 'Account Manager', '8/24/2002', 1, 3, 16559),
(43, 'Park', 'Bob', 'Account Manager', '6/9/2002', 2, 7, 12082),
(44, 'Kent', 'Clark', 'Account Manager', '10/1/2001', 2, 7, 13275),
(45, 'Cheng', 'Joe', 'Account Manager', '4/2/2003', 3, 5, 16814),
(46, 'Alpan', 'Kaya', 'Account Manager', '9/21/2003', 3, 5, 15553),
(47, 'Tyson', 'Michelle', 'Account Manager', '10/2/2002', 4, 6, 13136),
(48, 'Gucci', 'Ricardo', 'Account Manager', '9/1/2003', 4, 6, 12831),
(49, 'Cioazzi', 'Steve', 'Operator/Clerk', '9/1/2002', 1, 2, 14143),
(50, 'Finley', 'Kenneth', 'Operator/Clerk', '9/1/2002', 2, 8, 15762),
(51, 'Luke', 'Lucky', 'Operator/Clerk', '9/3/2004', 3, 4, 16137),
(52, 'Ashkenaz', 'Mike', 'Account Manager', '7/31/2004', 1, 42, 12636),
(53, 'Ranieri', 'Richard', 'Account Manager', '9/7/2004', 2, 23, 14238);


INSERT INTO MRR_Dim_Products (Product_ID, Product_Name, Supplier, Category, Unit_Price, Unit_Cost)
VALUES
(1, 'Lenin Jeansshorts', 1, 1, 20.00, 14),
(2, 'Mr X Trousers', 1, 1, 19.00, 13.3),
(3, 'Chantell Shirt', 1, 2, 20.00, 14),
(4, 'Oyaki Kimono', 2, 2, 22.00, 15.4),
(5, 'O-Man Underwear', 2, 1, 6.00, 4.2),
(6, 'Shagall Socks', 3, 2, 4.00, 2.8),
(7, 'Conserve Shoes', 3, 7, 40.00, 28),
(8, 'Tuxedo', 3, 2, 20.00, 14),
(9, 'Fuji Boots', 4, 6, 39.00, 27.3),
(10, 'Sapporoo Gloves', 4, 8, 7.00, 4.9),
(11, 'Desperado Jeans', 5, 1, 28.00, 19.6),
(12, 'Tiny Winy Hot Bikini', 5, 4, 10.00, 7),
(13, 'Aino Shoes', 6, 8, 25.00, 20),
(14, 'Kool Sunglasses', 6, 7, 23.25, 18.6),
(15, 'Sumi Underwear', 6, 2, 6.50, 5.2),
(16, 'Wimbledon T-Shirt', 7, 3, 9.45, 7.56),
(17, 'TieBreak Tennis shoes', 7, 6, 25.00, 20),
(18, 'Deuce shirt', 7, 8, 25.50, 20.4),
(19, 'Squash Shorts', 8, 3, 9.20, 7.36),
(20, 'Tennis Suit', 8, 3, 81.00, 64.8),
(21, 'Basket Shoes', 8, 3, 10.00, 8),
(22, 'Ravellis Träskor', 9, 5, 3.50, 2.8),
(23, 'DSW', 9, 5, 9.00, 7.2),
(24, 'Samba Socker  Socks', 10, 1, 4.50, 3.6),
(25, 'Basket Vest', 11, 3, 14.00, 11.2),
(26, 'Bike Helmet', 11, 3, 31.23, 24.984),
(27, 'Tracksuit', 11, 3, 43.90, 35.12),
(28, 'RDL Suit', 12, 7, 45.60, 36.48),
(29, 'Davenport', 12, 6, 123.79, 99.032),
(30, 'Baby Dark Lounge Suit', 13, 8, 25.89, 20.712),
(31, 'Rossi Bermuda Shorts', 14, 4, 8.50, 6.8),
(32, 'Rossi Bikkini', 14, 4, 19.00, 15.2),
(33, 'Car Boots', 15, 3, 25.50, 20.4),
(34, 'Baywatch Bikkini', 16, 4, 8.00, 7.2),
(35, 'LA. Shorts', 16, 4, 6.00, 5.4),
(36, 'Mehmet-Tröja', 17, 8, 8.00, 7.2),
(37, 'Mehmet-Skor', 17, 8, 4.00, 3.6),
(38, 'Le Baby Dress', 18, 2, 80.50, 72.45),
(39, 'Terence Top', 18, 2, 60.00, 54),
(40, 'Duck Trousers', 19, 8, 18.40, 16.56),
(41, 'Duck Shirt', 19, 8, 9.65, 8.685),
(42, 'Balett Shoes', 20, 5, 14.00, 12.6),
(43, 'Summer Shorts', 20, 4, 12.00, 10.8),
(44, 'Okkaba Skin Jackets', 20, 2, 75.45, 67.905),
(45, 'Danske Treshoe', 21, 6, 9.50, 8.55),
(46, 'Rodbye Troje', 21, 8, 12.00, 10.8),
(47, 'Lundenhagen Boots', 22, 6, 25.50, 22.95),
(48, 'Root Boot', 22, 6, 32.75, 29.475),
(49, 'Finnish Sport Blades', 23, 3, 20.00, 18),
(50, 'Finnish Swimsuit', 23, 3, 16.25, 14.625),
(51, 'Snake Boots', 24, 6, 99.90, 89.91),
(52, 'Small Crocodile Boots', 24, 5, 80.00, 72),
(53, 'Jumpin Jack Flash Dress', 24, 2, 60.80, 54.72),
(54, 'Patamonia Fleece Jacket', 25, 3, 35.45, 31.905),
(55, 'Feiss Fleece Trousers', 25, 3, 39.00, 35.1),
(56, 'High Heels Shoes', 26, 5, 38.00, 34.2),
(57, 'Burned Rubber Shoes', 26, 5, 19.50, 17.55),
(58, 'Ga-Ga Dress', 27, 8, 48.25, 43.425),
(59, 'Rasta WCT', 28, 3, 8.50, 7.65),
(60, 'Game Over T-Shirt', 28, 3, 5.00, 4.5);


INSERT INTO MRR_Fact_Details (Order_ID, Product_ID, Quantity)
VALUES
(10248, 11, 12),
(10248, 42, 10),
(10248, 72, 5),
(10249, 14, 9),
(10249, 51, 40),
(10250, 41, 10),
(10250, 51, 35),
(10250, 65, 15),
(10251, 22, 6),
(10251, 57, 15),
(10251, 65, 20),
(10252, 20, 40),
(10252, 33, 25),
(10252, 60, 40),
(10253, 31, 20),
(10253, 39, 42),
(10253, 49, 40),
(10254, 24, 15),
(10254, 55, 21),
(10254, 74, 21),
(10255, 2, 20),
(10255, 16, 35),
(10255, 36, 25),
(10255, 59, 30),
(10256, 53, 15),
(10256, 77, 12),
(10257, 27, 25),
(10257, 39, 6),
(10257, 77, 15),
(10258, 2, 50),
(10258, 5, 65),
(10258, 32, 6),
(10259, 21, 10),
(10259, 37, 1),
(10260, 41, 16),
(10260, 57, 50),
(10260, 62, 15),
(10260, 70, 21),
(10261, 21, 20),
(10261, 35, 20),
(10262, 5, 12),
(10262, 7, 15),
(10262, 56, 2),
(10263, 16, 60),
(10263, 24, 28),
(10263, 30, 60),
(10263, 74, 36),
(10264, 2, 35),
(10264, 41, 25),
(10265, 17, 30),
(10265, 70, 20),
(10266, 12, 12),
(10267, 40, 50),
(10267, 59, 70),
(10267, 76, 15);, parameters: None
[2024-03-18T18:52:47.185+0000] {sql.py:466} INFO - Rows affected: 55
[2024-03-18T18:52:47.187+0000] {warnings.py:109} WARNING - /home/***/.local/lib/python3.8/site-packages/***/providers/common/sql/hooks/sql.py:407: AirflowProviderDeprecationWarning: Call to deprecated method _make_common_data_structure. (The `_make_serializable` method is deprecated and support will be removed in a future version of the common.sql provider. Please update the DbApiHook's provider to a version based on common.sql >= 1.9.1.)
  result = self._make_common_data_structure(handler(cur))

[2024-03-18T18:52:47.215+0000] {taskinstance.py:1149} INFO - Marking task as SUCCESS. dag_id=ETL_Flow, task_id=insert_data, execution_date=20240318T183610, start_date=20240318T185246, end_date=20240318T185247
[2024-03-18T18:52:47.290+0000] {local_task_job_runner.py:234} INFO - Task exited with return code 0
[2024-03-18T18:52:47.314+0000] {warnings.py:109} WARNING - /home/***/.local/lib/python3.8/site-packages/***/models/baseoperator.py:1201: AirflowProviderDeprecationWarning: Call to deprecated class PostgresOperator. (Please use `***.providers.common.sql.operators.sql.SQLExecuteQueryOperator`.Also, you can provide `hook_params={'schema': <database>}`.)
  result = cls.__new__(cls)

[2024-03-18T18:52:47.340+0000] {taskinstance.py:3309} INFO - 1 downstream tasks scheduled from follow-on schedule check
