[2024-05-04T06:22:49.747+0000] {taskinstance.py:1979} INFO - Dependencies all met for dep_context=non-requeueable deps ti=<TaskInstance: ETL_Flow.truncate_mrr scheduled__2024-05-02T21:11:00+00:00 [queued]>
[2024-05-04T06:22:49.790+0000] {taskinstance.py:1979} INFO - Dependencies all met for dep_context=requeueable deps ti=<TaskInstance: ETL_Flow.truncate_mrr scheduled__2024-05-02T21:11:00+00:00 [queued]>
[2024-05-04T06:22:49.791+0000] {taskinstance.py:2193} INFO - Starting attempt 1 of 6
[2024-05-04T06:22:49.847+0000] {taskinstance.py:2214} INFO - Executing <Task(PostgresOperator): truncate_mrr> on 2024-05-02 21:11:00+00:00
[2024-05-04T06:22:49.881+0000] {standard_task_runner.py:60} INFO - Started process 6571 to run task
[2024-05-04T06:22:49.890+0000] {standard_task_runner.py:87} INFO - Running: ['***', 'tasks', 'run', 'ETL_Flow', 'truncate_mrr', 'scheduled__2024-05-02T21:11:00+00:00', '--job-id', '3317', '--raw', '--subdir', 'DAGS_FOLDER/ETL.py', '--cfg-path', '/tmp/tmpzq7d14lj']
[2024-05-04T06:22:49.897+0000] {standard_task_runner.py:88} INFO - Job 3317: Subtask truncate_mrr
[2024-05-04T06:22:49.998+0000] {task_command.py:423} INFO - Running <TaskInstance: ETL_Flow.truncate_mrr scheduled__2024-05-02T21:11:00+00:00 [running]> on host 518f7ecc027f
[2024-05-04T06:22:51.949+0000] {taskinstance.py:2510} INFO - Exporting env vars: AIRFLOW_CTX_DAG_OWNER='coder2j' AIRFLOW_CTX_DAG_ID='ETL_Flow' AIRFLOW_CTX_TASK_ID='truncate_mrr' AIRFLOW_CTX_EXECUTION_DATE='2024-05-02T21:11:00+00:00' AIRFLOW_CTX_TRY_NUMBER='1' AIRFLOW_CTX_DAG_RUN_ID='scheduled__2024-05-02T21:11:00+00:00'
[2024-05-04T06:22:51.951+0000] {sql.py:276} INFO - Executing: TRUNCATE TABLE MRR_Dim_Customers;
TRUNCATE TABLE MRR_Dim_Products;
TRUNCATE TABLE MRR_Fact_Details;
TRUNCATE TABLE MRR_Fact_Orders;
TRUNCATE TABLE MRR_Fact_Events;


[2024-05-04T06:22:51.971+0000] {base.py:83} INFO - Using connection ID 'postgres_localhost' for task execution.
[2024-05-04T06:22:51.993+0000] {base.py:83} INFO - Using connection ID 'postgres_localhost' for task execution.
[2024-05-04T06:22:52.039+0000] {sql.py:457} INFO - Running statement: TRUNCATE TABLE MRR_Dim_Customers;
TRUNCATE TABLE MRR_Dim_Products;
TRUNCATE TABLE MRR_Fact_Details;
TRUNCATE TABLE MRR_Fact_Orders;
TRUNCATE TABLE MRR_Fact_Events;

, parameters: None
[2024-05-04T06:22:52.057+0000] {warnings.py:109} WARNING - /home/***/.local/lib/python3.8/site-packages/***/providers/common/sql/hooks/sql.py:407: AirflowProviderDeprecationWarning: Call to deprecated method _make_common_data_structure. (The `_make_serializable` method is deprecated and support will be removed in a future version of the common.sql provider. Please update the DbApiHook's provider to a version based on common.sql >= 1.9.1.)
  result = self._make_common_data_structure(handler(cur))

[2024-05-04T06:22:52.112+0000] {taskinstance.py:1149} INFO - Marking task as SUCCESS. dag_id=ETL_Flow, task_id=truncate_mrr, execution_date=20240502T211100, start_date=20240504T062249, end_date=20240504T062252
[2024-05-04T06:22:52.166+0000] {local_task_job_runner.py:234} INFO - Task exited with return code 0
[2024-05-04T06:22:52.188+0000] {warnings.py:109} WARNING - /home/***/.local/lib/python3.8/site-packages/***/models/baseoperator.py:1201: AirflowProviderDeprecationWarning: Call to deprecated class PostgresOperator. (Please use `***.providers.common.sql.operators.sql.SQLExecuteQueryOperator`.Also, you can provide `hook_params={'schema': <database>}`.)
  result = cls.__new__(cls)

[2024-05-04T06:22:52.241+0000] {taskinstance.py:3309} INFO - 1 downstream tasks scheduled from follow-on schedule check
