[2024-03-16T10:52:28.885+0000] {taskinstance.py:1979} INFO - Dependencies all met for dep_context=non-requeueable deps ti=<TaskInstance: ETL_Flow.insert_data_from_files manual__2024-03-16T10:15:18.109594+00:00 [queued]>
[2024-03-16T10:52:28.896+0000] {taskinstance.py:1979} INFO - Dependencies all met for dep_context=requeueable deps ti=<TaskInstance: ETL_Flow.insert_data_from_files manual__2024-03-16T10:15:18.109594+00:00 [queued]>
[2024-03-16T10:52:28.897+0000] {taskinstance.py:2193} INFO - Starting attempt 1 of 6
[2024-03-16T10:52:28.914+0000] {taskinstance.py:2214} INFO - Executing <Task(PythonOperator): insert_data_from_files> on 2024-03-16 10:15:18.109594+00:00
[2024-03-16T10:52:28.922+0000] {standard_task_runner.py:60} INFO - Started process 2078 to run task
[2024-03-16T10:52:28.926+0000] {standard_task_runner.py:87} INFO - Running: ['***', 'tasks', 'run', 'ETL_Flow', 'insert_data_from_files', 'manual__2024-03-16T10:15:18.109594+00:00', '--job-id', '1763', '--raw', '--subdir', 'DAGS_FOLDER/etl2.py', '--cfg-path', '/tmp/tmpyq6g3s53']
[2024-03-16T10:52:28.929+0000] {standard_task_runner.py:88} INFO - Job 1763: Subtask insert_data_from_files
[2024-03-16T10:52:29.038+0000] {task_command.py:423} INFO - Running <TaskInstance: ETL_Flow.insert_data_from_files manual__2024-03-16T10:15:18.109594+00:00 [running]> on host 3f630fdac388
[2024-03-16T10:52:29.419+0000] {taskinstance.py:2510} INFO - Exporting env vars: AIRFLOW_CTX_DAG_OWNER='coder2j' AIRFLOW_CTX_DAG_ID='ETL_Flow' AIRFLOW_CTX_TASK_ID='insert_data_from_files' AIRFLOW_CTX_EXECUTION_DATE='2024-03-16T10:15:18.109594+00:00' AIRFLOW_CTX_TRY_NUMBER='1' AIRFLOW_CTX_DAG_RUN_ID='manual__2024-03-16T10:15:18.109594+00:00'
[2024-03-16T10:52:29.424+0000] {taskinstance.py:2728} ERROR - Task failed with exception
Traceback (most recent call last):
  File "/home/airflow/.local/lib/python3.8/site-packages/airflow/models/taskinstance.py", line 444, in _execute_task
    result = _execute_callable(context=context, **execute_callable_kwargs)
  File "/home/airflow/.local/lib/python3.8/site-packages/airflow/models/taskinstance.py", line 414, in _execute_callable
    return execute_callable(context=context, **execute_callable_kwargs)
  File "/home/airflow/.local/lib/python3.8/site-packages/airflow/operators/python.py", line 200, in execute
    return_value = self.execute_callable()
  File "/home/airflow/.local/lib/python3.8/site-packages/airflow/operators/python.py", line 217, in execute_callable
    return self.python_callable(*self.op_args, **self.op_kwargs)
  File "/opt/airflow/dags/etl2.py", line 76, in read_csv_and_insert
    df = pd.read_excel(r"C:/users/Gstat/OneDrive/Desktop/example.xlsx")
  File "/home/airflow/.local/lib/python3.8/site-packages/pandas/io/excel/_base.py", line 478, in read_excel
    io = ExcelFile(io, storage_options=storage_options, engine=engine)
  File "/home/airflow/.local/lib/python3.8/site-packages/pandas/io/excel/_base.py", line 1496, in __init__
    ext = inspect_excel_format(
  File "/home/airflow/.local/lib/python3.8/site-packages/pandas/io/excel/_base.py", line 1371, in inspect_excel_format
    with get_handle(
  File "/home/airflow/.local/lib/python3.8/site-packages/pandas/io/common.py", line 868, in get_handle
    handle = open(handle, ioargs.mode)
FileNotFoundError: [Errno 2] No such file or directory: 'C:/users/Gstat/OneDrive/Desktop/example.xlsx'
[2024-03-16T10:52:29.445+0000] {taskinstance.py:1149} INFO - Marking task as UP_FOR_RETRY. dag_id=ETL_Flow, task_id=insert_data_from_files, execution_date=20240316T101518, start_date=20240316T105228, end_date=20240316T105229
[2024-03-16T10:52:29.470+0000] {standard_task_runner.py:107} ERROR - Failed to execute job 1763 for task insert_data_from_files ([Errno 2] No such file or directory: 'C:/users/Gstat/OneDrive/Desktop/example.xlsx'; 2078)
[2024-03-16T10:52:29.500+0000] {local_task_job_runner.py:234} INFO - Task exited with return code 1
[2024-03-16T10:52:29.532+0000] {taskinstance.py:3309} INFO - 0 downstream tasks scheduled from follow-on schedule check
