[2024-03-15T15:59:49.230+0000] {taskinstance.py:1979} INFO - Dependencies all met for dep_context=non-requeueable deps ti=<TaskInstance: ETL_Flow.dwh_backup scheduled__2024-03-12T06:00:00+00:00 [queued]>
[2024-03-15T15:59:49.252+0000] {taskinstance.py:1979} INFO - Dependencies all met for dep_context=requeueable deps ti=<TaskInstance: ETL_Flow.dwh_backup scheduled__2024-03-12T06:00:00+00:00 [queued]>
[2024-03-15T15:59:49.254+0000] {taskinstance.py:2193} INFO - Starting attempt 13 of 18
[2024-03-15T15:59:49.278+0000] {taskinstance.py:2214} INFO - Executing <Task(PostgresOperator): dwh_backup> on 2024-03-12 06:00:00+00:00
[2024-03-15T15:59:49.289+0000] {standard_task_runner.py:60} INFO - Started process 2528 to run task
[2024-03-15T15:59:49.294+0000] {standard_task_runner.py:87} INFO - Running: ['***', 'tasks', 'run', 'ETL_Flow', 'dwh_backup', 'scheduled__2024-03-12T06:00:00+00:00', '--job-id', '1541', '--raw', '--subdir', 'DAGS_FOLDER/etl2.py', '--cfg-path', '/tmp/tmp2yn7og7c']
[2024-03-15T15:59:49.298+0000] {standard_task_runner.py:88} INFO - Job 1541: Subtask dwh_backup
[2024-03-15T15:59:49.380+0000] {task_command.py:423} INFO - Running <TaskInstance: ETL_Flow.dwh_backup scheduled__2024-03-12T06:00:00+00:00 [running]> on host 3262c7a95ffd
[2024-03-15T15:59:49.673+0000] {taskinstance.py:2510} INFO - Exporting env vars: AIRFLOW_CTX_DAG_OWNER='coder2j' AIRFLOW_CTX_DAG_ID='ETL_Flow' AIRFLOW_CTX_TASK_ID='dwh_backup' AIRFLOW_CTX_EXECUTION_DATE='2024-03-12T06:00:00+00:00' AIRFLOW_CTX_TRY_NUMBER='13' AIRFLOW_CTX_DAG_RUN_ID='scheduled__2024-03-12T06:00:00+00:00'
[2024-03-15T15:59:49.675+0000] {sql.py:276} INFO - Executing: truncate table DWH_Dim_Products_Backup;
truncate table DWH_Dim_Customers_Backup;
truncate table DWH_Dim_Employees_Backup;
truncate table DWH_Dim_Dates_Backup;
truncate table DWH_Dim_Time_Backup;
truncate table DWH_Fact_Product_In_Order_Backup;
truncate table DWH_Snapshot_Customers_Transactions_Backup;


insert into DWH_Dim_Products_Backup(DW_Prdocut_ID,Product_ID,Product_Name,Supplier,Category,Unit_Price,Unit_Cost,Valid_From,Valid_Until)
select * from DWH_Dim_Products;


insert into DWH_Dim_Customers_Backup(DW_Customer_ID,Customer_ID,Company_Name,Contact_Name,Street,City,Postal_Code,Country,Phone,Fax,Valid_From,Valid_Until)
select * from DWH_Dim_Customers;


insert into DWH_Dim_Employees_Backup(DW_Employee_ID,Employee_ID,Last_Name,First_Name,Title,Hire_Date,Office,Reports_To,Month_Salary,Valid_From,Valid_Until)
select * from DWH_Dim_Employees;


insert into DWH_Dim_Dates_Backup(Date,Year,Quarter,Month,Day)
select * from DWH_Dim_Dates;


insert into DWH_Dim_Time_Backup(timestamp,Date,Hour)
select * from DWH_Dim_Time;


insert into DWH_Fact_Product_In_Order_Backup(Order_ID,DW_Prdocut_ID,DW_Customer_ID,DW_Employee_ID,Order_Time,Quantity,Total_Price, Total_Cost,Shipper_ID)
select * from DWH_Fact_Product_In_Order;


insert into DWH_Snapshot_Customers_Transactions_Backup(Year,Quarter,Month,Country,City,Count_New_Customers,Count_Regular,Count_Reactivated,Count_Abandons,Count_Total)
select * from DWH_Snapshot_Customers_Transactions;
[2024-03-15T15:59:49.686+0000] {base.py:83} INFO - Using connection ID 'postgres_localhost' for task execution.
[2024-03-15T15:59:49.695+0000] {base.py:83} INFO - Using connection ID 'postgres_localhost' for task execution.
[2024-03-15T15:59:49.711+0000] {sql.py:457} INFO - Running statement: truncate table DWH_Dim_Products_Backup;
truncate table DWH_Dim_Customers_Backup;
truncate table DWH_Dim_Employees_Backup;
truncate table DWH_Dim_Dates_Backup;
truncate table DWH_Dim_Time_Backup;
truncate table DWH_Fact_Product_In_Order_Backup;
truncate table DWH_Snapshot_Customers_Transactions_Backup;


insert into DWH_Dim_Products_Backup(DW_Prdocut_ID,Product_ID,Product_Name,Supplier,Category,Unit_Price,Unit_Cost,Valid_From,Valid_Until)
select * from DWH_Dim_Products;


insert into DWH_Dim_Customers_Backup(DW_Customer_ID,Customer_ID,Company_Name,Contact_Name,Street,City,Postal_Code,Country,Phone,Fax,Valid_From,Valid_Until)
select * from DWH_Dim_Customers;


insert into DWH_Dim_Employees_Backup(DW_Employee_ID,Employee_ID,Last_Name,First_Name,Title,Hire_Date,Office,Reports_To,Month_Salary,Valid_From,Valid_Until)
select * from DWH_Dim_Employees;


insert into DWH_Dim_Dates_Backup(Date,Year,Quarter,Month,Day)
select * from DWH_Dim_Dates;


insert into DWH_Dim_Time_Backup(timestamp,Date,Hour)
select * from DWH_Dim_Time;


insert into DWH_Fact_Product_In_Order_Backup(Order_ID,DW_Prdocut_ID,DW_Customer_ID,DW_Employee_ID,Order_Time,Quantity,Total_Price, Total_Cost,Shipper_ID)
select * from DWH_Fact_Product_In_Order;


insert into DWH_Snapshot_Customers_Transactions_Backup(Year,Quarter,Month,Country,City,Count_New_Customers,Count_Regular,Count_Reactivated,Count_Abandons,Count_Total)
select * from DWH_Snapshot_Customers_Transactions;, parameters: None
[2024-03-15T15:59:49.744+0000] {sql.py:466} INFO - Rows affected: 0
[2024-03-15T15:59:49.745+0000] {warnings.py:109} WARNING - /home/***/.local/lib/python3.8/site-packages/***/providers/common/sql/hooks/sql.py:407: AirflowProviderDeprecationWarning: Call to deprecated method _make_common_data_structure. (The `_make_serializable` method is deprecated and support will be removed in a future version of the common.sql provider. Please update the DbApiHook's provider to a version based on common.sql >= 1.9.1.)
  result = self._make_common_data_structure(handler(cur))

[2024-03-15T15:59:49.771+0000] {taskinstance.py:1149} INFO - Marking task as SUCCESS. dag_id=ETL_Flow, task_id=dwh_backup, execution_date=20240312T060000, start_date=20240315T155949, end_date=20240315T155949
[2024-03-15T15:59:49.830+0000] {local_task_job_runner.py:234} INFO - Task exited with return code 0
[2024-03-15T15:59:49.851+0000] {warnings.py:109} WARNING - /home/***/.local/lib/python3.8/site-packages/***/models/baseoperator.py:1201: AirflowProviderDeprecationWarning: Call to deprecated class PostgresOperator. (Please use `***.providers.common.sql.operators.sql.SQLExecuteQueryOperator`.Also, you can provide `hook_params={'schema': <database>}`.)
  result = cls.__new__(cls)

[2024-03-15T15:59:49.878+0000] {taskinstance.py:3309} INFO - 1 downstream tasks scheduled from follow-on schedule check
