[2024-05-10T14:45:56.639+0000] {taskinstance.py:1979} INFO - Dependencies all met for dep_context=non-requeueable deps ti=<TaskInstance: ETL_Flow.dim_mrr2stg scheduled__2024-05-08T21:11:00+00:00 [queued]>
[2024-05-10T14:45:56.659+0000] {taskinstance.py:1979} INFO - Dependencies all met for dep_context=requeueable deps ti=<TaskInstance: ETL_Flow.dim_mrr2stg scheduled__2024-05-08T21:11:00+00:00 [queued]>
[2024-05-10T14:45:56.663+0000] {taskinstance.py:2193} INFO - Starting attempt 1 of 6
[2024-05-10T14:45:56.694+0000] {taskinstance.py:2214} INFO - Executing <Task(PostgresOperator): dim_mrr2stg> on 2024-05-08 21:11:00+00:00
[2024-05-10T14:45:56.710+0000] {standard_task_runner.py:60} INFO - Started process 2766 to run task
[2024-05-10T14:45:56.716+0000] {standard_task_runner.py:87} INFO - Running: ['***', 'tasks', 'run', 'ETL_Flow', 'dim_mrr2stg', 'scheduled__2024-05-08T21:11:00+00:00', '--job-id', '3403', '--raw', '--subdir', 'DAGS_FOLDER/ETL.py', '--cfg-path', '/tmp/tmp409dagzc']
[2024-05-10T14:45:56.720+0000] {standard_task_runner.py:88} INFO - Job 3403: Subtask dim_mrr2stg
[2024-05-10T14:45:56.812+0000] {task_command.py:423} INFO - Running <TaskInstance: ETL_Flow.dim_mrr2stg scheduled__2024-05-08T21:11:00+00:00 [running]> on host 518f7ecc027f
[2024-05-10T14:45:57.187+0000] {taskinstance.py:2510} INFO - Exporting env vars: AIRFLOW_CTX_DAG_OWNER='coder2j' AIRFLOW_CTX_DAG_ID='ETL_Flow' AIRFLOW_CTX_TASK_ID='dim_mrr2stg' AIRFLOW_CTX_EXECUTION_DATE='2024-05-08T21:11:00+00:00' AIRFLOW_CTX_TRY_NUMBER='1' AIRFLOW_CTX_DAG_RUN_ID='scheduled__2024-05-08T21:11:00+00:00'
[2024-05-10T14:45:57.189+0000] {sql.py:276} INFO - Executing: truncate table STG_Dim_Customers;
truncate table STG_Dim_Products;
truncate table STG_Dim_Dates;
truncate table STG_Dim_Time;

insert into STG_Dim_Products(Product_ID,Product_Name,Supplier,Category,Unit_Price,Unit_Cost,isValid)
select 
cast(Product_ID as integer),
case when Product_Name is null then 'missing' else Product_Name end,
case when Supplier similar to '[0-9]+' then cast(Supplier as integer) else 0 end,
case when Category similar to '[0-9]+' then cast(Category as integer) else 0 end,
case when Unit_Price similar to '[0-9]+(\.[0-9]+)?' and cast(Unit_Price as decimal(15,5))>=0
     then cast(Unit_Price as decimal(15,5)) else null end,
case when Unit_Cost similar to '[0-9]+(\.[0-9]+)?' and cast(Unit_Cost as decimal(15,5))>=0
     then cast(Unit_Cost as decimal(15,5)) else null end,
isValid
from MRR_Dim_Products
where isValid='valid';

insert into STG_Dim_Customers(Customer_ID,country,currency,exchange_to_USD,installation_date,media_source,isValid)
select
cast(Customer_ID as integer),
case when country is null then 'missing' else country end,
case when currency is null then 'missing' else currency end,
case when exchange_to_USD similar to '[0-9]+(\.[0-9]+)?' and cast(exchange_to_USD as decimal(3,2))>=0
     then cast(exchange_to_USD as decimal(3,2)) else null end,
case
    -- YYYY-MM-DD
    when installation_date ~ '^\d{4}-\d{2}-\d{2}$' then to_date(installation_date, 'YYYY-MM-DD')
    -- DD-MM-YYYY
    when installation_date ~ '^\d{2}-\d{2}-\d{4}$' then to_date(installation_date, 'DD-MM-YYYY')
    -- YYYY.MM.DD
    when installation_date ~ '^\d{4}.\d{2}.\d{2}$' then to_date(installation_date, 'YYYY.MM.DD')
    -- DD.MM.YYYY
    when installation_date ~ '^\d{2}.\d{2}.\d{4}$' then to_date(installation_date, 'DD.MM.YYYY')
    -- DD/MM/YYYY
    when installation_date ~ '^\d{2}/\d{2}/\d{4}$' then to_date(installation_date, 'DD/MM/YYYY')
    -- YYYY/MM/DD
    when installation_date ~ '^\d{4}/\d{2}/\d{2}$' then to_date(installation_date, 'YYYY/MM/DD')
    -- DD\MM\YYYY
    when installation_date ~ '^\d{2}\\d{2}\\d{4}$' then to_date(installation_date, 'DD\MM\YYYY')
    -- YYYY\MM\DD
    when installation_date ~ '^\d{4}\\d{2}\\d{2}$' then to_date(installation_date, 'YYYY\MM\DD')
    else '1900-01-01' end,
    media_source,
    isValid 
from MRR_Dim_Customers
where isValid='valid';


insert into STG_Dim_Dates(Date,Year,Quarter,Month,Day)
select
generate_series::date,
extract(year from generate_series),
extract(quarter from generate_series),
extract(month from generate_series),
extract(day from generate_series)
from generate_series('2024-01-01'::date, CURRENT_DATE + interval '12 days', interval '1 day');


INSERT INTO STG_Dim_Time(DateTime, Date, Hour, Minute)
SELECT
generate_series AS DateTime,
date_trunc('hour', generate_series) AS Date,
extract (HOUR FROM generate_series) AS Hour,
extract(MINUTE FROM generate_series) AS Minute
from
  generate_series('2024-01-01'::TIMESTAMP, CURRENT_DATE + INTERVAL '12 days', INTERVAL '1 minute');

[2024-05-10T14:45:57.204+0000] {base.py:83} INFO - Using connection ID 'postgres_localhost' for task execution.
[2024-05-10T14:45:57.215+0000] {base.py:83} INFO - Using connection ID 'postgres_localhost' for task execution.
[2024-05-10T14:45:57.234+0000] {sql.py:457} INFO - Running statement: truncate table STG_Dim_Customers;
truncate table STG_Dim_Products;
truncate table STG_Dim_Dates;
truncate table STG_Dim_Time;

insert into STG_Dim_Products(Product_ID,Product_Name,Supplier,Category,Unit_Price,Unit_Cost,isValid)
select 
cast(Product_ID as integer),
case when Product_Name is null then 'missing' else Product_Name end,
case when Supplier similar to '[0-9]+' then cast(Supplier as integer) else 0 end,
case when Category similar to '[0-9]+' then cast(Category as integer) else 0 end,
case when Unit_Price similar to '[0-9]+(\.[0-9]+)?' and cast(Unit_Price as decimal(15,5))>=0
     then cast(Unit_Price as decimal(15,5)) else null end,
case when Unit_Cost similar to '[0-9]+(\.[0-9]+)?' and cast(Unit_Cost as decimal(15,5))>=0
     then cast(Unit_Cost as decimal(15,5)) else null end,
isValid
from MRR_Dim_Products
where isValid='valid';

insert into STG_Dim_Customers(Customer_ID,country,currency,exchange_to_USD,installation_date,media_source,isValid)
select
cast(Customer_ID as integer),
case when country is null then 'missing' else country end,
case when currency is null then 'missing' else currency end,
case when exchange_to_USD similar to '[0-9]+(\.[0-9]+)?' and cast(exchange_to_USD as decimal(3,2))>=0
     then cast(exchange_to_USD as decimal(3,2)) else null end,
case
    -- YYYY-MM-DD
    when installation_date ~ '^\d{4}-\d{2}-\d{2}$' then to_date(installation_date, 'YYYY-MM-DD')
    -- DD-MM-YYYY
    when installation_date ~ '^\d{2}-\d{2}-\d{4}$' then to_date(installation_date, 'DD-MM-YYYY')
    -- YYYY.MM.DD
    when installation_date ~ '^\d{4}.\d{2}.\d{2}$' then to_date(installation_date, 'YYYY.MM.DD')
    -- DD.MM.YYYY
    when installation_date ~ '^\d{2}.\d{2}.\d{4}$' then to_date(installation_date, 'DD.MM.YYYY')
    -- DD/MM/YYYY
    when installation_date ~ '^\d{2}/\d{2}/\d{4}$' then to_date(installation_date, 'DD/MM/YYYY')
    -- YYYY/MM/DD
    when installation_date ~ '^\d{4}/\d{2}/\d{2}$' then to_date(installation_date, 'YYYY/MM/DD')
    -- DD\MM\YYYY
    when installation_date ~ '^\d{2}\\d{2}\\d{4}$' then to_date(installation_date, 'DD\MM\YYYY')
    -- YYYY\MM\DD
    when installation_date ~ '^\d{4}\\d{2}\\d{2}$' then to_date(installation_date, 'YYYY\MM\DD')
    else '1900-01-01' end,
    media_source,
    isValid 
from MRR_Dim_Customers
where isValid='valid';


insert into STG_Dim_Dates(Date,Year,Quarter,Month,Day)
select
generate_series::date,
extract(year from generate_series),
extract(quarter from generate_series),
extract(month from generate_series),
extract(day from generate_series)
from generate_series('2024-01-01'::date, CURRENT_DATE + interval '12 days', interval '1 day');


INSERT INTO STG_Dim_Time(DateTime, Date, Hour, Minute)
SELECT
generate_series AS DateTime,
date_trunc('hour', generate_series) AS Date,
extract (HOUR FROM generate_series) AS Hour,
extract(MINUTE FROM generate_series) AS Minute
from
  generate_series('2024-01-01'::TIMESTAMP, CURRENT_DATE + INTERVAL '12 days', INTERVAL '1 minute');
, parameters: None
[2024-05-10T14:45:58.582+0000] {sql.py:466} INFO - Rows affected: 204481
[2024-05-10T14:45:58.586+0000] {warnings.py:109} WARNING - /home/***/.local/lib/python3.8/site-packages/***/providers/common/sql/hooks/sql.py:407: AirflowProviderDeprecationWarning: Call to deprecated method _make_common_data_structure. (The `_make_serializable` method is deprecated and support will be removed in a future version of the common.sql provider. Please update the DbApiHook's provider to a version based on common.sql >= 1.9.1.)
  result = self._make_common_data_structure(handler(cur))

[2024-05-10T14:45:58.625+0000] {taskinstance.py:1149} INFO - Marking task as SUCCESS. dag_id=ETL_Flow, task_id=dim_mrr2stg, execution_date=20240508T211100, start_date=20240510T144556, end_date=20240510T144558
[2024-05-10T14:45:58.697+0000] {local_task_job_runner.py:234} INFO - Task exited with return code 0
[2024-05-10T14:45:58.717+0000] {warnings.py:109} WARNING - /home/***/.local/lib/python3.8/site-packages/***/models/baseoperator.py:1201: AirflowProviderDeprecationWarning: Call to deprecated class PostgresOperator. (Please use `***.providers.common.sql.operators.sql.SQLExecuteQueryOperator`.Also, you can provide `hook_params={'schema': <database>}`.)
  result = cls.__new__(cls)

[2024-05-10T14:45:58.759+0000] {taskinstance.py:3309} INFO - 1 downstream tasks scheduled from follow-on schedule check
