[2024-05-08T17:52:59.307+0000] {taskinstance.py:1979} INFO - Dependencies all met for dep_context=non-requeueable deps ti=<TaskInstance: ETL_Flow.dim_stg2dwh scheduled__2024-05-06T21:11:00+00:00 [queued]>
[2024-05-08T17:52:59.337+0000] {taskinstance.py:1979} INFO - Dependencies all met for dep_context=requeueable deps ti=<TaskInstance: ETL_Flow.dim_stg2dwh scheduled__2024-05-06T21:11:00+00:00 [queued]>
[2024-05-08T17:52:59.339+0000] {taskinstance.py:2193} INFO - Starting attempt 1 of 6
[2024-05-08T17:52:59.387+0000] {taskinstance.py:2214} INFO - Executing <Task(PostgresOperator): dim_stg2dwh> on 2024-05-06 21:11:00+00:00
[2024-05-08T17:52:59.402+0000] {standard_task_runner.py:60} INFO - Started process 90 to run task
[2024-05-08T17:52:59.418+0000] {standard_task_runner.py:87} INFO - Running: ['***', 'tasks', 'run', 'ETL_Flow', 'dim_stg2dwh', 'scheduled__2024-05-06T21:11:00+00:00', '--job-id', '3365', '--raw', '--subdir', 'DAGS_FOLDER/ETL.py', '--cfg-path', '/tmp/tmpjopugyzi']
[2024-05-08T17:52:59.425+0000] {standard_task_runner.py:88} INFO - Job 3365: Subtask dim_stg2dwh
[2024-05-08T17:52:59.507+0000] {task_command.py:423} INFO - Running <TaskInstance: ETL_Flow.dim_stg2dwh scheduled__2024-05-06T21:11:00+00:00 [running]> on host 518f7ecc027f
[2024-05-08T17:52:59.827+0000] {taskinstance.py:2510} INFO - Exporting env vars: AIRFLOW_CTX_DAG_OWNER='coder2j' AIRFLOW_CTX_DAG_ID='ETL_Flow' AIRFLOW_CTX_TASK_ID='dim_stg2dwh' AIRFLOW_CTX_EXECUTION_DATE='2024-05-06T21:11:00+00:00' AIRFLOW_CTX_TRY_NUMBER='1' AIRFLOW_CTX_DAG_RUN_ID='scheduled__2024-05-06T21:11:00+00:00'
[2024-05-08T17:52:59.829+0000] {sql.py:276} INFO - Executing: insert into DWH_Dim_Dates (Date,Year,Quarter,Month,Day)
select * 
from STG_Dim_Dates 
where date not in (
                    select distinct date 
                    from DWH_Dim_Dates
                  );

insert into DWH_Dim_Time (DateTime,Date,Hour,Minute)
select * 
from STG_Dim_Time
where DateTime not in (
                    select distinct DateTime 
                    from DWH_Dim_Time
                  );;

--customers
--insert all the new customers records 
insert into DWH_Dim_Customers (Customer_ID,country,currency,exchange_to_USD,installation_date,media_source)
select Customer_ID,country,currency,exchange_to_USD,installation_date,media_source
from STG_Dim_Customers  
where Customer_ID not in (
                          select distinct Customer_ID
                          from DWH_Dim_Customers
                          );



--update the valid until date of customers who moved to another country/their currency has changed 

update DWH_Dim_Customers
set Valid_Until=current_date
where DW_Customer_ID in (
                            select DW_Customer_ID 
                            from STG_Dim_Customers s inner join DWH_Dim_Customers d on d.Customer_ID = s.Customer_ID
                            where (s.currency <> d.currency or s.Country <> d.Country or s.exchange_to_USD <> d.exchange_to_USD) and d.Valid_Until is null
                          );


--insert records of customers who moved to another country/their currency has changed                            
insert into DWH_Dim_Customers (Customer_ID,country,currency,exchange_to_USD,installation_date,media_source)
select s.Customer_ID,s.country,s.currency,s.exchange_to_USD,s.installation_date,s.media_source
from STG_Dim_Customers s inner join DWH_Dim_Customers d on d.Customer_ID=s.Customer_ID
where s.currency <> d.currency or s.Country <> d.Country or s.exchange_to_USD <> d.exchange_to_USD;

--products

-- insert all the new products records 
insert into DWH_Dim_Products (Product_ID,Product_Name,Supplier,Category,Unit_Price,Unit_Cost)
select Product_ID,Product_Name,Supplier,Category,Unit_Price,Unit_Cost
from STG_Dim_Products s 
where Product_ID not in 
                            (
                              select distinct Product_ID
                              from DWH_Dim_Products       
                            );
-- update the valid until date of products that their price/cost/supplier have changed
update DWH_Dim_Products
set Valid_Until=current_date
where dw_product_id in (
                            select dw_product_id 
                            from STG_Dim_Products s inner join DWH_Dim_Products d on d.Product_ID = s.Product_ID
                            where (s.Unit_Cost <> d.Unit_Cost or s.Unit_Price <> d.Unit_Price or s.Supplier <> d.Supplier) 
                            and d.Valid_Until is null
                          );



-- insert records of products that their price/cost/supplier have changed                             
insert into DWH_Dim_Products (Product_ID,Product_Name,Supplier,Category,Unit_Price,Unit_Cost)
select s.Product_ID,s.Product_Name,s.Supplier,s.Category,s.Unit_Price,s.Unit_Cost
from STG_Dim_Products s inner join DWH_Dim_Products d on d.Product_ID=s.Product_ID
where s.Unit_Cost <> d.Unit_Cost or s.Unit_Price <> d.Unit_Price or s.Supplier <> d.Supplier;

[2024-05-08T17:52:59.843+0000] {base.py:83} INFO - Using connection ID 'postgres_localhost' for task execution.
[2024-05-08T17:52:59.855+0000] {base.py:83} INFO - Using connection ID 'postgres_localhost' for task execution.
[2024-05-08T17:52:59.873+0000] {sql.py:457} INFO - Running statement: insert into DWH_Dim_Dates (Date,Year,Quarter,Month,Day)
select * 
from STG_Dim_Dates 
where date not in (
                    select distinct date 
                    from DWH_Dim_Dates
                  );

insert into DWH_Dim_Time (DateTime,Date,Hour,Minute)
select * 
from STG_Dim_Time
where DateTime not in (
                    select distinct DateTime 
                    from DWH_Dim_Time
                  );;

--customers
--insert all the new customers records 
insert into DWH_Dim_Customers (Customer_ID,country,currency,exchange_to_USD,installation_date,media_source)
select Customer_ID,country,currency,exchange_to_USD,installation_date,media_source
from STG_Dim_Customers  
where Customer_ID not in (
                          select distinct Customer_ID
                          from DWH_Dim_Customers
                          );



--update the valid until date of customers who moved to another country/their currency has changed 

update DWH_Dim_Customers
set Valid_Until=current_date
where DW_Customer_ID in (
                            select DW_Customer_ID 
                            from STG_Dim_Customers s inner join DWH_Dim_Customers d on d.Customer_ID = s.Customer_ID
                            where (s.currency <> d.currency or s.Country <> d.Country or s.exchange_to_USD <> d.exchange_to_USD) and d.Valid_Until is null
                          );


--insert records of customers who moved to another country/their currency has changed                            
insert into DWH_Dim_Customers (Customer_ID,country,currency,exchange_to_USD,installation_date,media_source)
select s.Customer_ID,s.country,s.currency,s.exchange_to_USD,s.installation_date,s.media_source
from STG_Dim_Customers s inner join DWH_Dim_Customers d on d.Customer_ID=s.Customer_ID
where s.currency <> d.currency or s.Country <> d.Country or s.exchange_to_USD <> d.exchange_to_USD;

--products

-- insert all the new products records 
insert into DWH_Dim_Products (Product_ID,Product_Name,Supplier,Category,Unit_Price,Unit_Cost)
select Product_ID,Product_Name,Supplier,Category,Unit_Price,Unit_Cost
from STG_Dim_Products s 
where Product_ID not in 
                            (
                              select distinct Product_ID
                              from DWH_Dim_Products       
                            );
-- update the valid until date of products that their price/cost/supplier have changed
update DWH_Dim_Products
set Valid_Until=current_date
where dw_product_id in (
                            select dw_product_id 
                            from STG_Dim_Products s inner join DWH_Dim_Products d on d.Product_ID = s.Product_ID
                            where (s.Unit_Cost <> d.Unit_Cost or s.Unit_Price <> d.Unit_Price or s.Supplier <> d.Supplier) 
                            and d.Valid_Until is null
                          );



-- insert records of products that their price/cost/supplier have changed                             
insert into DWH_Dim_Products (Product_ID,Product_Name,Supplier,Category,Unit_Price,Unit_Cost)
select s.Product_ID,s.Product_Name,s.Supplier,s.Category,s.Unit_Price,s.Unit_Cost
from STG_Dim_Products s inner join DWH_Dim_Products d on d.Product_ID=s.Product_ID
where s.Unit_Cost <> d.Unit_Cost or s.Unit_Price <> d.Unit_Price or s.Supplier <> d.Supplier;
, parameters: None
[2024-05-09T14:29:16.570+0000] {taskinstance.py:1969} INFO - Dependencies not met for <TaskInstance: ETL_Flow.dim_stg2dwh scheduled__2024-05-06T21:11:00+00:00 [running]>, dependency 'Task Instance State' FAILED: Task is in the 'running' state.
[2024-05-09T14:29:16.600+0000] {taskinstance.py:1969} INFO - Dependencies not met for <TaskInstance: ETL_Flow.dim_stg2dwh scheduled__2024-05-06T21:11:00+00:00 [running]>, dependency 'Task Instance Not Running' FAILED: Task is in the running state
[2024-05-09T14:29:16.625+0000] {local_task_job_runner.py:160} INFO - Task is not able to be run
[2024-05-09T15:14:22.473+0000] {taskinstance.py:2728} ERROR - Task failed with exception
Traceback (most recent call last):
  File "/home/airflow/.local/lib/python3.8/site-packages/airflow/models/taskinstance.py", line 444, in _execute_task
    result = _execute_callable(context=context, **execute_callable_kwargs)
  File "/home/airflow/.local/lib/python3.8/site-packages/airflow/models/taskinstance.py", line 414, in _execute_callable
    return execute_callable(context=context, **execute_callable_kwargs)
  File "/home/airflow/.local/lib/python3.8/site-packages/airflow/providers/common/sql/operators/sql.py", line 282, in execute
    output = hook.run(
  File "/home/airflow/.local/lib/python3.8/site-packages/airflow/providers/common/sql/hooks/sql.py", line 404, in run
    self._run_command(cur, sql_statement, parameters)
  File "/home/airflow/.local/lib/python3.8/site-packages/airflow/providers/common/sql/hooks/sql.py", line 462, in _run_command
    cur.execute(sql_statement)
psycopg2.errors.DeadlockDetected: deadlock detected
LINE 21: from STG_Dim_Customers  
              ^
DETAIL:  Process 1529 waits for AccessShareLock on relation 54639 of database 17640; blocked by process 2178.
Process 2178 waits for AccessExclusiveLock on relation 54642 of database 17640; blocked by process 1529.
HINT:  See server log for query details.

[2024-05-09T15:14:22.960+0000] {taskinstance.py:1149} INFO - Marking task as UP_FOR_RETRY. dag_id=ETL_Flow, task_id=dim_stg2dwh, execution_date=20240506T211100, start_date=20240508T175259, end_date=20240509T151422
[2024-05-09T15:14:23.257+0000] {standard_task_runner.py:107} ERROR - Failed to execute job 3365 for task dim_stg2dwh (deadlock detected
LINE 21: from STG_Dim_Customers  
              ^
DETAIL:  Process 1529 waits for AccessShareLock on relation 54639 of database 17640; blocked by process 2178.
Process 2178 waits for AccessExclusiveLock on relation 54642 of database 17640; blocked by process 1529.
HINT:  See server log for query details.
; 90)
[2024-05-09T15:14:23.345+0000] {local_task_job_runner.py:234} INFO - Task exited with return code 1
[2024-05-09T15:14:23.621+0000] {warnings.py:109} WARNING - /home/***/.local/lib/python3.8/site-packages/***/models/baseoperator.py:1201: AirflowProviderDeprecationWarning: Call to deprecated class PostgresOperator. (Please use `***.providers.common.sql.operators.sql.SQLExecuteQueryOperator`.Also, you can provide `hook_params={'schema': <database>}`.)
  result = cls.__new__(cls)

[2024-05-09T15:14:28.126+0000] {taskinstance.py:3309} INFO - 0 downstream tasks scheduled from follow-on schedule check
