[2024-03-20T16:20:48.264+0000] {taskinstance.py:1979} INFO - Dependencies all met for dep_context=non-requeueable deps ti=<TaskInstance: ETL_Flow.truncate_mrr_stg manual__2024-03-20T16:07:57.433347+00:00 [queued]>
[2024-03-20T16:20:48.288+0000] {taskinstance.py:1979} INFO - Dependencies all met for dep_context=requeueable deps ti=<TaskInstance: ETL_Flow.truncate_mrr_stg manual__2024-03-20T16:07:57.433347+00:00 [queued]>
[2024-03-20T16:20:48.289+0000] {taskinstance.py:2193} INFO - Starting attempt 2 of 7
[2024-03-20T16:20:48.326+0000] {taskinstance.py:2214} INFO - Executing <Task(PostgresOperator): truncate_mrr_stg> on 2024-03-20 16:07:57.433347+00:00
[2024-03-20T16:20:48.336+0000] {standard_task_runner.py:60} INFO - Started process 3709 to run task
[2024-03-20T16:20:48.343+0000] {standard_task_runner.py:87} INFO - Running: ['***', 'tasks', 'run', 'ETL_Flow', 'truncate_mrr_stg', 'manual__2024-03-20T16:07:57.433347+00:00', '--job-id', '2035', '--raw', '--subdir', 'DAGS_FOLDER/etl2.py', '--cfg-path', '/tmp/tmp5c5sl9qh']
[2024-03-20T16:20:48.351+0000] {standard_task_runner.py:88} INFO - Job 2035: Subtask truncate_mrr_stg
[2024-03-20T16:20:48.478+0000] {task_command.py:423} INFO - Running <TaskInstance: ETL_Flow.truncate_mrr_stg manual__2024-03-20T16:07:57.433347+00:00 [running]> on host a1a2ab3031a9
[2024-03-20T16:20:49.124+0000] {taskinstance.py:2510} INFO - Exporting env vars: AIRFLOW_CTX_DAG_OWNER='coder2j' AIRFLOW_CTX_DAG_ID='ETL_Flow' AIRFLOW_CTX_TASK_ID='truncate_mrr_stg' AIRFLOW_CTX_EXECUTION_DATE='2024-03-20T16:07:57.433347+00:00' AIRFLOW_CTX_TRY_NUMBER='2' AIRFLOW_CTX_DAG_RUN_ID='manual__2024-03-20T16:07:57.433347+00:00'
[2024-03-20T16:20:49.129+0000] {sql.py:276} INFO - Executing: TRUNCATE TABLE MRR_Dim_Customers;
TRUNCATE TABLE MRR_Dim_Employees;
TRUNCATE TABLE MRR_Dim_Products;
TRUNCATE TABLE MRR_Fact_Details;
TRUNCATE TABLE MRR_Fact_Orders;
TRUNCATE TABLE STG_Dim_Customers;
TRUNCATE TABLE STG_Dim_Dates;
TRUNCATE TABLE STG_Dim_Employees;
TRUNCATE TABLE STG_Dim_Products;
TRUNCATE TABLE STG_Dim_Time;
TRUNCATE TABLE STG_Fact_Orders;
TRUNCATE TABLE STG_Fact_Details;
[2024-03-20T16:20:49.152+0000] {base.py:83} INFO - Using connection ID 'postgres_localhost' for task execution.
[2024-03-20T16:20:49.174+0000] {base.py:83} INFO - Using connection ID 'postgres_localhost' for task execution.
[2024-03-20T16:20:49.207+0000] {sql.py:457} INFO - Running statement: TRUNCATE TABLE MRR_Dim_Customers;
TRUNCATE TABLE MRR_Dim_Employees;
TRUNCATE TABLE MRR_Dim_Products;
TRUNCATE TABLE MRR_Fact_Details;
TRUNCATE TABLE MRR_Fact_Orders;
TRUNCATE TABLE STG_Dim_Customers;
TRUNCATE TABLE STG_Dim_Dates;
TRUNCATE TABLE STG_Dim_Employees;
TRUNCATE TABLE STG_Dim_Products;
TRUNCATE TABLE STG_Dim_Time;
TRUNCATE TABLE STG_Fact_Orders;
TRUNCATE TABLE STG_Fact_Details;, parameters: None
[2024-03-20T16:20:49.255+0000] {warnings.py:109} WARNING - /home/***/.local/lib/python3.8/site-packages/***/providers/common/sql/hooks/sql.py:407: AirflowProviderDeprecationWarning: Call to deprecated method _make_common_data_structure. (The `_make_serializable` method is deprecated and support will be removed in a future version of the common.sql provider. Please update the DbApiHook's provider to a version based on common.sql >= 1.9.1.)
  result = self._make_common_data_structure(handler(cur))

[2024-03-20T16:20:49.299+0000] {taskinstance.py:1149} INFO - Marking task as SUCCESS. dag_id=ETL_Flow, task_id=truncate_mrr_stg, execution_date=20240320T160757, start_date=20240320T162048, end_date=20240320T162049
[2024-03-20T16:20:49.403+0000] {local_task_job_runner.py:234} INFO - Task exited with return code 0
[2024-03-20T16:20:49.464+0000] {taskinstance.py:3309} INFO - 0 downstream tasks scheduled from follow-on schedule check
