[2024-04-29T10:03:43.161+0000] {taskinstance.py:1979} INFO - Dependencies all met for dep_context=non-requeueable deps ti=<TaskInstance: ETL_Flow.insert_data_from_files manual__2024-04-29T10:03:23.691759+00:00 [queued]>
[2024-04-29T10:03:43.556+0000] {taskinstance.py:1979} INFO - Dependencies all met for dep_context=requeueable deps ti=<TaskInstance: ETL_Flow.insert_data_from_files manual__2024-04-29T10:03:23.691759+00:00 [queued]>
[2024-04-29T10:03:43.559+0000] {taskinstance.py:2193} INFO - Starting attempt 1 of 6
[2024-04-29T10:03:43.890+0000] {taskinstance.py:2214} INFO - Executing <Task(PythonOperator): insert_data_from_files> on 2024-04-29 10:03:23.691759+00:00
[2024-04-29T10:03:44.087+0000] {standard_task_runner.py:60} INFO - Started process 7594 to run task
[2024-04-29T10:03:44.291+0000] {standard_task_runner.py:87} INFO - Running: ['***', 'tasks', 'run', 'ETL_Flow', 'insert_data_from_files', 'manual__2024-04-29T10:03:23.691759+00:00', '--job-id', '3038', '--raw', '--subdir', 'DAGS_FOLDER/ETL.py', '--cfg-path', '/tmp/tmpueorrrji']
[2024-04-29T10:03:44.377+0000] {standard_task_runner.py:88} INFO - Job 3038: Subtask insert_data_from_files
[2024-04-29T10:03:44.846+0000] {task_command.py:423} INFO - Running <TaskInstance: ETL_Flow.insert_data_from_files manual__2024-04-29T10:03:23.691759+00:00 [running]> on host d838c4eb4dcc
[2024-04-29T10:04:08.227+0000] {taskinstance.py:2510} INFO - Exporting env vars: AIRFLOW_CTX_DAG_OWNER='coder2j' AIRFLOW_CTX_DAG_ID='ETL_Flow' AIRFLOW_CTX_TASK_ID='insert_data_from_files' AIRFLOW_CTX_EXECUTION_DATE='2024-04-29T10:03:23.691759+00:00' AIRFLOW_CTX_TRY_NUMBER='1' AIRFLOW_CTX_DAG_RUN_ID='manual__2024-04-29T10:03:23.691759+00:00'
[2024-04-29T10:04:11.503+0000] {base.py:83} INFO - Using connection ID 'postgres_localhost' for task execution.
[2024-04-29T10:04:11.784+0000] {sql.py:572} INFO - Done loading. Loaded a total of 50 rows into MRR_Dim_Customers
[2024-04-29T10:04:12.108+0000] {base.py:83} INFO - Using connection ID 'postgres_localhost' for task execution.
[2024-04-29T10:04:13.297+0000] {sql.py:572} INFO - Done loading. Loaded a total of 312 rows into MRR_Fact_Events
[2024-04-29T10:04:13.512+0000] {base.py:83} INFO - Using connection ID 'postgres_localhost' for task execution.
[2024-04-29T10:04:14.311+0000] {sql.py:572} INFO - Done loading. Loaded a total of 77 rows into MRR_Dim_Products
[2024-04-29T10:04:14.662+0000] {base.py:83} INFO - Using connection ID 'postgres_localhost' for task execution.
[2024-04-29T10:04:15.775+0000] {sql.py:572} INFO - Done loading. Loaded a total of 155 rows into MRR_Fact_Orders
[2024-04-29T10:04:15.902+0000] {base.py:83} INFO - Using connection ID 'postgres_localhost' for task execution.
[2024-04-29T10:04:17.338+0000] {sql.py:572} INFO - Done loading. Loaded a total of 261 rows into MRR_Fact_Details
[2024-04-29T10:04:17.340+0000] {python.py:202} INFO - Done. Returned value was: None
[2024-04-29T10:04:17.368+0000] {taskinstance.py:1149} INFO - Marking task as SUCCESS. dag_id=ETL_Flow, task_id=insert_data_from_files, execution_date=20240429T100323, start_date=20240429T100343, end_date=20240429T100417
[2024-04-29T10:04:17.507+0000] {local_task_job_runner.py:234} INFO - Task exited with return code 0
[2024-04-29T10:04:17.548+0000] {taskinstance.py:3309} INFO - 0 downstream tasks scheduled from follow-on schedule check
