[2024-05-05T18:52:12.993+0000] {processor.py:161} INFO - Started process (PID=12247) to work on /opt/airflow/dags/operationalData/customers.xlsx
[2024-05-05T18:52:13.048+0000] {processor.py:830} INFO - Processing file /opt/airflow/dags/operationalData/customers.xlsx for tasks to queue
[2024-05-05T18:52:13.079+0000] {logging_mixin.py:188} INFO - [2024-05-05T18:52:13.077+0000] {dagbag.py:540} INFO - Filling up the DagBag from /opt/airflow/dags/operationalData/customers.xlsx
[2024-05-05T18:52:15.584+0000] {processor.py:842} WARNING - No viable dags retrieved from /opt/airflow/dags/operationalData/customers.xlsx
[2024-05-05T18:52:16.405+0000] {processor.py:183} INFO - Processing /opt/airflow/dags/operationalData/customers.xlsx took 3.522 seconds
[2024-05-05T18:52:47.540+0000] {processor.py:161} INFO - Started process (PID=12261) to work on /opt/airflow/dags/operationalData/customers.xlsx
[2024-05-05T18:52:47.677+0000] {processor.py:830} INFO - Processing file /opt/airflow/dags/operationalData/customers.xlsx for tasks to queue
[2024-05-05T18:52:47.716+0000] {logging_mixin.py:188} INFO - [2024-05-05T18:52:47.705+0000] {dagbag.py:540} INFO - Filling up the DagBag from /opt/airflow/dags/operationalData/customers.xlsx
[2024-05-05T18:52:48.021+0000] {processor.py:842} WARNING - No viable dags retrieved from /opt/airflow/dags/operationalData/customers.xlsx
[2024-05-05T18:52:48.464+0000] {processor.py:183} INFO - Processing /opt/airflow/dags/operationalData/customers.xlsx took 1.274 seconds
[2024-05-05T18:53:19.344+0000] {processor.py:161} INFO - Started process (PID=12274) to work on /opt/airflow/dags/operationalData/customers.xlsx
[2024-05-05T18:53:19.366+0000] {processor.py:830} INFO - Processing file /opt/airflow/dags/operationalData/customers.xlsx for tasks to queue
[2024-05-05T18:53:19.377+0000] {logging_mixin.py:188} INFO - [2024-05-05T18:53:19.376+0000] {dagbag.py:540} INFO - Filling up the DagBag from /opt/airflow/dags/operationalData/customers.xlsx
[2024-05-05T18:53:19.521+0000] {processor.py:842} WARNING - No viable dags retrieved from /opt/airflow/dags/operationalData/customers.xlsx
[2024-05-05T18:53:19.631+0000] {processor.py:183} INFO - Processing /opt/airflow/dags/operationalData/customers.xlsx took 0.335 seconds
[2024-05-05T18:53:50.669+0000] {processor.py:161} INFO - Started process (PID=12285) to work on /opt/airflow/dags/operationalData/customers.xlsx
[2024-05-05T18:53:50.682+0000] {processor.py:830} INFO - Processing file /opt/airflow/dags/operationalData/customers.xlsx for tasks to queue
[2024-05-05T18:53:50.686+0000] {logging_mixin.py:188} INFO - [2024-05-05T18:53:50.684+0000] {dagbag.py:540} INFO - Filling up the DagBag from /opt/airflow/dags/operationalData/customers.xlsx
[2024-05-05T18:53:51.187+0000] {processor.py:842} WARNING - No viable dags retrieved from /opt/airflow/dags/operationalData/customers.xlsx
[2024-05-05T18:53:51.346+0000] {processor.py:183} INFO - Processing /opt/airflow/dags/operationalData/customers.xlsx took 0.698 seconds
[2024-05-05T18:54:23.009+0000] {processor.py:161} INFO - Started process (PID=12304) to work on /opt/airflow/dags/operationalData/customers.xlsx
[2024-05-05T18:54:23.014+0000] {processor.py:830} INFO - Processing file /opt/airflow/dags/operationalData/customers.xlsx for tasks to queue
[2024-05-05T18:54:23.022+0000] {logging_mixin.py:188} INFO - [2024-05-05T18:54:23.020+0000] {dagbag.py:540} INFO - Filling up the DagBag from /opt/airflow/dags/operationalData/customers.xlsx
[2024-05-05T18:54:23.091+0000] {processor.py:842} WARNING - No viable dags retrieved from /opt/airflow/dags/operationalData/customers.xlsx
[2024-05-05T18:54:23.261+0000] {processor.py:183} INFO - Processing /opt/airflow/dags/operationalData/customers.xlsx took 0.274 seconds
[2024-05-05T18:54:54.822+0000] {processor.py:161} INFO - Started process (PID=12317) to work on /opt/airflow/dags/operationalData/customers.xlsx
[2024-05-05T18:54:54.833+0000] {processor.py:830} INFO - Processing file /opt/airflow/dags/operationalData/customers.xlsx for tasks to queue
[2024-05-05T18:54:54.840+0000] {logging_mixin.py:188} INFO - [2024-05-05T18:54:54.839+0000] {dagbag.py:540} INFO - Filling up the DagBag from /opt/airflow/dags/operationalData/customers.xlsx
[2024-05-05T18:54:55.079+0000] {processor.py:842} WARNING - No viable dags retrieved from /opt/airflow/dags/operationalData/customers.xlsx
[2024-05-05T18:54:55.146+0000] {processor.py:183} INFO - Processing /opt/airflow/dags/operationalData/customers.xlsx took 0.345 seconds
[2024-05-05T18:55:25.626+0000] {processor.py:161} INFO - Started process (PID=12330) to work on /opt/airflow/dags/operationalData/customers.xlsx
[2024-05-05T18:55:25.630+0000] {processor.py:830} INFO - Processing file /opt/airflow/dags/operationalData/customers.xlsx for tasks to queue
[2024-05-05T18:55:25.634+0000] {logging_mixin.py:188} INFO - [2024-05-05T18:55:25.633+0000] {dagbag.py:540} INFO - Filling up the DagBag from /opt/airflow/dags/operationalData/customers.xlsx
[2024-05-05T18:55:25.676+0000] {processor.py:842} WARNING - No viable dags retrieved from /opt/airflow/dags/operationalData/customers.xlsx
[2024-05-05T18:55:25.751+0000] {processor.py:183} INFO - Processing /opt/airflow/dags/operationalData/customers.xlsx took 0.150 seconds
[2024-05-05T18:55:55.936+0000] {processor.py:161} INFO - Started process (PID=12343) to work on /opt/airflow/dags/operationalData/customers.xlsx
[2024-05-05T18:55:55.940+0000] {processor.py:830} INFO - Processing file /opt/airflow/dags/operationalData/customers.xlsx for tasks to queue
[2024-05-05T18:55:55.944+0000] {logging_mixin.py:188} INFO - [2024-05-05T18:55:55.943+0000] {dagbag.py:540} INFO - Filling up the DagBag from /opt/airflow/dags/operationalData/customers.xlsx
[2024-05-05T18:55:55.979+0000] {processor.py:842} WARNING - No viable dags retrieved from /opt/airflow/dags/operationalData/customers.xlsx
[2024-05-05T18:55:56.025+0000] {processor.py:183} INFO - Processing /opt/airflow/dags/operationalData/customers.xlsx took 0.099 seconds
[2024-05-05T18:56:26.155+0000] {processor.py:161} INFO - Started process (PID=12356) to work on /opt/airflow/dags/operationalData/customers.xlsx
[2024-05-05T18:56:26.160+0000] {processor.py:830} INFO - Processing file /opt/airflow/dags/operationalData/customers.xlsx for tasks to queue
[2024-05-05T18:56:26.163+0000] {logging_mixin.py:188} INFO - [2024-05-05T18:56:26.162+0000] {dagbag.py:540} INFO - Filling up the DagBag from /opt/airflow/dags/operationalData/customers.xlsx
[2024-05-05T18:56:26.195+0000] {processor.py:842} WARNING - No viable dags retrieved from /opt/airflow/dags/operationalData/customers.xlsx
[2024-05-05T18:56:26.245+0000] {processor.py:183} INFO - Processing /opt/airflow/dags/operationalData/customers.xlsx took 0.104 seconds
[2024-05-05T18:56:56.548+0000] {processor.py:161} INFO - Started process (PID=12369) to work on /opt/airflow/dags/operationalData/customers.xlsx
[2024-05-05T18:56:56.551+0000] {processor.py:830} INFO - Processing file /opt/airflow/dags/operationalData/customers.xlsx for tasks to queue
[2024-05-05T18:56:56.554+0000] {logging_mixin.py:188} INFO - [2024-05-05T18:56:56.553+0000] {dagbag.py:540} INFO - Filling up the DagBag from /opt/airflow/dags/operationalData/customers.xlsx
[2024-05-05T18:56:56.579+0000] {processor.py:842} WARNING - No viable dags retrieved from /opt/airflow/dags/operationalData/customers.xlsx
[2024-05-05T18:56:56.623+0000] {processor.py:183} INFO - Processing /opt/airflow/dags/operationalData/customers.xlsx took 0.087 seconds
[2024-05-05T18:57:28.165+0000] {processor.py:161} INFO - Started process (PID=12382) to work on /opt/airflow/dags/operationalData/customers.xlsx
[2024-05-05T18:57:28.179+0000] {processor.py:830} INFO - Processing file /opt/airflow/dags/operationalData/customers.xlsx for tasks to queue
[2024-05-05T18:57:28.190+0000] {logging_mixin.py:188} INFO - [2024-05-05T18:57:28.185+0000] {dagbag.py:540} INFO - Filling up the DagBag from /opt/airflow/dags/operationalData/customers.xlsx
[2024-05-05T18:57:28.421+0000] {processor.py:842} WARNING - No viable dags retrieved from /opt/airflow/dags/operationalData/customers.xlsx
[2024-05-05T18:57:28.543+0000] {processor.py:183} INFO - Processing /opt/airflow/dags/operationalData/customers.xlsx took 0.404 seconds
[2024-05-05T18:57:59.601+0000] {processor.py:161} INFO - Started process (PID=12394) to work on /opt/airflow/dags/operationalData/customers.xlsx
[2024-05-05T18:57:59.607+0000] {processor.py:830} INFO - Processing file /opt/airflow/dags/operationalData/customers.xlsx for tasks to queue
[2024-05-05T18:57:59.613+0000] {logging_mixin.py:188} INFO - [2024-05-05T18:57:59.612+0000] {dagbag.py:540} INFO - Filling up the DagBag from /opt/airflow/dags/operationalData/customers.xlsx
[2024-05-05T18:57:59.700+0000] {processor.py:842} WARNING - No viable dags retrieved from /opt/airflow/dags/operationalData/customers.xlsx
[2024-05-05T18:57:59.798+0000] {processor.py:183} INFO - Processing /opt/airflow/dags/operationalData/customers.xlsx took 0.219 seconds
[2024-05-05T18:58:31.801+0000] {processor.py:161} INFO - Started process (PID=12406) to work on /opt/airflow/dags/operationalData/customers.xlsx
[2024-05-05T18:58:31.808+0000] {processor.py:830} INFO - Processing file /opt/airflow/dags/operationalData/customers.xlsx for tasks to queue
[2024-05-05T18:58:31.823+0000] {logging_mixin.py:188} INFO - [2024-05-05T18:58:31.822+0000] {dagbag.py:540} INFO - Filling up the DagBag from /opt/airflow/dags/operationalData/customers.xlsx
[2024-05-05T18:58:31.979+0000] {processor.py:842} WARNING - No viable dags retrieved from /opt/airflow/dags/operationalData/customers.xlsx
[2024-05-05T18:58:32.120+0000] {processor.py:183} INFO - Processing /opt/airflow/dags/operationalData/customers.xlsx took 0.350 seconds
[2024-05-05T18:59:03.760+0000] {processor.py:161} INFO - Started process (PID=12419) to work on /opt/airflow/dags/operationalData/customers.xlsx
[2024-05-05T18:59:03.764+0000] {processor.py:830} INFO - Processing file /opt/airflow/dags/operationalData/customers.xlsx for tasks to queue
[2024-05-05T18:59:03.776+0000] {logging_mixin.py:188} INFO - [2024-05-05T18:59:03.775+0000] {dagbag.py:540} INFO - Filling up the DagBag from /opt/airflow/dags/operationalData/customers.xlsx
[2024-05-05T18:59:03.816+0000] {processor.py:842} WARNING - No viable dags retrieved from /opt/airflow/dags/operationalData/customers.xlsx
[2024-05-05T18:59:03.897+0000] {processor.py:183} INFO - Processing /opt/airflow/dags/operationalData/customers.xlsx took 0.171 seconds
[2024-05-05T18:59:34.701+0000] {processor.py:161} INFO - Started process (PID=12432) to work on /opt/airflow/dags/operationalData/customers.xlsx
[2024-05-05T18:59:34.706+0000] {processor.py:830} INFO - Processing file /opt/airflow/dags/operationalData/customers.xlsx for tasks to queue
[2024-05-05T18:59:34.719+0000] {logging_mixin.py:188} INFO - [2024-05-05T18:59:34.718+0000] {dagbag.py:540} INFO - Filling up the DagBag from /opt/airflow/dags/operationalData/customers.xlsx
[2024-05-05T18:59:34.837+0000] {processor.py:842} WARNING - No viable dags retrieved from /opt/airflow/dags/operationalData/customers.xlsx
[2024-05-05T18:59:34.995+0000] {processor.py:183} INFO - Processing /opt/airflow/dags/operationalData/customers.xlsx took 0.312 seconds
[2024-05-05T19:00:05.662+0000] {processor.py:161} INFO - Started process (PID=12445) to work on /opt/airflow/dags/operationalData/customers.xlsx
[2024-05-05T19:00:05.666+0000] {processor.py:830} INFO - Processing file /opt/airflow/dags/operationalData/customers.xlsx for tasks to queue
[2024-05-05T19:00:05.670+0000] {logging_mixin.py:188} INFO - [2024-05-05T19:00:05.669+0000] {dagbag.py:540} INFO - Filling up the DagBag from /opt/airflow/dags/operationalData/customers.xlsx
[2024-05-05T19:00:05.700+0000] {processor.py:842} WARNING - No viable dags retrieved from /opt/airflow/dags/operationalData/customers.xlsx
[2024-05-05T19:00:05.745+0000] {processor.py:183} INFO - Processing /opt/airflow/dags/operationalData/customers.xlsx took 0.099 seconds
[2024-05-05T19:00:36.425+0000] {processor.py:161} INFO - Started process (PID=12458) to work on /opt/airflow/dags/operationalData/customers.xlsx
[2024-05-05T19:00:36.428+0000] {processor.py:830} INFO - Processing file /opt/airflow/dags/operationalData/customers.xlsx for tasks to queue
[2024-05-05T19:00:36.431+0000] {logging_mixin.py:188} INFO - [2024-05-05T19:00:36.430+0000] {dagbag.py:540} INFO - Filling up the DagBag from /opt/airflow/dags/operationalData/customers.xlsx
[2024-05-05T19:00:36.466+0000] {processor.py:842} WARNING - No viable dags retrieved from /opt/airflow/dags/operationalData/customers.xlsx
[2024-05-05T19:00:36.497+0000] {processor.py:183} INFO - Processing /opt/airflow/dags/operationalData/customers.xlsx took 0.082 seconds
[2024-05-05T19:01:06.773+0000] {processor.py:161} INFO - Started process (PID=12471) to work on /opt/airflow/dags/operationalData/customers.xlsx
[2024-05-05T19:01:06.776+0000] {processor.py:830} INFO - Processing file /opt/airflow/dags/operationalData/customers.xlsx for tasks to queue
[2024-05-05T19:01:06.779+0000] {logging_mixin.py:188} INFO - [2024-05-05T19:01:06.778+0000] {dagbag.py:540} INFO - Filling up the DagBag from /opt/airflow/dags/operationalData/customers.xlsx
[2024-05-05T19:01:06.806+0000] {processor.py:842} WARNING - No viable dags retrieved from /opt/airflow/dags/operationalData/customers.xlsx
[2024-05-05T19:01:06.845+0000] {processor.py:183} INFO - Processing /opt/airflow/dags/operationalData/customers.xlsx took 0.082 seconds
[2024-05-05T19:01:37.996+0000] {processor.py:161} INFO - Started process (PID=12485) to work on /opt/airflow/dags/operationalData/customers.xlsx
[2024-05-05T19:01:38.000+0000] {processor.py:830} INFO - Processing file /opt/airflow/dags/operationalData/customers.xlsx for tasks to queue
[2024-05-05T19:01:38.004+0000] {logging_mixin.py:188} INFO - [2024-05-05T19:01:38.003+0000] {dagbag.py:540} INFO - Filling up the DagBag from /opt/airflow/dags/operationalData/customers.xlsx
[2024-05-05T19:01:38.053+0000] {processor.py:842} WARNING - No viable dags retrieved from /opt/airflow/dags/operationalData/customers.xlsx
[2024-05-05T19:01:38.095+0000] {processor.py:183} INFO - Processing /opt/airflow/dags/operationalData/customers.xlsx took 0.133 seconds
[2024-05-05T19:02:08.737+0000] {processor.py:161} INFO - Started process (PID=12498) to work on /opt/airflow/dags/operationalData/customers.xlsx
[2024-05-05T19:02:08.740+0000] {processor.py:830} INFO - Processing file /opt/airflow/dags/operationalData/customers.xlsx for tasks to queue
[2024-05-05T19:02:08.745+0000] {logging_mixin.py:188} INFO - [2024-05-05T19:02:08.744+0000] {dagbag.py:540} INFO - Filling up the DagBag from /opt/airflow/dags/operationalData/customers.xlsx
[2024-05-05T19:02:08.780+0000] {processor.py:842} WARNING - No viable dags retrieved from /opt/airflow/dags/operationalData/customers.xlsx
[2024-05-05T19:02:08.834+0000] {processor.py:183} INFO - Processing /opt/airflow/dags/operationalData/customers.xlsx took 0.118 seconds
[2024-05-05T19:02:39.425+0000] {processor.py:161} INFO - Started process (PID=12511) to work on /opt/airflow/dags/operationalData/customers.xlsx
[2024-05-05T19:02:39.428+0000] {processor.py:830} INFO - Processing file /opt/airflow/dags/operationalData/customers.xlsx for tasks to queue
[2024-05-05T19:02:39.433+0000] {logging_mixin.py:188} INFO - [2024-05-05T19:02:39.431+0000] {dagbag.py:540} INFO - Filling up the DagBag from /opt/airflow/dags/operationalData/customers.xlsx
[2024-05-05T19:02:39.465+0000] {processor.py:842} WARNING - No viable dags retrieved from /opt/airflow/dags/operationalData/customers.xlsx
[2024-05-05T19:02:39.502+0000] {processor.py:183} INFO - Processing /opt/airflow/dags/operationalData/customers.xlsx took 0.165 seconds
[2024-05-05T19:03:09.648+0000] {processor.py:161} INFO - Started process (PID=12524) to work on /opt/airflow/dags/operationalData/customers.xlsx
[2024-05-05T19:03:09.650+0000] {processor.py:830} INFO - Processing file /opt/airflow/dags/operationalData/customers.xlsx for tasks to queue
[2024-05-05T19:03:09.653+0000] {logging_mixin.py:188} INFO - [2024-05-05T19:03:09.652+0000] {dagbag.py:540} INFO - Filling up the DagBag from /opt/airflow/dags/operationalData/customers.xlsx
[2024-05-05T19:03:09.697+0000] {processor.py:842} WARNING - No viable dags retrieved from /opt/airflow/dags/operationalData/customers.xlsx
[2024-05-05T19:03:09.753+0000] {processor.py:183} INFO - Processing /opt/airflow/dags/operationalData/customers.xlsx took 0.111 seconds
[2024-05-05T19:03:40.358+0000] {processor.py:161} INFO - Started process (PID=12537) to work on /opt/airflow/dags/operationalData/customers.xlsx
[2024-05-05T19:03:40.360+0000] {processor.py:830} INFO - Processing file /opt/airflow/dags/operationalData/customers.xlsx for tasks to queue
[2024-05-05T19:03:40.363+0000] {logging_mixin.py:188} INFO - [2024-05-05T19:03:40.362+0000] {dagbag.py:540} INFO - Filling up the DagBag from /opt/airflow/dags/operationalData/customers.xlsx
[2024-05-05T19:03:40.395+0000] {processor.py:842} WARNING - No viable dags retrieved from /opt/airflow/dags/operationalData/customers.xlsx
[2024-05-05T19:03:40.431+0000] {processor.py:183} INFO - Processing /opt/airflow/dags/operationalData/customers.xlsx took 0.085 seconds
[2024-05-05T19:04:11.137+0000] {processor.py:161} INFO - Started process (PID=12550) to work on /opt/airflow/dags/operationalData/customers.xlsx
[2024-05-05T19:04:11.139+0000] {processor.py:830} INFO - Processing file /opt/airflow/dags/operationalData/customers.xlsx for tasks to queue
[2024-05-05T19:04:11.144+0000] {logging_mixin.py:188} INFO - [2024-05-05T19:04:11.143+0000] {dagbag.py:540} INFO - Filling up the DagBag from /opt/airflow/dags/operationalData/customers.xlsx
[2024-05-05T19:04:11.177+0000] {processor.py:842} WARNING - No viable dags retrieved from /opt/airflow/dags/operationalData/customers.xlsx
[2024-05-05T19:04:11.217+0000] {processor.py:183} INFO - Processing /opt/airflow/dags/operationalData/customers.xlsx took 0.093 seconds
[2024-05-05T19:04:41.753+0000] {processor.py:161} INFO - Started process (PID=12563) to work on /opt/airflow/dags/operationalData/customers.xlsx
[2024-05-05T19:04:41.755+0000] {processor.py:830} INFO - Processing file /opt/airflow/dags/operationalData/customers.xlsx for tasks to queue
[2024-05-05T19:04:41.757+0000] {logging_mixin.py:188} INFO - [2024-05-05T19:04:41.756+0000] {dagbag.py:540} INFO - Filling up the DagBag from /opt/airflow/dags/operationalData/customers.xlsx
[2024-05-05T19:04:41.779+0000] {processor.py:842} WARNING - No viable dags retrieved from /opt/airflow/dags/operationalData/customers.xlsx
[2024-05-05T19:04:41.814+0000] {processor.py:183} INFO - Processing /opt/airflow/dags/operationalData/customers.xlsx took 0.069 seconds
[2024-05-05T19:05:12.281+0000] {processor.py:161} INFO - Started process (PID=12576) to work on /opt/airflow/dags/operationalData/customers.xlsx
[2024-05-05T19:05:12.283+0000] {processor.py:830} INFO - Processing file /opt/airflow/dags/operationalData/customers.xlsx for tasks to queue
[2024-05-05T19:05:12.286+0000] {logging_mixin.py:188} INFO - [2024-05-05T19:05:12.286+0000] {dagbag.py:540} INFO - Filling up the DagBag from /opt/airflow/dags/operationalData/customers.xlsx
[2024-05-05T19:05:12.328+0000] {processor.py:842} WARNING - No viable dags retrieved from /opt/airflow/dags/operationalData/customers.xlsx
[2024-05-05T19:05:12.402+0000] {processor.py:183} INFO - Processing /opt/airflow/dags/operationalData/customers.xlsx took 0.136 seconds
[2024-05-05T19:05:42.793+0000] {processor.py:161} INFO - Started process (PID=12589) to work on /opt/airflow/dags/operationalData/customers.xlsx
[2024-05-05T19:05:42.803+0000] {processor.py:830} INFO - Processing file /opt/airflow/dags/operationalData/customers.xlsx for tasks to queue
[2024-05-05T19:05:42.816+0000] {logging_mixin.py:188} INFO - [2024-05-05T19:05:42.809+0000] {dagbag.py:540} INFO - Filling up the DagBag from /opt/airflow/dags/operationalData/customers.xlsx
[2024-05-05T19:05:42.891+0000] {processor.py:842} WARNING - No viable dags retrieved from /opt/airflow/dags/operationalData/customers.xlsx
[2024-05-05T19:05:42.952+0000] {processor.py:183} INFO - Processing /opt/airflow/dags/operationalData/customers.xlsx took 0.189 seconds
[2024-05-05T19:06:13.403+0000] {processor.py:161} INFO - Started process (PID=12602) to work on /opt/airflow/dags/operationalData/customers.xlsx
[2024-05-05T19:06:13.407+0000] {processor.py:830} INFO - Processing file /opt/airflow/dags/operationalData/customers.xlsx for tasks to queue
[2024-05-05T19:06:13.410+0000] {logging_mixin.py:188} INFO - [2024-05-05T19:06:13.409+0000] {dagbag.py:540} INFO - Filling up the DagBag from /opt/airflow/dags/operationalData/customers.xlsx
[2024-05-05T19:06:13.442+0000] {processor.py:842} WARNING - No viable dags retrieved from /opt/airflow/dags/operationalData/customers.xlsx
[2024-05-05T19:06:13.479+0000] {processor.py:183} INFO - Processing /opt/airflow/dags/operationalData/customers.xlsx took 0.087 seconds
[2024-05-05T19:06:44.457+0000] {processor.py:161} INFO - Started process (PID=12615) to work on /opt/airflow/dags/operationalData/customers.xlsx
[2024-05-05T19:06:44.460+0000] {processor.py:830} INFO - Processing file /opt/airflow/dags/operationalData/customers.xlsx for tasks to queue
[2024-05-05T19:06:44.462+0000] {logging_mixin.py:188} INFO - [2024-05-05T19:06:44.461+0000] {dagbag.py:540} INFO - Filling up the DagBag from /opt/airflow/dags/operationalData/customers.xlsx
[2024-05-05T19:06:44.496+0000] {processor.py:842} WARNING - No viable dags retrieved from /opt/airflow/dags/operationalData/customers.xlsx
[2024-05-05T19:06:44.530+0000] {processor.py:183} INFO - Processing /opt/airflow/dags/operationalData/customers.xlsx took 0.080 seconds
[2024-05-05T19:07:15.011+0000] {processor.py:161} INFO - Started process (PID=12628) to work on /opt/airflow/dags/operationalData/customers.xlsx
[2024-05-05T19:07:15.014+0000] {processor.py:830} INFO - Processing file /opt/airflow/dags/operationalData/customers.xlsx for tasks to queue
[2024-05-05T19:07:15.017+0000] {logging_mixin.py:188} INFO - [2024-05-05T19:07:15.016+0000] {dagbag.py:540} INFO - Filling up the DagBag from /opt/airflow/dags/operationalData/customers.xlsx
[2024-05-05T19:07:15.051+0000] {processor.py:842} WARNING - No viable dags retrieved from /opt/airflow/dags/operationalData/customers.xlsx
[2024-05-05T19:07:15.095+0000] {processor.py:183} INFO - Processing /opt/airflow/dags/operationalData/customers.xlsx took 0.092 seconds
[2024-05-05T19:07:45.562+0000] {processor.py:161} INFO - Started process (PID=12639) to work on /opt/airflow/dags/operationalData/customers.xlsx
[2024-05-05T19:07:45.570+0000] {processor.py:830} INFO - Processing file /opt/airflow/dags/operationalData/customers.xlsx for tasks to queue
[2024-05-05T19:07:45.574+0000] {logging_mixin.py:188} INFO - [2024-05-05T19:07:45.573+0000] {dagbag.py:540} INFO - Filling up the DagBag from /opt/airflow/dags/operationalData/customers.xlsx
[2024-05-05T19:07:45.606+0000] {processor.py:842} WARNING - No viable dags retrieved from /opt/airflow/dags/operationalData/customers.xlsx
[2024-05-05T19:07:45.662+0000] {processor.py:183} INFO - Processing /opt/airflow/dags/operationalData/customers.xlsx took 0.124 seconds
[2024-05-05T19:08:16.348+0000] {processor.py:161} INFO - Started process (PID=12652) to work on /opt/airflow/dags/operationalData/customers.xlsx
[2024-05-05T19:08:16.351+0000] {processor.py:830} INFO - Processing file /opt/airflow/dags/operationalData/customers.xlsx for tasks to queue
[2024-05-05T19:08:16.353+0000] {logging_mixin.py:188} INFO - [2024-05-05T19:08:16.352+0000] {dagbag.py:540} INFO - Filling up the DagBag from /opt/airflow/dags/operationalData/customers.xlsx
[2024-05-05T19:08:16.385+0000] {processor.py:842} WARNING - No viable dags retrieved from /opt/airflow/dags/operationalData/customers.xlsx
[2024-05-05T19:08:16.421+0000] {processor.py:183} INFO - Processing /opt/airflow/dags/operationalData/customers.xlsx took 0.083 seconds
[2024-05-05T19:08:47.014+0000] {processor.py:161} INFO - Started process (PID=12665) to work on /opt/airflow/dags/operationalData/customers.xlsx
[2024-05-05T19:08:47.017+0000] {processor.py:830} INFO - Processing file /opt/airflow/dags/operationalData/customers.xlsx for tasks to queue
[2024-05-05T19:08:47.022+0000] {logging_mixin.py:188} INFO - [2024-05-05T19:08:47.021+0000] {dagbag.py:540} INFO - Filling up the DagBag from /opt/airflow/dags/operationalData/customers.xlsx
[2024-05-05T19:08:47.056+0000] {processor.py:842} WARNING - No viable dags retrieved from /opt/airflow/dags/operationalData/customers.xlsx
[2024-05-05T19:08:47.103+0000] {processor.py:183} INFO - Processing /opt/airflow/dags/operationalData/customers.xlsx took 0.102 seconds
[2024-05-05T19:09:17.423+0000] {processor.py:161} INFO - Started process (PID=12678) to work on /opt/airflow/dags/operationalData/customers.xlsx
[2024-05-05T19:09:17.425+0000] {processor.py:830} INFO - Processing file /opt/airflow/dags/operationalData/customers.xlsx for tasks to queue
[2024-05-05T19:09:17.429+0000] {logging_mixin.py:188} INFO - [2024-05-05T19:09:17.428+0000] {dagbag.py:540} INFO - Filling up the DagBag from /opt/airflow/dags/operationalData/customers.xlsx
[2024-05-05T19:09:17.462+0000] {processor.py:842} WARNING - No viable dags retrieved from /opt/airflow/dags/operationalData/customers.xlsx
[2024-05-05T19:09:17.494+0000] {processor.py:183} INFO - Processing /opt/airflow/dags/operationalData/customers.xlsx took 0.084 seconds
[2024-05-05T19:09:48.138+0000] {processor.py:161} INFO - Started process (PID=12691) to work on /opt/airflow/dags/operationalData/customers.xlsx
[2024-05-05T19:09:48.141+0000] {processor.py:830} INFO - Processing file /opt/airflow/dags/operationalData/customers.xlsx for tasks to queue
[2024-05-05T19:09:48.146+0000] {logging_mixin.py:188} INFO - [2024-05-05T19:09:48.144+0000] {dagbag.py:540} INFO - Filling up the DagBag from /opt/airflow/dags/operationalData/customers.xlsx
[2024-05-05T19:09:48.221+0000] {processor.py:842} WARNING - No viable dags retrieved from /opt/airflow/dags/operationalData/customers.xlsx
[2024-05-05T19:09:48.284+0000] {processor.py:183} INFO - Processing /opt/airflow/dags/operationalData/customers.xlsx took 0.157 seconds
[2024-05-05T19:10:18.607+0000] {processor.py:161} INFO - Started process (PID=12704) to work on /opt/airflow/dags/operationalData/customers.xlsx
[2024-05-05T19:10:18.612+0000] {processor.py:830} INFO - Processing file /opt/airflow/dags/operationalData/customers.xlsx for tasks to queue
[2024-05-05T19:10:18.616+0000] {logging_mixin.py:188} INFO - [2024-05-05T19:10:18.615+0000] {dagbag.py:540} INFO - Filling up the DagBag from /opt/airflow/dags/operationalData/customers.xlsx
[2024-05-05T19:10:18.665+0000] {processor.py:842} WARNING - No viable dags retrieved from /opt/airflow/dags/operationalData/customers.xlsx
[2024-05-05T19:10:18.758+0000] {processor.py:183} INFO - Processing /opt/airflow/dags/operationalData/customers.xlsx took 0.173 seconds
[2024-05-05T19:10:49.284+0000] {processor.py:161} INFO - Started process (PID=12717) to work on /opt/airflow/dags/operationalData/customers.xlsx
[2024-05-05T19:10:49.287+0000] {processor.py:830} INFO - Processing file /opt/airflow/dags/operationalData/customers.xlsx for tasks to queue
[2024-05-05T19:10:49.289+0000] {logging_mixin.py:188} INFO - [2024-05-05T19:10:49.289+0000] {dagbag.py:540} INFO - Filling up the DagBag from /opt/airflow/dags/operationalData/customers.xlsx
[2024-05-05T19:10:49.329+0000] {processor.py:842} WARNING - No viable dags retrieved from /opt/airflow/dags/operationalData/customers.xlsx
[2024-05-05T19:10:49.381+0000] {processor.py:183} INFO - Processing /opt/airflow/dags/operationalData/customers.xlsx took 0.104 seconds
[2024-05-05T19:11:19.905+0000] {processor.py:161} INFO - Started process (PID=12730) to work on /opt/airflow/dags/operationalData/customers.xlsx
[2024-05-05T19:11:19.909+0000] {processor.py:830} INFO - Processing file /opt/airflow/dags/operationalData/customers.xlsx for tasks to queue
[2024-05-05T19:11:19.912+0000] {logging_mixin.py:188} INFO - [2024-05-05T19:11:19.911+0000] {dagbag.py:540} INFO - Filling up the DagBag from /opt/airflow/dags/operationalData/customers.xlsx
[2024-05-05T19:11:19.944+0000] {processor.py:842} WARNING - No viable dags retrieved from /opt/airflow/dags/operationalData/customers.xlsx
[2024-05-05T19:11:19.979+0000] {processor.py:183} INFO - Processing /opt/airflow/dags/operationalData/customers.xlsx took 0.088 seconds
[2024-05-05T19:11:51.092+0000] {processor.py:161} INFO - Started process (PID=12743) to work on /opt/airflow/dags/operationalData/customers.xlsx
[2024-05-05T19:11:51.095+0000] {processor.py:830} INFO - Processing file /opt/airflow/dags/operationalData/customers.xlsx for tasks to queue
[2024-05-05T19:11:51.098+0000] {logging_mixin.py:188} INFO - [2024-05-05T19:11:51.097+0000] {dagbag.py:540} INFO - Filling up the DagBag from /opt/airflow/dags/operationalData/customers.xlsx
[2024-05-05T19:11:51.122+0000] {processor.py:842} WARNING - No viable dags retrieved from /opt/airflow/dags/operationalData/customers.xlsx
[2024-05-05T19:11:51.161+0000] {processor.py:183} INFO - Processing /opt/airflow/dags/operationalData/customers.xlsx took 0.077 seconds
[2024-05-05T19:12:21.342+0000] {processor.py:161} INFO - Started process (PID=12756) to work on /opt/airflow/dags/operationalData/customers.xlsx
[2024-05-05T19:12:21.345+0000] {processor.py:830} INFO - Processing file /opt/airflow/dags/operationalData/customers.xlsx for tasks to queue
[2024-05-05T19:12:21.348+0000] {logging_mixin.py:188} INFO - [2024-05-05T19:12:21.347+0000] {dagbag.py:540} INFO - Filling up the DagBag from /opt/airflow/dags/operationalData/customers.xlsx
[2024-05-05T19:12:21.383+0000] {processor.py:842} WARNING - No viable dags retrieved from /opt/airflow/dags/operationalData/customers.xlsx
[2024-05-05T19:12:21.427+0000] {processor.py:183} INFO - Processing /opt/airflow/dags/operationalData/customers.xlsx took 0.094 seconds
[2024-05-05T19:12:52.136+0000] {processor.py:161} INFO - Started process (PID=12769) to work on /opt/airflow/dags/operationalData/customers.xlsx
[2024-05-05T19:12:52.138+0000] {processor.py:830} INFO - Processing file /opt/airflow/dags/operationalData/customers.xlsx for tasks to queue
[2024-05-05T19:12:52.141+0000] {logging_mixin.py:188} INFO - [2024-05-05T19:12:52.140+0000] {dagbag.py:540} INFO - Filling up the DagBag from /opt/airflow/dags/operationalData/customers.xlsx
[2024-05-05T19:12:52.178+0000] {processor.py:842} WARNING - No viable dags retrieved from /opt/airflow/dags/operationalData/customers.xlsx
[2024-05-05T19:12:52.209+0000] {processor.py:183} INFO - Processing /opt/airflow/dags/operationalData/customers.xlsx took 0.081 seconds
[2024-05-05T19:13:22.941+0000] {processor.py:161} INFO - Started process (PID=12782) to work on /opt/airflow/dags/operationalData/customers.xlsx
[2024-05-05T19:13:22.947+0000] {processor.py:830} INFO - Processing file /opt/airflow/dags/operationalData/customers.xlsx for tasks to queue
[2024-05-05T19:13:22.955+0000] {logging_mixin.py:188} INFO - [2024-05-05T19:13:22.953+0000] {dagbag.py:540} INFO - Filling up the DagBag from /opt/airflow/dags/operationalData/customers.xlsx
[2024-05-05T19:13:23.038+0000] {processor.py:842} WARNING - No viable dags retrieved from /opt/airflow/dags/operationalData/customers.xlsx
[2024-05-05T19:13:23.141+0000] {processor.py:183} INFO - Processing /opt/airflow/dags/operationalData/customers.xlsx took 0.215 seconds
[2024-05-05T19:13:53.666+0000] {processor.py:161} INFO - Started process (PID=12795) to work on /opt/airflow/dags/operationalData/customers.xlsx
[2024-05-05T19:13:53.669+0000] {processor.py:830} INFO - Processing file /opt/airflow/dags/operationalData/customers.xlsx for tasks to queue
[2024-05-05T19:13:53.672+0000] {logging_mixin.py:188} INFO - [2024-05-05T19:13:53.671+0000] {dagbag.py:540} INFO - Filling up the DagBag from /opt/airflow/dags/operationalData/customers.xlsx
[2024-05-05T19:13:53.712+0000] {processor.py:842} WARNING - No viable dags retrieved from /opt/airflow/dags/operationalData/customers.xlsx
[2024-05-05T19:13:53.778+0000] {processor.py:183} INFO - Processing /opt/airflow/dags/operationalData/customers.xlsx took 0.127 seconds
[2024-05-05T19:14:24.037+0000] {processor.py:161} INFO - Started process (PID=12808) to work on /opt/airflow/dags/operationalData/customers.xlsx
[2024-05-05T19:14:24.040+0000] {processor.py:830} INFO - Processing file /opt/airflow/dags/operationalData/customers.xlsx for tasks to queue
[2024-05-05T19:14:24.043+0000] {logging_mixin.py:188} INFO - [2024-05-05T19:14:24.042+0000] {dagbag.py:540} INFO - Filling up the DagBag from /opt/airflow/dags/operationalData/customers.xlsx
[2024-05-05T19:14:24.073+0000] {processor.py:842} WARNING - No viable dags retrieved from /opt/airflow/dags/operationalData/customers.xlsx
[2024-05-05T19:14:24.113+0000] {processor.py:183} INFO - Processing /opt/airflow/dags/operationalData/customers.xlsx took 0.086 seconds
[2024-05-05T19:14:55.041+0000] {processor.py:161} INFO - Started process (PID=12821) to work on /opt/airflow/dags/operationalData/customers.xlsx
[2024-05-05T19:14:55.045+0000] {processor.py:830} INFO - Processing file /opt/airflow/dags/operationalData/customers.xlsx for tasks to queue
[2024-05-05T19:14:55.049+0000] {logging_mixin.py:188} INFO - [2024-05-05T19:14:55.048+0000] {dagbag.py:540} INFO - Filling up the DagBag from /opt/airflow/dags/operationalData/customers.xlsx
[2024-05-05T19:14:55.080+0000] {processor.py:842} WARNING - No viable dags retrieved from /opt/airflow/dags/operationalData/customers.xlsx
[2024-05-05T19:14:55.112+0000] {processor.py:183} INFO - Processing /opt/airflow/dags/operationalData/customers.xlsx took 0.082 seconds
[2024-05-05T19:15:25.828+0000] {processor.py:161} INFO - Started process (PID=12834) to work on /opt/airflow/dags/operationalData/customers.xlsx
[2024-05-05T19:15:25.831+0000] {processor.py:830} INFO - Processing file /opt/airflow/dags/operationalData/customers.xlsx for tasks to queue
[2024-05-05T19:15:25.834+0000] {logging_mixin.py:188} INFO - [2024-05-05T19:15:25.833+0000] {dagbag.py:540} INFO - Filling up the DagBag from /opt/airflow/dags/operationalData/customers.xlsx
[2024-05-05T19:15:25.867+0000] {processor.py:842} WARNING - No viable dags retrieved from /opt/airflow/dags/operationalData/customers.xlsx
[2024-05-05T19:15:25.904+0000] {processor.py:183} INFO - Processing /opt/airflow/dags/operationalData/customers.xlsx took 0.091 seconds
[2024-05-05T19:15:56.328+0000] {processor.py:161} INFO - Started process (PID=12847) to work on /opt/airflow/dags/operationalData/customers.xlsx
[2024-05-05T19:15:56.331+0000] {processor.py:830} INFO - Processing file /opt/airflow/dags/operationalData/customers.xlsx for tasks to queue
[2024-05-05T19:15:56.334+0000] {logging_mixin.py:188} INFO - [2024-05-05T19:15:56.333+0000] {dagbag.py:540} INFO - Filling up the DagBag from /opt/airflow/dags/operationalData/customers.xlsx
[2024-05-05T19:15:56.366+0000] {processor.py:842} WARNING - No viable dags retrieved from /opt/airflow/dags/operationalData/customers.xlsx
[2024-05-05T19:15:56.407+0000] {processor.py:183} INFO - Processing /opt/airflow/dags/operationalData/customers.xlsx took 0.089 seconds
[2024-05-05T19:16:26.537+0000] {processor.py:161} INFO - Started process (PID=12860) to work on /opt/airflow/dags/operationalData/customers.xlsx
[2024-05-05T19:16:26.540+0000] {processor.py:830} INFO - Processing file /opt/airflow/dags/operationalData/customers.xlsx for tasks to queue
[2024-05-05T19:16:26.543+0000] {logging_mixin.py:188} INFO - [2024-05-05T19:16:26.542+0000] {dagbag.py:540} INFO - Filling up the DagBag from /opt/airflow/dags/operationalData/customers.xlsx
[2024-05-05T19:16:26.570+0000] {processor.py:842} WARNING - No viable dags retrieved from /opt/airflow/dags/operationalData/customers.xlsx
[2024-05-05T19:16:26.626+0000] {processor.py:183} INFO - Processing /opt/airflow/dags/operationalData/customers.xlsx took 0.100 seconds
[2024-05-05T19:16:57.283+0000] {processor.py:161} INFO - Started process (PID=12873) to work on /opt/airflow/dags/operationalData/customers.xlsx
[2024-05-05T19:16:57.286+0000] {processor.py:830} INFO - Processing file /opt/airflow/dags/operationalData/customers.xlsx for tasks to queue
[2024-05-05T19:16:57.290+0000] {logging_mixin.py:188} INFO - [2024-05-05T19:16:57.289+0000] {dagbag.py:540} INFO - Filling up the DagBag from /opt/airflow/dags/operationalData/customers.xlsx
[2024-05-05T19:16:57.318+0000] {processor.py:842} WARNING - No viable dags retrieved from /opt/airflow/dags/operationalData/customers.xlsx
[2024-05-05T19:16:57.356+0000] {processor.py:183} INFO - Processing /opt/airflow/dags/operationalData/customers.xlsx took 0.084 seconds
[2024-05-05T19:17:27.803+0000] {processor.py:161} INFO - Started process (PID=12886) to work on /opt/airflow/dags/operationalData/customers.xlsx
[2024-05-05T19:17:27.806+0000] {processor.py:830} INFO - Processing file /opt/airflow/dags/operationalData/customers.xlsx for tasks to queue
[2024-05-05T19:17:27.809+0000] {logging_mixin.py:188} INFO - [2024-05-05T19:17:27.808+0000] {dagbag.py:540} INFO - Filling up the DagBag from /opt/airflow/dags/operationalData/customers.xlsx
[2024-05-05T19:17:27.838+0000] {processor.py:842} WARNING - No viable dags retrieved from /opt/airflow/dags/operationalData/customers.xlsx
[2024-05-05T19:17:27.873+0000] {processor.py:183} INFO - Processing /opt/airflow/dags/operationalData/customers.xlsx took 0.081 seconds
[2024-05-05T19:17:58.465+0000] {processor.py:161} INFO - Started process (PID=12898) to work on /opt/airflow/dags/operationalData/customers.xlsx
[2024-05-05T19:17:58.467+0000] {processor.py:830} INFO - Processing file /opt/airflow/dags/operationalData/customers.xlsx for tasks to queue
[2024-05-05T19:17:58.470+0000] {logging_mixin.py:188} INFO - [2024-05-05T19:17:58.469+0000] {dagbag.py:540} INFO - Filling up the DagBag from /opt/airflow/dags/operationalData/customers.xlsx
[2024-05-05T19:17:58.501+0000] {processor.py:842} WARNING - No viable dags retrieved from /opt/airflow/dags/operationalData/customers.xlsx
[2024-05-05T19:17:58.559+0000] {processor.py:183} INFO - Processing /opt/airflow/dags/operationalData/customers.xlsx took 0.105 seconds
[2024-05-05T19:18:29.075+0000] {processor.py:161} INFO - Started process (PID=12910) to work on /opt/airflow/dags/operationalData/customers.xlsx
[2024-05-05T19:18:29.079+0000] {processor.py:830} INFO - Processing file /opt/airflow/dags/operationalData/customers.xlsx for tasks to queue
[2024-05-05T19:18:29.091+0000] {logging_mixin.py:188} INFO - [2024-05-05T19:18:29.090+0000] {dagbag.py:540} INFO - Filling up the DagBag from /opt/airflow/dags/operationalData/customers.xlsx
[2024-05-05T19:18:29.149+0000] {processor.py:842} WARNING - No viable dags retrieved from /opt/airflow/dags/operationalData/customers.xlsx
[2024-05-05T19:18:29.246+0000] {processor.py:183} INFO - Processing /opt/airflow/dags/operationalData/customers.xlsx took 0.193 seconds
[2024-05-05T19:18:59.799+0000] {processor.py:161} INFO - Started process (PID=12923) to work on /opt/airflow/dags/operationalData/customers.xlsx
[2024-05-05T19:18:59.802+0000] {processor.py:830} INFO - Processing file /opt/airflow/dags/operationalData/customers.xlsx for tasks to queue
[2024-05-05T19:18:59.807+0000] {logging_mixin.py:188} INFO - [2024-05-05T19:18:59.805+0000] {dagbag.py:540} INFO - Filling up the DagBag from /opt/airflow/dags/operationalData/customers.xlsx
[2024-05-05T19:18:59.863+0000] {processor.py:842} WARNING - No viable dags retrieved from /opt/airflow/dags/operationalData/customers.xlsx
[2024-05-05T19:18:59.917+0000] {processor.py:183} INFO - Processing /opt/airflow/dags/operationalData/customers.xlsx took 0.129 seconds
[2024-05-05T19:19:30.471+0000] {processor.py:161} INFO - Started process (PID=12936) to work on /opt/airflow/dags/operationalData/customers.xlsx
[2024-05-05T19:19:30.475+0000] {processor.py:830} INFO - Processing file /opt/airflow/dags/operationalData/customers.xlsx for tasks to queue
[2024-05-05T19:19:30.480+0000] {logging_mixin.py:188} INFO - [2024-05-05T19:19:30.478+0000] {dagbag.py:540} INFO - Filling up the DagBag from /opt/airflow/dags/operationalData/customers.xlsx
[2024-05-05T19:19:30.539+0000] {processor.py:842} WARNING - No viable dags retrieved from /opt/airflow/dags/operationalData/customers.xlsx
[2024-05-05T19:19:30.583+0000] {processor.py:183} INFO - Processing /opt/airflow/dags/operationalData/customers.xlsx took 0.127 seconds
[2024-05-05T19:20:00.978+0000] {processor.py:161} INFO - Started process (PID=12955) to work on /opt/airflow/dags/operationalData/customers.xlsx
[2024-05-05T19:20:00.981+0000] {processor.py:830} INFO - Processing file /opt/airflow/dags/operationalData/customers.xlsx for tasks to queue
[2024-05-05T19:20:00.984+0000] {logging_mixin.py:188} INFO - [2024-05-05T19:20:00.983+0000] {dagbag.py:540} INFO - Filling up the DagBag from /opt/airflow/dags/operationalData/customers.xlsx
[2024-05-05T19:20:01.015+0000] {processor.py:842} WARNING - No viable dags retrieved from /opt/airflow/dags/operationalData/customers.xlsx
[2024-05-05T19:20:01.052+0000] {processor.py:183} INFO - Processing /opt/airflow/dags/operationalData/customers.xlsx took 0.085 seconds
[2024-05-05T19:20:31.210+0000] {processor.py:161} INFO - Started process (PID=12968) to work on /opt/airflow/dags/operationalData/customers.xlsx
[2024-05-05T19:20:31.213+0000] {processor.py:830} INFO - Processing file /opt/airflow/dags/operationalData/customers.xlsx for tasks to queue
[2024-05-05T19:20:31.217+0000] {logging_mixin.py:188} INFO - [2024-05-05T19:20:31.215+0000] {dagbag.py:540} INFO - Filling up the DagBag from /opt/airflow/dags/operationalData/customers.xlsx
[2024-05-05T19:20:31.259+0000] {processor.py:842} WARNING - No viable dags retrieved from /opt/airflow/dags/operationalData/customers.xlsx
[2024-05-05T19:20:31.322+0000] {processor.py:183} INFO - Processing /opt/airflow/dags/operationalData/customers.xlsx took 0.119 seconds
[2024-05-05T19:21:02.085+0000] {processor.py:161} INFO - Started process (PID=12981) to work on /opt/airflow/dags/operationalData/customers.xlsx
[2024-05-05T19:21:02.089+0000] {processor.py:830} INFO - Processing file /opt/airflow/dags/operationalData/customers.xlsx for tasks to queue
[2024-05-05T19:21:02.091+0000] {logging_mixin.py:188} INFO - [2024-05-05T19:21:02.091+0000] {dagbag.py:540} INFO - Filling up the DagBag from /opt/airflow/dags/operationalData/customers.xlsx
[2024-05-05T19:21:02.128+0000] {processor.py:842} WARNING - No viable dags retrieved from /opt/airflow/dags/operationalData/customers.xlsx
[2024-05-05T19:21:02.175+0000] {processor.py:183} INFO - Processing /opt/airflow/dags/operationalData/customers.xlsx took 0.104 seconds
[2024-05-05T19:21:32.428+0000] {processor.py:161} INFO - Started process (PID=12994) to work on /opt/airflow/dags/operationalData/customers.xlsx
[2024-05-05T19:21:32.431+0000] {processor.py:830} INFO - Processing file /opt/airflow/dags/operationalData/customers.xlsx for tasks to queue
[2024-05-05T19:21:32.434+0000] {logging_mixin.py:188} INFO - [2024-05-05T19:21:32.434+0000] {dagbag.py:540} INFO - Filling up the DagBag from /opt/airflow/dags/operationalData/customers.xlsx
[2024-05-05T19:21:32.464+0000] {processor.py:842} WARNING - No viable dags retrieved from /opt/airflow/dags/operationalData/customers.xlsx
[2024-05-05T19:21:32.498+0000] {processor.py:183} INFO - Processing /opt/airflow/dags/operationalData/customers.xlsx took 0.080 seconds
[2024-05-05T19:22:02.764+0000] {processor.py:161} INFO - Started process (PID=13008) to work on /opt/airflow/dags/operationalData/customers.xlsx
[2024-05-05T19:22:02.766+0000] {processor.py:830} INFO - Processing file /opt/airflow/dags/operationalData/customers.xlsx for tasks to queue
[2024-05-05T19:22:02.770+0000] {logging_mixin.py:188} INFO - [2024-05-05T19:22:02.769+0000] {dagbag.py:540} INFO - Filling up the DagBag from /opt/airflow/dags/operationalData/customers.xlsx
[2024-05-05T19:22:02.804+0000] {processor.py:842} WARNING - No viable dags retrieved from /opt/airflow/dags/operationalData/customers.xlsx
[2024-05-05T19:22:02.841+0000] {processor.py:183} INFO - Processing /opt/airflow/dags/operationalData/customers.xlsx took 0.088 seconds
[2024-05-05T19:22:33.360+0000] {processor.py:161} INFO - Started process (PID=13021) to work on /opt/airflow/dags/operationalData/customers.xlsx
[2024-05-05T19:22:33.365+0000] {processor.py:830} INFO - Processing file /opt/airflow/dags/operationalData/customers.xlsx for tasks to queue
[2024-05-05T19:22:33.369+0000] {logging_mixin.py:188} INFO - [2024-05-05T19:22:33.368+0000] {dagbag.py:540} INFO - Filling up the DagBag from /opt/airflow/dags/operationalData/customers.xlsx
[2024-05-05T19:22:33.393+0000] {processor.py:842} WARNING - No viable dags retrieved from /opt/airflow/dags/operationalData/customers.xlsx
[2024-05-05T19:22:33.436+0000] {processor.py:183} INFO - Processing /opt/airflow/dags/operationalData/customers.xlsx took 0.087 seconds
[2024-05-05T19:23:04.320+0000] {processor.py:161} INFO - Started process (PID=13034) to work on /opt/airflow/dags/operationalData/customers.xlsx
[2024-05-05T19:23:04.323+0000] {processor.py:830} INFO - Processing file /opt/airflow/dags/operationalData/customers.xlsx for tasks to queue
[2024-05-05T19:23:04.332+0000] {logging_mixin.py:188} INFO - [2024-05-05T19:23:04.330+0000] {dagbag.py:540} INFO - Filling up the DagBag from /opt/airflow/dags/operationalData/customers.xlsx
[2024-05-05T19:23:04.379+0000] {processor.py:842} WARNING - No viable dags retrieved from /opt/airflow/dags/operationalData/customers.xlsx
[2024-05-05T19:23:04.408+0000] {processor.py:183} INFO - Processing /opt/airflow/dags/operationalData/customers.xlsx took 0.100 seconds
[2024-05-05T19:23:35.045+0000] {processor.py:161} INFO - Started process (PID=13047) to work on /opt/airflow/dags/operationalData/customers.xlsx
[2024-05-05T19:23:35.048+0000] {processor.py:830} INFO - Processing file /opt/airflow/dags/operationalData/customers.xlsx for tasks to queue
[2024-05-05T19:23:35.051+0000] {logging_mixin.py:188} INFO - [2024-05-05T19:23:35.050+0000] {dagbag.py:540} INFO - Filling up the DagBag from /opt/airflow/dags/operationalData/customers.xlsx
[2024-05-05T19:23:35.082+0000] {processor.py:842} WARNING - No viable dags retrieved from /opt/airflow/dags/operationalData/customers.xlsx
[2024-05-05T19:23:35.118+0000] {processor.py:183} INFO - Processing /opt/airflow/dags/operationalData/customers.xlsx took 0.080 seconds
[2024-05-05T19:24:05.568+0000] {processor.py:161} INFO - Started process (PID=13060) to work on /opt/airflow/dags/operationalData/customers.xlsx
[2024-05-05T19:24:05.572+0000] {processor.py:830} INFO - Processing file /opt/airflow/dags/operationalData/customers.xlsx for tasks to queue
[2024-05-05T19:24:05.575+0000] {logging_mixin.py:188} INFO - [2024-05-05T19:24:05.574+0000] {dagbag.py:540} INFO - Filling up the DagBag from /opt/airflow/dags/operationalData/customers.xlsx
[2024-05-05T19:24:05.606+0000] {processor.py:842} WARNING - No viable dags retrieved from /opt/airflow/dags/operationalData/customers.xlsx
[2024-05-05T19:24:05.647+0000] {processor.py:183} INFO - Processing /opt/airflow/dags/operationalData/customers.xlsx took 0.089 seconds
[2024-05-05T19:24:35.855+0000] {processor.py:161} INFO - Started process (PID=13073) to work on /opt/airflow/dags/operationalData/customers.xlsx
[2024-05-05T19:24:35.858+0000] {processor.py:830} INFO - Processing file /opt/airflow/dags/operationalData/customers.xlsx for tasks to queue
[2024-05-05T19:24:35.861+0000] {logging_mixin.py:188} INFO - [2024-05-05T19:24:35.860+0000] {dagbag.py:540} INFO - Filling up the DagBag from /opt/airflow/dags/operationalData/customers.xlsx
[2024-05-05T19:24:35.898+0000] {processor.py:842} WARNING - No viable dags retrieved from /opt/airflow/dags/operationalData/customers.xlsx
[2024-05-05T19:24:35.937+0000] {processor.py:183} INFO - Processing /opt/airflow/dags/operationalData/customers.xlsx took 0.090 seconds
[2024-05-05T19:25:06.617+0000] {processor.py:161} INFO - Started process (PID=13086) to work on /opt/airflow/dags/operationalData/customers.xlsx
[2024-05-05T19:25:06.620+0000] {processor.py:830} INFO - Processing file /opt/airflow/dags/operationalData/customers.xlsx for tasks to queue
[2024-05-05T19:25:06.626+0000] {logging_mixin.py:188} INFO - [2024-05-05T19:25:06.624+0000] {dagbag.py:540} INFO - Filling up the DagBag from /opt/airflow/dags/operationalData/customers.xlsx
[2024-05-05T19:25:06.657+0000] {processor.py:842} WARNING - No viable dags retrieved from /opt/airflow/dags/operationalData/customers.xlsx
[2024-05-05T19:25:06.706+0000] {processor.py:183} INFO - Processing /opt/airflow/dags/operationalData/customers.xlsx took 0.102 seconds
[2024-05-05T19:25:37.848+0000] {processor.py:161} INFO - Started process (PID=13099) to work on /opt/airflow/dags/operationalData/customers.xlsx
[2024-05-05T19:25:37.850+0000] {processor.py:830} INFO - Processing file /opt/airflow/dags/operationalData/customers.xlsx for tasks to queue
[2024-05-05T19:25:37.853+0000] {logging_mixin.py:188} INFO - [2024-05-05T19:25:37.852+0000] {dagbag.py:540} INFO - Filling up the DagBag from /opt/airflow/dags/operationalData/customers.xlsx
[2024-05-05T19:25:37.885+0000] {processor.py:842} WARNING - No viable dags retrieved from /opt/airflow/dags/operationalData/customers.xlsx
[2024-05-05T19:25:37.914+0000] {processor.py:183} INFO - Processing /opt/airflow/dags/operationalData/customers.xlsx took 0.078 seconds
[2024-05-05T19:26:08.516+0000] {processor.py:161} INFO - Started process (PID=13112) to work on /opt/airflow/dags/operationalData/customers.xlsx
[2024-05-05T19:26:08.521+0000] {processor.py:830} INFO - Processing file /opt/airflow/dags/operationalData/customers.xlsx for tasks to queue
[2024-05-05T19:26:08.525+0000] {logging_mixin.py:188} INFO - [2024-05-05T19:26:08.524+0000] {dagbag.py:540} INFO - Filling up the DagBag from /opt/airflow/dags/operationalData/customers.xlsx
[2024-05-05T19:26:08.558+0000] {processor.py:842} WARNING - No viable dags retrieved from /opt/airflow/dags/operationalData/customers.xlsx
[2024-05-05T19:26:08.615+0000] {processor.py:183} INFO - Processing /opt/airflow/dags/operationalData/customers.xlsx took 0.114 seconds
[2024-05-05T19:26:39.337+0000] {processor.py:161} INFO - Started process (PID=13125) to work on /opt/airflow/dags/operationalData/customers.xlsx
[2024-05-05T19:26:39.341+0000] {processor.py:830} INFO - Processing file /opt/airflow/dags/operationalData/customers.xlsx for tasks to queue
[2024-05-05T19:26:39.344+0000] {logging_mixin.py:188} INFO - [2024-05-05T19:26:39.343+0000] {dagbag.py:540} INFO - Filling up the DagBag from /opt/airflow/dags/operationalData/customers.xlsx
[2024-05-05T19:26:39.381+0000] {processor.py:842} WARNING - No viable dags retrieved from /opt/airflow/dags/operationalData/customers.xlsx
[2024-05-05T19:26:39.439+0000] {processor.py:183} INFO - Processing /opt/airflow/dags/operationalData/customers.xlsx took 0.114 seconds
[2024-05-05T19:27:09.931+0000] {processor.py:161} INFO - Started process (PID=13138) to work on /opt/airflow/dags/operationalData/customers.xlsx
[2024-05-05T19:27:09.934+0000] {processor.py:830} INFO - Processing file /opt/airflow/dags/operationalData/customers.xlsx for tasks to queue
[2024-05-05T19:27:09.937+0000] {logging_mixin.py:188} INFO - [2024-05-05T19:27:09.936+0000] {dagbag.py:540} INFO - Filling up the DagBag from /opt/airflow/dags/operationalData/customers.xlsx
[2024-05-05T19:27:09.971+0000] {processor.py:842} WARNING - No viable dags retrieved from /opt/airflow/dags/operationalData/customers.xlsx
[2024-05-05T19:27:10.016+0000] {processor.py:183} INFO - Processing /opt/airflow/dags/operationalData/customers.xlsx took 0.095 seconds
[2024-05-05T19:27:40.535+0000] {processor.py:161} INFO - Started process (PID=13151) to work on /opt/airflow/dags/operationalData/customers.xlsx
[2024-05-05T19:27:40.538+0000] {processor.py:830} INFO - Processing file /opt/airflow/dags/operationalData/customers.xlsx for tasks to queue
[2024-05-05T19:27:40.541+0000] {logging_mixin.py:188} INFO - [2024-05-05T19:27:40.540+0000] {dagbag.py:540} INFO - Filling up the DagBag from /opt/airflow/dags/operationalData/customers.xlsx
[2024-05-05T19:27:40.570+0000] {processor.py:842} WARNING - No viable dags retrieved from /opt/airflow/dags/operationalData/customers.xlsx
[2024-05-05T19:27:40.602+0000] {processor.py:183} INFO - Processing /opt/airflow/dags/operationalData/customers.xlsx took 0.078 seconds
[2024-05-05T19:28:11.056+0000] {processor.py:161} INFO - Started process (PID=13164) to work on /opt/airflow/dags/operationalData/customers.xlsx
[2024-05-05T19:28:11.058+0000] {processor.py:830} INFO - Processing file /opt/airflow/dags/operationalData/customers.xlsx for tasks to queue
[2024-05-05T19:28:11.061+0000] {logging_mixin.py:188} INFO - [2024-05-05T19:28:11.060+0000] {dagbag.py:540} INFO - Filling up the DagBag from /opt/airflow/dags/operationalData/customers.xlsx
[2024-05-05T19:28:11.095+0000] {processor.py:842} WARNING - No viable dags retrieved from /opt/airflow/dags/operationalData/customers.xlsx
[2024-05-05T19:28:11.132+0000] {processor.py:183} INFO - Processing /opt/airflow/dags/operationalData/customers.xlsx took 0.084 seconds
[2024-05-05T19:28:41.360+0000] {processor.py:161} INFO - Started process (PID=13176) to work on /opt/airflow/dags/operationalData/customers.xlsx
[2024-05-05T19:28:41.364+0000] {processor.py:830} INFO - Processing file /opt/airflow/dags/operationalData/customers.xlsx for tasks to queue
[2024-05-05T19:28:41.367+0000] {logging_mixin.py:188} INFO - [2024-05-05T19:28:41.366+0000] {dagbag.py:540} INFO - Filling up the DagBag from /opt/airflow/dags/operationalData/customers.xlsx
[2024-05-05T19:28:41.399+0000] {processor.py:842} WARNING - No viable dags retrieved from /opt/airflow/dags/operationalData/customers.xlsx
[2024-05-05T19:28:41.452+0000] {processor.py:183} INFO - Processing /opt/airflow/dags/operationalData/customers.xlsx took 0.104 seconds
[2024-05-05T19:29:11.853+0000] {processor.py:161} INFO - Started process (PID=13188) to work on /opt/airflow/dags/operationalData/customers.xlsx
[2024-05-05T19:29:11.857+0000] {processor.py:830} INFO - Processing file /opt/airflow/dags/operationalData/customers.xlsx for tasks to queue
[2024-05-05T19:29:11.861+0000] {logging_mixin.py:188} INFO - [2024-05-05T19:29:11.860+0000] {dagbag.py:540} INFO - Filling up the DagBag from /opt/airflow/dags/operationalData/customers.xlsx
[2024-05-05T19:29:11.890+0000] {processor.py:842} WARNING - No viable dags retrieved from /opt/airflow/dags/operationalData/customers.xlsx
[2024-05-05T19:29:11.927+0000] {processor.py:183} INFO - Processing /opt/airflow/dags/operationalData/customers.xlsx took 0.085 seconds
[2024-05-05T19:29:42.713+0000] {processor.py:161} INFO - Started process (PID=13201) to work on /opt/airflow/dags/operationalData/customers.xlsx
[2024-05-05T19:29:42.716+0000] {processor.py:830} INFO - Processing file /opt/airflow/dags/operationalData/customers.xlsx for tasks to queue
[2024-05-05T19:29:42.720+0000] {logging_mixin.py:188} INFO - [2024-05-05T19:29:42.719+0000] {dagbag.py:540} INFO - Filling up the DagBag from /opt/airflow/dags/operationalData/customers.xlsx
[2024-05-05T19:29:42.744+0000] {processor.py:842} WARNING - No viable dags retrieved from /opt/airflow/dags/operationalData/customers.xlsx
[2024-05-05T19:29:42.783+0000] {processor.py:183} INFO - Processing /opt/airflow/dags/operationalData/customers.xlsx took 0.080 seconds
[2024-05-05T19:30:13.253+0000] {processor.py:161} INFO - Started process (PID=13214) to work on /opt/airflow/dags/operationalData/customers.xlsx
[2024-05-05T19:30:13.258+0000] {processor.py:830} INFO - Processing file /opt/airflow/dags/operationalData/customers.xlsx for tasks to queue
[2024-05-05T19:30:13.266+0000] {logging_mixin.py:188} INFO - [2024-05-05T19:30:13.262+0000] {dagbag.py:540} INFO - Filling up the DagBag from /opt/airflow/dags/operationalData/customers.xlsx
[2024-05-05T19:30:13.301+0000] {processor.py:842} WARNING - No viable dags retrieved from /opt/airflow/dags/operationalData/customers.xlsx
[2024-05-05T19:30:13.339+0000] {processor.py:183} INFO - Processing /opt/airflow/dags/operationalData/customers.xlsx took 0.096 seconds
[2024-05-05T19:30:43.728+0000] {processor.py:161} INFO - Started process (PID=13227) to work on /opt/airflow/dags/operationalData/customers.xlsx
[2024-05-05T19:30:43.732+0000] {processor.py:830} INFO - Processing file /opt/airflow/dags/operationalData/customers.xlsx for tasks to queue
[2024-05-05T19:30:43.737+0000] {logging_mixin.py:188} INFO - [2024-05-05T19:30:43.735+0000] {dagbag.py:540} INFO - Filling up the DagBag from /opt/airflow/dags/operationalData/customers.xlsx
[2024-05-05T19:30:43.767+0000] {processor.py:842} WARNING - No viable dags retrieved from /opt/airflow/dags/operationalData/customers.xlsx
[2024-05-05T19:30:43.814+0000] {processor.py:183} INFO - Processing /opt/airflow/dags/operationalData/customers.xlsx took 0.103 seconds
[2024-05-05T19:31:14.467+0000] {processor.py:161} INFO - Started process (PID=13240) to work on /opt/airflow/dags/operationalData/customers.xlsx
[2024-05-05T19:31:14.471+0000] {processor.py:830} INFO - Processing file /opt/airflow/dags/operationalData/customers.xlsx for tasks to queue
[2024-05-05T19:31:14.476+0000] {logging_mixin.py:188} INFO - [2024-05-05T19:31:14.474+0000] {dagbag.py:540} INFO - Filling up the DagBag from /opt/airflow/dags/operationalData/customers.xlsx
[2024-05-05T19:31:14.502+0000] {processor.py:842} WARNING - No viable dags retrieved from /opt/airflow/dags/operationalData/customers.xlsx
[2024-05-05T19:31:14.547+0000] {processor.py:183} INFO - Processing /opt/airflow/dags/operationalData/customers.xlsx took 0.092 seconds
[2024-05-05T19:31:44.701+0000] {processor.py:161} INFO - Started process (PID=13253) to work on /opt/airflow/dags/operationalData/customers.xlsx
[2024-05-05T19:31:44.704+0000] {processor.py:830} INFO - Processing file /opt/airflow/dags/operationalData/customers.xlsx for tasks to queue
[2024-05-05T19:31:44.706+0000] {logging_mixin.py:188} INFO - [2024-05-05T19:31:44.706+0000] {dagbag.py:540} INFO - Filling up the DagBag from /opt/airflow/dags/operationalData/customers.xlsx
[2024-05-05T19:31:44.758+0000] {processor.py:842} WARNING - No viable dags retrieved from /opt/airflow/dags/operationalData/customers.xlsx
[2024-05-05T19:31:44.809+0000] {processor.py:183} INFO - Processing /opt/airflow/dags/operationalData/customers.xlsx took 0.119 seconds
[2024-05-05T19:32:15.187+0000] {processor.py:161} INFO - Started process (PID=13266) to work on /opt/airflow/dags/operationalData/customers.xlsx
[2024-05-05T19:32:15.191+0000] {processor.py:830} INFO - Processing file /opt/airflow/dags/operationalData/customers.xlsx for tasks to queue
[2024-05-05T19:32:15.194+0000] {logging_mixin.py:188} INFO - [2024-05-05T19:32:15.193+0000] {dagbag.py:540} INFO - Filling up the DagBag from /opt/airflow/dags/operationalData/customers.xlsx
[2024-05-05T19:32:15.226+0000] {processor.py:842} WARNING - No viable dags retrieved from /opt/airflow/dags/operationalData/customers.xlsx
[2024-05-05T19:32:15.264+0000] {processor.py:183} INFO - Processing /opt/airflow/dags/operationalData/customers.xlsx took 0.089 seconds
[2024-05-05T19:32:45.656+0000] {processor.py:161} INFO - Started process (PID=13279) to work on /opt/airflow/dags/operationalData/customers.xlsx
[2024-05-05T19:32:45.659+0000] {processor.py:830} INFO - Processing file /opt/airflow/dags/operationalData/customers.xlsx for tasks to queue
[2024-05-05T19:32:45.661+0000] {logging_mixin.py:188} INFO - [2024-05-05T19:32:45.661+0000] {dagbag.py:540} INFO - Filling up the DagBag from /opt/airflow/dags/operationalData/customers.xlsx
[2024-05-05T19:32:45.685+0000] {processor.py:842} WARNING - No viable dags retrieved from /opt/airflow/dags/operationalData/customers.xlsx
[2024-05-05T19:32:45.717+0000] {processor.py:183} INFO - Processing /opt/airflow/dags/operationalData/customers.xlsx took 0.072 seconds
[2024-05-05T19:33:16.187+0000] {processor.py:161} INFO - Started process (PID=13292) to work on /opt/airflow/dags/operationalData/customers.xlsx
[2024-05-05T19:33:16.189+0000] {processor.py:830} INFO - Processing file /opt/airflow/dags/operationalData/customers.xlsx for tasks to queue
[2024-05-05T19:33:16.192+0000] {logging_mixin.py:188} INFO - [2024-05-05T19:33:16.191+0000] {dagbag.py:540} INFO - Filling up the DagBag from /opt/airflow/dags/operationalData/customers.xlsx
[2024-05-05T19:33:16.227+0000] {processor.py:842} WARNING - No viable dags retrieved from /opt/airflow/dags/operationalData/customers.xlsx
[2024-05-05T19:33:16.260+0000] {processor.py:183} INFO - Processing /opt/airflow/dags/operationalData/customers.xlsx took 0.081 seconds
[2024-05-05T19:33:46.745+0000] {processor.py:161} INFO - Started process (PID=13305) to work on /opt/airflow/dags/operationalData/customers.xlsx
[2024-05-05T19:33:46.748+0000] {processor.py:830} INFO - Processing file /opt/airflow/dags/operationalData/customers.xlsx for tasks to queue
[2024-05-05T19:33:46.752+0000] {logging_mixin.py:188} INFO - [2024-05-05T19:33:46.751+0000] {dagbag.py:540} INFO - Filling up the DagBag from /opt/airflow/dags/operationalData/customers.xlsx
[2024-05-05T19:33:46.782+0000] {processor.py:842} WARNING - No viable dags retrieved from /opt/airflow/dags/operationalData/customers.xlsx
[2024-05-05T19:33:46.844+0000] {processor.py:183} INFO - Processing /opt/airflow/dags/operationalData/customers.xlsx took 0.108 seconds
[2024-05-05T19:34:17.514+0000] {processor.py:161} INFO - Started process (PID=13317) to work on /opt/airflow/dags/operationalData/customers.xlsx
[2024-05-05T19:34:17.518+0000] {processor.py:830} INFO - Processing file /opt/airflow/dags/operationalData/customers.xlsx for tasks to queue
[2024-05-05T19:34:17.522+0000] {logging_mixin.py:188} INFO - [2024-05-05T19:34:17.521+0000] {dagbag.py:540} INFO - Filling up the DagBag from /opt/airflow/dags/operationalData/customers.xlsx
[2024-05-05T19:34:17.555+0000] {processor.py:842} WARNING - No viable dags retrieved from /opt/airflow/dags/operationalData/customers.xlsx
[2024-05-05T19:34:17.598+0000] {processor.py:183} INFO - Processing /opt/airflow/dags/operationalData/customers.xlsx took 0.097 seconds
[2024-05-05T19:34:48.228+0000] {processor.py:161} INFO - Started process (PID=13329) to work on /opt/airflow/dags/operationalData/customers.xlsx
[2024-05-05T19:34:48.232+0000] {processor.py:830} INFO - Processing file /opt/airflow/dags/operationalData/customers.xlsx for tasks to queue
[2024-05-05T19:34:48.236+0000] {logging_mixin.py:188} INFO - [2024-05-05T19:34:48.235+0000] {dagbag.py:540} INFO - Filling up the DagBag from /opt/airflow/dags/operationalData/customers.xlsx
[2024-05-05T19:34:48.264+0000] {processor.py:842} WARNING - No viable dags retrieved from /opt/airflow/dags/operationalData/customers.xlsx
[2024-05-05T19:34:48.305+0000] {processor.py:183} INFO - Processing /opt/airflow/dags/operationalData/customers.xlsx took 0.089 seconds
[2024-05-05T19:35:19.163+0000] {processor.py:161} INFO - Started process (PID=13343) to work on /opt/airflow/dags/operationalData/customers.xlsx
[2024-05-05T19:35:19.165+0000] {processor.py:830} INFO - Processing file /opt/airflow/dags/operationalData/customers.xlsx for tasks to queue
[2024-05-05T19:35:19.168+0000] {logging_mixin.py:188} INFO - [2024-05-05T19:35:19.168+0000] {dagbag.py:540} INFO - Filling up the DagBag from /opt/airflow/dags/operationalData/customers.xlsx
[2024-05-05T19:35:19.202+0000] {processor.py:842} WARNING - No viable dags retrieved from /opt/airflow/dags/operationalData/customers.xlsx
[2024-05-05T19:35:19.239+0000] {processor.py:183} INFO - Processing /opt/airflow/dags/operationalData/customers.xlsx took 0.087 seconds
[2024-05-05T19:35:49.849+0000] {processor.py:161} INFO - Started process (PID=13356) to work on /opt/airflow/dags/operationalData/customers.xlsx
[2024-05-05T19:35:49.852+0000] {processor.py:830} INFO - Processing file /opt/airflow/dags/operationalData/customers.xlsx for tasks to queue
[2024-05-05T19:35:49.856+0000] {logging_mixin.py:188} INFO - [2024-05-05T19:35:49.855+0000] {dagbag.py:540} INFO - Filling up the DagBag from /opt/airflow/dags/operationalData/customers.xlsx
[2024-05-05T19:35:49.902+0000] {processor.py:842} WARNING - No viable dags retrieved from /opt/airflow/dags/operationalData/customers.xlsx
[2024-05-05T19:35:49.952+0000] {processor.py:183} INFO - Processing /opt/airflow/dags/operationalData/customers.xlsx took 0.122 seconds
[2024-05-05T19:36:20.447+0000] {processor.py:161} INFO - Started process (PID=13369) to work on /opt/airflow/dags/operationalData/customers.xlsx
[2024-05-05T19:36:20.451+0000] {processor.py:830} INFO - Processing file /opt/airflow/dags/operationalData/customers.xlsx for tasks to queue
[2024-05-05T19:36:20.455+0000] {logging_mixin.py:188} INFO - [2024-05-05T19:36:20.454+0000] {dagbag.py:540} INFO - Filling up the DagBag from /opt/airflow/dags/operationalData/customers.xlsx
[2024-05-05T19:36:20.481+0000] {processor.py:842} WARNING - No viable dags retrieved from /opt/airflow/dags/operationalData/customers.xlsx
[2024-05-05T19:36:20.510+0000] {processor.py:183} INFO - Processing /opt/airflow/dags/operationalData/customers.xlsx took 0.077 seconds
[2024-05-05T19:36:50.746+0000] {processor.py:161} INFO - Started process (PID=13382) to work on /opt/airflow/dags/operationalData/customers.xlsx
[2024-05-05T19:36:50.749+0000] {processor.py:830} INFO - Processing file /opt/airflow/dags/operationalData/customers.xlsx for tasks to queue
[2024-05-05T19:36:50.752+0000] {logging_mixin.py:188} INFO - [2024-05-05T19:36:50.751+0000] {dagbag.py:540} INFO - Filling up the DagBag from /opt/airflow/dags/operationalData/customers.xlsx
[2024-05-05T19:36:50.785+0000] {processor.py:842} WARNING - No viable dags retrieved from /opt/airflow/dags/operationalData/customers.xlsx
[2024-05-05T19:36:50.831+0000] {processor.py:183} INFO - Processing /opt/airflow/dags/operationalData/customers.xlsx took 0.095 seconds
[2024-05-05T19:37:21.257+0000] {processor.py:161} INFO - Started process (PID=13395) to work on /opt/airflow/dags/operationalData/customers.xlsx
[2024-05-05T19:37:21.260+0000] {processor.py:830} INFO - Processing file /opt/airflow/dags/operationalData/customers.xlsx for tasks to queue
[2024-05-05T19:37:21.265+0000] {logging_mixin.py:188} INFO - [2024-05-05T19:37:21.262+0000] {dagbag.py:540} INFO - Filling up the DagBag from /opt/airflow/dags/operationalData/customers.xlsx
[2024-05-05T19:37:21.305+0000] {processor.py:842} WARNING - No viable dags retrieved from /opt/airflow/dags/operationalData/customers.xlsx
[2024-05-05T19:37:21.344+0000] {processor.py:183} INFO - Processing /opt/airflow/dags/operationalData/customers.xlsx took 0.096 seconds
[2024-05-05T19:37:51.997+0000] {processor.py:161} INFO - Started process (PID=13408) to work on /opt/airflow/dags/operationalData/customers.xlsx
[2024-05-05T19:37:52.001+0000] {processor.py:830} INFO - Processing file /opt/airflow/dags/operationalData/customers.xlsx for tasks to queue
[2024-05-05T19:37:52.005+0000] {logging_mixin.py:188} INFO - [2024-05-05T19:37:52.004+0000] {dagbag.py:540} INFO - Filling up the DagBag from /opt/airflow/dags/operationalData/customers.xlsx
[2024-05-05T19:37:52.043+0000] {processor.py:842} WARNING - No viable dags retrieved from /opt/airflow/dags/operationalData/customers.xlsx
[2024-05-05T19:37:52.092+0000] {processor.py:183} INFO - Processing /opt/airflow/dags/operationalData/customers.xlsx took 0.109 seconds
[2024-05-05T19:38:22.362+0000] {processor.py:161} INFO - Started process (PID=13421) to work on /opt/airflow/dags/operationalData/customers.xlsx
[2024-05-05T19:38:22.365+0000] {processor.py:830} INFO - Processing file /opt/airflow/dags/operationalData/customers.xlsx for tasks to queue
[2024-05-05T19:38:22.367+0000] {logging_mixin.py:188} INFO - [2024-05-05T19:38:22.367+0000] {dagbag.py:540} INFO - Filling up the DagBag from /opt/airflow/dags/operationalData/customers.xlsx
[2024-05-05T19:38:22.401+0000] {processor.py:842} WARNING - No viable dags retrieved from /opt/airflow/dags/operationalData/customers.xlsx
[2024-05-05T19:38:22.436+0000] {processor.py:183} INFO - Processing /opt/airflow/dags/operationalData/customers.xlsx took 0.082 seconds
[2024-05-05T19:38:53.052+0000] {processor.py:161} INFO - Started process (PID=13434) to work on /opt/airflow/dags/operationalData/customers.xlsx
[2024-05-05T19:38:53.055+0000] {processor.py:830} INFO - Processing file /opt/airflow/dags/operationalData/customers.xlsx for tasks to queue
[2024-05-05T19:38:53.059+0000] {logging_mixin.py:188} INFO - [2024-05-05T19:38:53.057+0000] {dagbag.py:540} INFO - Filling up the DagBag from /opt/airflow/dags/operationalData/customers.xlsx
[2024-05-05T19:38:53.107+0000] {processor.py:842} WARNING - No viable dags retrieved from /opt/airflow/dags/operationalData/customers.xlsx
[2024-05-05T19:38:53.151+0000] {processor.py:183} INFO - Processing /opt/airflow/dags/operationalData/customers.xlsx took 0.110 seconds
[2024-05-05T19:39:23.506+0000] {processor.py:161} INFO - Started process (PID=13447) to work on /opt/airflow/dags/operationalData/customers.xlsx
[2024-05-05T19:39:23.508+0000] {processor.py:830} INFO - Processing file /opt/airflow/dags/operationalData/customers.xlsx for tasks to queue
[2024-05-05T19:39:23.512+0000] {logging_mixin.py:188} INFO - [2024-05-05T19:39:23.511+0000] {dagbag.py:540} INFO - Filling up the DagBag from /opt/airflow/dags/operationalData/customers.xlsx
[2024-05-05T19:39:23.540+0000] {processor.py:842} WARNING - No viable dags retrieved from /opt/airflow/dags/operationalData/customers.xlsx
[2024-05-05T19:39:23.580+0000] {processor.py:183} INFO - Processing /opt/airflow/dags/operationalData/customers.xlsx took 0.082 seconds
[2024-05-05T19:39:54.230+0000] {processor.py:161} INFO - Started process (PID=13458) to work on /opt/airflow/dags/operationalData/customers.xlsx
[2024-05-05T19:39:54.233+0000] {processor.py:830} INFO - Processing file /opt/airflow/dags/operationalData/customers.xlsx for tasks to queue
[2024-05-05T19:39:54.237+0000] {logging_mixin.py:188} INFO - [2024-05-05T19:39:54.236+0000] {dagbag.py:540} INFO - Filling up the DagBag from /opt/airflow/dags/operationalData/customers.xlsx
[2024-05-05T19:39:54.280+0000] {processor.py:842} WARNING - No viable dags retrieved from /opt/airflow/dags/operationalData/customers.xlsx
[2024-05-05T19:39:54.338+0000] {processor.py:183} INFO - Processing /opt/airflow/dags/operationalData/customers.xlsx took 0.124 seconds
[2024-05-05T19:40:24.786+0000] {processor.py:161} INFO - Started process (PID=13471) to work on /opt/airflow/dags/operationalData/customers.xlsx
[2024-05-05T19:40:24.790+0000] {processor.py:830} INFO - Processing file /opt/airflow/dags/operationalData/customers.xlsx for tasks to queue
[2024-05-05T19:40:24.793+0000] {logging_mixin.py:188} INFO - [2024-05-05T19:40:24.792+0000] {dagbag.py:540} INFO - Filling up the DagBag from /opt/airflow/dags/operationalData/customers.xlsx
[2024-05-05T19:40:24.815+0000] {processor.py:842} WARNING - No viable dags retrieved from /opt/airflow/dags/operationalData/customers.xlsx
[2024-05-05T19:40:24.854+0000] {processor.py:183} INFO - Processing /opt/airflow/dags/operationalData/customers.xlsx took 0.078 seconds
[2024-05-05T19:40:55.307+0000] {processor.py:161} INFO - Started process (PID=13484) to work on /opt/airflow/dags/operationalData/customers.xlsx
[2024-05-05T19:40:55.309+0000] {processor.py:830} INFO - Processing file /opt/airflow/dags/operationalData/customers.xlsx for tasks to queue
[2024-05-05T19:40:55.312+0000] {logging_mixin.py:188} INFO - [2024-05-05T19:40:55.311+0000] {dagbag.py:540} INFO - Filling up the DagBag from /opt/airflow/dags/operationalData/customers.xlsx
[2024-05-05T19:40:55.336+0000] {processor.py:842} WARNING - No viable dags retrieved from /opt/airflow/dags/operationalData/customers.xlsx
[2024-05-05T19:40:55.389+0000] {processor.py:183} INFO - Processing /opt/airflow/dags/operationalData/customers.xlsx took 0.091 seconds
[2024-05-05T19:41:25.821+0000] {processor.py:161} INFO - Started process (PID=13497) to work on /opt/airflow/dags/operationalData/customers.xlsx
[2024-05-05T19:41:25.825+0000] {processor.py:830} INFO - Processing file /opt/airflow/dags/operationalData/customers.xlsx for tasks to queue
[2024-05-05T19:41:25.831+0000] {logging_mixin.py:188} INFO - [2024-05-05T19:41:25.828+0000] {dagbag.py:540} INFO - Filling up the DagBag from /opt/airflow/dags/operationalData/customers.xlsx
[2024-05-05T19:41:25.884+0000] {processor.py:842} WARNING - No viable dags retrieved from /opt/airflow/dags/operationalData/customers.xlsx
[2024-05-05T19:41:25.925+0000] {processor.py:183} INFO - Processing /opt/airflow/dags/operationalData/customers.xlsx took 0.132 seconds
[2024-05-05T19:41:56.753+0000] {processor.py:161} INFO - Started process (PID=13510) to work on /opt/airflow/dags/operationalData/customers.xlsx
[2024-05-05T19:41:56.757+0000] {processor.py:830} INFO - Processing file /opt/airflow/dags/operationalData/customers.xlsx for tasks to queue
[2024-05-05T19:41:56.762+0000] {logging_mixin.py:188} INFO - [2024-05-05T19:41:56.761+0000] {dagbag.py:540} INFO - Filling up the DagBag from /opt/airflow/dags/operationalData/customers.xlsx
[2024-05-05T19:41:56.810+0000] {processor.py:842} WARNING - No viable dags retrieved from /opt/airflow/dags/operationalData/customers.xlsx
[2024-05-05T19:41:56.846+0000] {processor.py:183} INFO - Processing /opt/airflow/dags/operationalData/customers.xlsx took 0.112 seconds
[2024-05-05T19:42:27.011+0000] {processor.py:161} INFO - Started process (PID=13523) to work on /opt/airflow/dags/operationalData/customers.xlsx
[2024-05-05T19:42:27.015+0000] {processor.py:830} INFO - Processing file /opt/airflow/dags/operationalData/customers.xlsx for tasks to queue
[2024-05-05T19:42:27.020+0000] {logging_mixin.py:188} INFO - [2024-05-05T19:42:27.019+0000] {dagbag.py:540} INFO - Filling up the DagBag from /opt/airflow/dags/operationalData/customers.xlsx
[2024-05-05T19:42:27.047+0000] {processor.py:842} WARNING - No viable dags retrieved from /opt/airflow/dags/operationalData/customers.xlsx
[2024-05-05T19:42:27.090+0000] {processor.py:183} INFO - Processing /opt/airflow/dags/operationalData/customers.xlsx took 0.091 seconds
[2024-05-05T19:42:57.580+0000] {processor.py:161} INFO - Started process (PID=13536) to work on /opt/airflow/dags/operationalData/customers.xlsx
[2024-05-05T19:42:57.582+0000] {processor.py:830} INFO - Processing file /opt/airflow/dags/operationalData/customers.xlsx for tasks to queue
[2024-05-05T19:42:57.585+0000] {logging_mixin.py:188} INFO - [2024-05-05T19:42:57.584+0000] {dagbag.py:540} INFO - Filling up the DagBag from /opt/airflow/dags/operationalData/customers.xlsx
[2024-05-05T19:42:57.619+0000] {processor.py:842} WARNING - No viable dags retrieved from /opt/airflow/dags/operationalData/customers.xlsx
[2024-05-05T19:42:57.661+0000] {processor.py:183} INFO - Processing /opt/airflow/dags/operationalData/customers.xlsx took 0.089 seconds
[2024-05-05T19:43:28.557+0000] {processor.py:161} INFO - Started process (PID=13550) to work on /opt/airflow/dags/operationalData/customers.xlsx
[2024-05-05T19:43:28.561+0000] {processor.py:830} INFO - Processing file /opt/airflow/dags/operationalData/customers.xlsx for tasks to queue
[2024-05-05T19:43:28.564+0000] {logging_mixin.py:188} INFO - [2024-05-05T19:43:28.563+0000] {dagbag.py:540} INFO - Filling up the DagBag from /opt/airflow/dags/operationalData/customers.xlsx
[2024-05-05T19:43:28.599+0000] {processor.py:842} WARNING - No viable dags retrieved from /opt/airflow/dags/operationalData/customers.xlsx
[2024-05-05T19:43:28.644+0000] {processor.py:183} INFO - Processing /opt/airflow/dags/operationalData/customers.xlsx took 0.098 seconds
[2024-05-05T19:43:59.012+0000] {processor.py:161} INFO - Started process (PID=13563) to work on /opt/airflow/dags/operationalData/customers.xlsx
[2024-05-05T19:43:59.016+0000] {processor.py:830} INFO - Processing file /opt/airflow/dags/operationalData/customers.xlsx for tasks to queue
[2024-05-05T19:43:59.020+0000] {logging_mixin.py:188} INFO - [2024-05-05T19:43:59.019+0000] {dagbag.py:540} INFO - Filling up the DagBag from /opt/airflow/dags/operationalData/customers.xlsx
[2024-05-05T19:43:59.058+0000] {processor.py:842} WARNING - No viable dags retrieved from /opt/airflow/dags/operationalData/customers.xlsx
[2024-05-05T19:43:59.112+0000] {processor.py:183} INFO - Processing /opt/airflow/dags/operationalData/customers.xlsx took 0.111 seconds
[2024-05-05T19:44:29.349+0000] {processor.py:161} INFO - Started process (PID=13576) to work on /opt/airflow/dags/operationalData/customers.xlsx
[2024-05-05T19:44:29.352+0000] {processor.py:830} INFO - Processing file /opt/airflow/dags/operationalData/customers.xlsx for tasks to queue
[2024-05-05T19:44:29.355+0000] {logging_mixin.py:188} INFO - [2024-05-05T19:44:29.354+0000] {dagbag.py:540} INFO - Filling up the DagBag from /opt/airflow/dags/operationalData/customers.xlsx
[2024-05-05T19:44:29.391+0000] {processor.py:842} WARNING - No viable dags retrieved from /opt/airflow/dags/operationalData/customers.xlsx
[2024-05-05T19:44:29.439+0000] {processor.py:183} INFO - Processing /opt/airflow/dags/operationalData/customers.xlsx took 0.101 seconds
[2024-05-05T19:44:59.705+0000] {processor.py:161} INFO - Started process (PID=13589) to work on /opt/airflow/dags/operationalData/customers.xlsx
[2024-05-05T19:44:59.708+0000] {processor.py:830} INFO - Processing file /opt/airflow/dags/operationalData/customers.xlsx for tasks to queue
[2024-05-05T19:44:59.712+0000] {logging_mixin.py:188} INFO - [2024-05-05T19:44:59.710+0000] {dagbag.py:540} INFO - Filling up the DagBag from /opt/airflow/dags/operationalData/customers.xlsx
[2024-05-05T19:44:59.740+0000] {processor.py:842} WARNING - No viable dags retrieved from /opt/airflow/dags/operationalData/customers.xlsx
[2024-05-05T19:44:59.782+0000] {processor.py:183} INFO - Processing /opt/airflow/dags/operationalData/customers.xlsx took 0.088 seconds
[2024-05-05T19:45:30.310+0000] {processor.py:161} INFO - Started process (PID=13602) to work on /opt/airflow/dags/operationalData/customers.xlsx
[2024-05-05T19:45:30.313+0000] {processor.py:830} INFO - Processing file /opt/airflow/dags/operationalData/customers.xlsx for tasks to queue
[2024-05-05T19:45:30.316+0000] {logging_mixin.py:188} INFO - [2024-05-05T19:45:30.315+0000] {dagbag.py:540} INFO - Filling up the DagBag from /opt/airflow/dags/operationalData/customers.xlsx
[2024-05-05T19:45:30.343+0000] {processor.py:842} WARNING - No viable dags retrieved from /opt/airflow/dags/operationalData/customers.xlsx
[2024-05-05T19:45:30.386+0000] {processor.py:183} INFO - Processing /opt/airflow/dags/operationalData/customers.xlsx took 0.088 seconds
[2024-05-05T19:46:01.228+0000] {processor.py:161} INFO - Started process (PID=13615) to work on /opt/airflow/dags/operationalData/customers.xlsx
[2024-05-05T19:46:01.230+0000] {processor.py:830} INFO - Processing file /opt/airflow/dags/operationalData/customers.xlsx for tasks to queue
[2024-05-05T19:46:01.234+0000] {logging_mixin.py:188} INFO - [2024-05-05T19:46:01.233+0000] {dagbag.py:540} INFO - Filling up the DagBag from /opt/airflow/dags/operationalData/customers.xlsx
[2024-05-05T19:46:01.264+0000] {processor.py:842} WARNING - No viable dags retrieved from /opt/airflow/dags/operationalData/customers.xlsx
[2024-05-05T19:46:01.308+0000] {processor.py:183} INFO - Processing /opt/airflow/dags/operationalData/customers.xlsx took 0.093 seconds
[2024-05-05T19:46:31.855+0000] {processor.py:161} INFO - Started process (PID=13628) to work on /opt/airflow/dags/operationalData/customers.xlsx
[2024-05-05T19:46:31.861+0000] {processor.py:830} INFO - Processing file /opt/airflow/dags/operationalData/customers.xlsx for tasks to queue
[2024-05-05T19:46:31.867+0000] {logging_mixin.py:188} INFO - [2024-05-05T19:46:31.865+0000] {dagbag.py:540} INFO - Filling up the DagBag from /opt/airflow/dags/operationalData/customers.xlsx
[2024-05-05T19:46:31.899+0000] {processor.py:842} WARNING - No viable dags retrieved from /opt/airflow/dags/operationalData/customers.xlsx
[2024-05-05T19:46:31.990+0000] {processor.py:183} INFO - Processing /opt/airflow/dags/operationalData/customers.xlsx took 0.148 seconds
[2024-05-05T19:47:18.790+0000] {processor.py:161} INFO - Started process (PID=13640) to work on /opt/airflow/dags/operationalData/customers.xlsx
[2024-05-05T19:47:18.806+0000] {processor.py:830} INFO - Processing file /opt/airflow/dags/operationalData/customers.xlsx for tasks to queue
[2024-05-05T19:47:18.810+0000] {logging_mixin.py:188} INFO - [2024-05-05T19:47:18.809+0000] {dagbag.py:540} INFO - Filling up the DagBag from /opt/airflow/dags/operationalData/customers.xlsx
[2024-05-05T19:47:19.122+0000] {processor.py:842} WARNING - No viable dags retrieved from /opt/airflow/dags/operationalData/customers.xlsx
[2024-05-05T19:47:19.327+0000] {processor.py:183} INFO - Processing /opt/airflow/dags/operationalData/customers.xlsx took 0.563 seconds
[2024-05-05T19:47:50.479+0000] {processor.py:161} INFO - Started process (PID=13656) to work on /opt/airflow/dags/operationalData/customers.xlsx
[2024-05-05T19:47:50.487+0000] {processor.py:830} INFO - Processing file /opt/airflow/dags/operationalData/customers.xlsx for tasks to queue
[2024-05-05T19:47:50.494+0000] {logging_mixin.py:188} INFO - [2024-05-05T19:47:50.493+0000] {dagbag.py:540} INFO - Filling up the DagBag from /opt/airflow/dags/operationalData/customers.xlsx
[2024-05-05T19:47:50.969+0000] {processor.py:842} WARNING - No viable dags retrieved from /opt/airflow/dags/operationalData/customers.xlsx
[2024-05-05T19:47:51.188+0000] {processor.py:183} INFO - Processing /opt/airflow/dags/operationalData/customers.xlsx took 0.936 seconds
[2024-05-05T19:48:21.528+0000] {processor.py:161} INFO - Started process (PID=13669) to work on /opt/airflow/dags/operationalData/customers.xlsx
[2024-05-05T19:48:21.533+0000] {processor.py:830} INFO - Processing file /opt/airflow/dags/operationalData/customers.xlsx for tasks to queue
[2024-05-05T19:48:21.539+0000] {logging_mixin.py:188} INFO - [2024-05-05T19:48:21.537+0000] {dagbag.py:540} INFO - Filling up the DagBag from /opt/airflow/dags/operationalData/customers.xlsx
[2024-05-05T19:48:21.590+0000] {processor.py:842} WARNING - No viable dags retrieved from /opt/airflow/dags/operationalData/customers.xlsx
[2024-05-05T19:48:21.659+0000] {processor.py:183} INFO - Processing /opt/airflow/dags/operationalData/customers.xlsx took 0.150 seconds
[2024-05-05T19:48:52.197+0000] {processor.py:161} INFO - Started process (PID=13682) to work on /opt/airflow/dags/operationalData/customers.xlsx
[2024-05-05T19:48:52.202+0000] {processor.py:830} INFO - Processing file /opt/airflow/dags/operationalData/customers.xlsx for tasks to queue
[2024-05-05T19:48:52.209+0000] {logging_mixin.py:188} INFO - [2024-05-05T19:48:52.207+0000] {dagbag.py:540} INFO - Filling up the DagBag from /opt/airflow/dags/operationalData/customers.xlsx
[2024-05-05T19:48:52.261+0000] {processor.py:842} WARNING - No viable dags retrieved from /opt/airflow/dags/operationalData/customers.xlsx
[2024-05-05T19:48:52.322+0000] {processor.py:183} INFO - Processing /opt/airflow/dags/operationalData/customers.xlsx took 0.143 seconds
[2024-05-05T19:49:22.957+0000] {processor.py:161} INFO - Started process (PID=13695) to work on /opt/airflow/dags/operationalData/customers.xlsx
[2024-05-05T19:49:22.962+0000] {processor.py:830} INFO - Processing file /opt/airflow/dags/operationalData/customers.xlsx for tasks to queue
[2024-05-05T19:49:22.966+0000] {logging_mixin.py:188} INFO - [2024-05-05T19:49:22.965+0000] {dagbag.py:540} INFO - Filling up the DagBag from /opt/airflow/dags/operationalData/customers.xlsx
[2024-05-05T19:49:23.030+0000] {processor.py:842} WARNING - No viable dags retrieved from /opt/airflow/dags/operationalData/customers.xlsx
[2024-05-05T19:49:23.107+0000] {processor.py:183} INFO - Processing /opt/airflow/dags/operationalData/customers.xlsx took 0.177 seconds
[2024-05-05T19:49:53.712+0000] {processor.py:161} INFO - Started process (PID=13708) to work on /opt/airflow/dags/operationalData/customers.xlsx
[2024-05-05T19:49:53.719+0000] {processor.py:830} INFO - Processing file /opt/airflow/dags/operationalData/customers.xlsx for tasks to queue
[2024-05-05T19:49:53.723+0000] {logging_mixin.py:188} INFO - [2024-05-05T19:49:53.722+0000] {dagbag.py:540} INFO - Filling up the DagBag from /opt/airflow/dags/operationalData/customers.xlsx
[2024-05-05T19:49:53.752+0000] {processor.py:842} WARNING - No viable dags retrieved from /opt/airflow/dags/operationalData/customers.xlsx
[2024-05-05T19:49:53.793+0000] {processor.py:183} INFO - Processing /opt/airflow/dags/operationalData/customers.xlsx took 0.094 seconds
[2024-05-05T19:50:24.186+0000] {processor.py:161} INFO - Started process (PID=13721) to work on /opt/airflow/dags/operationalData/customers.xlsx
[2024-05-05T19:50:24.189+0000] {processor.py:830} INFO - Processing file /opt/airflow/dags/operationalData/customers.xlsx for tasks to queue
[2024-05-05T19:50:24.192+0000] {logging_mixin.py:188} INFO - [2024-05-05T19:50:24.191+0000] {dagbag.py:540} INFO - Filling up the DagBag from /opt/airflow/dags/operationalData/customers.xlsx
[2024-05-05T19:50:24.227+0000] {processor.py:842} WARNING - No viable dags retrieved from /opt/airflow/dags/operationalData/customers.xlsx
[2024-05-05T19:50:24.257+0000] {processor.py:183} INFO - Processing /opt/airflow/dags/operationalData/customers.xlsx took 0.089 seconds
[2024-05-05T19:50:54.730+0000] {processor.py:161} INFO - Started process (PID=13734) to work on /opt/airflow/dags/operationalData/customers.xlsx
[2024-05-05T19:50:54.733+0000] {processor.py:830} INFO - Processing file /opt/airflow/dags/operationalData/customers.xlsx for tasks to queue
[2024-05-05T19:50:54.737+0000] {logging_mixin.py:188} INFO - [2024-05-05T19:50:54.736+0000] {dagbag.py:540} INFO - Filling up the DagBag from /opt/airflow/dags/operationalData/customers.xlsx
[2024-05-05T19:50:54.773+0000] {processor.py:842} WARNING - No viable dags retrieved from /opt/airflow/dags/operationalData/customers.xlsx
[2024-05-05T19:50:54.807+0000] {processor.py:183} INFO - Processing /opt/airflow/dags/operationalData/customers.xlsx took 0.089 seconds
[2024-05-05T19:51:25.075+0000] {processor.py:161} INFO - Started process (PID=13747) to work on /opt/airflow/dags/operationalData/customers.xlsx
[2024-05-05T19:51:25.078+0000] {processor.py:830} INFO - Processing file /opt/airflow/dags/operationalData/customers.xlsx for tasks to queue
[2024-05-05T19:51:25.080+0000] {logging_mixin.py:188} INFO - [2024-05-05T19:51:25.079+0000] {dagbag.py:540} INFO - Filling up the DagBag from /opt/airflow/dags/operationalData/customers.xlsx
[2024-05-05T19:51:25.116+0000] {processor.py:842} WARNING - No viable dags retrieved from /opt/airflow/dags/operationalData/customers.xlsx
[2024-05-05T19:51:25.150+0000] {processor.py:183} INFO - Processing /opt/airflow/dags/operationalData/customers.xlsx took 0.083 seconds
[2024-05-05T19:51:55.471+0000] {processor.py:161} INFO - Started process (PID=13760) to work on /opt/airflow/dags/operationalData/customers.xlsx
[2024-05-05T19:51:55.474+0000] {processor.py:830} INFO - Processing file /opt/airflow/dags/operationalData/customers.xlsx for tasks to queue
[2024-05-05T19:51:55.478+0000] {logging_mixin.py:188} INFO - [2024-05-05T19:51:55.477+0000] {dagbag.py:540} INFO - Filling up the DagBag from /opt/airflow/dags/operationalData/customers.xlsx
[2024-05-05T19:51:55.507+0000] {processor.py:842} WARNING - No viable dags retrieved from /opt/airflow/dags/operationalData/customers.xlsx
[2024-05-05T19:51:55.544+0000] {processor.py:183} INFO - Processing /opt/airflow/dags/operationalData/customers.xlsx took 0.084 seconds
[2024-05-05T19:52:26.063+0000] {processor.py:161} INFO - Started process (PID=13773) to work on /opt/airflow/dags/operationalData/customers.xlsx
[2024-05-05T19:52:26.067+0000] {processor.py:830} INFO - Processing file /opt/airflow/dags/operationalData/customers.xlsx for tasks to queue
[2024-05-05T19:52:26.070+0000] {logging_mixin.py:188} INFO - [2024-05-05T19:52:26.069+0000] {dagbag.py:540} INFO - Filling up the DagBag from /opt/airflow/dags/operationalData/customers.xlsx
[2024-05-05T19:52:26.103+0000] {processor.py:842} WARNING - No viable dags retrieved from /opt/airflow/dags/operationalData/customers.xlsx
[2024-05-05T19:52:26.150+0000] {processor.py:183} INFO - Processing /opt/airflow/dags/operationalData/customers.xlsx took 0.099 seconds
[2024-05-05T19:52:56.713+0000] {processor.py:161} INFO - Started process (PID=13786) to work on /opt/airflow/dags/operationalData/customers.xlsx
[2024-05-05T19:52:56.716+0000] {processor.py:830} INFO - Processing file /opt/airflow/dags/operationalData/customers.xlsx for tasks to queue
[2024-05-05T19:52:56.718+0000] {logging_mixin.py:188} INFO - [2024-05-05T19:52:56.717+0000] {dagbag.py:540} INFO - Filling up the DagBag from /opt/airflow/dags/operationalData/customers.xlsx
[2024-05-05T19:52:56.755+0000] {processor.py:842} WARNING - No viable dags retrieved from /opt/airflow/dags/operationalData/customers.xlsx
[2024-05-05T19:52:56.789+0000] {processor.py:183} INFO - Processing /opt/airflow/dags/operationalData/customers.xlsx took 0.081 seconds
[2024-05-05T19:53:27.284+0000] {processor.py:161} INFO - Started process (PID=13799) to work on /opt/airflow/dags/operationalData/customers.xlsx
[2024-05-05T19:53:27.287+0000] {processor.py:830} INFO - Processing file /opt/airflow/dags/operationalData/customers.xlsx for tasks to queue
[2024-05-05T19:53:27.291+0000] {logging_mixin.py:188} INFO - [2024-05-05T19:53:27.290+0000] {dagbag.py:540} INFO - Filling up the DagBag from /opt/airflow/dags/operationalData/customers.xlsx
[2024-05-05T19:53:27.331+0000] {processor.py:842} WARNING - No viable dags retrieved from /opt/airflow/dags/operationalData/customers.xlsx
[2024-05-05T19:53:27.377+0000] {processor.py:183} INFO - Processing /opt/airflow/dags/operationalData/customers.xlsx took 0.104 seconds
[2024-05-05T19:53:57.728+0000] {processor.py:161} INFO - Started process (PID=13812) to work on /opt/airflow/dags/operationalData/customers.xlsx
[2024-05-05T19:53:57.730+0000] {processor.py:830} INFO - Processing file /opt/airflow/dags/operationalData/customers.xlsx for tasks to queue
[2024-05-05T19:53:57.732+0000] {logging_mixin.py:188} INFO - [2024-05-05T19:53:57.732+0000] {dagbag.py:540} INFO - Filling up the DagBag from /opt/airflow/dags/operationalData/customers.xlsx
[2024-05-05T19:53:57.766+0000] {processor.py:842} WARNING - No viable dags retrieved from /opt/airflow/dags/operationalData/customers.xlsx
[2024-05-05T19:53:57.802+0000] {processor.py:183} INFO - Processing /opt/airflow/dags/operationalData/customers.xlsx took 0.083 seconds
[2024-05-05T19:54:28.190+0000] {processor.py:161} INFO - Started process (PID=13825) to work on /opt/airflow/dags/operationalData/customers.xlsx
[2024-05-05T19:54:28.193+0000] {processor.py:830} INFO - Processing file /opt/airflow/dags/operationalData/customers.xlsx for tasks to queue
[2024-05-05T19:54:28.201+0000] {logging_mixin.py:188} INFO - [2024-05-05T19:54:28.200+0000] {dagbag.py:540} INFO - Filling up the DagBag from /opt/airflow/dags/operationalData/customers.xlsx
[2024-05-05T19:54:28.239+0000] {processor.py:842} WARNING - No viable dags retrieved from /opt/airflow/dags/operationalData/customers.xlsx
[2024-05-05T19:54:28.288+0000] {processor.py:183} INFO - Processing /opt/airflow/dags/operationalData/customers.xlsx took 0.111 seconds
[2024-05-05T19:54:58.472+0000] {processor.py:161} INFO - Started process (PID=13838) to work on /opt/airflow/dags/operationalData/customers.xlsx
[2024-05-05T19:54:58.475+0000] {processor.py:830} INFO - Processing file /opt/airflow/dags/operationalData/customers.xlsx for tasks to queue
[2024-05-05T19:54:58.478+0000] {logging_mixin.py:188} INFO - [2024-05-05T19:54:58.477+0000] {dagbag.py:540} INFO - Filling up the DagBag from /opt/airflow/dags/operationalData/customers.xlsx
[2024-05-05T19:54:58.502+0000] {processor.py:842} WARNING - No viable dags retrieved from /opt/airflow/dags/operationalData/customers.xlsx
[2024-05-05T19:54:58.531+0000] {processor.py:183} INFO - Processing /opt/airflow/dags/operationalData/customers.xlsx took 0.070 seconds
[2024-05-05T19:55:29.152+0000] {processor.py:161} INFO - Started process (PID=13851) to work on /opt/airflow/dags/operationalData/customers.xlsx
[2024-05-05T19:55:29.158+0000] {processor.py:830} INFO - Processing file /opt/airflow/dags/operationalData/customers.xlsx for tasks to queue
[2024-05-05T19:55:29.162+0000] {logging_mixin.py:188} INFO - [2024-05-05T19:55:29.161+0000] {dagbag.py:540} INFO - Filling up the DagBag from /opt/airflow/dags/operationalData/customers.xlsx
[2024-05-05T19:55:29.201+0000] {processor.py:842} WARNING - No viable dags retrieved from /opt/airflow/dags/operationalData/customers.xlsx
[2024-05-05T19:55:29.262+0000] {processor.py:183} INFO - Processing /opt/airflow/dags/operationalData/customers.xlsx took 0.123 seconds
[2024-05-05T19:55:59.845+0000] {processor.py:161} INFO - Started process (PID=13864) to work on /opt/airflow/dags/operationalData/customers.xlsx
[2024-05-05T19:55:59.848+0000] {processor.py:830} INFO - Processing file /opt/airflow/dags/operationalData/customers.xlsx for tasks to queue
[2024-05-05T19:55:59.851+0000] {logging_mixin.py:188} INFO - [2024-05-05T19:55:59.850+0000] {dagbag.py:540} INFO - Filling up the DagBag from /opt/airflow/dags/operationalData/customers.xlsx
[2024-05-05T19:55:59.887+0000] {processor.py:842} WARNING - No viable dags retrieved from /opt/airflow/dags/operationalData/customers.xlsx
[2024-05-05T19:55:59.923+0000] {processor.py:183} INFO - Processing /opt/airflow/dags/operationalData/customers.xlsx took 0.088 seconds
[2024-05-05T19:56:30.234+0000] {processor.py:161} INFO - Started process (PID=13877) to work on /opt/airflow/dags/operationalData/customers.xlsx
[2024-05-05T19:56:30.239+0000] {processor.py:830} INFO - Processing file /opt/airflow/dags/operationalData/customers.xlsx for tasks to queue
[2024-05-05T19:56:30.243+0000] {logging_mixin.py:188} INFO - [2024-05-05T19:56:30.241+0000] {dagbag.py:540} INFO - Filling up the DagBag from /opt/airflow/dags/operationalData/customers.xlsx
[2024-05-05T19:56:30.278+0000] {processor.py:842} WARNING - No viable dags retrieved from /opt/airflow/dags/operationalData/customers.xlsx
[2024-05-05T19:56:30.327+0000] {processor.py:183} INFO - Processing /opt/airflow/dags/operationalData/customers.xlsx took 0.103 seconds
[2024-05-05T19:57:00.654+0000] {processor.py:161} INFO - Started process (PID=13888) to work on /opt/airflow/dags/operationalData/customers.xlsx
[2024-05-05T19:57:00.656+0000] {processor.py:830} INFO - Processing file /opt/airflow/dags/operationalData/customers.xlsx for tasks to queue
[2024-05-05T19:57:00.659+0000] {logging_mixin.py:188} INFO - [2024-05-05T19:57:00.658+0000] {dagbag.py:540} INFO - Filling up the DagBag from /opt/airflow/dags/operationalData/customers.xlsx
[2024-05-05T19:57:00.692+0000] {processor.py:842} WARNING - No viable dags retrieved from /opt/airflow/dags/operationalData/customers.xlsx
[2024-05-05T19:57:00.731+0000] {processor.py:183} INFO - Processing /opt/airflow/dags/operationalData/customers.xlsx took 0.086 seconds
