[2024-04-27T19:18:52.370+0000] {taskinstance.py:1979} INFO - Dependencies all met for dep_context=non-requeueable deps ti=<TaskInstance: ETL_Flow.insert_data_from_files manual__2024-04-27T12:55:47.185632+00:00 [queued]>
[2024-04-27T19:18:52.383+0000] {taskinstance.py:1979} INFO - Dependencies all met for dep_context=requeueable deps ti=<TaskInstance: ETL_Flow.insert_data_from_files manual__2024-04-27T12:55:47.185632+00:00 [queued]>
[2024-04-27T19:18:52.384+0000] {taskinstance.py:2193} INFO - Starting attempt 12 of 16
[2024-04-27T19:18:52.415+0000] {taskinstance.py:2214} INFO - Executing <Task(PythonOperator): insert_data_from_files> on 2024-04-27 12:55:47.185632+00:00
[2024-04-27T19:18:52.423+0000] {standard_task_runner.py:60} INFO - Started process 10186 to run task
[2024-04-27T19:18:52.428+0000] {standard_task_runner.py:87} INFO - Running: ['***', 'tasks', 'run', 'ETL_Flow', 'insert_data_from_files', 'manual__2024-04-27T12:55:47.185632+00:00', '--job-id', '2822', '--raw', '--subdir', 'DAGS_FOLDER/ETL.py', '--cfg-path', '/tmp/tmp30pnlm5q']
[2024-04-27T19:18:52.432+0000] {standard_task_runner.py:88} INFO - Job 2822: Subtask insert_data_from_files
[2024-04-27T19:18:52.507+0000] {task_command.py:423} INFO - Running <TaskInstance: ETL_Flow.insert_data_from_files manual__2024-04-27T12:55:47.185632+00:00 [running]> on host d838c4eb4dcc
[2024-04-27T19:18:52.901+0000] {taskinstance.py:2510} INFO - Exporting env vars: AIRFLOW_CTX_DAG_OWNER='coder2j' AIRFLOW_CTX_DAG_ID='ETL_Flow' AIRFLOW_CTX_TASK_ID='insert_data_from_files' AIRFLOW_CTX_EXECUTION_DATE='2024-04-27T12:55:47.185632+00:00' AIRFLOW_CTX_TRY_NUMBER='12' AIRFLOW_CTX_DAG_RUN_ID='manual__2024-04-27T12:55:47.185632+00:00'
[2024-04-27T19:18:53.271+0000] {base.py:83} INFO - Using connection ID 'postgres_localhost' for task execution.
[2024-04-27T19:18:53.432+0000] {sql.py:572} INFO - Done loading. Loaded a total of 50 rows into MRR_Dim_Customers
[2024-04-27T19:18:53.548+0000] {base.py:83} INFO - Using connection ID 'postgres_localhost' for task execution.
[2024-04-27T19:18:57.437+0000] {sql.py:572} INFO - Done loading. Loaded a total of 312 rows into MRR_Fact_Events
[2024-04-27T19:18:57.556+0000] {base.py:83} INFO - Using connection ID 'postgres_localhost' for task execution.
[2024-04-27T19:18:58.064+0000] {sql.py:572} INFO - Done loading. Loaded a total of 77 rows into MRR_Dim_Products
[2024-04-27T19:18:58.323+0000] {base.py:83} INFO - Using connection ID 'postgres_localhost' for task execution.
[2024-04-27T19:18:59.315+0000] {sql.py:572} INFO - Done loading. Loaded a total of 261 rows into MRR_Fact_Orders
[2024-04-27T19:18:59.321+0000] {taskinstance.py:2728} ERROR - Task failed with exception
Traceback (most recent call last):
  File "/home/airflow/.local/lib/python3.8/site-packages/airflow/models/taskinstance.py", line 444, in _execute_task
    result = _execute_callable(context=context, **execute_callable_kwargs)
  File "/home/airflow/.local/lib/python3.8/site-packages/airflow/models/taskinstance.py", line 414, in _execute_callable
    return execute_callable(context=context, **execute_callable_kwargs)
  File "/home/airflow/.local/lib/python3.8/site-packages/airflow/operators/python.py", line 200, in execute
    return_value = self.execute_callable()
  File "/home/airflow/.local/lib/python3.8/site-packages/airflow/operators/python.py", line 217, in execute_callable
    return self.python_callable(*self.op_args, **self.op_kwargs)
  File "/opt/airflow/dags/data_insertion.py", line 13, in insert_data_from_files
    df = pd.read_excel(file_path)
  File "/home/airflow/.local/lib/python3.8/site-packages/pandas/io/excel/_base.py", line 478, in read_excel
    io = ExcelFile(io, storage_options=storage_options, engine=engine)
  File "/home/airflow/.local/lib/python3.8/site-packages/pandas/io/excel/_base.py", line 1496, in __init__
    ext = inspect_excel_format(
  File "/home/airflow/.local/lib/python3.8/site-packages/pandas/io/excel/_base.py", line 1371, in inspect_excel_format
    with get_handle(
  File "/home/airflow/.local/lib/python3.8/site-packages/pandas/io/common.py", line 868, in get_handle
    handle = open(handle, ioargs.mode)
FileNotFoundError: [Errno 2] No such file or directory: '/opt/airflow/dags/operationalData/details.xlsx'
[2024-04-27T19:18:59.347+0000] {taskinstance.py:1149} INFO - Marking task as UP_FOR_RETRY. dag_id=ETL_Flow, task_id=insert_data_from_files, execution_date=20240427T125547, start_date=20240427T191852, end_date=20240427T191859
[2024-04-27T19:18:59.384+0000] {standard_task_runner.py:107} ERROR - Failed to execute job 2822 for task insert_data_from_files ([Errno 2] No such file or directory: '/opt/airflow/dags/operationalData/details.xlsx'; 10186)
[2024-04-27T19:18:59.420+0000] {local_task_job_runner.py:234} INFO - Task exited with return code 1
[2024-04-27T19:18:59.444+0000] {warnings.py:109} WARNING - /home/***/.local/lib/python3.8/site-packages/***/models/baseoperator.py:1201: AirflowProviderDeprecationWarning: Call to deprecated class PostgresOperator. (Please use `***.providers.common.sql.operators.sql.SQLExecuteQueryOperator`.Also, you can provide `hook_params={'schema': <database>}`.)
  result = cls.__new__(cls)

[2024-04-27T19:18:59.524+0000] {taskinstance.py:3309} INFO - 0 downstream tasks scheduled from follow-on schedule check
