[2024-03-16T09:52:42.295+0000] {taskinstance.py:1979} INFO - Dependencies all met for dep_context=non-requeueable deps ti=<TaskInstance: ETL_Flow.fact_mrr2stg manual__2024-03-16T06:27:40.650704+00:00 [queued]>
[2024-03-16T09:52:42.312+0000] {taskinstance.py:1979} INFO - Dependencies all met for dep_context=requeueable deps ti=<TaskInstance: ETL_Flow.fact_mrr2stg manual__2024-03-16T06:27:40.650704+00:00 [queued]>
[2024-03-16T09:52:42.312+0000] {taskinstance.py:2193} INFO - Starting attempt 2 of 7
[2024-03-16T09:52:42.336+0000] {taskinstance.py:2214} INFO - Executing <Task(PostgresOperator): fact_mrr2stg> on 2024-03-16 06:27:40.650704+00:00
[2024-03-16T09:52:42.346+0000] {standard_task_runner.py:60} INFO - Started process 1065 to run task
[2024-03-16T09:52:42.351+0000] {standard_task_runner.py:87} INFO - Running: ['***', 'tasks', 'run', 'ETL_Flow', 'fact_mrr2stg', 'manual__2024-03-16T06:27:40.650704+00:00', '--job-id', '1713', '--raw', '--subdir', 'DAGS_FOLDER/etl2.py', '--cfg-path', '/tmp/tmpoj1zeuww']
[2024-03-16T09:52:42.356+0000] {standard_task_runner.py:88} INFO - Job 1713: Subtask fact_mrr2stg
[2024-03-16T09:52:42.435+0000] {task_command.py:423} INFO - Running <TaskInstance: ETL_Flow.fact_mrr2stg manual__2024-03-16T06:27:40.650704+00:00 [running]> on host 3f630fdac388
[2024-03-16T09:52:43.032+0000] {taskinstance.py:2510} INFO - Exporting env vars: AIRFLOW_CTX_DAG_OWNER='coder2j' AIRFLOW_CTX_DAG_ID='ETL_Flow' AIRFLOW_CTX_TASK_ID='fact_mrr2stg' AIRFLOW_CTX_EXECUTION_DATE='2024-03-16T06:27:40.650704+00:00' AIRFLOW_CTX_TRY_NUMBER='2' AIRFLOW_CTX_DAG_RUN_ID='manual__2024-03-16T06:27:40.650704+00:00'
[2024-03-16T09:52:43.034+0000] {sql.py:276} INFO - Executing: 
insert into STG_Fact_Orders (Order_ID,Order_Time,Customer_ID,Employee_ID,Shipper_ID)
select 
case when Order_ID similar to '[0-9]+' then cast(Order_ID as int) else 0 end,
case
    -- YYYY-MM-DD HH24:MI:SS
    when Order_Time ~ '^\d{4}-\d{2}-\d{2} \d{2}:\d{2}:\d{2}$' then to_timestamp(Order_Time, 'YYYY-MM-DD HH24:MI:SS')
    -- DD-MM-YYYY HH24:MI:SS
    when Order_Time ~ '^\d{2}-\d{2}-\d{4} \d{2}:\d{2}:\d{2}$' then to_timestamp(Order_Time, 'DD-MM-YYYY HH24:MI:SS')
    -- MM-DD-YYYY HH24:MI:SS
    when Order_Time ~ '^\d{2}-\d{2}-\d{4} \d{2}:\d{2}:\d{2}$' then to_timestamp(Order_Time, 'MM-DD-YYYY HH24:MI:SS')
    -- YYYY/MM/DD HH24:MI:SS
    when Order_Time ~ '^\d{4}/\d{2}/\d{2} \d{2}:\d{2}:\d{2}$' then to_timestamp(Order_Time, 'YYYY/MM/DD HH24:MI:SS')
    -- DD/MM/YYYY HH24:MI:SS
    when Order_Time ~ '^\d{2}/\d{2}/\d{4} \d{2}:\d{2}:\d{2}$' then to_timestamp(Order_Time, 'DD/MM/YYYY HH24:MI:SS')
    -- MM/DD/YYYY HH24:MI:SS
    when Order_Time ~ '^\d{2}/\d{2}/\d{4} \d{2}:\d{2}:\d{2}$' then to_timestamp(Order_Time, 'MM/DD/YYYY HH24:MI:SS')
    -- YYYY.MM.DD HH24:MI:SS
    when Order_Time ~ '^\d{4}\.\d{2}\.\d{2} \d{2}:\d{2}:\d{2}$' then to_timestamp(Order_Time, 'YYYY.MM.DD HH24:MI:SS')
    -- DD.MM.YYYY HH24:MI:SS
    when Order_Time ~ '^\d{2}\.\d{2}\.\d{4} \d{2}:\d{2}:\d{2}$' then to_timestamp(Order_Time, 'DD.MM.YYYY HH24:MI:SS')
    -- MM.DD.YYYY HH24:MI:SS
    when Order_Time ~ '^\d{2}\.\d{2}\.\d{4} \d{2}:\d{2}:\d{2}$' then to_timestamp(Order_Time, 'MM.DD.YYYY HH24:MI:SS')
    else null end,
case when Customer_ID similar to '[0-9]+' then cast(Customer_ID as int) else 0 end,
case when Employee_ID similar to '[0-9]+' then cast(Employee_ID as int) else 0 end,
case when Shipper_ID similar to '[0-9]+' then cast(Shipper_ID as int) else 0 end
from MRR_Fact_Orders;


insert into STG_Fact_Details (Order_ID,Product_ID,Quantity)
select 
case when Order_ID similar to '[0-9]+' then cast(Order_ID as int) else 0 end,
case when Product_ID similar to '[0-9]+' then cast(Product_ID as int) else 0 end,
case when Quantity similar to '[0-9]+' and cast(Quantity as int) >0 then cast(Quantity as int) else null end
from MRR_Fact_Details;
[2024-03-16T09:52:43.046+0000] {base.py:83} INFO - Using connection ID 'postgres_localhost' for task execution.
[2024-03-16T09:52:43.059+0000] {base.py:83} INFO - Using connection ID 'postgres_localhost' for task execution.
[2024-03-16T09:52:43.084+0000] {sql.py:457} INFO - Running statement: 
insert into STG_Fact_Orders (Order_ID,Order_Time,Customer_ID,Employee_ID,Shipper_ID)
select 
case when Order_ID similar to '[0-9]+' then cast(Order_ID as int) else 0 end,
case
    -- YYYY-MM-DD HH24:MI:SS
    when Order_Time ~ '^\d{4}-\d{2}-\d{2} \d{2}:\d{2}:\d{2}$' then to_timestamp(Order_Time, 'YYYY-MM-DD HH24:MI:SS')
    -- DD-MM-YYYY HH24:MI:SS
    when Order_Time ~ '^\d{2}-\d{2}-\d{4} \d{2}:\d{2}:\d{2}$' then to_timestamp(Order_Time, 'DD-MM-YYYY HH24:MI:SS')
    -- MM-DD-YYYY HH24:MI:SS
    when Order_Time ~ '^\d{2}-\d{2}-\d{4} \d{2}:\d{2}:\d{2}$' then to_timestamp(Order_Time, 'MM-DD-YYYY HH24:MI:SS')
    -- YYYY/MM/DD HH24:MI:SS
    when Order_Time ~ '^\d{4}/\d{2}/\d{2} \d{2}:\d{2}:\d{2}$' then to_timestamp(Order_Time, 'YYYY/MM/DD HH24:MI:SS')
    -- DD/MM/YYYY HH24:MI:SS
    when Order_Time ~ '^\d{2}/\d{2}/\d{4} \d{2}:\d{2}:\d{2}$' then to_timestamp(Order_Time, 'DD/MM/YYYY HH24:MI:SS')
    -- MM/DD/YYYY HH24:MI:SS
    when Order_Time ~ '^\d{2}/\d{2}/\d{4} \d{2}:\d{2}:\d{2}$' then to_timestamp(Order_Time, 'MM/DD/YYYY HH24:MI:SS')
    -- YYYY.MM.DD HH24:MI:SS
    when Order_Time ~ '^\d{4}\.\d{2}\.\d{2} \d{2}:\d{2}:\d{2}$' then to_timestamp(Order_Time, 'YYYY.MM.DD HH24:MI:SS')
    -- DD.MM.YYYY HH24:MI:SS
    when Order_Time ~ '^\d{2}\.\d{2}\.\d{4} \d{2}:\d{2}:\d{2}$' then to_timestamp(Order_Time, 'DD.MM.YYYY HH24:MI:SS')
    -- MM.DD.YYYY HH24:MI:SS
    when Order_Time ~ '^\d{2}\.\d{2}\.\d{4} \d{2}:\d{2}:\d{2}$' then to_timestamp(Order_Time, 'MM.DD.YYYY HH24:MI:SS')
    else null end,
case when Customer_ID similar to '[0-9]+' then cast(Customer_ID as int) else 0 end,
case when Employee_ID similar to '[0-9]+' then cast(Employee_ID as int) else 0 end,
case when Shipper_ID similar to '[0-9]+' then cast(Shipper_ID as int) else 0 end
from MRR_Fact_Orders;


insert into STG_Fact_Details (Order_ID,Product_ID,Quantity)
select 
case when Order_ID similar to '[0-9]+' then cast(Order_ID as int) else 0 end,
case when Product_ID similar to '[0-9]+' then cast(Product_ID as int) else 0 end,
case when Quantity similar to '[0-9]+' and cast(Quantity as int) >0 then cast(Quantity as int) else null end
from MRR_Fact_Details;, parameters: None
[2024-03-16T09:52:43.099+0000] {taskinstance.py:2728} ERROR - Task failed with exception
Traceback (most recent call last):
  File "/home/airflow/.local/lib/python3.8/site-packages/airflow/models/taskinstance.py", line 444, in _execute_task
    result = _execute_callable(context=context, **execute_callable_kwargs)
  File "/home/airflow/.local/lib/python3.8/site-packages/airflow/models/taskinstance.py", line 414, in _execute_callable
    return execute_callable(context=context, **execute_callable_kwargs)
  File "/home/airflow/.local/lib/python3.8/site-packages/airflow/providers/common/sql/operators/sql.py", line 282, in execute
    output = hook.run(
  File "/home/airflow/.local/lib/python3.8/site-packages/airflow/providers/common/sql/hooks/sql.py", line 404, in run
    self._run_command(cur, sql_statement, parameters)
  File "/home/airflow/.local/lib/python3.8/site-packages/airflow/providers/common/sql/hooks/sql.py", line 462, in _run_command
    cur.execute(sql_statement)
psycopg2.errors.DatatypeMismatch: column "order_time" is of type integer but expression is of type timestamp with time zone
LINE 5: case
        ^
HINT:  You will need to rewrite or cast the expression.

[2024-03-16T09:52:43.123+0000] {taskinstance.py:1149} INFO - Marking task as UP_FOR_RETRY. dag_id=ETL_Flow, task_id=fact_mrr2stg, execution_date=20240316T062740, start_date=20240316T095242, end_date=20240316T095243
[2024-03-16T09:52:43.152+0000] {standard_task_runner.py:107} ERROR - Failed to execute job 1713 for task fact_mrr2stg (column "order_time" is of type integer but expression is of type timestamp with time zone
LINE 5: case
        ^
HINT:  You will need to rewrite or cast the expression.
; 1065)
[2024-03-16T09:52:43.206+0000] {local_task_job_runner.py:234} INFO - Task exited with return code 1
[2024-03-16T09:52:43.233+0000] {taskinstance.py:3309} INFO - 0 downstream tasks scheduled from follow-on schedule check
