[2024-03-27T12:51:31.953+0000] {taskinstance.py:1979} INFO - Dependencies all met for dep_context=non-requeueable deps ti=<TaskInstance: ETL_Flow.insert_data_from_files manual__2024-03-26T19:09:11.569740+00:00 [queued]>
[2024-03-27T12:51:31.964+0000] {taskinstance.py:1979} INFO - Dependencies all met for dep_context=requeueable deps ti=<TaskInstance: ETL_Flow.insert_data_from_files manual__2024-03-26T19:09:11.569740+00:00 [queued]>
[2024-03-27T12:51:31.965+0000] {taskinstance.py:2193} INFO - Starting attempt 4 of 9
[2024-03-27T12:51:31.984+0000] {taskinstance.py:2214} INFO - Executing <Task(PythonOperator): insert_data_from_files> on 2024-03-26 19:09:11.569740+00:00
[2024-03-27T12:51:32.000+0000] {standard_task_runner.py:87} INFO - Running: ['***', 'tasks', 'run', 'ETL_Flow', 'insert_data_from_files', 'manual__2024-03-26T19:09:11.569740+00:00', '--job-id', '2320', '--raw', '--subdir', 'DAGS_FOLDER/ETL.py', '--cfg-path', '/tmp/tmpmom2ly89']
[2024-03-27T12:51:32.001+0000] {standard_task_runner.py:60} INFO - Started process 5467 to run task
[2024-03-27T12:51:32.004+0000] {standard_task_runner.py:88} INFO - Job 2320: Subtask insert_data_from_files
[2024-03-27T12:51:32.253+0000] {task_command.py:423} INFO - Running <TaskInstance: ETL_Flow.insert_data_from_files manual__2024-03-26T19:09:11.569740+00:00 [running]> on host cb216a3a40e5
[2024-03-27T12:51:32.639+0000] {taskinstance.py:2510} INFO - Exporting env vars: AIRFLOW_CTX_DAG_OWNER='coder2j' AIRFLOW_CTX_DAG_ID='ETL_Flow' AIRFLOW_CTX_TASK_ID='insert_data_from_files' AIRFLOW_CTX_EXECUTION_DATE='2024-03-26T19:09:11.569740+00:00' AIRFLOW_CTX_TRY_NUMBER='4' AIRFLOW_CTX_DAG_RUN_ID='manual__2024-03-26T19:09:11.569740+00:00'
[2024-03-27T12:51:32.944+0000] {base.py:83} INFO - Using connection ID 'postgres_localhost' for task execution.
[2024-03-27T12:51:33.125+0000] {sql.py:572} INFO - Done loading. Loaded a total of 92 rows into MRR_Dim_Customers
[2024-03-27T12:51:33.195+0000] {base.py:83} INFO - Using connection ID 'postgres_localhost' for task execution.
[2024-03-27T12:51:33.309+0000] {sql.py:572} INFO - Done loading. Loaded a total of 47 rows into MRR_Dim_Employees
[2024-03-27T12:51:33.354+0000] {base.py:83} INFO - Using connection ID 'postgres_localhost' for task execution.
[2024-03-27T12:51:33.518+0000] {sql.py:572} INFO - Done loading. Loaded a total of 77 rows into MRR_Dim_Products
[2024-03-27T12:51:33.639+0000] {base.py:83} INFO - Using connection ID 'postgres_localhost' for task execution.
[2024-03-27T12:51:34.944+0000] {sql.py:572} INFO - Done loading. Loaded a total of 836 rows into MRR_Fact_Orders
[2024-03-27T12:51:35.118+0000] {base.py:83} INFO - Using connection ID 'postgres_localhost' for task execution.
[2024-03-27T12:51:36.613+0000] {sql.py:568} INFO - Loaded 1000 rows into MRR_Fact_Details so far
[2024-03-27T12:51:38.360+0000] {sql.py:568} INFO - Loaded 2000 rows into MRR_Fact_Details so far
[2024-03-27T12:51:39.153+0000] {sql.py:572} INFO - Done loading. Loaded a total of 2172 rows into MRR_Fact_Details
[2024-03-27T12:51:39.158+0000] {python.py:202} INFO - Done. Returned value was: None
[2024-03-27T12:51:39.192+0000] {taskinstance.py:1149} INFO - Marking task as SUCCESS. dag_id=ETL_Flow, task_id=insert_data_from_files, execution_date=20240326T190911, start_date=20240327T125131, end_date=20240327T125139
[2024-03-27T12:51:39.318+0000] {local_task_job_runner.py:234} INFO - Task exited with return code 0
[2024-03-27T12:51:39.415+0000] {warnings.py:109} WARNING - /home/***/.local/lib/python3.8/site-packages/***/models/baseoperator.py:1201: AirflowProviderDeprecationWarning: Call to deprecated class PostgresOperator. (Please use `***.providers.common.sql.operators.sql.SQLExecuteQueryOperator`.Also, you can provide `hook_params={'schema': <database>}`.)
  result = cls.__new__(cls)

[2024-03-27T12:51:39.530+0000] {taskinstance.py:3309} INFO - 1 downstream tasks scheduled from follow-on schedule check
