[2024-03-09T16:41:25.934+0000] {taskinstance.py:1979} INFO - Dependencies all met for dep_context=non-requeueable deps ti=<TaskInstance: dag_with_postgres_operator.create_tables manual__2024-03-09T16:26:12.690000+00:00 [queued]>
[2024-03-09T16:41:26.002+0000] {taskinstance.py:1979} INFO - Dependencies all met for dep_context=requeueable deps ti=<TaskInstance: dag_with_postgres_operator.create_tables manual__2024-03-09T16:26:12.690000+00:00 [queued]>
[2024-03-09T16:41:26.005+0000] {taskinstance.py:2193} INFO - Starting attempt 4 of 6
[2024-03-09T16:41:26.069+0000] {taskinstance.py:2214} INFO - Executing <Task(PostgresOperator): create_tables> on 2024-03-09 16:26:12.690000+00:00
[2024-03-09T16:41:26.080+0000] {standard_task_runner.py:60} INFO - Started process 2687 to run task
[2024-03-09T16:41:26.091+0000] {standard_task_runner.py:87} INFO - Running: ['***', 'tasks', 'run', 'dag_with_postgres_operator', 'create_tables', 'manual__2024-03-09T16:26:12.690000+00:00', '--job-id', '257', '--raw', '--subdir', 'DAGS_FOLDER/etl_pipeline.py', '--cfg-path', '/tmp/tmprc4i8c99']
[2024-03-09T16:41:26.095+0000] {standard_task_runner.py:88} INFO - Job 257: Subtask create_tables
[2024-03-09T16:41:26.247+0000] {task_command.py:423} INFO - Running <TaskInstance: dag_with_postgres_operator.create_tables manual__2024-03-09T16:26:12.690000+00:00 [running]> on host 3b9d9f11e4f2
[2024-03-09T16:41:26.584+0000] {taskinstance.py:2510} INFO - Exporting env vars: AIRFLOW_CTX_DAG_OWNER='coder2j' AIRFLOW_CTX_DAG_ID='dag_with_postgres_operator' AIRFLOW_CTX_TASK_ID='create_tables' AIRFLOW_CTX_EXECUTION_DATE='2024-03-09T16:26:12.690000+00:00' AIRFLOW_CTX_TRY_NUMBER='4' AIRFLOW_CTX_DAG_RUN_ID='manual__2024-03-09T16:26:12.690000+00:00'
[2024-03-09T16:41:26.588+0000] {sql.py:276} INFO - Executing: CREATE TABLE IF NOT EXISTS  DWH_Dim_Dates(
    Date date NOT NULL,
    Year int NOT NULL,
    Quarter int NOT NULL,
    Month int NOT NULL,
    Day int NOT NULL,
    PRIMARY KEY (Date)
)
[2024-03-09T16:41:26.616+0000] {base.py:83} INFO - Using connection ID 'postgres_localhost' for task execution.
[2024-03-09T16:41:26.687+0000] {base.py:83} INFO - Using connection ID 'postgres_localhost' for task execution.
[2024-03-09T16:41:26.727+0000] {sql.py:457} INFO - Running statement: CREATE TABLE IF NOT EXISTS  DWH_Dim_Dates(
    Date date NOT NULL,
    Year int NOT NULL,
    Quarter int NOT NULL,
    Month int NOT NULL,
    Day int NOT NULL,
    PRIMARY KEY (Date)
), parameters: None
[2024-03-09T16:41:26.741+0000] {warnings.py:109} WARNING - /home/***/.local/lib/python3.8/site-packages/***/providers/common/sql/hooks/sql.py:407: AirflowProviderDeprecationWarning: Call to deprecated method _make_common_data_structure. (The `_make_serializable` method is deprecated and support will be removed in a future version of the common.sql provider. Please update the DbApiHook's provider to a version based on common.sql >= 1.9.1.)
  result = self._make_common_data_structure(handler(cur))

[2024-03-09T16:41:26.770+0000] {taskinstance.py:1149} INFO - Marking task as SUCCESS. dag_id=dag_with_postgres_operator, task_id=create_tables, execution_date=20240309T162612, start_date=20240309T164125, end_date=20240309T164126
[2024-03-09T16:41:26.834+0000] {local_task_job_runner.py:234} INFO - Task exited with return code 0
[2024-03-09T16:41:26.921+0000] {taskinstance.py:3309} INFO - 0 downstream tasks scheduled from follow-on schedule check
