[2024-04-25T15:40:49.188+0000] {taskinstance.py:1979} INFO - Dependencies all met for dep_context=non-requeueable deps ti=<TaskInstance: ETL_Flow.fact_stg2dwh scheduled__2024-04-20T21:11:00+00:00 [queued]>
[2024-04-25T15:40:49.335+0000] {taskinstance.py:1979} INFO - Dependencies all met for dep_context=requeueable deps ti=<TaskInstance: ETL_Flow.fact_stg2dwh scheduled__2024-04-20T21:11:00+00:00 [queued]>
[2024-04-25T15:40:49.348+0000] {taskinstance.py:2193} INFO - Starting attempt 1 of 6
[2024-04-25T15:40:49.823+0000] {taskinstance.py:2214} INFO - Executing <Task(PostgresOperator): fact_stg2dwh> on 2024-04-20 21:11:00+00:00
[2024-04-25T15:40:49.877+0000] {standard_task_runner.py:60} INFO - Started process 218 to run task
[2024-04-25T15:40:49.989+0000] {standard_task_runner.py:87} INFO - Running: ['***', 'tasks', 'run', 'ETL_Flow', 'fact_stg2dwh', 'scheduled__2024-04-20T21:11:00+00:00', '--job-id', '2667', '--raw', '--subdir', 'DAGS_FOLDER/ETL.py', '--cfg-path', '/tmp/tmpwt9p30jr']
[2024-04-25T15:40:50.064+0000] {standard_task_runner.py:88} INFO - Job 2667: Subtask fact_stg2dwh
[2024-04-25T15:40:50.774+0000] {task_command.py:423} INFO - Running <TaskInstance: ETL_Flow.fact_stg2dwh scheduled__2024-04-20T21:11:00+00:00 [running]> on host d838c4eb4dcc
[2024-04-25T15:40:53.923+0000] {taskinstance.py:2510} INFO - Exporting env vars: AIRFLOW_CTX_DAG_OWNER='coder2j' AIRFLOW_CTX_DAG_ID='ETL_Flow' AIRFLOW_CTX_TASK_ID='fact_stg2dwh' AIRFLOW_CTX_EXECUTION_DATE='2024-04-20T21:11:00+00:00' AIRFLOW_CTX_TRY_NUMBER='1' AIRFLOW_CTX_DAG_RUN_ID='scheduled__2024-04-20T21:11:00+00:00'
[2024-04-25T15:40:53.938+0000] {sql.py:276} INFO - Executing: insert into DWH_Fact_Product_In_Order (Order_ID,DW_Prdocut_ID,DW_Customer_ID,DW_Employee_ID,Order_Time,Quantity,Total_Price,Total_Cost,Shipper_ID)
select 
o.Order_ID,
p.DW_Prdocut_ID,
c.DW_Customer_ID,
e.DW_Employee_ID,
o.Order_Time,
d.Quantity,
(d.Quantity * p.Unit_Price) as Total_Price,
(d.Quantity * p.Unit_Cost) as Total_Cost,
Shipper_ID
from STG_Fact_Orders o 
join STG_Fact_Details d on o.Order_ID=d.Order_ID 
join DWH_Dim_Customers c on o.Customer_ID=c.Customer_ID
join DWH_Dim_Employees e on o.Employee_ID=e.Employee_ID
join DWH_Dim_Products p on d.Product_ID=p.Product_ID
where p.Valid_Until is null and e.Valid_Until is null and c.Valid_Until is null 
and (o.Order_ID,p.DW_Prdocut_ID) not in ( select distinct Order_ID, DW_Prdocut_ID
                                          from DWH_Fact_Product_In_Order
                                        )
[2024-04-25T15:40:54.099+0000] {base.py:83} INFO - Using connection ID 'postgres_localhost' for task execution.
[2024-04-25T15:40:54.226+0000] {base.py:83} INFO - Using connection ID 'postgres_localhost' for task execution.
[2024-04-25T15:40:55.838+0000] {sql.py:457} INFO - Running statement: insert into DWH_Fact_Product_In_Order (Order_ID,DW_Prdocut_ID,DW_Customer_ID,DW_Employee_ID,Order_Time,Quantity,Total_Price,Total_Cost,Shipper_ID)
select 
o.Order_ID,
p.DW_Prdocut_ID,
c.DW_Customer_ID,
e.DW_Employee_ID,
o.Order_Time,
d.Quantity,
(d.Quantity * p.Unit_Price) as Total_Price,
(d.Quantity * p.Unit_Cost) as Total_Cost,
Shipper_ID
from STG_Fact_Orders o 
join STG_Fact_Details d on o.Order_ID=d.Order_ID 
join DWH_Dim_Customers c on o.Customer_ID=c.Customer_ID
join DWH_Dim_Employees e on o.Employee_ID=e.Employee_ID
join DWH_Dim_Products p on d.Product_ID=p.Product_ID
where p.Valid_Until is null and e.Valid_Until is null and c.Valid_Until is null 
and (o.Order_ID,p.DW_Prdocut_ID) not in ( select distinct Order_ID, DW_Prdocut_ID
                                          from DWH_Fact_Product_In_Order
                                        ), parameters: None
[2024-04-25T15:41:01.462+0000] {sql.py:466} INFO - Rows affected: 0
[2024-04-25T15:41:01.495+0000] {warnings.py:109} WARNING - /home/***/.local/lib/python3.8/site-packages/***/providers/common/sql/hooks/sql.py:407: AirflowProviderDeprecationWarning: Call to deprecated method _make_common_data_structure. (The `_make_serializable` method is deprecated and support will be removed in a future version of the common.sql provider. Please update the DbApiHook's provider to a version based on common.sql >= 1.9.1.)
  result = self._make_common_data_structure(handler(cur))

[2024-04-25T15:41:01.716+0000] {taskinstance.py:1149} INFO - Marking task as SUCCESS. dag_id=ETL_Flow, task_id=fact_stg2dwh, execution_date=20240420T211100, start_date=20240425T154049, end_date=20240425T154101
[2024-04-25T15:41:01.969+0000] {local_task_job_runner.py:234} INFO - Task exited with return code 0
[2024-04-25T15:41:02.053+0000] {warnings.py:109} WARNING - /home/***/.local/lib/python3.8/site-packages/***/models/baseoperator.py:1201: AirflowProviderDeprecationWarning: Call to deprecated class PostgresOperator. (Please use `***.providers.common.sql.operators.sql.SQLExecuteQueryOperator`.Also, you can provide `hook_params={'schema': <database>}`.)
  result = cls.__new__(cls)

[2024-04-25T15:41:02.318+0000] {taskinstance.py:3309} INFO - 1 downstream tasks scheduled from follow-on schedule check
