[2024-03-12T18:25:59.181+0000] {taskinstance.py:1979} INFO - Dependencies all met for dep_context=non-requeueable deps ti=<TaskInstance: ETL_Flow.raw2mrr manual__2024-03-12T18:08:05.335366+00:00 [queued]>
[2024-03-12T18:25:59.261+0000] {taskinstance.py:1979} INFO - Dependencies all met for dep_context=requeueable deps ti=<TaskInstance: ETL_Flow.raw2mrr manual__2024-03-12T18:08:05.335366+00:00 [queued]>
[2024-03-12T18:25:59.267+0000] {taskinstance.py:2193} INFO - Starting attempt 4 of 6
[2024-03-12T18:25:59.408+0000] {taskinstance.py:2214} INFO - Executing <Task(PostgresOperator): raw2mrr> on 2024-03-12 18:08:05.335366+00:00
[2024-03-12T18:25:59.427+0000] {standard_task_runner.py:60} INFO - Started process 268 to run task
[2024-03-12T18:25:59.438+0000] {standard_task_runner.py:87} INFO - Running: ['***', 'tasks', 'run', 'ETL_Flow', 'raw2mrr', 'manual__2024-03-12T18:08:05.335366+00:00', '--job-id', '1015', '--raw', '--subdir', 'DAGS_FOLDER/etl2.py', '--cfg-path', '/tmp/tmpj93_e_1r']
[2024-03-12T18:25:59.445+0000] {standard_task_runner.py:88} INFO - Job 1015: Subtask raw2mrr
[2024-03-12T18:25:59.635+0000] {task_command.py:423} INFO - Running <TaskInstance: ETL_Flow.raw2mrr manual__2024-03-12T18:08:05.335366+00:00 [running]> on host f325c35ec09e
[2024-03-12T18:26:05.514+0000] {taskinstance.py:2510} INFO - Exporting env vars: AIRFLOW_CTX_DAG_OWNER='coder2j' AIRFLOW_CTX_DAG_ID='ETL_Flow' AIRFLOW_CTX_TASK_ID='raw2mrr' AIRFLOW_CTX_EXECUTION_DATE='2024-03-12T18:08:05.335366+00:00' AIRFLOW_CTX_TRY_NUMBER='4' AIRFLOW_CTX_DAG_RUN_ID='manual__2024-03-12T18:08:05.335366+00:00'
[2024-03-12T18:26:05.517+0000] {sql.py:276} INFO - Executing: insert into MRR_Dim_Products(DW_Prdocut_ID,Product_ID,Product_Name,Supplier,Category,Unit_Price,Unit_Cost,Valid_From,Valid_Until)
select * from Raw_Products;


insert into MRR_Dim_Customers(DW_Customer_ID,Customer_ID,Company_Name,Contact_Name,Street,City,Postal_Code,Country,Phone,Fax,Valid_From,Valid_Until)
select * from Raw_Customers;


insert into MRR_Dim_Employees(DW_Employee_ID,Employee_ID,Last_Name,First_Name,Title,Hire_Date,Office,Reports_To,Month_Salary,Valid_From,Valid_Until)
select * from Raw_Employees;


insert into MRR_Fact_Orders(Order_ID,Order_Time,Customer_ID,Employee_ID,Shipper_ID,Freight)
select * from Raw_Orders
where Order_ID not in (
			select distinct Order_ID 
			from DWH_Fact_Product_In_Order);



insert into MRR_Fact_Details(Order_ID,Product_ID,Quantity)
select * from Raw_OrderDetails
where Order_ID not in (
			select distinct Order_ID 
			from DWH_Fact_Product_In_Order);

 
[2024-03-12T18:26:05.543+0000] {base.py:83} INFO - Using connection ID 'postgres_localhost' for task execution.
[2024-03-12T18:26:05.574+0000] {base.py:83} INFO - Using connection ID 'postgres_localhost' for task execution.
[2024-03-12T18:26:05.614+0000] {sql.py:457} INFO - Running statement: insert into MRR_Dim_Products(DW_Prdocut_ID,Product_ID,Product_Name,Supplier,Category,Unit_Price,Unit_Cost,Valid_From,Valid_Until)
select * from Raw_Products;


insert into MRR_Dim_Customers(DW_Customer_ID,Customer_ID,Company_Name,Contact_Name,Street,City,Postal_Code,Country,Phone,Fax,Valid_From,Valid_Until)
select * from Raw_Customers;


insert into MRR_Dim_Employees(DW_Employee_ID,Employee_ID,Last_Name,First_Name,Title,Hire_Date,Office,Reports_To,Month_Salary,Valid_From,Valid_Until)
select * from Raw_Employees;


insert into MRR_Fact_Orders(Order_ID,Order_Time,Customer_ID,Employee_ID,Shipper_ID,Freight)
select * from Raw_Orders
where Order_ID not in (
			select distinct Order_ID 
			from DWH_Fact_Product_In_Order);



insert into MRR_Fact_Details(Order_ID,Product_ID,Quantity)
select * from Raw_OrderDetails
where Order_ID not in (
			select distinct Order_ID 
			from DWH_Fact_Product_In_Order);

 , parameters: None
[2024-03-12T18:26:05.630+0000] {taskinstance.py:2728} ERROR - Task failed with exception
Traceback (most recent call last):
  File "/home/airflow/.local/lib/python3.8/site-packages/airflow/models/taskinstance.py", line 444, in _execute_task
    result = _execute_callable(context=context, **execute_callable_kwargs)
  File "/home/airflow/.local/lib/python3.8/site-packages/airflow/models/taskinstance.py", line 414, in _execute_callable
    return execute_callable(context=context, **execute_callable_kwargs)
  File "/home/airflow/.local/lib/python3.8/site-packages/airflow/providers/common/sql/operators/sql.py", line 282, in execute
    output = hook.run(
  File "/home/airflow/.local/lib/python3.8/site-packages/airflow/providers/common/sql/hooks/sql.py", line 404, in run
    self._run_command(cur, sql_statement, parameters)
  File "/home/airflow/.local/lib/python3.8/site-packages/airflow/providers/common/sql/hooks/sql.py", line 462, in _run_command
    cur.execute(sql_statement)
psycopg2.errors.UndefinedTable: relation "mrr_dim_products" does not exist
LINE 1: insert into MRR_Dim_Products(DW_Prdocut_ID,Product_ID,Produc...
                    ^

[2024-03-12T18:26:05.680+0000] {taskinstance.py:1149} INFO - Marking task as UP_FOR_RETRY. dag_id=ETL_Flow, task_id=raw2mrr, execution_date=20240312T180805, start_date=20240312T182559, end_date=20240312T182605
[2024-03-12T18:26:05.727+0000] {standard_task_runner.py:107} ERROR - Failed to execute job 1015 for task raw2mrr (relation "mrr_dim_products" does not exist
LINE 1: insert into MRR_Dim_Products(DW_Prdocut_ID,Product_ID,Produc...
                    ^
; 268)
[2024-03-12T18:26:05.769+0000] {local_task_job_runner.py:234} INFO - Task exited with return code 1
[2024-03-12T18:26:05.824+0000] {taskinstance.py:3309} INFO - 0 downstream tasks scheduled from follow-on schedule check
