[2024-04-28T06:31:23.343+0000] {taskinstance.py:1979} INFO - Dependencies all met for dep_context=non-requeueable deps ti=<TaskInstance: ETL_Flow.dim_stg2dwh scheduled__2024-04-26T21:11:00+00:00 [queued]>
[2024-04-28T06:31:23.369+0000] {taskinstance.py:1979} INFO - Dependencies all met for dep_context=requeueable deps ti=<TaskInstance: ETL_Flow.dim_stg2dwh scheduled__2024-04-26T21:11:00+00:00 [queued]>
[2024-04-28T06:31:23.370+0000] {taskinstance.py:2193} INFO - Starting attempt 2 of 6
[2024-04-28T06:31:23.403+0000] {taskinstance.py:2214} INFO - Executing <Task(PostgresOperator): dim_stg2dwh> on 2024-04-26 21:11:00+00:00
[2024-04-28T06:31:23.413+0000] {standard_task_runner.py:60} INFO - Started process 264 to run task
[2024-04-28T06:31:23.420+0000] {standard_task_runner.py:87} INFO - Running: ['***', 'tasks', 'run', 'ETL_Flow', 'dim_stg2dwh', 'scheduled__2024-04-26T21:11:00+00:00', '--job-id', '2878', '--raw', '--subdir', 'DAGS_FOLDER/ETL.py', '--cfg-path', '/tmp/tmpfj16zxrg']
[2024-04-28T06:31:23.428+0000] {standard_task_runner.py:88} INFO - Job 2878: Subtask dim_stg2dwh
[2024-04-28T06:31:23.549+0000] {task_command.py:423} INFO - Running <TaskInstance: ETL_Flow.dim_stg2dwh scheduled__2024-04-26T21:11:00+00:00 [running]> on host d838c4eb4dcc
[2024-04-28T06:31:24.701+0000] {taskinstance.py:2510} INFO - Exporting env vars: AIRFLOW_CTX_DAG_OWNER='coder2j' AIRFLOW_CTX_DAG_ID='ETL_Flow' AIRFLOW_CTX_TASK_ID='dim_stg2dwh' AIRFLOW_CTX_EXECUTION_DATE='2024-04-26T21:11:00+00:00' AIRFLOW_CTX_TRY_NUMBER='2' AIRFLOW_CTX_DAG_RUN_ID='scheduled__2024-04-26T21:11:00+00:00'
[2024-04-28T06:31:24.703+0000] {sql.py:276} INFO - Executing: truncate table DWH_Dim_Dates;
truncate table DWH_Dim_Time;

insert into DWH_Dim_Dates (Date,Year,Quarter,Month,Day)
select * 
from STG_Dim_Dates;

insert into DWH_Dim_Time (DateTime,Date,Hour)
select * 
from STG_Dim_Time;

--customers
--insert all the new customers records 
insert into DWH_Dim_Customers (Customer_ID,country,currency,exchange_to_USD,installation_date,media_source)
select *
from STG_Dim_Customers  
where Customer_ID not in (
                          select distinct Customer_ID
                          from DWH_Dim_Customers
                          );



--update the valid until date of customers who moved to another city/country

update DWH_Dim_Customers
set Valid_Until=current_date
where DW_Customer_ID in (
                            select DW_Customer_ID 
                            from STG_Dim_Customers s inner join DWH_Dim_Customers d on d.Customer_ID = s.Customer_ID
                            where (s.currency <> d.currency or s.Country <> d.Country or s.exchange_to_USD <> d.exchange_to_USD) and d.Valid_Until is null
                          );


--insert records of customers who moved to another city/country                             
insert into DWH_Dim_Customers (Customer_ID,country,currency,exchange_to_USD,installation_date,media_source)
select s.Customer_ID,s.country,s.currency,s.exchange_to_USD,s.installation_date,s.media_source
from STG_Dim_Customers s inner join DWH_Dim_Customers d on d.Customer_ID=s.Customer_ID
where s.currency <> d.currency or s.Country <> d.Country or s.exchange_to_USD <> d.exchange_to_USD;

--products

-- insert all the new products records 
insert into DWH_Dim_Products (Product_ID,Product_Name,Supplier,Category,Unit_Price,Unit_Cost)
select *
from STG_Dim_Products s 
where Product_ID not in 
                            (
                              select distinct Product_ID
                              from DWH_Dim_Products       
                            );
-- update the valid until date of products that their price/cost/supplier have changed
update DWH_Dim_Products
set Valid_Until=current_date
where DW_Prdocut_ID in (
                            select DW_Prdocut_ID 
                            from STG_Dim_Products s inner join DWH_Dim_Products d on d.Product_ID = s.Product_ID
                            where (s.Unit_Cost <> d.Unit_Cost or s.Unit_Price <> d.Unit_Price or s.Supplier <> d.Supplier) 
                            and d.Valid_Until is null
                          );



-- insert records of products that their price/cost/supplier have changed                             
insert into DWH_Dim_Products (Product_ID,Product_Name,Supplier,Category,Unit_Price,Unit_Cost)
select s.Product_ID,s.Product_Name,s.Supplier,s.Category,s.Unit_Price,s.Unit_Cost
from STG_Dim_Products s inner join DWH_Dim_Products d on d.Product_ID=s.Product_ID
where s.Unit_Cost <> d.Unit_Cost or s.Unit_Price <> d.Unit_Price or s.Supplier <> d.Supplier;

[2024-04-28T06:31:24.728+0000] {base.py:83} INFO - Using connection ID 'postgres_localhost' for task execution.
[2024-04-28T06:31:24.745+0000] {base.py:83} INFO - Using connection ID 'postgres_localhost' for task execution.
[2024-04-28T06:31:24.772+0000] {sql.py:457} INFO - Running statement: truncate table DWH_Dim_Dates;
truncate table DWH_Dim_Time;

insert into DWH_Dim_Dates (Date,Year,Quarter,Month,Day)
select * 
from STG_Dim_Dates;

insert into DWH_Dim_Time (DateTime,Date,Hour)
select * 
from STG_Dim_Time;

--customers
--insert all the new customers records 
insert into DWH_Dim_Customers (Customer_ID,country,currency,exchange_to_USD,installation_date,media_source)
select *
from STG_Dim_Customers  
where Customer_ID not in (
                          select distinct Customer_ID
                          from DWH_Dim_Customers
                          );



--update the valid until date of customers who moved to another city/country

update DWH_Dim_Customers
set Valid_Until=current_date
where DW_Customer_ID in (
                            select DW_Customer_ID 
                            from STG_Dim_Customers s inner join DWH_Dim_Customers d on d.Customer_ID = s.Customer_ID
                            where (s.currency <> d.currency or s.Country <> d.Country or s.exchange_to_USD <> d.exchange_to_USD) and d.Valid_Until is null
                          );


--insert records of customers who moved to another city/country                             
insert into DWH_Dim_Customers (Customer_ID,country,currency,exchange_to_USD,installation_date,media_source)
select s.Customer_ID,s.country,s.currency,s.exchange_to_USD,s.installation_date,s.media_source
from STG_Dim_Customers s inner join DWH_Dim_Customers d on d.Customer_ID=s.Customer_ID
where s.currency <> d.currency or s.Country <> d.Country or s.exchange_to_USD <> d.exchange_to_USD;

--products

-- insert all the new products records 
insert into DWH_Dim_Products (Product_ID,Product_Name,Supplier,Category,Unit_Price,Unit_Cost)
select *
from STG_Dim_Products s 
where Product_ID not in 
                            (
                              select distinct Product_ID
                              from DWH_Dim_Products       
                            );
-- update the valid until date of products that their price/cost/supplier have changed
update DWH_Dim_Products
set Valid_Until=current_date
where DW_Prdocut_ID in (
                            select DW_Prdocut_ID 
                            from STG_Dim_Products s inner join DWH_Dim_Products d on d.Product_ID = s.Product_ID
                            where (s.Unit_Cost <> d.Unit_Cost or s.Unit_Price <> d.Unit_Price or s.Supplier <> d.Supplier) 
                            and d.Valid_Until is null
                          );



-- insert records of products that their price/cost/supplier have changed                             
insert into DWH_Dim_Products (Product_ID,Product_Name,Supplier,Category,Unit_Price,Unit_Cost)
select s.Product_ID,s.Product_Name,s.Supplier,s.Category,s.Unit_Price,s.Unit_Cost
from STG_Dim_Products s inner join DWH_Dim_Products d on d.Product_ID=s.Product_ID
where s.Unit_Cost <> d.Unit_Cost or s.Unit_Price <> d.Unit_Price or s.Supplier <> d.Supplier;
, parameters: None
[2024-04-28T06:31:24.794+0000] {taskinstance.py:2728} ERROR - Task failed with exception
Traceback (most recent call last):
  File "/home/airflow/.local/lib/python3.8/site-packages/airflow/models/taskinstance.py", line 444, in _execute_task
    result = _execute_callable(context=context, **execute_callable_kwargs)
  File "/home/airflow/.local/lib/python3.8/site-packages/airflow/models/taskinstance.py", line 414, in _execute_callable
    return execute_callable(context=context, **execute_callable_kwargs)
  File "/home/airflow/.local/lib/python3.8/site-packages/airflow/providers/common/sql/operators/sql.py", line 282, in execute
    output = hook.run(
  File "/home/airflow/.local/lib/python3.8/site-packages/airflow/providers/common/sql/hooks/sql.py", line 404, in run
    self._run_command(cur, sql_statement, parameters)
  File "/home/airflow/.local/lib/python3.8/site-packages/airflow/providers/common/sql/hooks/sql.py", line 462, in _run_command
    cur.execute(sql_statement)
psycopg2.errors.UniqueViolation: duplicate key value violates unique constraint "dwh_dim_dates_pkey"
DETAIL:  Key (date)=(2024-01-01) already exists.

[2024-04-28T06:31:24.832+0000] {taskinstance.py:1149} INFO - Marking task as UP_FOR_RETRY. dag_id=ETL_Flow, task_id=dim_stg2dwh, execution_date=20240426T211100, start_date=20240428T063123, end_date=20240428T063124
[2024-04-28T06:31:24.871+0000] {standard_task_runner.py:107} ERROR - Failed to execute job 2878 for task dim_stg2dwh (duplicate key value violates unique constraint "dwh_dim_dates_pkey"
DETAIL:  Key (date)=(2024-01-01) already exists.
; 264)
[2024-04-28T06:31:24.931+0000] {local_task_job_runner.py:234} INFO - Task exited with return code 1
[2024-04-28T06:31:24.967+0000] {warnings.py:109} WARNING - /home/***/.local/lib/python3.8/site-packages/***/models/baseoperator.py:1201: AirflowProviderDeprecationWarning: Call to deprecated class PostgresOperator. (Please use `***.providers.common.sql.operators.sql.SQLExecuteQueryOperator`.Also, you can provide `hook_params={'schema': <database>}`.)
  result = cls.__new__(cls)

[2024-04-28T06:31:25.004+0000] {taskinstance.py:3309} INFO - 0 downstream tasks scheduled from follow-on schedule check
