[2024-03-14T19:08:01.555+0000] {processor.py:161} INFO - Started process (PID=2402) to work on /opt/airflow/dags/customers.xlsx
[2024-03-14T19:08:01.557+0000] {processor.py:830} INFO - Processing file /opt/airflow/dags/customers.xlsx for tasks to queue
[2024-03-14T19:08:01.561+0000] {logging_mixin.py:188} INFO - [2024-03-14T19:08:01.561+0000] {dagbag.py:540} INFO - Filling up the DagBag from /opt/airflow/dags/customers.xlsx
[2024-03-14T19:08:01.581+0000] {processor.py:842} WARNING - No viable dags retrieved from /opt/airflow/dags/customers.xlsx
[2024-03-14T19:08:01.603+0000] {processor.py:183} INFO - Processing /opt/airflow/dags/customers.xlsx took 0.052 seconds
[2024-03-14T19:08:31.688+0000] {processor.py:161} INFO - Started process (PID=2415) to work on /opt/airflow/dags/customers.xlsx
[2024-03-14T19:08:31.689+0000] {processor.py:830} INFO - Processing file /opt/airflow/dags/customers.xlsx for tasks to queue
[2024-03-14T19:08:31.691+0000] {logging_mixin.py:188} INFO - [2024-03-14T19:08:31.690+0000] {dagbag.py:540} INFO - Filling up the DagBag from /opt/airflow/dags/customers.xlsx
[2024-03-14T19:08:31.706+0000] {processor.py:842} WARNING - No viable dags retrieved from /opt/airflow/dags/customers.xlsx
[2024-03-14T19:08:31.726+0000] {processor.py:183} INFO - Processing /opt/airflow/dags/customers.xlsx took 0.043 seconds
[2024-03-14T19:09:02.470+0000] {processor.py:161} INFO - Started process (PID=2428) to work on /opt/airflow/dags/customers.xlsx
[2024-03-14T19:09:02.472+0000] {processor.py:830} INFO - Processing file /opt/airflow/dags/customers.xlsx for tasks to queue
[2024-03-14T19:09:02.473+0000] {logging_mixin.py:188} INFO - [2024-03-14T19:09:02.473+0000] {dagbag.py:540} INFO - Filling up the DagBag from /opt/airflow/dags/customers.xlsx
[2024-03-14T19:09:02.489+0000] {processor.py:842} WARNING - No viable dags retrieved from /opt/airflow/dags/customers.xlsx
[2024-03-14T19:09:02.511+0000] {processor.py:183} INFO - Processing /opt/airflow/dags/customers.xlsx took 0.046 seconds
[2024-03-14T19:09:33.449+0000] {processor.py:161} INFO - Started process (PID=2441) to work on /opt/airflow/dags/customers.xlsx
[2024-03-14T19:09:33.451+0000] {processor.py:830} INFO - Processing file /opt/airflow/dags/customers.xlsx for tasks to queue
[2024-03-14T19:09:33.454+0000] {logging_mixin.py:188} INFO - [2024-03-14T19:09:33.453+0000] {dagbag.py:540} INFO - Filling up the DagBag from /opt/airflow/dags/customers.xlsx
[2024-03-14T19:09:33.471+0000] {processor.py:842} WARNING - No viable dags retrieved from /opt/airflow/dags/customers.xlsx
[2024-03-14T19:09:33.496+0000] {processor.py:183} INFO - Processing /opt/airflow/dags/customers.xlsx took 0.055 seconds
[2024-03-14T19:10:03.615+0000] {processor.py:161} INFO - Started process (PID=2453) to work on /opt/airflow/dags/customers.xlsx
[2024-03-14T19:10:03.616+0000] {processor.py:830} INFO - Processing file /opt/airflow/dags/customers.xlsx for tasks to queue
[2024-03-14T19:10:03.618+0000] {logging_mixin.py:188} INFO - [2024-03-14T19:10:03.617+0000] {dagbag.py:540} INFO - Filling up the DagBag from /opt/airflow/dags/customers.xlsx
[2024-03-14T19:10:03.632+0000] {processor.py:842} WARNING - No viable dags retrieved from /opt/airflow/dags/customers.xlsx
[2024-03-14T19:10:03.649+0000] {processor.py:183} INFO - Processing /opt/airflow/dags/customers.xlsx took 0.039 seconds
[2024-03-14T19:10:34.082+0000] {processor.py:161} INFO - Started process (PID=2465) to work on /opt/airflow/dags/customers.xlsx
[2024-03-14T19:10:34.084+0000] {processor.py:830} INFO - Processing file /opt/airflow/dags/customers.xlsx for tasks to queue
[2024-03-14T19:10:34.086+0000] {logging_mixin.py:188} INFO - [2024-03-14T19:10:34.085+0000] {dagbag.py:540} INFO - Filling up the DagBag from /opt/airflow/dags/customers.xlsx
[2024-03-14T19:10:34.101+0000] {processor.py:842} WARNING - No viable dags retrieved from /opt/airflow/dags/customers.xlsx
[2024-03-14T19:10:34.130+0000] {processor.py:183} INFO - Processing /opt/airflow/dags/customers.xlsx took 0.057 seconds
[2024-03-14T19:11:04.236+0000] {processor.py:161} INFO - Started process (PID=2476) to work on /opt/airflow/dags/customers.xlsx
[2024-03-14T19:11:04.237+0000] {processor.py:830} INFO - Processing file /opt/airflow/dags/customers.xlsx for tasks to queue
[2024-03-14T19:11:04.239+0000] {logging_mixin.py:188} INFO - [2024-03-14T19:11:04.238+0000] {dagbag.py:540} INFO - Filling up the DagBag from /opt/airflow/dags/customers.xlsx
[2024-03-14T19:11:04.253+0000] {processor.py:842} WARNING - No viable dags retrieved from /opt/airflow/dags/customers.xlsx
[2024-03-14T19:11:04.271+0000] {processor.py:183} INFO - Processing /opt/airflow/dags/customers.xlsx took 0.039 seconds
[2024-03-14T19:11:34.418+0000] {processor.py:161} INFO - Started process (PID=2489) to work on /opt/airflow/dags/customers.xlsx
[2024-03-14T19:11:34.420+0000] {processor.py:830} INFO - Processing file /opt/airflow/dags/customers.xlsx for tasks to queue
[2024-03-14T19:11:34.421+0000] {logging_mixin.py:188} INFO - [2024-03-14T19:11:34.421+0000] {dagbag.py:540} INFO - Filling up the DagBag from /opt/airflow/dags/customers.xlsx
[2024-03-14T19:11:34.435+0000] {processor.py:842} WARNING - No viable dags retrieved from /opt/airflow/dags/customers.xlsx
[2024-03-14T19:11:34.452+0000] {processor.py:183} INFO - Processing /opt/airflow/dags/customers.xlsx took 0.038 seconds
[2024-03-14T19:12:04.589+0000] {processor.py:161} INFO - Started process (PID=2502) to work on /opt/airflow/dags/customers.xlsx
[2024-03-14T19:12:04.590+0000] {processor.py:830} INFO - Processing file /opt/airflow/dags/customers.xlsx for tasks to queue
[2024-03-14T19:12:04.592+0000] {logging_mixin.py:188} INFO - [2024-03-14T19:12:04.591+0000] {dagbag.py:540} INFO - Filling up the DagBag from /opt/airflow/dags/customers.xlsx
[2024-03-14T19:12:04.611+0000] {processor.py:842} WARNING - No viable dags retrieved from /opt/airflow/dags/customers.xlsx
[2024-03-14T19:12:04.633+0000] {processor.py:183} INFO - Processing /opt/airflow/dags/customers.xlsx took 0.048 seconds
[2024-03-14T19:12:35.044+0000] {processor.py:161} INFO - Started process (PID=2515) to work on /opt/airflow/dags/customers.xlsx
[2024-03-14T19:12:35.045+0000] {processor.py:830} INFO - Processing file /opt/airflow/dags/customers.xlsx for tasks to queue
[2024-03-14T19:12:35.046+0000] {logging_mixin.py:188} INFO - [2024-03-14T19:12:35.046+0000] {dagbag.py:540} INFO - Filling up the DagBag from /opt/airflow/dags/customers.xlsx
[2024-03-14T19:12:35.061+0000] {processor.py:842} WARNING - No viable dags retrieved from /opt/airflow/dags/customers.xlsx
[2024-03-14T19:12:35.083+0000] {processor.py:183} INFO - Processing /opt/airflow/dags/customers.xlsx took 0.048 seconds
[2024-03-14T19:13:05.633+0000] {processor.py:161} INFO - Started process (PID=2528) to work on /opt/airflow/dags/customers.xlsx
[2024-03-14T19:13:05.634+0000] {processor.py:830} INFO - Processing file /opt/airflow/dags/customers.xlsx for tasks to queue
[2024-03-14T19:13:05.636+0000] {logging_mixin.py:188} INFO - [2024-03-14T19:13:05.635+0000] {dagbag.py:540} INFO - Filling up the DagBag from /opt/airflow/dags/customers.xlsx
[2024-03-14T19:13:05.652+0000] {processor.py:842} WARNING - No viable dags retrieved from /opt/airflow/dags/customers.xlsx
[2024-03-14T19:13:05.674+0000] {processor.py:183} INFO - Processing /opt/airflow/dags/customers.xlsx took 0.045 seconds
[2024-03-14T19:13:36.651+0000] {processor.py:161} INFO - Started process (PID=2541) to work on /opt/airflow/dags/customers.xlsx
[2024-03-14T19:13:36.653+0000] {processor.py:830} INFO - Processing file /opt/airflow/dags/customers.xlsx for tasks to queue
[2024-03-14T19:13:36.655+0000] {logging_mixin.py:188} INFO - [2024-03-14T19:13:36.654+0000] {dagbag.py:540} INFO - Filling up the DagBag from /opt/airflow/dags/customers.xlsx
[2024-03-14T19:13:36.667+0000] {processor.py:842} WARNING - No viable dags retrieved from /opt/airflow/dags/customers.xlsx
[2024-03-14T19:13:36.694+0000] {processor.py:183} INFO - Processing /opt/airflow/dags/customers.xlsx took 0.047 seconds
[2024-03-14T19:14:06.953+0000] {processor.py:161} INFO - Started process (PID=2554) to work on /opt/airflow/dags/customers.xlsx
[2024-03-14T19:14:06.954+0000] {processor.py:830} INFO - Processing file /opt/airflow/dags/customers.xlsx for tasks to queue
[2024-03-14T19:14:06.956+0000] {logging_mixin.py:188} INFO - [2024-03-14T19:14:06.955+0000] {dagbag.py:540} INFO - Filling up the DagBag from /opt/airflow/dags/customers.xlsx
[2024-03-14T19:14:06.969+0000] {processor.py:842} WARNING - No viable dags retrieved from /opt/airflow/dags/customers.xlsx
[2024-03-14T19:14:06.986+0000] {processor.py:183} INFO - Processing /opt/airflow/dags/customers.xlsx took 0.039 seconds
[2024-03-14T19:14:37.128+0000] {processor.py:161} INFO - Started process (PID=2567) to work on /opt/airflow/dags/customers.xlsx
[2024-03-14T19:14:37.129+0000] {processor.py:830} INFO - Processing file /opt/airflow/dags/customers.xlsx for tasks to queue
[2024-03-14T19:14:37.131+0000] {logging_mixin.py:188} INFO - [2024-03-14T19:14:37.130+0000] {dagbag.py:540} INFO - Filling up the DagBag from /opt/airflow/dags/customers.xlsx
[2024-03-14T19:14:37.146+0000] {processor.py:842} WARNING - No viable dags retrieved from /opt/airflow/dags/customers.xlsx
[2024-03-14T19:14:37.162+0000] {processor.py:183} INFO - Processing /opt/airflow/dags/customers.xlsx took 0.039 seconds
[2024-03-14T19:15:07.412+0000] {processor.py:161} INFO - Started process (PID=2580) to work on /opt/airflow/dags/customers.xlsx
[2024-03-14T19:15:07.413+0000] {processor.py:830} INFO - Processing file /opt/airflow/dags/customers.xlsx for tasks to queue
[2024-03-14T19:15:07.415+0000] {logging_mixin.py:188} INFO - [2024-03-14T19:15:07.414+0000] {dagbag.py:540} INFO - Filling up the DagBag from /opt/airflow/dags/customers.xlsx
[2024-03-14T19:15:07.430+0000] {processor.py:842} WARNING - No viable dags retrieved from /opt/airflow/dags/customers.xlsx
[2024-03-14T19:15:07.447+0000] {processor.py:183} INFO - Processing /opt/airflow/dags/customers.xlsx took 0.040 seconds
[2024-03-14T19:15:37.568+0000] {processor.py:161} INFO - Started process (PID=2594) to work on /opt/airflow/dags/customers.xlsx
[2024-03-14T19:15:37.570+0000] {processor.py:830} INFO - Processing file /opt/airflow/dags/customers.xlsx for tasks to queue
[2024-03-14T19:15:37.571+0000] {logging_mixin.py:188} INFO - [2024-03-14T19:15:37.571+0000] {dagbag.py:540} INFO - Filling up the DagBag from /opt/airflow/dags/customers.xlsx
[2024-03-14T19:15:37.588+0000] {processor.py:842} WARNING - No viable dags retrieved from /opt/airflow/dags/customers.xlsx
[2024-03-14T19:15:37.609+0000] {processor.py:183} INFO - Processing /opt/airflow/dags/customers.xlsx took 0.044 seconds
[2024-03-14T19:16:08.580+0000] {processor.py:161} INFO - Started process (PID=2606) to work on /opt/airflow/dags/customers.xlsx
[2024-03-14T19:16:08.582+0000] {processor.py:830} INFO - Processing file /opt/airflow/dags/customers.xlsx for tasks to queue
[2024-03-14T19:16:08.583+0000] {logging_mixin.py:188} INFO - [2024-03-14T19:16:08.583+0000] {dagbag.py:540} INFO - Filling up the DagBag from /opt/airflow/dags/customers.xlsx
[2024-03-14T19:16:08.597+0000] {processor.py:842} WARNING - No viable dags retrieved from /opt/airflow/dags/customers.xlsx
[2024-03-14T19:16:08.617+0000] {processor.py:183} INFO - Processing /opt/airflow/dags/customers.xlsx took 0.042 seconds
[2024-03-14T19:16:38.725+0000] {processor.py:161} INFO - Started process (PID=2618) to work on /opt/airflow/dags/customers.xlsx
[2024-03-14T19:16:38.726+0000] {processor.py:830} INFO - Processing file /opt/airflow/dags/customers.xlsx for tasks to queue
[2024-03-14T19:16:38.728+0000] {logging_mixin.py:188} INFO - [2024-03-14T19:16:38.727+0000] {dagbag.py:540} INFO - Filling up the DagBag from /opt/airflow/dags/customers.xlsx
[2024-03-14T19:16:38.743+0000] {processor.py:842} WARNING - No viable dags retrieved from /opt/airflow/dags/customers.xlsx
[2024-03-14T19:16:38.763+0000] {processor.py:183} INFO - Processing /opt/airflow/dags/customers.xlsx took 0.042 seconds
[2024-03-14T19:17:08.953+0000] {processor.py:161} INFO - Started process (PID=2630) to work on /opt/airflow/dags/customers.xlsx
[2024-03-14T19:17:08.955+0000] {processor.py:830} INFO - Processing file /opt/airflow/dags/customers.xlsx for tasks to queue
[2024-03-14T19:17:08.957+0000] {logging_mixin.py:188} INFO - [2024-03-14T19:17:08.956+0000] {dagbag.py:540} INFO - Filling up the DagBag from /opt/airflow/dags/customers.xlsx
[2024-03-14T19:17:08.973+0000] {processor.py:842} WARNING - No viable dags retrieved from /opt/airflow/dags/customers.xlsx
[2024-03-14T19:17:08.994+0000] {processor.py:183} INFO - Processing /opt/airflow/dags/customers.xlsx took 0.045 seconds
[2024-03-14T19:17:39.178+0000] {processor.py:161} INFO - Started process (PID=2644) to work on /opt/airflow/dags/customers.xlsx
[2024-03-14T19:17:39.180+0000] {processor.py:830} INFO - Processing file /opt/airflow/dags/customers.xlsx for tasks to queue
[2024-03-14T19:17:39.181+0000] {logging_mixin.py:188} INFO - [2024-03-14T19:17:39.181+0000] {dagbag.py:540} INFO - Filling up the DagBag from /opt/airflow/dags/customers.xlsx
[2024-03-14T19:17:39.197+0000] {processor.py:842} WARNING - No viable dags retrieved from /opt/airflow/dags/customers.xlsx
[2024-03-14T19:17:39.217+0000] {processor.py:183} INFO - Processing /opt/airflow/dags/customers.xlsx took 0.043 seconds
[2024-03-14T19:18:09.863+0000] {processor.py:161} INFO - Started process (PID=2657) to work on /opt/airflow/dags/customers.xlsx
[2024-03-14T19:18:09.866+0000] {processor.py:830} INFO - Processing file /opt/airflow/dags/customers.xlsx for tasks to queue
[2024-03-14T19:18:09.869+0000] {logging_mixin.py:188} INFO - [2024-03-14T19:18:09.868+0000] {dagbag.py:540} INFO - Filling up the DagBag from /opt/airflow/dags/customers.xlsx
[2024-03-14T19:18:09.885+0000] {processor.py:842} WARNING - No viable dags retrieved from /opt/airflow/dags/customers.xlsx
[2024-03-14T19:18:09.907+0000] {processor.py:183} INFO - Processing /opt/airflow/dags/customers.xlsx took 0.048 seconds
[2024-03-14T19:18:40.010+0000] {processor.py:161} INFO - Started process (PID=2670) to work on /opt/airflow/dags/customers.xlsx
[2024-03-14T19:18:40.011+0000] {processor.py:830} INFO - Processing file /opt/airflow/dags/customers.xlsx for tasks to queue
[2024-03-14T19:18:40.013+0000] {logging_mixin.py:188} INFO - [2024-03-14T19:18:40.012+0000] {dagbag.py:540} INFO - Filling up the DagBag from /opt/airflow/dags/customers.xlsx
[2024-03-14T19:18:40.030+0000] {processor.py:842} WARNING - No viable dags retrieved from /opt/airflow/dags/customers.xlsx
[2024-03-14T19:18:40.051+0000] {processor.py:183} INFO - Processing /opt/airflow/dags/customers.xlsx took 0.045 seconds
[2024-03-14T19:19:10.285+0000] {processor.py:161} INFO - Started process (PID=2683) to work on /opt/airflow/dags/customers.xlsx
[2024-03-14T19:19:10.286+0000] {processor.py:830} INFO - Processing file /opt/airflow/dags/customers.xlsx for tasks to queue
[2024-03-14T19:19:10.288+0000] {logging_mixin.py:188} INFO - [2024-03-14T19:19:10.287+0000] {dagbag.py:540} INFO - Filling up the DagBag from /opt/airflow/dags/customers.xlsx
[2024-03-14T19:19:10.303+0000] {processor.py:842} WARNING - No viable dags retrieved from /opt/airflow/dags/customers.xlsx
[2024-03-14T19:19:10.324+0000] {processor.py:183} INFO - Processing /opt/airflow/dags/customers.xlsx took 0.046 seconds
[2024-03-14T19:19:40.464+0000] {processor.py:161} INFO - Started process (PID=2696) to work on /opt/airflow/dags/customers.xlsx
[2024-03-14T19:19:40.466+0000] {processor.py:830} INFO - Processing file /opt/airflow/dags/customers.xlsx for tasks to queue
[2024-03-14T19:19:40.468+0000] {logging_mixin.py:188} INFO - [2024-03-14T19:19:40.468+0000] {dagbag.py:540} INFO - Filling up the DagBag from /opt/airflow/dags/customers.xlsx
[2024-03-14T19:19:40.495+0000] {processor.py:842} WARNING - No viable dags retrieved from /opt/airflow/dags/customers.xlsx
[2024-03-14T19:19:40.552+0000] {processor.py:183} INFO - Processing /opt/airflow/dags/customers.xlsx took 0.100 seconds
[2024-03-14T19:20:10.674+0000] {processor.py:161} INFO - Started process (PID=2709) to work on /opt/airflow/dags/customers.xlsx
[2024-03-14T19:20:10.675+0000] {processor.py:830} INFO - Processing file /opt/airflow/dags/customers.xlsx for tasks to queue
[2024-03-14T19:20:10.677+0000] {logging_mixin.py:188} INFO - [2024-03-14T19:20:10.676+0000] {dagbag.py:540} INFO - Filling up the DagBag from /opt/airflow/dags/customers.xlsx
[2024-03-14T19:20:10.694+0000] {processor.py:842} WARNING - No viable dags retrieved from /opt/airflow/dags/customers.xlsx
[2024-03-14T19:20:10.715+0000] {processor.py:183} INFO - Processing /opt/airflow/dags/customers.xlsx took 0.046 seconds
[2024-03-14T19:20:40.804+0000] {processor.py:161} INFO - Started process (PID=2722) to work on /opt/airflow/dags/customers.xlsx
[2024-03-14T19:20:40.805+0000] {processor.py:830} INFO - Processing file /opt/airflow/dags/customers.xlsx for tasks to queue
[2024-03-14T19:20:40.807+0000] {logging_mixin.py:188} INFO - [2024-03-14T19:20:40.806+0000] {dagbag.py:540} INFO - Filling up the DagBag from /opt/airflow/dags/customers.xlsx
[2024-03-14T19:20:40.823+0000] {processor.py:842} WARNING - No viable dags retrieved from /opt/airflow/dags/customers.xlsx
[2024-03-14T19:20:40.841+0000] {processor.py:183} INFO - Processing /opt/airflow/dags/customers.xlsx took 0.041 seconds
[2024-03-14T19:21:11.120+0000] {processor.py:161} INFO - Started process (PID=2734) to work on /opt/airflow/dags/customers.xlsx
[2024-03-14T19:21:11.122+0000] {processor.py:830} INFO - Processing file /opt/airflow/dags/customers.xlsx for tasks to queue
[2024-03-14T19:21:11.124+0000] {logging_mixin.py:188} INFO - [2024-03-14T19:21:11.124+0000] {dagbag.py:540} INFO - Filling up the DagBag from /opt/airflow/dags/customers.xlsx
[2024-03-14T19:21:11.151+0000] {processor.py:842} WARNING - No viable dags retrieved from /opt/airflow/dags/customers.xlsx
[2024-03-14T19:21:11.181+0000] {processor.py:183} INFO - Processing /opt/airflow/dags/customers.xlsx took 0.068 seconds
[2024-03-14T19:21:41.370+0000] {processor.py:161} INFO - Started process (PID=2746) to work on /opt/airflow/dags/customers.xlsx
[2024-03-14T19:21:41.373+0000] {processor.py:830} INFO - Processing file /opt/airflow/dags/customers.xlsx for tasks to queue
[2024-03-14T19:21:41.376+0000] {logging_mixin.py:188} INFO - [2024-03-14T19:21:41.375+0000] {dagbag.py:540} INFO - Filling up the DagBag from /opt/airflow/dags/customers.xlsx
[2024-03-14T19:21:41.398+0000] {processor.py:842} WARNING - No viable dags retrieved from /opt/airflow/dags/customers.xlsx
[2024-03-14T19:21:41.427+0000] {processor.py:183} INFO - Processing /opt/airflow/dags/customers.xlsx took 0.063 seconds
[2024-03-14T19:22:12.493+0000] {processor.py:161} INFO - Started process (PID=2758) to work on /opt/airflow/dags/customers.xlsx
[2024-03-14T19:22:12.495+0000] {processor.py:830} INFO - Processing file /opt/airflow/dags/customers.xlsx for tasks to queue
[2024-03-14T19:22:12.496+0000] {logging_mixin.py:188} INFO - [2024-03-14T19:22:12.496+0000] {dagbag.py:540} INFO - Filling up the DagBag from /opt/airflow/dags/customers.xlsx
[2024-03-14T19:22:12.513+0000] {processor.py:842} WARNING - No viable dags retrieved from /opt/airflow/dags/customers.xlsx
[2024-03-14T19:22:12.532+0000] {processor.py:183} INFO - Processing /opt/airflow/dags/customers.xlsx took 0.044 seconds
[2024-03-14T19:22:42.743+0000] {processor.py:161} INFO - Started process (PID=2770) to work on /opt/airflow/dags/customers.xlsx
[2024-03-14T19:22:42.745+0000] {processor.py:830} INFO - Processing file /opt/airflow/dags/customers.xlsx for tasks to queue
[2024-03-14T19:22:42.746+0000] {logging_mixin.py:188} INFO - [2024-03-14T19:22:42.746+0000] {dagbag.py:540} INFO - Filling up the DagBag from /opt/airflow/dags/customers.xlsx
[2024-03-14T19:22:42.763+0000] {processor.py:842} WARNING - No viable dags retrieved from /opt/airflow/dags/customers.xlsx
[2024-03-14T19:22:42.783+0000] {processor.py:183} INFO - Processing /opt/airflow/dags/customers.xlsx took 0.045 seconds
[2024-03-14T19:23:13.183+0000] {processor.py:161} INFO - Started process (PID=2783) to work on /opt/airflow/dags/customers.xlsx
[2024-03-14T19:23:13.184+0000] {processor.py:830} INFO - Processing file /opt/airflow/dags/customers.xlsx for tasks to queue
[2024-03-14T19:23:13.187+0000] {logging_mixin.py:188} INFO - [2024-03-14T19:23:13.186+0000] {dagbag.py:540} INFO - Filling up the DagBag from /opt/airflow/dags/customers.xlsx
[2024-03-14T19:23:13.203+0000] {processor.py:842} WARNING - No viable dags retrieved from /opt/airflow/dags/customers.xlsx
[2024-03-14T19:23:13.269+0000] {processor.py:183} INFO - Processing /opt/airflow/dags/customers.xlsx took 0.091 seconds
[2024-03-14T19:23:43.806+0000] {processor.py:161} INFO - Started process (PID=2798) to work on /opt/airflow/dags/customers.xlsx
[2024-03-14T19:23:43.807+0000] {processor.py:830} INFO - Processing file /opt/airflow/dags/customers.xlsx for tasks to queue
[2024-03-14T19:23:43.809+0000] {logging_mixin.py:188} INFO - [2024-03-14T19:23:43.809+0000] {dagbag.py:540} INFO - Filling up the DagBag from /opt/airflow/dags/customers.xlsx
[2024-03-14T19:23:43.824+0000] {processor.py:842} WARNING - No viable dags retrieved from /opt/airflow/dags/customers.xlsx
[2024-03-14T19:23:43.845+0000] {processor.py:183} INFO - Processing /opt/airflow/dags/customers.xlsx took 0.044 seconds
