[2024-03-14T19:28:02.126+0000] {processor.py:161} INFO - Started process (PID=2893) to work on /opt/airflow/dags/details.xlsx
[2024-03-14T19:28:02.128+0000] {processor.py:830} INFO - Processing file /opt/airflow/dags/details.xlsx for tasks to queue
[2024-03-14T19:28:02.130+0000] {logging_mixin.py:188} INFO - [2024-03-14T19:28:02.129+0000] {dagbag.py:540} INFO - Filling up the DagBag from /opt/airflow/dags/details.xlsx
[2024-03-14T19:28:02.142+0000] {processor.py:842} WARNING - No viable dags retrieved from /opt/airflow/dags/details.xlsx
[2024-03-14T19:28:02.160+0000] {processor.py:183} INFO - Processing /opt/airflow/dags/details.xlsx took 0.038 seconds
[2024-03-14T19:28:33.125+0000] {processor.py:161} INFO - Started process (PID=2911) to work on /opt/airflow/dags/details.xlsx
[2024-03-14T19:28:33.127+0000] {processor.py:830} INFO - Processing file /opt/airflow/dags/details.xlsx for tasks to queue
[2024-03-14T19:28:33.128+0000] {logging_mixin.py:188} INFO - [2024-03-14T19:28:33.128+0000] {dagbag.py:540} INFO - Filling up the DagBag from /opt/airflow/dags/details.xlsx
[2024-03-14T19:28:33.138+0000] {processor.py:842} WARNING - No viable dags retrieved from /opt/airflow/dags/details.xlsx
[2024-03-14T19:28:33.198+0000] {processor.py:183} INFO - Processing /opt/airflow/dags/details.xlsx took 0.080 seconds
[2024-03-14T19:29:04.185+0000] {processor.py:161} INFO - Started process (PID=2923) to work on /opt/airflow/dags/details.xlsx
[2024-03-14T19:29:04.187+0000] {processor.py:830} INFO - Processing file /opt/airflow/dags/details.xlsx for tasks to queue
[2024-03-14T19:29:04.188+0000] {logging_mixin.py:188} INFO - [2024-03-14T19:29:04.188+0000] {dagbag.py:540} INFO - Filling up the DagBag from /opt/airflow/dags/details.xlsx
[2024-03-14T19:29:04.202+0000] {processor.py:842} WARNING - No viable dags retrieved from /opt/airflow/dags/details.xlsx
[2024-03-14T19:29:04.222+0000] {processor.py:183} INFO - Processing /opt/airflow/dags/details.xlsx took 0.042 seconds
[2024-03-14T19:29:34.446+0000] {processor.py:161} INFO - Started process (PID=2935) to work on /opt/airflow/dags/details.xlsx
[2024-03-14T19:29:34.447+0000] {processor.py:830} INFO - Processing file /opt/airflow/dags/details.xlsx for tasks to queue
[2024-03-14T19:29:34.449+0000] {logging_mixin.py:188} INFO - [2024-03-14T19:29:34.448+0000] {dagbag.py:540} INFO - Filling up the DagBag from /opt/airflow/dags/details.xlsx
[2024-03-14T19:29:34.464+0000] {processor.py:842} WARNING - No viable dags retrieved from /opt/airflow/dags/details.xlsx
[2024-03-14T19:29:34.481+0000] {processor.py:183} INFO - Processing /opt/airflow/dags/details.xlsx took 0.040 seconds
[2024-03-14T19:30:05.344+0000] {processor.py:161} INFO - Started process (PID=2947) to work on /opt/airflow/dags/details.xlsx
[2024-03-14T19:30:05.345+0000] {processor.py:830} INFO - Processing file /opt/airflow/dags/details.xlsx for tasks to queue
[2024-03-14T19:30:05.347+0000] {logging_mixin.py:188} INFO - [2024-03-14T19:30:05.346+0000] {dagbag.py:540} INFO - Filling up the DagBag from /opt/airflow/dags/details.xlsx
[2024-03-14T19:30:05.362+0000] {processor.py:842} WARNING - No viable dags retrieved from /opt/airflow/dags/details.xlsx
[2024-03-14T19:30:05.381+0000] {processor.py:183} INFO - Processing /opt/airflow/dags/details.xlsx took 0.042 seconds
[2024-03-14T19:30:36.297+0000] {processor.py:161} INFO - Started process (PID=2959) to work on /opt/airflow/dags/details.xlsx
[2024-03-14T19:30:36.298+0000] {processor.py:830} INFO - Processing file /opt/airflow/dags/details.xlsx for tasks to queue
[2024-03-14T19:30:36.300+0000] {logging_mixin.py:188} INFO - [2024-03-14T19:30:36.299+0000] {dagbag.py:540} INFO - Filling up the DagBag from /opt/airflow/dags/details.xlsx
[2024-03-14T19:30:36.311+0000] {processor.py:842} WARNING - No viable dags retrieved from /opt/airflow/dags/details.xlsx
[2024-03-14T19:30:36.329+0000] {processor.py:183} INFO - Processing /opt/airflow/dags/details.xlsx took 0.038 seconds
[2024-03-14T19:31:07.262+0000] {processor.py:161} INFO - Started process (PID=2971) to work on /opt/airflow/dags/details.xlsx
[2024-03-14T19:31:07.263+0000] {processor.py:830} INFO - Processing file /opt/airflow/dags/details.xlsx for tasks to queue
[2024-03-14T19:31:07.265+0000] {logging_mixin.py:188} INFO - [2024-03-14T19:31:07.264+0000] {dagbag.py:540} INFO - Filling up the DagBag from /opt/airflow/dags/details.xlsx
[2024-03-14T19:31:07.278+0000] {processor.py:842} WARNING - No viable dags retrieved from /opt/airflow/dags/details.xlsx
[2024-03-14T19:31:07.293+0000] {processor.py:183} INFO - Processing /opt/airflow/dags/details.xlsx took 0.035 seconds
[2024-03-14T19:31:37.541+0000] {processor.py:161} INFO - Started process (PID=2986) to work on /opt/airflow/dags/details.xlsx
[2024-03-14T19:31:37.546+0000] {processor.py:830} INFO - Processing file /opt/airflow/dags/details.xlsx for tasks to queue
[2024-03-14T19:31:37.553+0000] {logging_mixin.py:188} INFO - [2024-03-14T19:31:37.548+0000] {dagbag.py:540} INFO - Filling up the DagBag from /opt/airflow/dags/details.xlsx
[2024-03-14T19:31:37.592+0000] {processor.py:842} WARNING - No viable dags retrieved from /opt/airflow/dags/details.xlsx
[2024-03-14T19:31:47.146+0000] {processor.py:183} INFO - Processing /opt/airflow/dags/details.xlsx took 9.634 seconds
[2024-03-14T19:32:18.159+0000] {processor.py:161} INFO - Started process (PID=3005) to work on /opt/airflow/dags/details.xlsx
[2024-03-14T19:32:18.163+0000] {processor.py:830} INFO - Processing file /opt/airflow/dags/details.xlsx for tasks to queue
[2024-03-14T19:32:18.167+0000] {logging_mixin.py:188} INFO - [2024-03-14T19:32:18.166+0000] {dagbag.py:540} INFO - Filling up the DagBag from /opt/airflow/dags/details.xlsx
[2024-03-14T19:32:18.182+0000] {processor.py:842} WARNING - No viable dags retrieved from /opt/airflow/dags/details.xlsx
[2024-03-14T19:32:18.208+0000] {processor.py:183} INFO - Processing /opt/airflow/dags/details.xlsx took 0.057 seconds
[2024-03-14T19:32:48.988+0000] {processor.py:161} INFO - Started process (PID=3017) to work on /opt/airflow/dags/details.xlsx
[2024-03-14T19:32:48.990+0000] {processor.py:830} INFO - Processing file /opt/airflow/dags/details.xlsx for tasks to queue
[2024-03-14T19:32:48.992+0000] {logging_mixin.py:188} INFO - [2024-03-14T19:32:48.992+0000] {dagbag.py:540} INFO - Filling up the DagBag from /opt/airflow/dags/details.xlsx
[2024-03-14T19:32:49.009+0000] {processor.py:842} WARNING - No viable dags retrieved from /opt/airflow/dags/details.xlsx
[2024-03-14T19:32:49.029+0000] {processor.py:183} INFO - Processing /opt/airflow/dags/details.xlsx took 0.051 seconds
[2024-03-14T19:33:19.121+0000] {processor.py:161} INFO - Started process (PID=3029) to work on /opt/airflow/dags/details.xlsx
[2024-03-14T19:33:19.123+0000] {processor.py:830} INFO - Processing file /opt/airflow/dags/details.xlsx for tasks to queue
[2024-03-14T19:33:19.124+0000] {logging_mixin.py:188} INFO - [2024-03-14T19:33:19.124+0000] {dagbag.py:540} INFO - Filling up the DagBag from /opt/airflow/dags/details.xlsx
[2024-03-14T19:33:19.140+0000] {processor.py:842} WARNING - No viable dags retrieved from /opt/airflow/dags/details.xlsx
[2024-03-14T19:33:19.160+0000] {processor.py:183} INFO - Processing /opt/airflow/dags/details.xlsx took 0.044 seconds
[2024-03-14T19:33:49.889+0000] {processor.py:161} INFO - Started process (PID=3040) to work on /opt/airflow/dags/details.xlsx
[2024-03-14T19:33:49.891+0000] {processor.py:830} INFO - Processing file /opt/airflow/dags/details.xlsx for tasks to queue
[2024-03-14T19:33:49.893+0000] {logging_mixin.py:188} INFO - [2024-03-14T19:33:49.892+0000] {dagbag.py:540} INFO - Filling up the DagBag from /opt/airflow/dags/details.xlsx
[2024-03-14T19:33:49.908+0000] {processor.py:842} WARNING - No viable dags retrieved from /opt/airflow/dags/details.xlsx
[2024-03-14T19:33:49.935+0000] {processor.py:183} INFO - Processing /opt/airflow/dags/details.xlsx took 0.051 seconds
[2024-03-14T19:34:20.472+0000] {processor.py:161} INFO - Started process (PID=3052) to work on /opt/airflow/dags/details.xlsx
[2024-03-14T19:34:20.474+0000] {processor.py:830} INFO - Processing file /opt/airflow/dags/details.xlsx for tasks to queue
[2024-03-14T19:34:20.475+0000] {logging_mixin.py:188} INFO - [2024-03-14T19:34:20.475+0000] {dagbag.py:540} INFO - Filling up the DagBag from /opt/airflow/dags/details.xlsx
[2024-03-14T19:34:20.489+0000] {processor.py:842} WARNING - No viable dags retrieved from /opt/airflow/dags/details.xlsx
[2024-03-14T19:34:20.508+0000] {processor.py:183} INFO - Processing /opt/airflow/dags/details.xlsx took 0.040 seconds
[2024-03-14T19:34:50.993+0000] {processor.py:161} INFO - Started process (PID=3064) to work on /opt/airflow/dags/details.xlsx
[2024-03-14T19:34:50.995+0000] {processor.py:830} INFO - Processing file /opt/airflow/dags/details.xlsx for tasks to queue
[2024-03-14T19:34:50.996+0000] {logging_mixin.py:188} INFO - [2024-03-14T19:34:50.996+0000] {dagbag.py:540} INFO - Filling up the DagBag from /opt/airflow/dags/details.xlsx
[2024-03-14T19:34:51.010+0000] {processor.py:842} WARNING - No viable dags retrieved from /opt/airflow/dags/details.xlsx
[2024-03-14T19:34:51.029+0000] {processor.py:183} INFO - Processing /opt/airflow/dags/details.xlsx took 0.040 seconds
[2024-03-14T19:35:21.795+0000] {processor.py:161} INFO - Started process (PID=3076) to work on /opt/airflow/dags/details.xlsx
[2024-03-14T19:35:21.797+0000] {processor.py:830} INFO - Processing file /opt/airflow/dags/details.xlsx for tasks to queue
[2024-03-14T19:35:21.799+0000] {logging_mixin.py:188} INFO - [2024-03-14T19:35:21.798+0000] {dagbag.py:540} INFO - Filling up the DagBag from /opt/airflow/dags/details.xlsx
[2024-03-14T19:35:21.813+0000] {processor.py:842} WARNING - No viable dags retrieved from /opt/airflow/dags/details.xlsx
[2024-03-14T19:35:21.842+0000] {processor.py:183} INFO - Processing /opt/airflow/dags/details.xlsx took 0.053 seconds
[2024-03-14T19:35:52.443+0000] {processor.py:161} INFO - Started process (PID=3088) to work on /opt/airflow/dags/details.xlsx
[2024-03-14T19:35:52.445+0000] {processor.py:830} INFO - Processing file /opt/airflow/dags/details.xlsx for tasks to queue
[2024-03-14T19:35:52.447+0000] {logging_mixin.py:188} INFO - [2024-03-14T19:35:52.446+0000] {dagbag.py:540} INFO - Filling up the DagBag from /opt/airflow/dags/details.xlsx
[2024-03-14T19:35:52.459+0000] {processor.py:842} WARNING - No viable dags retrieved from /opt/airflow/dags/details.xlsx
[2024-03-14T19:35:52.477+0000] {processor.py:183} INFO - Processing /opt/airflow/dags/details.xlsx took 0.040 seconds
[2024-03-14T19:36:23.131+0000] {processor.py:161} INFO - Started process (PID=3100) to work on /opt/airflow/dags/details.xlsx
[2024-03-14T19:36:23.133+0000] {processor.py:830} INFO - Processing file /opt/airflow/dags/details.xlsx for tasks to queue
[2024-03-14T19:36:23.135+0000] {logging_mixin.py:188} INFO - [2024-03-14T19:36:23.135+0000] {dagbag.py:540} INFO - Filling up the DagBag from /opt/airflow/dags/details.xlsx
[2024-03-14T19:36:23.152+0000] {processor.py:842} WARNING - No viable dags retrieved from /opt/airflow/dags/details.xlsx
[2024-03-14T19:36:23.182+0000] {processor.py:183} INFO - Processing /opt/airflow/dags/details.xlsx took 0.056 seconds
[2024-03-14T19:37:45.311+0000] {processor.py:161} INFO - Started process (PID=3127) to work on /opt/airflow/dags/details.xlsx
[2024-03-14T19:37:45.313+0000] {processor.py:830} INFO - Processing file /opt/airflow/dags/details.xlsx for tasks to queue
[2024-03-14T19:37:45.317+0000] {logging_mixin.py:188} INFO - [2024-03-14T19:37:45.316+0000] {dagbag.py:540} INFO - Filling up the DagBag from /opt/airflow/dags/details.xlsx
[2024-03-14T19:37:45.604+0000] {processor.py:842} WARNING - No viable dags retrieved from /opt/airflow/dags/details.xlsx
[2024-03-14T19:37:46.886+0000] {processor.py:183} INFO - Processing /opt/airflow/dags/details.xlsx took 1.359 seconds
[2024-03-14T19:38:17.430+0000] {processor.py:161} INFO - Started process (PID=3140) to work on /opt/airflow/dags/details.xlsx
[2024-03-14T19:38:17.432+0000] {processor.py:830} INFO - Processing file /opt/airflow/dags/details.xlsx for tasks to queue
[2024-03-14T19:38:17.436+0000] {logging_mixin.py:188} INFO - [2024-03-14T19:38:17.434+0000] {dagbag.py:540} INFO - Filling up the DagBag from /opt/airflow/dags/details.xlsx
[2024-03-14T19:38:17.452+0000] {processor.py:842} WARNING - No viable dags retrieved from /opt/airflow/dags/details.xlsx
[2024-03-14T19:38:17.475+0000] {processor.py:183} INFO - Processing /opt/airflow/dags/details.xlsx took 0.050 seconds
[2024-03-14T19:38:48.341+0000] {processor.py:161} INFO - Started process (PID=3158) to work on /opt/airflow/dags/details.xlsx
[2024-03-14T19:38:48.343+0000] {processor.py:830} INFO - Processing file /opt/airflow/dags/details.xlsx for tasks to queue
[2024-03-14T19:38:48.346+0000] {logging_mixin.py:188} INFO - [2024-03-14T19:38:48.346+0000] {dagbag.py:540} INFO - Filling up the DagBag from /opt/airflow/dags/details.xlsx
[2024-03-14T19:38:48.360+0000] {processor.py:842} WARNING - No viable dags retrieved from /opt/airflow/dags/details.xlsx
[2024-03-14T19:38:48.380+0000] {processor.py:183} INFO - Processing /opt/airflow/dags/details.xlsx took 0.042 seconds
[2024-03-14T19:39:19.406+0000] {processor.py:161} INFO - Started process (PID=3169) to work on /opt/airflow/dags/details.xlsx
[2024-03-14T19:39:19.407+0000] {processor.py:830} INFO - Processing file /opt/airflow/dags/details.xlsx for tasks to queue
[2024-03-14T19:39:19.409+0000] {logging_mixin.py:188} INFO - [2024-03-14T19:39:19.409+0000] {dagbag.py:540} INFO - Filling up the DagBag from /opt/airflow/dags/details.xlsx
[2024-03-14T19:39:19.422+0000] {processor.py:842} WARNING - No viable dags retrieved from /opt/airflow/dags/details.xlsx
[2024-03-14T19:39:19.457+0000] {processor.py:183} INFO - Processing /opt/airflow/dags/details.xlsx took 0.059 seconds
[2024-03-14T19:39:50.140+0000] {processor.py:161} INFO - Started process (PID=3180) to work on /opt/airflow/dags/details.xlsx
[2024-03-14T19:39:50.143+0000] {processor.py:830} INFO - Processing file /opt/airflow/dags/details.xlsx for tasks to queue
[2024-03-14T19:39:50.155+0000] {logging_mixin.py:188} INFO - [2024-03-14T19:39:50.146+0000] {dagbag.py:540} INFO - Filling up the DagBag from /opt/airflow/dags/details.xlsx
[2024-03-14T19:39:50.311+0000] {processor.py:842} WARNING - No viable dags retrieved from /opt/airflow/dags/details.xlsx
[2024-03-14T19:39:50.405+0000] {processor.py:183} INFO - Processing /opt/airflow/dags/details.xlsx took 0.281 seconds
[2024-03-14T19:40:20.919+0000] {processor.py:161} INFO - Started process (PID=3192) to work on /opt/airflow/dags/details.xlsx
[2024-03-14T19:40:20.921+0000] {processor.py:830} INFO - Processing file /opt/airflow/dags/details.xlsx for tasks to queue
[2024-03-14T19:40:20.923+0000] {logging_mixin.py:188} INFO - [2024-03-14T19:40:20.922+0000] {dagbag.py:540} INFO - Filling up the DagBag from /opt/airflow/dags/details.xlsx
[2024-03-14T19:40:20.941+0000] {processor.py:842} WARNING - No viable dags retrieved from /opt/airflow/dags/details.xlsx
[2024-03-14T19:40:20.964+0000] {processor.py:183} INFO - Processing /opt/airflow/dags/details.xlsx took 0.051 seconds
[2024-03-14T19:40:51.700+0000] {processor.py:161} INFO - Started process (PID=3204) to work on /opt/airflow/dags/details.xlsx
[2024-03-14T19:40:51.702+0000] {processor.py:830} INFO - Processing file /opt/airflow/dags/details.xlsx for tasks to queue
[2024-03-14T19:40:51.706+0000] {logging_mixin.py:188} INFO - [2024-03-14T19:40:51.705+0000] {dagbag.py:540} INFO - Filling up the DagBag from /opt/airflow/dags/details.xlsx
[2024-03-14T19:40:51.726+0000] {processor.py:842} WARNING - No viable dags retrieved from /opt/airflow/dags/details.xlsx
[2024-03-14T19:40:51.750+0000] {processor.py:183} INFO - Processing /opt/airflow/dags/details.xlsx took 0.054 seconds
[2024-03-14T19:41:22.520+0000] {processor.py:161} INFO - Started process (PID=3215) to work on /opt/airflow/dags/details.xlsx
[2024-03-14T19:41:22.521+0000] {processor.py:830} INFO - Processing file /opt/airflow/dags/details.xlsx for tasks to queue
[2024-03-14T19:41:22.524+0000] {logging_mixin.py:188} INFO - [2024-03-14T19:41:22.523+0000] {dagbag.py:540} INFO - Filling up the DagBag from /opt/airflow/dags/details.xlsx
[2024-03-14T19:41:22.539+0000] {processor.py:842} WARNING - No viable dags retrieved from /opt/airflow/dags/details.xlsx
[2024-03-14T19:41:22.563+0000] {processor.py:183} INFO - Processing /opt/airflow/dags/details.xlsx took 0.048 seconds
[2024-03-14T19:41:53.421+0000] {processor.py:161} INFO - Started process (PID=3227) to work on /opt/airflow/dags/details.xlsx
[2024-03-14T19:41:53.423+0000] {processor.py:830} INFO - Processing file /opt/airflow/dags/details.xlsx for tasks to queue
[2024-03-14T19:41:53.424+0000] {logging_mixin.py:188} INFO - [2024-03-14T19:41:53.424+0000] {dagbag.py:540} INFO - Filling up the DagBag from /opt/airflow/dags/details.xlsx
[2024-03-14T19:41:53.442+0000] {processor.py:842} WARNING - No viable dags retrieved from /opt/airflow/dags/details.xlsx
[2024-03-14T19:41:53.485+0000] {processor.py:183} INFO - Processing /opt/airflow/dags/details.xlsx took 0.071 seconds
[2024-03-14T19:42:24.224+0000] {processor.py:161} INFO - Started process (PID=3239) to work on /opt/airflow/dags/details.xlsx
[2024-03-14T19:42:24.226+0000] {processor.py:830} INFO - Processing file /opt/airflow/dags/details.xlsx for tasks to queue
[2024-03-14T19:42:24.227+0000] {logging_mixin.py:188} INFO - [2024-03-14T19:42:24.227+0000] {dagbag.py:540} INFO - Filling up the DagBag from /opt/airflow/dags/details.xlsx
[2024-03-14T19:42:24.244+0000] {processor.py:842} WARNING - No viable dags retrieved from /opt/airflow/dags/details.xlsx
[2024-03-14T19:42:24.263+0000] {processor.py:183} INFO - Processing /opt/airflow/dags/details.xlsx took 0.043 seconds
[2024-03-14T19:42:54.746+0000] {processor.py:161} INFO - Started process (PID=3251) to work on /opt/airflow/dags/details.xlsx
[2024-03-14T19:42:54.747+0000] {processor.py:830} INFO - Processing file /opt/airflow/dags/details.xlsx for tasks to queue
[2024-03-14T19:42:54.750+0000] {logging_mixin.py:188} INFO - [2024-03-14T19:42:54.749+0000] {dagbag.py:540} INFO - Filling up the DagBag from /opt/airflow/dags/details.xlsx
[2024-03-14T19:42:54.763+0000] {processor.py:842} WARNING - No viable dags retrieved from /opt/airflow/dags/details.xlsx
[2024-03-14T19:42:54.790+0000] {processor.py:183} INFO - Processing /opt/airflow/dags/details.xlsx took 0.049 seconds
[2024-03-14T19:43:25.582+0000] {processor.py:161} INFO - Started process (PID=3267) to work on /opt/airflow/dags/details.xlsx
[2024-03-14T19:43:25.584+0000] {processor.py:830} INFO - Processing file /opt/airflow/dags/details.xlsx for tasks to queue
[2024-03-14T19:43:25.585+0000] {logging_mixin.py:188} INFO - [2024-03-14T19:43:25.585+0000] {dagbag.py:540} INFO - Filling up the DagBag from /opt/airflow/dags/details.xlsx
[2024-03-14T19:43:25.604+0000] {processor.py:842} WARNING - No viable dags retrieved from /opt/airflow/dags/details.xlsx
[2024-03-14T19:43:25.626+0000] {processor.py:183} INFO - Processing /opt/airflow/dags/details.xlsx took 0.048 seconds
[2024-03-14T19:43:56.225+0000] {processor.py:161} INFO - Started process (PID=3279) to work on /opt/airflow/dags/details.xlsx
[2024-03-14T19:43:56.226+0000] {processor.py:830} INFO - Processing file /opt/airflow/dags/details.xlsx for tasks to queue
[2024-03-14T19:43:56.227+0000] {logging_mixin.py:188} INFO - [2024-03-14T19:43:56.227+0000] {dagbag.py:540} INFO - Filling up the DagBag from /opt/airflow/dags/details.xlsx
[2024-03-14T19:43:56.245+0000] {processor.py:842} WARNING - No viable dags retrieved from /opt/airflow/dags/details.xlsx
[2024-03-14T19:43:56.264+0000] {processor.py:183} INFO - Processing /opt/airflow/dags/details.xlsx took 0.044 seconds
[2024-03-14T19:44:26.862+0000] {processor.py:161} INFO - Started process (PID=3291) to work on /opt/airflow/dags/details.xlsx
[2024-03-14T19:44:26.863+0000] {processor.py:830} INFO - Processing file /opt/airflow/dags/details.xlsx for tasks to queue
[2024-03-14T19:44:26.865+0000] {logging_mixin.py:188} INFO - [2024-03-14T19:44:26.864+0000] {dagbag.py:540} INFO - Filling up the DagBag from /opt/airflow/dags/details.xlsx
[2024-03-14T19:44:26.883+0000] {processor.py:842} WARNING - No viable dags retrieved from /opt/airflow/dags/details.xlsx
[2024-03-14T19:44:26.910+0000] {processor.py:183} INFO - Processing /opt/airflow/dags/details.xlsx took 0.057 seconds
[2024-03-14T19:44:57.742+0000] {processor.py:161} INFO - Started process (PID=3303) to work on /opt/airflow/dags/details.xlsx
[2024-03-14T19:44:57.748+0000] {processor.py:830} INFO - Processing file /opt/airflow/dags/details.xlsx for tasks to queue
[2024-03-14T19:44:57.755+0000] {logging_mixin.py:188} INFO - [2024-03-14T19:44:57.754+0000] {dagbag.py:540} INFO - Filling up the DagBag from /opt/airflow/dags/details.xlsx
[2024-03-14T19:44:57.781+0000] {processor.py:842} WARNING - No viable dags retrieved from /opt/airflow/dags/details.xlsx
[2024-03-14T19:44:57.820+0000] {processor.py:183} INFO - Processing /opt/airflow/dags/details.xlsx took 0.096 seconds
[2024-03-14T19:45:28.596+0000] {processor.py:161} INFO - Started process (PID=3315) to work on /opt/airflow/dags/details.xlsx
[2024-03-14T19:45:28.597+0000] {processor.py:830} INFO - Processing file /opt/airflow/dags/details.xlsx for tasks to queue
[2024-03-14T19:45:28.599+0000] {logging_mixin.py:188} INFO - [2024-03-14T19:45:28.598+0000] {dagbag.py:540} INFO - Filling up the DagBag from /opt/airflow/dags/details.xlsx
[2024-03-14T19:45:28.614+0000] {processor.py:842} WARNING - No viable dags retrieved from /opt/airflow/dags/details.xlsx
[2024-03-14T19:45:28.634+0000] {processor.py:183} INFO - Processing /opt/airflow/dags/details.xlsx took 0.042 seconds
[2024-03-14T19:45:59.196+0000] {processor.py:161} INFO - Started process (PID=3327) to work on /opt/airflow/dags/details.xlsx
[2024-03-14T19:45:59.198+0000] {processor.py:830} INFO - Processing file /opt/airflow/dags/details.xlsx for tasks to queue
[2024-03-14T19:45:59.200+0000] {logging_mixin.py:188} INFO - [2024-03-14T19:45:59.199+0000] {dagbag.py:540} INFO - Filling up the DagBag from /opt/airflow/dags/details.xlsx
[2024-03-14T19:45:59.216+0000] {processor.py:842} WARNING - No viable dags retrieved from /opt/airflow/dags/details.xlsx
[2024-03-14T19:45:59.237+0000] {processor.py:183} INFO - Processing /opt/airflow/dags/details.xlsx took 0.047 seconds
[2024-03-14T19:46:29.666+0000] {processor.py:161} INFO - Started process (PID=3339) to work on /opt/airflow/dags/details.xlsx
[2024-03-14T19:46:29.669+0000] {processor.py:830} INFO - Processing file /opt/airflow/dags/details.xlsx for tasks to queue
[2024-03-14T19:46:29.672+0000] {logging_mixin.py:188} INFO - [2024-03-14T19:46:29.671+0000] {dagbag.py:540} INFO - Filling up the DagBag from /opt/airflow/dags/details.xlsx
[2024-03-14T19:46:29.689+0000] {processor.py:842} WARNING - No viable dags retrieved from /opt/airflow/dags/details.xlsx
[2024-03-14T19:46:29.722+0000] {processor.py:183} INFO - Processing /opt/airflow/dags/details.xlsx took 0.060 seconds
[2024-03-14T19:47:00.570+0000] {processor.py:161} INFO - Started process (PID=3351) to work on /opt/airflow/dags/details.xlsx
[2024-03-14T19:47:00.572+0000] {processor.py:830} INFO - Processing file /opt/airflow/dags/details.xlsx for tasks to queue
[2024-03-14T19:47:00.574+0000] {logging_mixin.py:188} INFO - [2024-03-14T19:47:00.573+0000] {dagbag.py:540} INFO - Filling up the DagBag from /opt/airflow/dags/details.xlsx
[2024-03-14T19:47:00.588+0000] {processor.py:842} WARNING - No viable dags retrieved from /opt/airflow/dags/details.xlsx
[2024-03-14T19:47:00.616+0000] {processor.py:183} INFO - Processing /opt/airflow/dags/details.xlsx took 0.054 seconds
[2024-03-14T19:47:31.303+0000] {processor.py:161} INFO - Started process (PID=3363) to work on /opt/airflow/dags/details.xlsx
[2024-03-14T19:47:31.305+0000] {processor.py:830} INFO - Processing file /opt/airflow/dags/details.xlsx for tasks to queue
[2024-03-14T19:47:31.308+0000] {logging_mixin.py:188} INFO - [2024-03-14T19:47:31.307+0000] {dagbag.py:540} INFO - Filling up the DagBag from /opt/airflow/dags/details.xlsx
[2024-03-14T19:47:31.324+0000] {processor.py:842} WARNING - No viable dags retrieved from /opt/airflow/dags/details.xlsx
[2024-03-14T19:47:31.358+0000] {processor.py:183} INFO - Processing /opt/airflow/dags/details.xlsx took 0.062 seconds
[2024-03-14T19:48:02.505+0000] {processor.py:161} INFO - Started process (PID=3379) to work on /opt/airflow/dags/details.xlsx
[2024-03-14T19:48:02.507+0000] {processor.py:830} INFO - Processing file /opt/airflow/dags/details.xlsx for tasks to queue
[2024-03-14T19:48:02.519+0000] {logging_mixin.py:188} INFO - [2024-03-14T19:48:02.518+0000] {dagbag.py:540} INFO - Filling up the DagBag from /opt/airflow/dags/details.xlsx
[2024-03-14T19:48:02.588+0000] {processor.py:842} WARNING - No viable dags retrieved from /opt/airflow/dags/details.xlsx
[2024-03-14T19:48:02.642+0000] {processor.py:183} INFO - Processing /opt/airflow/dags/details.xlsx took 0.151 seconds
[2024-03-14T20:35:06.734+0000] {processor.py:161} INFO - Started process (PID=3399) to work on /opt/airflow/dags/details.xlsx
[2024-03-14T20:35:06.767+0000] {processor.py:830} INFO - Processing file /opt/airflow/dags/details.xlsx for tasks to queue
[2024-03-14T20:35:06.821+0000] {logging_mixin.py:188} INFO - [2024-03-14T20:35:06.815+0000] {dagbag.py:540} INFO - Filling up the DagBag from /opt/airflow/dags/details.xlsx
[2024-03-14T20:35:06.970+0000] {processor.py:842} WARNING - No viable dags retrieved from /opt/airflow/dags/details.xlsx
[2024-03-14T20:35:07.145+0000] {processor.py:183} INFO - Processing /opt/airflow/dags/details.xlsx took 0.575 seconds
[2024-03-14T20:36:00.243+0000] {processor.py:161} INFO - Started process (PID=3404) to work on /opt/airflow/dags/details.xlsx
[2024-03-14T20:36:00.248+0000] {processor.py:830} INFO - Processing file /opt/airflow/dags/details.xlsx for tasks to queue
[2024-03-14T20:36:00.264+0000] {logging_mixin.py:188} INFO - [2024-03-14T20:36:00.263+0000] {dagbag.py:540} INFO - Filling up the DagBag from /opt/airflow/dags/details.xlsx
[2024-03-14T20:36:00.400+0000] {processor.py:842} WARNING - No viable dags retrieved from /opt/airflow/dags/details.xlsx
[2024-03-14T20:36:00.935+0000] {processor.py:183} INFO - Processing /opt/airflow/dags/details.xlsx took 0.729 seconds
[2024-03-14T20:36:32.294+0000] {processor.py:161} INFO - Started process (PID=3416) to work on /opt/airflow/dags/details.xlsx
[2024-03-14T20:36:32.298+0000] {processor.py:830} INFO - Processing file /opt/airflow/dags/details.xlsx for tasks to queue
[2024-03-14T20:36:32.301+0000] {logging_mixin.py:188} INFO - [2024-03-14T20:36:32.300+0000] {dagbag.py:540} INFO - Filling up the DagBag from /opt/airflow/dags/details.xlsx
[2024-03-14T20:36:32.326+0000] {processor.py:842} WARNING - No viable dags retrieved from /opt/airflow/dags/details.xlsx
[2024-03-14T20:36:32.369+0000] {processor.py:183} INFO - Processing /opt/airflow/dags/details.xlsx took 0.092 seconds
[2024-03-14T20:37:03.218+0000] {processor.py:161} INFO - Started process (PID=3434) to work on /opt/airflow/dags/details.xlsx
[2024-03-14T20:37:03.220+0000] {processor.py:830} INFO - Processing file /opt/airflow/dags/details.xlsx for tasks to queue
[2024-03-14T20:37:03.222+0000] {logging_mixin.py:188} INFO - [2024-03-14T20:37:03.221+0000] {dagbag.py:540} INFO - Filling up the DagBag from /opt/airflow/dags/details.xlsx
[2024-03-14T20:37:03.236+0000] {processor.py:842} WARNING - No viable dags retrieved from /opt/airflow/dags/details.xlsx
[2024-03-14T20:37:03.262+0000] {processor.py:183} INFO - Processing /opt/airflow/dags/details.xlsx took 0.051 seconds
[2024-03-14T20:37:33.564+0000] {processor.py:161} INFO - Started process (PID=3445) to work on /opt/airflow/dags/details.xlsx
[2024-03-14T20:37:33.566+0000] {processor.py:830} INFO - Processing file /opt/airflow/dags/details.xlsx for tasks to queue
[2024-03-14T20:37:33.568+0000] {logging_mixin.py:188} INFO - [2024-03-14T20:37:33.568+0000] {dagbag.py:540} INFO - Filling up the DagBag from /opt/airflow/dags/details.xlsx
[2024-03-14T20:37:33.584+0000] {processor.py:842} WARNING - No viable dags retrieved from /opt/airflow/dags/details.xlsx
[2024-03-14T20:37:33.607+0000] {processor.py:183} INFO - Processing /opt/airflow/dags/details.xlsx took 0.051 seconds
[2024-03-14T20:38:04.091+0000] {processor.py:161} INFO - Started process (PID=3457) to work on /opt/airflow/dags/details.xlsx
[2024-03-14T20:38:04.094+0000] {processor.py:830} INFO - Processing file /opt/airflow/dags/details.xlsx for tasks to queue
[2024-03-14T20:38:04.096+0000] {logging_mixin.py:188} INFO - [2024-03-14T20:38:04.095+0000] {dagbag.py:540} INFO - Filling up the DagBag from /opt/airflow/dags/details.xlsx
[2024-03-14T20:38:04.114+0000] {processor.py:842} WARNING - No viable dags retrieved from /opt/airflow/dags/details.xlsx
[2024-03-14T20:38:04.155+0000] {processor.py:183} INFO - Processing /opt/airflow/dags/details.xlsx took 0.073 seconds
[2024-03-14T20:38:34.927+0000] {processor.py:161} INFO - Started process (PID=3469) to work on /opt/airflow/dags/details.xlsx
[2024-03-14T20:38:34.929+0000] {processor.py:830} INFO - Processing file /opt/airflow/dags/details.xlsx for tasks to queue
[2024-03-14T20:38:34.932+0000] {logging_mixin.py:188} INFO - [2024-03-14T20:38:34.931+0000] {dagbag.py:540} INFO - Filling up the DagBag from /opt/airflow/dags/details.xlsx
[2024-03-14T20:38:34.947+0000] {processor.py:842} WARNING - No viable dags retrieved from /opt/airflow/dags/details.xlsx
[2024-03-14T20:38:34.978+0000] {processor.py:183} INFO - Processing /opt/airflow/dags/details.xlsx took 0.057 seconds
[2024-03-14T20:39:05.652+0000] {processor.py:161} INFO - Started process (PID=3481) to work on /opt/airflow/dags/details.xlsx
[2024-03-14T20:39:05.656+0000] {processor.py:830} INFO - Processing file /opt/airflow/dags/details.xlsx for tasks to queue
[2024-03-14T20:39:05.660+0000] {logging_mixin.py:188} INFO - [2024-03-14T20:39:05.659+0000] {dagbag.py:540} INFO - Filling up the DagBag from /opt/airflow/dags/details.xlsx
[2024-03-14T20:39:05.681+0000] {processor.py:842} WARNING - No viable dags retrieved from /opt/airflow/dags/details.xlsx
[2024-03-14T20:39:05.723+0000] {processor.py:183} INFO - Processing /opt/airflow/dags/details.xlsx took 0.088 seconds
[2024-03-14T20:39:36.303+0000] {processor.py:161} INFO - Started process (PID=3493) to work on /opt/airflow/dags/details.xlsx
[2024-03-14T20:39:36.306+0000] {processor.py:830} INFO - Processing file /opt/airflow/dags/details.xlsx for tasks to queue
[2024-03-14T20:39:36.309+0000] {logging_mixin.py:188} INFO - [2024-03-14T20:39:36.308+0000] {dagbag.py:540} INFO - Filling up the DagBag from /opt/airflow/dags/details.xlsx
[2024-03-14T20:39:36.331+0000] {processor.py:842} WARNING - No viable dags retrieved from /opt/airflow/dags/details.xlsx
[2024-03-14T20:39:36.370+0000] {processor.py:183} INFO - Processing /opt/airflow/dags/details.xlsx took 0.077 seconds
[2024-03-14T20:40:06.611+0000] {processor.py:161} INFO - Started process (PID=3505) to work on /opt/airflow/dags/details.xlsx
[2024-03-14T20:40:06.618+0000] {processor.py:830} INFO - Processing file /opt/airflow/dags/details.xlsx for tasks to queue
[2024-03-14T20:40:06.622+0000] {logging_mixin.py:188} INFO - [2024-03-14T20:40:06.621+0000] {dagbag.py:540} INFO - Filling up the DagBag from /opt/airflow/dags/details.xlsx
[2024-03-14T20:40:06.641+0000] {processor.py:842} WARNING - No viable dags retrieved from /opt/airflow/dags/details.xlsx
[2024-03-14T20:40:06.677+0000] {processor.py:183} INFO - Processing /opt/airflow/dags/details.xlsx took 0.080 seconds
[2024-03-14T20:40:37.414+0000] {processor.py:161} INFO - Started process (PID=3517) to work on /opt/airflow/dags/details.xlsx
[2024-03-14T20:40:37.416+0000] {processor.py:830} INFO - Processing file /opt/airflow/dags/details.xlsx for tasks to queue
[2024-03-14T20:40:37.418+0000] {logging_mixin.py:188} INFO - [2024-03-14T20:40:37.417+0000] {dagbag.py:540} INFO - Filling up the DagBag from /opt/airflow/dags/details.xlsx
[2024-03-14T20:40:37.434+0000] {processor.py:842} WARNING - No viable dags retrieved from /opt/airflow/dags/details.xlsx
[2024-03-14T20:40:37.463+0000] {processor.py:183} INFO - Processing /opt/airflow/dags/details.xlsx took 0.056 seconds
[2024-03-14T20:41:08.323+0000] {processor.py:161} INFO - Started process (PID=3529) to work on /opt/airflow/dags/details.xlsx
[2024-03-14T20:41:08.325+0000] {processor.py:830} INFO - Processing file /opt/airflow/dags/details.xlsx for tasks to queue
[2024-03-14T20:41:08.328+0000] {logging_mixin.py:188} INFO - [2024-03-14T20:41:08.327+0000] {dagbag.py:540} INFO - Filling up the DagBag from /opt/airflow/dags/details.xlsx
[2024-03-14T20:41:08.347+0000] {processor.py:842} WARNING - No viable dags retrieved from /opt/airflow/dags/details.xlsx
[2024-03-14T20:41:08.390+0000] {processor.py:183} INFO - Processing /opt/airflow/dags/details.xlsx took 0.082 seconds
[2024-03-14T20:41:38.987+0000] {processor.py:161} INFO - Started process (PID=3541) to work on /opt/airflow/dags/details.xlsx
[2024-03-14T20:41:38.990+0000] {processor.py:830} INFO - Processing file /opt/airflow/dags/details.xlsx for tasks to queue
[2024-03-14T20:41:38.993+0000] {logging_mixin.py:188} INFO - [2024-03-14T20:41:38.992+0000] {dagbag.py:540} INFO - Filling up the DagBag from /opt/airflow/dags/details.xlsx
[2024-03-14T20:41:39.009+0000] {processor.py:842} WARNING - No viable dags retrieved from /opt/airflow/dags/details.xlsx
[2024-03-14T20:41:39.037+0000] {processor.py:183} INFO - Processing /opt/airflow/dags/details.xlsx took 0.058 seconds
[2024-03-14T20:42:09.801+0000] {processor.py:161} INFO - Started process (PID=3553) to work on /opt/airflow/dags/details.xlsx
[2024-03-14T20:42:09.803+0000] {processor.py:830} INFO - Processing file /opt/airflow/dags/details.xlsx for tasks to queue
[2024-03-14T20:42:09.805+0000] {logging_mixin.py:188} INFO - [2024-03-14T20:42:09.805+0000] {dagbag.py:540} INFO - Filling up the DagBag from /opt/airflow/dags/details.xlsx
[2024-03-14T20:42:09.821+0000] {processor.py:842} WARNING - No viable dags retrieved from /opt/airflow/dags/details.xlsx
[2024-03-14T20:42:09.849+0000] {processor.py:183} INFO - Processing /opt/airflow/dags/details.xlsx took 0.055 seconds
[2024-03-14T20:42:40.274+0000] {processor.py:161} INFO - Started process (PID=3565) to work on /opt/airflow/dags/details.xlsx
[2024-03-14T20:42:40.276+0000] {processor.py:830} INFO - Processing file /opt/airflow/dags/details.xlsx for tasks to queue
[2024-03-14T20:42:40.278+0000] {logging_mixin.py:188} INFO - [2024-03-14T20:42:40.278+0000] {dagbag.py:540} INFO - Filling up the DagBag from /opt/airflow/dags/details.xlsx
[2024-03-14T20:42:40.297+0000] {processor.py:842} WARNING - No viable dags retrieved from /opt/airflow/dags/details.xlsx
[2024-03-14T20:42:40.327+0000] {processor.py:183} INFO - Processing /opt/airflow/dags/details.xlsx took 0.058 seconds
[2024-03-14T20:43:10.846+0000] {processor.py:161} INFO - Started process (PID=3577) to work on /opt/airflow/dags/details.xlsx
[2024-03-14T20:43:10.848+0000] {processor.py:830} INFO - Processing file /opt/airflow/dags/details.xlsx for tasks to queue
[2024-03-14T20:43:10.850+0000] {logging_mixin.py:188} INFO - [2024-03-14T20:43:10.849+0000] {dagbag.py:540} INFO - Filling up the DagBag from /opt/airflow/dags/details.xlsx
[2024-03-14T20:43:10.867+0000] {processor.py:842} WARNING - No viable dags retrieved from /opt/airflow/dags/details.xlsx
[2024-03-14T20:43:10.895+0000] {processor.py:183} INFO - Processing /opt/airflow/dags/details.xlsx took 0.057 seconds
[2024-03-14T20:43:41.624+0000] {processor.py:161} INFO - Started process (PID=3589) to work on /opt/airflow/dags/details.xlsx
[2024-03-14T20:43:41.627+0000] {processor.py:830} INFO - Processing file /opt/airflow/dags/details.xlsx for tasks to queue
[2024-03-14T20:43:41.630+0000] {logging_mixin.py:188} INFO - [2024-03-14T20:43:41.629+0000] {dagbag.py:540} INFO - Filling up the DagBag from /opt/airflow/dags/details.xlsx
[2024-03-14T20:43:41.648+0000] {processor.py:842} WARNING - No viable dags retrieved from /opt/airflow/dags/details.xlsx
[2024-03-14T20:43:41.680+0000] {processor.py:183} INFO - Processing /opt/airflow/dags/details.xlsx took 0.065 seconds
[2024-03-14T20:44:12.320+0000] {processor.py:161} INFO - Started process (PID=3601) to work on /opt/airflow/dags/details.xlsx
[2024-03-14T20:44:12.322+0000] {processor.py:830} INFO - Processing file /opt/airflow/dags/details.xlsx for tasks to queue
[2024-03-14T20:44:12.325+0000] {logging_mixin.py:188} INFO - [2024-03-14T20:44:12.324+0000] {dagbag.py:540} INFO - Filling up the DagBag from /opt/airflow/dags/details.xlsx
[2024-03-14T20:44:12.341+0000] {processor.py:842} WARNING - No viable dags retrieved from /opt/airflow/dags/details.xlsx
[2024-03-14T20:44:12.368+0000] {processor.py:183} INFO - Processing /opt/airflow/dags/details.xlsx took 0.054 seconds
[2024-03-14T20:44:42.852+0000] {processor.py:161} INFO - Started process (PID=3613) to work on /opt/airflow/dags/details.xlsx
[2024-03-14T20:44:42.853+0000] {processor.py:830} INFO - Processing file /opt/airflow/dags/details.xlsx for tasks to queue
[2024-03-14T20:44:42.855+0000] {logging_mixin.py:188} INFO - [2024-03-14T20:44:42.855+0000] {dagbag.py:540} INFO - Filling up the DagBag from /opt/airflow/dags/details.xlsx
[2024-03-14T20:44:42.867+0000] {processor.py:842} WARNING - No viable dags retrieved from /opt/airflow/dags/details.xlsx
[2024-03-14T20:44:42.888+0000] {processor.py:183} INFO - Processing /opt/airflow/dags/details.xlsx took 0.041 seconds
[2024-03-14T20:45:13.634+0000] {processor.py:161} INFO - Started process (PID=3625) to work on /opt/airflow/dags/details.xlsx
[2024-03-14T20:45:13.636+0000] {processor.py:830} INFO - Processing file /opt/airflow/dags/details.xlsx for tasks to queue
[2024-03-14T20:45:13.638+0000] {logging_mixin.py:188} INFO - [2024-03-14T20:45:13.637+0000] {dagbag.py:540} INFO - Filling up the DagBag from /opt/airflow/dags/details.xlsx
[2024-03-14T20:45:13.653+0000] {processor.py:842} WARNING - No viable dags retrieved from /opt/airflow/dags/details.xlsx
[2024-03-14T20:45:13.677+0000] {processor.py:183} INFO - Processing /opt/airflow/dags/details.xlsx took 0.049 seconds
[2024-03-14T20:45:44.200+0000] {processor.py:161} INFO - Started process (PID=3637) to work on /opt/airflow/dags/details.xlsx
[2024-03-14T20:45:44.205+0000] {processor.py:830} INFO - Processing file /opt/airflow/dags/details.xlsx for tasks to queue
[2024-03-14T20:45:44.210+0000] {logging_mixin.py:188} INFO - [2024-03-14T20:45:44.209+0000] {dagbag.py:540} INFO - Filling up the DagBag from /opt/airflow/dags/details.xlsx
[2024-03-14T20:45:44.228+0000] {processor.py:842} WARNING - No viable dags retrieved from /opt/airflow/dags/details.xlsx
[2024-03-14T20:45:44.268+0000] {processor.py:183} INFO - Processing /opt/airflow/dags/details.xlsx took 0.076 seconds
[2024-03-14T20:46:14.479+0000] {processor.py:161} INFO - Started process (PID=3649) to work on /opt/airflow/dags/details.xlsx
[2024-03-14T20:46:14.481+0000] {processor.py:830} INFO - Processing file /opt/airflow/dags/details.xlsx for tasks to queue
[2024-03-14T20:46:14.483+0000] {logging_mixin.py:188} INFO - [2024-03-14T20:46:14.483+0000] {dagbag.py:540} INFO - Filling up the DagBag from /opt/airflow/dags/details.xlsx
[2024-03-14T20:46:14.498+0000] {processor.py:842} WARNING - No viable dags retrieved from /opt/airflow/dags/details.xlsx
[2024-03-14T20:46:14.521+0000] {processor.py:183} INFO - Processing /opt/airflow/dags/details.xlsx took 0.049 seconds
[2024-03-14T20:46:45.010+0000] {processor.py:161} INFO - Started process (PID=3661) to work on /opt/airflow/dags/details.xlsx
[2024-03-14T20:46:45.012+0000] {processor.py:830} INFO - Processing file /opt/airflow/dags/details.xlsx for tasks to queue
[2024-03-14T20:46:45.014+0000] {logging_mixin.py:188} INFO - [2024-03-14T20:46:45.014+0000] {dagbag.py:540} INFO - Filling up the DagBag from /opt/airflow/dags/details.xlsx
[2024-03-14T20:46:45.030+0000] {processor.py:842} WARNING - No viable dags retrieved from /opt/airflow/dags/details.xlsx
[2024-03-14T20:46:45.057+0000] {processor.py:183} INFO - Processing /opt/airflow/dags/details.xlsx took 0.052 seconds
[2024-03-14T20:47:15.487+0000] {processor.py:161} INFO - Started process (PID=3673) to work on /opt/airflow/dags/details.xlsx
[2024-03-14T20:47:15.490+0000] {processor.py:830} INFO - Processing file /opt/airflow/dags/details.xlsx for tasks to queue
[2024-03-14T20:47:15.492+0000] {logging_mixin.py:188} INFO - [2024-03-14T20:47:15.491+0000] {dagbag.py:540} INFO - Filling up the DagBag from /opt/airflow/dags/details.xlsx
[2024-03-14T20:47:15.510+0000] {processor.py:842} WARNING - No viable dags retrieved from /opt/airflow/dags/details.xlsx
[2024-03-14T20:47:15.556+0000] {processor.py:183} INFO - Processing /opt/airflow/dags/details.xlsx took 0.077 seconds
[2024-03-14T20:47:46.126+0000] {processor.py:161} INFO - Started process (PID=3685) to work on /opt/airflow/dags/details.xlsx
[2024-03-14T20:47:46.128+0000] {processor.py:830} INFO - Processing file /opt/airflow/dags/details.xlsx for tasks to queue
[2024-03-14T20:47:46.130+0000] {logging_mixin.py:188} INFO - [2024-03-14T20:47:46.130+0000] {dagbag.py:540} INFO - Filling up the DagBag from /opt/airflow/dags/details.xlsx
[2024-03-14T20:47:46.145+0000] {processor.py:842} WARNING - No viable dags retrieved from /opt/airflow/dags/details.xlsx
[2024-03-14T20:47:46.166+0000] {processor.py:183} INFO - Processing /opt/airflow/dags/details.xlsx took 0.046 seconds
[2024-03-14T20:48:16.485+0000] {processor.py:161} INFO - Started process (PID=3697) to work on /opt/airflow/dags/details.xlsx
[2024-03-14T20:48:16.487+0000] {processor.py:830} INFO - Processing file /opt/airflow/dags/details.xlsx for tasks to queue
[2024-03-14T20:48:16.488+0000] {logging_mixin.py:188} INFO - [2024-03-14T20:48:16.488+0000] {dagbag.py:540} INFO - Filling up the DagBag from /opt/airflow/dags/details.xlsx
[2024-03-14T20:48:16.506+0000] {processor.py:842} WARNING - No viable dags retrieved from /opt/airflow/dags/details.xlsx
[2024-03-14T20:48:16.528+0000] {processor.py:183} INFO - Processing /opt/airflow/dags/details.xlsx took 0.048 seconds
[2024-03-14T20:48:46.868+0000] {processor.py:161} INFO - Started process (PID=3709) to work on /opt/airflow/dags/details.xlsx
[2024-03-14T20:48:46.872+0000] {processor.py:830} INFO - Processing file /opt/airflow/dags/details.xlsx for tasks to queue
[2024-03-14T20:48:46.875+0000] {logging_mixin.py:188} INFO - [2024-03-14T20:48:46.874+0000] {dagbag.py:540} INFO - Filling up the DagBag from /opt/airflow/dags/details.xlsx
[2024-03-14T20:48:46.892+0000] {processor.py:842} WARNING - No viable dags retrieved from /opt/airflow/dags/details.xlsx
[2024-03-14T20:48:46.927+0000] {processor.py:183} INFO - Processing /opt/airflow/dags/details.xlsx took 0.066 seconds
[2024-03-14T20:49:17.209+0000] {processor.py:161} INFO - Started process (PID=3721) to work on /opt/airflow/dags/details.xlsx
[2024-03-14T20:49:17.211+0000] {processor.py:830} INFO - Processing file /opt/airflow/dags/details.xlsx for tasks to queue
[2024-03-14T20:49:17.213+0000] {logging_mixin.py:188} INFO - [2024-03-14T20:49:17.212+0000] {dagbag.py:540} INFO - Filling up the DagBag from /opt/airflow/dags/details.xlsx
[2024-03-14T20:49:17.226+0000] {processor.py:842} WARNING - No viable dags retrieved from /opt/airflow/dags/details.xlsx
[2024-03-14T20:49:17.249+0000] {processor.py:183} INFO - Processing /opt/airflow/dags/details.xlsx took 0.044 seconds
[2024-03-14T20:49:47.521+0000] {processor.py:161} INFO - Started process (PID=3733) to work on /opt/airflow/dags/details.xlsx
[2024-03-14T20:49:47.523+0000] {processor.py:830} INFO - Processing file /opt/airflow/dags/details.xlsx for tasks to queue
[2024-03-14T20:49:47.525+0000] {logging_mixin.py:188} INFO - [2024-03-14T20:49:47.524+0000] {dagbag.py:540} INFO - Filling up the DagBag from /opt/airflow/dags/details.xlsx
[2024-03-14T20:49:47.538+0000] {processor.py:842} WARNING - No viable dags retrieved from /opt/airflow/dags/details.xlsx
[2024-03-14T20:49:47.560+0000] {processor.py:183} INFO - Processing /opt/airflow/dags/details.xlsx took 0.043 seconds
[2024-03-14T20:50:18.046+0000] {processor.py:161} INFO - Started process (PID=3745) to work on /opt/airflow/dags/details.xlsx
[2024-03-14T20:50:18.047+0000] {processor.py:830} INFO - Processing file /opt/airflow/dags/details.xlsx for tasks to queue
[2024-03-14T20:50:18.049+0000] {logging_mixin.py:188} INFO - [2024-03-14T20:50:18.049+0000] {dagbag.py:540} INFO - Filling up the DagBag from /opt/airflow/dags/details.xlsx
[2024-03-14T20:50:18.066+0000] {processor.py:842} WARNING - No viable dags retrieved from /opt/airflow/dags/details.xlsx
[2024-03-14T20:50:18.087+0000] {processor.py:183} INFO - Processing /opt/airflow/dags/details.xlsx took 0.046 seconds
[2024-03-14T20:50:48.366+0000] {processor.py:161} INFO - Started process (PID=3757) to work on /opt/airflow/dags/details.xlsx
[2024-03-14T20:50:48.368+0000] {processor.py:830} INFO - Processing file /opt/airflow/dags/details.xlsx for tasks to queue
[2024-03-14T20:50:48.369+0000] {logging_mixin.py:188} INFO - [2024-03-14T20:50:48.369+0000] {dagbag.py:540} INFO - Filling up the DagBag from /opt/airflow/dags/details.xlsx
[2024-03-14T20:50:48.384+0000] {processor.py:842} WARNING - No viable dags retrieved from /opt/airflow/dags/details.xlsx
[2024-03-14T20:50:48.405+0000] {processor.py:183} INFO - Processing /opt/airflow/dags/details.xlsx took 0.044 seconds
[2024-03-14T20:51:19.096+0000] {processor.py:161} INFO - Started process (PID=3768) to work on /opt/airflow/dags/details.xlsx
[2024-03-14T20:51:19.098+0000] {processor.py:830} INFO - Processing file /opt/airflow/dags/details.xlsx for tasks to queue
[2024-03-14T20:51:19.100+0000] {logging_mixin.py:188} INFO - [2024-03-14T20:51:19.099+0000] {dagbag.py:540} INFO - Filling up the DagBag from /opt/airflow/dags/details.xlsx
[2024-03-14T20:51:19.113+0000] {processor.py:842} WARNING - No viable dags retrieved from /opt/airflow/dags/details.xlsx
[2024-03-14T20:51:19.136+0000] {processor.py:183} INFO - Processing /opt/airflow/dags/details.xlsx took 0.045 seconds
[2024-03-14T20:51:49.267+0000] {processor.py:161} INFO - Started process (PID=3779) to work on /opt/airflow/dags/details.xlsx
[2024-03-14T20:51:49.268+0000] {processor.py:830} INFO - Processing file /opt/airflow/dags/details.xlsx for tasks to queue
[2024-03-14T20:51:49.270+0000] {logging_mixin.py:188} INFO - [2024-03-14T20:51:49.269+0000] {dagbag.py:540} INFO - Filling up the DagBag from /opt/airflow/dags/details.xlsx
[2024-03-14T20:51:49.286+0000] {processor.py:842} WARNING - No viable dags retrieved from /opt/airflow/dags/details.xlsx
[2024-03-14T20:51:49.311+0000] {processor.py:183} INFO - Processing /opt/airflow/dags/details.xlsx took 0.049 seconds
[2024-03-14T20:52:19.595+0000] {processor.py:161} INFO - Started process (PID=3791) to work on /opt/airflow/dags/details.xlsx
[2024-03-14T20:52:19.596+0000] {processor.py:830} INFO - Processing file /opt/airflow/dags/details.xlsx for tasks to queue
[2024-03-14T20:52:19.598+0000] {logging_mixin.py:188} INFO - [2024-03-14T20:52:19.597+0000] {dagbag.py:540} INFO - Filling up the DagBag from /opt/airflow/dags/details.xlsx
[2024-03-14T20:52:19.613+0000] {processor.py:842} WARNING - No viable dags retrieved from /opt/airflow/dags/details.xlsx
[2024-03-14T20:52:19.637+0000] {processor.py:183} INFO - Processing /opt/airflow/dags/details.xlsx took 0.046 seconds
[2024-03-14T20:52:49.904+0000] {processor.py:161} INFO - Started process (PID=3803) to work on /opt/airflow/dags/details.xlsx
[2024-03-14T20:52:49.906+0000] {processor.py:830} INFO - Processing file /opt/airflow/dags/details.xlsx for tasks to queue
[2024-03-14T20:52:49.908+0000] {logging_mixin.py:188} INFO - [2024-03-14T20:52:49.907+0000] {dagbag.py:540} INFO - Filling up the DagBag from /opt/airflow/dags/details.xlsx
[2024-03-14T20:52:49.919+0000] {processor.py:842} WARNING - No viable dags retrieved from /opt/airflow/dags/details.xlsx
[2024-03-14T20:52:49.946+0000] {processor.py:183} INFO - Processing /opt/airflow/dags/details.xlsx took 0.049 seconds
[2024-03-14T20:53:20.188+0000] {processor.py:161} INFO - Started process (PID=3815) to work on /opt/airflow/dags/details.xlsx
[2024-03-14T20:53:20.190+0000] {processor.py:830} INFO - Processing file /opt/airflow/dags/details.xlsx for tasks to queue
[2024-03-14T20:53:20.192+0000] {logging_mixin.py:188} INFO - [2024-03-14T20:53:20.191+0000] {dagbag.py:540} INFO - Filling up the DagBag from /opt/airflow/dags/details.xlsx
[2024-03-14T20:53:20.203+0000] {processor.py:842} WARNING - No viable dags retrieved from /opt/airflow/dags/details.xlsx
[2024-03-14T20:53:20.225+0000] {processor.py:183} INFO - Processing /opt/airflow/dags/details.xlsx took 0.044 seconds
[2024-03-14T20:53:50.479+0000] {processor.py:161} INFO - Started process (PID=3827) to work on /opt/airflow/dags/details.xlsx
[2024-03-14T20:53:50.481+0000] {processor.py:830} INFO - Processing file /opt/airflow/dags/details.xlsx for tasks to queue
[2024-03-14T20:53:50.483+0000] {logging_mixin.py:188} INFO - [2024-03-14T20:53:50.482+0000] {dagbag.py:540} INFO - Filling up the DagBag from /opt/airflow/dags/details.xlsx
[2024-03-14T20:53:50.495+0000] {processor.py:842} WARNING - No viable dags retrieved from /opt/airflow/dags/details.xlsx
[2024-03-14T20:53:50.516+0000] {processor.py:183} INFO - Processing /opt/airflow/dags/details.xlsx took 0.043 seconds
[2024-03-14T20:54:21.165+0000] {processor.py:161} INFO - Started process (PID=3839) to work on /opt/airflow/dags/details.xlsx
[2024-03-14T20:54:21.167+0000] {processor.py:830} INFO - Processing file /opt/airflow/dags/details.xlsx for tasks to queue
[2024-03-14T20:54:21.169+0000] {logging_mixin.py:188} INFO - [2024-03-14T20:54:21.168+0000] {dagbag.py:540} INFO - Filling up the DagBag from /opt/airflow/dags/details.xlsx
[2024-03-14T20:54:21.186+0000] {processor.py:842} WARNING - No viable dags retrieved from /opt/airflow/dags/details.xlsx
[2024-03-14T20:54:21.208+0000] {processor.py:183} INFO - Processing /opt/airflow/dags/details.xlsx took 0.048 seconds
[2024-03-14T20:54:51.641+0000] {processor.py:161} INFO - Started process (PID=3851) to work on /opt/airflow/dags/details.xlsx
[2024-03-14T20:54:51.643+0000] {processor.py:830} INFO - Processing file /opt/airflow/dags/details.xlsx for tasks to queue
[2024-03-14T20:54:51.645+0000] {logging_mixin.py:188} INFO - [2024-03-14T20:54:51.644+0000] {dagbag.py:540} INFO - Filling up the DagBag from /opt/airflow/dags/details.xlsx
[2024-03-14T20:54:51.660+0000] {processor.py:842} WARNING - No viable dags retrieved from /opt/airflow/dags/details.xlsx
[2024-03-14T20:54:51.680+0000] {processor.py:183} INFO - Processing /opt/airflow/dags/details.xlsx took 0.045 seconds
[2024-03-14T20:55:22.149+0000] {processor.py:161} INFO - Started process (PID=3863) to work on /opt/airflow/dags/details.xlsx
[2024-03-14T20:55:22.151+0000] {processor.py:830} INFO - Processing file /opt/airflow/dags/details.xlsx for tasks to queue
[2024-03-14T20:55:22.153+0000] {logging_mixin.py:188} INFO - [2024-03-14T20:55:22.152+0000] {dagbag.py:540} INFO - Filling up the DagBag from /opt/airflow/dags/details.xlsx
[2024-03-14T20:55:22.166+0000] {processor.py:842} WARNING - No viable dags retrieved from /opt/airflow/dags/details.xlsx
[2024-03-14T20:55:22.187+0000] {processor.py:183} INFO - Processing /opt/airflow/dags/details.xlsx took 0.044 seconds
