[2024-04-29T12:27:54.481+0000] {taskinstance.py:1979} INFO - Dependencies all met for dep_context=non-requeueable deps ti=<TaskInstance: ETL_Flow.truncate_mrr manual__2024-04-29T10:04:00.253945+00:00 [queued]>
[2024-04-29T12:27:54.530+0000] {taskinstance.py:1979} INFO - Dependencies all met for dep_context=requeueable deps ti=<TaskInstance: ETL_Flow.truncate_mrr manual__2024-04-29T10:04:00.253945+00:00 [queued]>
[2024-04-29T12:27:54.532+0000] {taskinstance.py:2193} INFO - Starting attempt 3 of 8
[2024-04-29T12:27:54.601+0000] {taskinstance.py:2214} INFO - Executing <Task(PostgresOperator): truncate_mrr> on 2024-04-29 10:04:00.253945+00:00
[2024-04-29T12:27:54.638+0000] {standard_task_runner.py:60} INFO - Started process 1249 to run task
[2024-04-29T12:27:54.663+0000] {standard_task_runner.py:87} INFO - Running: ['***', 'tasks', 'run', 'ETL_Flow', 'truncate_mrr', 'manual__2024-04-29T10:04:00.253945+00:00', '--job-id', '3119', '--raw', '--subdir', 'DAGS_FOLDER/ETL.py', '--cfg-path', '/tmp/tmp8sxgslca']
[2024-04-29T12:27:54.672+0000] {standard_task_runner.py:88} INFO - Job 3119: Subtask truncate_mrr
[2024-04-29T12:27:55.079+0000] {task_command.py:423} INFO - Running <TaskInstance: ETL_Flow.truncate_mrr manual__2024-04-29T10:04:00.253945+00:00 [running]> on host 9100669c2df2
[2024-04-29T12:27:58.368+0000] {taskinstance.py:2510} INFO - Exporting env vars: AIRFLOW_CTX_DAG_OWNER='coder2j' AIRFLOW_CTX_DAG_ID='ETL_Flow' AIRFLOW_CTX_TASK_ID='truncate_mrr' AIRFLOW_CTX_EXECUTION_DATE='2024-04-29T10:04:00.253945+00:00' AIRFLOW_CTX_TRY_NUMBER='3' AIRFLOW_CTX_DAG_RUN_ID='manual__2024-04-29T10:04:00.253945+00:00'
[2024-04-29T12:27:58.373+0000] {sql.py:276} INFO - Executing: TRUNCATE TABLE MRR_Dim_Customers;
TRUNCATE TABLE MRR_Dim_Products;
TRUNCATE TABLE MRR_Fact_Details;
TRUNCATE TABLE MRR_Fact_Orders;
TRUNCATE TABLE MRR_Fact_Events;


[2024-04-29T12:27:58.402+0000] {base.py:83} INFO - Using connection ID 'postgres_localhost' for task execution.
[2024-04-29T12:27:58.433+0000] {base.py:83} INFO - Using connection ID 'postgres_localhost' for task execution.
[2024-04-29T12:27:58.498+0000] {sql.py:457} INFO - Running statement: TRUNCATE TABLE MRR_Dim_Customers;
TRUNCATE TABLE MRR_Dim_Products;
TRUNCATE TABLE MRR_Fact_Details;
TRUNCATE TABLE MRR_Fact_Orders;
TRUNCATE TABLE MRR_Fact_Events;

, parameters: None
[2024-04-29T12:27:58.545+0000] {warnings.py:109} WARNING - /home/***/.local/lib/python3.8/site-packages/***/providers/common/sql/hooks/sql.py:407: AirflowProviderDeprecationWarning: Call to deprecated method _make_common_data_structure. (The `_make_serializable` method is deprecated and support will be removed in a future version of the common.sql provider. Please update the DbApiHook's provider to a version based on common.sql >= 1.9.1.)
  result = self._make_common_data_structure(handler(cur))

[2024-04-29T12:27:58.711+0000] {taskinstance.py:1149} INFO - Marking task as SUCCESS. dag_id=ETL_Flow, task_id=truncate_mrr, execution_date=20240429T100400, start_date=20240429T122754, end_date=20240429T122758
[2024-04-29T12:27:59.048+0000] {local_task_job_runner.py:234} INFO - Task exited with return code 0
[2024-04-29T12:27:59.186+0000] {warnings.py:109} WARNING - /home/***/.local/lib/python3.8/site-packages/***/models/baseoperator.py:1201: AirflowProviderDeprecationWarning: Call to deprecated class PostgresOperator. (Please use `***.providers.common.sql.operators.sql.SQLExecuteQueryOperator`.Also, you can provide `hook_params={'schema': <database>}`.)
  result = cls.__new__(cls)

[2024-04-29T12:27:59.439+0000] {taskinstance.py:3309} INFO - 1 downstream tasks scheduled from follow-on schedule check
