[2024-03-09T16:13:55.929+0000] {taskinstance.py:1979} INFO - Dependencies all met for dep_context=non-requeueable deps ti=<TaskInstance: dag_with_postgres_operator.create_postgres_table scheduled__2024-03-01T00:00:00+00:00 [queued]>
[2024-03-09T16:13:56.046+0000] {taskinstance.py:1979} INFO - Dependencies all met for dep_context=requeueable deps ti=<TaskInstance: dag_with_postgres_operator.create_postgres_table scheduled__2024-03-01T00:00:00+00:00 [queued]>
[2024-03-09T16:13:56.049+0000] {taskinstance.py:2193} INFO - Starting attempt 3 of 6
[2024-03-09T16:13:56.217+0000] {taskinstance.py:2214} INFO - Executing <Task(PostgresOperator): create_postgres_table> on 2024-03-01 00:00:00+00:00
[2024-03-09T16:13:56.239+0000] {standard_task_runner.py:60} INFO - Started process 2250 to run task
[2024-03-09T16:13:56.261+0000] {standard_task_runner.py:87} INFO - Running: ['***', 'tasks', 'run', 'dag_with_postgres_operator', 'create_postgres_table', 'scheduled__2024-03-01T00:00:00+00:00', '--job-id', '220', '--raw', '--subdir', 'DAGS_FOLDER/etl_pipeline.py', '--cfg-path', '/tmp/tmprzfhd8kz']
[2024-03-09T16:13:56.266+0000] {standard_task_runner.py:88} INFO - Job 220: Subtask create_postgres_table
[2024-03-09T16:13:56.758+0000] {task_command.py:423} INFO - Running <TaskInstance: dag_with_postgres_operator.create_postgres_table scheduled__2024-03-01T00:00:00+00:00 [running]> on host 3b9d9f11e4f2
[2024-03-09T16:13:57.448+0000] {taskinstance.py:2510} INFO - Exporting env vars: AIRFLOW_CTX_DAG_OWNER='coder2j' AIRFLOW_CTX_DAG_ID='dag_with_postgres_operator' AIRFLOW_CTX_TASK_ID='create_postgres_table' AIRFLOW_CTX_EXECUTION_DATE='2024-03-01T00:00:00+00:00' AIRFLOW_CTX_TRY_NUMBER='3' AIRFLOW_CTX_DAG_RUN_ID='scheduled__2024-03-01T00:00:00+00:00'
[2024-03-09T16:13:57.461+0000] {sql.py:276} INFO - Executing: create table if not exists dag_runs(
                    dt date,
                    dag_id character varying,
                    primary key (dt, dag_id)

        )
        
[2024-03-09T16:13:57.542+0000] {base.py:83} INFO - Using connection ID 'postgres_localhost' for task execution.
[2024-03-09T16:13:57.670+0000] {base.py:83} INFO - Using connection ID 'postgres_localhost' for task execution.
[2024-03-09T16:13:57.753+0000] {sql.py:457} INFO - Running statement: create table if not exists dag_runs(
                    dt date,
                    dag_id character varying,
                    primary key (dt, dag_id)

        )
        , parameters: None
[2024-03-09T16:13:57.782+0000] {warnings.py:109} WARNING - /home/***/.local/lib/python3.8/site-packages/***/providers/common/sql/hooks/sql.py:407: AirflowProviderDeprecationWarning: Call to deprecated method _make_common_data_structure. (The `_make_serializable` method is deprecated and support will be removed in a future version of the common.sql provider. Please update the DbApiHook's provider to a version based on common.sql >= 1.9.1.)
  result = self._make_common_data_structure(handler(cur))

[2024-03-09T16:13:57.846+0000] {taskinstance.py:1149} INFO - Marking task as SUCCESS. dag_id=dag_with_postgres_operator, task_id=create_postgres_table, execution_date=20240301T000000, start_date=20240309T161355, end_date=20240309T161357
[2024-03-09T16:13:57.953+0000] {local_task_job_runner.py:234} INFO - Task exited with return code 0
[2024-03-09T16:13:58.037+0000] {taskinstance.py:3309} INFO - 0 downstream tasks scheduled from follow-on schedule check
