[2024-03-12T17:33:29.309+0000] {taskinstance.py:1979} INFO - Dependencies all met for dep_context=non-requeueable deps ti=<TaskInstance: ETL_Flow.create_tables scheduled__2024-03-10T06:00:00+00:00 [queued]>
[2024-03-12T17:33:29.390+0000] {taskinstance.py:1979} INFO - Dependencies all met for dep_context=requeueable deps ti=<TaskInstance: ETL_Flow.create_tables scheduled__2024-03-10T06:00:00+00:00 [queued]>
[2024-03-12T17:33:29.395+0000] {taskinstance.py:2193} INFO - Starting attempt 1 of 6
[2024-03-12T17:33:30.084+0000] {taskinstance.py:2214} INFO - Executing <Task(PostgresOperator): create_tables> on 2024-03-10 06:00:00+00:00
[2024-03-12T17:33:30.199+0000] {standard_task_runner.py:60} INFO - Started process 337 to run task
[2024-03-12T17:33:30.251+0000] {standard_task_runner.py:87} INFO - Running: ['***', 'tasks', 'run', 'ETL_Flow', 'create_tables', 'scheduled__2024-03-10T06:00:00+00:00', '--job-id', '484', '--raw', '--subdir', 'DAGS_FOLDER/etl2.py', '--cfg-path', '/tmp/tmph_asr1hs']
[2024-03-12T17:33:30.268+0000] {standard_task_runner.py:88} INFO - Job 484: Subtask create_tables
[2024-03-12T17:33:30.837+0000] {task_command.py:423} INFO - Running <TaskInstance: ETL_Flow.create_tables scheduled__2024-03-10T06:00:00+00:00 [running]> on host e2878ba2ad26
[2024-03-12T17:33:31.301+0000] {abstractoperator.py:707} ERROR - Exception rendering Jinja template for task 'create_tables', field 'sql'. Template: 'sql/create.sql'
Traceback (most recent call last):
  File "/home/airflow/.local/lib/python3.8/site-packages/airflow/models/abstractoperator.py", line 699, in _do_render_template_fields
    rendered_content = self.render_template(
  File "/home/airflow/.local/lib/python3.8/site-packages/airflow/template/templater.py", line 171, in render_template
    template = jinja_env.get_template(value)
  File "/home/airflow/.local/lib/python3.8/site-packages/jinja2/environment.py", line 1010, in get_template
    return self._load_template(name, globals)
  File "/home/airflow/.local/lib/python3.8/site-packages/jinja2/environment.py", line 969, in _load_template
    template = self.loader.load(self, name, self.make_globals(globals))
  File "/home/airflow/.local/lib/python3.8/site-packages/jinja2/loaders.py", line 125, in load
    source, filename, uptodate = self.get_source(environment, name)
  File "/home/airflow/.local/lib/python3.8/site-packages/jinja2/loaders.py", line 204, in get_source
    raise TemplateNotFound(template)
jinja2.exceptions.TemplateNotFound: sql/create.sql
[2024-03-12T17:33:31.321+0000] {taskinstance.py:2728} ERROR - Task failed with exception
Traceback (most recent call last):
  File "/home/airflow/.local/lib/python3.8/site-packages/airflow/models/taskinstance.py", line 2357, in _run_raw_task
    self._execute_task_with_callbacks(context, test_mode, session=session)
  File "/home/airflow/.local/lib/python3.8/site-packages/airflow/models/taskinstance.py", line 2495, in _execute_task_with_callbacks
    task_orig = self.render_templates(context=context)
  File "/home/airflow/.local/lib/python3.8/site-packages/airflow/models/taskinstance.py", line 2907, in render_templates
    original_task.render_template_fields(context)
  File "/home/airflow/.local/lib/python3.8/site-packages/airflow/models/baseoperator.py", line 1241, in render_template_fields
    self._do_render_template_fields(self, self.template_fields, context, jinja_env, set())
  File "/home/airflow/.local/lib/python3.8/site-packages/airflow/utils/session.py", line 79, in wrapper
    return func(*args, session=session, **kwargs)
  File "/home/airflow/.local/lib/python3.8/site-packages/airflow/models/abstractoperator.py", line 699, in _do_render_template_fields
    rendered_content = self.render_template(
  File "/home/airflow/.local/lib/python3.8/site-packages/airflow/template/templater.py", line 171, in render_template
    template = jinja_env.get_template(value)
  File "/home/airflow/.local/lib/python3.8/site-packages/jinja2/environment.py", line 1010, in get_template
    return self._load_template(name, globals)
  File "/home/airflow/.local/lib/python3.8/site-packages/jinja2/environment.py", line 969, in _load_template
    template = self.loader.load(self, name, self.make_globals(globals))
  File "/home/airflow/.local/lib/python3.8/site-packages/jinja2/loaders.py", line 125, in load
    source, filename, uptodate = self.get_source(environment, name)
  File "/home/airflow/.local/lib/python3.8/site-packages/jinja2/loaders.py", line 204, in get_source
    raise TemplateNotFound(template)
jinja2.exceptions.TemplateNotFound: sql/create.sql
[2024-03-12T17:33:31.392+0000] {taskinstance.py:1149} INFO - Marking task as UP_FOR_RETRY. dag_id=ETL_Flow, task_id=create_tables, execution_date=20240310T060000, start_date=20240312T173329, end_date=20240312T173331
[2024-03-12T17:33:31.526+0000] {standard_task_runner.py:107} ERROR - Failed to execute job 484 for task create_tables (sql/create.sql; 337)
[2024-03-12T17:33:31.578+0000] {local_task_job_runner.py:234} INFO - Task exited with return code 1
[2024-03-12T17:33:31.802+0000] {taskinstance.py:3309} INFO - 0 downstream tasks scheduled from follow-on schedule check
