[2024-05-03T08:42:20.498+0000] {taskinstance.py:1979} INFO - Dependencies all met for dep_context=non-requeueable deps ti=<TaskInstance: ETL_Flow.insert_data_from_files scheduled__2024-05-01T21:11:00+00:00 [queued]>
[2024-05-03T08:42:20.528+0000] {taskinstance.py:1979} INFO - Dependencies all met for dep_context=requeueable deps ti=<TaskInstance: ETL_Flow.insert_data_from_files scheduled__2024-05-01T21:11:00+00:00 [queued]>
[2024-05-03T08:42:20.529+0000] {taskinstance.py:2193} INFO - Starting attempt 4 of 9
[2024-05-03T08:42:20.575+0000] {taskinstance.py:2214} INFO - Executing <Task(PythonOperator): insert_data_from_files> on 2024-05-01 21:11:00+00:00
[2024-05-03T08:42:20.589+0000] {standard_task_runner.py:60} INFO - Started process 2513 to run task
[2024-05-03T08:42:20.597+0000] {standard_task_runner.py:87} INFO - Running: ['***', 'tasks', 'run', 'ETL_Flow', 'insert_data_from_files', 'scheduled__2024-05-01T21:11:00+00:00', '--job-id', '3281', '--raw', '--subdir', 'DAGS_FOLDER/ETL.py', '--cfg-path', '/tmp/tmpf_vpqy1k']
[2024-05-03T08:42:20.604+0000] {standard_task_runner.py:88} INFO - Job 3281: Subtask insert_data_from_files
[2024-05-03T08:42:20.738+0000] {task_command.py:423} INFO - Running <TaskInstance: ETL_Flow.insert_data_from_files scheduled__2024-05-01T21:11:00+00:00 [running]> on host 518f7ecc027f
[2024-05-03T08:42:21.388+0000] {taskinstance.py:2510} INFO - Exporting env vars: AIRFLOW_CTX_DAG_OWNER='coder2j' AIRFLOW_CTX_DAG_ID='ETL_Flow' AIRFLOW_CTX_TASK_ID='insert_data_from_files' AIRFLOW_CTX_EXECUTION_DATE='2024-05-01T21:11:00+00:00' AIRFLOW_CTX_TRY_NUMBER='4' AIRFLOW_CTX_DAG_RUN_ID='scheduled__2024-05-01T21:11:00+00:00'
[2024-05-03T08:42:22.981+0000] {base.py:83} INFO - Using connection ID 'postgres_localhost' for task execution.
[2024-05-03T08:42:23.277+0000] {sql.py:572} INFO - Done loading. Loaded a total of 50 rows into MRR_Dim_Customers
[2024-05-03T08:42:23.576+0000] {base.py:83} INFO - Using connection ID 'postgres_localhost' for task execution.
[2024-05-03T08:42:25.175+0000] {sql.py:572} INFO - Done loading. Loaded a total of 312 rows into MRR_Fact_Events
[2024-05-03T08:42:25.291+0000] {base.py:83} INFO - Using connection ID 'postgres_localhost' for task execution.
[2024-05-03T08:42:25.731+0000] {sql.py:572} INFO - Done loading. Loaded a total of 77 rows into MRR_Dim_Products
[2024-05-03T08:42:25.973+0000] {base.py:83} INFO - Using connection ID 'postgres_localhost' for task execution.
[2024-05-03T08:42:26.901+0000] {sql.py:572} INFO - Done loading. Loaded a total of 155 rows into MRR_Fact_Orders
[2024-05-03T08:42:27.184+0000] {base.py:83} INFO - Using connection ID 'postgres_localhost' for task execution.
[2024-05-03T08:42:28.592+0000] {sql.py:572} INFO - Done loading. Loaded a total of 261 rows into MRR_Fact_Details
[2024-05-03T08:42:28.595+0000] {python.py:202} INFO - Done. Returned value was: None
[2024-05-03T08:42:28.628+0000] {taskinstance.py:1149} INFO - Marking task as SUCCESS. dag_id=ETL_Flow, task_id=insert_data_from_files, execution_date=20240501T211100, start_date=20240503T084220, end_date=20240503T084228
[2024-05-03T08:42:28.702+0000] {local_task_job_runner.py:234} INFO - Task exited with return code 0
[2024-05-03T08:42:28.734+0000] {warnings.py:109} WARNING - /home/***/.local/lib/python3.8/site-packages/***/models/baseoperator.py:1201: AirflowProviderDeprecationWarning: Call to deprecated class PostgresOperator. (Please use `***.providers.common.sql.operators.sql.SQLExecuteQueryOperator`.Also, you can provide `hook_params={'schema': <database>}`.)
  result = cls.__new__(cls)

[2024-05-03T08:42:29.424+0000] {taskinstance.py:3309} INFO - 1 downstream tasks scheduled from follow-on schedule check
