[2024-03-21T19:09:48.628+0000] {taskinstance.py:1979} INFO - Dependencies all met for dep_context=non-requeueable deps ti=<TaskInstance: ETL_Flow.create_tables manual__2024-03-15T20:41:00.159223+00:00 [queued]>
[2024-03-21T19:09:48.687+0000] {taskinstance.py:1979} INFO - Dependencies all met for dep_context=requeueable deps ti=<TaskInstance: ETL_Flow.create_tables manual__2024-03-15T20:41:00.159223+00:00 [queued]>
[2024-03-21T19:09:48.692+0000] {taskinstance.py:2193} INFO - Starting attempt 2 of 7
[2024-03-21T19:09:48.832+0000] {taskinstance.py:2214} INFO - Executing <Task(PostgresOperator): create_tables> on 2024-03-15 20:41:00.159223+00:00
[2024-03-21T19:09:48.856+0000] {standard_task_runner.py:60} INFO - Started process 711 to run task
[2024-03-21T19:09:48.876+0000] {standard_task_runner.py:87} INFO - Running: ['***', 'tasks', 'run', 'ETL_Flow', 'create_tables', 'manual__2024-03-15T20:41:00.159223+00:00', '--job-id', '2167', '--raw', '--subdir', 'DAGS_FOLDER/etl2.py', '--cfg-path', '/tmp/tmpqrigv6l0']
[2024-03-21T19:09:48.901+0000] {standard_task_runner.py:88} INFO - Job 2167: Subtask create_tables
[2024-03-21T19:09:49.250+0000] {task_command.py:423} INFO - Running <TaskInstance: ETL_Flow.create_tables manual__2024-03-15T20:41:00.159223+00:00 [running]> on host 87d0282d7958
[2024-03-21T19:09:50.574+0000] {taskinstance.py:2510} INFO - Exporting env vars: AIRFLOW_CTX_DAG_OWNER='coder2j' AIRFLOW_CTX_DAG_ID='ETL_Flow' AIRFLOW_CTX_TASK_ID='create_tables' AIRFLOW_CTX_EXECUTION_DATE='2024-03-15T20:41:00.159223+00:00' AIRFLOW_CTX_TRY_NUMBER='2' AIRFLOW_CTX_DAG_RUN_ID='manual__2024-03-15T20:41:00.159223+00:00'
[2024-03-21T19:09:50.584+0000] {sql.py:276} INFO - Executing: drop view if EXISTS snapshot_customers_transactions_month;
drop table if  EXISTS Snapshot_Customers_Transactions_Arch;

DROP TABLE IF EXISTS MRR_Dim_Customers;
DROP TABLE IF EXISTS MRR_Dim_Employees;
DROP TABLE IF EXISTS MRR_Dim_Products;
DROP TABLE IF EXISTS MRR_Fact_Details;
DROP TABLE IF EXISTS MRR_Fact_Orders;
DROP TABLE IF EXISTS STG_Dim_Customers;
DROP TABLE IF EXISTS STG_Dim_Dates;
DROP TABLE IF EXISTS STG_Dim_Employees;
DROP TABLE IF EXISTS STG_Dim_Products;
DROP TABLE IF EXISTS STG_Dim_Time;
DROP TABLE IF EXISTS STG_Fact_Details;
DROP TABLE IF EXISTS STG_Fact_Orders;
DROP TABLE IF EXISTS STG_Fact_Product_In_Order;
DROP TABLE IF EXISTS DWH_Dim_Customers;
DROP TABLE IF EXISTS DWH_Dim_Dates;
DROP TABLE IF EXISTS DWH_Dim_Employees;
DROP TABLE IF EXISTS DWH_Dim_Products;
DROP TABLE IF EXISTS DWH_Fact_Product_In_Order;
DROP TABLE IF EXISTS DWH_Dim_Time;
DROP TABLE IF EXISTS Snapshot_Customers_Transactions_Arch;
DROP TABLE IF EXISTS DWH_Snapshot_Customers_Transactions;
DROP TABLE IF EXISTS DWH_Dim_Customers_backup;
DROP TABLE IF EXISTS DWH_Dim_Dates_backup;
DROP TABLE IF EXISTS DWH_Dim_Employees_backup;
DROP TABLE IF EXISTS DWH_Dim_Products_backup;
DROP TABLE IF EXISTS DWH_Fact_Product_In_Order_backup;
DROP TABLE IF EXISTS DWH_Dim_Time_backup;
DROP TABLE IF EXISTS DWH_Snapshot_Customers_Transactions_backup;



CREATE TABLE IF NOT EXISTS MRR_Dim_Customers(
    Customer_ID varchar(50) null,
    Company_Name varchar(50) null,
    Contact_Name varchar(50) null,
    Street varchar(50) null,
    City varchar(50) null,
    Postal_Code varchar(50) null,
    Country varchar(50) null,
    Phone varchar(50) null,
    Fax varchar(50) null
);




CREATE TABLE IF NOT EXISTS MRR_Dim_Employees(
    Employee_ID varchar(50) null,
    Last_Name varchar(50) null,
    First_Name varchar(50) null,
    Title varchar(50) null,
    Hire_Date varchar(50) null,
    Office varchar(50) null,
    Reports_To varchar(50) null,
    Month_Salary varchar(50) null
);


CREATE TABLE IF NOT EXISTS MRR_Dim_Products(
    Product_ID varchar(50) null,
    Product_Name varchar(50) null,
    Supplier varchar(50) null,
    Category varchar(50) null,
    Unit_Price varchar(50) null,
    Unit_Cost varchar(50) null
);


CREATE TABLE IF NOT EXISTS  MRR_Fact_Details(
    Order_ID varchar(50) null,
    Product_ID varchar(50) null,
    Quantity varchar(50) null
);
CREATE TABLE IF NOT EXISTS  MRR_Fact_Orders(
    Order_ID varchar(50) null,
    Order_Time varchar(50) null,
    Customer_ID varchar(50) null,
    Employee_ID varchar(50) null,
    Shipper_ID varchar(50) null
);




CREATE TABLE IF NOT EXISTS  STG_Dim_Customers(
    Customer_ID int not null,
    Company_Name varchar(50) not null,
    Contact_Name varchar(50) not null,
    Street varchar(50) not null,
    City varchar(50) not null,
    Postal_Code varchar(50) not null,
    Country varchar(50) not null,
    Phone varchar(50) not null,
    Fax varchar(50) not null,
    PRIMARY KEY (Customer_ID)
);


CREATE TABLE IF NOT EXISTS  STG_Dim_Dates(
    Date date not null,
    Year int not null,
    Quarter int not null,
    Month int not null,
    Day int not null,
    PRIMARY KEY (Date)
);




CREATE TABLE IF NOT EXISTS  STG_Dim_Employees(
    Employee_ID int not null,
    Last_Name varchar(50) not null,
    First_Name varchar(50) not null,
    Title varchar(50) not null,
    Hire_Date date not null,
    Office int not null,
    Reports_To int null,
    Month_Salary decimal(15,5) null,
    PRIMARY KEY (Employee_ID)
);


CREATE TABLE IF NOT EXISTS STG_Dim_Products(
    Product_ID int not null,
    Product_Name varchar(50) not null,
    Supplier int not null,
    Category int not null,
    Unit_Price decimal(15,5) null,
    Unit_Cost decimal(15,5) null,
    PRIMARY KEY (Product_ID)
);


CREATE TABLE IF NOT EXISTS STG_Dim_Time(
    DateTime  timestamp  not null,
    Date date not null,
    Hour time (7) not null,
    PRIMARY KEY (DateTime )
);


CREATE TABLE IF NOT EXISTS  STG_Fact_Details(
    Order_ID int not null,
    Product_ID int not null,
    Quantity int null
);
CREATE TABLE IF NOT EXISTS  STG_Fact_Orders(
    Order_ID int not null,
    Order_Time timestamp not null,
    Customer_ID int not null,
    Employee_ID int not null,
    Shipper_ID int not null
);


CREATE TABLE IF NOT EXISTS DWH_Dim_Customers(
    DW_Customer_ID serial not null,
    Customer_ID int not null,
    Company_Name varchar(50) not null,
    Contact_Name varchar(50) not null,
    Street varchar(50) not null,
    City varchar(50) not null,
    Postal_Code varchar(50) not null,
    Country varchar(50) not null,
    Phone varchar(50) not null,
    Fax varchar(50) not null,
    Valid_From date not null default current_date,
    Valid_Until date null,
    PRIMARY KEY (DW_Customer_ID)
);


CREATE TABLE IF NOT EXISTS  DWH_Dim_Dates(
    Date date not null,
    Year int not null,
    Quarter int not null,
    Month int not null,
    Day int not null,
    PRIMARY KEY (Date)
);


CREATE TABLE IF NOT EXISTS DWH_Dim_Employees(
    DW_Employee_ID serial not null,
    Employee_ID int not null,
    Last_Name varchar(50) not null,
    First_Name varchar(50) not null,
    Title varchar(50) not null,
    Hire_Date date not null,
    Office int not null,
    Reports_To int null,
    Month_Salary decimal(15,5) null,
    Valid_From date not null default current_date,
    Valid_Until date null,
    PRIMARY KEY (DW_Employee_ID)
);


CREATE TABLE IF NOT EXISTS DWH_Dim_Products(
    DW_Prdocut_ID serial not null,
    Product_ID int not null,
    Product_Name varchar(50) not null,
    Supplier int not null,
    Category int not null,
    Unit_Price decimal(15,5) null,
    Unit_Cost decimal(15,5)  null,
    Valid_From date not null default current_date,
    Valid_Until date null,
    PRIMARY KEY (DW_Prdocut_ID)
);


CREATE TABLE IF NOT EXISTS DWH_Fact_Product_In_Order(
    Order_ID int not null,
    DW_Prdocut_ID int not null,
    DW_Customer_ID int not null,
    DW_Employee_ID int not null,
    Order_Time timestamp not null,
    Quantity int null,
    Total_Price decimal(15,5) not null,
    Total_Cost decimal(15,5) not null,
    Shipper_ID int not null,
    PRIMARY KEY (Order_ID, DW_Prdocut_ID)
);


CREATE TABLE IF NOT EXISTS DWH_Dim_Time(
    DateTime  timestamp  not null,
    Date date not null,
    Hour time(7) not null,
    PRIMARY KEY (DateTime )
);
CREATE TABLE IF NOT EXISTS Snapshot_Customers_Transactions_Arch(
    Customer_ID int not null,
    StartOfMonth date not null,
    Status varchar(10) not null
);

CREATE TABLE IF NOT EXISTS DWH_Snapshot_Customers_Transactions(
    Year int not null,
    Quarter int not null,
    Month int not null,
    Country varchar(50) not null,
    City varchar(50) not null,
    Count_New_Customers int not null,
    Count_Regular int not null,
    Count_Reactivated int not null,
    Count_Abandons int not null,
    Count_Total int not null,
    PRIMARY KEY (Year, Quarter, Month, Country, City)
);

CREATE TABLE IF NOT EXISTS DWH_Dim_Customers_backup(
    DW_Customer_ID serial not null,
    Customer_ID int not null,
    Company_Name varchar(50) not null,
    Contact_Name varchar(50) not null,
    Street varchar(50) not null,
    City varchar(50) not null,
    Postal_Code varchar(50) not null,
    Country varchar(50) not null,
    Phone varchar(50) not null,
    Fax varchar(50) not null,
    Valid_From date not null default current_date,
    Valid_Until date null,
    PRIMARY KEY (DW_Customer_ID)
);


CREATE TABLE IF NOT EXISTS  DWH_Dim_Dates_backup(
    Date date not null,
    Year int not null,
    Quarter int not null,
    Month int not null,
    Day int not null,
    PRIMARY KEY (Date)
);


CREATE TABLE IF NOT EXISTS DWH_Dim_Employees_backup(
    DW_Employee_ID serial not null,
    Employee_ID int not null,
    Last_Name varchar(50) not null,
    First_Name varchar(50) not null,
    Title varchar(50) not null,
    Hire_Date date not null,
    Office int not null,
    Reports_To int null,
    Month_Salary decimal(15,5) null,
    Valid_From date not null default current_date,
    Valid_Until date null,
    PRIMARY KEY (DW_Employee_ID)
);


CREATE TABLE IF NOT EXISTS DWH_Dim_Products_backup(
    DW_Prdocut_ID serial not null,
    Product_ID int not null,
    Product_Name varchar(50) not null,
    Supplier int not null,
    Category int not null,
    Unit_Price decimal(15,5) null,
    Unit_Cost decimal(15,5)  null,
    Valid_From date not null default current_date,
    Valid_Until date null,
    PRIMARY KEY (DW_Prdocut_ID)
);


CREATE TABLE IF NOT EXISTS DWH_Fact_Product_In_Order_backup(
    Order_ID int not null,
    DW_Prdocut_ID int not null,
    DW_Customer_ID int not null,
    DW_Employee_ID int not null,
    Order_Time timestamp not null,
    Quantity int null,
    Total_Price decimal(15,5) not null,
    Total_Cost decimal(15,5) not null,
    Shipper_ID int not null,
    PRIMARY KEY (Order_ID, DW_Prdocut_ID)
);


CREATE TABLE IF NOT EXISTS DWH_Dim_Time_backup(
    timestamp  timestamp  not null,
    Date date not null,
    Hour time(7) not null,
    PRIMARY KEY (timestamp )
);


CREATE TABLE IF NOT EXISTS DWH_Snapshot_Customers_Transactions_backup(
    Year int not null,
    Quarter int not null,
    Month int not null,
    Country varchar(50) not null,
    City varchar(50) not null,
    Count_New_Customers int not null,
    Count_Regular int not null,
    Count_Reactivated int not null,
    Count_Abandons int not null,
    Count_Total int not null,
    PRIMARY KEY (Year, Quarter, Month, Country, City)
);








[2024-03-21T19:09:50.646+0000] {base.py:83} INFO - Using connection ID 'postgres_localhost' for task execution.
[2024-03-21T19:09:50.696+0000] {base.py:83} INFO - Using connection ID 'postgres_localhost' for task execution.
[2024-03-21T19:09:50.782+0000] {sql.py:457} INFO - Running statement: drop view if EXISTS snapshot_customers_transactions_month;
drop table if  EXISTS Snapshot_Customers_Transactions_Arch;

DROP TABLE IF EXISTS MRR_Dim_Customers;
DROP TABLE IF EXISTS MRR_Dim_Employees;
DROP TABLE IF EXISTS MRR_Dim_Products;
DROP TABLE IF EXISTS MRR_Fact_Details;
DROP TABLE IF EXISTS MRR_Fact_Orders;
DROP TABLE IF EXISTS STG_Dim_Customers;
DROP TABLE IF EXISTS STG_Dim_Dates;
DROP TABLE IF EXISTS STG_Dim_Employees;
DROP TABLE IF EXISTS STG_Dim_Products;
DROP TABLE IF EXISTS STG_Dim_Time;
DROP TABLE IF EXISTS STG_Fact_Details;
DROP TABLE IF EXISTS STG_Fact_Orders;
DROP TABLE IF EXISTS STG_Fact_Product_In_Order;
DROP TABLE IF EXISTS DWH_Dim_Customers;
DROP TABLE IF EXISTS DWH_Dim_Dates;
DROP TABLE IF EXISTS DWH_Dim_Employees;
DROP TABLE IF EXISTS DWH_Dim_Products;
DROP TABLE IF EXISTS DWH_Fact_Product_In_Order;
DROP TABLE IF EXISTS DWH_Dim_Time;
DROP TABLE IF EXISTS Snapshot_Customers_Transactions_Arch;
DROP TABLE IF EXISTS DWH_Snapshot_Customers_Transactions;
DROP TABLE IF EXISTS DWH_Dim_Customers_backup;
DROP TABLE IF EXISTS DWH_Dim_Dates_backup;
DROP TABLE IF EXISTS DWH_Dim_Employees_backup;
DROP TABLE IF EXISTS DWH_Dim_Products_backup;
DROP TABLE IF EXISTS DWH_Fact_Product_In_Order_backup;
DROP TABLE IF EXISTS DWH_Dim_Time_backup;
DROP TABLE IF EXISTS DWH_Snapshot_Customers_Transactions_backup;



CREATE TABLE IF NOT EXISTS MRR_Dim_Customers(
    Customer_ID varchar(50) null,
    Company_Name varchar(50) null,
    Contact_Name varchar(50) null,
    Street varchar(50) null,
    City varchar(50) null,
    Postal_Code varchar(50) null,
    Country varchar(50) null,
    Phone varchar(50) null,
    Fax varchar(50) null
);




CREATE TABLE IF NOT EXISTS MRR_Dim_Employees(
    Employee_ID varchar(50) null,
    Last_Name varchar(50) null,
    First_Name varchar(50) null,
    Title varchar(50) null,
    Hire_Date varchar(50) null,
    Office varchar(50) null,
    Reports_To varchar(50) null,
    Month_Salary varchar(50) null
);


CREATE TABLE IF NOT EXISTS MRR_Dim_Products(
    Product_ID varchar(50) null,
    Product_Name varchar(50) null,
    Supplier varchar(50) null,
    Category varchar(50) null,
    Unit_Price varchar(50) null,
    Unit_Cost varchar(50) null
);


CREATE TABLE IF NOT EXISTS  MRR_Fact_Details(
    Order_ID varchar(50) null,
    Product_ID varchar(50) null,
    Quantity varchar(50) null
);
CREATE TABLE IF NOT EXISTS  MRR_Fact_Orders(
    Order_ID varchar(50) null,
    Order_Time varchar(50) null,
    Customer_ID varchar(50) null,
    Employee_ID varchar(50) null,
    Shipper_ID varchar(50) null
);




CREATE TABLE IF NOT EXISTS  STG_Dim_Customers(
    Customer_ID int not null,
    Company_Name varchar(50) not null,
    Contact_Name varchar(50) not null,
    Street varchar(50) not null,
    City varchar(50) not null,
    Postal_Code varchar(50) not null,
    Country varchar(50) not null,
    Phone varchar(50) not null,
    Fax varchar(50) not null,
    PRIMARY KEY (Customer_ID)
);


CREATE TABLE IF NOT EXISTS  STG_Dim_Dates(
    Date date not null,
    Year int not null,
    Quarter int not null,
    Month int not null,
    Day int not null,
    PRIMARY KEY (Date)
);




CREATE TABLE IF NOT EXISTS  STG_Dim_Employees(
    Employee_ID int not null,
    Last_Name varchar(50) not null,
    First_Name varchar(50) not null,
    Title varchar(50) not null,
    Hire_Date date not null,
    Office int not null,
    Reports_To int null,
    Month_Salary decimal(15,5) null,
    PRIMARY KEY (Employee_ID)
);


CREATE TABLE IF NOT EXISTS STG_Dim_Products(
    Product_ID int not null,
    Product_Name varchar(50) not null,
    Supplier int not null,
    Category int not null,
    Unit_Price decimal(15,5) null,
    Unit_Cost decimal(15,5) null,
    PRIMARY KEY (Product_ID)
);


CREATE TABLE IF NOT EXISTS STG_Dim_Time(
    DateTime  timestamp  not null,
    Date date not null,
    Hour time (7) not null,
    PRIMARY KEY (DateTime )
);


CREATE TABLE IF NOT EXISTS  STG_Fact_Details(
    Order_ID int not null,
    Product_ID int not null,
    Quantity int null
);
CREATE TABLE IF NOT EXISTS  STG_Fact_Orders(
    Order_ID int not null,
    Order_Time timestamp not null,
    Customer_ID int not null,
    Employee_ID int not null,
    Shipper_ID int not null
);


CREATE TABLE IF NOT EXISTS DWH_Dim_Customers(
    DW_Customer_ID serial not null,
    Customer_ID int not null,
    Company_Name varchar(50) not null,
    Contact_Name varchar(50) not null,
    Street varchar(50) not null,
    City varchar(50) not null,
    Postal_Code varchar(50) not null,
    Country varchar(50) not null,
    Phone varchar(50) not null,
    Fax varchar(50) not null,
    Valid_From date not null default current_date,
    Valid_Until date null,
    PRIMARY KEY (DW_Customer_ID)
);


CREATE TABLE IF NOT EXISTS  DWH_Dim_Dates(
    Date date not null,
    Year int not null,
    Quarter int not null,
    Month int not null,
    Day int not null,
    PRIMARY KEY (Date)
);


CREATE TABLE IF NOT EXISTS DWH_Dim_Employees(
    DW_Employee_ID serial not null,
    Employee_ID int not null,
    Last_Name varchar(50) not null,
    First_Name varchar(50) not null,
    Title varchar(50) not null,
    Hire_Date date not null,
    Office int not null,
    Reports_To int null,
    Month_Salary decimal(15,5) null,
    Valid_From date not null default current_date,
    Valid_Until date null,
    PRIMARY KEY (DW_Employee_ID)
);


CREATE TABLE IF NOT EXISTS DWH_Dim_Products(
    DW_Prdocut_ID serial not null,
    Product_ID int not null,
    Product_Name varchar(50) not null,
    Supplier int not null,
    Category int not null,
    Unit_Price decimal(15,5) null,
    Unit_Cost decimal(15,5)  null,
    Valid_From date not null default current_date,
    Valid_Until date null,
    PRIMARY KEY (DW_Prdocut_ID)
);


CREATE TABLE IF NOT EXISTS DWH_Fact_Product_In_Order(
    Order_ID int not null,
    DW_Prdocut_ID int not null,
    DW_Customer_ID int not null,
    DW_Employee_ID int not null,
    Order_Time timestamp not null,
    Quantity int null,
    Total_Price decimal(15,5) not null,
    Total_Cost decimal(15,5) not null,
    Shipper_ID int not null,
    PRIMARY KEY (Order_ID, DW_Prdocut_ID)
);


CREATE TABLE IF NOT EXISTS DWH_Dim_Time(
    DateTime  timestamp  not null,
    Date date not null,
    Hour time(7) not null,
    PRIMARY KEY (DateTime )
);
CREATE TABLE IF NOT EXISTS Snapshot_Customers_Transactions_Arch(
    Customer_ID int not null,
    StartOfMonth date not null,
    Status varchar(10) not null
);

CREATE TABLE IF NOT EXISTS DWH_Snapshot_Customers_Transactions(
    Year int not null,
    Quarter int not null,
    Month int not null,
    Country varchar(50) not null,
    City varchar(50) not null,
    Count_New_Customers int not null,
    Count_Regular int not null,
    Count_Reactivated int not null,
    Count_Abandons int not null,
    Count_Total int not null,
    PRIMARY KEY (Year, Quarter, Month, Country, City)
);

CREATE TABLE IF NOT EXISTS DWH_Dim_Customers_backup(
    DW_Customer_ID serial not null,
    Customer_ID int not null,
    Company_Name varchar(50) not null,
    Contact_Name varchar(50) not null,
    Street varchar(50) not null,
    City varchar(50) not null,
    Postal_Code varchar(50) not null,
    Country varchar(50) not null,
    Phone varchar(50) not null,
    Fax varchar(50) not null,
    Valid_From date not null default current_date,
    Valid_Until date null,
    PRIMARY KEY (DW_Customer_ID)
);


CREATE TABLE IF NOT EXISTS  DWH_Dim_Dates_backup(
    Date date not null,
    Year int not null,
    Quarter int not null,
    Month int not null,
    Day int not null,
    PRIMARY KEY (Date)
);


CREATE TABLE IF NOT EXISTS DWH_Dim_Employees_backup(
    DW_Employee_ID serial not null,
    Employee_ID int not null,
    Last_Name varchar(50) not null,
    First_Name varchar(50) not null,
    Title varchar(50) not null,
    Hire_Date date not null,
    Office int not null,
    Reports_To int null,
    Month_Salary decimal(15,5) null,
    Valid_From date not null default current_date,
    Valid_Until date null,
    PRIMARY KEY (DW_Employee_ID)
);


CREATE TABLE IF NOT EXISTS DWH_Dim_Products_backup(
    DW_Prdocut_ID serial not null,
    Product_ID int not null,
    Product_Name varchar(50) not null,
    Supplier int not null,
    Category int not null,
    Unit_Price decimal(15,5) null,
    Unit_Cost decimal(15,5)  null,
    Valid_From date not null default current_date,
    Valid_Until date null,
    PRIMARY KEY (DW_Prdocut_ID)
);


CREATE TABLE IF NOT EXISTS DWH_Fact_Product_In_Order_backup(
    Order_ID int not null,
    DW_Prdocut_ID int not null,
    DW_Customer_ID int not null,
    DW_Employee_ID int not null,
    Order_Time timestamp not null,
    Quantity int null,
    Total_Price decimal(15,5) not null,
    Total_Cost decimal(15,5) not null,
    Shipper_ID int not null,
    PRIMARY KEY (Order_ID, DW_Prdocut_ID)
);


CREATE TABLE IF NOT EXISTS DWH_Dim_Time_backup(
    timestamp  timestamp  not null,
    Date date not null,
    Hour time(7) not null,
    PRIMARY KEY (timestamp )
);


CREATE TABLE IF NOT EXISTS DWH_Snapshot_Customers_Transactions_backup(
    Year int not null,
    Quarter int not null,
    Month int not null,
    Country varchar(50) not null,
    City varchar(50) not null,
    Count_New_Customers int not null,
    Count_Regular int not null,
    Count_Reactivated int not null,
    Count_Abandons int not null,
    Count_Total int not null,
    PRIMARY KEY (Year, Quarter, Month, Country, City)
);







, parameters: None
[2024-03-21T19:10:03.903+0000] {job.py:213} ERROR - Job heartbeat got an exception
Traceback (most recent call last):
  File "/home/airflow/.local/lib/python3.8/site-packages/sqlalchemy/engine/base.py", line 3371, in _wrap_pool_connect
    return fn()
  File "/home/airflow/.local/lib/python3.8/site-packages/sqlalchemy/pool/base.py", line 327, in connect
    return _ConnectionFairy._checkout(self)
  File "/home/airflow/.local/lib/python3.8/site-packages/sqlalchemy/pool/base.py", line 894, in _checkout
    fairy = _ConnectionRecord.checkout(pool)
  File "/home/airflow/.local/lib/python3.8/site-packages/sqlalchemy/pool/base.py", line 493, in checkout
    rec = pool._do_get()
  File "/home/airflow/.local/lib/python3.8/site-packages/sqlalchemy/pool/impl.py", line 256, in _do_get
    return self._create_connection()
  File "/home/airflow/.local/lib/python3.8/site-packages/sqlalchemy/pool/base.py", line 273, in _create_connection
    return _ConnectionRecord(self)
  File "/home/airflow/.local/lib/python3.8/site-packages/sqlalchemy/pool/base.py", line 388, in __init__
    self.__connect()
  File "/home/airflow/.local/lib/python3.8/site-packages/sqlalchemy/pool/base.py", line 691, in __connect
    pool.logger.debug("Error on connect(): %s", e)
  File "/home/airflow/.local/lib/python3.8/site-packages/sqlalchemy/util/langhelpers.py", line 70, in __exit__
    compat.raise_(
  File "/home/airflow/.local/lib/python3.8/site-packages/sqlalchemy/util/compat.py", line 211, in raise_
    raise exception
  File "/home/airflow/.local/lib/python3.8/site-packages/sqlalchemy/pool/base.py", line 686, in __connect
    self.dbapi_connection = connection = pool._invoke_creator(self)
  File "/home/airflow/.local/lib/python3.8/site-packages/sqlalchemy/engine/create.py", line 574, in connect
    return dialect.connect(*cargs, **cparams)
  File "/home/airflow/.local/lib/python3.8/site-packages/sqlalchemy/engine/default.py", line 598, in connect
    return self.dbapi.connect(*cargs, **cparams)
  File "/home/airflow/.local/lib/python3.8/site-packages/psycopg2/__init__.py", line 122, in connect
    conn = _connect(dsn, connection_factory=connection_factory, **kwasync)
psycopg2.OperationalError: could not translate host name "postgres" to address: Temporary failure in name resolution


The above exception was the direct cause of the following exception:

Traceback (most recent call last):
  File "/home/airflow/.local/lib/python3.8/site-packages/airflow/jobs/job.py", line 187, in heartbeat
    self._merge_from(Job._fetch_from_db(self, session))
  File "/home/airflow/.local/lib/python3.8/site-packages/airflow/api_internal/internal_api_call.py", line 114, in wrapper
    return func(*args, **kwargs)
  File "/home/airflow/.local/lib/python3.8/site-packages/airflow/utils/session.py", line 76, in wrapper
    return func(*args, **kwargs)
  File "/home/airflow/.local/lib/python3.8/site-packages/airflow/jobs/job.py", line 308, in _fetch_from_db
    session.merge(job)
  File "/home/airflow/.local/lib/python3.8/site-packages/sqlalchemy/orm/session.py", line 3056, in merge
    return self._merge(
  File "/home/airflow/.local/lib/python3.8/site-packages/sqlalchemy/orm/session.py", line 3136, in _merge
    merged = self.get(
  File "/home/airflow/.local/lib/python3.8/site-packages/sqlalchemy/orm/session.py", line 2853, in get
    return self._get_impl(
  File "/home/airflow/.local/lib/python3.8/site-packages/sqlalchemy/orm/session.py", line 2975, in _get_impl
    return db_load_fn(
  File "/home/airflow/.local/lib/python3.8/site-packages/sqlalchemy/orm/loading.py", line 530, in load_on_pk_identity
    session.execute(
  File "/home/airflow/.local/lib/python3.8/site-packages/sqlalchemy/orm/session.py", line 1716, in execute
    conn = self._connection_for_bind(bind)
  File "/home/airflow/.local/lib/python3.8/site-packages/sqlalchemy/orm/session.py", line 1555, in _connection_for_bind
    return self._transaction._connection_for_bind(
  File "/home/airflow/.local/lib/python3.8/site-packages/sqlalchemy/orm/session.py", line 750, in _connection_for_bind
    conn = bind.connect()
  File "/home/airflow/.local/lib/python3.8/site-packages/sqlalchemy/future/engine.py", line 412, in connect
    return super(Engine, self).connect()
  File "/home/airflow/.local/lib/python3.8/site-packages/sqlalchemy/engine/base.py", line 3325, in connect
    return self._connection_cls(self, close_with_result=close_with_result)
  File "/home/airflow/.local/lib/python3.8/site-packages/sqlalchemy/engine/base.py", line 96, in __init__
    else engine.raw_connection()
  File "/home/airflow/.local/lib/python3.8/site-packages/sqlalchemy/engine/base.py", line 3404, in raw_connection
    return self._wrap_pool_connect(self.pool.connect, _connection)
  File "/home/airflow/.local/lib/python3.8/site-packages/sqlalchemy/engine/base.py", line 3374, in _wrap_pool_connect
    Connection._handle_dbapi_exception_noconnection(
  File "/home/airflow/.local/lib/python3.8/site-packages/sqlalchemy/engine/base.py", line 2208, in _handle_dbapi_exception_noconnection
    util.raise_(
  File "/home/airflow/.local/lib/python3.8/site-packages/sqlalchemy/util/compat.py", line 211, in raise_
    raise exception
  File "/home/airflow/.local/lib/python3.8/site-packages/sqlalchemy/engine/base.py", line 3371, in _wrap_pool_connect
    return fn()
  File "/home/airflow/.local/lib/python3.8/site-packages/sqlalchemy/pool/base.py", line 327, in connect
    return _ConnectionFairy._checkout(self)
  File "/home/airflow/.local/lib/python3.8/site-packages/sqlalchemy/pool/base.py", line 894, in _checkout
    fairy = _ConnectionRecord.checkout(pool)
  File "/home/airflow/.local/lib/python3.8/site-packages/sqlalchemy/pool/base.py", line 493, in checkout
    rec = pool._do_get()
  File "/home/airflow/.local/lib/python3.8/site-packages/sqlalchemy/pool/impl.py", line 256, in _do_get
    return self._create_connection()
  File "/home/airflow/.local/lib/python3.8/site-packages/sqlalchemy/pool/base.py", line 273, in _create_connection
    return _ConnectionRecord(self)
  File "/home/airflow/.local/lib/python3.8/site-packages/sqlalchemy/pool/base.py", line 388, in __init__
    self.__connect()
  File "/home/airflow/.local/lib/python3.8/site-packages/sqlalchemy/pool/base.py", line 691, in __connect
    pool.logger.debug("Error on connect(): %s", e)
  File "/home/airflow/.local/lib/python3.8/site-packages/sqlalchemy/util/langhelpers.py", line 70, in __exit__
    compat.raise_(
  File "/home/airflow/.local/lib/python3.8/site-packages/sqlalchemy/util/compat.py", line 211, in raise_
    raise exception
  File "/home/airflow/.local/lib/python3.8/site-packages/sqlalchemy/pool/base.py", line 686, in __connect
    self.dbapi_connection = connection = pool._invoke_creator(self)
  File "/home/airflow/.local/lib/python3.8/site-packages/sqlalchemy/engine/create.py", line 574, in connect
    return dialect.connect(*cargs, **cparams)
  File "/home/airflow/.local/lib/python3.8/site-packages/sqlalchemy/engine/default.py", line 598, in connect
    return self.dbapi.connect(*cargs, **cparams)
  File "/home/airflow/.local/lib/python3.8/site-packages/psycopg2/__init__.py", line 122, in connect
    conn = _connect(dsn, connection_factory=connection_factory, **kwasync)
sqlalchemy.exc.OperationalError: (psycopg2.OperationalError) could not translate host name "postgres" to address: Temporary failure in name resolution

(Background on this error at: https://sqlalche.me/e/14/e3q8)
[2024-03-21T19:10:03.945+0000] {job.py:221} ERROR - Job heartbeat failed with error. Scheduler is in unhealthy state
[2024-03-21T19:10:07.032+0000] {warnings.py:109} WARNING - /home/***/.local/lib/python3.8/site-packages/***/providers/common/sql/hooks/sql.py:407: AirflowProviderDeprecationWarning: Call to deprecated method _make_common_data_structure. (The `_make_serializable` method is deprecated and support will be removed in a future version of the common.sql provider. Please update the DbApiHook's provider to a version based on common.sql >= 1.9.1.)
  result = self._make_common_data_structure(handler(cur))

[2024-03-21T19:10:07.116+0000] {taskinstance.py:1149} INFO - Marking task as SUCCESS. dag_id=ETL_Flow, task_id=create_tables, execution_date=20240315T204100, start_date=20240321T190948, end_date=20240321T191007
[2024-03-21T19:10:07.804+0000] {local_task_job_runner.py:234} INFO - Task exited with return code 0
[2024-03-21T19:10:07.911+0000] {warnings.py:109} WARNING - /home/***/.local/lib/python3.8/site-packages/***/models/baseoperator.py:1201: AirflowProviderDeprecationWarning: Call to deprecated class PostgresOperator. (Please use `***.providers.common.sql.operators.sql.SQLExecuteQueryOperator`.Also, you can provide `hook_params={'schema': <database>}`.)
  result = cls.__new__(cls)

[2024-03-21T19:10:08.111+0000] {taskinstance.py:3309} INFO - 1 downstream tasks scheduled from follow-on schedule check
