[2024-03-12T18:20:42.793+0000] {taskinstance.py:1979} INFO - Dependencies all met for dep_context=non-requeueable deps ti=<TaskInstance: ETL_Flow.fact_stg2dwh manual__2024-03-12T18:08:05.335366+00:00 [queued]>
[2024-03-12T18:20:42.823+0000] {taskinstance.py:1979} INFO - Dependencies all met for dep_context=requeueable deps ti=<TaskInstance: ETL_Flow.fact_stg2dwh manual__2024-03-12T18:08:05.335366+00:00 [queued]>
[2024-03-12T18:20:42.826+0000] {taskinstance.py:2193} INFO - Starting attempt 3 of 6
[2024-03-12T18:20:42.888+0000] {taskinstance.py:2214} INFO - Executing <Task(PostgresOperator): fact_stg2dwh> on 2024-03-12 18:08:05.335366+00:00
[2024-03-12T18:20:42.912+0000] {standard_task_runner.py:60} INFO - Started process 102 to run task
[2024-03-12T18:20:42.929+0000] {standard_task_runner.py:87} INFO - Running: ['***', 'tasks', 'run', 'ETL_Flow', 'fact_stg2dwh', 'manual__2024-03-12T18:08:05.335366+00:00', '--job-id', '983', '--raw', '--subdir', 'DAGS_FOLDER/etl2.py', '--cfg-path', '/tmp/tmpo7buxb70']
[2024-03-12T18:20:42.938+0000] {standard_task_runner.py:88} INFO - Job 983: Subtask fact_stg2dwh
[2024-03-12T18:20:43.065+0000] {task_command.py:423} INFO - Running <TaskInstance: ETL_Flow.fact_stg2dwh manual__2024-03-12T18:08:05.335366+00:00 [running]> on host f325c35ec09e
[2024-03-12T18:20:45.050+0000] {taskinstance.py:2510} INFO - Exporting env vars: AIRFLOW_CTX_DAG_OWNER='coder2j' AIRFLOW_CTX_DAG_ID='ETL_Flow' AIRFLOW_CTX_TASK_ID='fact_stg2dwh' AIRFLOW_CTX_EXECUTION_DATE='2024-03-12T18:08:05.335366+00:00' AIRFLOW_CTX_TRY_NUMBER='3' AIRFLOW_CTX_DAG_RUN_ID='manual__2024-03-12T18:08:05.335366+00:00'
[2024-03-12T18:20:45.061+0000] {sql.py:276} INFO - Executing: insert into DWH_Fact_Product_In_Order
select * from
STG_Fact_Product_In_Order;
[2024-03-12T18:20:45.089+0000] {base.py:83} INFO - Using connection ID 'postgres_localhost' for task execution.
[2024-03-12T18:20:45.118+0000] {base.py:83} INFO - Using connection ID 'postgres_localhost' for task execution.
[2024-03-12T18:20:45.307+0000] {sql.py:457} INFO - Running statement: insert into DWH_Fact_Product_In_Order
select * from
STG_Fact_Product_In_Order;, parameters: None
[2024-03-12T18:20:45.405+0000] {taskinstance.py:2728} ERROR - Task failed with exception
Traceback (most recent call last):
  File "/home/airflow/.local/lib/python3.8/site-packages/airflow/models/taskinstance.py", line 444, in _execute_task
    result = _execute_callable(context=context, **execute_callable_kwargs)
  File "/home/airflow/.local/lib/python3.8/site-packages/airflow/models/taskinstance.py", line 414, in _execute_callable
    return execute_callable(context=context, **execute_callable_kwargs)
  File "/home/airflow/.local/lib/python3.8/site-packages/airflow/providers/common/sql/operators/sql.py", line 282, in execute
    output = hook.run(
  File "/home/airflow/.local/lib/python3.8/site-packages/airflow/providers/common/sql/hooks/sql.py", line 404, in run
    self._run_command(cur, sql_statement, parameters)
  File "/home/airflow/.local/lib/python3.8/site-packages/airflow/providers/common/sql/hooks/sql.py", line 462, in _run_command
    cur.execute(sql_statement)
psycopg2.errors.UndefinedTable: relation "dwh_fact_product_in_order" does not exist
LINE 1: insert into DWH_Fact_Product_In_Order
                    ^

[2024-03-12T18:20:45.524+0000] {taskinstance.py:1149} INFO - Marking task as UP_FOR_RETRY. dag_id=ETL_Flow, task_id=fact_stg2dwh, execution_date=20240312T180805, start_date=20240312T182042, end_date=20240312T182045
[2024-03-12T18:20:45.606+0000] {standard_task_runner.py:107} ERROR - Failed to execute job 983 for task fact_stg2dwh (relation "dwh_fact_product_in_order" does not exist
LINE 1: insert into DWH_Fact_Product_In_Order
                    ^
; 102)
[2024-03-12T18:20:45.708+0000] {local_task_job_runner.py:234} INFO - Task exited with return code 1
[2024-03-12T18:20:45.905+0000] {taskinstance.py:3309} INFO - 0 downstream tasks scheduled from follow-on schedule check
