[2024-04-25T14:29:14.971+0000] {taskinstance.py:1979} INFO - Dependencies all met for dep_context=non-requeueable deps ti=<TaskInstance: ETL_Flow.insert_data_from_files scheduled__2024-04-05T21:11:00+00:00 [queued]>
[2024-04-25T14:29:15.047+0000] {taskinstance.py:1979} INFO - Dependencies all met for dep_context=requeueable deps ti=<TaskInstance: ETL_Flow.insert_data_from_files scheduled__2024-04-05T21:11:00+00:00 [queued]>
[2024-04-25T14:29:15.049+0000] {taskinstance.py:2193} INFO - Starting attempt 1 of 6
[2024-04-25T14:29:15.216+0000] {taskinstance.py:2214} INFO - Executing <Task(PythonOperator): insert_data_from_files> on 2024-04-05 21:11:00+00:00
[2024-04-25T14:29:15.250+0000] {standard_task_runner.py:60} INFO - Started process 154 to run task
[2024-04-25T14:29:15.262+0000] {standard_task_runner.py:87} INFO - Running: ['***', 'tasks', 'run', 'ETL_Flow', 'insert_data_from_files', 'scheduled__2024-04-05T21:11:00+00:00', '--job-id', '2523', '--raw', '--subdir', 'DAGS_FOLDER/ETL.py', '--cfg-path', '/tmp/tmp6eggf1tr']
[2024-04-25T14:29:15.282+0000] {standard_task_runner.py:88} INFO - Job 2523: Subtask insert_data_from_files
[2024-04-25T14:29:15.634+0000] {task_command.py:423} INFO - Running <TaskInstance: ETL_Flow.insert_data_from_files scheduled__2024-04-05T21:11:00+00:00 [running]> on host d838c4eb4dcc
[2024-04-25T14:29:17.575+0000] {taskinstance.py:2510} INFO - Exporting env vars: AIRFLOW_CTX_DAG_OWNER='coder2j' AIRFLOW_CTX_DAG_ID='ETL_Flow' AIRFLOW_CTX_TASK_ID='insert_data_from_files' AIRFLOW_CTX_EXECUTION_DATE='2024-04-05T21:11:00+00:00' AIRFLOW_CTX_TRY_NUMBER='1' AIRFLOW_CTX_DAG_RUN_ID='scheduled__2024-04-05T21:11:00+00:00'
[2024-04-25T14:29:20.538+0000] {base.py:83} INFO - Using connection ID 'postgres_localhost' for task execution.
[2024-04-25T14:29:21.788+0000] {sql.py:572} INFO - Done loading. Loaded a total of 90 rows into MRR_Dim_Customers
[2024-04-25T14:29:22.238+0000] {base.py:83} INFO - Using connection ID 'postgres_localhost' for task execution.
[2024-04-25T14:29:22.717+0000] {sql.py:572} INFO - Done loading. Loaded a total of 47 rows into MRR_Dim_Employees
[2024-04-25T14:29:22.915+0000] {base.py:83} INFO - Using connection ID 'postgres_localhost' for task execution.
[2024-04-25T14:29:23.532+0000] {sql.py:572} INFO - Done loading. Loaded a total of 77 rows into MRR_Dim_Products
[2024-04-25T14:29:24.435+0000] {base.py:83} INFO - Using connection ID 'postgres_localhost' for task execution.
[2024-04-25T14:29:31.653+0000] {sql.py:572} INFO - Done loading. Loaded a total of 836 rows into MRR_Fact_Orders
[2024-04-25T14:29:33.129+0000] {base.py:83} INFO - Using connection ID 'postgres_localhost' for task execution.
[2024-04-25T14:29:40.487+0000] {sql.py:568} INFO - Loaded 1000 rows into MRR_Fact_Details so far
[2024-04-25T14:29:46.150+0000] {sql.py:568} INFO - Loaded 2000 rows into MRR_Fact_Details so far
[2024-04-25T14:29:47.276+0000] {sql.py:572} INFO - Done loading. Loaded a total of 2172 rows into MRR_Fact_Details
[2024-04-25T14:29:47.280+0000] {python.py:202} INFO - Done. Returned value was: None
[2024-04-25T14:29:47.330+0000] {taskinstance.py:1149} INFO - Marking task as SUCCESS. dag_id=ETL_Flow, task_id=insert_data_from_files, execution_date=20240405T211100, start_date=20240425T142914, end_date=20240425T142947
[2024-04-25T14:29:47.503+0000] {local_task_job_runner.py:234} INFO - Task exited with return code 0
[2024-04-25T14:29:47.543+0000] {warnings.py:109} WARNING - /home/***/.local/lib/python3.8/site-packages/***/models/baseoperator.py:1201: AirflowProviderDeprecationWarning: Call to deprecated class PostgresOperator. (Please use `***.providers.common.sql.operators.sql.SQLExecuteQueryOperator`.Also, you can provide `hook_params={'schema': <database>}`.)
  result = cls.__new__(cls)

[2024-04-25T14:29:48.646+0000] {taskinstance.py:3309} INFO - 1 downstream tasks scheduled from follow-on schedule check
