[2024-03-09T07:06:12.541+0000] {processor.py:161} INFO - Started process (PID=54) to work on /home/airflow/.local/lib/python3.8/site-packages/airflow/example_dags/example_kubernetes_executor.py
[2024-03-09T07:06:12.563+0000] {processor.py:830} INFO - Processing file /home/airflow/.local/lib/python3.8/site-packages/airflow/example_dags/example_kubernetes_executor.py for tasks to queue
[2024-03-09T07:06:12.690+0000] {logging_mixin.py:188} INFO - [2024-03-09T07:06:12.678+0000] {dagbag.py:540} INFO - Filling up the DagBag from /home/airflow/.local/lib/python3.8/site-packages/airflow/example_dags/example_kubernetes_executor.py
[2024-03-09T07:06:13.305+0000] {processor.py:840} INFO - DAG(s) 'example_kubernetes_executor' retrieved from /home/airflow/.local/lib/python3.8/site-packages/airflow/example_dags/example_kubernetes_executor.py
[2024-03-09T07:06:16.086+0000] {logging_mixin.py:188} INFO - [2024-03-09T07:06:16.086+0000] {dag.py:3047} INFO - Sync 1 DAGs
[2024-03-09T07:06:16.294+0000] {logging_mixin.py:188} INFO - [2024-03-09T07:06:16.294+0000] {dag.py:3834} INFO - Setting next_dagrun for example_kubernetes_executor to None, run_after=None
[2024-03-09T07:06:17.061+0000] {processor.py:183} INFO - Processing /home/airflow/.local/lib/python3.8/site-packages/airflow/example_dags/example_kubernetes_executor.py took 4.703 seconds
[2024-03-09T07:07:22.358+0000] {processor.py:161} INFO - Started process (PID=116) to work on /home/airflow/.local/lib/python3.8/site-packages/airflow/example_dags/example_kubernetes_executor.py
[2024-03-09T07:07:22.362+0000] {processor.py:830} INFO - Processing file /home/airflow/.local/lib/python3.8/site-packages/airflow/example_dags/example_kubernetes_executor.py for tasks to queue
[2024-03-09T07:07:22.367+0000] {logging_mixin.py:188} INFO - [2024-03-09T07:07:22.366+0000] {dagbag.py:540} INFO - Filling up the DagBag from /home/airflow/.local/lib/python3.8/site-packages/airflow/example_dags/example_kubernetes_executor.py
[2024-03-09T07:07:22.410+0000] {processor.py:840} INFO - DAG(s) 'example_kubernetes_executor' retrieved from /home/airflow/.local/lib/python3.8/site-packages/airflow/example_dags/example_kubernetes_executor.py
[2024-03-09T07:07:22.533+0000] {logging_mixin.py:188} INFO - [2024-03-09T07:07:22.533+0000] {dag.py:3047} INFO - Sync 1 DAGs
[2024-03-09T07:07:22.567+0000] {logging_mixin.py:188} INFO - [2024-03-09T07:07:22.566+0000] {dag.py:3834} INFO - Setting next_dagrun for example_kubernetes_executor to None, run_after=None
[2024-03-09T07:07:22.623+0000] {processor.py:183} INFO - Processing /home/airflow/.local/lib/python3.8/site-packages/airflow/example_dags/example_kubernetes_executor.py took 0.275 seconds
[2024-03-09T07:07:52.965+0000] {processor.py:161} INFO - Started process (PID=169) to work on /home/airflow/.local/lib/python3.8/site-packages/airflow/example_dags/example_kubernetes_executor.py
[2024-03-09T07:07:52.969+0000] {processor.py:830} INFO - Processing file /home/airflow/.local/lib/python3.8/site-packages/airflow/example_dags/example_kubernetes_executor.py for tasks to queue
[2024-03-09T07:07:52.973+0000] {logging_mixin.py:188} INFO - [2024-03-09T07:07:52.972+0000] {dagbag.py:540} INFO - Filling up the DagBag from /home/airflow/.local/lib/python3.8/site-packages/airflow/example_dags/example_kubernetes_executor.py
[2024-03-09T07:07:53.012+0000] {processor.py:840} INFO - DAG(s) 'example_kubernetes_executor' retrieved from /home/airflow/.local/lib/python3.8/site-packages/airflow/example_dags/example_kubernetes_executor.py
[2024-03-09T07:07:53.112+0000] {logging_mixin.py:188} INFO - [2024-03-09T07:07:53.111+0000] {dag.py:3047} INFO - Sync 1 DAGs
[2024-03-09T07:07:53.152+0000] {logging_mixin.py:188} INFO - [2024-03-09T07:07:53.151+0000] {dag.py:3834} INFO - Setting next_dagrun for example_kubernetes_executor to None, run_after=None
[2024-03-09T07:07:53.215+0000] {processor.py:183} INFO - Processing /home/airflow/.local/lib/python3.8/site-packages/airflow/example_dags/example_kubernetes_executor.py took 0.259 seconds
[2024-03-09T07:08:23.527+0000] {processor.py:161} INFO - Started process (PID=224) to work on /home/airflow/.local/lib/python3.8/site-packages/airflow/example_dags/example_kubernetes_executor.py
[2024-03-09T07:08:23.531+0000] {processor.py:830} INFO - Processing file /home/airflow/.local/lib/python3.8/site-packages/airflow/example_dags/example_kubernetes_executor.py for tasks to queue
[2024-03-09T07:08:23.536+0000] {logging_mixin.py:188} INFO - [2024-03-09T07:08:23.535+0000] {dagbag.py:540} INFO - Filling up the DagBag from /home/airflow/.local/lib/python3.8/site-packages/airflow/example_dags/example_kubernetes_executor.py
[2024-03-09T07:08:23.583+0000] {processor.py:840} INFO - DAG(s) 'example_kubernetes_executor' retrieved from /home/airflow/.local/lib/python3.8/site-packages/airflow/example_dags/example_kubernetes_executor.py
[2024-03-09T07:08:23.699+0000] {logging_mixin.py:188} INFO - [2024-03-09T07:08:23.698+0000] {dag.py:3047} INFO - Sync 1 DAGs
[2024-03-09T07:08:23.744+0000] {logging_mixin.py:188} INFO - [2024-03-09T07:08:23.744+0000] {dag.py:3834} INFO - Setting next_dagrun for example_kubernetes_executor to None, run_after=None
[2024-03-09T07:08:23.806+0000] {processor.py:183} INFO - Processing /home/airflow/.local/lib/python3.8/site-packages/airflow/example_dags/example_kubernetes_executor.py took 0.292 seconds
[2024-03-09T07:08:54.408+0000] {processor.py:161} INFO - Started process (PID=279) to work on /home/airflow/.local/lib/python3.8/site-packages/airflow/example_dags/example_kubernetes_executor.py
[2024-03-09T07:08:54.411+0000] {processor.py:830} INFO - Processing file /home/airflow/.local/lib/python3.8/site-packages/airflow/example_dags/example_kubernetes_executor.py for tasks to queue
[2024-03-09T07:08:54.417+0000] {logging_mixin.py:188} INFO - [2024-03-09T07:08:54.416+0000] {dagbag.py:540} INFO - Filling up the DagBag from /home/airflow/.local/lib/python3.8/site-packages/airflow/example_dags/example_kubernetes_executor.py
[2024-03-09T07:08:54.543+0000] {processor.py:840} INFO - DAG(s) 'example_kubernetes_executor' retrieved from /home/airflow/.local/lib/python3.8/site-packages/airflow/example_dags/example_kubernetes_executor.py
[2024-03-09T07:08:54.899+0000] {logging_mixin.py:188} INFO - [2024-03-09T07:08:54.899+0000] {dag.py:3047} INFO - Sync 1 DAGs
[2024-03-09T07:08:54.946+0000] {logging_mixin.py:188} INFO - [2024-03-09T07:08:54.945+0000] {dag.py:3834} INFO - Setting next_dagrun for example_kubernetes_executor to None, run_after=None
[2024-03-09T07:08:55.024+0000] {processor.py:183} INFO - Processing /home/airflow/.local/lib/python3.8/site-packages/airflow/example_dags/example_kubernetes_executor.py took 0.627 seconds
[2024-03-09T07:09:25.333+0000] {processor.py:161} INFO - Started process (PID=334) to work on /home/airflow/.local/lib/python3.8/site-packages/airflow/example_dags/example_kubernetes_executor.py
[2024-03-09T07:09:25.340+0000] {processor.py:830} INFO - Processing file /home/airflow/.local/lib/python3.8/site-packages/airflow/example_dags/example_kubernetes_executor.py for tasks to queue
[2024-03-09T07:09:25.352+0000] {logging_mixin.py:188} INFO - [2024-03-09T07:09:25.350+0000] {dagbag.py:540} INFO - Filling up the DagBag from /home/airflow/.local/lib/python3.8/site-packages/airflow/example_dags/example_kubernetes_executor.py
[2024-03-09T07:09:25.471+0000] {processor.py:840} INFO - DAG(s) 'example_kubernetes_executor' retrieved from /home/airflow/.local/lib/python3.8/site-packages/airflow/example_dags/example_kubernetes_executor.py
[2024-03-09T07:09:25.681+0000] {logging_mixin.py:188} INFO - [2024-03-09T07:09:25.679+0000] {dag.py:3047} INFO - Sync 1 DAGs
[2024-03-09T07:09:25.735+0000] {logging_mixin.py:188} INFO - [2024-03-09T07:09:25.734+0000] {dag.py:3834} INFO - Setting next_dagrun for example_kubernetes_executor to None, run_after=None
[2024-03-09T07:09:25.806+0000] {processor.py:183} INFO - Processing /home/airflow/.local/lib/python3.8/site-packages/airflow/example_dags/example_kubernetes_executor.py took 0.493 seconds
[2024-03-09T07:09:55.988+0000] {processor.py:161} INFO - Started process (PID=389) to work on /home/airflow/.local/lib/python3.8/site-packages/airflow/example_dags/example_kubernetes_executor.py
[2024-03-09T07:09:55.991+0000] {processor.py:830} INFO - Processing file /home/airflow/.local/lib/python3.8/site-packages/airflow/example_dags/example_kubernetes_executor.py for tasks to queue
[2024-03-09T07:09:55.996+0000] {logging_mixin.py:188} INFO - [2024-03-09T07:09:55.996+0000] {dagbag.py:540} INFO - Filling up the DagBag from /home/airflow/.local/lib/python3.8/site-packages/airflow/example_dags/example_kubernetes_executor.py
[2024-03-09T07:09:56.059+0000] {processor.py:840} INFO - DAG(s) 'example_kubernetes_executor' retrieved from /home/airflow/.local/lib/python3.8/site-packages/airflow/example_dags/example_kubernetes_executor.py
[2024-03-09T07:09:56.207+0000] {logging_mixin.py:188} INFO - [2024-03-09T07:09:56.206+0000] {dag.py:3047} INFO - Sync 1 DAGs
[2024-03-09T07:09:56.241+0000] {logging_mixin.py:188} INFO - [2024-03-09T07:09:56.240+0000] {dag.py:3834} INFO - Setting next_dagrun for example_kubernetes_executor to None, run_after=None
[2024-03-09T07:09:56.294+0000] {processor.py:183} INFO - Processing /home/airflow/.local/lib/python3.8/site-packages/airflow/example_dags/example_kubernetes_executor.py took 0.315 seconds
[2024-03-09T07:10:26.429+0000] {processor.py:161} INFO - Started process (PID=443) to work on /home/airflow/.local/lib/python3.8/site-packages/airflow/example_dags/example_kubernetes_executor.py
[2024-03-09T07:10:26.437+0000] {processor.py:830} INFO - Processing file /home/airflow/.local/lib/python3.8/site-packages/airflow/example_dags/example_kubernetes_executor.py for tasks to queue
[2024-03-09T07:10:26.447+0000] {logging_mixin.py:188} INFO - [2024-03-09T07:10:26.445+0000] {dagbag.py:540} INFO - Filling up the DagBag from /home/airflow/.local/lib/python3.8/site-packages/airflow/example_dags/example_kubernetes_executor.py
[2024-03-09T07:10:26.541+0000] {processor.py:840} INFO - DAG(s) 'example_kubernetes_executor' retrieved from /home/airflow/.local/lib/python3.8/site-packages/airflow/example_dags/example_kubernetes_executor.py
[2024-03-09T07:10:26.799+0000] {logging_mixin.py:188} INFO - [2024-03-09T07:10:26.798+0000] {dag.py:3047} INFO - Sync 1 DAGs
[2024-03-09T07:10:26.884+0000] {logging_mixin.py:188} INFO - [2024-03-09T07:10:26.883+0000] {dag.py:3834} INFO - Setting next_dagrun for example_kubernetes_executor to None, run_after=None
[2024-03-09T07:10:27.046+0000] {processor.py:183} INFO - Processing /home/airflow/.local/lib/python3.8/site-packages/airflow/example_dags/example_kubernetes_executor.py took 0.635 seconds
[2024-03-09T07:10:57.504+0000] {processor.py:161} INFO - Started process (PID=498) to work on /home/airflow/.local/lib/python3.8/site-packages/airflow/example_dags/example_kubernetes_executor.py
[2024-03-09T07:10:57.509+0000] {processor.py:830} INFO - Processing file /home/airflow/.local/lib/python3.8/site-packages/airflow/example_dags/example_kubernetes_executor.py for tasks to queue
[2024-03-09T07:10:57.519+0000] {logging_mixin.py:188} INFO - [2024-03-09T07:10:57.517+0000] {dagbag.py:540} INFO - Filling up the DagBag from /home/airflow/.local/lib/python3.8/site-packages/airflow/example_dags/example_kubernetes_executor.py
[2024-03-09T07:10:57.568+0000] {processor.py:840} INFO - DAG(s) 'example_kubernetes_executor' retrieved from /home/airflow/.local/lib/python3.8/site-packages/airflow/example_dags/example_kubernetes_executor.py
[2024-03-09T07:10:57.702+0000] {logging_mixin.py:188} INFO - [2024-03-09T07:10:57.701+0000] {dag.py:3047} INFO - Sync 1 DAGs
[2024-03-09T07:10:57.743+0000] {logging_mixin.py:188} INFO - [2024-03-09T07:10:57.743+0000] {dag.py:3834} INFO - Setting next_dagrun for example_kubernetes_executor to None, run_after=None
[2024-03-09T07:10:57.806+0000] {processor.py:183} INFO - Processing /home/airflow/.local/lib/python3.8/site-packages/airflow/example_dags/example_kubernetes_executor.py took 0.317 seconds
[2024-03-09T07:11:28.143+0000] {processor.py:161} INFO - Started process (PID=553) to work on /home/airflow/.local/lib/python3.8/site-packages/airflow/example_dags/example_kubernetes_executor.py
[2024-03-09T07:11:28.146+0000] {processor.py:830} INFO - Processing file /home/airflow/.local/lib/python3.8/site-packages/airflow/example_dags/example_kubernetes_executor.py for tasks to queue
[2024-03-09T07:11:28.151+0000] {logging_mixin.py:188} INFO - [2024-03-09T07:11:28.150+0000] {dagbag.py:540} INFO - Filling up the DagBag from /home/airflow/.local/lib/python3.8/site-packages/airflow/example_dags/example_kubernetes_executor.py
[2024-03-09T07:11:28.208+0000] {processor.py:840} INFO - DAG(s) 'example_kubernetes_executor' retrieved from /home/airflow/.local/lib/python3.8/site-packages/airflow/example_dags/example_kubernetes_executor.py
[2024-03-09T07:11:28.395+0000] {logging_mixin.py:188} INFO - [2024-03-09T07:11:28.394+0000] {dag.py:3047} INFO - Sync 1 DAGs
[2024-03-09T07:11:28.458+0000] {logging_mixin.py:188} INFO - [2024-03-09T07:11:28.458+0000] {dag.py:3834} INFO - Setting next_dagrun for example_kubernetes_executor to None, run_after=None
[2024-03-09T07:11:28.540+0000] {processor.py:183} INFO - Processing /home/airflow/.local/lib/python3.8/site-packages/airflow/example_dags/example_kubernetes_executor.py took 0.408 seconds
[2024-03-09T07:11:59.100+0000] {processor.py:161} INFO - Started process (PID=608) to work on /home/airflow/.local/lib/python3.8/site-packages/airflow/example_dags/example_kubernetes_executor.py
[2024-03-09T07:11:59.103+0000] {processor.py:830} INFO - Processing file /home/airflow/.local/lib/python3.8/site-packages/airflow/example_dags/example_kubernetes_executor.py for tasks to queue
[2024-03-09T07:11:59.109+0000] {logging_mixin.py:188} INFO - [2024-03-09T07:11:59.108+0000] {dagbag.py:540} INFO - Filling up the DagBag from /home/airflow/.local/lib/python3.8/site-packages/airflow/example_dags/example_kubernetes_executor.py
[2024-03-09T07:11:59.163+0000] {processor.py:840} INFO - DAG(s) 'example_kubernetes_executor' retrieved from /home/airflow/.local/lib/python3.8/site-packages/airflow/example_dags/example_kubernetes_executor.py
[2024-03-09T07:11:59.292+0000] {logging_mixin.py:188} INFO - [2024-03-09T07:11:59.291+0000] {dag.py:3047} INFO - Sync 1 DAGs
[2024-03-09T07:11:59.345+0000] {logging_mixin.py:188} INFO - [2024-03-09T07:11:59.345+0000] {dag.py:3834} INFO - Setting next_dagrun for example_kubernetes_executor to None, run_after=None
[2024-03-09T07:11:59.400+0000] {processor.py:183} INFO - Processing /home/airflow/.local/lib/python3.8/site-packages/airflow/example_dags/example_kubernetes_executor.py took 0.313 seconds
[2024-03-09T07:12:29.544+0000] {processor.py:161} INFO - Started process (PID=663) to work on /home/airflow/.local/lib/python3.8/site-packages/airflow/example_dags/example_kubernetes_executor.py
[2024-03-09T07:12:29.548+0000] {processor.py:830} INFO - Processing file /home/airflow/.local/lib/python3.8/site-packages/airflow/example_dags/example_kubernetes_executor.py for tasks to queue
[2024-03-09T07:12:29.554+0000] {logging_mixin.py:188} INFO - [2024-03-09T07:12:29.553+0000] {dagbag.py:540} INFO - Filling up the DagBag from /home/airflow/.local/lib/python3.8/site-packages/airflow/example_dags/example_kubernetes_executor.py
[2024-03-09T07:12:29.606+0000] {processor.py:840} INFO - DAG(s) 'example_kubernetes_executor' retrieved from /home/airflow/.local/lib/python3.8/site-packages/airflow/example_dags/example_kubernetes_executor.py
[2024-03-09T07:12:29.741+0000] {logging_mixin.py:188} INFO - [2024-03-09T07:12:29.741+0000] {dag.py:3047} INFO - Sync 1 DAGs
[2024-03-09T07:12:29.783+0000] {logging_mixin.py:188} INFO - [2024-03-09T07:12:29.783+0000] {dag.py:3834} INFO - Setting next_dagrun for example_kubernetes_executor to None, run_after=None
[2024-03-09T07:12:29.845+0000] {processor.py:183} INFO - Processing /home/airflow/.local/lib/python3.8/site-packages/airflow/example_dags/example_kubernetes_executor.py took 0.311 seconds
[2024-03-09T07:13:00.149+0000] {processor.py:161} INFO - Started process (PID=718) to work on /home/airflow/.local/lib/python3.8/site-packages/airflow/example_dags/example_kubernetes_executor.py
[2024-03-09T07:13:00.152+0000] {processor.py:830} INFO - Processing file /home/airflow/.local/lib/python3.8/site-packages/airflow/example_dags/example_kubernetes_executor.py for tasks to queue
[2024-03-09T07:13:00.158+0000] {logging_mixin.py:188} INFO - [2024-03-09T07:13:00.157+0000] {dagbag.py:540} INFO - Filling up the DagBag from /home/airflow/.local/lib/python3.8/site-packages/airflow/example_dags/example_kubernetes_executor.py
[2024-03-09T07:13:00.210+0000] {processor.py:840} INFO - DAG(s) 'example_kubernetes_executor' retrieved from /home/airflow/.local/lib/python3.8/site-packages/airflow/example_dags/example_kubernetes_executor.py
[2024-03-09T07:13:00.323+0000] {logging_mixin.py:188} INFO - [2024-03-09T07:13:00.323+0000] {dag.py:3047} INFO - Sync 1 DAGs
[2024-03-09T07:13:00.362+0000] {logging_mixin.py:188} INFO - [2024-03-09T07:13:00.362+0000] {dag.py:3834} INFO - Setting next_dagrun for example_kubernetes_executor to None, run_after=None
[2024-03-09T07:13:00.427+0000] {processor.py:183} INFO - Processing /home/airflow/.local/lib/python3.8/site-packages/airflow/example_dags/example_kubernetes_executor.py took 0.290 seconds
[2024-03-09T07:13:30.731+0000] {processor.py:161} INFO - Started process (PID=773) to work on /home/airflow/.local/lib/python3.8/site-packages/airflow/example_dags/example_kubernetes_executor.py
[2024-03-09T07:13:30.736+0000] {processor.py:830} INFO - Processing file /home/airflow/.local/lib/python3.8/site-packages/airflow/example_dags/example_kubernetes_executor.py for tasks to queue
[2024-03-09T07:13:30.745+0000] {logging_mixin.py:188} INFO - [2024-03-09T07:13:30.743+0000] {dagbag.py:540} INFO - Filling up the DagBag from /home/airflow/.local/lib/python3.8/site-packages/airflow/example_dags/example_kubernetes_executor.py
[2024-03-09T07:13:30.834+0000] {processor.py:840} INFO - DAG(s) 'example_kubernetes_executor' retrieved from /home/airflow/.local/lib/python3.8/site-packages/airflow/example_dags/example_kubernetes_executor.py
[2024-03-09T07:13:31.045+0000] {logging_mixin.py:188} INFO - [2024-03-09T07:13:31.043+0000] {dag.py:3047} INFO - Sync 1 DAGs
[2024-03-09T07:13:31.148+0000] {logging_mixin.py:188} INFO - [2024-03-09T07:13:31.147+0000] {dag.py:3834} INFO - Setting next_dagrun for example_kubernetes_executor to None, run_after=None
[2024-03-09T07:13:31.218+0000] {processor.py:183} INFO - Processing /home/airflow/.local/lib/python3.8/site-packages/airflow/example_dags/example_kubernetes_executor.py took 0.504 seconds
[2024-03-09T07:14:01.819+0000] {processor.py:161} INFO - Started process (PID=828) to work on /home/airflow/.local/lib/python3.8/site-packages/airflow/example_dags/example_kubernetes_executor.py
[2024-03-09T07:14:01.824+0000] {processor.py:830} INFO - Processing file /home/airflow/.local/lib/python3.8/site-packages/airflow/example_dags/example_kubernetes_executor.py for tasks to queue
[2024-03-09T07:14:01.831+0000] {logging_mixin.py:188} INFO - [2024-03-09T07:14:01.829+0000] {dagbag.py:540} INFO - Filling up the DagBag from /home/airflow/.local/lib/python3.8/site-packages/airflow/example_dags/example_kubernetes_executor.py
[2024-03-09T07:14:01.896+0000] {processor.py:840} INFO - DAG(s) 'example_kubernetes_executor' retrieved from /home/airflow/.local/lib/python3.8/site-packages/airflow/example_dags/example_kubernetes_executor.py
[2024-03-09T07:14:02.058+0000] {logging_mixin.py:188} INFO - [2024-03-09T07:14:02.058+0000] {dag.py:3047} INFO - Sync 1 DAGs
[2024-03-09T07:14:02.100+0000] {logging_mixin.py:188} INFO - [2024-03-09T07:14:02.099+0000] {dag.py:3834} INFO - Setting next_dagrun for example_kubernetes_executor to None, run_after=None
[2024-03-09T07:14:02.176+0000] {processor.py:183} INFO - Processing /home/airflow/.local/lib/python3.8/site-packages/airflow/example_dags/example_kubernetes_executor.py took 0.367 seconds
[2024-03-09T07:14:32.431+0000] {processor.py:161} INFO - Started process (PID=883) to work on /home/airflow/.local/lib/python3.8/site-packages/airflow/example_dags/example_kubernetes_executor.py
[2024-03-09T07:14:32.434+0000] {processor.py:830} INFO - Processing file /home/airflow/.local/lib/python3.8/site-packages/airflow/example_dags/example_kubernetes_executor.py for tasks to queue
[2024-03-09T07:14:32.440+0000] {logging_mixin.py:188} INFO - [2024-03-09T07:14:32.438+0000] {dagbag.py:540} INFO - Filling up the DagBag from /home/airflow/.local/lib/python3.8/site-packages/airflow/example_dags/example_kubernetes_executor.py
[2024-03-09T07:14:32.488+0000] {processor.py:840} INFO - DAG(s) 'example_kubernetes_executor' retrieved from /home/airflow/.local/lib/python3.8/site-packages/airflow/example_dags/example_kubernetes_executor.py
[2024-03-09T07:14:32.624+0000] {logging_mixin.py:188} INFO - [2024-03-09T07:14:32.623+0000] {dag.py:3047} INFO - Sync 1 DAGs
[2024-03-09T07:14:32.689+0000] {logging_mixin.py:188} INFO - [2024-03-09T07:14:32.688+0000] {dag.py:3834} INFO - Setting next_dagrun for example_kubernetes_executor to None, run_after=None
[2024-03-09T07:14:32.782+0000] {processor.py:183} INFO - Processing /home/airflow/.local/lib/python3.8/site-packages/airflow/example_dags/example_kubernetes_executor.py took 0.360 seconds
[2024-03-09T07:15:03.516+0000] {processor.py:161} INFO - Started process (PID=938) to work on /home/airflow/.local/lib/python3.8/site-packages/airflow/example_dags/example_kubernetes_executor.py
[2024-03-09T07:15:03.520+0000] {processor.py:830} INFO - Processing file /home/airflow/.local/lib/python3.8/site-packages/airflow/example_dags/example_kubernetes_executor.py for tasks to queue
[2024-03-09T07:15:03.526+0000] {logging_mixin.py:188} INFO - [2024-03-09T07:15:03.525+0000] {dagbag.py:540} INFO - Filling up the DagBag from /home/airflow/.local/lib/python3.8/site-packages/airflow/example_dags/example_kubernetes_executor.py
[2024-03-09T07:15:03.586+0000] {processor.py:840} INFO - DAG(s) 'example_kubernetes_executor' retrieved from /home/airflow/.local/lib/python3.8/site-packages/airflow/example_dags/example_kubernetes_executor.py
[2024-03-09T07:15:03.773+0000] {logging_mixin.py:188} INFO - [2024-03-09T07:15:03.772+0000] {dag.py:3047} INFO - Sync 1 DAGs
[2024-03-09T07:15:03.830+0000] {logging_mixin.py:188} INFO - [2024-03-09T07:15:03.829+0000] {dag.py:3834} INFO - Setting next_dagrun for example_kubernetes_executor to None, run_after=None
[2024-03-09T07:15:03.904+0000] {processor.py:183} INFO - Processing /home/airflow/.local/lib/python3.8/site-packages/airflow/example_dags/example_kubernetes_executor.py took 0.397 seconds
[2024-03-09T07:15:34.184+0000] {processor.py:161} INFO - Started process (PID=993) to work on /home/airflow/.local/lib/python3.8/site-packages/airflow/example_dags/example_kubernetes_executor.py
[2024-03-09T07:15:34.190+0000] {processor.py:830} INFO - Processing file /home/airflow/.local/lib/python3.8/site-packages/airflow/example_dags/example_kubernetes_executor.py for tasks to queue
[2024-03-09T07:15:34.204+0000] {logging_mixin.py:188} INFO - [2024-03-09T07:15:34.202+0000] {dagbag.py:540} INFO - Filling up the DagBag from /home/airflow/.local/lib/python3.8/site-packages/airflow/example_dags/example_kubernetes_executor.py
[2024-03-09T07:15:34.293+0000] {processor.py:840} INFO - DAG(s) 'example_kubernetes_executor' retrieved from /home/airflow/.local/lib/python3.8/site-packages/airflow/example_dags/example_kubernetes_executor.py
[2024-03-09T07:15:34.406+0000] {logging_mixin.py:188} INFO - [2024-03-09T07:15:34.405+0000] {dag.py:3047} INFO - Sync 1 DAGs
[2024-03-09T07:15:34.443+0000] {logging_mixin.py:188} INFO - [2024-03-09T07:15:34.442+0000] {dag.py:3834} INFO - Setting next_dagrun for example_kubernetes_executor to None, run_after=None
[2024-03-09T07:15:34.495+0000] {processor.py:183} INFO - Processing /home/airflow/.local/lib/python3.8/site-packages/airflow/example_dags/example_kubernetes_executor.py took 0.332 seconds
[2024-03-09T07:16:05.287+0000] {processor.py:161} INFO - Started process (PID=1048) to work on /home/airflow/.local/lib/python3.8/site-packages/airflow/example_dags/example_kubernetes_executor.py
[2024-03-09T07:16:05.289+0000] {processor.py:830} INFO - Processing file /home/airflow/.local/lib/python3.8/site-packages/airflow/example_dags/example_kubernetes_executor.py for tasks to queue
[2024-03-09T07:16:05.294+0000] {logging_mixin.py:188} INFO - [2024-03-09T07:16:05.294+0000] {dagbag.py:540} INFO - Filling up the DagBag from /home/airflow/.local/lib/python3.8/site-packages/airflow/example_dags/example_kubernetes_executor.py
[2024-03-09T07:16:05.343+0000] {processor.py:840} INFO - DAG(s) 'example_kubernetes_executor' retrieved from /home/airflow/.local/lib/python3.8/site-packages/airflow/example_dags/example_kubernetes_executor.py
[2024-03-09T07:16:05.466+0000] {logging_mixin.py:188} INFO - [2024-03-09T07:16:05.465+0000] {dag.py:3047} INFO - Sync 1 DAGs
[2024-03-09T07:16:05.499+0000] {logging_mixin.py:188} INFO - [2024-03-09T07:16:05.499+0000] {dag.py:3834} INFO - Setting next_dagrun for example_kubernetes_executor to None, run_after=None
[2024-03-09T07:16:05.554+0000] {processor.py:183} INFO - Processing /home/airflow/.local/lib/python3.8/site-packages/airflow/example_dags/example_kubernetes_executor.py took 0.278 seconds
[2024-03-09T07:16:35.660+0000] {processor.py:161} INFO - Started process (PID=1103) to work on /home/airflow/.local/lib/python3.8/site-packages/airflow/example_dags/example_kubernetes_executor.py
[2024-03-09T07:16:35.663+0000] {processor.py:830} INFO - Processing file /home/airflow/.local/lib/python3.8/site-packages/airflow/example_dags/example_kubernetes_executor.py for tasks to queue
[2024-03-09T07:16:35.669+0000] {logging_mixin.py:188} INFO - [2024-03-09T07:16:35.668+0000] {dagbag.py:540} INFO - Filling up the DagBag from /home/airflow/.local/lib/python3.8/site-packages/airflow/example_dags/example_kubernetes_executor.py
[2024-03-09T07:16:35.720+0000] {processor.py:840} INFO - DAG(s) 'example_kubernetes_executor' retrieved from /home/airflow/.local/lib/python3.8/site-packages/airflow/example_dags/example_kubernetes_executor.py
[2024-03-09T07:16:35.832+0000] {logging_mixin.py:188} INFO - [2024-03-09T07:16:35.832+0000] {dag.py:3047} INFO - Sync 1 DAGs
[2024-03-09T07:16:35.866+0000] {logging_mixin.py:188} INFO - [2024-03-09T07:16:35.865+0000] {dag.py:3834} INFO - Setting next_dagrun for example_kubernetes_executor to None, run_after=None
[2024-03-09T07:16:35.930+0000] {processor.py:183} INFO - Processing /home/airflow/.local/lib/python3.8/site-packages/airflow/example_dags/example_kubernetes_executor.py took 0.280 seconds
[2024-03-09T07:17:06.629+0000] {processor.py:161} INFO - Started process (PID=1158) to work on /home/airflow/.local/lib/python3.8/site-packages/airflow/example_dags/example_kubernetes_executor.py
[2024-03-09T07:17:06.632+0000] {processor.py:830} INFO - Processing file /home/airflow/.local/lib/python3.8/site-packages/airflow/example_dags/example_kubernetes_executor.py for tasks to queue
[2024-03-09T07:17:06.638+0000] {logging_mixin.py:188} INFO - [2024-03-09T07:17:06.637+0000] {dagbag.py:540} INFO - Filling up the DagBag from /home/airflow/.local/lib/python3.8/site-packages/airflow/example_dags/example_kubernetes_executor.py
[2024-03-09T07:17:06.692+0000] {processor.py:840} INFO - DAG(s) 'example_kubernetes_executor' retrieved from /home/airflow/.local/lib/python3.8/site-packages/airflow/example_dags/example_kubernetes_executor.py
[2024-03-09T07:17:06.896+0000] {logging_mixin.py:188} INFO - [2024-03-09T07:17:06.895+0000] {dag.py:3047} INFO - Sync 1 DAGs
[2024-03-09T07:17:06.973+0000] {logging_mixin.py:188} INFO - [2024-03-09T07:17:06.973+0000] {dag.py:3834} INFO - Setting next_dagrun for example_kubernetes_executor to None, run_after=None
[2024-03-09T07:17:07.025+0000] {processor.py:183} INFO - Processing /home/airflow/.local/lib/python3.8/site-packages/airflow/example_dags/example_kubernetes_executor.py took 0.406 seconds
[2024-03-09T07:17:37.608+0000] {processor.py:161} INFO - Started process (PID=1213) to work on /home/airflow/.local/lib/python3.8/site-packages/airflow/example_dags/example_kubernetes_executor.py
[2024-03-09T07:17:37.612+0000] {processor.py:830} INFO - Processing file /home/airflow/.local/lib/python3.8/site-packages/airflow/example_dags/example_kubernetes_executor.py for tasks to queue
[2024-03-09T07:17:37.618+0000] {logging_mixin.py:188} INFO - [2024-03-09T07:17:37.617+0000] {dagbag.py:540} INFO - Filling up the DagBag from /home/airflow/.local/lib/python3.8/site-packages/airflow/example_dags/example_kubernetes_executor.py
[2024-03-09T07:17:37.677+0000] {processor.py:840} INFO - DAG(s) 'example_kubernetes_executor' retrieved from /home/airflow/.local/lib/python3.8/site-packages/airflow/example_dags/example_kubernetes_executor.py
[2024-03-09T07:17:37.796+0000] {logging_mixin.py:188} INFO - [2024-03-09T07:17:37.795+0000] {dag.py:3047} INFO - Sync 1 DAGs
[2024-03-09T07:17:37.834+0000] {logging_mixin.py:188} INFO - [2024-03-09T07:17:37.833+0000] {dag.py:3834} INFO - Setting next_dagrun for example_kubernetes_executor to None, run_after=None
[2024-03-09T07:17:37.896+0000] {processor.py:183} INFO - Processing /home/airflow/.local/lib/python3.8/site-packages/airflow/example_dags/example_kubernetes_executor.py took 0.298 seconds
[2024-03-09T07:18:08.426+0000] {processor.py:161} INFO - Started process (PID=1268) to work on /home/airflow/.local/lib/python3.8/site-packages/airflow/example_dags/example_kubernetes_executor.py
[2024-03-09T07:18:08.433+0000] {processor.py:830} INFO - Processing file /home/airflow/.local/lib/python3.8/site-packages/airflow/example_dags/example_kubernetes_executor.py for tasks to queue
[2024-03-09T07:18:08.443+0000] {logging_mixin.py:188} INFO - [2024-03-09T07:18:08.441+0000] {dagbag.py:540} INFO - Filling up the DagBag from /home/airflow/.local/lib/python3.8/site-packages/airflow/example_dags/example_kubernetes_executor.py
[2024-03-09T07:18:08.514+0000] {processor.py:840} INFO - DAG(s) 'example_kubernetes_executor' retrieved from /home/airflow/.local/lib/python3.8/site-packages/airflow/example_dags/example_kubernetes_executor.py
[2024-03-09T07:18:08.616+0000] {logging_mixin.py:188} INFO - [2024-03-09T07:18:08.615+0000] {dag.py:3047} INFO - Sync 1 DAGs
[2024-03-09T07:18:08.649+0000] {logging_mixin.py:188} INFO - [2024-03-09T07:18:08.648+0000] {dag.py:3834} INFO - Setting next_dagrun for example_kubernetes_executor to None, run_after=None
[2024-03-09T07:18:08.701+0000] {processor.py:183} INFO - Processing /home/airflow/.local/lib/python3.8/site-packages/airflow/example_dags/example_kubernetes_executor.py took 0.315 seconds
[2024-03-09T07:18:38.900+0000] {processor.py:161} INFO - Started process (PID=1323) to work on /home/airflow/.local/lib/python3.8/site-packages/airflow/example_dags/example_kubernetes_executor.py
[2024-03-09T07:18:38.903+0000] {processor.py:830} INFO - Processing file /home/airflow/.local/lib/python3.8/site-packages/airflow/example_dags/example_kubernetes_executor.py for tasks to queue
[2024-03-09T07:18:38.910+0000] {logging_mixin.py:188} INFO - [2024-03-09T07:18:38.909+0000] {dagbag.py:540} INFO - Filling up the DagBag from /home/airflow/.local/lib/python3.8/site-packages/airflow/example_dags/example_kubernetes_executor.py
[2024-03-09T07:18:38.961+0000] {processor.py:840} INFO - DAG(s) 'example_kubernetes_executor' retrieved from /home/airflow/.local/lib/python3.8/site-packages/airflow/example_dags/example_kubernetes_executor.py
[2024-03-09T07:18:39.112+0000] {logging_mixin.py:188} INFO - [2024-03-09T07:18:39.111+0000] {dag.py:3047} INFO - Sync 1 DAGs
[2024-03-09T07:18:39.156+0000] {logging_mixin.py:188} INFO - [2024-03-09T07:18:39.155+0000] {dag.py:3834} INFO - Setting next_dagrun for example_kubernetes_executor to None, run_after=None
[2024-03-09T07:18:39.232+0000] {processor.py:183} INFO - Processing /home/airflow/.local/lib/python3.8/site-packages/airflow/example_dags/example_kubernetes_executor.py took 0.343 seconds
[2024-03-09T07:19:10.501+0000] {processor.py:161} INFO - Started process (PID=1384) to work on /home/airflow/.local/lib/python3.8/site-packages/airflow/example_dags/example_kubernetes_executor.py
[2024-03-09T07:19:10.505+0000] {processor.py:830} INFO - Processing file /home/airflow/.local/lib/python3.8/site-packages/airflow/example_dags/example_kubernetes_executor.py for tasks to queue
[2024-03-09T07:19:10.512+0000] {logging_mixin.py:188} INFO - [2024-03-09T07:19:10.511+0000] {dagbag.py:540} INFO - Filling up the DagBag from /home/airflow/.local/lib/python3.8/site-packages/airflow/example_dags/example_kubernetes_executor.py
[2024-03-09T07:19:10.603+0000] {processor.py:840} INFO - DAG(s) 'example_kubernetes_executor' retrieved from /home/airflow/.local/lib/python3.8/site-packages/airflow/example_dags/example_kubernetes_executor.py
[2024-03-09T07:19:10.743+0000] {logging_mixin.py:188} INFO - [2024-03-09T07:19:10.742+0000] {dag.py:3047} INFO - Sync 1 DAGs
[2024-03-09T07:19:10.787+0000] {logging_mixin.py:188} INFO - [2024-03-09T07:19:10.786+0000] {dag.py:3834} INFO - Setting next_dagrun for example_kubernetes_executor to None, run_after=None
[2024-03-09T07:19:10.857+0000] {processor.py:183} INFO - Processing /home/airflow/.local/lib/python3.8/site-packages/airflow/example_dags/example_kubernetes_executor.py took 0.375 seconds
[2024-03-09T07:19:41.556+0000] {processor.py:161} INFO - Started process (PID=1439) to work on /home/airflow/.local/lib/python3.8/site-packages/airflow/example_dags/example_kubernetes_executor.py
[2024-03-09T07:19:41.559+0000] {processor.py:830} INFO - Processing file /home/airflow/.local/lib/python3.8/site-packages/airflow/example_dags/example_kubernetes_executor.py for tasks to queue
[2024-03-09T07:19:41.566+0000] {logging_mixin.py:188} INFO - [2024-03-09T07:19:41.565+0000] {dagbag.py:540} INFO - Filling up the DagBag from /home/airflow/.local/lib/python3.8/site-packages/airflow/example_dags/example_kubernetes_executor.py
[2024-03-09T07:19:41.619+0000] {processor.py:840} INFO - DAG(s) 'example_kubernetes_executor' retrieved from /home/airflow/.local/lib/python3.8/site-packages/airflow/example_dags/example_kubernetes_executor.py
[2024-03-09T07:19:41.762+0000] {logging_mixin.py:188} INFO - [2024-03-09T07:19:41.762+0000] {dag.py:3047} INFO - Sync 1 DAGs
[2024-03-09T07:19:41.814+0000] {logging_mixin.py:188} INFO - [2024-03-09T07:19:41.814+0000] {dag.py:3834} INFO - Setting next_dagrun for example_kubernetes_executor to None, run_after=None
[2024-03-09T07:19:41.863+0000] {processor.py:183} INFO - Processing /home/airflow/.local/lib/python3.8/site-packages/airflow/example_dags/example_kubernetes_executor.py took 0.328 seconds
[2024-03-09T07:20:12.978+0000] {processor.py:161} INFO - Started process (PID=1494) to work on /home/airflow/.local/lib/python3.8/site-packages/airflow/example_dags/example_kubernetes_executor.py
[2024-03-09T07:20:12.985+0000] {processor.py:830} INFO - Processing file /home/airflow/.local/lib/python3.8/site-packages/airflow/example_dags/example_kubernetes_executor.py for tasks to queue
[2024-03-09T07:20:12.994+0000] {logging_mixin.py:188} INFO - [2024-03-09T07:20:12.993+0000] {dagbag.py:540} INFO - Filling up the DagBag from /home/airflow/.local/lib/python3.8/site-packages/airflow/example_dags/example_kubernetes_executor.py
[2024-03-09T07:20:13.080+0000] {processor.py:840} INFO - DAG(s) 'example_kubernetes_executor' retrieved from /home/airflow/.local/lib/python3.8/site-packages/airflow/example_dags/example_kubernetes_executor.py
[2024-03-09T07:20:13.339+0000] {logging_mixin.py:188} INFO - [2024-03-09T07:20:13.338+0000] {dag.py:3047} INFO - Sync 1 DAGs
[2024-03-09T07:20:13.390+0000] {logging_mixin.py:188} INFO - [2024-03-09T07:20:13.390+0000] {dag.py:3834} INFO - Setting next_dagrun for example_kubernetes_executor to None, run_after=None
[2024-03-09T07:20:13.455+0000] {processor.py:183} INFO - Processing /home/airflow/.local/lib/python3.8/site-packages/airflow/example_dags/example_kubernetes_executor.py took 0.496 seconds
[2024-03-09T07:20:43.587+0000] {processor.py:161} INFO - Started process (PID=1547) to work on /home/airflow/.local/lib/python3.8/site-packages/airflow/example_dags/example_kubernetes_executor.py
[2024-03-09T07:20:43.593+0000] {processor.py:830} INFO - Processing file /home/airflow/.local/lib/python3.8/site-packages/airflow/example_dags/example_kubernetes_executor.py for tasks to queue
[2024-03-09T07:20:43.602+0000] {logging_mixin.py:188} INFO - [2024-03-09T07:20:43.600+0000] {dagbag.py:540} INFO - Filling up the DagBag from /home/airflow/.local/lib/python3.8/site-packages/airflow/example_dags/example_kubernetes_executor.py
[2024-03-09T07:20:43.729+0000] {processor.py:840} INFO - DAG(s) 'example_kubernetes_executor' retrieved from /home/airflow/.local/lib/python3.8/site-packages/airflow/example_dags/example_kubernetes_executor.py
[2024-03-09T07:20:43.834+0000] {logging_mixin.py:188} INFO - [2024-03-09T07:20:43.834+0000] {dag.py:3047} INFO - Sync 1 DAGs
[2024-03-09T07:20:43.868+0000] {logging_mixin.py:188} INFO - [2024-03-09T07:20:43.868+0000] {dag.py:3834} INFO - Setting next_dagrun for example_kubernetes_executor to None, run_after=None
[2024-03-09T07:20:43.925+0000] {processor.py:183} INFO - Processing /home/airflow/.local/lib/python3.8/site-packages/airflow/example_dags/example_kubernetes_executor.py took 0.355 seconds
[2024-03-09T07:21:14.498+0000] {processor.py:161} INFO - Started process (PID=1603) to work on /home/airflow/.local/lib/python3.8/site-packages/airflow/example_dags/example_kubernetes_executor.py
[2024-03-09T07:21:14.502+0000] {processor.py:830} INFO - Processing file /home/airflow/.local/lib/python3.8/site-packages/airflow/example_dags/example_kubernetes_executor.py for tasks to queue
[2024-03-09T07:21:14.507+0000] {logging_mixin.py:188} INFO - [2024-03-09T07:21:14.506+0000] {dagbag.py:540} INFO - Filling up the DagBag from /home/airflow/.local/lib/python3.8/site-packages/airflow/example_dags/example_kubernetes_executor.py
[2024-03-09T07:21:14.558+0000] {processor.py:840} INFO - DAG(s) 'example_kubernetes_executor' retrieved from /home/airflow/.local/lib/python3.8/site-packages/airflow/example_dags/example_kubernetes_executor.py
[2024-03-09T07:21:14.696+0000] {logging_mixin.py:188} INFO - [2024-03-09T07:21:14.695+0000] {dag.py:3047} INFO - Sync 1 DAGs
[2024-03-09T07:21:14.732+0000] {logging_mixin.py:188} INFO - [2024-03-09T07:21:14.732+0000] {dag.py:3834} INFO - Setting next_dagrun for example_kubernetes_executor to None, run_after=None
[2024-03-09T07:21:14.784+0000] {processor.py:183} INFO - Processing /home/airflow/.local/lib/python3.8/site-packages/airflow/example_dags/example_kubernetes_executor.py took 0.299 seconds
[2024-03-09T07:21:44.987+0000] {processor.py:161} INFO - Started process (PID=1658) to work on /home/airflow/.local/lib/python3.8/site-packages/airflow/example_dags/example_kubernetes_executor.py
[2024-03-09T07:21:44.991+0000] {processor.py:830} INFO - Processing file /home/airflow/.local/lib/python3.8/site-packages/airflow/example_dags/example_kubernetes_executor.py for tasks to queue
[2024-03-09T07:21:44.997+0000] {logging_mixin.py:188} INFO - [2024-03-09T07:21:44.996+0000] {dagbag.py:540} INFO - Filling up the DagBag from /home/airflow/.local/lib/python3.8/site-packages/airflow/example_dags/example_kubernetes_executor.py
[2024-03-09T07:21:45.070+0000] {processor.py:840} INFO - DAG(s) 'example_kubernetes_executor' retrieved from /home/airflow/.local/lib/python3.8/site-packages/airflow/example_dags/example_kubernetes_executor.py
[2024-03-09T07:21:45.211+0000] {logging_mixin.py:188} INFO - [2024-03-09T07:21:45.211+0000] {dag.py:3047} INFO - Sync 1 DAGs
[2024-03-09T07:21:45.282+0000] {logging_mixin.py:188} INFO - [2024-03-09T07:21:45.282+0000] {dag.py:3834} INFO - Setting next_dagrun for example_kubernetes_executor to None, run_after=None
[2024-03-09T07:21:45.350+0000] {processor.py:183} INFO - Processing /home/airflow/.local/lib/python3.8/site-packages/airflow/example_dags/example_kubernetes_executor.py took 0.371 seconds
[2024-03-09T07:22:15.865+0000] {processor.py:161} INFO - Started process (PID=1714) to work on /home/airflow/.local/lib/python3.8/site-packages/airflow/example_dags/example_kubernetes_executor.py
[2024-03-09T07:22:15.869+0000] {processor.py:830} INFO - Processing file /home/airflow/.local/lib/python3.8/site-packages/airflow/example_dags/example_kubernetes_executor.py for tasks to queue
[2024-03-09T07:22:15.879+0000] {logging_mixin.py:188} INFO - [2024-03-09T07:22:15.877+0000] {dagbag.py:540} INFO - Filling up the DagBag from /home/airflow/.local/lib/python3.8/site-packages/airflow/example_dags/example_kubernetes_executor.py
[2024-03-09T07:22:15.959+0000] {processor.py:840} INFO - DAG(s) 'example_kubernetes_executor' retrieved from /home/airflow/.local/lib/python3.8/site-packages/airflow/example_dags/example_kubernetes_executor.py
[2024-03-09T07:22:16.172+0000] {logging_mixin.py:188} INFO - [2024-03-09T07:22:16.171+0000] {dag.py:3047} INFO - Sync 1 DAGs
[2024-03-09T07:22:16.239+0000] {logging_mixin.py:188} INFO - [2024-03-09T07:22:16.238+0000] {dag.py:3834} INFO - Setting next_dagrun for example_kubernetes_executor to None, run_after=None
[2024-03-09T07:22:16.359+0000] {processor.py:183} INFO - Processing /home/airflow/.local/lib/python3.8/site-packages/airflow/example_dags/example_kubernetes_executor.py took 0.513 seconds
[2024-03-09T07:22:46.576+0000] {processor.py:161} INFO - Started process (PID=1769) to work on /home/airflow/.local/lib/python3.8/site-packages/airflow/example_dags/example_kubernetes_executor.py
[2024-03-09T07:22:46.580+0000] {processor.py:830} INFO - Processing file /home/airflow/.local/lib/python3.8/site-packages/airflow/example_dags/example_kubernetes_executor.py for tasks to queue
[2024-03-09T07:22:46.592+0000] {logging_mixin.py:188} INFO - [2024-03-09T07:22:46.589+0000] {dagbag.py:540} INFO - Filling up the DagBag from /home/airflow/.local/lib/python3.8/site-packages/airflow/example_dags/example_kubernetes_executor.py
[2024-03-09T07:22:46.673+0000] {processor.py:840} INFO - DAG(s) 'example_kubernetes_executor' retrieved from /home/airflow/.local/lib/python3.8/site-packages/airflow/example_dags/example_kubernetes_executor.py
[2024-03-09T07:22:46.801+0000] {logging_mixin.py:188} INFO - [2024-03-09T07:22:46.801+0000] {dag.py:3047} INFO - Sync 1 DAGs
[2024-03-09T07:22:46.834+0000] {logging_mixin.py:188} INFO - [2024-03-09T07:22:46.833+0000] {dag.py:3834} INFO - Setting next_dagrun for example_kubernetes_executor to None, run_after=None
[2024-03-09T07:22:46.889+0000] {processor.py:183} INFO - Processing /home/airflow/.local/lib/python3.8/site-packages/airflow/example_dags/example_kubernetes_executor.py took 0.324 seconds
[2024-03-09T07:23:17.559+0000] {processor.py:161} INFO - Started process (PID=1824) to work on /home/airflow/.local/lib/python3.8/site-packages/airflow/example_dags/example_kubernetes_executor.py
[2024-03-09T07:23:17.565+0000] {processor.py:830} INFO - Processing file /home/airflow/.local/lib/python3.8/site-packages/airflow/example_dags/example_kubernetes_executor.py for tasks to queue
[2024-03-09T07:23:17.575+0000] {logging_mixin.py:188} INFO - [2024-03-09T07:23:17.573+0000] {dagbag.py:540} INFO - Filling up the DagBag from /home/airflow/.local/lib/python3.8/site-packages/airflow/example_dags/example_kubernetes_executor.py
[2024-03-09T07:23:17.691+0000] {processor.py:840} INFO - DAG(s) 'example_kubernetes_executor' retrieved from /home/airflow/.local/lib/python3.8/site-packages/airflow/example_dags/example_kubernetes_executor.py
[2024-03-09T07:23:17.899+0000] {logging_mixin.py:188} INFO - [2024-03-09T07:23:17.897+0000] {dag.py:3047} INFO - Sync 1 DAGs
[2024-03-09T07:23:17.965+0000] {logging_mixin.py:188} INFO - [2024-03-09T07:23:17.964+0000] {dag.py:3834} INFO - Setting next_dagrun for example_kubernetes_executor to None, run_after=None
[2024-03-09T07:23:18.068+0000] {processor.py:183} INFO - Processing /home/airflow/.local/lib/python3.8/site-packages/airflow/example_dags/example_kubernetes_executor.py took 0.525 seconds
[2024-03-09T07:23:48.496+0000] {processor.py:161} INFO - Started process (PID=1879) to work on /home/airflow/.local/lib/python3.8/site-packages/airflow/example_dags/example_kubernetes_executor.py
[2024-03-09T07:23:48.502+0000] {processor.py:830} INFO - Processing file /home/airflow/.local/lib/python3.8/site-packages/airflow/example_dags/example_kubernetes_executor.py for tasks to queue
[2024-03-09T07:23:48.512+0000] {logging_mixin.py:188} INFO - [2024-03-09T07:23:48.510+0000] {dagbag.py:540} INFO - Filling up the DagBag from /home/airflow/.local/lib/python3.8/site-packages/airflow/example_dags/example_kubernetes_executor.py
[2024-03-09T07:23:48.593+0000] {processor.py:840} INFO - DAG(s) 'example_kubernetes_executor' retrieved from /home/airflow/.local/lib/python3.8/site-packages/airflow/example_dags/example_kubernetes_executor.py
[2024-03-09T07:23:48.703+0000] {logging_mixin.py:188} INFO - [2024-03-09T07:23:48.703+0000] {dag.py:3047} INFO - Sync 1 DAGs
[2024-03-09T07:23:48.741+0000] {logging_mixin.py:188} INFO - [2024-03-09T07:23:48.740+0000] {dag.py:3834} INFO - Setting next_dagrun for example_kubernetes_executor to None, run_after=None
[2024-03-09T07:23:48.850+0000] {processor.py:183} INFO - Processing /home/airflow/.local/lib/python3.8/site-packages/airflow/example_dags/example_kubernetes_executor.py took 0.378 seconds
[2024-03-09T07:24:19.144+0000] {processor.py:161} INFO - Started process (PID=1934) to work on /home/airflow/.local/lib/python3.8/site-packages/airflow/example_dags/example_kubernetes_executor.py
[2024-03-09T07:24:19.148+0000] {processor.py:830} INFO - Processing file /home/airflow/.local/lib/python3.8/site-packages/airflow/example_dags/example_kubernetes_executor.py for tasks to queue
[2024-03-09T07:24:19.154+0000] {logging_mixin.py:188} INFO - [2024-03-09T07:24:19.153+0000] {dagbag.py:540} INFO - Filling up the DagBag from /home/airflow/.local/lib/python3.8/site-packages/airflow/example_dags/example_kubernetes_executor.py
[2024-03-09T07:24:19.210+0000] {processor.py:840} INFO - DAG(s) 'example_kubernetes_executor' retrieved from /home/airflow/.local/lib/python3.8/site-packages/airflow/example_dags/example_kubernetes_executor.py
[2024-03-09T07:24:19.357+0000] {logging_mixin.py:188} INFO - [2024-03-09T07:24:19.356+0000] {dag.py:3047} INFO - Sync 1 DAGs
[2024-03-09T07:24:19.404+0000] {logging_mixin.py:188} INFO - [2024-03-09T07:24:19.403+0000] {dag.py:3834} INFO - Setting next_dagrun for example_kubernetes_executor to None, run_after=None
[2024-03-09T07:24:19.482+0000] {processor.py:183} INFO - Processing /home/airflow/.local/lib/python3.8/site-packages/airflow/example_dags/example_kubernetes_executor.py took 0.349 seconds
[2024-03-09T07:24:49.844+0000] {processor.py:161} INFO - Started process (PID=1989) to work on /home/airflow/.local/lib/python3.8/site-packages/airflow/example_dags/example_kubernetes_executor.py
[2024-03-09T07:24:49.849+0000] {processor.py:830} INFO - Processing file /home/airflow/.local/lib/python3.8/site-packages/airflow/example_dags/example_kubernetes_executor.py for tasks to queue
[2024-03-09T07:24:49.862+0000] {logging_mixin.py:188} INFO - [2024-03-09T07:24:49.860+0000] {dagbag.py:540} INFO - Filling up the DagBag from /home/airflow/.local/lib/python3.8/site-packages/airflow/example_dags/example_kubernetes_executor.py
[2024-03-09T07:24:49.945+0000] {processor.py:840} INFO - DAG(s) 'example_kubernetes_executor' retrieved from /home/airflow/.local/lib/python3.8/site-packages/airflow/example_dags/example_kubernetes_executor.py
[2024-03-09T07:24:50.108+0000] {logging_mixin.py:188} INFO - [2024-03-09T07:24:50.107+0000] {dag.py:3047} INFO - Sync 1 DAGs
[2024-03-09T07:24:50.169+0000] {logging_mixin.py:188} INFO - [2024-03-09T07:24:50.167+0000] {dag.py:3834} INFO - Setting next_dagrun for example_kubernetes_executor to None, run_after=None
[2024-03-09T07:24:50.243+0000] {processor.py:183} INFO - Processing /home/airflow/.local/lib/python3.8/site-packages/airflow/example_dags/example_kubernetes_executor.py took 0.412 seconds
[2024-03-09T07:25:20.918+0000] {processor.py:161} INFO - Started process (PID=2044) to work on /home/airflow/.local/lib/python3.8/site-packages/airflow/example_dags/example_kubernetes_executor.py
[2024-03-09T07:25:20.925+0000] {processor.py:830} INFO - Processing file /home/airflow/.local/lib/python3.8/site-packages/airflow/example_dags/example_kubernetes_executor.py for tasks to queue
[2024-03-09T07:25:20.936+0000] {logging_mixin.py:188} INFO - [2024-03-09T07:25:20.934+0000] {dagbag.py:540} INFO - Filling up the DagBag from /home/airflow/.local/lib/python3.8/site-packages/airflow/example_dags/example_kubernetes_executor.py
[2024-03-09T07:25:21.036+0000] {processor.py:840} INFO - DAG(s) 'example_kubernetes_executor' retrieved from /home/airflow/.local/lib/python3.8/site-packages/airflow/example_dags/example_kubernetes_executor.py
[2024-03-09T07:25:21.241+0000] {logging_mixin.py:188} INFO - [2024-03-09T07:25:21.241+0000] {dag.py:3047} INFO - Sync 1 DAGs
[2024-03-09T07:25:21.274+0000] {logging_mixin.py:188} INFO - [2024-03-09T07:25:21.274+0000] {dag.py:3834} INFO - Setting next_dagrun for example_kubernetes_executor to None, run_after=None
[2024-03-09T07:25:21.324+0000] {processor.py:183} INFO - Processing /home/airflow/.local/lib/python3.8/site-packages/airflow/example_dags/example_kubernetes_executor.py took 0.424 seconds
[2024-03-09T07:25:51.437+0000] {processor.py:161} INFO - Started process (PID=2098) to work on /home/airflow/.local/lib/python3.8/site-packages/airflow/example_dags/example_kubernetes_executor.py
[2024-03-09T07:25:51.440+0000] {processor.py:830} INFO - Processing file /home/airflow/.local/lib/python3.8/site-packages/airflow/example_dags/example_kubernetes_executor.py for tasks to queue
[2024-03-09T07:25:51.445+0000] {logging_mixin.py:188} INFO - [2024-03-09T07:25:51.444+0000] {dagbag.py:540} INFO - Filling up the DagBag from /home/airflow/.local/lib/python3.8/site-packages/airflow/example_dags/example_kubernetes_executor.py
[2024-03-09T07:25:51.486+0000] {processor.py:840} INFO - DAG(s) 'example_kubernetes_executor' retrieved from /home/airflow/.local/lib/python3.8/site-packages/airflow/example_dags/example_kubernetes_executor.py
[2024-03-09T07:25:51.602+0000] {logging_mixin.py:188} INFO - [2024-03-09T07:25:51.602+0000] {dag.py:3047} INFO - Sync 1 DAGs
[2024-03-09T07:25:51.636+0000] {logging_mixin.py:188} INFO - [2024-03-09T07:25:51.636+0000] {dag.py:3834} INFO - Setting next_dagrun for example_kubernetes_executor to None, run_after=None
[2024-03-09T07:25:51.688+0000] {processor.py:183} INFO - Processing /home/airflow/.local/lib/python3.8/site-packages/airflow/example_dags/example_kubernetes_executor.py took 0.259 seconds
[2024-03-09T07:26:22.160+0000] {processor.py:161} INFO - Started process (PID=2153) to work on /home/airflow/.local/lib/python3.8/site-packages/airflow/example_dags/example_kubernetes_executor.py
[2024-03-09T07:26:22.163+0000] {processor.py:830} INFO - Processing file /home/airflow/.local/lib/python3.8/site-packages/airflow/example_dags/example_kubernetes_executor.py for tasks to queue
[2024-03-09T07:26:22.169+0000] {logging_mixin.py:188} INFO - [2024-03-09T07:26:22.168+0000] {dagbag.py:540} INFO - Filling up the DagBag from /home/airflow/.local/lib/python3.8/site-packages/airflow/example_dags/example_kubernetes_executor.py
[2024-03-09T07:26:22.236+0000] {processor.py:840} INFO - DAG(s) 'example_kubernetes_executor' retrieved from /home/airflow/.local/lib/python3.8/site-packages/airflow/example_dags/example_kubernetes_executor.py
[2024-03-09T07:26:22.417+0000] {logging_mixin.py:188} INFO - [2024-03-09T07:26:22.416+0000] {dag.py:3047} INFO - Sync 1 DAGs
[2024-03-09T07:26:22.466+0000] {logging_mixin.py:188} INFO - [2024-03-09T07:26:22.465+0000] {dag.py:3834} INFO - Setting next_dagrun for example_kubernetes_executor to None, run_after=None
[2024-03-09T07:26:22.532+0000] {processor.py:183} INFO - Processing /home/airflow/.local/lib/python3.8/site-packages/airflow/example_dags/example_kubernetes_executor.py took 0.381 seconds
