[2024-03-09T07:05:57.305+0000] {processor.py:161} INFO - Started process (PID=46) to work on /home/airflow/.local/lib/python3.8/site-packages/airflow/example_dags/example_skip_dag.py
[2024-03-09T07:05:57.314+0000] {processor.py:830} INFO - Processing file /home/airflow/.local/lib/python3.8/site-packages/airflow/example_dags/example_skip_dag.py for tasks to queue
[2024-03-09T07:05:57.338+0000] {logging_mixin.py:188} INFO - [2024-03-09T07:05:57.336+0000] {dagbag.py:540} INFO - Filling up the DagBag from /home/airflow/.local/lib/python3.8/site-packages/airflow/example_dags/example_skip_dag.py
[2024-03-09T07:05:57.533+0000] {processor.py:840} INFO - DAG(s) 'example_skip_dag' retrieved from /home/airflow/.local/lib/python3.8/site-packages/airflow/example_dags/example_skip_dag.py
[2024-03-09T07:06:00.872+0000] {logging_mixin.py:188} INFO - [2024-03-09T07:06:00.802+0000] {dag.py:3047} INFO - Sync 1 DAGs
[2024-03-09T07:06:01.373+0000] {logging_mixin.py:188} INFO - [2024-03-09T07:06:01.372+0000] {dag.py:3834} INFO - Setting next_dagrun for example_skip_dag to 2024-03-08 00:00:00+00:00, run_after=2024-03-09 00:00:00+00:00
[2024-03-09T07:06:01.700+0000] {processor.py:183} INFO - Processing /home/airflow/.local/lib/python3.8/site-packages/airflow/example_dags/example_skip_dag.py took 4.405 seconds
[2024-03-09T07:07:11.578+0000] {processor.py:161} INFO - Started process (PID=108) to work on /home/airflow/.local/lib/python3.8/site-packages/airflow/example_dags/example_skip_dag.py
[2024-03-09T07:07:11.583+0000] {processor.py:830} INFO - Processing file /home/airflow/.local/lib/python3.8/site-packages/airflow/example_dags/example_skip_dag.py for tasks to queue
[2024-03-09T07:07:11.596+0000] {logging_mixin.py:188} INFO - [2024-03-09T07:07:11.594+0000] {dagbag.py:540} INFO - Filling up the DagBag from /home/airflow/.local/lib/python3.8/site-packages/airflow/example_dags/example_skip_dag.py
[2024-03-09T07:07:11.660+0000] {processor.py:840} INFO - DAG(s) 'example_skip_dag' retrieved from /home/airflow/.local/lib/python3.8/site-packages/airflow/example_dags/example_skip_dag.py
[2024-03-09T07:07:12.123+0000] {logging_mixin.py:188} INFO - [2024-03-09T07:07:12.122+0000] {dag.py:3047} INFO - Sync 1 DAGs
[2024-03-09T07:07:12.699+0000] {logging_mixin.py:188} INFO - [2024-03-09T07:07:12.698+0000] {dag.py:3834} INFO - Setting next_dagrun for example_skip_dag to 2024-03-08 00:00:00+00:00, run_after=2024-03-09 00:00:00+00:00
[2024-03-09T07:07:12.892+0000] {processor.py:183} INFO - Processing /home/airflow/.local/lib/python3.8/site-packages/airflow/example_dags/example_skip_dag.py took 1.347 seconds
[2024-03-09T07:07:43.624+0000] {processor.py:161} INFO - Started process (PID=161) to work on /home/airflow/.local/lib/python3.8/site-packages/airflow/example_dags/example_skip_dag.py
[2024-03-09T07:07:43.628+0000] {processor.py:830} INFO - Processing file /home/airflow/.local/lib/python3.8/site-packages/airflow/example_dags/example_skip_dag.py for tasks to queue
[2024-03-09T07:07:43.637+0000] {logging_mixin.py:188} INFO - [2024-03-09T07:07:43.636+0000] {dagbag.py:540} INFO - Filling up the DagBag from /home/airflow/.local/lib/python3.8/site-packages/airflow/example_dags/example_skip_dag.py
[2024-03-09T07:07:43.666+0000] {processor.py:840} INFO - DAG(s) 'example_skip_dag' retrieved from /home/airflow/.local/lib/python3.8/site-packages/airflow/example_dags/example_skip_dag.py
[2024-03-09T07:07:43.745+0000] {logging_mixin.py:188} INFO - [2024-03-09T07:07:43.744+0000] {dag.py:3047} INFO - Sync 1 DAGs
[2024-03-09T07:07:43.837+0000] {logging_mixin.py:188} INFO - [2024-03-09T07:07:43.837+0000] {dag.py:3834} INFO - Setting next_dagrun for example_skip_dag to 2024-03-08 00:00:00+00:00, run_after=2024-03-09 00:00:00+00:00
[2024-03-09T07:07:43.920+0000] {processor.py:183} INFO - Processing /home/airflow/.local/lib/python3.8/site-packages/airflow/example_dags/example_skip_dag.py took 0.310 seconds
[2024-03-09T07:08:14.536+0000] {processor.py:161} INFO - Started process (PID=216) to work on /home/airflow/.local/lib/python3.8/site-packages/airflow/example_dags/example_skip_dag.py
[2024-03-09T07:08:14.542+0000] {processor.py:830} INFO - Processing file /home/airflow/.local/lib/python3.8/site-packages/airflow/example_dags/example_skip_dag.py for tasks to queue
[2024-03-09T07:08:14.573+0000] {logging_mixin.py:188} INFO - [2024-03-09T07:08:14.565+0000] {dagbag.py:540} INFO - Filling up the DagBag from /home/airflow/.local/lib/python3.8/site-packages/airflow/example_dags/example_skip_dag.py
[2024-03-09T07:08:14.749+0000] {processor.py:840} INFO - DAG(s) 'example_skip_dag' retrieved from /home/airflow/.local/lib/python3.8/site-packages/airflow/example_dags/example_skip_dag.py
[2024-03-09T07:08:15.354+0000] {logging_mixin.py:188} INFO - [2024-03-09T07:08:15.353+0000] {dag.py:3047} INFO - Sync 1 DAGs
[2024-03-09T07:08:15.791+0000] {logging_mixin.py:188} INFO - [2024-03-09T07:08:15.790+0000] {dag.py:3834} INFO - Setting next_dagrun for example_skip_dag to 2024-03-08 00:00:00+00:00, run_after=2024-03-09 00:00:00+00:00
[2024-03-09T07:08:16.183+0000] {processor.py:183} INFO - Processing /home/airflow/.local/lib/python3.8/site-packages/airflow/example_dags/example_skip_dag.py took 1.687 seconds
[2024-03-09T07:08:46.751+0000] {processor.py:161} INFO - Started process (PID=271) to work on /home/airflow/.local/lib/python3.8/site-packages/airflow/example_dags/example_skip_dag.py
[2024-03-09T07:08:46.755+0000] {processor.py:830} INFO - Processing file /home/airflow/.local/lib/python3.8/site-packages/airflow/example_dags/example_skip_dag.py for tasks to queue
[2024-03-09T07:08:46.762+0000] {logging_mixin.py:188} INFO - [2024-03-09T07:08:46.761+0000] {dagbag.py:540} INFO - Filling up the DagBag from /home/airflow/.local/lib/python3.8/site-packages/airflow/example_dags/example_skip_dag.py
[2024-03-09T07:08:46.781+0000] {processor.py:840} INFO - DAG(s) 'example_skip_dag' retrieved from /home/airflow/.local/lib/python3.8/site-packages/airflow/example_dags/example_skip_dag.py
[2024-03-09T07:08:46.901+0000] {logging_mixin.py:188} INFO - [2024-03-09T07:08:46.900+0000] {dag.py:3047} INFO - Sync 1 DAGs
[2024-03-09T07:08:47.072+0000] {logging_mixin.py:188} INFO - [2024-03-09T07:08:47.071+0000] {dag.py:3834} INFO - Setting next_dagrun for example_skip_dag to 2024-03-08 00:00:00+00:00, run_after=2024-03-09 00:00:00+00:00
[2024-03-09T07:08:47.147+0000] {processor.py:183} INFO - Processing /home/airflow/.local/lib/python3.8/site-packages/airflow/example_dags/example_skip_dag.py took 0.406 seconds
[2024-03-09T07:09:17.439+0000] {processor.py:161} INFO - Started process (PID=326) to work on /home/airflow/.local/lib/python3.8/site-packages/airflow/example_dags/example_skip_dag.py
[2024-03-09T07:09:17.446+0000] {processor.py:830} INFO - Processing file /home/airflow/.local/lib/python3.8/site-packages/airflow/example_dags/example_skip_dag.py for tasks to queue
[2024-03-09T07:09:17.462+0000] {logging_mixin.py:188} INFO - [2024-03-09T07:09:17.461+0000] {dagbag.py:540} INFO - Filling up the DagBag from /home/airflow/.local/lib/python3.8/site-packages/airflow/example_dags/example_skip_dag.py
[2024-03-09T07:09:17.486+0000] {processor.py:840} INFO - DAG(s) 'example_skip_dag' retrieved from /home/airflow/.local/lib/python3.8/site-packages/airflow/example_dags/example_skip_dag.py
[2024-03-09T07:09:17.566+0000] {logging_mixin.py:188} INFO - [2024-03-09T07:09:17.565+0000] {dag.py:3047} INFO - Sync 1 DAGs
[2024-03-09T07:09:17.651+0000] {logging_mixin.py:188} INFO - [2024-03-09T07:09:17.650+0000] {dag.py:3834} INFO - Setting next_dagrun for example_skip_dag to 2024-03-08 00:00:00+00:00, run_after=2024-03-09 00:00:00+00:00
[2024-03-09T07:09:17.707+0000] {processor.py:183} INFO - Processing /home/airflow/.local/lib/python3.8/site-packages/airflow/example_dags/example_skip_dag.py took 0.289 seconds
[2024-03-09T07:09:48.083+0000] {processor.py:161} INFO - Started process (PID=381) to work on /home/airflow/.local/lib/python3.8/site-packages/airflow/example_dags/example_skip_dag.py
[2024-03-09T07:09:48.088+0000] {processor.py:830} INFO - Processing file /home/airflow/.local/lib/python3.8/site-packages/airflow/example_dags/example_skip_dag.py for tasks to queue
[2024-03-09T07:09:48.098+0000] {logging_mixin.py:188} INFO - [2024-03-09T07:09:48.096+0000] {dagbag.py:540} INFO - Filling up the DagBag from /home/airflow/.local/lib/python3.8/site-packages/airflow/example_dags/example_skip_dag.py
[2024-03-09T07:09:48.132+0000] {processor.py:840} INFO - DAG(s) 'example_skip_dag' retrieved from /home/airflow/.local/lib/python3.8/site-packages/airflow/example_dags/example_skip_dag.py
[2024-03-09T07:09:48.236+0000] {logging_mixin.py:188} INFO - [2024-03-09T07:09:48.235+0000] {dag.py:3047} INFO - Sync 1 DAGs
[2024-03-09T07:09:48.335+0000] {logging_mixin.py:188} INFO - [2024-03-09T07:09:48.334+0000] {dag.py:3834} INFO - Setting next_dagrun for example_skip_dag to 2024-03-08 00:00:00+00:00, run_after=2024-03-09 00:00:00+00:00
[2024-03-09T07:09:48.458+0000] {processor.py:183} INFO - Processing /home/airflow/.local/lib/python3.8/site-packages/airflow/example_dags/example_skip_dag.py took 0.390 seconds
[2024-03-09T07:10:18.931+0000] {processor.py:161} INFO - Started process (PID=435) to work on /home/airflow/.local/lib/python3.8/site-packages/airflow/example_dags/example_skip_dag.py
[2024-03-09T07:10:18.938+0000] {processor.py:830} INFO - Processing file /home/airflow/.local/lib/python3.8/site-packages/airflow/example_dags/example_skip_dag.py for tasks to queue
[2024-03-09T07:10:18.953+0000] {logging_mixin.py:188} INFO - [2024-03-09T07:10:18.950+0000] {dagbag.py:540} INFO - Filling up the DagBag from /home/airflow/.local/lib/python3.8/site-packages/airflow/example_dags/example_skip_dag.py
[2024-03-09T07:10:19.002+0000] {processor.py:840} INFO - DAG(s) 'example_skip_dag' retrieved from /home/airflow/.local/lib/python3.8/site-packages/airflow/example_dags/example_skip_dag.py
[2024-03-09T07:10:19.124+0000] {logging_mixin.py:188} INFO - [2024-03-09T07:10:19.124+0000] {dag.py:3047} INFO - Sync 1 DAGs
[2024-03-09T07:10:19.192+0000] {logging_mixin.py:188} INFO - [2024-03-09T07:10:19.192+0000] {dag.py:3834} INFO - Setting next_dagrun for example_skip_dag to 2024-03-08 00:00:00+00:00, run_after=2024-03-09 00:00:00+00:00
[2024-03-09T07:10:19.247+0000] {processor.py:183} INFO - Processing /home/airflow/.local/lib/python3.8/site-packages/airflow/example_dags/example_skip_dag.py took 0.333 seconds
[2024-03-09T07:10:49.921+0000] {processor.py:161} INFO - Started process (PID=490) to work on /home/airflow/.local/lib/python3.8/site-packages/airflow/example_dags/example_skip_dag.py
[2024-03-09T07:10:49.930+0000] {processor.py:830} INFO - Processing file /home/airflow/.local/lib/python3.8/site-packages/airflow/example_dags/example_skip_dag.py for tasks to queue
[2024-03-09T07:10:49.942+0000] {logging_mixin.py:188} INFO - [2024-03-09T07:10:49.940+0000] {dagbag.py:540} INFO - Filling up the DagBag from /home/airflow/.local/lib/python3.8/site-packages/airflow/example_dags/example_skip_dag.py
[2024-03-09T07:10:50.008+0000] {processor.py:840} INFO - DAG(s) 'example_skip_dag' retrieved from /home/airflow/.local/lib/python3.8/site-packages/airflow/example_dags/example_skip_dag.py
[2024-03-09T07:10:50.133+0000] {logging_mixin.py:188} INFO - [2024-03-09T07:10:50.132+0000] {dag.py:3047} INFO - Sync 1 DAGs
[2024-03-09T07:10:50.195+0000] {logging_mixin.py:188} INFO - [2024-03-09T07:10:50.194+0000] {dag.py:3834} INFO - Setting next_dagrun for example_skip_dag to 2024-03-08 00:00:00+00:00, run_after=2024-03-09 00:00:00+00:00
[2024-03-09T07:10:50.248+0000] {processor.py:183} INFO - Processing /home/airflow/.local/lib/python3.8/site-packages/airflow/example_dags/example_skip_dag.py took 0.349 seconds
[2024-03-09T07:11:20.835+0000] {processor.py:161} INFO - Started process (PID=545) to work on /home/airflow/.local/lib/python3.8/site-packages/airflow/example_dags/example_skip_dag.py
[2024-03-09T07:11:20.838+0000] {processor.py:830} INFO - Processing file /home/airflow/.local/lib/python3.8/site-packages/airflow/example_dags/example_skip_dag.py for tasks to queue
[2024-03-09T07:11:20.845+0000] {logging_mixin.py:188} INFO - [2024-03-09T07:11:20.844+0000] {dagbag.py:540} INFO - Filling up the DagBag from /home/airflow/.local/lib/python3.8/site-packages/airflow/example_dags/example_skip_dag.py
[2024-03-09T07:11:20.864+0000] {processor.py:840} INFO - DAG(s) 'example_skip_dag' retrieved from /home/airflow/.local/lib/python3.8/site-packages/airflow/example_dags/example_skip_dag.py
[2024-03-09T07:11:20.924+0000] {logging_mixin.py:188} INFO - [2024-03-09T07:11:20.924+0000] {dag.py:3047} INFO - Sync 1 DAGs
[2024-03-09T07:11:20.993+0000] {logging_mixin.py:188} INFO - [2024-03-09T07:11:20.993+0000] {dag.py:3834} INFO - Setting next_dagrun for example_skip_dag to 2024-03-08 00:00:00+00:00, run_after=2024-03-09 00:00:00+00:00
[2024-03-09T07:11:21.055+0000] {processor.py:183} INFO - Processing /home/airflow/.local/lib/python3.8/site-packages/airflow/example_dags/example_skip_dag.py took 0.231 seconds
[2024-03-09T07:11:51.769+0000] {processor.py:161} INFO - Started process (PID=600) to work on /home/airflow/.local/lib/python3.8/site-packages/airflow/example_dags/example_skip_dag.py
[2024-03-09T07:11:51.778+0000] {processor.py:830} INFO - Processing file /home/airflow/.local/lib/python3.8/site-packages/airflow/example_dags/example_skip_dag.py for tasks to queue
[2024-03-09T07:11:51.791+0000] {logging_mixin.py:188} INFO - [2024-03-09T07:11:51.789+0000] {dagbag.py:540} INFO - Filling up the DagBag from /home/airflow/.local/lib/python3.8/site-packages/airflow/example_dags/example_skip_dag.py
[2024-03-09T07:11:51.837+0000] {processor.py:840} INFO - DAG(s) 'example_skip_dag' retrieved from /home/airflow/.local/lib/python3.8/site-packages/airflow/example_dags/example_skip_dag.py
[2024-03-09T07:11:51.912+0000] {logging_mixin.py:188} INFO - [2024-03-09T07:11:51.911+0000] {dag.py:3047} INFO - Sync 1 DAGs
[2024-03-09T07:11:51.972+0000] {logging_mixin.py:188} INFO - [2024-03-09T07:11:51.971+0000] {dag.py:3834} INFO - Setting next_dagrun for example_skip_dag to 2024-03-08 00:00:00+00:00, run_after=2024-03-09 00:00:00+00:00
[2024-03-09T07:11:52.046+0000] {processor.py:183} INFO - Processing /home/airflow/.local/lib/python3.8/site-packages/airflow/example_dags/example_skip_dag.py took 0.296 seconds
[2024-03-09T07:12:22.251+0000] {processor.py:161} INFO - Started process (PID=655) to work on /home/airflow/.local/lib/python3.8/site-packages/airflow/example_dags/example_skip_dag.py
[2024-03-09T07:12:22.257+0000] {processor.py:830} INFO - Processing file /home/airflow/.local/lib/python3.8/site-packages/airflow/example_dags/example_skip_dag.py for tasks to queue
[2024-03-09T07:12:22.272+0000] {logging_mixin.py:188} INFO - [2024-03-09T07:12:22.270+0000] {dagbag.py:540} INFO - Filling up the DagBag from /home/airflow/.local/lib/python3.8/site-packages/airflow/example_dags/example_skip_dag.py
[2024-03-09T07:12:22.308+0000] {processor.py:840} INFO - DAG(s) 'example_skip_dag' retrieved from /home/airflow/.local/lib/python3.8/site-packages/airflow/example_dags/example_skip_dag.py
[2024-03-09T07:12:22.424+0000] {logging_mixin.py:188} INFO - [2024-03-09T07:12:22.424+0000] {dag.py:3047} INFO - Sync 1 DAGs
[2024-03-09T07:12:22.499+0000] {logging_mixin.py:188} INFO - [2024-03-09T07:12:22.499+0000] {dag.py:3834} INFO - Setting next_dagrun for example_skip_dag to 2024-03-08 00:00:00+00:00, run_after=2024-03-09 00:00:00+00:00
[2024-03-09T07:12:22.563+0000] {processor.py:183} INFO - Processing /home/airflow/.local/lib/python3.8/site-packages/airflow/example_dags/example_skip_dag.py took 0.329 seconds
[2024-03-09T07:12:53.310+0000] {processor.py:161} INFO - Started process (PID=710) to work on /home/airflow/.local/lib/python3.8/site-packages/airflow/example_dags/example_skip_dag.py
[2024-03-09T07:12:53.313+0000] {processor.py:830} INFO - Processing file /home/airflow/.local/lib/python3.8/site-packages/airflow/example_dags/example_skip_dag.py for tasks to queue
[2024-03-09T07:12:53.319+0000] {logging_mixin.py:188} INFO - [2024-03-09T07:12:53.318+0000] {dagbag.py:540} INFO - Filling up the DagBag from /home/airflow/.local/lib/python3.8/site-packages/airflow/example_dags/example_skip_dag.py
[2024-03-09T07:12:53.339+0000] {processor.py:840} INFO - DAG(s) 'example_skip_dag' retrieved from /home/airflow/.local/lib/python3.8/site-packages/airflow/example_dags/example_skip_dag.py
[2024-03-09T07:12:53.408+0000] {logging_mixin.py:188} INFO - [2024-03-09T07:12:53.407+0000] {dag.py:3047} INFO - Sync 1 DAGs
[2024-03-09T07:12:53.488+0000] {logging_mixin.py:188} INFO - [2024-03-09T07:12:53.487+0000] {dag.py:3834} INFO - Setting next_dagrun for example_skip_dag to 2024-03-08 00:00:00+00:00, run_after=2024-03-09 00:00:00+00:00
[2024-03-09T07:12:53.551+0000] {processor.py:183} INFO - Processing /home/airflow/.local/lib/python3.8/site-packages/airflow/example_dags/example_skip_dag.py took 0.250 seconds
[2024-03-09T07:13:24.351+0000] {processor.py:161} INFO - Started process (PID=765) to work on /home/airflow/.local/lib/python3.8/site-packages/airflow/example_dags/example_skip_dag.py
[2024-03-09T07:13:24.354+0000] {processor.py:830} INFO - Processing file /home/airflow/.local/lib/python3.8/site-packages/airflow/example_dags/example_skip_dag.py for tasks to queue
[2024-03-09T07:13:24.361+0000] {logging_mixin.py:188} INFO - [2024-03-09T07:13:24.360+0000] {dagbag.py:540} INFO - Filling up the DagBag from /home/airflow/.local/lib/python3.8/site-packages/airflow/example_dags/example_skip_dag.py
[2024-03-09T07:13:24.383+0000] {processor.py:840} INFO - DAG(s) 'example_skip_dag' retrieved from /home/airflow/.local/lib/python3.8/site-packages/airflow/example_dags/example_skip_dag.py
[2024-03-09T07:13:24.452+0000] {logging_mixin.py:188} INFO - [2024-03-09T07:13:24.451+0000] {dag.py:3047} INFO - Sync 1 DAGs
[2024-03-09T07:13:24.540+0000] {logging_mixin.py:188} INFO - [2024-03-09T07:13:24.539+0000] {dag.py:3834} INFO - Setting next_dagrun for example_skip_dag to 2024-03-08 00:00:00+00:00, run_after=2024-03-09 00:00:00+00:00
[2024-03-09T07:13:24.614+0000] {processor.py:183} INFO - Processing /home/airflow/.local/lib/python3.8/site-packages/airflow/example_dags/example_skip_dag.py took 0.275 seconds
[2024-03-09T07:13:54.783+0000] {processor.py:161} INFO - Started process (PID=820) to work on /home/airflow/.local/lib/python3.8/site-packages/airflow/example_dags/example_skip_dag.py
[2024-03-09T07:13:54.788+0000] {processor.py:830} INFO - Processing file /home/airflow/.local/lib/python3.8/site-packages/airflow/example_dags/example_skip_dag.py for tasks to queue
[2024-03-09T07:13:54.802+0000] {logging_mixin.py:188} INFO - [2024-03-09T07:13:54.800+0000] {dagbag.py:540} INFO - Filling up the DagBag from /home/airflow/.local/lib/python3.8/site-packages/airflow/example_dags/example_skip_dag.py
[2024-03-09T07:13:54.832+0000] {processor.py:840} INFO - DAG(s) 'example_skip_dag' retrieved from /home/airflow/.local/lib/python3.8/site-packages/airflow/example_dags/example_skip_dag.py
[2024-03-09T07:13:54.931+0000] {logging_mixin.py:188} INFO - [2024-03-09T07:13:54.930+0000] {dag.py:3047} INFO - Sync 1 DAGs
[2024-03-09T07:13:55.024+0000] {logging_mixin.py:188} INFO - [2024-03-09T07:13:55.023+0000] {dag.py:3834} INFO - Setting next_dagrun for example_skip_dag to 2024-03-08 00:00:00+00:00, run_after=2024-03-09 00:00:00+00:00
[2024-03-09T07:13:55.075+0000] {processor.py:183} INFO - Processing /home/airflow/.local/lib/python3.8/site-packages/airflow/example_dags/example_skip_dag.py took 0.313 seconds
[2024-03-09T07:14:26.025+0000] {processor.py:161} INFO - Started process (PID=875) to work on /home/airflow/.local/lib/python3.8/site-packages/airflow/example_dags/example_skip_dag.py
[2024-03-09T07:14:26.030+0000] {processor.py:830} INFO - Processing file /home/airflow/.local/lib/python3.8/site-packages/airflow/example_dags/example_skip_dag.py for tasks to queue
[2024-03-09T07:14:26.039+0000] {logging_mixin.py:188} INFO - [2024-03-09T07:14:26.037+0000] {dagbag.py:540} INFO - Filling up the DagBag from /home/airflow/.local/lib/python3.8/site-packages/airflow/example_dags/example_skip_dag.py
[2024-03-09T07:14:26.063+0000] {processor.py:840} INFO - DAG(s) 'example_skip_dag' retrieved from /home/airflow/.local/lib/python3.8/site-packages/airflow/example_dags/example_skip_dag.py
[2024-03-09T07:14:26.162+0000] {logging_mixin.py:188} INFO - [2024-03-09T07:14:26.161+0000] {dag.py:3047} INFO - Sync 1 DAGs
[2024-03-09T07:14:26.275+0000] {logging_mixin.py:188} INFO - [2024-03-09T07:14:26.274+0000] {dag.py:3834} INFO - Setting next_dagrun for example_skip_dag to 2024-03-08 00:00:00+00:00, run_after=2024-03-09 00:00:00+00:00
[2024-03-09T07:14:26.347+0000] {processor.py:183} INFO - Processing /home/airflow/.local/lib/python3.8/site-packages/airflow/example_dags/example_skip_dag.py took 0.336 seconds
[2024-03-09T07:14:56.619+0000] {processor.py:161} INFO - Started process (PID=930) to work on /home/airflow/.local/lib/python3.8/site-packages/airflow/example_dags/example_skip_dag.py
[2024-03-09T07:14:56.623+0000] {processor.py:830} INFO - Processing file /home/airflow/.local/lib/python3.8/site-packages/airflow/example_dags/example_skip_dag.py for tasks to queue
[2024-03-09T07:14:56.630+0000] {logging_mixin.py:188} INFO - [2024-03-09T07:14:56.629+0000] {dagbag.py:540} INFO - Filling up the DagBag from /home/airflow/.local/lib/python3.8/site-packages/airflow/example_dags/example_skip_dag.py
[2024-03-09T07:14:56.676+0000] {processor.py:840} INFO - DAG(s) 'example_skip_dag' retrieved from /home/airflow/.local/lib/python3.8/site-packages/airflow/example_dags/example_skip_dag.py
[2024-03-09T07:14:56.791+0000] {logging_mixin.py:188} INFO - [2024-03-09T07:14:56.790+0000] {dag.py:3047} INFO - Sync 1 DAGs
[2024-03-09T07:14:56.898+0000] {logging_mixin.py:188} INFO - [2024-03-09T07:14:56.897+0000] {dag.py:3834} INFO - Setting next_dagrun for example_skip_dag to 2024-03-08 00:00:00+00:00, run_after=2024-03-09 00:00:00+00:00
[2024-03-09T07:14:56.996+0000] {processor.py:183} INFO - Processing /home/airflow/.local/lib/python3.8/site-packages/airflow/example_dags/example_skip_dag.py took 0.388 seconds
[2024-03-09T07:15:27.671+0000] {processor.py:161} INFO - Started process (PID=985) to work on /home/airflow/.local/lib/python3.8/site-packages/airflow/example_dags/example_skip_dag.py
[2024-03-09T07:15:27.677+0000] {processor.py:830} INFO - Processing file /home/airflow/.local/lib/python3.8/site-packages/airflow/example_dags/example_skip_dag.py for tasks to queue
[2024-03-09T07:15:27.689+0000] {logging_mixin.py:188} INFO - [2024-03-09T07:15:27.687+0000] {dagbag.py:540} INFO - Filling up the DagBag from /home/airflow/.local/lib/python3.8/site-packages/airflow/example_dags/example_skip_dag.py
[2024-03-09T07:15:27.727+0000] {processor.py:840} INFO - DAG(s) 'example_skip_dag' retrieved from /home/airflow/.local/lib/python3.8/site-packages/airflow/example_dags/example_skip_dag.py
[2024-03-09T07:15:27.847+0000] {logging_mixin.py:188} INFO - [2024-03-09T07:15:27.845+0000] {dag.py:3047} INFO - Sync 1 DAGs
[2024-03-09T07:15:27.966+0000] {logging_mixin.py:188} INFO - [2024-03-09T07:15:27.965+0000] {dag.py:3834} INFO - Setting next_dagrun for example_skip_dag to 2024-03-08 00:00:00+00:00, run_after=2024-03-09 00:00:00+00:00
[2024-03-09T07:15:28.071+0000] {processor.py:183} INFO - Processing /home/airflow/.local/lib/python3.8/site-packages/airflow/example_dags/example_skip_dag.py took 0.416 seconds
[2024-03-09T07:15:58.672+0000] {processor.py:161} INFO - Started process (PID=1040) to work on /home/airflow/.local/lib/python3.8/site-packages/airflow/example_dags/example_skip_dag.py
[2024-03-09T07:15:58.683+0000] {processor.py:830} INFO - Processing file /home/airflow/.local/lib/python3.8/site-packages/airflow/example_dags/example_skip_dag.py for tasks to queue
[2024-03-09T07:15:58.694+0000] {logging_mixin.py:188} INFO - [2024-03-09T07:15:58.692+0000] {dagbag.py:540} INFO - Filling up the DagBag from /home/airflow/.local/lib/python3.8/site-packages/airflow/example_dags/example_skip_dag.py
[2024-03-09T07:15:58.724+0000] {processor.py:840} INFO - DAG(s) 'example_skip_dag' retrieved from /home/airflow/.local/lib/python3.8/site-packages/airflow/example_dags/example_skip_dag.py
[2024-03-09T07:15:58.799+0000] {logging_mixin.py:188} INFO - [2024-03-09T07:15:58.799+0000] {dag.py:3047} INFO - Sync 1 DAGs
[2024-03-09T07:15:58.875+0000] {logging_mixin.py:188} INFO - [2024-03-09T07:15:58.874+0000] {dag.py:3834} INFO - Setting next_dagrun for example_skip_dag to 2024-03-08 00:00:00+00:00, run_after=2024-03-09 00:00:00+00:00
[2024-03-09T07:15:58.941+0000] {processor.py:183} INFO - Processing /home/airflow/.local/lib/python3.8/site-packages/airflow/example_dags/example_skip_dag.py took 0.287 seconds
[2024-03-09T07:16:29.487+0000] {processor.py:161} INFO - Started process (PID=1095) to work on /home/airflow/.local/lib/python3.8/site-packages/airflow/example_dags/example_skip_dag.py
[2024-03-09T07:16:29.500+0000] {processor.py:830} INFO - Processing file /home/airflow/.local/lib/python3.8/site-packages/airflow/example_dags/example_skip_dag.py for tasks to queue
[2024-03-09T07:16:29.516+0000] {logging_mixin.py:188} INFO - [2024-03-09T07:16:29.515+0000] {dagbag.py:540} INFO - Filling up the DagBag from /home/airflow/.local/lib/python3.8/site-packages/airflow/example_dags/example_skip_dag.py
[2024-03-09T07:16:29.544+0000] {processor.py:840} INFO - DAG(s) 'example_skip_dag' retrieved from /home/airflow/.local/lib/python3.8/site-packages/airflow/example_dags/example_skip_dag.py
[2024-03-09T07:16:29.605+0000] {logging_mixin.py:188} INFO - [2024-03-09T07:16:29.605+0000] {dag.py:3047} INFO - Sync 1 DAGs
[2024-03-09T07:16:29.677+0000] {logging_mixin.py:188} INFO - [2024-03-09T07:16:29.676+0000] {dag.py:3834} INFO - Setting next_dagrun for example_skip_dag to 2024-03-08 00:00:00+00:00, run_after=2024-03-09 00:00:00+00:00
[2024-03-09T07:16:29.738+0000] {processor.py:183} INFO - Processing /home/airflow/.local/lib/python3.8/site-packages/airflow/example_dags/example_skip_dag.py took 0.286 seconds
[2024-03-09T07:17:00.286+0000] {processor.py:161} INFO - Started process (PID=1148) to work on /home/airflow/.local/lib/python3.8/site-packages/airflow/example_dags/example_skip_dag.py
[2024-03-09T07:17:00.293+0000] {processor.py:830} INFO - Processing file /home/airflow/.local/lib/python3.8/site-packages/airflow/example_dags/example_skip_dag.py for tasks to queue
[2024-03-09T07:17:00.305+0000] {logging_mixin.py:188} INFO - [2024-03-09T07:17:00.303+0000] {dagbag.py:540} INFO - Filling up the DagBag from /home/airflow/.local/lib/python3.8/site-packages/airflow/example_dags/example_skip_dag.py
[2024-03-09T07:17:00.343+0000] {processor.py:840} INFO - DAG(s) 'example_skip_dag' retrieved from /home/airflow/.local/lib/python3.8/site-packages/airflow/example_dags/example_skip_dag.py
[2024-03-09T07:17:00.469+0000] {logging_mixin.py:188} INFO - [2024-03-09T07:17:00.467+0000] {dag.py:3047} INFO - Sync 1 DAGs
[2024-03-09T07:17:00.605+0000] {logging_mixin.py:188} INFO - [2024-03-09T07:17:00.604+0000] {dag.py:3834} INFO - Setting next_dagrun for example_skip_dag to 2024-03-08 00:00:00+00:00, run_after=2024-03-09 00:00:00+00:00
[2024-03-09T07:17:00.715+0000] {processor.py:183} INFO - Processing /home/airflow/.local/lib/python3.8/site-packages/airflow/example_dags/example_skip_dag.py took 0.451 seconds
[2024-03-09T07:17:31.230+0000] {processor.py:161} INFO - Started process (PID=1203) to work on /home/airflow/.local/lib/python3.8/site-packages/airflow/example_dags/example_skip_dag.py
[2024-03-09T07:17:31.237+0000] {processor.py:830} INFO - Processing file /home/airflow/.local/lib/python3.8/site-packages/airflow/example_dags/example_skip_dag.py for tasks to queue
[2024-03-09T07:17:31.251+0000] {logging_mixin.py:188} INFO - [2024-03-09T07:17:31.249+0000] {dagbag.py:540} INFO - Filling up the DagBag from /home/airflow/.local/lib/python3.8/site-packages/airflow/example_dags/example_skip_dag.py
[2024-03-09T07:17:31.289+0000] {processor.py:840} INFO - DAG(s) 'example_skip_dag' retrieved from /home/airflow/.local/lib/python3.8/site-packages/airflow/example_dags/example_skip_dag.py
[2024-03-09T07:17:31.440+0000] {logging_mixin.py:188} INFO - [2024-03-09T07:17:31.439+0000] {dag.py:3047} INFO - Sync 1 DAGs
[2024-03-09T07:17:31.605+0000] {logging_mixin.py:188} INFO - [2024-03-09T07:17:31.604+0000] {dag.py:3834} INFO - Setting next_dagrun for example_skip_dag to 2024-03-08 00:00:00+00:00, run_after=2024-03-09 00:00:00+00:00
[2024-03-09T07:17:31.707+0000] {processor.py:183} INFO - Processing /home/airflow/.local/lib/python3.8/site-packages/airflow/example_dags/example_skip_dag.py took 0.496 seconds
[2024-03-09T07:18:02.030+0000] {processor.py:161} INFO - Started process (PID=1258) to work on /home/airflow/.local/lib/python3.8/site-packages/airflow/example_dags/example_skip_dag.py
[2024-03-09T07:18:02.035+0000] {processor.py:830} INFO - Processing file /home/airflow/.local/lib/python3.8/site-packages/airflow/example_dags/example_skip_dag.py for tasks to queue
[2024-03-09T07:18:02.047+0000] {logging_mixin.py:188} INFO - [2024-03-09T07:18:02.045+0000] {dagbag.py:540} INFO - Filling up the DagBag from /home/airflow/.local/lib/python3.8/site-packages/airflow/example_dags/example_skip_dag.py
[2024-03-09T07:18:02.087+0000] {processor.py:840} INFO - DAG(s) 'example_skip_dag' retrieved from /home/airflow/.local/lib/python3.8/site-packages/airflow/example_dags/example_skip_dag.py
[2024-03-09T07:18:02.214+0000] {logging_mixin.py:188} INFO - [2024-03-09T07:18:02.213+0000] {dag.py:3047} INFO - Sync 1 DAGs
[2024-03-09T07:18:02.367+0000] {logging_mixin.py:188} INFO - [2024-03-09T07:18:02.366+0000] {dag.py:3834} INFO - Setting next_dagrun for example_skip_dag to 2024-03-08 00:00:00+00:00, run_after=2024-03-09 00:00:00+00:00
[2024-03-09T07:18:02.467+0000] {processor.py:183} INFO - Processing /home/airflow/.local/lib/python3.8/site-packages/airflow/example_dags/example_skip_dag.py took 0.455 seconds
[2024-03-09T07:18:33.137+0000] {processor.py:161} INFO - Started process (PID=1313) to work on /home/airflow/.local/lib/python3.8/site-packages/airflow/example_dags/example_skip_dag.py
[2024-03-09T07:18:33.141+0000] {processor.py:830} INFO - Processing file /home/airflow/.local/lib/python3.8/site-packages/airflow/example_dags/example_skip_dag.py for tasks to queue
[2024-03-09T07:18:33.148+0000] {logging_mixin.py:188} INFO - [2024-03-09T07:18:33.147+0000] {dagbag.py:540} INFO - Filling up the DagBag from /home/airflow/.local/lib/python3.8/site-packages/airflow/example_dags/example_skip_dag.py
[2024-03-09T07:18:33.171+0000] {processor.py:840} INFO - DAG(s) 'example_skip_dag' retrieved from /home/airflow/.local/lib/python3.8/site-packages/airflow/example_dags/example_skip_dag.py
[2024-03-09T07:18:33.265+0000] {logging_mixin.py:188} INFO - [2024-03-09T07:18:33.264+0000] {dag.py:3047} INFO - Sync 1 DAGs
[2024-03-09T07:18:33.353+0000] {logging_mixin.py:188} INFO - [2024-03-09T07:18:33.352+0000] {dag.py:3834} INFO - Setting next_dagrun for example_skip_dag to 2024-03-08 00:00:00+00:00, run_after=2024-03-09 00:00:00+00:00
[2024-03-09T07:18:33.403+0000] {processor.py:183} INFO - Processing /home/airflow/.local/lib/python3.8/site-packages/airflow/example_dags/example_skip_dag.py took 0.278 seconds
[2024-03-09T07:19:03.886+0000] {processor.py:161} INFO - Started process (PID=1368) to work on /home/airflow/.local/lib/python3.8/site-packages/airflow/example_dags/example_skip_dag.py
[2024-03-09T07:19:03.894+0000] {processor.py:830} INFO - Processing file /home/airflow/.local/lib/python3.8/site-packages/airflow/example_dags/example_skip_dag.py for tasks to queue
[2024-03-09T07:19:03.904+0000] {logging_mixin.py:188} INFO - [2024-03-09T07:19:03.902+0000] {dagbag.py:540} INFO - Filling up the DagBag from /home/airflow/.local/lib/python3.8/site-packages/airflow/example_dags/example_skip_dag.py
[2024-03-09T07:19:03.941+0000] {processor.py:840} INFO - DAG(s) 'example_skip_dag' retrieved from /home/airflow/.local/lib/python3.8/site-packages/airflow/example_dags/example_skip_dag.py
[2024-03-09T07:19:04.066+0000] {logging_mixin.py:188} INFO - [2024-03-09T07:19:04.065+0000] {dag.py:3047} INFO - Sync 1 DAGs
[2024-03-09T07:19:04.204+0000] {logging_mixin.py:188} INFO - [2024-03-09T07:19:04.203+0000] {dag.py:3834} INFO - Setting next_dagrun for example_skip_dag to 2024-03-08 00:00:00+00:00, run_after=2024-03-09 00:00:00+00:00
[2024-03-09T07:19:04.322+0000] {processor.py:183} INFO - Processing /home/airflow/.local/lib/python3.8/site-packages/airflow/example_dags/example_skip_dag.py took 0.452 seconds
[2024-03-09T07:19:35.050+0000] {processor.py:161} INFO - Started process (PID=1423) to work on /home/airflow/.local/lib/python3.8/site-packages/airflow/example_dags/example_skip_dag.py
[2024-03-09T07:19:35.055+0000] {processor.py:830} INFO - Processing file /home/airflow/.local/lib/python3.8/site-packages/airflow/example_dags/example_skip_dag.py for tasks to queue
[2024-03-09T07:19:35.065+0000] {logging_mixin.py:188} INFO - [2024-03-09T07:19:35.063+0000] {dagbag.py:540} INFO - Filling up the DagBag from /home/airflow/.local/lib/python3.8/site-packages/airflow/example_dags/example_skip_dag.py
[2024-03-09T07:19:35.100+0000] {processor.py:840} INFO - DAG(s) 'example_skip_dag' retrieved from /home/airflow/.local/lib/python3.8/site-packages/airflow/example_dags/example_skip_dag.py
[2024-03-09T07:19:35.215+0000] {logging_mixin.py:188} INFO - [2024-03-09T07:19:35.214+0000] {dag.py:3047} INFO - Sync 1 DAGs
[2024-03-09T07:19:35.334+0000] {logging_mixin.py:188} INFO - [2024-03-09T07:19:35.333+0000] {dag.py:3834} INFO - Setting next_dagrun for example_skip_dag to 2024-03-08 00:00:00+00:00, run_after=2024-03-09 00:00:00+00:00
[2024-03-09T07:19:35.408+0000] {processor.py:183} INFO - Processing /home/airflow/.local/lib/python3.8/site-packages/airflow/example_dags/example_skip_dag.py took 0.374 seconds
[2024-03-09T07:20:05.819+0000] {processor.py:161} INFO - Started process (PID=1478) to work on /home/airflow/.local/lib/python3.8/site-packages/airflow/example_dags/example_skip_dag.py
[2024-03-09T07:20:05.825+0000] {processor.py:830} INFO - Processing file /home/airflow/.local/lib/python3.8/site-packages/airflow/example_dags/example_skip_dag.py for tasks to queue
[2024-03-09T07:20:05.837+0000] {logging_mixin.py:188} INFO - [2024-03-09T07:20:05.835+0000] {dagbag.py:540} INFO - Filling up the DagBag from /home/airflow/.local/lib/python3.8/site-packages/airflow/example_dags/example_skip_dag.py
[2024-03-09T07:20:05.878+0000] {processor.py:840} INFO - DAG(s) 'example_skip_dag' retrieved from /home/airflow/.local/lib/python3.8/site-packages/airflow/example_dags/example_skip_dag.py
[2024-03-09T07:20:06.008+0000] {logging_mixin.py:188} INFO - [2024-03-09T07:20:06.006+0000] {dag.py:3047} INFO - Sync 1 DAGs
[2024-03-09T07:20:06.185+0000] {logging_mixin.py:188} INFO - [2024-03-09T07:20:06.183+0000] {dag.py:3834} INFO - Setting next_dagrun for example_skip_dag to 2024-03-08 00:00:00+00:00, run_after=2024-03-09 00:00:00+00:00
[2024-03-09T07:20:06.332+0000] {processor.py:183} INFO - Processing /home/airflow/.local/lib/python3.8/site-packages/airflow/example_dags/example_skip_dag.py took 0.532 seconds
[2024-03-09T07:20:36.607+0000] {processor.py:161} INFO - Started process (PID=1533) to work on /home/airflow/.local/lib/python3.8/site-packages/airflow/example_dags/example_skip_dag.py
[2024-03-09T07:20:36.611+0000] {processor.py:830} INFO - Processing file /home/airflow/.local/lib/python3.8/site-packages/airflow/example_dags/example_skip_dag.py for tasks to queue
[2024-03-09T07:20:36.619+0000] {logging_mixin.py:188} INFO - [2024-03-09T07:20:36.618+0000] {dagbag.py:540} INFO - Filling up the DagBag from /home/airflow/.local/lib/python3.8/site-packages/airflow/example_dags/example_skip_dag.py
[2024-03-09T07:20:36.655+0000] {processor.py:840} INFO - DAG(s) 'example_skip_dag' retrieved from /home/airflow/.local/lib/python3.8/site-packages/airflow/example_dags/example_skip_dag.py
[2024-03-09T07:20:36.724+0000] {logging_mixin.py:188} INFO - [2024-03-09T07:20:36.724+0000] {dag.py:3047} INFO - Sync 1 DAGs
[2024-03-09T07:20:36.793+0000] {logging_mixin.py:188} INFO - [2024-03-09T07:20:36.792+0000] {dag.py:3834} INFO - Setting next_dagrun for example_skip_dag to 2024-03-08 00:00:00+00:00, run_after=2024-03-09 00:00:00+00:00
[2024-03-09T07:20:36.847+0000] {processor.py:183} INFO - Processing /home/airflow/.local/lib/python3.8/site-packages/airflow/example_dags/example_skip_dag.py took 0.252 seconds
[2024-03-09T07:21:07.618+0000] {processor.py:161} INFO - Started process (PID=1588) to work on /home/airflow/.local/lib/python3.8/site-packages/airflow/example_dags/example_skip_dag.py
[2024-03-09T07:21:07.621+0000] {processor.py:830} INFO - Processing file /home/airflow/.local/lib/python3.8/site-packages/airflow/example_dags/example_skip_dag.py for tasks to queue
[2024-03-09T07:21:07.630+0000] {logging_mixin.py:188} INFO - [2024-03-09T07:21:07.628+0000] {dagbag.py:540} INFO - Filling up the DagBag from /home/airflow/.local/lib/python3.8/site-packages/airflow/example_dags/example_skip_dag.py
[2024-03-09T07:21:07.658+0000] {processor.py:840} INFO - DAG(s) 'example_skip_dag' retrieved from /home/airflow/.local/lib/python3.8/site-packages/airflow/example_dags/example_skip_dag.py
[2024-03-09T07:21:07.731+0000] {logging_mixin.py:188} INFO - [2024-03-09T07:21:07.730+0000] {dag.py:3047} INFO - Sync 1 DAGs
[2024-03-09T07:21:07.812+0000] {logging_mixin.py:188} INFO - [2024-03-09T07:21:07.811+0000] {dag.py:3834} INFO - Setting next_dagrun for example_skip_dag to 2024-03-08 00:00:00+00:00, run_after=2024-03-09 00:00:00+00:00
[2024-03-09T07:21:07.912+0000] {processor.py:183} INFO - Processing /home/airflow/.local/lib/python3.8/site-packages/airflow/example_dags/example_skip_dag.py took 0.304 seconds
[2024-03-09T07:21:38.200+0000] {processor.py:161} INFO - Started process (PID=1644) to work on /home/airflow/.local/lib/python3.8/site-packages/airflow/example_dags/example_skip_dag.py
[2024-03-09T07:21:38.205+0000] {processor.py:830} INFO - Processing file /home/airflow/.local/lib/python3.8/site-packages/airflow/example_dags/example_skip_dag.py for tasks to queue
[2024-03-09T07:21:38.216+0000] {logging_mixin.py:188} INFO - [2024-03-09T07:21:38.214+0000] {dagbag.py:540} INFO - Filling up the DagBag from /home/airflow/.local/lib/python3.8/site-packages/airflow/example_dags/example_skip_dag.py
[2024-03-09T07:21:38.254+0000] {processor.py:840} INFO - DAG(s) 'example_skip_dag' retrieved from /home/airflow/.local/lib/python3.8/site-packages/airflow/example_dags/example_skip_dag.py
[2024-03-09T07:21:38.487+0000] {logging_mixin.py:188} INFO - [2024-03-09T07:21:38.486+0000] {dag.py:3047} INFO - Sync 1 DAGs
[2024-03-09T07:21:38.563+0000] {logging_mixin.py:188} INFO - [2024-03-09T07:21:38.562+0000] {dag.py:3834} INFO - Setting next_dagrun for example_skip_dag to 2024-03-08 00:00:00+00:00, run_after=2024-03-09 00:00:00+00:00
[2024-03-09T07:21:38.610+0000] {processor.py:183} INFO - Processing /home/airflow/.local/lib/python3.8/site-packages/airflow/example_dags/example_skip_dag.py took 0.427 seconds
[2024-03-09T07:22:08.752+0000] {processor.py:161} INFO - Started process (PID=1699) to work on /home/airflow/.local/lib/python3.8/site-packages/airflow/example_dags/example_skip_dag.py
[2024-03-09T07:22:08.758+0000] {processor.py:830} INFO - Processing file /home/airflow/.local/lib/python3.8/site-packages/airflow/example_dags/example_skip_dag.py for tasks to queue
[2024-03-09T07:22:08.765+0000] {logging_mixin.py:188} INFO - [2024-03-09T07:22:08.763+0000] {dagbag.py:540} INFO - Filling up the DagBag from /home/airflow/.local/lib/python3.8/site-packages/airflow/example_dags/example_skip_dag.py
[2024-03-09T07:22:08.798+0000] {processor.py:840} INFO - DAG(s) 'example_skip_dag' retrieved from /home/airflow/.local/lib/python3.8/site-packages/airflow/example_dags/example_skip_dag.py
[2024-03-09T07:22:08.880+0000] {logging_mixin.py:188} INFO - [2024-03-09T07:22:08.880+0000] {dag.py:3047} INFO - Sync 1 DAGs
[2024-03-09T07:22:08.964+0000] {logging_mixin.py:188} INFO - [2024-03-09T07:22:08.963+0000] {dag.py:3834} INFO - Setting next_dagrun for example_skip_dag to 2024-03-08 00:00:00+00:00, run_after=2024-03-09 00:00:00+00:00
[2024-03-09T07:22:09.028+0000] {processor.py:183} INFO - Processing /home/airflow/.local/lib/python3.8/site-packages/airflow/example_dags/example_skip_dag.py took 0.288 seconds
[2024-03-09T07:22:39.461+0000] {processor.py:161} INFO - Started process (PID=1755) to work on /home/airflow/.local/lib/python3.8/site-packages/airflow/example_dags/example_skip_dag.py
[2024-03-09T07:22:39.465+0000] {processor.py:830} INFO - Processing file /home/airflow/.local/lib/python3.8/site-packages/airflow/example_dags/example_skip_dag.py for tasks to queue
[2024-03-09T07:22:39.472+0000] {logging_mixin.py:188} INFO - [2024-03-09T07:22:39.471+0000] {dagbag.py:540} INFO - Filling up the DagBag from /home/airflow/.local/lib/python3.8/site-packages/airflow/example_dags/example_skip_dag.py
[2024-03-09T07:22:39.499+0000] {processor.py:840} INFO - DAG(s) 'example_skip_dag' retrieved from /home/airflow/.local/lib/python3.8/site-packages/airflow/example_dags/example_skip_dag.py
[2024-03-09T07:22:39.578+0000] {logging_mixin.py:188} INFO - [2024-03-09T07:22:39.577+0000] {dag.py:3047} INFO - Sync 1 DAGs
[2024-03-09T07:22:39.650+0000] {logging_mixin.py:188} INFO - [2024-03-09T07:22:39.649+0000] {dag.py:3834} INFO - Setting next_dagrun for example_skip_dag to 2024-03-08 00:00:00+00:00, run_after=2024-03-09 00:00:00+00:00
[2024-03-09T07:22:39.746+0000] {processor.py:183} INFO - Processing /home/airflow/.local/lib/python3.8/site-packages/airflow/example_dags/example_skip_dag.py took 0.303 seconds
[2024-03-09T07:23:10.001+0000] {processor.py:161} INFO - Started process (PID=1810) to work on /home/airflow/.local/lib/python3.8/site-packages/airflow/example_dags/example_skip_dag.py
[2024-03-09T07:23:10.005+0000] {processor.py:830} INFO - Processing file /home/airflow/.local/lib/python3.8/site-packages/airflow/example_dags/example_skip_dag.py for tasks to queue
[2024-03-09T07:23:10.014+0000] {logging_mixin.py:188} INFO - [2024-03-09T07:23:10.012+0000] {dagbag.py:540} INFO - Filling up the DagBag from /home/airflow/.local/lib/python3.8/site-packages/airflow/example_dags/example_skip_dag.py
[2024-03-09T07:23:10.046+0000] {processor.py:840} INFO - DAG(s) 'example_skip_dag' retrieved from /home/airflow/.local/lib/python3.8/site-packages/airflow/example_dags/example_skip_dag.py
[2024-03-09T07:23:10.147+0000] {logging_mixin.py:188} INFO - [2024-03-09T07:23:10.146+0000] {dag.py:3047} INFO - Sync 1 DAGs
[2024-03-09T07:23:10.257+0000] {logging_mixin.py:188} INFO - [2024-03-09T07:23:10.257+0000] {dag.py:3834} INFO - Setting next_dagrun for example_skip_dag to 2024-03-08 00:00:00+00:00, run_after=2024-03-09 00:00:00+00:00
[2024-03-09T07:23:10.341+0000] {processor.py:183} INFO - Processing /home/airflow/.local/lib/python3.8/site-packages/airflow/example_dags/example_skip_dag.py took 0.355 seconds
[2024-03-09T07:23:40.483+0000] {processor.py:161} INFO - Started process (PID=1865) to work on /home/airflow/.local/lib/python3.8/site-packages/airflow/example_dags/example_skip_dag.py
[2024-03-09T07:23:40.486+0000] {processor.py:830} INFO - Processing file /home/airflow/.local/lib/python3.8/site-packages/airflow/example_dags/example_skip_dag.py for tasks to queue
[2024-03-09T07:23:40.495+0000] {logging_mixin.py:188} INFO - [2024-03-09T07:23:40.494+0000] {dagbag.py:540} INFO - Filling up the DagBag from /home/airflow/.local/lib/python3.8/site-packages/airflow/example_dags/example_skip_dag.py
[2024-03-09T07:23:40.511+0000] {processor.py:840} INFO - DAG(s) 'example_skip_dag' retrieved from /home/airflow/.local/lib/python3.8/site-packages/airflow/example_dags/example_skip_dag.py
[2024-03-09T07:23:40.568+0000] {logging_mixin.py:188} INFO - [2024-03-09T07:23:40.568+0000] {dag.py:3047} INFO - Sync 1 DAGs
[2024-03-09T07:23:40.632+0000] {logging_mixin.py:188} INFO - [2024-03-09T07:23:40.632+0000] {dag.py:3834} INFO - Setting next_dagrun for example_skip_dag to 2024-03-08 00:00:00+00:00, run_after=2024-03-09 00:00:00+00:00
[2024-03-09T07:23:40.686+0000] {processor.py:183} INFO - Processing /home/airflow/.local/lib/python3.8/site-packages/airflow/example_dags/example_skip_dag.py took 0.217 seconds
[2024-03-09T07:24:11.167+0000] {processor.py:161} INFO - Started process (PID=1919) to work on /home/airflow/.local/lib/python3.8/site-packages/airflow/example_dags/example_skip_dag.py
[2024-03-09T07:24:11.175+0000] {processor.py:830} INFO - Processing file /home/airflow/.local/lib/python3.8/site-packages/airflow/example_dags/example_skip_dag.py for tasks to queue
[2024-03-09T07:24:11.184+0000] {logging_mixin.py:188} INFO - [2024-03-09T07:24:11.183+0000] {dagbag.py:540} INFO - Filling up the DagBag from /home/airflow/.local/lib/python3.8/site-packages/airflow/example_dags/example_skip_dag.py
[2024-03-09T07:24:11.234+0000] {processor.py:840} INFO - DAG(s) 'example_skip_dag' retrieved from /home/airflow/.local/lib/python3.8/site-packages/airflow/example_dags/example_skip_dag.py
[2024-03-09T07:24:11.334+0000] {logging_mixin.py:188} INFO - [2024-03-09T07:24:11.334+0000] {dag.py:3047} INFO - Sync 1 DAGs
[2024-03-09T07:24:11.431+0000] {logging_mixin.py:188} INFO - [2024-03-09T07:24:11.430+0000] {dag.py:3834} INFO - Setting next_dagrun for example_skip_dag to 2024-03-08 00:00:00+00:00, run_after=2024-03-09 00:00:00+00:00
[2024-03-09T07:24:11.516+0000] {processor.py:183} INFO - Processing /home/airflow/.local/lib/python3.8/site-packages/airflow/example_dags/example_skip_dag.py took 0.367 seconds
[2024-03-09T07:24:41.905+0000] {processor.py:161} INFO - Started process (PID=1980) to work on /home/airflow/.local/lib/python3.8/site-packages/airflow/example_dags/example_skip_dag.py
[2024-03-09T07:24:41.911+0000] {processor.py:830} INFO - Processing file /home/airflow/.local/lib/python3.8/site-packages/airflow/example_dags/example_skip_dag.py for tasks to queue
[2024-03-09T07:24:41.922+0000] {logging_mixin.py:188} INFO - [2024-03-09T07:24:41.920+0000] {dagbag.py:540} INFO - Filling up the DagBag from /home/airflow/.local/lib/python3.8/site-packages/airflow/example_dags/example_skip_dag.py
[2024-03-09T07:24:41.963+0000] {processor.py:840} INFO - DAG(s) 'example_skip_dag' retrieved from /home/airflow/.local/lib/python3.8/site-packages/airflow/example_dags/example_skip_dag.py
[2024-03-09T07:24:42.033+0000] {logging_mixin.py:188} INFO - [2024-03-09T07:24:42.033+0000] {dag.py:3047} INFO - Sync 1 DAGs
[2024-03-09T07:24:42.105+0000] {logging_mixin.py:188} INFO - [2024-03-09T07:24:42.105+0000] {dag.py:3834} INFO - Setting next_dagrun for example_skip_dag to 2024-03-08 00:00:00+00:00, run_after=2024-03-09 00:00:00+00:00
[2024-03-09T07:24:42.166+0000] {processor.py:183} INFO - Processing /home/airflow/.local/lib/python3.8/site-packages/airflow/example_dags/example_skip_dag.py took 0.281 seconds
[2024-03-09T07:25:12.367+0000] {processor.py:161} INFO - Started process (PID=2035) to work on /home/airflow/.local/lib/python3.8/site-packages/airflow/example_dags/example_skip_dag.py
[2024-03-09T07:25:12.373+0000] {processor.py:830} INFO - Processing file /home/airflow/.local/lib/python3.8/site-packages/airflow/example_dags/example_skip_dag.py for tasks to queue
[2024-03-09T07:25:12.385+0000] {logging_mixin.py:188} INFO - [2024-03-09T07:25:12.384+0000] {dagbag.py:540} INFO - Filling up the DagBag from /home/airflow/.local/lib/python3.8/site-packages/airflow/example_dags/example_skip_dag.py
[2024-03-09T07:25:12.418+0000] {processor.py:840} INFO - DAG(s) 'example_skip_dag' retrieved from /home/airflow/.local/lib/python3.8/site-packages/airflow/example_dags/example_skip_dag.py
[2024-03-09T07:25:12.508+0000] {logging_mixin.py:188} INFO - [2024-03-09T07:25:12.507+0000] {dag.py:3047} INFO - Sync 1 DAGs
[2024-03-09T07:25:12.566+0000] {logging_mixin.py:188} INFO - [2024-03-09T07:25:12.565+0000] {dag.py:3834} INFO - Setting next_dagrun for example_skip_dag to 2024-03-08 00:00:00+00:00, run_after=2024-03-09 00:00:00+00:00
[2024-03-09T07:25:12.614+0000] {processor.py:183} INFO - Processing /home/airflow/.local/lib/python3.8/site-packages/airflow/example_dags/example_skip_dag.py took 0.263 seconds
[2024-03-09T07:25:43.211+0000] {processor.py:161} INFO - Started process (PID=2090) to work on /home/airflow/.local/lib/python3.8/site-packages/airflow/example_dags/example_skip_dag.py
[2024-03-09T07:25:43.214+0000] {processor.py:830} INFO - Processing file /home/airflow/.local/lib/python3.8/site-packages/airflow/example_dags/example_skip_dag.py for tasks to queue
[2024-03-09T07:25:43.221+0000] {logging_mixin.py:188} INFO - [2024-03-09T07:25:43.220+0000] {dagbag.py:540} INFO - Filling up the DagBag from /home/airflow/.local/lib/python3.8/site-packages/airflow/example_dags/example_skip_dag.py
[2024-03-09T07:25:43.245+0000] {processor.py:840} INFO - DAG(s) 'example_skip_dag' retrieved from /home/airflow/.local/lib/python3.8/site-packages/airflow/example_dags/example_skip_dag.py
[2024-03-09T07:25:43.315+0000] {logging_mixin.py:188} INFO - [2024-03-09T07:25:43.314+0000] {dag.py:3047} INFO - Sync 1 DAGs
[2024-03-09T07:25:43.389+0000] {logging_mixin.py:188} INFO - [2024-03-09T07:25:43.388+0000] {dag.py:3834} INFO - Setting next_dagrun for example_skip_dag to 2024-03-08 00:00:00+00:00, run_after=2024-03-09 00:00:00+00:00
[2024-03-09T07:25:43.445+0000] {processor.py:183} INFO - Processing /home/airflow/.local/lib/python3.8/site-packages/airflow/example_dags/example_skip_dag.py took 0.243 seconds
[2024-03-09T07:26:14.248+0000] {processor.py:161} INFO - Started process (PID=2145) to work on /home/airflow/.local/lib/python3.8/site-packages/airflow/example_dags/example_skip_dag.py
[2024-03-09T07:26:14.252+0000] {processor.py:830} INFO - Processing file /home/airflow/.local/lib/python3.8/site-packages/airflow/example_dags/example_skip_dag.py for tasks to queue
[2024-03-09T07:26:14.260+0000] {logging_mixin.py:188} INFO - [2024-03-09T07:26:14.259+0000] {dagbag.py:540} INFO - Filling up the DagBag from /home/airflow/.local/lib/python3.8/site-packages/airflow/example_dags/example_skip_dag.py
[2024-03-09T07:26:14.283+0000] {processor.py:840} INFO - DAG(s) 'example_skip_dag' retrieved from /home/airflow/.local/lib/python3.8/site-packages/airflow/example_dags/example_skip_dag.py
[2024-03-09T07:26:14.342+0000] {logging_mixin.py:188} INFO - [2024-03-09T07:26:14.342+0000] {dag.py:3047} INFO - Sync 1 DAGs
[2024-03-09T07:26:14.403+0000] {logging_mixin.py:188} INFO - [2024-03-09T07:26:14.403+0000] {dag.py:3834} INFO - Setting next_dagrun for example_skip_dag to 2024-03-08 00:00:00+00:00, run_after=2024-03-09 00:00:00+00:00
[2024-03-09T07:26:14.457+0000] {processor.py:183} INFO - Processing /home/airflow/.local/lib/python3.8/site-packages/airflow/example_dags/example_skip_dag.py took 0.220 seconds
[2024-03-09T07:26:44.982+0000] {processor.py:161} INFO - Started process (PID=2200) to work on /home/airflow/.local/lib/python3.8/site-packages/airflow/example_dags/example_skip_dag.py
[2024-03-09T07:26:44.988+0000] {processor.py:830} INFO - Processing file /home/airflow/.local/lib/python3.8/site-packages/airflow/example_dags/example_skip_dag.py for tasks to queue
[2024-03-09T07:26:44.998+0000] {logging_mixin.py:188} INFO - [2024-03-09T07:26:44.996+0000] {dagbag.py:540} INFO - Filling up the DagBag from /home/airflow/.local/lib/python3.8/site-packages/airflow/example_dags/example_skip_dag.py
[2024-03-09T07:26:45.038+0000] {processor.py:840} INFO - DAG(s) 'example_skip_dag' retrieved from /home/airflow/.local/lib/python3.8/site-packages/airflow/example_dags/example_skip_dag.py
[2024-03-09T07:26:45.185+0000] {logging_mixin.py:188} INFO - [2024-03-09T07:26:45.184+0000] {dag.py:3047} INFO - Sync 1 DAGs
[2024-03-09T07:26:45.319+0000] {logging_mixin.py:188} INFO - [2024-03-09T07:26:45.318+0000] {dag.py:3834} INFO - Setting next_dagrun for example_skip_dag to 2024-03-08 00:00:00+00:00, run_after=2024-03-09 00:00:00+00:00
[2024-03-09T07:26:45.435+0000] {processor.py:183} INFO - Processing /home/airflow/.local/lib/python3.8/site-packages/airflow/example_dags/example_skip_dag.py took 0.473 seconds
