[2024-03-09T07:07:06.084+0000] {processor.py:161} INFO - Started process (PID=96) to work on /home/airflow/.local/lib/python3.8/site-packages/airflow/example_dags/example_xcom.py
[2024-03-09T07:07:06.105+0000] {processor.py:830} INFO - Processing file /home/airflow/.local/lib/python3.8/site-packages/airflow/example_dags/example_xcom.py for tasks to queue
[2024-03-09T07:07:06.121+0000] {logging_mixin.py:188} INFO - [2024-03-09T07:07:06.111+0000] {dagbag.py:540} INFO - Filling up the DagBag from /home/airflow/.local/lib/python3.8/site-packages/airflow/example_dags/example_xcom.py
[2024-03-09T07:07:06.205+0000] {processor.py:840} INFO - DAG(s) 'example_xcom' retrieved from /home/airflow/.local/lib/python3.8/site-packages/airflow/example_dags/example_xcom.py
[2024-03-09T07:07:08.325+0000] {logging_mixin.py:188} INFO - [2024-03-09T07:07:08.324+0000] {dag.py:3047} INFO - Sync 1 DAGs
[2024-03-09T07:07:08.651+0000] {logging_mixin.py:188} INFO - [2024-03-09T07:07:08.650+0000] {dag.py:3834} INFO - Setting next_dagrun for example_xcom to 2021-01-01 00:00:00+00:00, run_after=2021-01-01 00:00:00+00:00
[2024-03-09T07:07:09.254+0000] {processor.py:183} INFO - Processing /home/airflow/.local/lib/python3.8/site-packages/airflow/example_dags/example_xcom.py took 3.196 seconds
[2024-03-09T07:07:39.420+0000] {processor.py:161} INFO - Started process (PID=158) to work on /home/airflow/.local/lib/python3.8/site-packages/airflow/example_dags/example_xcom.py
[2024-03-09T07:07:39.423+0000] {processor.py:830} INFO - Processing file /home/airflow/.local/lib/python3.8/site-packages/airflow/example_dags/example_xcom.py for tasks to queue
[2024-03-09T07:07:39.430+0000] {logging_mixin.py:188} INFO - [2024-03-09T07:07:39.429+0000] {dagbag.py:540} INFO - Filling up the DagBag from /home/airflow/.local/lib/python3.8/site-packages/airflow/example_dags/example_xcom.py
[2024-03-09T07:07:39.455+0000] {processor.py:840} INFO - DAG(s) 'example_xcom' retrieved from /home/airflow/.local/lib/python3.8/site-packages/airflow/example_dags/example_xcom.py
[2024-03-09T07:07:39.550+0000] {logging_mixin.py:188} INFO - [2024-03-09T07:07:39.550+0000] {dag.py:3047} INFO - Sync 1 DAGs
[2024-03-09T07:07:39.630+0000] {logging_mixin.py:188} INFO - [2024-03-09T07:07:39.629+0000] {dag.py:3834} INFO - Setting next_dagrun for example_xcom to 2021-01-01 00:00:00+00:00, run_after=2021-01-01 00:00:00+00:00
[2024-03-09T07:07:39.691+0000] {processor.py:183} INFO - Processing /home/airflow/.local/lib/python3.8/site-packages/airflow/example_dags/example_xcom.py took 0.279 seconds
[2024-03-09T07:08:10.100+0000] {processor.py:161} INFO - Started process (PID=213) to work on /home/airflow/.local/lib/python3.8/site-packages/airflow/example_dags/example_xcom.py
[2024-03-09T07:08:10.105+0000] {processor.py:830} INFO - Processing file /home/airflow/.local/lib/python3.8/site-packages/airflow/example_dags/example_xcom.py for tasks to queue
[2024-03-09T07:08:10.111+0000] {logging_mixin.py:188} INFO - [2024-03-09T07:08:10.110+0000] {dagbag.py:540} INFO - Filling up the DagBag from /home/airflow/.local/lib/python3.8/site-packages/airflow/example_dags/example_xcom.py
[2024-03-09T07:08:10.157+0000] {processor.py:840} INFO - DAG(s) 'example_xcom' retrieved from /home/airflow/.local/lib/python3.8/site-packages/airflow/example_dags/example_xcom.py
[2024-03-09T07:08:10.239+0000] {logging_mixin.py:188} INFO - [2024-03-09T07:08:10.238+0000] {dag.py:3047} INFO - Sync 1 DAGs
[2024-03-09T07:08:10.356+0000] {logging_mixin.py:188} INFO - [2024-03-09T07:08:10.355+0000] {dag.py:3834} INFO - Setting next_dagrun for example_xcom to 2021-01-01 00:00:00+00:00, run_after=2021-01-01 00:00:00+00:00
[2024-03-09T07:08:10.414+0000] {processor.py:183} INFO - Processing /home/airflow/.local/lib/python3.8/site-packages/airflow/example_dags/example_xcom.py took 0.325 seconds
[2024-03-09T07:08:40.895+0000] {processor.py:161} INFO - Started process (PID=268) to work on /home/airflow/.local/lib/python3.8/site-packages/airflow/example_dags/example_xcom.py
[2024-03-09T07:08:40.900+0000] {processor.py:830} INFO - Processing file /home/airflow/.local/lib/python3.8/site-packages/airflow/example_dags/example_xcom.py for tasks to queue
[2024-03-09T07:08:40.909+0000] {logging_mixin.py:188} INFO - [2024-03-09T07:08:40.908+0000] {dagbag.py:540} INFO - Filling up the DagBag from /home/airflow/.local/lib/python3.8/site-packages/airflow/example_dags/example_xcom.py
[2024-03-09T07:08:40.944+0000] {processor.py:840} INFO - DAG(s) 'example_xcom' retrieved from /home/airflow/.local/lib/python3.8/site-packages/airflow/example_dags/example_xcom.py
[2024-03-09T07:08:41.042+0000] {logging_mixin.py:188} INFO - [2024-03-09T07:08:41.041+0000] {dag.py:3047} INFO - Sync 1 DAGs
[2024-03-09T07:08:41.144+0000] {logging_mixin.py:188} INFO - [2024-03-09T07:08:41.143+0000] {dag.py:3834} INFO - Setting next_dagrun for example_xcom to 2021-01-01 00:00:00+00:00, run_after=2021-01-01 00:00:00+00:00
[2024-03-09T07:08:41.250+0000] {processor.py:183} INFO - Processing /home/airflow/.local/lib/python3.8/site-packages/airflow/example_dags/example_xcom.py took 0.371 seconds
[2024-03-09T07:09:11.778+0000] {processor.py:161} INFO - Started process (PID=323) to work on /home/airflow/.local/lib/python3.8/site-packages/airflow/example_dags/example_xcom.py
[2024-03-09T07:09:11.784+0000] {processor.py:830} INFO - Processing file /home/airflow/.local/lib/python3.8/site-packages/airflow/example_dags/example_xcom.py for tasks to queue
[2024-03-09T07:09:11.794+0000] {logging_mixin.py:188} INFO - [2024-03-09T07:09:11.792+0000] {dagbag.py:540} INFO - Filling up the DagBag from /home/airflow/.local/lib/python3.8/site-packages/airflow/example_dags/example_xcom.py
[2024-03-09T07:09:11.835+0000] {processor.py:840} INFO - DAG(s) 'example_xcom' retrieved from /home/airflow/.local/lib/python3.8/site-packages/airflow/example_dags/example_xcom.py
[2024-03-09T07:09:11.971+0000] {logging_mixin.py:188} INFO - [2024-03-09T07:09:11.969+0000] {dag.py:3047} INFO - Sync 1 DAGs
[2024-03-09T07:09:12.123+0000] {logging_mixin.py:188} INFO - [2024-03-09T07:09:12.121+0000] {dag.py:3834} INFO - Setting next_dagrun for example_xcom to 2021-01-01 00:00:00+00:00, run_after=2021-01-01 00:00:00+00:00
[2024-03-09T07:09:12.340+0000] {processor.py:183} INFO - Processing /home/airflow/.local/lib/python3.8/site-packages/airflow/example_dags/example_xcom.py took 0.578 seconds
[2024-03-09T07:09:42.702+0000] {processor.py:161} INFO - Started process (PID=378) to work on /home/airflow/.local/lib/python3.8/site-packages/airflow/example_dags/example_xcom.py
[2024-03-09T07:09:42.710+0000] {processor.py:830} INFO - Processing file /home/airflow/.local/lib/python3.8/site-packages/airflow/example_dags/example_xcom.py for tasks to queue
[2024-03-09T07:09:42.723+0000] {logging_mixin.py:188} INFO - [2024-03-09T07:09:42.721+0000] {dagbag.py:540} INFO - Filling up the DagBag from /home/airflow/.local/lib/python3.8/site-packages/airflow/example_dags/example_xcom.py
[2024-03-09T07:09:42.784+0000] {processor.py:840} INFO - DAG(s) 'example_xcom' retrieved from /home/airflow/.local/lib/python3.8/site-packages/airflow/example_dags/example_xcom.py
[2024-03-09T07:09:42.924+0000] {logging_mixin.py:188} INFO - [2024-03-09T07:09:42.923+0000] {dag.py:3047} INFO - Sync 1 DAGs
[2024-03-09T07:09:43.023+0000] {logging_mixin.py:188} INFO - [2024-03-09T07:09:43.022+0000] {dag.py:3834} INFO - Setting next_dagrun for example_xcom to 2021-01-01 00:00:00+00:00, run_after=2021-01-01 00:00:00+00:00
[2024-03-09T07:09:43.123+0000] {processor.py:183} INFO - Processing /home/airflow/.local/lib/python3.8/site-packages/airflow/example_dags/example_xcom.py took 0.440 seconds
[2024-03-09T07:10:13.401+0000] {processor.py:161} INFO - Started process (PID=432) to work on /home/airflow/.local/lib/python3.8/site-packages/airflow/example_dags/example_xcom.py
[2024-03-09T07:10:13.405+0000] {processor.py:830} INFO - Processing file /home/airflow/.local/lib/python3.8/site-packages/airflow/example_dags/example_xcom.py for tasks to queue
[2024-03-09T07:10:13.411+0000] {logging_mixin.py:188} INFO - [2024-03-09T07:10:13.410+0000] {dagbag.py:540} INFO - Filling up the DagBag from /home/airflow/.local/lib/python3.8/site-packages/airflow/example_dags/example_xcom.py
[2024-03-09T07:10:13.439+0000] {processor.py:840} INFO - DAG(s) 'example_xcom' retrieved from /home/airflow/.local/lib/python3.8/site-packages/airflow/example_dags/example_xcom.py
[2024-03-09T07:10:13.542+0000] {logging_mixin.py:188} INFO - [2024-03-09T07:10:13.541+0000] {dag.py:3047} INFO - Sync 1 DAGs
[2024-03-09T07:10:13.599+0000] {logging_mixin.py:188} INFO - [2024-03-09T07:10:13.599+0000] {dag.py:3834} INFO - Setting next_dagrun for example_xcom to 2021-01-01 00:00:00+00:00, run_after=2021-01-01 00:00:00+00:00
[2024-03-09T07:10:13.650+0000] {processor.py:183} INFO - Processing /home/airflow/.local/lib/python3.8/site-packages/airflow/example_dags/example_xcom.py took 0.261 seconds
[2024-03-09T07:10:43.806+0000] {processor.py:161} INFO - Started process (PID=488) to work on /home/airflow/.local/lib/python3.8/site-packages/airflow/example_dags/example_xcom.py
[2024-03-09T07:10:43.809+0000] {processor.py:830} INFO - Processing file /home/airflow/.local/lib/python3.8/site-packages/airflow/example_dags/example_xcom.py for tasks to queue
[2024-03-09T07:10:43.815+0000] {logging_mixin.py:188} INFO - [2024-03-09T07:10:43.814+0000] {dagbag.py:540} INFO - Filling up the DagBag from /home/airflow/.local/lib/python3.8/site-packages/airflow/example_dags/example_xcom.py
[2024-03-09T07:10:43.836+0000] {processor.py:840} INFO - DAG(s) 'example_xcom' retrieved from /home/airflow/.local/lib/python3.8/site-packages/airflow/example_dags/example_xcom.py
[2024-03-09T07:10:43.895+0000] {logging_mixin.py:188} INFO - [2024-03-09T07:10:43.895+0000] {dag.py:3047} INFO - Sync 1 DAGs
[2024-03-09T07:10:43.955+0000] {logging_mixin.py:188} INFO - [2024-03-09T07:10:43.954+0000] {dag.py:3834} INFO - Setting next_dagrun for example_xcom to 2021-01-01 00:00:00+00:00, run_after=2021-01-01 00:00:00+00:00
[2024-03-09T07:10:44.010+0000] {processor.py:183} INFO - Processing /home/airflow/.local/lib/python3.8/site-packages/airflow/example_dags/example_xcom.py took 0.213 seconds
[2024-03-09T07:11:14.282+0000] {processor.py:161} INFO - Started process (PID=542) to work on /home/airflow/.local/lib/python3.8/site-packages/airflow/example_dags/example_xcom.py
[2024-03-09T07:11:14.293+0000] {processor.py:830} INFO - Processing file /home/airflow/.local/lib/python3.8/site-packages/airflow/example_dags/example_xcom.py for tasks to queue
[2024-03-09T07:11:14.314+0000] {logging_mixin.py:188} INFO - [2024-03-09T07:11:14.312+0000] {dagbag.py:540} INFO - Filling up the DagBag from /home/airflow/.local/lib/python3.8/site-packages/airflow/example_dags/example_xcom.py
[2024-03-09T07:11:14.365+0000] {processor.py:840} INFO - DAG(s) 'example_xcom' retrieved from /home/airflow/.local/lib/python3.8/site-packages/airflow/example_dags/example_xcom.py
[2024-03-09T07:11:14.505+0000] {logging_mixin.py:188} INFO - [2024-03-09T07:11:14.504+0000] {dag.py:3047} INFO - Sync 1 DAGs
[2024-03-09T07:11:14.564+0000] {logging_mixin.py:188} INFO - [2024-03-09T07:11:14.563+0000] {dag.py:3834} INFO - Setting next_dagrun for example_xcom to 2021-01-01 00:00:00+00:00, run_after=2021-01-01 00:00:00+00:00
[2024-03-09T07:11:14.612+0000] {processor.py:183} INFO - Processing /home/airflow/.local/lib/python3.8/site-packages/airflow/example_dags/example_xcom.py took 0.361 seconds
[2024-03-09T07:11:45.176+0000] {processor.py:161} INFO - Started process (PID=597) to work on /home/airflow/.local/lib/python3.8/site-packages/airflow/example_dags/example_xcom.py
[2024-03-09T07:11:45.181+0000] {processor.py:830} INFO - Processing file /home/airflow/.local/lib/python3.8/site-packages/airflow/example_dags/example_xcom.py for tasks to queue
[2024-03-09T07:11:45.190+0000] {logging_mixin.py:188} INFO - [2024-03-09T07:11:45.189+0000] {dagbag.py:540} INFO - Filling up the DagBag from /home/airflow/.local/lib/python3.8/site-packages/airflow/example_dags/example_xcom.py
[2024-03-09T07:11:45.235+0000] {processor.py:840} INFO - DAG(s) 'example_xcom' retrieved from /home/airflow/.local/lib/python3.8/site-packages/airflow/example_dags/example_xcom.py
[2024-03-09T07:11:45.347+0000] {logging_mixin.py:188} INFO - [2024-03-09T07:11:45.346+0000] {dag.py:3047} INFO - Sync 1 DAGs
[2024-03-09T07:11:45.457+0000] {logging_mixin.py:188} INFO - [2024-03-09T07:11:45.456+0000] {dag.py:3834} INFO - Setting next_dagrun for example_xcom to 2021-01-01 00:00:00+00:00, run_after=2021-01-01 00:00:00+00:00
[2024-03-09T07:11:45.525+0000] {processor.py:183} INFO - Processing /home/airflow/.local/lib/python3.8/site-packages/airflow/example_dags/example_xcom.py took 0.364 seconds
[2024-03-09T07:12:15.710+0000] {processor.py:161} INFO - Started process (PID=653) to work on /home/airflow/.local/lib/python3.8/site-packages/airflow/example_dags/example_xcom.py
[2024-03-09T07:12:15.716+0000] {processor.py:830} INFO - Processing file /home/airflow/.local/lib/python3.8/site-packages/airflow/example_dags/example_xcom.py for tasks to queue
[2024-03-09T07:12:15.726+0000] {logging_mixin.py:188} INFO - [2024-03-09T07:12:15.725+0000] {dagbag.py:540} INFO - Filling up the DagBag from /home/airflow/.local/lib/python3.8/site-packages/airflow/example_dags/example_xcom.py
[2024-03-09T07:12:15.768+0000] {processor.py:840} INFO - DAG(s) 'example_xcom' retrieved from /home/airflow/.local/lib/python3.8/site-packages/airflow/example_dags/example_xcom.py
[2024-03-09T07:12:15.864+0000] {logging_mixin.py:188} INFO - [2024-03-09T07:12:15.863+0000] {dag.py:3047} INFO - Sync 1 DAGs
[2024-03-09T07:12:15.917+0000] {logging_mixin.py:188} INFO - [2024-03-09T07:12:15.916+0000] {dag.py:3834} INFO - Setting next_dagrun for example_xcom to 2021-01-01 00:00:00+00:00, run_after=2021-01-01 00:00:00+00:00
[2024-03-09T07:12:15.968+0000] {processor.py:183} INFO - Processing /home/airflow/.local/lib/python3.8/site-packages/airflow/example_dags/example_xcom.py took 0.274 seconds
[2024-03-09T07:12:46.913+0000] {processor.py:161} INFO - Started process (PID=708) to work on /home/airflow/.local/lib/python3.8/site-packages/airflow/example_dags/example_xcom.py
[2024-03-09T07:12:46.916+0000] {processor.py:830} INFO - Processing file /home/airflow/.local/lib/python3.8/site-packages/airflow/example_dags/example_xcom.py for tasks to queue
[2024-03-09T07:12:46.921+0000] {logging_mixin.py:188} INFO - [2024-03-09T07:12:46.921+0000] {dagbag.py:540} INFO - Filling up the DagBag from /home/airflow/.local/lib/python3.8/site-packages/airflow/example_dags/example_xcom.py
[2024-03-09T07:12:46.943+0000] {processor.py:840} INFO - DAG(s) 'example_xcom' retrieved from /home/airflow/.local/lib/python3.8/site-packages/airflow/example_dags/example_xcom.py
[2024-03-09T07:12:47.005+0000] {logging_mixin.py:188} INFO - [2024-03-09T07:12:47.005+0000] {dag.py:3047} INFO - Sync 1 DAGs
[2024-03-09T07:12:47.058+0000] {logging_mixin.py:188} INFO - [2024-03-09T07:12:47.057+0000] {dag.py:3834} INFO - Setting next_dagrun for example_xcom to 2021-01-01 00:00:00+00:00, run_after=2021-01-01 00:00:00+00:00
[2024-03-09T07:12:47.113+0000] {processor.py:183} INFO - Processing /home/airflow/.local/lib/python3.8/site-packages/airflow/example_dags/example_xcom.py took 0.209 seconds
[2024-03-09T07:13:17.648+0000] {processor.py:161} INFO - Started process (PID=763) to work on /home/airflow/.local/lib/python3.8/site-packages/airflow/example_dags/example_xcom.py
[2024-03-09T07:13:17.651+0000] {processor.py:830} INFO - Processing file /home/airflow/.local/lib/python3.8/site-packages/airflow/example_dags/example_xcom.py for tasks to queue
[2024-03-09T07:13:17.655+0000] {logging_mixin.py:188} INFO - [2024-03-09T07:13:17.655+0000] {dagbag.py:540} INFO - Filling up the DagBag from /home/airflow/.local/lib/python3.8/site-packages/airflow/example_dags/example_xcom.py
[2024-03-09T07:13:17.676+0000] {processor.py:840} INFO - DAG(s) 'example_xcom' retrieved from /home/airflow/.local/lib/python3.8/site-packages/airflow/example_dags/example_xcom.py
[2024-03-09T07:13:17.736+0000] {logging_mixin.py:188} INFO - [2024-03-09T07:13:17.735+0000] {dag.py:3047} INFO - Sync 1 DAGs
[2024-03-09T07:13:17.799+0000] {logging_mixin.py:188} INFO - [2024-03-09T07:13:17.799+0000] {dag.py:3834} INFO - Setting next_dagrun for example_xcom to 2021-01-01 00:00:00+00:00, run_after=2021-01-01 00:00:00+00:00
[2024-03-09T07:13:17.870+0000] {processor.py:183} INFO - Processing /home/airflow/.local/lib/python3.8/site-packages/airflow/example_dags/example_xcom.py took 0.230 seconds
[2024-03-09T07:13:48.497+0000] {processor.py:161} INFO - Started process (PID=816) to work on /home/airflow/.local/lib/python3.8/site-packages/airflow/example_dags/example_xcom.py
[2024-03-09T07:13:48.502+0000] {processor.py:830} INFO - Processing file /home/airflow/.local/lib/python3.8/site-packages/airflow/example_dags/example_xcom.py for tasks to queue
[2024-03-09T07:13:48.522+0000] {logging_mixin.py:188} INFO - [2024-03-09T07:13:48.520+0000] {dagbag.py:540} INFO - Filling up the DagBag from /home/airflow/.local/lib/python3.8/site-packages/airflow/example_dags/example_xcom.py
[2024-03-09T07:13:48.594+0000] {processor.py:840} INFO - DAG(s) 'example_xcom' retrieved from /home/airflow/.local/lib/python3.8/site-packages/airflow/example_dags/example_xcom.py
[2024-03-09T07:13:48.685+0000] {logging_mixin.py:188} INFO - [2024-03-09T07:13:48.684+0000] {dag.py:3047} INFO - Sync 1 DAGs
[2024-03-09T07:13:48.740+0000] {logging_mixin.py:188} INFO - [2024-03-09T07:13:48.740+0000] {dag.py:3834} INFO - Setting next_dagrun for example_xcom to 2021-01-01 00:00:00+00:00, run_after=2021-01-01 00:00:00+00:00
[2024-03-09T07:13:48.804+0000] {processor.py:183} INFO - Processing /home/airflow/.local/lib/python3.8/site-packages/airflow/example_dags/example_xcom.py took 0.327 seconds
[2024-03-09T07:14:19.458+0000] {processor.py:161} INFO - Started process (PID=871) to work on /home/airflow/.local/lib/python3.8/site-packages/airflow/example_dags/example_xcom.py
[2024-03-09T07:14:19.463+0000] {processor.py:830} INFO - Processing file /home/airflow/.local/lib/python3.8/site-packages/airflow/example_dags/example_xcom.py for tasks to queue
[2024-03-09T07:14:19.474+0000] {logging_mixin.py:188} INFO - [2024-03-09T07:14:19.473+0000] {dagbag.py:540} INFO - Filling up the DagBag from /home/airflow/.local/lib/python3.8/site-packages/airflow/example_dags/example_xcom.py
[2024-03-09T07:14:19.541+0000] {processor.py:840} INFO - DAG(s) 'example_xcom' retrieved from /home/airflow/.local/lib/python3.8/site-packages/airflow/example_dags/example_xcom.py
[2024-03-09T07:14:19.638+0000] {logging_mixin.py:188} INFO - [2024-03-09T07:14:19.637+0000] {dag.py:3047} INFO - Sync 1 DAGs
[2024-03-09T07:14:19.729+0000] {logging_mixin.py:188} INFO - [2024-03-09T07:14:19.729+0000] {dag.py:3834} INFO - Setting next_dagrun for example_xcom to 2021-01-01 00:00:00+00:00, run_after=2021-01-01 00:00:00+00:00
[2024-03-09T07:14:19.793+0000] {processor.py:183} INFO - Processing /home/airflow/.local/lib/python3.8/site-packages/airflow/example_dags/example_xcom.py took 0.352 seconds
[2024-03-09T07:14:50.703+0000] {processor.py:161} INFO - Started process (PID=927) to work on /home/airflow/.local/lib/python3.8/site-packages/airflow/example_dags/example_xcom.py
[2024-03-09T07:14:50.706+0000] {processor.py:830} INFO - Processing file /home/airflow/.local/lib/python3.8/site-packages/airflow/example_dags/example_xcom.py for tasks to queue
[2024-03-09T07:14:50.711+0000] {logging_mixin.py:188} INFO - [2024-03-09T07:14:50.710+0000] {dagbag.py:540} INFO - Filling up the DagBag from /home/airflow/.local/lib/python3.8/site-packages/airflow/example_dags/example_xcom.py
[2024-03-09T07:14:50.731+0000] {processor.py:840} INFO - DAG(s) 'example_xcom' retrieved from /home/airflow/.local/lib/python3.8/site-packages/airflow/example_dags/example_xcom.py
[2024-03-09T07:14:50.794+0000] {logging_mixin.py:188} INFO - [2024-03-09T07:14:50.793+0000] {dag.py:3047} INFO - Sync 1 DAGs
[2024-03-09T07:14:50.885+0000] {logging_mixin.py:188} INFO - [2024-03-09T07:14:50.884+0000] {dag.py:3834} INFO - Setting next_dagrun for example_xcom to 2021-01-01 00:00:00+00:00, run_after=2021-01-01 00:00:00+00:00
[2024-03-09T07:14:50.958+0000] {processor.py:183} INFO - Processing /home/airflow/.local/lib/python3.8/site-packages/airflow/example_dags/example_xcom.py took 0.268 seconds
[2024-03-09T07:15:21.151+0000] {processor.py:161} INFO - Started process (PID=982) to work on /home/airflow/.local/lib/python3.8/site-packages/airflow/example_dags/example_xcom.py
[2024-03-09T07:15:21.155+0000] {processor.py:830} INFO - Processing file /home/airflow/.local/lib/python3.8/site-packages/airflow/example_dags/example_xcom.py for tasks to queue
[2024-03-09T07:15:21.160+0000] {logging_mixin.py:188} INFO - [2024-03-09T07:15:21.160+0000] {dagbag.py:540} INFO - Filling up the DagBag from /home/airflow/.local/lib/python3.8/site-packages/airflow/example_dags/example_xcom.py
[2024-03-09T07:15:21.191+0000] {processor.py:840} INFO - DAG(s) 'example_xcom' retrieved from /home/airflow/.local/lib/python3.8/site-packages/airflow/example_dags/example_xcom.py
[2024-03-09T07:15:21.258+0000] {logging_mixin.py:188} INFO - [2024-03-09T07:15:21.257+0000] {dag.py:3047} INFO - Sync 1 DAGs
[2024-03-09T07:15:21.333+0000] {logging_mixin.py:188} INFO - [2024-03-09T07:15:21.332+0000] {dag.py:3834} INFO - Setting next_dagrun for example_xcom to 2021-01-01 00:00:00+00:00, run_after=2021-01-01 00:00:00+00:00
[2024-03-09T07:15:21.401+0000] {processor.py:183} INFO - Processing /home/airflow/.local/lib/python3.8/site-packages/airflow/example_dags/example_xcom.py took 0.261 seconds
[2024-03-09T07:15:52.099+0000] {processor.py:161} INFO - Started process (PID=1037) to work on /home/airflow/.local/lib/python3.8/site-packages/airflow/example_dags/example_xcom.py
[2024-03-09T07:15:52.104+0000] {processor.py:830} INFO - Processing file /home/airflow/.local/lib/python3.8/site-packages/airflow/example_dags/example_xcom.py for tasks to queue
[2024-03-09T07:15:52.113+0000] {logging_mixin.py:188} INFO - [2024-03-09T07:15:52.112+0000] {dagbag.py:540} INFO - Filling up the DagBag from /home/airflow/.local/lib/python3.8/site-packages/airflow/example_dags/example_xcom.py
[2024-03-09T07:15:52.150+0000] {processor.py:840} INFO - DAG(s) 'example_xcom' retrieved from /home/airflow/.local/lib/python3.8/site-packages/airflow/example_dags/example_xcom.py
[2024-03-09T07:15:52.260+0000] {logging_mixin.py:188} INFO - [2024-03-09T07:15:52.258+0000] {dag.py:3047} INFO - Sync 1 DAGs
[2024-03-09T07:15:52.403+0000] {logging_mixin.py:188} INFO - [2024-03-09T07:15:52.402+0000] {dag.py:3834} INFO - Setting next_dagrun for example_xcom to 2021-01-01 00:00:00+00:00, run_after=2021-01-01 00:00:00+00:00
[2024-03-09T07:15:52.470+0000] {processor.py:183} INFO - Processing /home/airflow/.local/lib/python3.8/site-packages/airflow/example_dags/example_xcom.py took 0.387 seconds
[2024-03-09T07:16:23.361+0000] {processor.py:161} INFO - Started process (PID=1092) to work on /home/airflow/.local/lib/python3.8/site-packages/airflow/example_dags/example_xcom.py
[2024-03-09T07:16:23.366+0000] {processor.py:830} INFO - Processing file /home/airflow/.local/lib/python3.8/site-packages/airflow/example_dags/example_xcom.py for tasks to queue
[2024-03-09T07:16:23.374+0000] {logging_mixin.py:188} INFO - [2024-03-09T07:16:23.373+0000] {dagbag.py:540} INFO - Filling up the DagBag from /home/airflow/.local/lib/python3.8/site-packages/airflow/example_dags/example_xcom.py
[2024-03-09T07:16:23.431+0000] {processor.py:840} INFO - DAG(s) 'example_xcom' retrieved from /home/airflow/.local/lib/python3.8/site-packages/airflow/example_dags/example_xcom.py
[2024-03-09T07:16:23.531+0000] {logging_mixin.py:188} INFO - [2024-03-09T07:16:23.530+0000] {dag.py:3047} INFO - Sync 1 DAGs
[2024-03-09T07:16:23.625+0000] {logging_mixin.py:188} INFO - [2024-03-09T07:16:23.625+0000] {dag.py:3834} INFO - Setting next_dagrun for example_xcom to 2021-01-01 00:00:00+00:00, run_after=2021-01-01 00:00:00+00:00
[2024-03-09T07:16:23.690+0000] {processor.py:183} INFO - Processing /home/airflow/.local/lib/python3.8/site-packages/airflow/example_dags/example_xcom.py took 0.352 seconds
[2024-03-09T07:16:54.024+0000] {processor.py:161} INFO - Started process (PID=1147) to work on /home/airflow/.local/lib/python3.8/site-packages/airflow/example_dags/example_xcom.py
[2024-03-09T07:16:54.030+0000] {processor.py:830} INFO - Processing file /home/airflow/.local/lib/python3.8/site-packages/airflow/example_dags/example_xcom.py for tasks to queue
[2024-03-09T07:16:54.041+0000] {logging_mixin.py:188} INFO - [2024-03-09T07:16:54.040+0000] {dagbag.py:540} INFO - Filling up the DagBag from /home/airflow/.local/lib/python3.8/site-packages/airflow/example_dags/example_xcom.py
[2024-03-09T07:16:54.086+0000] {processor.py:840} INFO - DAG(s) 'example_xcom' retrieved from /home/airflow/.local/lib/python3.8/site-packages/airflow/example_dags/example_xcom.py
[2024-03-09T07:16:54.219+0000] {logging_mixin.py:188} INFO - [2024-03-09T07:16:54.218+0000] {dag.py:3047} INFO - Sync 1 DAGs
[2024-03-09T07:16:54.364+0000] {logging_mixin.py:188} INFO - [2024-03-09T07:16:54.362+0000] {dag.py:3834} INFO - Setting next_dagrun for example_xcom to 2021-01-01 00:00:00+00:00, run_after=2021-01-01 00:00:00+00:00
[2024-03-09T07:16:54.487+0000] {processor.py:183} INFO - Processing /home/airflow/.local/lib/python3.8/site-packages/airflow/example_dags/example_xcom.py took 0.482 seconds
[2024-03-09T07:17:24.921+0000] {processor.py:161} INFO - Started process (PID=1202) to work on /home/airflow/.local/lib/python3.8/site-packages/airflow/example_dags/example_xcom.py
[2024-03-09T07:17:24.926+0000] {processor.py:830} INFO - Processing file /home/airflow/.local/lib/python3.8/site-packages/airflow/example_dags/example_xcom.py for tasks to queue
[2024-03-09T07:17:24.937+0000] {logging_mixin.py:188} INFO - [2024-03-09T07:17:24.936+0000] {dagbag.py:540} INFO - Filling up the DagBag from /home/airflow/.local/lib/python3.8/site-packages/airflow/example_dags/example_xcom.py
[2024-03-09T07:17:24.964+0000] {processor.py:840} INFO - DAG(s) 'example_xcom' retrieved from /home/airflow/.local/lib/python3.8/site-packages/airflow/example_dags/example_xcom.py
[2024-03-09T07:17:25.034+0000] {logging_mixin.py:188} INFO - [2024-03-09T07:17:25.033+0000] {dag.py:3047} INFO - Sync 1 DAGs
[2024-03-09T07:17:25.128+0000] {logging_mixin.py:188} INFO - [2024-03-09T07:17:25.127+0000] {dag.py:3834} INFO - Setting next_dagrun for example_xcom to 2021-01-01 00:00:00+00:00, run_after=2021-01-01 00:00:00+00:00
[2024-03-09T07:17:25.229+0000] {processor.py:183} INFO - Processing /home/airflow/.local/lib/python3.8/site-packages/airflow/example_dags/example_xcom.py took 0.319 seconds
[2024-03-09T07:17:55.860+0000] {processor.py:161} INFO - Started process (PID=1257) to work on /home/airflow/.local/lib/python3.8/site-packages/airflow/example_dags/example_xcom.py
[2024-03-09T07:17:55.863+0000] {processor.py:830} INFO - Processing file /home/airflow/.local/lib/python3.8/site-packages/airflow/example_dags/example_xcom.py for tasks to queue
[2024-03-09T07:17:55.869+0000] {logging_mixin.py:188} INFO - [2024-03-09T07:17:55.869+0000] {dagbag.py:540} INFO - Filling up the DagBag from /home/airflow/.local/lib/python3.8/site-packages/airflow/example_dags/example_xcom.py
[2024-03-09T07:17:55.894+0000] {processor.py:840} INFO - DAG(s) 'example_xcom' retrieved from /home/airflow/.local/lib/python3.8/site-packages/airflow/example_dags/example_xcom.py
[2024-03-09T07:17:55.973+0000] {logging_mixin.py:188} INFO - [2024-03-09T07:17:55.972+0000] {dag.py:3047} INFO - Sync 1 DAGs
[2024-03-09T07:17:56.041+0000] {logging_mixin.py:188} INFO - [2024-03-09T07:17:56.040+0000] {dag.py:3834} INFO - Setting next_dagrun for example_xcom to 2021-01-01 00:00:00+00:00, run_after=2021-01-01 00:00:00+00:00
[2024-03-09T07:17:56.098+0000] {processor.py:183} INFO - Processing /home/airflow/.local/lib/python3.8/site-packages/airflow/example_dags/example_xcom.py took 0.248 seconds
[2024-03-09T07:18:26.992+0000] {processor.py:161} INFO - Started process (PID=1312) to work on /home/airflow/.local/lib/python3.8/site-packages/airflow/example_dags/example_xcom.py
[2024-03-09T07:18:26.997+0000] {processor.py:830} INFO - Processing file /home/airflow/.local/lib/python3.8/site-packages/airflow/example_dags/example_xcom.py for tasks to queue
[2024-03-09T07:18:27.007+0000] {logging_mixin.py:188} INFO - [2024-03-09T07:18:27.006+0000] {dagbag.py:540} INFO - Filling up the DagBag from /home/airflow/.local/lib/python3.8/site-packages/airflow/example_dags/example_xcom.py
[2024-03-09T07:18:27.042+0000] {processor.py:840} INFO - DAG(s) 'example_xcom' retrieved from /home/airflow/.local/lib/python3.8/site-packages/airflow/example_dags/example_xcom.py
[2024-03-09T07:18:27.155+0000] {logging_mixin.py:188} INFO - [2024-03-09T07:18:27.154+0000] {dag.py:3047} INFO - Sync 1 DAGs
[2024-03-09T07:18:27.267+0000] {logging_mixin.py:188} INFO - [2024-03-09T07:18:27.266+0000] {dag.py:3834} INFO - Setting next_dagrun for example_xcom to 2021-01-01 00:00:00+00:00, run_after=2021-01-01 00:00:00+00:00
[2024-03-09T07:18:27.354+0000] {processor.py:183} INFO - Processing /home/airflow/.local/lib/python3.8/site-packages/airflow/example_dags/example_xcom.py took 0.377 seconds
[2024-03-09T07:18:57.750+0000] {processor.py:161} INFO - Started process (PID=1367) to work on /home/airflow/.local/lib/python3.8/site-packages/airflow/example_dags/example_xcom.py
[2024-03-09T07:18:57.754+0000] {processor.py:830} INFO - Processing file /home/airflow/.local/lib/python3.8/site-packages/airflow/example_dags/example_xcom.py for tasks to queue
[2024-03-09T07:18:57.763+0000] {logging_mixin.py:188} INFO - [2024-03-09T07:18:57.761+0000] {dagbag.py:540} INFO - Filling up the DagBag from /home/airflow/.local/lib/python3.8/site-packages/airflow/example_dags/example_xcom.py
[2024-03-09T07:18:57.797+0000] {processor.py:840} INFO - DAG(s) 'example_xcom' retrieved from /home/airflow/.local/lib/python3.8/site-packages/airflow/example_dags/example_xcom.py
[2024-03-09T07:18:57.852+0000] {logging_mixin.py:188} INFO - [2024-03-09T07:18:57.851+0000] {dag.py:3047} INFO - Sync 1 DAGs
[2024-03-09T07:18:57.913+0000] {logging_mixin.py:188} INFO - [2024-03-09T07:18:57.912+0000] {dag.py:3834} INFO - Setting next_dagrun for example_xcom to 2021-01-01 00:00:00+00:00, run_after=2021-01-01 00:00:00+00:00
[2024-03-09T07:18:57.963+0000] {processor.py:183} INFO - Processing /home/airflow/.local/lib/python3.8/site-packages/airflow/example_dags/example_xcom.py took 0.229 seconds
[2024-03-09T07:19:28.639+0000] {processor.py:161} INFO - Started process (PID=1422) to work on /home/airflow/.local/lib/python3.8/site-packages/airflow/example_dags/example_xcom.py
[2024-03-09T07:19:28.643+0000] {processor.py:830} INFO - Processing file /home/airflow/.local/lib/python3.8/site-packages/airflow/example_dags/example_xcom.py for tasks to queue
[2024-03-09T07:19:28.648+0000] {logging_mixin.py:188} INFO - [2024-03-09T07:19:28.647+0000] {dagbag.py:540} INFO - Filling up the DagBag from /home/airflow/.local/lib/python3.8/site-packages/airflow/example_dags/example_xcom.py
[2024-03-09T07:19:28.670+0000] {processor.py:840} INFO - DAG(s) 'example_xcom' retrieved from /home/airflow/.local/lib/python3.8/site-packages/airflow/example_dags/example_xcom.py
[2024-03-09T07:19:28.749+0000] {logging_mixin.py:188} INFO - [2024-03-09T07:19:28.748+0000] {dag.py:3047} INFO - Sync 1 DAGs
[2024-03-09T07:19:28.850+0000] {logging_mixin.py:188} INFO - [2024-03-09T07:19:28.849+0000] {dag.py:3834} INFO - Setting next_dagrun for example_xcom to 2021-01-01 00:00:00+00:00, run_after=2021-01-01 00:00:00+00:00
[2024-03-09T07:19:28.904+0000] {processor.py:183} INFO - Processing /home/airflow/.local/lib/python3.8/site-packages/airflow/example_dags/example_xcom.py took 0.273 seconds
[2024-03-09T07:19:59.571+0000] {processor.py:161} INFO - Started process (PID=1477) to work on /home/airflow/.local/lib/python3.8/site-packages/airflow/example_dags/example_xcom.py
[2024-03-09T07:19:59.575+0000] {processor.py:830} INFO - Processing file /home/airflow/.local/lib/python3.8/site-packages/airflow/example_dags/example_xcom.py for tasks to queue
[2024-03-09T07:19:59.581+0000] {logging_mixin.py:188} INFO - [2024-03-09T07:19:59.580+0000] {dagbag.py:540} INFO - Filling up the DagBag from /home/airflow/.local/lib/python3.8/site-packages/airflow/example_dags/example_xcom.py
[2024-03-09T07:19:59.610+0000] {processor.py:840} INFO - DAG(s) 'example_xcom' retrieved from /home/airflow/.local/lib/python3.8/site-packages/airflow/example_dags/example_xcom.py
[2024-03-09T07:19:59.670+0000] {logging_mixin.py:188} INFO - [2024-03-09T07:19:59.669+0000] {dag.py:3047} INFO - Sync 1 DAGs
[2024-03-09T07:19:59.737+0000] {logging_mixin.py:188} INFO - [2024-03-09T07:19:59.736+0000] {dag.py:3834} INFO - Setting next_dagrun for example_xcom to 2021-01-01 00:00:00+00:00, run_after=2021-01-01 00:00:00+00:00
[2024-03-09T07:19:59.810+0000] {processor.py:183} INFO - Processing /home/airflow/.local/lib/python3.8/site-packages/airflow/example_dags/example_xcom.py took 0.250 seconds
[2024-03-09T07:20:30.155+0000] {processor.py:161} INFO - Started process (PID=1531) to work on /home/airflow/.local/lib/python3.8/site-packages/airflow/example_dags/example_xcom.py
[2024-03-09T07:20:30.158+0000] {processor.py:830} INFO - Processing file /home/airflow/.local/lib/python3.8/site-packages/airflow/example_dags/example_xcom.py for tasks to queue
[2024-03-09T07:20:30.164+0000] {logging_mixin.py:188} INFO - [2024-03-09T07:20:30.163+0000] {dagbag.py:540} INFO - Filling up the DagBag from /home/airflow/.local/lib/python3.8/site-packages/airflow/example_dags/example_xcom.py
[2024-03-09T07:20:30.189+0000] {processor.py:840} INFO - DAG(s) 'example_xcom' retrieved from /home/airflow/.local/lib/python3.8/site-packages/airflow/example_dags/example_xcom.py
[2024-03-09T07:20:30.248+0000] {logging_mixin.py:188} INFO - [2024-03-09T07:20:30.247+0000] {dag.py:3047} INFO - Sync 1 DAGs
[2024-03-09T07:20:30.316+0000] {logging_mixin.py:188} INFO - [2024-03-09T07:20:30.315+0000] {dag.py:3834} INFO - Setting next_dagrun for example_xcom to 2021-01-01 00:00:00+00:00, run_after=2021-01-01 00:00:00+00:00
[2024-03-09T07:20:30.382+0000] {processor.py:183} INFO - Processing /home/airflow/.local/lib/python3.8/site-packages/airflow/example_dags/example_xcom.py took 0.236 seconds
[2024-03-09T07:21:00.545+0000] {processor.py:161} INFO - Started process (PID=1586) to work on /home/airflow/.local/lib/python3.8/site-packages/airflow/example_dags/example_xcom.py
[2024-03-09T07:21:00.551+0000] {processor.py:830} INFO - Processing file /home/airflow/.local/lib/python3.8/site-packages/airflow/example_dags/example_xcom.py for tasks to queue
[2024-03-09T07:21:00.560+0000] {logging_mixin.py:188} INFO - [2024-03-09T07:21:00.559+0000] {dagbag.py:540} INFO - Filling up the DagBag from /home/airflow/.local/lib/python3.8/site-packages/airflow/example_dags/example_xcom.py
[2024-03-09T07:21:00.603+0000] {processor.py:840} INFO - DAG(s) 'example_xcom' retrieved from /home/airflow/.local/lib/python3.8/site-packages/airflow/example_dags/example_xcom.py
[2024-03-09T07:21:00.715+0000] {logging_mixin.py:188} INFO - [2024-03-09T07:21:00.714+0000] {dag.py:3047} INFO - Sync 1 DAGs
[2024-03-09T07:21:00.796+0000] {logging_mixin.py:188} INFO - [2024-03-09T07:21:00.795+0000] {dag.py:3834} INFO - Setting next_dagrun for example_xcom to 2021-01-01 00:00:00+00:00, run_after=2021-01-01 00:00:00+00:00
[2024-03-09T07:21:00.855+0000] {processor.py:183} INFO - Processing /home/airflow/.local/lib/python3.8/site-packages/airflow/example_dags/example_xcom.py took 0.331 seconds
[2024-03-09T07:21:31.475+0000] {processor.py:161} INFO - Started process (PID=1642) to work on /home/airflow/.local/lib/python3.8/site-packages/airflow/example_dags/example_xcom.py
[2024-03-09T07:21:31.481+0000] {processor.py:830} INFO - Processing file /home/airflow/.local/lib/python3.8/site-packages/airflow/example_dags/example_xcom.py for tasks to queue
[2024-03-09T07:21:31.491+0000] {logging_mixin.py:188} INFO - [2024-03-09T07:21:31.489+0000] {dagbag.py:540} INFO - Filling up the DagBag from /home/airflow/.local/lib/python3.8/site-packages/airflow/example_dags/example_xcom.py
[2024-03-09T07:21:31.542+0000] {processor.py:840} INFO - DAG(s) 'example_xcom' retrieved from /home/airflow/.local/lib/python3.8/site-packages/airflow/example_dags/example_xcom.py
[2024-03-09T07:21:31.671+0000] {logging_mixin.py:188} INFO - [2024-03-09T07:21:31.670+0000] {dag.py:3047} INFO - Sync 1 DAGs
[2024-03-09T07:21:31.820+0000] {logging_mixin.py:188} INFO - [2024-03-09T07:21:31.818+0000] {dag.py:3834} INFO - Setting next_dagrun for example_xcom to 2021-01-01 00:00:00+00:00, run_after=2021-01-01 00:00:00+00:00
[2024-03-09T07:21:31.939+0000] {processor.py:183} INFO - Processing /home/airflow/.local/lib/python3.8/site-packages/airflow/example_dags/example_xcom.py took 0.490 seconds
[2024-03-09T07:22:02.231+0000] {processor.py:161} INFO - Started process (PID=1697) to work on /home/airflow/.local/lib/python3.8/site-packages/airflow/example_dags/example_xcom.py
[2024-03-09T07:22:02.233+0000] {processor.py:830} INFO - Processing file /home/airflow/.local/lib/python3.8/site-packages/airflow/example_dags/example_xcom.py for tasks to queue
[2024-03-09T07:22:02.237+0000] {logging_mixin.py:188} INFO - [2024-03-09T07:22:02.237+0000] {dagbag.py:540} INFO - Filling up the DagBag from /home/airflow/.local/lib/python3.8/site-packages/airflow/example_dags/example_xcom.py
[2024-03-09T07:22:02.263+0000] {processor.py:840} INFO - DAG(s) 'example_xcom' retrieved from /home/airflow/.local/lib/python3.8/site-packages/airflow/example_dags/example_xcom.py
[2024-03-09T07:22:02.344+0000] {logging_mixin.py:188} INFO - [2024-03-09T07:22:02.341+0000] {dag.py:3047} INFO - Sync 1 DAGs
[2024-03-09T07:22:02.489+0000] {logging_mixin.py:188} INFO - [2024-03-09T07:22:02.488+0000] {dag.py:3834} INFO - Setting next_dagrun for example_xcom to 2021-01-01 00:00:00+00:00, run_after=2021-01-01 00:00:00+00:00
[2024-03-09T07:22:02.578+0000] {processor.py:183} INFO - Processing /home/airflow/.local/lib/python3.8/site-packages/airflow/example_dags/example_xcom.py took 0.355 seconds
[2024-03-09T07:22:33.648+0000] {processor.py:830} INFO - Processing file /home/airflow/.local/lib/python3.8/site-packages/airflow/example_dags/example_xcom.py for tasks to queue
[2024-03-09T07:22:33.672+0000] {logging_mixin.py:188} INFO - [2024-03-09T07:22:33.669+0000] {dagbag.py:540} INFO - Filling up the DagBag from /home/airflow/.local/lib/python3.8/site-packages/airflow/example_dags/example_xcom.py
[2024-03-09T07:22:33.725+0000] {processor.py:840} INFO - DAG(s) 'example_xcom' retrieved from /home/airflow/.local/lib/python3.8/site-packages/airflow/example_dags/example_xcom.py
[2024-03-09T07:22:33.854+0000] {logging_mixin.py:188} INFO - [2024-03-09T07:22:33.853+0000] {dag.py:3047} INFO - Sync 1 DAGs
[2024-03-09T07:22:34.001+0000] {logging_mixin.py:188} INFO - [2024-03-09T07:22:33.999+0000] {dag.py:3834} INFO - Setting next_dagrun for example_xcom to 2021-01-01 00:00:00+00:00, run_after=2021-01-01 00:00:00+00:00
[2024-03-09T07:22:34.132+0000] {processor.py:183} INFO - Processing /home/airflow/.local/lib/python3.8/site-packages/airflow/example_dags/example_xcom.py took 0.514 seconds
[2024-03-09T07:23:04.635+0000] {processor.py:161} INFO - Started process (PID=1808) to work on /home/airflow/.local/lib/python3.8/site-packages/airflow/example_dags/example_xcom.py
[2024-03-09T07:23:04.639+0000] {processor.py:830} INFO - Processing file /home/airflow/.local/lib/python3.8/site-packages/airflow/example_dags/example_xcom.py for tasks to queue
[2024-03-09T07:23:04.644+0000] {logging_mixin.py:188} INFO - [2024-03-09T07:23:04.643+0000] {dagbag.py:540} INFO - Filling up the DagBag from /home/airflow/.local/lib/python3.8/site-packages/airflow/example_dags/example_xcom.py
[2024-03-09T07:23:04.667+0000] {processor.py:840} INFO - DAG(s) 'example_xcom' retrieved from /home/airflow/.local/lib/python3.8/site-packages/airflow/example_dags/example_xcom.py
[2024-03-09T07:23:04.719+0000] {logging_mixin.py:188} INFO - [2024-03-09T07:23:04.718+0000] {dag.py:3047} INFO - Sync 1 DAGs
[2024-03-09T07:23:04.768+0000] {logging_mixin.py:188} INFO - [2024-03-09T07:23:04.768+0000] {dag.py:3834} INFO - Setting next_dagrun for example_xcom to 2021-01-01 00:00:00+00:00, run_after=2021-01-01 00:00:00+00:00
[2024-03-09T07:23:04.815+0000] {processor.py:183} INFO - Processing /home/airflow/.local/lib/python3.8/site-packages/airflow/example_dags/example_xcom.py took 0.189 seconds
[2024-03-09T07:23:34.948+0000] {processor.py:161} INFO - Started process (PID=1863) to work on /home/airflow/.local/lib/python3.8/site-packages/airflow/example_dags/example_xcom.py
[2024-03-09T07:23:34.953+0000] {processor.py:830} INFO - Processing file /home/airflow/.local/lib/python3.8/site-packages/airflow/example_dags/example_xcom.py for tasks to queue
[2024-03-09T07:23:34.962+0000] {logging_mixin.py:188} INFO - [2024-03-09T07:23:34.961+0000] {dagbag.py:540} INFO - Filling up the DagBag from /home/airflow/.local/lib/python3.8/site-packages/airflow/example_dags/example_xcom.py
[2024-03-09T07:23:35.002+0000] {processor.py:840} INFO - DAG(s) 'example_xcom' retrieved from /home/airflow/.local/lib/python3.8/site-packages/airflow/example_dags/example_xcom.py
[2024-03-09T07:23:35.114+0000] {logging_mixin.py:188} INFO - [2024-03-09T07:23:35.113+0000] {dag.py:3047} INFO - Sync 1 DAGs
[2024-03-09T07:23:35.226+0000] {logging_mixin.py:188} INFO - [2024-03-09T07:23:35.225+0000] {dag.py:3834} INFO - Setting next_dagrun for example_xcom to 2021-01-01 00:00:00+00:00, run_after=2021-01-01 00:00:00+00:00
[2024-03-09T07:23:35.322+0000] {processor.py:183} INFO - Processing /home/airflow/.local/lib/python3.8/site-packages/airflow/example_dags/example_xcom.py took 0.391 seconds
[2024-03-09T07:24:05.813+0000] {processor.py:161} INFO - Started process (PID=1918) to work on /home/airflow/.local/lib/python3.8/site-packages/airflow/example_dags/example_xcom.py
[2024-03-09T07:24:05.816+0000] {processor.py:830} INFO - Processing file /home/airflow/.local/lib/python3.8/site-packages/airflow/example_dags/example_xcom.py for tasks to queue
[2024-03-09T07:24:05.822+0000] {logging_mixin.py:188} INFO - [2024-03-09T07:24:05.821+0000] {dagbag.py:540} INFO - Filling up the DagBag from /home/airflow/.local/lib/python3.8/site-packages/airflow/example_dags/example_xcom.py
[2024-03-09T07:24:05.847+0000] {processor.py:840} INFO - DAG(s) 'example_xcom' retrieved from /home/airflow/.local/lib/python3.8/site-packages/airflow/example_dags/example_xcom.py
[2024-03-09T07:24:05.921+0000] {logging_mixin.py:188} INFO - [2024-03-09T07:24:05.920+0000] {dag.py:3047} INFO - Sync 1 DAGs
[2024-03-09T07:24:05.997+0000] {logging_mixin.py:188} INFO - [2024-03-09T07:24:05.996+0000] {dag.py:3834} INFO - Setting next_dagrun for example_xcom to 2021-01-01 00:00:00+00:00, run_after=2021-01-01 00:00:00+00:00
[2024-03-09T07:24:06.063+0000] {processor.py:183} INFO - Processing /home/airflow/.local/lib/python3.8/site-packages/airflow/example_dags/example_xcom.py took 0.259 seconds
[2024-03-09T07:24:36.236+0000] {processor.py:161} INFO - Started process (PID=1973) to work on /home/airflow/.local/lib/python3.8/site-packages/airflow/example_dags/example_xcom.py
[2024-03-09T07:24:36.255+0000] {processor.py:830} INFO - Processing file /home/airflow/.local/lib/python3.8/site-packages/airflow/example_dags/example_xcom.py for tasks to queue
[2024-03-09T07:24:36.263+0000] {logging_mixin.py:188} INFO - [2024-03-09T07:24:36.262+0000] {dagbag.py:540} INFO - Filling up the DagBag from /home/airflow/.local/lib/python3.8/site-packages/airflow/example_dags/example_xcom.py
[2024-03-09T07:24:36.313+0000] {processor.py:840} INFO - DAG(s) 'example_xcom' retrieved from /home/airflow/.local/lib/python3.8/site-packages/airflow/example_dags/example_xcom.py
[2024-03-09T07:24:36.422+0000] {logging_mixin.py:188} INFO - [2024-03-09T07:24:36.421+0000] {dag.py:3047} INFO - Sync 1 DAGs
[2024-03-09T07:24:36.561+0000] {logging_mixin.py:188} INFO - [2024-03-09T07:24:36.560+0000] {dag.py:3834} INFO - Setting next_dagrun for example_xcom to 2021-01-01 00:00:00+00:00, run_after=2021-01-01 00:00:00+00:00
[2024-03-09T07:24:36.664+0000] {processor.py:183} INFO - Processing /home/airflow/.local/lib/python3.8/site-packages/airflow/example_dags/example_xcom.py took 0.445 seconds
[2024-03-09T07:25:06.887+0000] {processor.py:161} INFO - Started process (PID=2028) to work on /home/airflow/.local/lib/python3.8/site-packages/airflow/example_dags/example_xcom.py
[2024-03-09T07:25:06.890+0000] {processor.py:830} INFO - Processing file /home/airflow/.local/lib/python3.8/site-packages/airflow/example_dags/example_xcom.py for tasks to queue
[2024-03-09T07:25:06.895+0000] {logging_mixin.py:188} INFO - [2024-03-09T07:25:06.895+0000] {dagbag.py:540} INFO - Filling up the DagBag from /home/airflow/.local/lib/python3.8/site-packages/airflow/example_dags/example_xcom.py
[2024-03-09T07:25:06.919+0000] {processor.py:840} INFO - DAG(s) 'example_xcom' retrieved from /home/airflow/.local/lib/python3.8/site-packages/airflow/example_dags/example_xcom.py
[2024-03-09T07:25:06.992+0000] {logging_mixin.py:188} INFO - [2024-03-09T07:25:06.992+0000] {dag.py:3047} INFO - Sync 1 DAGs
[2024-03-09T07:25:07.073+0000] {logging_mixin.py:188} INFO - [2024-03-09T07:25:07.072+0000] {dag.py:3834} INFO - Setting next_dagrun for example_xcom to 2021-01-01 00:00:00+00:00, run_after=2021-01-01 00:00:00+00:00
[2024-03-09T07:25:07.151+0000] {processor.py:183} INFO - Processing /home/airflow/.local/lib/python3.8/site-packages/airflow/example_dags/example_xcom.py took 0.273 seconds
[2024-03-09T07:25:37.817+0000] {processor.py:161} INFO - Started process (PID=2081) to work on /home/airflow/.local/lib/python3.8/site-packages/airflow/example_dags/example_xcom.py
[2024-03-09T07:25:37.823+0000] {processor.py:830} INFO - Processing file /home/airflow/.local/lib/python3.8/site-packages/airflow/example_dags/example_xcom.py for tasks to queue
[2024-03-09T07:25:37.836+0000] {logging_mixin.py:188} INFO - [2024-03-09T07:25:37.834+0000] {dagbag.py:540} INFO - Filling up the DagBag from /home/airflow/.local/lib/python3.8/site-packages/airflow/example_dags/example_xcom.py
[2024-03-09T07:25:37.884+0000] {processor.py:840} INFO - DAG(s) 'example_xcom' retrieved from /home/airflow/.local/lib/python3.8/site-packages/airflow/example_dags/example_xcom.py
[2024-03-09T07:25:37.954+0000] {logging_mixin.py:188} INFO - [2024-03-09T07:25:37.954+0000] {dag.py:3047} INFO - Sync 1 DAGs
[2024-03-09T07:25:38.022+0000] {logging_mixin.py:188} INFO - [2024-03-09T07:25:38.022+0000] {dag.py:3834} INFO - Setting next_dagrun for example_xcom to 2021-01-01 00:00:00+00:00, run_after=2021-01-01 00:00:00+00:00
[2024-03-09T07:25:38.075+0000] {processor.py:183} INFO - Processing /home/airflow/.local/lib/python3.8/site-packages/airflow/example_dags/example_xcom.py took 0.276 seconds
[2024-03-09T07:26:08.597+0000] {processor.py:161} INFO - Started process (PID=2136) to work on /home/airflow/.local/lib/python3.8/site-packages/airflow/example_dags/example_xcom.py
[2024-03-09T07:26:08.603+0000] {processor.py:830} INFO - Processing file /home/airflow/.local/lib/python3.8/site-packages/airflow/example_dags/example_xcom.py for tasks to queue
[2024-03-09T07:26:08.612+0000] {logging_mixin.py:188} INFO - [2024-03-09T07:26:08.611+0000] {dagbag.py:540} INFO - Filling up the DagBag from /home/airflow/.local/lib/python3.8/site-packages/airflow/example_dags/example_xcom.py
[2024-03-09T07:26:08.658+0000] {processor.py:840} INFO - DAG(s) 'example_xcom' retrieved from /home/airflow/.local/lib/python3.8/site-packages/airflow/example_dags/example_xcom.py
[2024-03-09T07:26:08.773+0000] {logging_mixin.py:188} INFO - [2024-03-09T07:26:08.771+0000] {dag.py:3047} INFO - Sync 1 DAGs
[2024-03-09T07:26:08.909+0000] {logging_mixin.py:188} INFO - [2024-03-09T07:26:08.907+0000] {dag.py:3834} INFO - Setting next_dagrun for example_xcom to 2021-01-01 00:00:00+00:00, run_after=2021-01-01 00:00:00+00:00
[2024-03-09T07:26:09.042+0000] {processor.py:183} INFO - Processing /home/airflow/.local/lib/python3.8/site-packages/airflow/example_dags/example_xcom.py took 0.463 seconds
[2024-03-09T07:26:39.808+0000] {processor.py:161} INFO - Started process (PID=2191) to work on /home/airflow/.local/lib/python3.8/site-packages/airflow/example_dags/example_xcom.py
[2024-03-09T07:26:39.811+0000] {processor.py:830} INFO - Processing file /home/airflow/.local/lib/python3.8/site-packages/airflow/example_dags/example_xcom.py for tasks to queue
[2024-03-09T07:26:39.817+0000] {logging_mixin.py:188} INFO - [2024-03-09T07:26:39.816+0000] {dagbag.py:540} INFO - Filling up the DagBag from /home/airflow/.local/lib/python3.8/site-packages/airflow/example_dags/example_xcom.py
[2024-03-09T07:26:39.846+0000] {processor.py:840} INFO - DAG(s) 'example_xcom' retrieved from /home/airflow/.local/lib/python3.8/site-packages/airflow/example_dags/example_xcom.py
[2024-03-09T07:26:39.923+0000] {logging_mixin.py:188} INFO - [2024-03-09T07:26:39.922+0000] {dag.py:3047} INFO - Sync 1 DAGs
[2024-03-09T07:26:40.036+0000] {logging_mixin.py:188} INFO - [2024-03-09T07:26:40.035+0000] {dag.py:3834} INFO - Setting next_dagrun for example_xcom to 2021-01-01 00:00:00+00:00, run_after=2021-01-01 00:00:00+00:00
[2024-03-09T07:26:40.119+0000] {processor.py:183} INFO - Processing /home/airflow/.local/lib/python3.8/site-packages/airflow/example_dags/example_xcom.py took 0.325 seconds
