[2024-03-09T07:07:01.893+0000] {processor.py:161} INFO - Started process (PID=94) to work on /home/airflow/.local/lib/python3.8/site-packages/airflow/example_dags/example_branch_datetime_operator.py
[2024-03-09T07:07:01.901+0000] {processor.py:830} INFO - Processing file /home/airflow/.local/lib/python3.8/site-packages/airflow/example_dags/example_branch_datetime_operator.py for tasks to queue
[2024-03-09T07:07:01.918+0000] {logging_mixin.py:188} INFO - [2024-03-09T07:07:01.917+0000] {dagbag.py:540} INFO - Filling up the DagBag from /home/airflow/.local/lib/python3.8/site-packages/airflow/example_dags/example_branch_datetime_operator.py
[2024-03-09T07:07:02.040+0000] {processor.py:840} INFO - DAG(s) 'example_branch_datetime_operator', 'example_branch_datetime_operator_3', 'example_branch_datetime_operator_2' retrieved from /home/airflow/.local/lib/python3.8/site-packages/airflow/example_dags/example_branch_datetime_operator.py
[2024-03-09T07:07:03.258+0000] {logging_mixin.py:188} INFO - [2024-03-09T07:07:03.251+0000] {dag.py:3047} INFO - Sync 3 DAGs
[2024-03-09T07:07:03.483+0000] {logging_mixin.py:188} INFO - [2024-03-09T07:07:03.481+0000] {dag.py:3834} INFO - Setting next_dagrun for example_branch_datetime_operator to 2024-03-08 00:00:00+00:00, run_after=2024-03-09 00:00:00+00:00
[2024-03-09T07:07:03.528+0000] {logging_mixin.py:188} INFO - [2024-03-09T07:07:03.528+0000] {dag.py:3834} INFO - Setting next_dagrun for example_branch_datetime_operator_2 to 2024-03-08 00:00:00+00:00, run_after=2024-03-09 00:00:00+00:00
[2024-03-09T07:07:03.778+0000] {logging_mixin.py:188} INFO - [2024-03-09T07:07:03.778+0000] {dag.py:3834} INFO - Setting next_dagrun for example_branch_datetime_operator_3 to 2024-03-08 00:00:00+00:00, run_after=2024-03-09 00:00:00+00:00
[2024-03-09T07:07:04.939+0000] {processor.py:183} INFO - Processing /home/airflow/.local/lib/python3.8/site-packages/airflow/example_dags/example_branch_datetime_operator.py took 3.067 seconds
[2024-03-09T07:07:35.803+0000] {processor.py:161} INFO - Started process (PID=149) to work on /home/airflow/.local/lib/python3.8/site-packages/airflow/example_dags/example_branch_datetime_operator.py
[2024-03-09T07:07:35.809+0000] {processor.py:830} INFO - Processing file /home/airflow/.local/lib/python3.8/site-packages/airflow/example_dags/example_branch_datetime_operator.py for tasks to queue
[2024-03-09T07:07:35.817+0000] {logging_mixin.py:188} INFO - [2024-03-09T07:07:35.816+0000] {dagbag.py:540} INFO - Filling up the DagBag from /home/airflow/.local/lib/python3.8/site-packages/airflow/example_dags/example_branch_datetime_operator.py
[2024-03-09T07:07:35.867+0000] {processor.py:840} INFO - DAG(s) 'example_branch_datetime_operator_2', 'example_branch_datetime_operator_3', 'example_branch_datetime_operator' retrieved from /home/airflow/.local/lib/python3.8/site-packages/airflow/example_dags/example_branch_datetime_operator.py
[2024-03-09T07:07:35.977+0000] {logging_mixin.py:188} INFO - [2024-03-09T07:07:35.976+0000] {dag.py:3047} INFO - Sync 3 DAGs
[2024-03-09T07:07:36.051+0000] {logging_mixin.py:188} INFO - [2024-03-09T07:07:36.051+0000] {dag.py:3834} INFO - Setting next_dagrun for example_branch_datetime_operator to 2024-03-08 00:00:00+00:00, run_after=2024-03-09 00:00:00+00:00
[2024-03-09T07:07:36.065+0000] {logging_mixin.py:188} INFO - [2024-03-09T07:07:36.064+0000] {dag.py:3834} INFO - Setting next_dagrun for example_branch_datetime_operator_2 to 2024-03-08 00:00:00+00:00, run_after=2024-03-09 00:00:00+00:00
[2024-03-09T07:07:36.076+0000] {logging_mixin.py:188} INFO - [2024-03-09T07:07:36.075+0000] {dag.py:3834} INFO - Setting next_dagrun for example_branch_datetime_operator_3 to 2024-03-08 00:00:00+00:00, run_after=2024-03-09 00:00:00+00:00
[2024-03-09T07:07:36.131+0000] {processor.py:183} INFO - Processing /home/airflow/.local/lib/python3.8/site-packages/airflow/example_dags/example_branch_datetime_operator.py took 0.357 seconds
[2024-03-09T07:08:06.478+0000] {processor.py:161} INFO - Started process (PID=210) to work on /home/airflow/.local/lib/python3.8/site-packages/airflow/example_dags/example_branch_datetime_operator.py
[2024-03-09T07:08:06.503+0000] {processor.py:830} INFO - Processing file /home/airflow/.local/lib/python3.8/site-packages/airflow/example_dags/example_branch_datetime_operator.py for tasks to queue
[2024-03-09T07:08:06.521+0000] {logging_mixin.py:188} INFO - [2024-03-09T07:08:06.519+0000] {dagbag.py:540} INFO - Filling up the DagBag from /home/airflow/.local/lib/python3.8/site-packages/airflow/example_dags/example_branch_datetime_operator.py
[2024-03-09T07:08:06.606+0000] {processor.py:840} INFO - DAG(s) 'example_branch_datetime_operator_3', 'example_branch_datetime_operator_2', 'example_branch_datetime_operator' retrieved from /home/airflow/.local/lib/python3.8/site-packages/airflow/example_dags/example_branch_datetime_operator.py
[2024-03-09T07:08:06.798+0000] {logging_mixin.py:188} INFO - [2024-03-09T07:08:06.798+0000] {dag.py:3047} INFO - Sync 3 DAGs
[2024-03-09T07:08:06.907+0000] {logging_mixin.py:188} INFO - [2024-03-09T07:08:06.906+0000] {dag.py:3834} INFO - Setting next_dagrun for example_branch_datetime_operator to 2024-03-08 00:00:00+00:00, run_after=2024-03-09 00:00:00+00:00
[2024-03-09T07:08:06.926+0000] {logging_mixin.py:188} INFO - [2024-03-09T07:08:06.925+0000] {dag.py:3834} INFO - Setting next_dagrun for example_branch_datetime_operator_2 to 2024-03-08 00:00:00+00:00, run_after=2024-03-09 00:00:00+00:00
[2024-03-09T07:08:06.934+0000] {logging_mixin.py:188} INFO - [2024-03-09T07:08:06.933+0000] {dag.py:3834} INFO - Setting next_dagrun for example_branch_datetime_operator_3 to 2024-03-08 00:00:00+00:00, run_after=2024-03-09 00:00:00+00:00
[2024-03-09T07:08:06.995+0000] {processor.py:183} INFO - Processing /home/airflow/.local/lib/python3.8/site-packages/airflow/example_dags/example_branch_datetime_operator.py took 0.537 seconds
[2024-03-09T07:08:37.548+0000] {processor.py:161} INFO - Started process (PID=265) to work on /home/airflow/.local/lib/python3.8/site-packages/airflow/example_dags/example_branch_datetime_operator.py
[2024-03-09T07:08:37.563+0000] {processor.py:830} INFO - Processing file /home/airflow/.local/lib/python3.8/site-packages/airflow/example_dags/example_branch_datetime_operator.py for tasks to queue
[2024-03-09T07:08:37.617+0000] {logging_mixin.py:188} INFO - [2024-03-09T07:08:37.614+0000] {dagbag.py:540} INFO - Filling up the DagBag from /home/airflow/.local/lib/python3.8/site-packages/airflow/example_dags/example_branch_datetime_operator.py
[2024-03-09T07:08:37.773+0000] {processor.py:840} INFO - DAG(s) 'example_branch_datetime_operator_2', 'example_branch_datetime_operator', 'example_branch_datetime_operator_3' retrieved from /home/airflow/.local/lib/python3.8/site-packages/airflow/example_dags/example_branch_datetime_operator.py
[2024-03-09T07:08:38.403+0000] {logging_mixin.py:188} INFO - [2024-03-09T07:08:38.394+0000] {dag.py:3047} INFO - Sync 3 DAGs
[2024-03-09T07:08:38.640+0000] {logging_mixin.py:188} INFO - [2024-03-09T07:08:38.639+0000] {dag.py:3834} INFO - Setting next_dagrun for example_branch_datetime_operator to 2024-03-08 00:00:00+00:00, run_after=2024-03-09 00:00:00+00:00
[2024-03-09T07:08:38.658+0000] {logging_mixin.py:188} INFO - [2024-03-09T07:08:38.658+0000] {dag.py:3834} INFO - Setting next_dagrun for example_branch_datetime_operator_2 to 2024-03-08 00:00:00+00:00, run_after=2024-03-09 00:00:00+00:00
[2024-03-09T07:08:38.666+0000] {logging_mixin.py:188} INFO - [2024-03-09T07:08:38.666+0000] {dag.py:3834} INFO - Setting next_dagrun for example_branch_datetime_operator_3 to 2024-03-08 00:00:00+00:00, run_after=2024-03-09 00:00:00+00:00
[2024-03-09T07:08:38.722+0000] {processor.py:183} INFO - Processing /home/airflow/.local/lib/python3.8/site-packages/airflow/example_dags/example_branch_datetime_operator.py took 1.327 seconds
[2024-03-09T07:09:09.264+0000] {processor.py:161} INFO - Started process (PID=320) to work on /home/airflow/.local/lib/python3.8/site-packages/airflow/example_dags/example_branch_datetime_operator.py
[2024-03-09T07:09:09.268+0000] {processor.py:830} INFO - Processing file /home/airflow/.local/lib/python3.8/site-packages/airflow/example_dags/example_branch_datetime_operator.py for tasks to queue
[2024-03-09T07:09:09.278+0000] {logging_mixin.py:188} INFO - [2024-03-09T07:09:09.275+0000] {dagbag.py:540} INFO - Filling up the DagBag from /home/airflow/.local/lib/python3.8/site-packages/airflow/example_dags/example_branch_datetime_operator.py
[2024-03-09T07:09:09.335+0000] {processor.py:840} INFO - DAG(s) 'example_branch_datetime_operator', 'example_branch_datetime_operator_2', 'example_branch_datetime_operator_3' retrieved from /home/airflow/.local/lib/python3.8/site-packages/airflow/example_dags/example_branch_datetime_operator.py
[2024-03-09T07:09:09.461+0000] {logging_mixin.py:188} INFO - [2024-03-09T07:09:09.460+0000] {dag.py:3047} INFO - Sync 3 DAGs
[2024-03-09T07:09:09.530+0000] {logging_mixin.py:188} INFO - [2024-03-09T07:09:09.530+0000] {dag.py:3834} INFO - Setting next_dagrun for example_branch_datetime_operator to 2024-03-08 00:00:00+00:00, run_after=2024-03-09 00:00:00+00:00
[2024-03-09T07:09:09.544+0000] {logging_mixin.py:188} INFO - [2024-03-09T07:09:09.544+0000] {dag.py:3834} INFO - Setting next_dagrun for example_branch_datetime_operator_2 to 2024-03-08 00:00:00+00:00, run_after=2024-03-09 00:00:00+00:00
[2024-03-09T07:09:09.554+0000] {logging_mixin.py:188} INFO - [2024-03-09T07:09:09.553+0000] {dag.py:3834} INFO - Setting next_dagrun for example_branch_datetime_operator_3 to 2024-03-08 00:00:00+00:00, run_after=2024-03-09 00:00:00+00:00
[2024-03-09T07:09:09.597+0000] {processor.py:183} INFO - Processing /home/airflow/.local/lib/python3.8/site-packages/airflow/example_dags/example_branch_datetime_operator.py took 0.351 seconds
[2024-03-09T07:09:39.905+0000] {processor.py:161} INFO - Started process (PID=375) to work on /home/airflow/.local/lib/python3.8/site-packages/airflow/example_dags/example_branch_datetime_operator.py
[2024-03-09T07:09:39.915+0000] {processor.py:830} INFO - Processing file /home/airflow/.local/lib/python3.8/site-packages/airflow/example_dags/example_branch_datetime_operator.py for tasks to queue
[2024-03-09T07:09:39.927+0000] {logging_mixin.py:188} INFO - [2024-03-09T07:09:39.925+0000] {dagbag.py:540} INFO - Filling up the DagBag from /home/airflow/.local/lib/python3.8/site-packages/airflow/example_dags/example_branch_datetime_operator.py
[2024-03-09T07:09:39.992+0000] {processor.py:840} INFO - DAG(s) 'example_branch_datetime_operator_3', 'example_branch_datetime_operator', 'example_branch_datetime_operator_2' retrieved from /home/airflow/.local/lib/python3.8/site-packages/airflow/example_dags/example_branch_datetime_operator.py
[2024-03-09T07:09:40.156+0000] {logging_mixin.py:188} INFO - [2024-03-09T07:09:40.155+0000] {dag.py:3047} INFO - Sync 3 DAGs
[2024-03-09T07:09:40.317+0000] {logging_mixin.py:188} INFO - [2024-03-09T07:09:40.315+0000] {dag.py:3834} INFO - Setting next_dagrun for example_branch_datetime_operator to 2024-03-08 00:00:00+00:00, run_after=2024-03-09 00:00:00+00:00
[2024-03-09T07:09:40.349+0000] {logging_mixin.py:188} INFO - [2024-03-09T07:09:40.347+0000] {dag.py:3834} INFO - Setting next_dagrun for example_branch_datetime_operator_2 to 2024-03-08 00:00:00+00:00, run_after=2024-03-09 00:00:00+00:00
[2024-03-09T07:09:40.370+0000] {logging_mixin.py:188} INFO - [2024-03-09T07:09:40.368+0000] {dag.py:3834} INFO - Setting next_dagrun for example_branch_datetime_operator_3 to 2024-03-08 00:00:00+00:00, run_after=2024-03-09 00:00:00+00:00
[2024-03-09T07:09:40.487+0000] {processor.py:183} INFO - Processing /home/airflow/.local/lib/python3.8/site-packages/airflow/example_dags/example_branch_datetime_operator.py took 0.600 seconds
[2024-03-09T07:10:10.880+0000] {processor.py:161} INFO - Started process (PID=429) to work on /home/airflow/.local/lib/python3.8/site-packages/airflow/example_dags/example_branch_datetime_operator.py
[2024-03-09T07:10:10.889+0000] {processor.py:830} INFO - Processing file /home/airflow/.local/lib/python3.8/site-packages/airflow/example_dags/example_branch_datetime_operator.py for tasks to queue
[2024-03-09T07:10:10.897+0000] {logging_mixin.py:188} INFO - [2024-03-09T07:10:10.895+0000] {dagbag.py:540} INFO - Filling up the DagBag from /home/airflow/.local/lib/python3.8/site-packages/airflow/example_dags/example_branch_datetime_operator.py
[2024-03-09T07:10:10.947+0000] {processor.py:840} INFO - DAG(s) 'example_branch_datetime_operator', 'example_branch_datetime_operator_2', 'example_branch_datetime_operator_3' retrieved from /home/airflow/.local/lib/python3.8/site-packages/airflow/example_dags/example_branch_datetime_operator.py
[2024-03-09T07:10:11.072+0000] {logging_mixin.py:188} INFO - [2024-03-09T07:10:11.071+0000] {dag.py:3047} INFO - Sync 3 DAGs
[2024-03-09T07:10:11.187+0000] {logging_mixin.py:188} INFO - [2024-03-09T07:10:11.186+0000] {dag.py:3834} INFO - Setting next_dagrun for example_branch_datetime_operator to 2024-03-08 00:00:00+00:00, run_after=2024-03-09 00:00:00+00:00
[2024-03-09T07:10:11.205+0000] {logging_mixin.py:188} INFO - [2024-03-09T07:10:11.205+0000] {dag.py:3834} INFO - Setting next_dagrun for example_branch_datetime_operator_2 to 2024-03-08 00:00:00+00:00, run_after=2024-03-09 00:00:00+00:00
[2024-03-09T07:10:11.217+0000] {logging_mixin.py:188} INFO - [2024-03-09T07:10:11.216+0000] {dag.py:3834} INFO - Setting next_dagrun for example_branch_datetime_operator_3 to 2024-03-08 00:00:00+00:00, run_after=2024-03-09 00:00:00+00:00
[2024-03-09T07:10:11.284+0000] {processor.py:183} INFO - Processing /home/airflow/.local/lib/python3.8/site-packages/airflow/example_dags/example_branch_datetime_operator.py took 0.423 seconds
[2024-03-09T07:10:41.950+0000] {processor.py:161} INFO - Started process (PID=484) to work on /home/airflow/.local/lib/python3.8/site-packages/airflow/example_dags/example_branch_datetime_operator.py
[2024-03-09T07:10:41.957+0000] {processor.py:830} INFO - Processing file /home/airflow/.local/lib/python3.8/site-packages/airflow/example_dags/example_branch_datetime_operator.py for tasks to queue
[2024-03-09T07:10:41.969+0000] {logging_mixin.py:188} INFO - [2024-03-09T07:10:41.967+0000] {dagbag.py:540} INFO - Filling up the DagBag from /home/airflow/.local/lib/python3.8/site-packages/airflow/example_dags/example_branch_datetime_operator.py
[2024-03-09T07:10:42.036+0000] {processor.py:840} INFO - DAG(s) 'example_branch_datetime_operator', 'example_branch_datetime_operator_3', 'example_branch_datetime_operator_2' retrieved from /home/airflow/.local/lib/python3.8/site-packages/airflow/example_dags/example_branch_datetime_operator.py
[2024-03-09T07:10:42.175+0000] {logging_mixin.py:188} INFO - [2024-03-09T07:10:42.174+0000] {dag.py:3047} INFO - Sync 3 DAGs
[2024-03-09T07:10:42.320+0000] {logging_mixin.py:188} INFO - [2024-03-09T07:10:42.319+0000] {dag.py:3834} INFO - Setting next_dagrun for example_branch_datetime_operator to 2024-03-08 00:00:00+00:00, run_after=2024-03-09 00:00:00+00:00
[2024-03-09T07:10:42.350+0000] {logging_mixin.py:188} INFO - [2024-03-09T07:10:42.349+0000] {dag.py:3834} INFO - Setting next_dagrun for example_branch_datetime_operator_2 to 2024-03-08 00:00:00+00:00, run_after=2024-03-09 00:00:00+00:00
[2024-03-09T07:10:42.364+0000] {logging_mixin.py:188} INFO - [2024-03-09T07:10:42.364+0000] {dag.py:3834} INFO - Setting next_dagrun for example_branch_datetime_operator_3 to 2024-03-08 00:00:00+00:00, run_after=2024-03-09 00:00:00+00:00
[2024-03-09T07:10:42.457+0000] {processor.py:183} INFO - Processing /home/airflow/.local/lib/python3.8/site-packages/airflow/example_dags/example_branch_datetime_operator.py took 0.529 seconds
[2024-03-09T07:11:12.769+0000] {processor.py:161} INFO - Started process (PID=539) to work on /home/airflow/.local/lib/python3.8/site-packages/airflow/example_dags/example_branch_datetime_operator.py
[2024-03-09T07:11:12.775+0000] {processor.py:830} INFO - Processing file /home/airflow/.local/lib/python3.8/site-packages/airflow/example_dags/example_branch_datetime_operator.py for tasks to queue
[2024-03-09T07:11:12.785+0000] {logging_mixin.py:188} INFO - [2024-03-09T07:11:12.784+0000] {dagbag.py:540} INFO - Filling up the DagBag from /home/airflow/.local/lib/python3.8/site-packages/airflow/example_dags/example_branch_datetime_operator.py
[2024-03-09T07:11:12.844+0000] {processor.py:840} INFO - DAG(s) 'example_branch_datetime_operator', 'example_branch_datetime_operator_2', 'example_branch_datetime_operator_3' retrieved from /home/airflow/.local/lib/python3.8/site-packages/airflow/example_dags/example_branch_datetime_operator.py
[2024-03-09T07:11:12.946+0000] {logging_mixin.py:188} INFO - [2024-03-09T07:11:12.945+0000] {dag.py:3047} INFO - Sync 3 DAGs
[2024-03-09T07:11:13.036+0000] {logging_mixin.py:188} INFO - [2024-03-09T07:11:13.035+0000] {dag.py:3834} INFO - Setting next_dagrun for example_branch_datetime_operator to 2024-03-08 00:00:00+00:00, run_after=2024-03-09 00:00:00+00:00
[2024-03-09T07:11:13.053+0000] {logging_mixin.py:188} INFO - [2024-03-09T07:11:13.052+0000] {dag.py:3834} INFO - Setting next_dagrun for example_branch_datetime_operator_2 to 2024-03-08 00:00:00+00:00, run_after=2024-03-09 00:00:00+00:00
[2024-03-09T07:11:13.062+0000] {logging_mixin.py:188} INFO - [2024-03-09T07:11:13.061+0000] {dag.py:3834} INFO - Setting next_dagrun for example_branch_datetime_operator_3 to 2024-03-08 00:00:00+00:00, run_after=2024-03-09 00:00:00+00:00
[2024-03-09T07:11:13.105+0000] {processor.py:183} INFO - Processing /home/airflow/.local/lib/python3.8/site-packages/airflow/example_dags/example_branch_datetime_operator.py took 0.352 seconds
[2024-03-09T07:11:43.610+0000] {processor.py:161} INFO - Started process (PID=594) to work on /home/airflow/.local/lib/python3.8/site-packages/airflow/example_dags/example_branch_datetime_operator.py
[2024-03-09T07:11:43.614+0000] {processor.py:830} INFO - Processing file /home/airflow/.local/lib/python3.8/site-packages/airflow/example_dags/example_branch_datetime_operator.py for tasks to queue
[2024-03-09T07:11:43.624+0000] {logging_mixin.py:188} INFO - [2024-03-09T07:11:43.622+0000] {dagbag.py:540} INFO - Filling up the DagBag from /home/airflow/.local/lib/python3.8/site-packages/airflow/example_dags/example_branch_datetime_operator.py
[2024-03-09T07:11:43.675+0000] {processor.py:840} INFO - DAG(s) 'example_branch_datetime_operator', 'example_branch_datetime_operator_2', 'example_branch_datetime_operator_3' retrieved from /home/airflow/.local/lib/python3.8/site-packages/airflow/example_dags/example_branch_datetime_operator.py
[2024-03-09T07:11:43.824+0000] {logging_mixin.py:188} INFO - [2024-03-09T07:11:43.823+0000] {dag.py:3047} INFO - Sync 3 DAGs
[2024-03-09T07:11:43.910+0000] {logging_mixin.py:188} INFO - [2024-03-09T07:11:43.910+0000] {dag.py:3834} INFO - Setting next_dagrun for example_branch_datetime_operator to 2024-03-08 00:00:00+00:00, run_after=2024-03-09 00:00:00+00:00
[2024-03-09T07:11:43.925+0000] {logging_mixin.py:188} INFO - [2024-03-09T07:11:43.925+0000] {dag.py:3834} INFO - Setting next_dagrun for example_branch_datetime_operator_2 to 2024-03-08 00:00:00+00:00, run_after=2024-03-09 00:00:00+00:00
[2024-03-09T07:11:43.934+0000] {logging_mixin.py:188} INFO - [2024-03-09T07:11:43.934+0000] {dag.py:3834} INFO - Setting next_dagrun for example_branch_datetime_operator_3 to 2024-03-08 00:00:00+00:00, run_after=2024-03-09 00:00:00+00:00
[2024-03-09T07:11:43.989+0000] {processor.py:183} INFO - Processing /home/airflow/.local/lib/python3.8/site-packages/airflow/example_dags/example_branch_datetime_operator.py took 0.399 seconds
[2024-03-09T07:12:14.686+0000] {processor.py:161} INFO - Started process (PID=649) to work on /home/airflow/.local/lib/python3.8/site-packages/airflow/example_dags/example_branch_datetime_operator.py
[2024-03-09T07:12:14.693+0000] {processor.py:830} INFO - Processing file /home/airflow/.local/lib/python3.8/site-packages/airflow/example_dags/example_branch_datetime_operator.py for tasks to queue
[2024-03-09T07:12:14.706+0000] {logging_mixin.py:188} INFO - [2024-03-09T07:12:14.704+0000] {dagbag.py:540} INFO - Filling up the DagBag from /home/airflow/.local/lib/python3.8/site-packages/airflow/example_dags/example_branch_datetime_operator.py
[2024-03-09T07:12:14.774+0000] {processor.py:840} INFO - DAG(s) 'example_branch_datetime_operator', 'example_branch_datetime_operator_2', 'example_branch_datetime_operator_3' retrieved from /home/airflow/.local/lib/python3.8/site-packages/airflow/example_dags/example_branch_datetime_operator.py
[2024-03-09T07:12:14.944+0000] {logging_mixin.py:188} INFO - [2024-03-09T07:12:14.942+0000] {dag.py:3047} INFO - Sync 3 DAGs
[2024-03-09T07:12:15.085+0000] {logging_mixin.py:188} INFO - [2024-03-09T07:12:15.084+0000] {dag.py:3834} INFO - Setting next_dagrun for example_branch_datetime_operator to 2024-03-08 00:00:00+00:00, run_after=2024-03-09 00:00:00+00:00
[2024-03-09T07:12:15.117+0000] {logging_mixin.py:188} INFO - [2024-03-09T07:12:15.116+0000] {dag.py:3834} INFO - Setting next_dagrun for example_branch_datetime_operator_2 to 2024-03-08 00:00:00+00:00, run_after=2024-03-09 00:00:00+00:00
[2024-03-09T07:12:15.142+0000] {logging_mixin.py:188} INFO - [2024-03-09T07:12:15.141+0000] {dag.py:3834} INFO - Setting next_dagrun for example_branch_datetime_operator_3 to 2024-03-08 00:00:00+00:00, run_after=2024-03-09 00:00:00+00:00
[2024-03-09T07:12:15.246+0000] {processor.py:183} INFO - Processing /home/airflow/.local/lib/python3.8/site-packages/airflow/example_dags/example_branch_datetime_operator.py took 0.579 seconds
[2024-03-09T07:12:45.591+0000] {processor.py:161} INFO - Started process (PID=705) to work on /home/airflow/.local/lib/python3.8/site-packages/airflow/example_dags/example_branch_datetime_operator.py
[2024-03-09T07:12:45.593+0000] {processor.py:830} INFO - Processing file /home/airflow/.local/lib/python3.8/site-packages/airflow/example_dags/example_branch_datetime_operator.py for tasks to queue
[2024-03-09T07:12:45.599+0000] {logging_mixin.py:188} INFO - [2024-03-09T07:12:45.598+0000] {dagbag.py:540} INFO - Filling up the DagBag from /home/airflow/.local/lib/python3.8/site-packages/airflow/example_dags/example_branch_datetime_operator.py
[2024-03-09T07:12:45.634+0000] {processor.py:840} INFO - DAG(s) 'example_branch_datetime_operator', 'example_branch_datetime_operator_2', 'example_branch_datetime_operator_3' retrieved from /home/airflow/.local/lib/python3.8/site-packages/airflow/example_dags/example_branch_datetime_operator.py
[2024-03-09T07:12:45.750+0000] {logging_mixin.py:188} INFO - [2024-03-09T07:12:45.749+0000] {dag.py:3047} INFO - Sync 3 DAGs
[2024-03-09T07:12:45.851+0000] {logging_mixin.py:188} INFO - [2024-03-09T07:12:45.851+0000] {dag.py:3834} INFO - Setting next_dagrun for example_branch_datetime_operator to 2024-03-08 00:00:00+00:00, run_after=2024-03-09 00:00:00+00:00
[2024-03-09T07:12:45.876+0000] {logging_mixin.py:188} INFO - [2024-03-09T07:12:45.875+0000] {dag.py:3834} INFO - Setting next_dagrun for example_branch_datetime_operator_2 to 2024-03-08 00:00:00+00:00, run_after=2024-03-09 00:00:00+00:00
[2024-03-09T07:12:45.891+0000] {logging_mixin.py:188} INFO - [2024-03-09T07:12:45.890+0000] {dag.py:3834} INFO - Setting next_dagrun for example_branch_datetime_operator_3 to 2024-03-08 00:00:00+00:00, run_after=2024-03-09 00:00:00+00:00
[2024-03-09T07:12:45.945+0000] {processor.py:183} INFO - Processing /home/airflow/.local/lib/python3.8/site-packages/airflow/example_dags/example_branch_datetime_operator.py took 0.362 seconds
[2024-03-09T07:13:16.214+0000] {processor.py:161} INFO - Started process (PID=757) to work on /home/airflow/.local/lib/python3.8/site-packages/airflow/example_dags/example_branch_datetime_operator.py
[2024-03-09T07:13:16.222+0000] {processor.py:830} INFO - Processing file /home/airflow/.local/lib/python3.8/site-packages/airflow/example_dags/example_branch_datetime_operator.py for tasks to queue
[2024-03-09T07:13:16.235+0000] {logging_mixin.py:188} INFO - [2024-03-09T07:13:16.233+0000] {dagbag.py:540} INFO - Filling up the DagBag from /home/airflow/.local/lib/python3.8/site-packages/airflow/example_dags/example_branch_datetime_operator.py
[2024-03-09T07:13:16.301+0000] {processor.py:840} INFO - DAG(s) 'example_branch_datetime_operator_3', 'example_branch_datetime_operator_2', 'example_branch_datetime_operator' retrieved from /home/airflow/.local/lib/python3.8/site-packages/airflow/example_dags/example_branch_datetime_operator.py
[2024-03-09T07:13:16.398+0000] {logging_mixin.py:188} INFO - [2024-03-09T07:13:16.397+0000] {dag.py:3047} INFO - Sync 3 DAGs
[2024-03-09T07:13:16.466+0000] {logging_mixin.py:188} INFO - [2024-03-09T07:13:16.465+0000] {dag.py:3834} INFO - Setting next_dagrun for example_branch_datetime_operator to 2024-03-08 00:00:00+00:00, run_after=2024-03-09 00:00:00+00:00
[2024-03-09T07:13:16.480+0000] {logging_mixin.py:188} INFO - [2024-03-09T07:13:16.480+0000] {dag.py:3834} INFO - Setting next_dagrun for example_branch_datetime_operator_2 to 2024-03-08 00:00:00+00:00, run_after=2024-03-09 00:00:00+00:00
[2024-03-09T07:13:16.490+0000] {logging_mixin.py:188} INFO - [2024-03-09T07:13:16.489+0000] {dag.py:3834} INFO - Setting next_dagrun for example_branch_datetime_operator_3 to 2024-03-08 00:00:00+00:00, run_after=2024-03-09 00:00:00+00:00
[2024-03-09T07:13:16.537+0000] {processor.py:183} INFO - Processing /home/airflow/.local/lib/python3.8/site-packages/airflow/example_dags/example_branch_datetime_operator.py took 0.346 seconds
[2024-03-09T07:13:46.718+0000] {processor.py:161} INFO - Started process (PID=812) to work on /home/airflow/.local/lib/python3.8/site-packages/airflow/example_dags/example_branch_datetime_operator.py
[2024-03-09T07:13:46.723+0000] {processor.py:830} INFO - Processing file /home/airflow/.local/lib/python3.8/site-packages/airflow/example_dags/example_branch_datetime_operator.py for tasks to queue
[2024-03-09T07:13:46.734+0000] {logging_mixin.py:188} INFO - [2024-03-09T07:13:46.732+0000] {dagbag.py:540} INFO - Filling up the DagBag from /home/airflow/.local/lib/python3.8/site-packages/airflow/example_dags/example_branch_datetime_operator.py
[2024-03-09T07:13:46.799+0000] {processor.py:840} INFO - DAG(s) 'example_branch_datetime_operator_3', 'example_branch_datetime_operator_2', 'example_branch_datetime_operator' retrieved from /home/airflow/.local/lib/python3.8/site-packages/airflow/example_dags/example_branch_datetime_operator.py
[2024-03-09T07:13:46.958+0000] {logging_mixin.py:188} INFO - [2024-03-09T07:13:46.957+0000] {dag.py:3047} INFO - Sync 3 DAGs
[2024-03-09T07:13:47.093+0000] {logging_mixin.py:188} INFO - [2024-03-09T07:13:47.092+0000] {dag.py:3834} INFO - Setting next_dagrun for example_branch_datetime_operator to 2024-03-08 00:00:00+00:00, run_after=2024-03-09 00:00:00+00:00
[2024-03-09T07:13:47.122+0000] {logging_mixin.py:188} INFO - [2024-03-09T07:13:47.121+0000] {dag.py:3834} INFO - Setting next_dagrun for example_branch_datetime_operator_2 to 2024-03-08 00:00:00+00:00, run_after=2024-03-09 00:00:00+00:00
[2024-03-09T07:13:47.142+0000] {logging_mixin.py:188} INFO - [2024-03-09T07:13:47.141+0000] {dag.py:3834} INFO - Setting next_dagrun for example_branch_datetime_operator_3 to 2024-03-08 00:00:00+00:00, run_after=2024-03-09 00:00:00+00:00
[2024-03-09T07:13:47.235+0000] {processor.py:183} INFO - Processing /home/airflow/.local/lib/python3.8/site-packages/airflow/example_dags/example_branch_datetime_operator.py took 0.534 seconds
[2024-03-09T07:14:17.724+0000] {processor.py:161} INFO - Started process (PID=867) to work on /home/airflow/.local/lib/python3.8/site-packages/airflow/example_dags/example_branch_datetime_operator.py
[2024-03-09T07:14:17.729+0000] {processor.py:830} INFO - Processing file /home/airflow/.local/lib/python3.8/site-packages/airflow/example_dags/example_branch_datetime_operator.py for tasks to queue
[2024-03-09T07:14:17.740+0000] {logging_mixin.py:188} INFO - [2024-03-09T07:14:17.738+0000] {dagbag.py:540} INFO - Filling up the DagBag from /home/airflow/.local/lib/python3.8/site-packages/airflow/example_dags/example_branch_datetime_operator.py
[2024-03-09T07:14:17.800+0000] {processor.py:840} INFO - DAG(s) 'example_branch_datetime_operator', 'example_branch_datetime_operator_2', 'example_branch_datetime_operator_3' retrieved from /home/airflow/.local/lib/python3.8/site-packages/airflow/example_dags/example_branch_datetime_operator.py
[2024-03-09T07:14:17.958+0000] {logging_mixin.py:188} INFO - [2024-03-09T07:14:17.957+0000] {dag.py:3047} INFO - Sync 3 DAGs
[2024-03-09T07:14:18.100+0000] {logging_mixin.py:188} INFO - [2024-03-09T07:14:18.099+0000] {dag.py:3834} INFO - Setting next_dagrun for example_branch_datetime_operator to 2024-03-08 00:00:00+00:00, run_after=2024-03-09 00:00:00+00:00
[2024-03-09T07:14:18.133+0000] {logging_mixin.py:188} INFO - [2024-03-09T07:14:18.132+0000] {dag.py:3834} INFO - Setting next_dagrun for example_branch_datetime_operator_2 to 2024-03-08 00:00:00+00:00, run_after=2024-03-09 00:00:00+00:00
[2024-03-09T07:14:18.151+0000] {logging_mixin.py:188} INFO - [2024-03-09T07:14:18.150+0000] {dag.py:3834} INFO - Setting next_dagrun for example_branch_datetime_operator_3 to 2024-03-08 00:00:00+00:00, run_after=2024-03-09 00:00:00+00:00
[2024-03-09T07:14:18.269+0000] {processor.py:183} INFO - Processing /home/airflow/.local/lib/python3.8/site-packages/airflow/example_dags/example_branch_datetime_operator.py took 0.562 seconds
[2024-03-09T07:14:48.940+0000] {processor.py:161} INFO - Started process (PID=922) to work on /home/airflow/.local/lib/python3.8/site-packages/airflow/example_dags/example_branch_datetime_operator.py
[2024-03-09T07:14:48.948+0000] {processor.py:830} INFO - Processing file /home/airflow/.local/lib/python3.8/site-packages/airflow/example_dags/example_branch_datetime_operator.py for tasks to queue
[2024-03-09T07:14:48.956+0000] {logging_mixin.py:188} INFO - [2024-03-09T07:14:48.954+0000] {dagbag.py:540} INFO - Filling up the DagBag from /home/airflow/.local/lib/python3.8/site-packages/airflow/example_dags/example_branch_datetime_operator.py
[2024-03-09T07:14:48.996+0000] {processor.py:840} INFO - DAG(s) 'example_branch_datetime_operator', 'example_branch_datetime_operator_3', 'example_branch_datetime_operator_2' retrieved from /home/airflow/.local/lib/python3.8/site-packages/airflow/example_dags/example_branch_datetime_operator.py
[2024-03-09T07:14:49.102+0000] {logging_mixin.py:188} INFO - [2024-03-09T07:14:49.101+0000] {dag.py:3047} INFO - Sync 3 DAGs
[2024-03-09T07:14:49.249+0000] {logging_mixin.py:188} INFO - [2024-03-09T07:14:49.241+0000] {dag.py:3834} INFO - Setting next_dagrun for example_branch_datetime_operator to 2024-03-08 00:00:00+00:00, run_after=2024-03-09 00:00:00+00:00
[2024-03-09T07:14:49.274+0000] {logging_mixin.py:188} INFO - [2024-03-09T07:14:49.274+0000] {dag.py:3834} INFO - Setting next_dagrun for example_branch_datetime_operator_2 to 2024-03-08 00:00:00+00:00, run_after=2024-03-09 00:00:00+00:00
[2024-03-09T07:14:49.290+0000] {logging_mixin.py:188} INFO - [2024-03-09T07:14:49.290+0000] {dag.py:3834} INFO - Setting next_dagrun for example_branch_datetime_operator_3 to 2024-03-08 00:00:00+00:00, run_after=2024-03-09 00:00:00+00:00
[2024-03-09T07:14:49.376+0000] {processor.py:183} INFO - Processing /home/airflow/.local/lib/python3.8/site-packages/airflow/example_dags/example_branch_datetime_operator.py took 0.447 seconds
[2024-03-09T07:15:19.569+0000] {processor.py:161} INFO - Started process (PID=977) to work on /home/airflow/.local/lib/python3.8/site-packages/airflow/example_dags/example_branch_datetime_operator.py
[2024-03-09T07:15:19.574+0000] {processor.py:830} INFO - Processing file /home/airflow/.local/lib/python3.8/site-packages/airflow/example_dags/example_branch_datetime_operator.py for tasks to queue
[2024-03-09T07:15:19.580+0000] {logging_mixin.py:188} INFO - [2024-03-09T07:15:19.579+0000] {dagbag.py:540} INFO - Filling up the DagBag from /home/airflow/.local/lib/python3.8/site-packages/airflow/example_dags/example_branch_datetime_operator.py
[2024-03-09T07:15:19.616+0000] {processor.py:840} INFO - DAG(s) 'example_branch_datetime_operator_2', 'example_branch_datetime_operator_3', 'example_branch_datetime_operator' retrieved from /home/airflow/.local/lib/python3.8/site-packages/airflow/example_dags/example_branch_datetime_operator.py
[2024-03-09T07:15:19.713+0000] {logging_mixin.py:188} INFO - [2024-03-09T07:15:19.713+0000] {dag.py:3047} INFO - Sync 3 DAGs
[2024-03-09T07:15:19.794+0000] {logging_mixin.py:188} INFO - [2024-03-09T07:15:19.794+0000] {dag.py:3834} INFO - Setting next_dagrun for example_branch_datetime_operator to 2024-03-08 00:00:00+00:00, run_after=2024-03-09 00:00:00+00:00
[2024-03-09T07:15:19.813+0000] {logging_mixin.py:188} INFO - [2024-03-09T07:15:19.812+0000] {dag.py:3834} INFO - Setting next_dagrun for example_branch_datetime_operator_2 to 2024-03-08 00:00:00+00:00, run_after=2024-03-09 00:00:00+00:00
[2024-03-09T07:15:19.824+0000] {logging_mixin.py:188} INFO - [2024-03-09T07:15:19.824+0000] {dag.py:3834} INFO - Setting next_dagrun for example_branch_datetime_operator_3 to 2024-03-08 00:00:00+00:00, run_after=2024-03-09 00:00:00+00:00
[2024-03-09T07:15:19.874+0000] {processor.py:183} INFO - Processing /home/airflow/.local/lib/python3.8/site-packages/airflow/example_dags/example_branch_datetime_operator.py took 0.321 seconds
[2024-03-09T07:15:50.012+0000] {processor.py:161} INFO - Started process (PID=1033) to work on /home/airflow/.local/lib/python3.8/site-packages/airflow/example_dags/example_branch_datetime_operator.py
[2024-03-09T07:15:50.018+0000] {processor.py:830} INFO - Processing file /home/airflow/.local/lib/python3.8/site-packages/airflow/example_dags/example_branch_datetime_operator.py for tasks to queue
[2024-03-09T07:15:50.028+0000] {logging_mixin.py:188} INFO - [2024-03-09T07:15:50.026+0000] {dagbag.py:540} INFO - Filling up the DagBag from /home/airflow/.local/lib/python3.8/site-packages/airflow/example_dags/example_branch_datetime_operator.py
[2024-03-09T07:15:50.088+0000] {processor.py:840} INFO - DAG(s) 'example_branch_datetime_operator_2', 'example_branch_datetime_operator', 'example_branch_datetime_operator_3' retrieved from /home/airflow/.local/lib/python3.8/site-packages/airflow/example_dags/example_branch_datetime_operator.py
[2024-03-09T07:15:50.271+0000] {logging_mixin.py:188} INFO - [2024-03-09T07:15:50.270+0000] {dag.py:3047} INFO - Sync 3 DAGs
[2024-03-09T07:15:50.413+0000] {logging_mixin.py:188} INFO - [2024-03-09T07:15:50.412+0000] {dag.py:3834} INFO - Setting next_dagrun for example_branch_datetime_operator to 2024-03-08 00:00:00+00:00, run_after=2024-03-09 00:00:00+00:00
[2024-03-09T07:15:50.447+0000] {logging_mixin.py:188} INFO - [2024-03-09T07:15:50.446+0000] {dag.py:3834} INFO - Setting next_dagrun for example_branch_datetime_operator_2 to 2024-03-08 00:00:00+00:00, run_after=2024-03-09 00:00:00+00:00
[2024-03-09T07:15:50.465+0000] {logging_mixin.py:188} INFO - [2024-03-09T07:15:50.464+0000] {dag.py:3834} INFO - Setting next_dagrun for example_branch_datetime_operator_3 to 2024-03-08 00:00:00+00:00, run_after=2024-03-09 00:00:00+00:00
[2024-03-09T07:15:50.582+0000] {processor.py:183} INFO - Processing /home/airflow/.local/lib/python3.8/site-packages/airflow/example_dags/example_branch_datetime_operator.py took 0.588 seconds
[2024-03-09T07:16:20.791+0000] {processor.py:161} INFO - Started process (PID=1088) to work on /home/airflow/.local/lib/python3.8/site-packages/airflow/example_dags/example_branch_datetime_operator.py
[2024-03-09T07:16:20.797+0000] {processor.py:830} INFO - Processing file /home/airflow/.local/lib/python3.8/site-packages/airflow/example_dags/example_branch_datetime_operator.py for tasks to queue
[2024-03-09T07:16:20.804+0000] {logging_mixin.py:188} INFO - [2024-03-09T07:16:20.802+0000] {dagbag.py:540} INFO - Filling up the DagBag from /home/airflow/.local/lib/python3.8/site-packages/airflow/example_dags/example_branch_datetime_operator.py
[2024-03-09T07:16:20.847+0000] {processor.py:840} INFO - DAG(s) 'example_branch_datetime_operator_3', 'example_branch_datetime_operator', 'example_branch_datetime_operator_2' retrieved from /home/airflow/.local/lib/python3.8/site-packages/airflow/example_dags/example_branch_datetime_operator.py
[2024-03-09T07:16:20.951+0000] {logging_mixin.py:188} INFO - [2024-03-09T07:16:20.951+0000] {dag.py:3047} INFO - Sync 3 DAGs
[2024-03-09T07:16:21.050+0000] {logging_mixin.py:188} INFO - [2024-03-09T07:16:21.049+0000] {dag.py:3834} INFO - Setting next_dagrun for example_branch_datetime_operator to 2024-03-08 00:00:00+00:00, run_after=2024-03-09 00:00:00+00:00
[2024-03-09T07:16:21.070+0000] {logging_mixin.py:188} INFO - [2024-03-09T07:16:21.069+0000] {dag.py:3834} INFO - Setting next_dagrun for example_branch_datetime_operator_2 to 2024-03-08 00:00:00+00:00, run_after=2024-03-09 00:00:00+00:00
[2024-03-09T07:16:21.081+0000] {logging_mixin.py:188} INFO - [2024-03-09T07:16:21.081+0000] {dag.py:3834} INFO - Setting next_dagrun for example_branch_datetime_operator_3 to 2024-03-08 00:00:00+00:00, run_after=2024-03-09 00:00:00+00:00
[2024-03-09T07:16:21.140+0000] {processor.py:183} INFO - Processing /home/airflow/.local/lib/python3.8/site-packages/airflow/example_dags/example_branch_datetime_operator.py took 0.364 seconds
[2024-03-09T07:16:51.262+0000] {processor.py:161} INFO - Started process (PID=1142) to work on /home/airflow/.local/lib/python3.8/site-packages/airflow/example_dags/example_branch_datetime_operator.py
[2024-03-09T07:16:51.265+0000] {processor.py:830} INFO - Processing file /home/airflow/.local/lib/python3.8/site-packages/airflow/example_dags/example_branch_datetime_operator.py for tasks to queue
[2024-03-09T07:16:51.270+0000] {logging_mixin.py:188} INFO - [2024-03-09T07:16:51.269+0000] {dagbag.py:540} INFO - Filling up the DagBag from /home/airflow/.local/lib/python3.8/site-packages/airflow/example_dags/example_branch_datetime_operator.py
[2024-03-09T07:16:51.299+0000] {processor.py:840} INFO - DAG(s) 'example_branch_datetime_operator_3', 'example_branch_datetime_operator', 'example_branch_datetime_operator_2' retrieved from /home/airflow/.local/lib/python3.8/site-packages/airflow/example_dags/example_branch_datetime_operator.py
[2024-03-09T07:16:51.384+0000] {logging_mixin.py:188} INFO - [2024-03-09T07:16:51.383+0000] {dag.py:3047} INFO - Sync 3 DAGs
[2024-03-09T07:16:51.455+0000] {logging_mixin.py:188} INFO - [2024-03-09T07:16:51.454+0000] {dag.py:3834} INFO - Setting next_dagrun for example_branch_datetime_operator to 2024-03-08 00:00:00+00:00, run_after=2024-03-09 00:00:00+00:00
[2024-03-09T07:16:51.469+0000] {logging_mixin.py:188} INFO - [2024-03-09T07:16:51.469+0000] {dag.py:3834} INFO - Setting next_dagrun for example_branch_datetime_operator_2 to 2024-03-08 00:00:00+00:00, run_after=2024-03-09 00:00:00+00:00
[2024-03-09T07:16:51.479+0000] {logging_mixin.py:188} INFO - [2024-03-09T07:16:51.478+0000] {dag.py:3834} INFO - Setting next_dagrun for example_branch_datetime_operator_3 to 2024-03-08 00:00:00+00:00, run_after=2024-03-09 00:00:00+00:00
[2024-03-09T07:16:51.532+0000] {processor.py:183} INFO - Processing /home/airflow/.local/lib/python3.8/site-packages/airflow/example_dags/example_branch_datetime_operator.py took 0.280 seconds
[2024-03-09T07:17:21.783+0000] {processor.py:161} INFO - Started process (PID=1197) to work on /home/airflow/.local/lib/python3.8/site-packages/airflow/example_dags/example_branch_datetime_operator.py
[2024-03-09T07:17:21.790+0000] {processor.py:830} INFO - Processing file /home/airflow/.local/lib/python3.8/site-packages/airflow/example_dags/example_branch_datetime_operator.py for tasks to queue
[2024-03-09T07:17:21.797+0000] {logging_mixin.py:188} INFO - [2024-03-09T07:17:21.796+0000] {dagbag.py:540} INFO - Filling up the DagBag from /home/airflow/.local/lib/python3.8/site-packages/airflow/example_dags/example_branch_datetime_operator.py
[2024-03-09T07:17:21.832+0000] {processor.py:840} INFO - DAG(s) 'example_branch_datetime_operator_3', 'example_branch_datetime_operator', 'example_branch_datetime_operator_2' retrieved from /home/airflow/.local/lib/python3.8/site-packages/airflow/example_dags/example_branch_datetime_operator.py
[2024-03-09T07:17:21.949+0000] {logging_mixin.py:188} INFO - [2024-03-09T07:17:21.948+0000] {dag.py:3047} INFO - Sync 3 DAGs
[2024-03-09T07:17:22.038+0000] {logging_mixin.py:188} INFO - [2024-03-09T07:17:22.037+0000] {dag.py:3834} INFO - Setting next_dagrun for example_branch_datetime_operator to 2024-03-08 00:00:00+00:00, run_after=2024-03-09 00:00:00+00:00
[2024-03-09T07:17:22.063+0000] {logging_mixin.py:188} INFO - [2024-03-09T07:17:22.063+0000] {dag.py:3834} INFO - Setting next_dagrun for example_branch_datetime_operator_2 to 2024-03-08 00:00:00+00:00, run_after=2024-03-09 00:00:00+00:00
[2024-03-09T07:17:22.081+0000] {logging_mixin.py:188} INFO - [2024-03-09T07:17:22.081+0000] {dag.py:3834} INFO - Setting next_dagrun for example_branch_datetime_operator_3 to 2024-03-08 00:00:00+00:00, run_after=2024-03-09 00:00:00+00:00
[2024-03-09T07:17:22.141+0000] {processor.py:183} INFO - Processing /home/airflow/.local/lib/python3.8/site-packages/airflow/example_dags/example_branch_datetime_operator.py took 0.379 seconds
[2024-03-09T07:17:52.456+0000] {processor.py:161} INFO - Started process (PID=1251) to work on /home/airflow/.local/lib/python3.8/site-packages/airflow/example_dags/example_branch_datetime_operator.py
[2024-03-09T07:17:52.459+0000] {processor.py:830} INFO - Processing file /home/airflow/.local/lib/python3.8/site-packages/airflow/example_dags/example_branch_datetime_operator.py for tasks to queue
[2024-03-09T07:17:52.465+0000] {logging_mixin.py:188} INFO - [2024-03-09T07:17:52.464+0000] {dagbag.py:540} INFO - Filling up the DagBag from /home/airflow/.local/lib/python3.8/site-packages/airflow/example_dags/example_branch_datetime_operator.py
[2024-03-09T07:17:52.498+0000] {processor.py:840} INFO - DAG(s) 'example_branch_datetime_operator', 'example_branch_datetime_operator_3', 'example_branch_datetime_operator_2' retrieved from /home/airflow/.local/lib/python3.8/site-packages/airflow/example_dags/example_branch_datetime_operator.py
[2024-03-09T07:17:52.583+0000] {logging_mixin.py:188} INFO - [2024-03-09T07:17:52.582+0000] {dag.py:3047} INFO - Sync 3 DAGs
[2024-03-09T07:17:52.662+0000] {logging_mixin.py:188} INFO - [2024-03-09T07:17:52.662+0000] {dag.py:3834} INFO - Setting next_dagrun for example_branch_datetime_operator to 2024-03-08 00:00:00+00:00, run_after=2024-03-09 00:00:00+00:00
[2024-03-09T07:17:52.676+0000] {logging_mixin.py:188} INFO - [2024-03-09T07:17:52.675+0000] {dag.py:3834} INFO - Setting next_dagrun for example_branch_datetime_operator_2 to 2024-03-08 00:00:00+00:00, run_after=2024-03-09 00:00:00+00:00
[2024-03-09T07:17:52.686+0000] {logging_mixin.py:188} INFO - [2024-03-09T07:17:52.686+0000] {dag.py:3834} INFO - Setting next_dagrun for example_branch_datetime_operator_3 to 2024-03-08 00:00:00+00:00, run_after=2024-03-09 00:00:00+00:00
[2024-03-09T07:17:52.736+0000] {processor.py:183} INFO - Processing /home/airflow/.local/lib/python3.8/site-packages/airflow/example_dags/example_branch_datetime_operator.py took 0.290 seconds
[2024-03-09T07:18:23.170+0000] {processor.py:161} INFO - Started process (PID=1306) to work on /home/airflow/.local/lib/python3.8/site-packages/airflow/example_dags/example_branch_datetime_operator.py
[2024-03-09T07:18:23.176+0000] {processor.py:830} INFO - Processing file /home/airflow/.local/lib/python3.8/site-packages/airflow/example_dags/example_branch_datetime_operator.py for tasks to queue
[2024-03-09T07:18:23.186+0000] {logging_mixin.py:188} INFO - [2024-03-09T07:18:23.185+0000] {dagbag.py:540} INFO - Filling up the DagBag from /home/airflow/.local/lib/python3.8/site-packages/airflow/example_dags/example_branch_datetime_operator.py
[2024-03-09T07:18:23.246+0000] {processor.py:840} INFO - DAG(s) 'example_branch_datetime_operator', 'example_branch_datetime_operator_3', 'example_branch_datetime_operator_2' retrieved from /home/airflow/.local/lib/python3.8/site-packages/airflow/example_dags/example_branch_datetime_operator.py
[2024-03-09T07:18:23.394+0000] {logging_mixin.py:188} INFO - [2024-03-09T07:18:23.393+0000] {dag.py:3047} INFO - Sync 3 DAGs
[2024-03-09T07:18:23.486+0000] {logging_mixin.py:188} INFO - [2024-03-09T07:18:23.485+0000] {dag.py:3834} INFO - Setting next_dagrun for example_branch_datetime_operator to 2024-03-08 00:00:00+00:00, run_after=2024-03-09 00:00:00+00:00
[2024-03-09T07:18:23.512+0000] {logging_mixin.py:188} INFO - [2024-03-09T07:18:23.511+0000] {dag.py:3834} INFO - Setting next_dagrun for example_branch_datetime_operator_2 to 2024-03-08 00:00:00+00:00, run_after=2024-03-09 00:00:00+00:00
[2024-03-09T07:18:23.523+0000] {logging_mixin.py:188} INFO - [2024-03-09T07:18:23.522+0000] {dag.py:3834} INFO - Setting next_dagrun for example_branch_datetime_operator_3 to 2024-03-08 00:00:00+00:00, run_after=2024-03-09 00:00:00+00:00
[2024-03-09T07:18:23.577+0000] {processor.py:183} INFO - Processing /home/airflow/.local/lib/python3.8/site-packages/airflow/example_dags/example_branch_datetime_operator.py took 0.422 seconds
[2024-03-09T07:18:53.983+0000] {processor.py:161} INFO - Started process (PID=1361) to work on /home/airflow/.local/lib/python3.8/site-packages/airflow/example_dags/example_branch_datetime_operator.py
[2024-03-09T07:18:53.989+0000] {processor.py:830} INFO - Processing file /home/airflow/.local/lib/python3.8/site-packages/airflow/example_dags/example_branch_datetime_operator.py for tasks to queue
[2024-03-09T07:18:54.001+0000] {logging_mixin.py:188} INFO - [2024-03-09T07:18:53.999+0000] {dagbag.py:540} INFO - Filling up the DagBag from /home/airflow/.local/lib/python3.8/site-packages/airflow/example_dags/example_branch_datetime_operator.py
[2024-03-09T07:18:54.072+0000] {processor.py:840} INFO - DAG(s) 'example_branch_datetime_operator_3', 'example_branch_datetime_operator_2', 'example_branch_datetime_operator' retrieved from /home/airflow/.local/lib/python3.8/site-packages/airflow/example_dags/example_branch_datetime_operator.py
[2024-03-09T07:18:54.233+0000] {logging_mixin.py:188} INFO - [2024-03-09T07:18:54.233+0000] {dag.py:3047} INFO - Sync 3 DAGs
[2024-03-09T07:18:54.305+0000] {logging_mixin.py:188} INFO - [2024-03-09T07:18:54.304+0000] {dag.py:3834} INFO - Setting next_dagrun for example_branch_datetime_operator to 2024-03-08 00:00:00+00:00, run_after=2024-03-09 00:00:00+00:00
[2024-03-09T07:18:54.322+0000] {logging_mixin.py:188} INFO - [2024-03-09T07:18:54.321+0000] {dag.py:3834} INFO - Setting next_dagrun for example_branch_datetime_operator_2 to 2024-03-08 00:00:00+00:00, run_after=2024-03-09 00:00:00+00:00
[2024-03-09T07:18:54.334+0000] {logging_mixin.py:188} INFO - [2024-03-09T07:18:54.334+0000] {dag.py:3834} INFO - Setting next_dagrun for example_branch_datetime_operator_3 to 2024-03-08 00:00:00+00:00, run_after=2024-03-09 00:00:00+00:00
[2024-03-09T07:18:54.389+0000] {processor.py:183} INFO - Processing /home/airflow/.local/lib/python3.8/site-packages/airflow/example_dags/example_branch_datetime_operator.py took 0.437 seconds
[2024-03-09T07:19:24.707+0000] {processor.py:161} INFO - Started process (PID=1416) to work on /home/airflow/.local/lib/python3.8/site-packages/airflow/example_dags/example_branch_datetime_operator.py
[2024-03-09T07:19:24.718+0000] {processor.py:830} INFO - Processing file /home/airflow/.local/lib/python3.8/site-packages/airflow/example_dags/example_branch_datetime_operator.py for tasks to queue
[2024-03-09T07:19:24.736+0000] {logging_mixin.py:188} INFO - [2024-03-09T07:19:24.734+0000] {dagbag.py:540} INFO - Filling up the DagBag from /home/airflow/.local/lib/python3.8/site-packages/airflow/example_dags/example_branch_datetime_operator.py
[2024-03-09T07:19:24.853+0000] {processor.py:840} INFO - DAG(s) 'example_branch_datetime_operator_3', 'example_branch_datetime_operator', 'example_branch_datetime_operator_2' retrieved from /home/airflow/.local/lib/python3.8/site-packages/airflow/example_dags/example_branch_datetime_operator.py
[2024-03-09T07:19:24.935+0000] {logging_mixin.py:188} INFO - [2024-03-09T07:19:24.934+0000] {dag.py:3047} INFO - Sync 3 DAGs
[2024-03-09T07:19:25.026+0000] {logging_mixin.py:188} INFO - [2024-03-09T07:19:25.025+0000] {dag.py:3834} INFO - Setting next_dagrun for example_branch_datetime_operator to 2024-03-08 00:00:00+00:00, run_after=2024-03-09 00:00:00+00:00
[2024-03-09T07:19:25.047+0000] {logging_mixin.py:188} INFO - [2024-03-09T07:19:25.046+0000] {dag.py:3834} INFO - Setting next_dagrun for example_branch_datetime_operator_2 to 2024-03-08 00:00:00+00:00, run_after=2024-03-09 00:00:00+00:00
[2024-03-09T07:19:25.060+0000] {logging_mixin.py:188} INFO - [2024-03-09T07:19:25.059+0000] {dag.py:3834} INFO - Setting next_dagrun for example_branch_datetime_operator_3 to 2024-03-08 00:00:00+00:00, run_after=2024-03-09 00:00:00+00:00
[2024-03-09T07:19:25.124+0000] {processor.py:183} INFO - Processing /home/airflow/.local/lib/python3.8/site-packages/airflow/example_dags/example_branch_datetime_operator.py took 0.456 seconds
[2024-03-09T07:19:55.768+0000] {processor.py:161} INFO - Started process (PID=1471) to work on /home/airflow/.local/lib/python3.8/site-packages/airflow/example_dags/example_branch_datetime_operator.py
[2024-03-09T07:19:55.773+0000] {processor.py:830} INFO - Processing file /home/airflow/.local/lib/python3.8/site-packages/airflow/example_dags/example_branch_datetime_operator.py for tasks to queue
[2024-03-09T07:19:55.783+0000] {logging_mixin.py:188} INFO - [2024-03-09T07:19:55.782+0000] {dagbag.py:540} INFO - Filling up the DagBag from /home/airflow/.local/lib/python3.8/site-packages/airflow/example_dags/example_branch_datetime_operator.py
[2024-03-09T07:19:55.852+0000] {processor.py:840} INFO - DAG(s) 'example_branch_datetime_operator_2', 'example_branch_datetime_operator_3', 'example_branch_datetime_operator' retrieved from /home/airflow/.local/lib/python3.8/site-packages/airflow/example_dags/example_branch_datetime_operator.py
[2024-03-09T07:19:55.984+0000] {logging_mixin.py:188} INFO - [2024-03-09T07:19:55.983+0000] {dag.py:3047} INFO - Sync 3 DAGs
[2024-03-09T07:19:56.069+0000] {logging_mixin.py:188} INFO - [2024-03-09T07:19:56.068+0000] {dag.py:3834} INFO - Setting next_dagrun for example_branch_datetime_operator to 2024-03-08 00:00:00+00:00, run_after=2024-03-09 00:00:00+00:00
[2024-03-09T07:19:56.086+0000] {logging_mixin.py:188} INFO - [2024-03-09T07:19:56.086+0000] {dag.py:3834} INFO - Setting next_dagrun for example_branch_datetime_operator_2 to 2024-03-08 00:00:00+00:00, run_after=2024-03-09 00:00:00+00:00
[2024-03-09T07:19:56.102+0000] {logging_mixin.py:188} INFO - [2024-03-09T07:19:56.101+0000] {dag.py:3834} INFO - Setting next_dagrun for example_branch_datetime_operator_3 to 2024-03-08 00:00:00+00:00, run_after=2024-03-09 00:00:00+00:00
[2024-03-09T07:19:56.171+0000] {processor.py:183} INFO - Processing /home/airflow/.local/lib/python3.8/site-packages/airflow/example_dags/example_branch_datetime_operator.py took 0.416 seconds
[2024-03-09T07:20:26.602+0000] {processor.py:161} INFO - Started process (PID=1526) to work on /home/airflow/.local/lib/python3.8/site-packages/airflow/example_dags/example_branch_datetime_operator.py
[2024-03-09T07:20:26.604+0000] {processor.py:830} INFO - Processing file /home/airflow/.local/lib/python3.8/site-packages/airflow/example_dags/example_branch_datetime_operator.py for tasks to queue
[2024-03-09T07:20:26.610+0000] {logging_mixin.py:188} INFO - [2024-03-09T07:20:26.609+0000] {dagbag.py:540} INFO - Filling up the DagBag from /home/airflow/.local/lib/python3.8/site-packages/airflow/example_dags/example_branch_datetime_operator.py
[2024-03-09T07:20:26.640+0000] {processor.py:840} INFO - DAG(s) 'example_branch_datetime_operator_2', 'example_branch_datetime_operator_3', 'example_branch_datetime_operator' retrieved from /home/airflow/.local/lib/python3.8/site-packages/airflow/example_dags/example_branch_datetime_operator.py
[2024-03-09T07:20:26.720+0000] {logging_mixin.py:188} INFO - [2024-03-09T07:20:26.719+0000] {dag.py:3047} INFO - Sync 3 DAGs
[2024-03-09T07:20:26.791+0000] {logging_mixin.py:188} INFO - [2024-03-09T07:20:26.790+0000] {dag.py:3834} INFO - Setting next_dagrun for example_branch_datetime_operator to 2024-03-08 00:00:00+00:00, run_after=2024-03-09 00:00:00+00:00
[2024-03-09T07:20:26.807+0000] {logging_mixin.py:188} INFO - [2024-03-09T07:20:26.807+0000] {dag.py:3834} INFO - Setting next_dagrun for example_branch_datetime_operator_2 to 2024-03-08 00:00:00+00:00, run_after=2024-03-09 00:00:00+00:00
[2024-03-09T07:20:26.814+0000] {logging_mixin.py:188} INFO - [2024-03-09T07:20:26.814+0000] {dag.py:3834} INFO - Setting next_dagrun for example_branch_datetime_operator_3 to 2024-03-08 00:00:00+00:00, run_after=2024-03-09 00:00:00+00:00
[2024-03-09T07:20:26.873+0000] {processor.py:183} INFO - Processing /home/airflow/.local/lib/python3.8/site-packages/airflow/example_dags/example_branch_datetime_operator.py took 0.280 seconds
[2024-03-09T07:20:57.494+0000] {processor.py:161} INFO - Started process (PID=1581) to work on /home/airflow/.local/lib/python3.8/site-packages/airflow/example_dags/example_branch_datetime_operator.py
[2024-03-09T07:20:57.498+0000] {processor.py:830} INFO - Processing file /home/airflow/.local/lib/python3.8/site-packages/airflow/example_dags/example_branch_datetime_operator.py for tasks to queue
[2024-03-09T07:20:57.504+0000] {logging_mixin.py:188} INFO - [2024-03-09T07:20:57.503+0000] {dagbag.py:540} INFO - Filling up the DagBag from /home/airflow/.local/lib/python3.8/site-packages/airflow/example_dags/example_branch_datetime_operator.py
[2024-03-09T07:20:57.560+0000] {processor.py:840} INFO - DAG(s) 'example_branch_datetime_operator', 'example_branch_datetime_operator_3', 'example_branch_datetime_operator_2' retrieved from /home/airflow/.local/lib/python3.8/site-packages/airflow/example_dags/example_branch_datetime_operator.py
[2024-03-09T07:20:57.658+0000] {logging_mixin.py:188} INFO - [2024-03-09T07:20:57.657+0000] {dag.py:3047} INFO - Sync 3 DAGs
[2024-03-09T07:20:57.764+0000] {logging_mixin.py:188} INFO - [2024-03-09T07:20:57.762+0000] {dag.py:3834} INFO - Setting next_dagrun for example_branch_datetime_operator to 2024-03-08 00:00:00+00:00, run_after=2024-03-09 00:00:00+00:00
[2024-03-09T07:20:57.794+0000] {logging_mixin.py:188} INFO - [2024-03-09T07:20:57.793+0000] {dag.py:3834} INFO - Setting next_dagrun for example_branch_datetime_operator_2 to 2024-03-08 00:00:00+00:00, run_after=2024-03-09 00:00:00+00:00
[2024-03-09T07:20:57.808+0000] {logging_mixin.py:188} INFO - [2024-03-09T07:20:57.806+0000] {dag.py:3834} INFO - Setting next_dagrun for example_branch_datetime_operator_3 to 2024-03-08 00:00:00+00:00, run_after=2024-03-09 00:00:00+00:00
[2024-03-09T07:20:57.881+0000] {processor.py:183} INFO - Processing /home/airflow/.local/lib/python3.8/site-packages/airflow/example_dags/example_branch_datetime_operator.py took 0.398 seconds
[2024-03-09T07:21:28.154+0000] {processor.py:161} INFO - Started process (PID=1637) to work on /home/airflow/.local/lib/python3.8/site-packages/airflow/example_dags/example_branch_datetime_operator.py
[2024-03-09T07:21:28.252+0000] {processor.py:830} INFO - Processing file /home/airflow/.local/lib/python3.8/site-packages/airflow/example_dags/example_branch_datetime_operator.py for tasks to queue
[2024-03-09T07:21:28.273+0000] {logging_mixin.py:188} INFO - [2024-03-09T07:21:28.271+0000] {dagbag.py:540} INFO - Filling up the DagBag from /home/airflow/.local/lib/python3.8/site-packages/airflow/example_dags/example_branch_datetime_operator.py
[2024-03-09T07:21:28.383+0000] {processor.py:840} INFO - DAG(s) 'example_branch_datetime_operator_3', 'example_branch_datetime_operator_2', 'example_branch_datetime_operator' retrieved from /home/airflow/.local/lib/python3.8/site-packages/airflow/example_dags/example_branch_datetime_operator.py
[2024-03-09T07:21:28.635+0000] {logging_mixin.py:188} INFO - [2024-03-09T07:21:28.633+0000] {dag.py:3047} INFO - Sync 3 DAGs
[2024-03-09T07:21:29.025+0000] {logging_mixin.py:188} INFO - [2024-03-09T07:21:29.024+0000] {dag.py:3834} INFO - Setting next_dagrun for example_branch_datetime_operator to 2024-03-08 00:00:00+00:00, run_after=2024-03-09 00:00:00+00:00
[2024-03-09T07:21:29.061+0000] {logging_mixin.py:188} INFO - [2024-03-09T07:21:29.059+0000] {dag.py:3834} INFO - Setting next_dagrun for example_branch_datetime_operator_2 to 2024-03-08 00:00:00+00:00, run_after=2024-03-09 00:00:00+00:00
[2024-03-09T07:21:29.088+0000] {logging_mixin.py:188} INFO - [2024-03-09T07:21:29.086+0000] {dag.py:3834} INFO - Setting next_dagrun for example_branch_datetime_operator_3 to 2024-03-08 00:00:00+00:00, run_after=2024-03-09 00:00:00+00:00
[2024-03-09T07:21:29.136+0000] {processor.py:183} INFO - Processing /home/airflow/.local/lib/python3.8/site-packages/airflow/example_dags/example_branch_datetime_operator.py took 1.008 seconds
[2024-03-09T07:21:59.601+0000] {processor.py:161} INFO - Started process (PID=1692) to work on /home/airflow/.local/lib/python3.8/site-packages/airflow/example_dags/example_branch_datetime_operator.py
[2024-03-09T07:21:59.604+0000] {processor.py:830} INFO - Processing file /home/airflow/.local/lib/python3.8/site-packages/airflow/example_dags/example_branch_datetime_operator.py for tasks to queue
[2024-03-09T07:21:59.609+0000] {logging_mixin.py:188} INFO - [2024-03-09T07:21:59.608+0000] {dagbag.py:540} INFO - Filling up the DagBag from /home/airflow/.local/lib/python3.8/site-packages/airflow/example_dags/example_branch_datetime_operator.py
[2024-03-09T07:21:59.648+0000] {processor.py:840} INFO - DAG(s) 'example_branch_datetime_operator', 'example_branch_datetime_operator_2', 'example_branch_datetime_operator_3' retrieved from /home/airflow/.local/lib/python3.8/site-packages/airflow/example_dags/example_branch_datetime_operator.py
[2024-03-09T07:21:59.744+0000] {logging_mixin.py:188} INFO - [2024-03-09T07:21:59.744+0000] {dag.py:3047} INFO - Sync 3 DAGs
[2024-03-09T07:21:59.806+0000] {logging_mixin.py:188} INFO - [2024-03-09T07:21:59.806+0000] {dag.py:3834} INFO - Setting next_dagrun for example_branch_datetime_operator to 2024-03-08 00:00:00+00:00, run_after=2024-03-09 00:00:00+00:00
[2024-03-09T07:21:59.822+0000] {logging_mixin.py:188} INFO - [2024-03-09T07:21:59.821+0000] {dag.py:3834} INFO - Setting next_dagrun for example_branch_datetime_operator_2 to 2024-03-08 00:00:00+00:00, run_after=2024-03-09 00:00:00+00:00
[2024-03-09T07:21:59.832+0000] {logging_mixin.py:188} INFO - [2024-03-09T07:21:59.832+0000] {dag.py:3834} INFO - Setting next_dagrun for example_branch_datetime_operator_3 to 2024-03-08 00:00:00+00:00, run_after=2024-03-09 00:00:00+00:00
[2024-03-09T07:21:59.891+0000] {processor.py:183} INFO - Processing /home/airflow/.local/lib/python3.8/site-packages/airflow/example_dags/example_branch_datetime_operator.py took 0.298 seconds
[2024-03-09T07:22:29.982+0000] {processor.py:161} INFO - Started process (PID=1748) to work on /home/airflow/.local/lib/python3.8/site-packages/airflow/example_dags/example_branch_datetime_operator.py
[2024-03-09T07:22:29.986+0000] {processor.py:830} INFO - Processing file /home/airflow/.local/lib/python3.8/site-packages/airflow/example_dags/example_branch_datetime_operator.py for tasks to queue
[2024-03-09T07:22:29.992+0000] {logging_mixin.py:188} INFO - [2024-03-09T07:22:29.991+0000] {dagbag.py:540} INFO - Filling up the DagBag from /home/airflow/.local/lib/python3.8/site-packages/airflow/example_dags/example_branch_datetime_operator.py
[2024-03-09T07:22:30.033+0000] {processor.py:840} INFO - DAG(s) 'example_branch_datetime_operator_2', 'example_branch_datetime_operator', 'example_branch_datetime_operator_3' retrieved from /home/airflow/.local/lib/python3.8/site-packages/airflow/example_dags/example_branch_datetime_operator.py
[2024-03-09T07:22:30.130+0000] {logging_mixin.py:188} INFO - [2024-03-09T07:22:30.129+0000] {dag.py:3047} INFO - Sync 3 DAGs
[2024-03-09T07:22:30.219+0000] {logging_mixin.py:188} INFO - [2024-03-09T07:22:30.219+0000] {dag.py:3834} INFO - Setting next_dagrun for example_branch_datetime_operator to 2024-03-08 00:00:00+00:00, run_after=2024-03-09 00:00:00+00:00
[2024-03-09T07:22:30.233+0000] {logging_mixin.py:188} INFO - [2024-03-09T07:22:30.232+0000] {dag.py:3834} INFO - Setting next_dagrun for example_branch_datetime_operator_2 to 2024-03-08 00:00:00+00:00, run_after=2024-03-09 00:00:00+00:00
[2024-03-09T07:22:30.242+0000] {logging_mixin.py:188} INFO - [2024-03-09T07:22:30.241+0000] {dag.py:3834} INFO - Setting next_dagrun for example_branch_datetime_operator_3 to 2024-03-08 00:00:00+00:00, run_after=2024-03-09 00:00:00+00:00
[2024-03-09T07:22:30.284+0000] {processor.py:183} INFO - Processing /home/airflow/.local/lib/python3.8/site-packages/airflow/example_dags/example_branch_datetime_operator.py took 0.314 seconds
[2024-03-09T07:23:01.038+0000] {processor.py:161} INFO - Started process (PID=1803) to work on /home/airflow/.local/lib/python3.8/site-packages/airflow/example_dags/example_branch_datetime_operator.py
[2024-03-09T07:23:01.042+0000] {processor.py:830} INFO - Processing file /home/airflow/.local/lib/python3.8/site-packages/airflow/example_dags/example_branch_datetime_operator.py for tasks to queue
[2024-03-09T07:23:01.049+0000] {logging_mixin.py:188} INFO - [2024-03-09T07:23:01.048+0000] {dagbag.py:540} INFO - Filling up the DagBag from /home/airflow/.local/lib/python3.8/site-packages/airflow/example_dags/example_branch_datetime_operator.py
[2024-03-09T07:23:01.094+0000] {processor.py:840} INFO - DAG(s) 'example_branch_datetime_operator', 'example_branch_datetime_operator_2', 'example_branch_datetime_operator_3' retrieved from /home/airflow/.local/lib/python3.8/site-packages/airflow/example_dags/example_branch_datetime_operator.py
[2024-03-09T07:23:01.192+0000] {logging_mixin.py:188} INFO - [2024-03-09T07:23:01.191+0000] {dag.py:3047} INFO - Sync 3 DAGs
[2024-03-09T07:23:01.265+0000] {logging_mixin.py:188} INFO - [2024-03-09T07:23:01.265+0000] {dag.py:3834} INFO - Setting next_dagrun for example_branch_datetime_operator to 2024-03-08 00:00:00+00:00, run_after=2024-03-09 00:00:00+00:00
[2024-03-09T07:23:01.280+0000] {logging_mixin.py:188} INFO - [2024-03-09T07:23:01.279+0000] {dag.py:3834} INFO - Setting next_dagrun for example_branch_datetime_operator_2 to 2024-03-08 00:00:00+00:00, run_after=2024-03-09 00:00:00+00:00
[2024-03-09T07:23:01.288+0000] {logging_mixin.py:188} INFO - [2024-03-09T07:23:01.288+0000] {dag.py:3834} INFO - Setting next_dagrun for example_branch_datetime_operator_3 to 2024-03-08 00:00:00+00:00, run_after=2024-03-09 00:00:00+00:00
[2024-03-09T07:23:01.332+0000] {processor.py:183} INFO - Processing /home/airflow/.local/lib/python3.8/site-packages/airflow/example_dags/example_branch_datetime_operator.py took 0.307 seconds
[2024-03-09T07:23:31.955+0000] {processor.py:161} INFO - Started process (PID=1858) to work on /home/airflow/.local/lib/python3.8/site-packages/airflow/example_dags/example_branch_datetime_operator.py
[2024-03-09T07:23:31.963+0000] {processor.py:830} INFO - Processing file /home/airflow/.local/lib/python3.8/site-packages/airflow/example_dags/example_branch_datetime_operator.py for tasks to queue
[2024-03-09T07:23:31.974+0000] {logging_mixin.py:188} INFO - [2024-03-09T07:23:31.972+0000] {dagbag.py:540} INFO - Filling up the DagBag from /home/airflow/.local/lib/python3.8/site-packages/airflow/example_dags/example_branch_datetime_operator.py
[2024-03-09T07:23:32.041+0000] {processor.py:840} INFO - DAG(s) 'example_branch_datetime_operator', 'example_branch_datetime_operator_3', 'example_branch_datetime_operator_2' retrieved from /home/airflow/.local/lib/python3.8/site-packages/airflow/example_dags/example_branch_datetime_operator.py
[2024-03-09T07:23:32.117+0000] {logging_mixin.py:188} INFO - [2024-03-09T07:23:32.116+0000] {dag.py:3047} INFO - Sync 3 DAGs
[2024-03-09T07:23:32.223+0000] {logging_mixin.py:188} INFO - [2024-03-09T07:23:32.222+0000] {dag.py:3834} INFO - Setting next_dagrun for example_branch_datetime_operator to 2024-03-08 00:00:00+00:00, run_after=2024-03-09 00:00:00+00:00
[2024-03-09T07:23:32.239+0000] {logging_mixin.py:188} INFO - [2024-03-09T07:23:32.238+0000] {dag.py:3834} INFO - Setting next_dagrun for example_branch_datetime_operator_2 to 2024-03-08 00:00:00+00:00, run_after=2024-03-09 00:00:00+00:00
[2024-03-09T07:23:32.248+0000] {logging_mixin.py:188} INFO - [2024-03-09T07:23:32.248+0000] {dag.py:3834} INFO - Setting next_dagrun for example_branch_datetime_operator_3 to 2024-03-08 00:00:00+00:00, run_after=2024-03-09 00:00:00+00:00
[2024-03-09T07:23:32.294+0000] {processor.py:183} INFO - Processing /home/airflow/.local/lib/python3.8/site-packages/airflow/example_dags/example_branch_datetime_operator.py took 0.388 seconds
[2024-03-09T07:24:02.957+0000] {processor.py:161} INFO - Started process (PID=1913) to work on /home/airflow/.local/lib/python3.8/site-packages/airflow/example_dags/example_branch_datetime_operator.py
[2024-03-09T07:24:02.960+0000] {processor.py:830} INFO - Processing file /home/airflow/.local/lib/python3.8/site-packages/airflow/example_dags/example_branch_datetime_operator.py for tasks to queue
[2024-03-09T07:24:02.966+0000] {logging_mixin.py:188} INFO - [2024-03-09T07:24:02.965+0000] {dagbag.py:540} INFO - Filling up the DagBag from /home/airflow/.local/lib/python3.8/site-packages/airflow/example_dags/example_branch_datetime_operator.py
[2024-03-09T07:24:02.996+0000] {processor.py:840} INFO - DAG(s) 'example_branch_datetime_operator_2', 'example_branch_datetime_operator', 'example_branch_datetime_operator_3' retrieved from /home/airflow/.local/lib/python3.8/site-packages/airflow/example_dags/example_branch_datetime_operator.py
[2024-03-09T07:24:03.067+0000] {logging_mixin.py:188} INFO - [2024-03-09T07:24:03.066+0000] {dag.py:3047} INFO - Sync 3 DAGs
[2024-03-09T07:24:03.174+0000] {logging_mixin.py:188} INFO - [2024-03-09T07:24:03.173+0000] {dag.py:3834} INFO - Setting next_dagrun for example_branch_datetime_operator to 2024-03-08 00:00:00+00:00, run_after=2024-03-09 00:00:00+00:00
[2024-03-09T07:24:03.211+0000] {logging_mixin.py:188} INFO - [2024-03-09T07:24:03.210+0000] {dag.py:3834} INFO - Setting next_dagrun for example_branch_datetime_operator_2 to 2024-03-08 00:00:00+00:00, run_after=2024-03-09 00:00:00+00:00
[2024-03-09T07:24:03.228+0000] {logging_mixin.py:188} INFO - [2024-03-09T07:24:03.227+0000] {dag.py:3834} INFO - Setting next_dagrun for example_branch_datetime_operator_3 to 2024-03-08 00:00:00+00:00, run_after=2024-03-09 00:00:00+00:00
[2024-03-09T07:24:03.330+0000] {processor.py:183} INFO - Processing /home/airflow/.local/lib/python3.8/site-packages/airflow/example_dags/example_branch_datetime_operator.py took 0.394 seconds
[2024-03-09T07:24:34.069+0000] {processor.py:161} INFO - Started process (PID=1968) to work on /home/airflow/.local/lib/python3.8/site-packages/airflow/example_dags/example_branch_datetime_operator.py
[2024-03-09T07:24:34.072+0000] {processor.py:830} INFO - Processing file /home/airflow/.local/lib/python3.8/site-packages/airflow/example_dags/example_branch_datetime_operator.py for tasks to queue
[2024-03-09T07:24:34.078+0000] {logging_mixin.py:188} INFO - [2024-03-09T07:24:34.077+0000] {dagbag.py:540} INFO - Filling up the DagBag from /home/airflow/.local/lib/python3.8/site-packages/airflow/example_dags/example_branch_datetime_operator.py
[2024-03-09T07:24:34.126+0000] {processor.py:840} INFO - DAG(s) 'example_branch_datetime_operator_2', 'example_branch_datetime_operator_3', 'example_branch_datetime_operator' retrieved from /home/airflow/.local/lib/python3.8/site-packages/airflow/example_dags/example_branch_datetime_operator.py
[2024-03-09T07:24:34.226+0000] {logging_mixin.py:188} INFO - [2024-03-09T07:24:34.225+0000] {dag.py:3047} INFO - Sync 3 DAGs
[2024-03-09T07:24:34.318+0000] {logging_mixin.py:188} INFO - [2024-03-09T07:24:34.317+0000] {dag.py:3834} INFO - Setting next_dagrun for example_branch_datetime_operator to 2024-03-08 00:00:00+00:00, run_after=2024-03-09 00:00:00+00:00
[2024-03-09T07:24:34.341+0000] {logging_mixin.py:188} INFO - [2024-03-09T07:24:34.341+0000] {dag.py:3834} INFO - Setting next_dagrun for example_branch_datetime_operator_2 to 2024-03-08 00:00:00+00:00, run_after=2024-03-09 00:00:00+00:00
[2024-03-09T07:24:34.355+0000] {logging_mixin.py:188} INFO - [2024-03-09T07:24:34.354+0000] {dag.py:3834} INFO - Setting next_dagrun for example_branch_datetime_operator_3 to 2024-03-08 00:00:00+00:00, run_after=2024-03-09 00:00:00+00:00
[2024-03-09T07:24:34.407+0000] {processor.py:183} INFO - Processing /home/airflow/.local/lib/python3.8/site-packages/airflow/example_dags/example_branch_datetime_operator.py took 0.362 seconds
[2024-03-09T07:25:05.137+0000] {processor.py:161} INFO - Started process (PID=2021) to work on /home/airflow/.local/lib/python3.8/site-packages/airflow/example_dags/example_branch_datetime_operator.py
[2024-03-09T07:25:05.143+0000] {processor.py:830} INFO - Processing file /home/airflow/.local/lib/python3.8/site-packages/airflow/example_dags/example_branch_datetime_operator.py for tasks to queue
[2024-03-09T07:25:05.154+0000] {logging_mixin.py:188} INFO - [2024-03-09T07:25:05.152+0000] {dagbag.py:540} INFO - Filling up the DagBag from /home/airflow/.local/lib/python3.8/site-packages/airflow/example_dags/example_branch_datetime_operator.py
[2024-03-09T07:25:05.214+0000] {processor.py:840} INFO - DAG(s) 'example_branch_datetime_operator', 'example_branch_datetime_operator_2', 'example_branch_datetime_operator_3' retrieved from /home/airflow/.local/lib/python3.8/site-packages/airflow/example_dags/example_branch_datetime_operator.py
[2024-03-09T07:25:05.390+0000] {logging_mixin.py:188} INFO - [2024-03-09T07:25:05.389+0000] {dag.py:3047} INFO - Sync 3 DAGs
[2024-03-09T07:25:05.504+0000] {logging_mixin.py:188} INFO - [2024-03-09T07:25:05.503+0000] {dag.py:3834} INFO - Setting next_dagrun for example_branch_datetime_operator to 2024-03-08 00:00:00+00:00, run_after=2024-03-09 00:00:00+00:00
[2024-03-09T07:25:05.528+0000] {logging_mixin.py:188} INFO - [2024-03-09T07:25:05.527+0000] {dag.py:3834} INFO - Setting next_dagrun for example_branch_datetime_operator_2 to 2024-03-08 00:00:00+00:00, run_after=2024-03-09 00:00:00+00:00
[2024-03-09T07:25:05.543+0000] {logging_mixin.py:188} INFO - [2024-03-09T07:25:05.542+0000] {dag.py:3834} INFO - Setting next_dagrun for example_branch_datetime_operator_3 to 2024-03-08 00:00:00+00:00, run_after=2024-03-09 00:00:00+00:00
[2024-03-09T07:25:05.603+0000] {processor.py:183} INFO - Processing /home/airflow/.local/lib/python3.8/site-packages/airflow/example_dags/example_branch_datetime_operator.py took 0.483 seconds
[2024-03-09T07:25:36.086+0000] {processor.py:161} INFO - Started process (PID=2076) to work on /home/airflow/.local/lib/python3.8/site-packages/airflow/example_dags/example_branch_datetime_operator.py
[2024-03-09T07:25:36.091+0000] {processor.py:830} INFO - Processing file /home/airflow/.local/lib/python3.8/site-packages/airflow/example_dags/example_branch_datetime_operator.py for tasks to queue
[2024-03-09T07:25:36.103+0000] {logging_mixin.py:188} INFO - [2024-03-09T07:25:36.101+0000] {dagbag.py:540} INFO - Filling up the DagBag from /home/airflow/.local/lib/python3.8/site-packages/airflow/example_dags/example_branch_datetime_operator.py
[2024-03-09T07:25:36.157+0000] {processor.py:840} INFO - DAG(s) 'example_branch_datetime_operator_2', 'example_branch_datetime_operator', 'example_branch_datetime_operator_3' retrieved from /home/airflow/.local/lib/python3.8/site-packages/airflow/example_dags/example_branch_datetime_operator.py
[2024-03-09T07:25:36.307+0000] {logging_mixin.py:188} INFO - [2024-03-09T07:25:36.306+0000] {dag.py:3047} INFO - Sync 3 DAGs
[2024-03-09T07:25:36.452+0000] {logging_mixin.py:188} INFO - [2024-03-09T07:25:36.451+0000] {dag.py:3834} INFO - Setting next_dagrun for example_branch_datetime_operator to 2024-03-08 00:00:00+00:00, run_after=2024-03-09 00:00:00+00:00
[2024-03-09T07:25:36.486+0000] {logging_mixin.py:188} INFO - [2024-03-09T07:25:36.485+0000] {dag.py:3834} INFO - Setting next_dagrun for example_branch_datetime_operator_2 to 2024-03-08 00:00:00+00:00, run_after=2024-03-09 00:00:00+00:00
[2024-03-09T07:25:36.506+0000] {logging_mixin.py:188} INFO - [2024-03-09T07:25:36.505+0000] {dag.py:3834} INFO - Setting next_dagrun for example_branch_datetime_operator_3 to 2024-03-08 00:00:00+00:00, run_after=2024-03-09 00:00:00+00:00
[2024-03-09T07:25:36.600+0000] {processor.py:183} INFO - Processing /home/airflow/.local/lib/python3.8/site-packages/airflow/example_dags/example_branch_datetime_operator.py took 0.535 seconds
[2024-03-09T07:26:06.889+0000] {processor.py:161} INFO - Started process (PID=2131) to work on /home/airflow/.local/lib/python3.8/site-packages/airflow/example_dags/example_branch_datetime_operator.py
[2024-03-09T07:26:06.896+0000] {processor.py:830} INFO - Processing file /home/airflow/.local/lib/python3.8/site-packages/airflow/example_dags/example_branch_datetime_operator.py for tasks to queue
[2024-03-09T07:26:06.913+0000] {logging_mixin.py:188} INFO - [2024-03-09T07:26:06.910+0000] {dagbag.py:540} INFO - Filling up the DagBag from /home/airflow/.local/lib/python3.8/site-packages/airflow/example_dags/example_branch_datetime_operator.py
[2024-03-09T07:26:06.995+0000] {processor.py:840} INFO - DAG(s) 'example_branch_datetime_operator_3', 'example_branch_datetime_operator', 'example_branch_datetime_operator_2' retrieved from /home/airflow/.local/lib/python3.8/site-packages/airflow/example_dags/example_branch_datetime_operator.py
[2024-03-09T07:26:07.093+0000] {logging_mixin.py:188} INFO - [2024-03-09T07:26:07.093+0000] {dag.py:3047} INFO - Sync 3 DAGs
[2024-03-09T07:26:07.173+0000] {logging_mixin.py:188} INFO - [2024-03-09T07:26:07.171+0000] {dag.py:3834} INFO - Setting next_dagrun for example_branch_datetime_operator to 2024-03-08 00:00:00+00:00, run_after=2024-03-09 00:00:00+00:00
[2024-03-09T07:26:07.196+0000] {logging_mixin.py:188} INFO - [2024-03-09T07:26:07.195+0000] {dag.py:3834} INFO - Setting next_dagrun for example_branch_datetime_operator_2 to 2024-03-08 00:00:00+00:00, run_after=2024-03-09 00:00:00+00:00
[2024-03-09T07:26:07.210+0000] {logging_mixin.py:188} INFO - [2024-03-09T07:26:07.209+0000] {dag.py:3834} INFO - Setting next_dagrun for example_branch_datetime_operator_3 to 2024-03-08 00:00:00+00:00, run_after=2024-03-09 00:00:00+00:00
[2024-03-09T07:26:07.271+0000] {processor.py:183} INFO - Processing /home/airflow/.local/lib/python3.8/site-packages/airflow/example_dags/example_branch_datetime_operator.py took 0.406 seconds
[2024-03-09T07:26:38.093+0000] {processor.py:161} INFO - Started process (PID=2186) to work on /home/airflow/.local/lib/python3.8/site-packages/airflow/example_dags/example_branch_datetime_operator.py
[2024-03-09T07:26:38.097+0000] {processor.py:830} INFO - Processing file /home/airflow/.local/lib/python3.8/site-packages/airflow/example_dags/example_branch_datetime_operator.py for tasks to queue
[2024-03-09T07:26:38.105+0000] {logging_mixin.py:188} INFO - [2024-03-09T07:26:38.104+0000] {dagbag.py:540} INFO - Filling up the DagBag from /home/airflow/.local/lib/python3.8/site-packages/airflow/example_dags/example_branch_datetime_operator.py
[2024-03-09T07:26:38.147+0000] {processor.py:840} INFO - DAG(s) 'example_branch_datetime_operator', 'example_branch_datetime_operator_3', 'example_branch_datetime_operator_2' retrieved from /home/airflow/.local/lib/python3.8/site-packages/airflow/example_dags/example_branch_datetime_operator.py
[2024-03-09T07:26:38.233+0000] {logging_mixin.py:188} INFO - [2024-03-09T07:26:38.232+0000] {dag.py:3047} INFO - Sync 3 DAGs
[2024-03-09T07:26:38.323+0000] {logging_mixin.py:188} INFO - [2024-03-09T07:26:38.322+0000] {dag.py:3834} INFO - Setting next_dagrun for example_branch_datetime_operator to 2024-03-08 00:00:00+00:00, run_after=2024-03-09 00:00:00+00:00
[2024-03-09T07:26:38.343+0000] {logging_mixin.py:188} INFO - [2024-03-09T07:26:38.342+0000] {dag.py:3834} INFO - Setting next_dagrun for example_branch_datetime_operator_2 to 2024-03-08 00:00:00+00:00, run_after=2024-03-09 00:00:00+00:00
[2024-03-09T07:26:38.354+0000] {logging_mixin.py:188} INFO - [2024-03-09T07:26:38.354+0000] {dag.py:3834} INFO - Setting next_dagrun for example_branch_datetime_operator_3 to 2024-03-08 00:00:00+00:00, run_after=2024-03-09 00:00:00+00:00
[2024-03-09T07:26:38.427+0000] {processor.py:183} INFO - Processing /home/airflow/.local/lib/python3.8/site-packages/airflow/example_dags/example_branch_datetime_operator.py took 0.362 seconds
