[2024-03-09T07:06:51.732+0000] {processor.py:161} INFO - Started process (PID=87) to work on /home/airflow/.local/lib/python3.8/site-packages/airflow/example_dags/example_bash_operator.py
[2024-03-09T07:06:51.740+0000] {processor.py:830} INFO - Processing file /home/airflow/.local/lib/python3.8/site-packages/airflow/example_dags/example_bash_operator.py for tasks to queue
[2024-03-09T07:06:51.752+0000] {logging_mixin.py:188} INFO - [2024-03-09T07:06:51.750+0000] {dagbag.py:540} INFO - Filling up the DagBag from /home/airflow/.local/lib/python3.8/site-packages/airflow/example_dags/example_bash_operator.py
[2024-03-09T07:06:51.871+0000] {processor.py:840} INFO - DAG(s) 'example_bash_operator' retrieved from /home/airflow/.local/lib/python3.8/site-packages/airflow/example_dags/example_bash_operator.py
[2024-03-09T07:06:54.091+0000] {logging_mixin.py:188} INFO - [2024-03-09T07:06:54.090+0000] {dag.py:3047} INFO - Sync 1 DAGs
[2024-03-09T07:06:54.296+0000] {logging_mixin.py:188} INFO - [2024-03-09T07:06:54.295+0000] {dag.py:3834} INFO - Setting next_dagrun for example_bash_operator to 2024-03-08 00:00:00+00:00, run_after=2024-03-09 00:00:00+00:00
[2024-03-09T07:06:54.495+0000] {processor.py:183} INFO - Processing /home/airflow/.local/lib/python3.8/site-packages/airflow/example_dags/example_bash_operator.py took 2.789 seconds
[2024-03-09T07:07:27.781+0000] {processor.py:161} INFO - Started process (PID=142) to work on /home/airflow/.local/lib/python3.8/site-packages/airflow/example_dags/example_bash_operator.py
[2024-03-09T07:07:27.793+0000] {processor.py:830} INFO - Processing file /home/airflow/.local/lib/python3.8/site-packages/airflow/example_dags/example_bash_operator.py for tasks to queue
[2024-03-09T07:07:27.803+0000] {logging_mixin.py:188} INFO - [2024-03-09T07:07:27.802+0000] {dagbag.py:540} INFO - Filling up the DagBag from /home/airflow/.local/lib/python3.8/site-packages/airflow/example_dags/example_bash_operator.py
[2024-03-09T07:07:27.939+0000] {processor.py:840} INFO - DAG(s) 'example_bash_operator' retrieved from /home/airflow/.local/lib/python3.8/site-packages/airflow/example_dags/example_bash_operator.py
[2024-03-09T07:07:28.083+0000] {logging_mixin.py:188} INFO - [2024-03-09T07:07:28.082+0000] {dag.py:3047} INFO - Sync 1 DAGs
[2024-03-09T07:07:28.172+0000] {logging_mixin.py:188} INFO - [2024-03-09T07:07:28.171+0000] {dag.py:3834} INFO - Setting next_dagrun for example_bash_operator to 2024-03-08 00:00:00+00:00, run_after=2024-03-09 00:00:00+00:00
[2024-03-09T07:07:28.238+0000] {processor.py:183} INFO - Processing /home/airflow/.local/lib/python3.8/site-packages/airflow/example_dags/example_bash_operator.py took 0.421 seconds
[2024-03-09T07:07:58.822+0000] {processor.py:161} INFO - Started process (PID=197) to work on /home/airflow/.local/lib/python3.8/site-packages/airflow/example_dags/example_bash_operator.py
[2024-03-09T07:07:58.825+0000] {processor.py:830} INFO - Processing file /home/airflow/.local/lib/python3.8/site-packages/airflow/example_dags/example_bash_operator.py for tasks to queue
[2024-03-09T07:07:58.831+0000] {logging_mixin.py:188} INFO - [2024-03-09T07:07:58.830+0000] {dagbag.py:540} INFO - Filling up the DagBag from /home/airflow/.local/lib/python3.8/site-packages/airflow/example_dags/example_bash_operator.py
[2024-03-09T07:07:58.871+0000] {processor.py:840} INFO - DAG(s) 'example_bash_operator' retrieved from /home/airflow/.local/lib/python3.8/site-packages/airflow/example_dags/example_bash_operator.py
[2024-03-09T07:07:58.954+0000] {logging_mixin.py:188} INFO - [2024-03-09T07:07:58.953+0000] {dag.py:3047} INFO - Sync 1 DAGs
[2024-03-09T07:07:59.021+0000] {logging_mixin.py:188} INFO - [2024-03-09T07:07:59.020+0000] {dag.py:3834} INFO - Setting next_dagrun for example_bash_operator to 2024-03-08 00:00:00+00:00, run_after=2024-03-09 00:00:00+00:00
[2024-03-09T07:07:59.086+0000] {processor.py:183} INFO - Processing /home/airflow/.local/lib/python3.8/site-packages/airflow/example_dags/example_bash_operator.py took 0.285 seconds
[2024-03-09T07:08:29.307+0000] {processor.py:161} INFO - Started process (PID=252) to work on /home/airflow/.local/lib/python3.8/site-packages/airflow/example_dags/example_bash_operator.py
[2024-03-09T07:08:29.310+0000] {processor.py:830} INFO - Processing file /home/airflow/.local/lib/python3.8/site-packages/airflow/example_dags/example_bash_operator.py for tasks to queue
[2024-03-09T07:08:29.315+0000] {logging_mixin.py:188} INFO - [2024-03-09T07:08:29.314+0000] {dagbag.py:540} INFO - Filling up the DagBag from /home/airflow/.local/lib/python3.8/site-packages/airflow/example_dags/example_bash_operator.py
[2024-03-09T07:08:29.350+0000] {processor.py:840} INFO - DAG(s) 'example_bash_operator' retrieved from /home/airflow/.local/lib/python3.8/site-packages/airflow/example_dags/example_bash_operator.py
[2024-03-09T07:08:29.437+0000] {logging_mixin.py:188} INFO - [2024-03-09T07:08:29.436+0000] {dag.py:3047} INFO - Sync 1 DAGs
[2024-03-09T07:08:29.500+0000] {logging_mixin.py:188} INFO - [2024-03-09T07:08:29.500+0000] {dag.py:3834} INFO - Setting next_dagrun for example_bash_operator to 2024-03-08 00:00:00+00:00, run_after=2024-03-09 00:00:00+00:00
[2024-03-09T07:08:29.646+0000] {processor.py:183} INFO - Processing /home/airflow/.local/lib/python3.8/site-packages/airflow/example_dags/example_bash_operator.py took 0.348 seconds
[2024-03-09T07:09:02.128+0000] {processor.py:161} INFO - Started process (PID=307) to work on /home/airflow/.local/lib/python3.8/site-packages/airflow/example_dags/example_bash_operator.py
[2024-03-09T07:09:02.131+0000] {processor.py:830} INFO - Processing file /home/airflow/.local/lib/python3.8/site-packages/airflow/example_dags/example_bash_operator.py for tasks to queue
[2024-03-09T07:09:02.136+0000] {logging_mixin.py:188} INFO - [2024-03-09T07:09:02.135+0000] {dagbag.py:540} INFO - Filling up the DagBag from /home/airflow/.local/lib/python3.8/site-packages/airflow/example_dags/example_bash_operator.py
[2024-03-09T07:09:02.172+0000] {processor.py:840} INFO - DAG(s) 'example_bash_operator' retrieved from /home/airflow/.local/lib/python3.8/site-packages/airflow/example_dags/example_bash_operator.py
[2024-03-09T07:09:02.279+0000] {logging_mixin.py:188} INFO - [2024-03-09T07:09:02.278+0000] {dag.py:3047} INFO - Sync 1 DAGs
[2024-03-09T07:09:02.388+0000] {logging_mixin.py:188} INFO - [2024-03-09T07:09:02.387+0000] {dag.py:3834} INFO - Setting next_dagrun for example_bash_operator to 2024-03-08 00:00:00+00:00, run_after=2024-03-09 00:00:00+00:00
[2024-03-09T07:09:02.441+0000] {processor.py:183} INFO - Processing /home/airflow/.local/lib/python3.8/site-packages/airflow/example_dags/example_bash_operator.py took 0.321 seconds
[2024-03-09T07:09:32.948+0000] {processor.py:161} INFO - Started process (PID=361) to work on /home/airflow/.local/lib/python3.8/site-packages/airflow/example_dags/example_bash_operator.py
[2024-03-09T07:09:32.952+0000] {processor.py:830} INFO - Processing file /home/airflow/.local/lib/python3.8/site-packages/airflow/example_dags/example_bash_operator.py for tasks to queue
[2024-03-09T07:09:32.967+0000] {logging_mixin.py:188} INFO - [2024-03-09T07:09:32.965+0000] {dagbag.py:540} INFO - Filling up the DagBag from /home/airflow/.local/lib/python3.8/site-packages/airflow/example_dags/example_bash_operator.py
[2024-03-09T07:09:33.051+0000] {processor.py:840} INFO - DAG(s) 'example_bash_operator' retrieved from /home/airflow/.local/lib/python3.8/site-packages/airflow/example_dags/example_bash_operator.py
[2024-03-09T07:09:33.180+0000] {logging_mixin.py:188} INFO - [2024-03-09T07:09:33.179+0000] {dag.py:3047} INFO - Sync 1 DAGs
[2024-03-09T07:09:33.257+0000] {logging_mixin.py:188} INFO - [2024-03-09T07:09:33.257+0000] {dag.py:3834} INFO - Setting next_dagrun for example_bash_operator to 2024-03-08 00:00:00+00:00, run_after=2024-03-09 00:00:00+00:00
[2024-03-09T07:09:33.314+0000] {processor.py:183} INFO - Processing /home/airflow/.local/lib/python3.8/site-packages/airflow/example_dags/example_bash_operator.py took 0.374 seconds
[2024-03-09T07:10:05.128+0000] {processor.py:161} INFO - Started process (PID=417) to work on /home/airflow/.local/lib/python3.8/site-packages/airflow/example_dags/example_bash_operator.py
[2024-03-09T07:10:05.131+0000] {processor.py:830} INFO - Processing file /home/airflow/.local/lib/python3.8/site-packages/airflow/example_dags/example_bash_operator.py for tasks to queue
[2024-03-09T07:10:05.136+0000] {logging_mixin.py:188} INFO - [2024-03-09T07:10:05.135+0000] {dagbag.py:540} INFO - Filling up the DagBag from /home/airflow/.local/lib/python3.8/site-packages/airflow/example_dags/example_bash_operator.py
[2024-03-09T07:10:05.173+0000] {processor.py:840} INFO - DAG(s) 'example_bash_operator' retrieved from /home/airflow/.local/lib/python3.8/site-packages/airflow/example_dags/example_bash_operator.py
[2024-03-09T07:10:05.264+0000] {logging_mixin.py:188} INFO - [2024-03-09T07:10:05.263+0000] {dag.py:3047} INFO - Sync 1 DAGs
[2024-03-09T07:10:05.328+0000] {logging_mixin.py:188} INFO - [2024-03-09T07:10:05.328+0000] {dag.py:3834} INFO - Setting next_dagrun for example_bash_operator to 2024-03-08 00:00:00+00:00, run_after=2024-03-09 00:00:00+00:00
[2024-03-09T07:10:05.379+0000] {processor.py:183} INFO - Processing /home/airflow/.local/lib/python3.8/site-packages/airflow/example_dags/example_bash_operator.py took 0.259 seconds
[2024-03-09T07:10:36.249+0000] {processor.py:161} INFO - Started process (PID=471) to work on /home/airflow/.local/lib/python3.8/site-packages/airflow/example_dags/example_bash_operator.py
[2024-03-09T07:10:36.254+0000] {processor.py:830} INFO - Processing file /home/airflow/.local/lib/python3.8/site-packages/airflow/example_dags/example_bash_operator.py for tasks to queue
[2024-03-09T07:10:36.262+0000] {logging_mixin.py:188} INFO - [2024-03-09T07:10:36.260+0000] {dagbag.py:540} INFO - Filling up the DagBag from /home/airflow/.local/lib/python3.8/site-packages/airflow/example_dags/example_bash_operator.py
[2024-03-09T07:10:36.315+0000] {processor.py:840} INFO - DAG(s) 'example_bash_operator' retrieved from /home/airflow/.local/lib/python3.8/site-packages/airflow/example_dags/example_bash_operator.py
[2024-03-09T07:10:36.479+0000] {logging_mixin.py:188} INFO - [2024-03-09T07:10:36.478+0000] {dag.py:3047} INFO - Sync 1 DAGs
[2024-03-09T07:10:36.593+0000] {logging_mixin.py:188} INFO - [2024-03-09T07:10:36.593+0000] {dag.py:3834} INFO - Setting next_dagrun for example_bash_operator to 2024-03-08 00:00:00+00:00, run_after=2024-03-09 00:00:00+00:00
[2024-03-09T07:10:36.683+0000] {processor.py:183} INFO - Processing /home/airflow/.local/lib/python3.8/site-packages/airflow/example_dags/example_bash_operator.py took 0.450 seconds
[2024-03-09T07:11:07.194+0000] {processor.py:161} INFO - Started process (PID=532) to work on /home/airflow/.local/lib/python3.8/site-packages/airflow/example_dags/example_bash_operator.py
[2024-03-09T07:11:07.198+0000] {processor.py:830} INFO - Processing file /home/airflow/.local/lib/python3.8/site-packages/airflow/example_dags/example_bash_operator.py for tasks to queue
[2024-03-09T07:11:07.204+0000] {logging_mixin.py:188} INFO - [2024-03-09T07:11:07.203+0000] {dagbag.py:540} INFO - Filling up the DagBag from /home/airflow/.local/lib/python3.8/site-packages/airflow/example_dags/example_bash_operator.py
[2024-03-09T07:11:07.249+0000] {processor.py:840} INFO - DAG(s) 'example_bash_operator' retrieved from /home/airflow/.local/lib/python3.8/site-packages/airflow/example_dags/example_bash_operator.py
[2024-03-09T07:11:07.357+0000] {logging_mixin.py:188} INFO - [2024-03-09T07:11:07.357+0000] {dag.py:3047} INFO - Sync 1 DAGs
[2024-03-09T07:11:07.436+0000] {logging_mixin.py:188} INFO - [2024-03-09T07:11:07.435+0000] {dag.py:3834} INFO - Setting next_dagrun for example_bash_operator to 2024-03-08 00:00:00+00:00, run_after=2024-03-09 00:00:00+00:00
[2024-03-09T07:11:07.494+0000] {processor.py:183} INFO - Processing /home/airflow/.local/lib/python3.8/site-packages/airflow/example_dags/example_bash_operator.py took 0.311 seconds
[2024-03-09T07:11:38.423+0000] {processor.py:161} INFO - Started process (PID=587) to work on /home/airflow/.local/lib/python3.8/site-packages/airflow/example_dags/example_bash_operator.py
[2024-03-09T07:11:38.427+0000] {processor.py:830} INFO - Processing file /home/airflow/.local/lib/python3.8/site-packages/airflow/example_dags/example_bash_operator.py for tasks to queue
[2024-03-09T07:11:38.433+0000] {logging_mixin.py:188} INFO - [2024-03-09T07:11:38.432+0000] {dagbag.py:540} INFO - Filling up the DagBag from /home/airflow/.local/lib/python3.8/site-packages/airflow/example_dags/example_bash_operator.py
[2024-03-09T07:11:38.503+0000] {processor.py:840} INFO - DAG(s) 'example_bash_operator' retrieved from /home/airflow/.local/lib/python3.8/site-packages/airflow/example_dags/example_bash_operator.py
[2024-03-09T07:11:38.617+0000] {logging_mixin.py:188} INFO - [2024-03-09T07:11:38.616+0000] {dag.py:3047} INFO - Sync 1 DAGs
[2024-03-09T07:11:38.703+0000] {logging_mixin.py:188} INFO - [2024-03-09T07:11:38.703+0000] {dag.py:3834} INFO - Setting next_dagrun for example_bash_operator to 2024-03-08 00:00:00+00:00, run_after=2024-03-09 00:00:00+00:00
[2024-03-09T07:11:38.764+0000] {processor.py:183} INFO - Processing /home/airflow/.local/lib/python3.8/site-packages/airflow/example_dags/example_bash_operator.py took 0.352 seconds
[2024-03-09T07:12:09.506+0000] {processor.py:161} INFO - Started process (PID=643) to work on /home/airflow/.local/lib/python3.8/site-packages/airflow/example_dags/example_bash_operator.py
[2024-03-09T07:12:09.509+0000] {processor.py:830} INFO - Processing file /home/airflow/.local/lib/python3.8/site-packages/airflow/example_dags/example_bash_operator.py for tasks to queue
[2024-03-09T07:12:09.515+0000] {logging_mixin.py:188} INFO - [2024-03-09T07:12:09.514+0000] {dagbag.py:540} INFO - Filling up the DagBag from /home/airflow/.local/lib/python3.8/site-packages/airflow/example_dags/example_bash_operator.py
[2024-03-09T07:12:09.551+0000] {processor.py:840} INFO - DAG(s) 'example_bash_operator' retrieved from /home/airflow/.local/lib/python3.8/site-packages/airflow/example_dags/example_bash_operator.py
[2024-03-09T07:12:09.635+0000] {logging_mixin.py:188} INFO - [2024-03-09T07:12:09.635+0000] {dag.py:3047} INFO - Sync 1 DAGs
[2024-03-09T07:12:09.713+0000] {logging_mixin.py:188} INFO - [2024-03-09T07:12:09.712+0000] {dag.py:3834} INFO - Setting next_dagrun for example_bash_operator to 2024-03-08 00:00:00+00:00, run_after=2024-03-09 00:00:00+00:00
[2024-03-09T07:12:09.776+0000] {processor.py:183} INFO - Processing /home/airflow/.local/lib/python3.8/site-packages/airflow/example_dags/example_bash_operator.py took 0.281 seconds
[2024-03-09T07:12:40.697+0000] {processor.py:161} INFO - Started process (PID=698) to work on /home/airflow/.local/lib/python3.8/site-packages/airflow/example_dags/example_bash_operator.py
[2024-03-09T07:12:40.700+0000] {processor.py:830} INFO - Processing file /home/airflow/.local/lib/python3.8/site-packages/airflow/example_dags/example_bash_operator.py for tasks to queue
[2024-03-09T07:12:40.706+0000] {logging_mixin.py:188} INFO - [2024-03-09T07:12:40.705+0000] {dagbag.py:540} INFO - Filling up the DagBag from /home/airflow/.local/lib/python3.8/site-packages/airflow/example_dags/example_bash_operator.py
[2024-03-09T07:12:40.746+0000] {processor.py:840} INFO - DAG(s) 'example_bash_operator' retrieved from /home/airflow/.local/lib/python3.8/site-packages/airflow/example_dags/example_bash_operator.py
[2024-03-09T07:12:40.846+0000] {logging_mixin.py:188} INFO - [2024-03-09T07:12:40.845+0000] {dag.py:3047} INFO - Sync 1 DAGs
[2024-03-09T07:12:40.936+0000] {logging_mixin.py:188} INFO - [2024-03-09T07:12:40.935+0000] {dag.py:3834} INFO - Setting next_dagrun for example_bash_operator to 2024-03-08 00:00:00+00:00, run_after=2024-03-09 00:00:00+00:00
[2024-03-09T07:12:40.991+0000] {processor.py:183} INFO - Processing /home/airflow/.local/lib/python3.8/site-packages/airflow/example_dags/example_bash_operator.py took 0.305 seconds
[2024-03-09T07:13:11.338+0000] {processor.py:161} INFO - Started process (PID=751) to work on /home/airflow/.local/lib/python3.8/site-packages/airflow/example_dags/example_bash_operator.py
[2024-03-09T07:13:11.344+0000] {processor.py:830} INFO - Processing file /home/airflow/.local/lib/python3.8/site-packages/airflow/example_dags/example_bash_operator.py for tasks to queue
[2024-03-09T07:13:11.354+0000] {logging_mixin.py:188} INFO - [2024-03-09T07:13:11.352+0000] {dagbag.py:540} INFO - Filling up the DagBag from /home/airflow/.local/lib/python3.8/site-packages/airflow/example_dags/example_bash_operator.py
[2024-03-09T07:13:11.398+0000] {processor.py:840} INFO - DAG(s) 'example_bash_operator' retrieved from /home/airflow/.local/lib/python3.8/site-packages/airflow/example_dags/example_bash_operator.py
[2024-03-09T07:13:11.473+0000] {logging_mixin.py:188} INFO - [2024-03-09T07:13:11.473+0000] {dag.py:3047} INFO - Sync 1 DAGs
[2024-03-09T07:13:11.532+0000] {logging_mixin.py:188} INFO - [2024-03-09T07:13:11.532+0000] {dag.py:3834} INFO - Setting next_dagrun for example_bash_operator to 2024-03-08 00:00:00+00:00, run_after=2024-03-09 00:00:00+00:00
[2024-03-09T07:13:11.584+0000] {processor.py:183} INFO - Processing /home/airflow/.local/lib/python3.8/site-packages/airflow/example_dags/example_bash_operator.py took 0.263 seconds
[2024-03-09T07:13:41.873+0000] {processor.py:161} INFO - Started process (PID=806) to work on /home/airflow/.local/lib/python3.8/site-packages/airflow/example_dags/example_bash_operator.py
[2024-03-09T07:13:41.883+0000] {processor.py:830} INFO - Processing file /home/airflow/.local/lib/python3.8/site-packages/airflow/example_dags/example_bash_operator.py for tasks to queue
[2024-03-09T07:13:41.902+0000] {logging_mixin.py:188} INFO - [2024-03-09T07:13:41.901+0000] {dagbag.py:540} INFO - Filling up the DagBag from /home/airflow/.local/lib/python3.8/site-packages/airflow/example_dags/example_bash_operator.py
[2024-03-09T07:13:41.990+0000] {processor.py:840} INFO - DAG(s) 'example_bash_operator' retrieved from /home/airflow/.local/lib/python3.8/site-packages/airflow/example_dags/example_bash_operator.py
[2024-03-09T07:13:42.113+0000] {logging_mixin.py:188} INFO - [2024-03-09T07:13:42.112+0000] {dag.py:3047} INFO - Sync 1 DAGs
[2024-03-09T07:13:42.243+0000] {logging_mixin.py:188} INFO - [2024-03-09T07:13:42.242+0000] {dag.py:3834} INFO - Setting next_dagrun for example_bash_operator to 2024-03-08 00:00:00+00:00, run_after=2024-03-09 00:00:00+00:00
[2024-03-09T07:13:42.328+0000] {processor.py:183} INFO - Processing /home/airflow/.local/lib/python3.8/site-packages/airflow/example_dags/example_bash_operator.py took 0.482 seconds
[2024-03-09T07:14:12.931+0000] {processor.py:161} INFO - Started process (PID=860) to work on /home/airflow/.local/lib/python3.8/site-packages/airflow/example_dags/example_bash_operator.py
[2024-03-09T07:14:12.935+0000] {processor.py:830} INFO - Processing file /home/airflow/.local/lib/python3.8/site-packages/airflow/example_dags/example_bash_operator.py for tasks to queue
[2024-03-09T07:14:12.941+0000] {logging_mixin.py:188} INFO - [2024-03-09T07:14:12.940+0000] {dagbag.py:540} INFO - Filling up the DagBag from /home/airflow/.local/lib/python3.8/site-packages/airflow/example_dags/example_bash_operator.py
[2024-03-09T07:14:13.000+0000] {processor.py:840} INFO - DAG(s) 'example_bash_operator' retrieved from /home/airflow/.local/lib/python3.8/site-packages/airflow/example_dags/example_bash_operator.py
[2024-03-09T07:14:13.134+0000] {logging_mixin.py:188} INFO - [2024-03-09T07:14:13.133+0000] {dag.py:3047} INFO - Sync 1 DAGs
[2024-03-09T07:14:13.235+0000] {logging_mixin.py:188} INFO - [2024-03-09T07:14:13.234+0000] {dag.py:3834} INFO - Setting next_dagrun for example_bash_operator to 2024-03-08 00:00:00+00:00, run_after=2024-03-09 00:00:00+00:00
[2024-03-09T07:14:13.306+0000] {processor.py:183} INFO - Processing /home/airflow/.local/lib/python3.8/site-packages/airflow/example_dags/example_bash_operator.py took 0.390 seconds
[2024-03-09T07:14:43.839+0000] {processor.py:161} INFO - Started process (PID=915) to work on /home/airflow/.local/lib/python3.8/site-packages/airflow/example_dags/example_bash_operator.py
[2024-03-09T07:14:43.842+0000] {processor.py:830} INFO - Processing file /home/airflow/.local/lib/python3.8/site-packages/airflow/example_dags/example_bash_operator.py for tasks to queue
[2024-03-09T07:14:43.849+0000] {logging_mixin.py:188} INFO - [2024-03-09T07:14:43.848+0000] {dagbag.py:540} INFO - Filling up the DagBag from /home/airflow/.local/lib/python3.8/site-packages/airflow/example_dags/example_bash_operator.py
[2024-03-09T07:14:43.897+0000] {processor.py:840} INFO - DAG(s) 'example_bash_operator' retrieved from /home/airflow/.local/lib/python3.8/site-packages/airflow/example_dags/example_bash_operator.py
[2024-03-09T07:14:44.034+0000] {logging_mixin.py:188} INFO - [2024-03-09T07:14:44.031+0000] {dag.py:3047} INFO - Sync 1 DAGs
[2024-03-09T07:14:44.151+0000] {logging_mixin.py:188} INFO - [2024-03-09T07:14:44.150+0000] {dag.py:3834} INFO - Setting next_dagrun for example_bash_operator to 2024-03-08 00:00:00+00:00, run_after=2024-03-09 00:00:00+00:00
[2024-03-09T07:14:44.218+0000] {processor.py:183} INFO - Processing /home/airflow/.local/lib/python3.8/site-packages/airflow/example_dags/example_bash_operator.py took 0.392 seconds
[2024-03-09T07:15:14.557+0000] {processor.py:161} INFO - Started process (PID=970) to work on /home/airflow/.local/lib/python3.8/site-packages/airflow/example_dags/example_bash_operator.py
[2024-03-09T07:15:14.561+0000] {processor.py:830} INFO - Processing file /home/airflow/.local/lib/python3.8/site-packages/airflow/example_dags/example_bash_operator.py for tasks to queue
[2024-03-09T07:15:14.566+0000] {logging_mixin.py:188} INFO - [2024-03-09T07:15:14.565+0000] {dagbag.py:540} INFO - Filling up the DagBag from /home/airflow/.local/lib/python3.8/site-packages/airflow/example_dags/example_bash_operator.py
[2024-03-09T07:15:14.675+0000] {processor.py:840} INFO - DAG(s) 'example_bash_operator' retrieved from /home/airflow/.local/lib/python3.8/site-packages/airflow/example_dags/example_bash_operator.py
[2024-03-09T07:15:14.848+0000] {logging_mixin.py:188} INFO - [2024-03-09T07:15:14.847+0000] {dag.py:3047} INFO - Sync 1 DAGs
[2024-03-09T07:15:14.919+0000] {logging_mixin.py:188} INFO - [2024-03-09T07:15:14.918+0000] {dag.py:3834} INFO - Setting next_dagrun for example_bash_operator to 2024-03-08 00:00:00+00:00, run_after=2024-03-09 00:00:00+00:00
[2024-03-09T07:15:14.973+0000] {processor.py:183} INFO - Processing /home/airflow/.local/lib/python3.8/site-packages/airflow/example_dags/example_bash_operator.py took 0.427 seconds
[2024-03-09T07:15:45.651+0000] {processor.py:161} INFO - Started process (PID=1025) to work on /home/airflow/.local/lib/python3.8/site-packages/airflow/example_dags/example_bash_operator.py
[2024-03-09T07:15:45.656+0000] {processor.py:830} INFO - Processing file /home/airflow/.local/lib/python3.8/site-packages/airflow/example_dags/example_bash_operator.py for tasks to queue
[2024-03-09T07:15:45.667+0000] {logging_mixin.py:188} INFO - [2024-03-09T07:15:45.665+0000] {dagbag.py:540} INFO - Filling up the DagBag from /home/airflow/.local/lib/python3.8/site-packages/airflow/example_dags/example_bash_operator.py
[2024-03-09T07:15:45.736+0000] {processor.py:840} INFO - DAG(s) 'example_bash_operator' retrieved from /home/airflow/.local/lib/python3.8/site-packages/airflow/example_dags/example_bash_operator.py
[2024-03-09T07:15:45.914+0000] {logging_mixin.py:188} INFO - [2024-03-09T07:15:45.912+0000] {dag.py:3047} INFO - Sync 1 DAGs
[2024-03-09T07:15:46.067+0000] {logging_mixin.py:188} INFO - [2024-03-09T07:15:46.066+0000] {dag.py:3834} INFO - Setting next_dagrun for example_bash_operator to 2024-03-08 00:00:00+00:00, run_after=2024-03-09 00:00:00+00:00
[2024-03-09T07:15:46.193+0000] {processor.py:183} INFO - Processing /home/airflow/.local/lib/python3.8/site-packages/airflow/example_dags/example_bash_operator.py took 0.562 seconds
[2024-03-09T07:16:16.437+0000] {processor.py:161} INFO - Started process (PID=1080) to work on /home/airflow/.local/lib/python3.8/site-packages/airflow/example_dags/example_bash_operator.py
[2024-03-09T07:16:16.443+0000] {processor.py:830} INFO - Processing file /home/airflow/.local/lib/python3.8/site-packages/airflow/example_dags/example_bash_operator.py for tasks to queue
[2024-03-09T07:16:16.452+0000] {logging_mixin.py:188} INFO - [2024-03-09T07:16:16.451+0000] {dagbag.py:540} INFO - Filling up the DagBag from /home/airflow/.local/lib/python3.8/site-packages/airflow/example_dags/example_bash_operator.py
[2024-03-09T07:16:16.524+0000] {processor.py:840} INFO - DAG(s) 'example_bash_operator' retrieved from /home/airflow/.local/lib/python3.8/site-packages/airflow/example_dags/example_bash_operator.py
[2024-03-09T07:16:16.711+0000] {logging_mixin.py:188} INFO - [2024-03-09T07:16:16.710+0000] {dag.py:3047} INFO - Sync 1 DAGs
[2024-03-09T07:16:16.804+0000] {logging_mixin.py:188} INFO - [2024-03-09T07:16:16.803+0000] {dag.py:3834} INFO - Setting next_dagrun for example_bash_operator to 2024-03-08 00:00:00+00:00, run_after=2024-03-09 00:00:00+00:00
[2024-03-09T07:16:16.852+0000] {processor.py:183} INFO - Processing /home/airflow/.local/lib/python3.8/site-packages/airflow/example_dags/example_bash_operator.py took 0.430 seconds
[2024-03-09T07:16:47.134+0000] {processor.py:161} INFO - Started process (PID=1135) to work on /home/airflow/.local/lib/python3.8/site-packages/airflow/example_dags/example_bash_operator.py
[2024-03-09T07:16:47.137+0000] {processor.py:830} INFO - Processing file /home/airflow/.local/lib/python3.8/site-packages/airflow/example_dags/example_bash_operator.py for tasks to queue
[2024-03-09T07:16:47.141+0000] {logging_mixin.py:188} INFO - [2024-03-09T07:16:47.141+0000] {dagbag.py:540} INFO - Filling up the DagBag from /home/airflow/.local/lib/python3.8/site-packages/airflow/example_dags/example_bash_operator.py
[2024-03-09T07:16:47.175+0000] {processor.py:840} INFO - DAG(s) 'example_bash_operator' retrieved from /home/airflow/.local/lib/python3.8/site-packages/airflow/example_dags/example_bash_operator.py
[2024-03-09T07:16:47.269+0000] {logging_mixin.py:188} INFO - [2024-03-09T07:16:47.269+0000] {dag.py:3047} INFO - Sync 1 DAGs
[2024-03-09T07:16:47.335+0000] {logging_mixin.py:188} INFO - [2024-03-09T07:16:47.335+0000] {dag.py:3834} INFO - Setting next_dagrun for example_bash_operator to 2024-03-08 00:00:00+00:00, run_after=2024-03-09 00:00:00+00:00
[2024-03-09T07:16:47.387+0000] {processor.py:183} INFO - Processing /home/airflow/.local/lib/python3.8/site-packages/airflow/example_dags/example_bash_operator.py took 0.262 seconds
[2024-03-09T07:17:17.753+0000] {processor.py:161} INFO - Started process (PID=1190) to work on /home/airflow/.local/lib/python3.8/site-packages/airflow/example_dags/example_bash_operator.py
[2024-03-09T07:17:17.756+0000] {processor.py:830} INFO - Processing file /home/airflow/.local/lib/python3.8/site-packages/airflow/example_dags/example_bash_operator.py for tasks to queue
[2024-03-09T07:17:17.763+0000] {logging_mixin.py:188} INFO - [2024-03-09T07:17:17.762+0000] {dagbag.py:540} INFO - Filling up the DagBag from /home/airflow/.local/lib/python3.8/site-packages/airflow/example_dags/example_bash_operator.py
[2024-03-09T07:17:17.808+0000] {processor.py:840} INFO - DAG(s) 'example_bash_operator' retrieved from /home/airflow/.local/lib/python3.8/site-packages/airflow/example_dags/example_bash_operator.py
[2024-03-09T07:17:17.920+0000] {logging_mixin.py:188} INFO - [2024-03-09T07:17:17.919+0000] {dag.py:3047} INFO - Sync 1 DAGs
[2024-03-09T07:17:18.003+0000] {logging_mixin.py:188} INFO - [2024-03-09T07:17:18.003+0000] {dag.py:3834} INFO - Setting next_dagrun for example_bash_operator to 2024-03-08 00:00:00+00:00, run_after=2024-03-09 00:00:00+00:00
[2024-03-09T07:17:18.065+0000] {processor.py:183} INFO - Processing /home/airflow/.local/lib/python3.8/site-packages/airflow/example_dags/example_bash_operator.py took 0.321 seconds
[2024-03-09T07:17:48.197+0000] {processor.py:161} INFO - Started process (PID=1244) to work on /home/airflow/.local/lib/python3.8/site-packages/airflow/example_dags/example_bash_operator.py
[2024-03-09T07:17:48.200+0000] {processor.py:830} INFO - Processing file /home/airflow/.local/lib/python3.8/site-packages/airflow/example_dags/example_bash_operator.py for tasks to queue
[2024-03-09T07:17:48.205+0000] {logging_mixin.py:188} INFO - [2024-03-09T07:17:48.204+0000] {dagbag.py:540} INFO - Filling up the DagBag from /home/airflow/.local/lib/python3.8/site-packages/airflow/example_dags/example_bash_operator.py
[2024-03-09T07:17:48.242+0000] {processor.py:840} INFO - DAG(s) 'example_bash_operator' retrieved from /home/airflow/.local/lib/python3.8/site-packages/airflow/example_dags/example_bash_operator.py
[2024-03-09T07:17:48.403+0000] {logging_mixin.py:188} INFO - [2024-03-09T07:17:48.402+0000] {dag.py:3047} INFO - Sync 1 DAGs
[2024-03-09T07:17:48.539+0000] {logging_mixin.py:188} INFO - [2024-03-09T07:17:48.537+0000] {dag.py:3834} INFO - Setting next_dagrun for example_bash_operator to 2024-03-08 00:00:00+00:00, run_after=2024-03-09 00:00:00+00:00
[2024-03-09T07:17:48.635+0000] {processor.py:183} INFO - Processing /home/airflow/.local/lib/python3.8/site-packages/airflow/example_dags/example_bash_operator.py took 0.447 seconds
[2024-03-09T07:18:18.878+0000] {processor.py:161} INFO - Started process (PID=1299) to work on /home/airflow/.local/lib/python3.8/site-packages/airflow/example_dags/example_bash_operator.py
[2024-03-09T07:18:18.881+0000] {processor.py:830} INFO - Processing file /home/airflow/.local/lib/python3.8/site-packages/airflow/example_dags/example_bash_operator.py for tasks to queue
[2024-03-09T07:18:18.886+0000] {logging_mixin.py:188} INFO - [2024-03-09T07:18:18.886+0000] {dagbag.py:540} INFO - Filling up the DagBag from /home/airflow/.local/lib/python3.8/site-packages/airflow/example_dags/example_bash_operator.py
[2024-03-09T07:18:18.926+0000] {processor.py:840} INFO - DAG(s) 'example_bash_operator' retrieved from /home/airflow/.local/lib/python3.8/site-packages/airflow/example_dags/example_bash_operator.py
[2024-03-09T07:18:19.027+0000] {logging_mixin.py:188} INFO - [2024-03-09T07:18:19.026+0000] {dag.py:3047} INFO - Sync 1 DAGs
[2024-03-09T07:18:19.101+0000] {logging_mixin.py:188} INFO - [2024-03-09T07:18:19.101+0000] {dag.py:3834} INFO - Setting next_dagrun for example_bash_operator to 2024-03-08 00:00:00+00:00, run_after=2024-03-09 00:00:00+00:00
[2024-03-09T07:18:19.190+0000] {processor.py:183} INFO - Processing /home/airflow/.local/lib/python3.8/site-packages/airflow/example_dags/example_bash_operator.py took 0.322 seconds
[2024-03-09T07:18:50.684+0000] {processor.py:161} INFO - Started process (PID=1354) to work on /home/airflow/.local/lib/python3.8/site-packages/airflow/example_dags/example_bash_operator.py
[2024-03-09T07:18:50.690+0000] {processor.py:830} INFO - Processing file /home/airflow/.local/lib/python3.8/site-packages/airflow/example_dags/example_bash_operator.py for tasks to queue
[2024-03-09T07:18:50.700+0000] {logging_mixin.py:188} INFO - [2024-03-09T07:18:50.698+0000] {dagbag.py:540} INFO - Filling up the DagBag from /home/airflow/.local/lib/python3.8/site-packages/airflow/example_dags/example_bash_operator.py
[2024-03-09T07:18:50.805+0000] {processor.py:840} INFO - DAG(s) 'example_bash_operator' retrieved from /home/airflow/.local/lib/python3.8/site-packages/airflow/example_dags/example_bash_operator.py
[2024-03-09T07:18:50.925+0000] {logging_mixin.py:188} INFO - [2024-03-09T07:18:50.925+0000] {dag.py:3047} INFO - Sync 1 DAGs
[2024-03-09T07:18:51.012+0000] {logging_mixin.py:188} INFO - [2024-03-09T07:18:51.011+0000] {dag.py:3834} INFO - Setting next_dagrun for example_bash_operator to 2024-03-08 00:00:00+00:00, run_after=2024-03-09 00:00:00+00:00
[2024-03-09T07:18:51.123+0000] {processor.py:183} INFO - Processing /home/airflow/.local/lib/python3.8/site-packages/airflow/example_dags/example_bash_operator.py took 0.457 seconds
[2024-03-09T07:19:21.563+0000] {processor.py:161} INFO - Started process (PID=1410) to work on /home/airflow/.local/lib/python3.8/site-packages/airflow/example_dags/example_bash_operator.py
[2024-03-09T07:19:21.566+0000] {processor.py:830} INFO - Processing file /home/airflow/.local/lib/python3.8/site-packages/airflow/example_dags/example_bash_operator.py for tasks to queue
[2024-03-09T07:19:21.571+0000] {logging_mixin.py:188} INFO - [2024-03-09T07:19:21.570+0000] {dagbag.py:540} INFO - Filling up the DagBag from /home/airflow/.local/lib/python3.8/site-packages/airflow/example_dags/example_bash_operator.py
[2024-03-09T07:19:21.614+0000] {processor.py:840} INFO - DAG(s) 'example_bash_operator' retrieved from /home/airflow/.local/lib/python3.8/site-packages/airflow/example_dags/example_bash_operator.py
[2024-03-09T07:19:21.730+0000] {logging_mixin.py:188} INFO - [2024-03-09T07:19:21.730+0000] {dag.py:3047} INFO - Sync 1 DAGs
[2024-03-09T07:19:21.852+0000] {logging_mixin.py:188} INFO - [2024-03-09T07:19:21.849+0000] {dag.py:3834} INFO - Setting next_dagrun for example_bash_operator to 2024-03-08 00:00:00+00:00, run_after=2024-03-09 00:00:00+00:00
[2024-03-09T07:19:21.929+0000] {processor.py:183} INFO - Processing /home/airflow/.local/lib/python3.8/site-packages/airflow/example_dags/example_bash_operator.py took 0.376 seconds
[2024-03-09T07:19:52.411+0000] {processor.py:161} INFO - Started process (PID=1465) to work on /home/airflow/.local/lib/python3.8/site-packages/airflow/example_dags/example_bash_operator.py
[2024-03-09T07:19:52.416+0000] {processor.py:830} INFO - Processing file /home/airflow/.local/lib/python3.8/site-packages/airflow/example_dags/example_bash_operator.py for tasks to queue
[2024-03-09T07:19:52.430+0000] {logging_mixin.py:188} INFO - [2024-03-09T07:19:52.429+0000] {dagbag.py:540} INFO - Filling up the DagBag from /home/airflow/.local/lib/python3.8/site-packages/airflow/example_dags/example_bash_operator.py
[2024-03-09T07:19:52.499+0000] {processor.py:840} INFO - DAG(s) 'example_bash_operator' retrieved from /home/airflow/.local/lib/python3.8/site-packages/airflow/example_dags/example_bash_operator.py
[2024-03-09T07:19:52.639+0000] {logging_mixin.py:188} INFO - [2024-03-09T07:19:52.638+0000] {dag.py:3047} INFO - Sync 1 DAGs
[2024-03-09T07:19:52.734+0000] {logging_mixin.py:188} INFO - [2024-03-09T07:19:52.733+0000] {dag.py:3834} INFO - Setting next_dagrun for example_bash_operator to 2024-03-08 00:00:00+00:00, run_after=2024-03-09 00:00:00+00:00
[2024-03-09T07:19:52.813+0000] {processor.py:183} INFO - Processing /home/airflow/.local/lib/python3.8/site-packages/airflow/example_dags/example_bash_operator.py took 0.424 seconds
[2024-03-09T07:20:23.399+0000] {processor.py:161} INFO - Started process (PID=1519) to work on /home/airflow/.local/lib/python3.8/site-packages/airflow/example_dags/example_bash_operator.py
[2024-03-09T07:20:23.404+0000] {processor.py:830} INFO - Processing file /home/airflow/.local/lib/python3.8/site-packages/airflow/example_dags/example_bash_operator.py for tasks to queue
[2024-03-09T07:20:23.415+0000] {logging_mixin.py:188} INFO - [2024-03-09T07:20:23.413+0000] {dagbag.py:540} INFO - Filling up the DagBag from /home/airflow/.local/lib/python3.8/site-packages/airflow/example_dags/example_bash_operator.py
[2024-03-09T07:20:23.497+0000] {processor.py:840} INFO - DAG(s) 'example_bash_operator' retrieved from /home/airflow/.local/lib/python3.8/site-packages/airflow/example_dags/example_bash_operator.py
[2024-03-09T07:20:23.597+0000] {logging_mixin.py:188} INFO - [2024-03-09T07:20:23.596+0000] {dag.py:3047} INFO - Sync 1 DAGs
[2024-03-09T07:20:23.680+0000] {logging_mixin.py:188} INFO - [2024-03-09T07:20:23.679+0000] {dag.py:3834} INFO - Setting next_dagrun for example_bash_operator to 2024-03-08 00:00:00+00:00, run_after=2024-03-09 00:00:00+00:00
[2024-03-09T07:20:23.743+0000] {processor.py:183} INFO - Processing /home/airflow/.local/lib/python3.8/site-packages/airflow/example_dags/example_bash_operator.py took 0.360 seconds
[2024-03-09T07:20:54.258+0000] {processor.py:161} INFO - Started process (PID=1574) to work on /home/airflow/.local/lib/python3.8/site-packages/airflow/example_dags/example_bash_operator.py
[2024-03-09T07:20:54.264+0000] {processor.py:830} INFO - Processing file /home/airflow/.local/lib/python3.8/site-packages/airflow/example_dags/example_bash_operator.py for tasks to queue
[2024-03-09T07:20:54.275+0000] {logging_mixin.py:188} INFO - [2024-03-09T07:20:54.274+0000] {dagbag.py:540} INFO - Filling up the DagBag from /home/airflow/.local/lib/python3.8/site-packages/airflow/example_dags/example_bash_operator.py
[2024-03-09T07:20:54.358+0000] {processor.py:840} INFO - DAG(s) 'example_bash_operator' retrieved from /home/airflow/.local/lib/python3.8/site-packages/airflow/example_dags/example_bash_operator.py
[2024-03-09T07:20:54.542+0000] {logging_mixin.py:188} INFO - [2024-03-09T07:20:54.541+0000] {dag.py:3047} INFO - Sync 1 DAGs
[2024-03-09T07:20:54.669+0000] {logging_mixin.py:188} INFO - [2024-03-09T07:20:54.668+0000] {dag.py:3834} INFO - Setting next_dagrun for example_bash_operator to 2024-03-08 00:00:00+00:00, run_after=2024-03-09 00:00:00+00:00
[2024-03-09T07:20:54.760+0000] {processor.py:183} INFO - Processing /home/airflow/.local/lib/python3.8/site-packages/airflow/example_dags/example_bash_operator.py took 0.520 seconds
[2024-03-09T07:21:25.132+0000] {processor.py:161} INFO - Started process (PID=1630) to work on /home/airflow/.local/lib/python3.8/site-packages/airflow/example_dags/example_bash_operator.py
[2024-03-09T07:21:25.135+0000] {processor.py:830} INFO - Processing file /home/airflow/.local/lib/python3.8/site-packages/airflow/example_dags/example_bash_operator.py for tasks to queue
[2024-03-09T07:21:25.142+0000] {logging_mixin.py:188} INFO - [2024-03-09T07:21:25.141+0000] {dagbag.py:540} INFO - Filling up the DagBag from /home/airflow/.local/lib/python3.8/site-packages/airflow/example_dags/example_bash_operator.py
[2024-03-09T07:21:25.183+0000] {processor.py:840} INFO - DAG(s) 'example_bash_operator' retrieved from /home/airflow/.local/lib/python3.8/site-packages/airflow/example_dags/example_bash_operator.py
[2024-03-09T07:21:25.332+0000] {logging_mixin.py:188} INFO - [2024-03-09T07:21:25.332+0000] {dag.py:3047} INFO - Sync 1 DAGs
[2024-03-09T07:21:25.449+0000] {logging_mixin.py:188} INFO - [2024-03-09T07:21:25.448+0000] {dag.py:3834} INFO - Setting next_dagrun for example_bash_operator to 2024-03-08 00:00:00+00:00, run_after=2024-03-09 00:00:00+00:00
[2024-03-09T07:21:25.565+0000] {processor.py:183} INFO - Processing /home/airflow/.local/lib/python3.8/site-packages/airflow/example_dags/example_bash_operator.py took 0.443 seconds
[2024-03-09T07:21:55.857+0000] {processor.py:161} INFO - Started process (PID=1685) to work on /home/airflow/.local/lib/python3.8/site-packages/airflow/example_dags/example_bash_operator.py
[2024-03-09T07:21:55.860+0000] {processor.py:830} INFO - Processing file /home/airflow/.local/lib/python3.8/site-packages/airflow/example_dags/example_bash_operator.py for tasks to queue
[2024-03-09T07:21:55.866+0000] {logging_mixin.py:188} INFO - [2024-03-09T07:21:55.865+0000] {dagbag.py:540} INFO - Filling up the DagBag from /home/airflow/.local/lib/python3.8/site-packages/airflow/example_dags/example_bash_operator.py
[2024-03-09T07:21:55.910+0000] {processor.py:840} INFO - DAG(s) 'example_bash_operator' retrieved from /home/airflow/.local/lib/python3.8/site-packages/airflow/example_dags/example_bash_operator.py
[2024-03-09T07:21:56.015+0000] {logging_mixin.py:188} INFO - [2024-03-09T07:21:56.015+0000] {dag.py:3047} INFO - Sync 1 DAGs
[2024-03-09T07:21:56.105+0000] {logging_mixin.py:188} INFO - [2024-03-09T07:21:56.104+0000] {dag.py:3834} INFO - Setting next_dagrun for example_bash_operator to 2024-03-08 00:00:00+00:00, run_after=2024-03-09 00:00:00+00:00
[2024-03-09T07:21:56.186+0000] {processor.py:183} INFO - Processing /home/airflow/.local/lib/python3.8/site-packages/airflow/example_dags/example_bash_operator.py took 0.339 seconds
[2024-03-09T07:22:26.631+0000] {processor.py:161} INFO - Started process (PID=1741) to work on /home/airflow/.local/lib/python3.8/site-packages/airflow/example_dags/example_bash_operator.py
[2024-03-09T07:22:26.633+0000] {processor.py:830} INFO - Processing file /home/airflow/.local/lib/python3.8/site-packages/airflow/example_dags/example_bash_operator.py for tasks to queue
[2024-03-09T07:22:26.639+0000] {logging_mixin.py:188} INFO - [2024-03-09T07:22:26.638+0000] {dagbag.py:540} INFO - Filling up the DagBag from /home/airflow/.local/lib/python3.8/site-packages/airflow/example_dags/example_bash_operator.py
[2024-03-09T07:22:26.678+0000] {processor.py:840} INFO - DAG(s) 'example_bash_operator' retrieved from /home/airflow/.local/lib/python3.8/site-packages/airflow/example_dags/example_bash_operator.py
[2024-03-09T07:22:26.780+0000] {logging_mixin.py:188} INFO - [2024-03-09T07:22:26.779+0000] {dag.py:3047} INFO - Sync 1 DAGs
[2024-03-09T07:22:26.850+0000] {logging_mixin.py:188} INFO - [2024-03-09T07:22:26.850+0000] {dag.py:3834} INFO - Setting next_dagrun for example_bash_operator to 2024-03-08 00:00:00+00:00, run_after=2024-03-09 00:00:00+00:00
[2024-03-09T07:22:26.902+0000] {processor.py:183} INFO - Processing /home/airflow/.local/lib/python3.8/site-packages/airflow/example_dags/example_bash_operator.py took 0.279 seconds
[2024-03-09T07:22:58.650+0000] {processor.py:161} INFO - Started process (PID=1796) to work on /home/airflow/.local/lib/python3.8/site-packages/airflow/example_dags/example_bash_operator.py
[2024-03-09T07:22:58.653+0000] {processor.py:830} INFO - Processing file /home/airflow/.local/lib/python3.8/site-packages/airflow/example_dags/example_bash_operator.py for tasks to queue
[2024-03-09T07:22:58.658+0000] {logging_mixin.py:188} INFO - [2024-03-09T07:22:58.657+0000] {dagbag.py:540} INFO - Filling up the DagBag from /home/airflow/.local/lib/python3.8/site-packages/airflow/example_dags/example_bash_operator.py
[2024-03-09T07:22:58.688+0000] {processor.py:840} INFO - DAG(s) 'example_bash_operator' retrieved from /home/airflow/.local/lib/python3.8/site-packages/airflow/example_dags/example_bash_operator.py
[2024-03-09T07:22:58.774+0000] {logging_mixin.py:188} INFO - [2024-03-09T07:22:58.774+0000] {dag.py:3047} INFO - Sync 1 DAGs
[2024-03-09T07:22:58.863+0000] {logging_mixin.py:188} INFO - [2024-03-09T07:22:58.862+0000] {dag.py:3834} INFO - Setting next_dagrun for example_bash_operator to 2024-03-08 00:00:00+00:00, run_after=2024-03-09 00:00:00+00:00
[2024-03-09T07:22:58.913+0000] {processor.py:183} INFO - Processing /home/airflow/.local/lib/python3.8/site-packages/airflow/example_dags/example_bash_operator.py took 0.273 seconds
[2024-03-09T07:23:29.619+0000] {processor.py:161} INFO - Started process (PID=1851) to work on /home/airflow/.local/lib/python3.8/site-packages/airflow/example_dags/example_bash_operator.py
[2024-03-09T07:23:29.624+0000] {processor.py:830} INFO - Processing file /home/airflow/.local/lib/python3.8/site-packages/airflow/example_dags/example_bash_operator.py for tasks to queue
[2024-03-09T07:23:29.631+0000] {logging_mixin.py:188} INFO - [2024-03-09T07:23:29.630+0000] {dagbag.py:540} INFO - Filling up the DagBag from /home/airflow/.local/lib/python3.8/site-packages/airflow/example_dags/example_bash_operator.py
[2024-03-09T07:23:29.672+0000] {processor.py:840} INFO - DAG(s) 'example_bash_operator' retrieved from /home/airflow/.local/lib/python3.8/site-packages/airflow/example_dags/example_bash_operator.py
[2024-03-09T07:23:29.810+0000] {logging_mixin.py:188} INFO - [2024-03-09T07:23:29.808+0000] {dag.py:3047} INFO - Sync 1 DAGs
[2024-03-09T07:23:29.913+0000] {logging_mixin.py:188} INFO - [2024-03-09T07:23:29.912+0000] {dag.py:3834} INFO - Setting next_dagrun for example_bash_operator to 2024-03-08 00:00:00+00:00, run_after=2024-03-09 00:00:00+00:00
[2024-03-09T07:23:29.979+0000] {processor.py:183} INFO - Processing /home/airflow/.local/lib/python3.8/site-packages/airflow/example_dags/example_bash_operator.py took 0.370 seconds
[2024-03-09T07:24:01.149+0000] {processor.py:161} INFO - Started process (PID=1906) to work on /home/airflow/.local/lib/python3.8/site-packages/airflow/example_dags/example_bash_operator.py
[2024-03-09T07:24:01.151+0000] {processor.py:830} INFO - Processing file /home/airflow/.local/lib/python3.8/site-packages/airflow/example_dags/example_bash_operator.py for tasks to queue
[2024-03-09T07:24:01.156+0000] {logging_mixin.py:188} INFO - [2024-03-09T07:24:01.155+0000] {dagbag.py:540} INFO - Filling up the DagBag from /home/airflow/.local/lib/python3.8/site-packages/airflow/example_dags/example_bash_operator.py
[2024-03-09T07:24:01.199+0000] {processor.py:840} INFO - DAG(s) 'example_bash_operator' retrieved from /home/airflow/.local/lib/python3.8/site-packages/airflow/example_dags/example_bash_operator.py
[2024-03-09T07:24:01.280+0000] {logging_mixin.py:188} INFO - [2024-03-09T07:24:01.279+0000] {dag.py:3047} INFO - Sync 1 DAGs
[2024-03-09T07:24:01.342+0000] {logging_mixin.py:188} INFO - [2024-03-09T07:24:01.341+0000] {dag.py:3834} INFO - Setting next_dagrun for example_bash_operator to 2024-03-08 00:00:00+00:00, run_after=2024-03-09 00:00:00+00:00
[2024-03-09T07:24:01.384+0000] {processor.py:183} INFO - Processing /home/airflow/.local/lib/python3.8/site-packages/airflow/example_dags/example_bash_operator.py took 0.248 seconds
[2024-03-09T07:24:31.477+0000] {processor.py:161} INFO - Started process (PID=1959) to work on /home/airflow/.local/lib/python3.8/site-packages/airflow/example_dags/example_bash_operator.py
[2024-03-09T07:24:31.480+0000] {processor.py:830} INFO - Processing file /home/airflow/.local/lib/python3.8/site-packages/airflow/example_dags/example_bash_operator.py for tasks to queue
[2024-03-09T07:24:31.486+0000] {logging_mixin.py:188} INFO - [2024-03-09T07:24:31.486+0000] {dagbag.py:540} INFO - Filling up the DagBag from /home/airflow/.local/lib/python3.8/site-packages/airflow/example_dags/example_bash_operator.py
[2024-03-09T07:24:31.529+0000] {processor.py:840} INFO - DAG(s) 'example_bash_operator' retrieved from /home/airflow/.local/lib/python3.8/site-packages/airflow/example_dags/example_bash_operator.py
[2024-03-09T07:24:31.639+0000] {logging_mixin.py:188} INFO - [2024-03-09T07:24:31.639+0000] {dag.py:3047} INFO - Sync 1 DAGs
[2024-03-09T07:24:31.733+0000] {logging_mixin.py:188} INFO - [2024-03-09T07:24:31.731+0000] {dag.py:3834} INFO - Setting next_dagrun for example_bash_operator to 2024-03-08 00:00:00+00:00, run_after=2024-03-09 00:00:00+00:00
[2024-03-09T07:24:31.821+0000] {processor.py:183} INFO - Processing /home/airflow/.local/lib/python3.8/site-packages/airflow/example_dags/example_bash_operator.py took 0.357 seconds
[2024-03-09T07:25:02.057+0000] {processor.py:161} INFO - Started process (PID=2014) to work on /home/airflow/.local/lib/python3.8/site-packages/airflow/example_dags/example_bash_operator.py
[2024-03-09T07:25:02.060+0000] {processor.py:830} INFO - Processing file /home/airflow/.local/lib/python3.8/site-packages/airflow/example_dags/example_bash_operator.py for tasks to queue
[2024-03-09T07:25:02.065+0000] {logging_mixin.py:188} INFO - [2024-03-09T07:25:02.064+0000] {dagbag.py:540} INFO - Filling up the DagBag from /home/airflow/.local/lib/python3.8/site-packages/airflow/example_dags/example_bash_operator.py
[2024-03-09T07:25:02.102+0000] {processor.py:840} INFO - DAG(s) 'example_bash_operator' retrieved from /home/airflow/.local/lib/python3.8/site-packages/airflow/example_dags/example_bash_operator.py
[2024-03-09T07:25:02.223+0000] {logging_mixin.py:188} INFO - [2024-03-09T07:25:02.222+0000] {dag.py:3047} INFO - Sync 1 DAGs
[2024-03-09T07:25:02.299+0000] {logging_mixin.py:188} INFO - [2024-03-09T07:25:02.298+0000] {dag.py:3834} INFO - Setting next_dagrun for example_bash_operator to 2024-03-08 00:00:00+00:00, run_after=2024-03-09 00:00:00+00:00
[2024-03-09T07:25:02.361+0000] {processor.py:183} INFO - Processing /home/airflow/.local/lib/python3.8/site-packages/airflow/example_dags/example_bash_operator.py took 0.313 seconds
[2024-03-09T07:25:32.613+0000] {processor.py:161} INFO - Started process (PID=2069) to work on /home/airflow/.local/lib/python3.8/site-packages/airflow/example_dags/example_bash_operator.py
[2024-03-09T07:25:32.616+0000] {processor.py:830} INFO - Processing file /home/airflow/.local/lib/python3.8/site-packages/airflow/example_dags/example_bash_operator.py for tasks to queue
[2024-03-09T07:25:32.622+0000] {logging_mixin.py:188} INFO - [2024-03-09T07:25:32.622+0000] {dagbag.py:540} INFO - Filling up the DagBag from /home/airflow/.local/lib/python3.8/site-packages/airflow/example_dags/example_bash_operator.py
[2024-03-09T07:25:32.662+0000] {processor.py:840} INFO - DAG(s) 'example_bash_operator' retrieved from /home/airflow/.local/lib/python3.8/site-packages/airflow/example_dags/example_bash_operator.py
[2024-03-09T07:25:32.743+0000] {logging_mixin.py:188} INFO - [2024-03-09T07:25:32.742+0000] {dag.py:3047} INFO - Sync 1 DAGs
[2024-03-09T07:25:32.813+0000] {logging_mixin.py:188} INFO - [2024-03-09T07:25:32.813+0000] {dag.py:3834} INFO - Setting next_dagrun for example_bash_operator to 2024-03-08 00:00:00+00:00, run_after=2024-03-09 00:00:00+00:00
[2024-03-09T07:25:32.856+0000] {processor.py:183} INFO - Processing /home/airflow/.local/lib/python3.8/site-packages/airflow/example_dags/example_bash_operator.py took 0.255 seconds
[2024-03-09T07:26:04.131+0000] {processor.py:161} INFO - Started process (PID=2124) to work on /home/airflow/.local/lib/python3.8/site-packages/airflow/example_dags/example_bash_operator.py
[2024-03-09T07:26:04.136+0000] {processor.py:830} INFO - Processing file /home/airflow/.local/lib/python3.8/site-packages/airflow/example_dags/example_bash_operator.py for tasks to queue
[2024-03-09T07:26:04.147+0000] {logging_mixin.py:188} INFO - [2024-03-09T07:26:04.145+0000] {dagbag.py:540} INFO - Filling up the DagBag from /home/airflow/.local/lib/python3.8/site-packages/airflow/example_dags/example_bash_operator.py
[2024-03-09T07:26:04.213+0000] {processor.py:840} INFO - DAG(s) 'example_bash_operator' retrieved from /home/airflow/.local/lib/python3.8/site-packages/airflow/example_dags/example_bash_operator.py
[2024-03-09T07:26:04.385+0000] {logging_mixin.py:188} INFO - [2024-03-09T07:26:04.384+0000] {dag.py:3047} INFO - Sync 1 DAGs
[2024-03-09T07:26:04.515+0000] {logging_mixin.py:188} INFO - [2024-03-09T07:26:04.514+0000] {dag.py:3834} INFO - Setting next_dagrun for example_bash_operator to 2024-03-08 00:00:00+00:00, run_after=2024-03-09 00:00:00+00:00
[2024-03-09T07:26:04.680+0000] {processor.py:183} INFO - Processing /home/airflow/.local/lib/python3.8/site-packages/airflow/example_dags/example_bash_operator.py took 0.566 seconds
[2024-03-09T07:26:35.657+0000] {processor.py:161} INFO - Started process (PID=2179) to work on /home/airflow/.local/lib/python3.8/site-packages/airflow/example_dags/example_bash_operator.py
[2024-03-09T07:26:35.664+0000] {processor.py:830} INFO - Processing file /home/airflow/.local/lib/python3.8/site-packages/airflow/example_dags/example_bash_operator.py for tasks to queue
[2024-03-09T07:26:35.675+0000] {logging_mixin.py:188} INFO - [2024-03-09T07:26:35.673+0000] {dagbag.py:540} INFO - Filling up the DagBag from /home/airflow/.local/lib/python3.8/site-packages/airflow/example_dags/example_bash_operator.py
[2024-03-09T07:26:35.754+0000] {processor.py:840} INFO - DAG(s) 'example_bash_operator' retrieved from /home/airflow/.local/lib/python3.8/site-packages/airflow/example_dags/example_bash_operator.py
[2024-03-09T07:26:35.916+0000] {logging_mixin.py:188} INFO - [2024-03-09T07:26:35.915+0000] {dag.py:3047} INFO - Sync 1 DAGs
[2024-03-09T07:26:35.978+0000] {logging_mixin.py:188} INFO - [2024-03-09T07:26:35.977+0000] {dag.py:3834} INFO - Setting next_dagrun for example_bash_operator to 2024-03-08 00:00:00+00:00, run_after=2024-03-09 00:00:00+00:00
[2024-03-09T07:26:36.036+0000] {processor.py:183} INFO - Processing /home/airflow/.local/lib/python3.8/site-packages/airflow/example_dags/example_bash_operator.py took 0.401 seconds
