[2024-03-09T07:07:03.188+0000] {processor.py:161} INFO - Started process (PID=95) to work on /home/airflow/.local/lib/python3.8/site-packages/airflow/example_dags/example_sensor_decorator.py
[2024-03-09T07:07:03.199+0000] {processor.py:830} INFO - Processing file /home/airflow/.local/lib/python3.8/site-packages/airflow/example_dags/example_sensor_decorator.py for tasks to queue
[2024-03-09T07:07:03.206+0000] {logging_mixin.py:188} INFO - [2024-03-09T07:07:03.204+0000] {dagbag.py:540} INFO - Filling up the DagBag from /home/airflow/.local/lib/python3.8/site-packages/airflow/example_dags/example_sensor_decorator.py
[2024-03-09T07:07:03.260+0000] {processor.py:840} INFO - DAG(s) 'example_sensor_decorator' retrieved from /home/airflow/.local/lib/python3.8/site-packages/airflow/example_dags/example_sensor_decorator.py
[2024-03-09T07:07:05.349+0000] {logging_mixin.py:188} INFO - [2024-03-09T07:07:05.348+0000] {dag.py:3047} INFO - Sync 1 DAGs
[2024-03-09T07:07:05.463+0000] {logging_mixin.py:188} INFO - [2024-03-09T07:07:05.462+0000] {dag.py:3834} INFO - Setting next_dagrun for example_sensor_decorator to None, run_after=None
[2024-03-09T07:07:05.795+0000] {processor.py:183} INFO - Processing /home/airflow/.local/lib/python3.8/site-packages/airflow/example_dags/example_sensor_decorator.py took 2.628 seconds
[2024-03-09T07:07:36.216+0000] {processor.py:161} INFO - Started process (PID=156) to work on /home/airflow/.local/lib/python3.8/site-packages/airflow/example_dags/example_sensor_decorator.py
[2024-03-09T07:07:36.218+0000] {processor.py:830} INFO - Processing file /home/airflow/.local/lib/python3.8/site-packages/airflow/example_dags/example_sensor_decorator.py for tasks to queue
[2024-03-09T07:07:36.223+0000] {logging_mixin.py:188} INFO - [2024-03-09T07:07:36.222+0000] {dagbag.py:540} INFO - Filling up the DagBag from /home/airflow/.local/lib/python3.8/site-packages/airflow/example_dags/example_sensor_decorator.py
[2024-03-09T07:07:36.241+0000] {processor.py:840} INFO - DAG(s) 'example_sensor_decorator' retrieved from /home/airflow/.local/lib/python3.8/site-packages/airflow/example_dags/example_sensor_decorator.py
[2024-03-09T07:07:36.296+0000] {logging_mixin.py:188} INFO - [2024-03-09T07:07:36.295+0000] {dag.py:3047} INFO - Sync 1 DAGs
[2024-03-09T07:07:36.337+0000] {logging_mixin.py:188} INFO - [2024-03-09T07:07:36.336+0000] {dag.py:3834} INFO - Setting next_dagrun for example_sensor_decorator to None, run_after=None
[2024-03-09T07:07:36.405+0000] {processor.py:183} INFO - Processing /home/airflow/.local/lib/python3.8/site-packages/airflow/example_dags/example_sensor_decorator.py took 0.197 seconds
[2024-03-09T07:08:07.086+0000] {processor.py:161} INFO - Started process (PID=211) to work on /home/airflow/.local/lib/python3.8/site-packages/airflow/example_dags/example_sensor_decorator.py
[2024-03-09T07:08:07.091+0000] {processor.py:830} INFO - Processing file /home/airflow/.local/lib/python3.8/site-packages/airflow/example_dags/example_sensor_decorator.py for tasks to queue
[2024-03-09T07:08:07.097+0000] {logging_mixin.py:188} INFO - [2024-03-09T07:08:07.096+0000] {dagbag.py:540} INFO - Filling up the DagBag from /home/airflow/.local/lib/python3.8/site-packages/airflow/example_dags/example_sensor_decorator.py
[2024-03-09T07:08:07.128+0000] {processor.py:840} INFO - DAG(s) 'example_sensor_decorator' retrieved from /home/airflow/.local/lib/python3.8/site-packages/airflow/example_dags/example_sensor_decorator.py
[2024-03-09T07:08:07.224+0000] {logging_mixin.py:188} INFO - [2024-03-09T07:08:07.223+0000] {dag.py:3047} INFO - Sync 1 DAGs
[2024-03-09T07:08:07.274+0000] {logging_mixin.py:188} INFO - [2024-03-09T07:08:07.273+0000] {dag.py:3834} INFO - Setting next_dagrun for example_sensor_decorator to None, run_after=None
[2024-03-09T07:08:07.361+0000] {processor.py:183} INFO - Processing /home/airflow/.local/lib/python3.8/site-packages/airflow/example_dags/example_sensor_decorator.py took 0.286 seconds
[2024-03-09T07:08:37.777+0000] {processor.py:161} INFO - Started process (PID=266) to work on /home/airflow/.local/lib/python3.8/site-packages/airflow/example_dags/example_sensor_decorator.py
[2024-03-09T07:08:37.781+0000] {processor.py:830} INFO - Processing file /home/airflow/.local/lib/python3.8/site-packages/airflow/example_dags/example_sensor_decorator.py for tasks to queue
[2024-03-09T07:08:37.789+0000] {logging_mixin.py:188} INFO - [2024-03-09T07:08:37.788+0000] {dagbag.py:540} INFO - Filling up the DagBag from /home/airflow/.local/lib/python3.8/site-packages/airflow/example_dags/example_sensor_decorator.py
[2024-03-09T07:08:37.807+0000] {processor.py:840} INFO - DAG(s) 'example_sensor_decorator' retrieved from /home/airflow/.local/lib/python3.8/site-packages/airflow/example_dags/example_sensor_decorator.py
[2024-03-09T07:08:38.503+0000] {logging_mixin.py:188} INFO - [2024-03-09T07:08:38.502+0000] {dag.py:3047} INFO - Sync 1 DAGs
[2024-03-09T07:08:38.641+0000] {logging_mixin.py:188} INFO - [2024-03-09T07:08:38.641+0000] {dag.py:3834} INFO - Setting next_dagrun for example_sensor_decorator to None, run_after=None
[2024-03-09T07:08:38.742+0000] {processor.py:183} INFO - Processing /home/airflow/.local/lib/python3.8/site-packages/airflow/example_dags/example_sensor_decorator.py took 0.974 seconds
[2024-03-09T07:09:09.264+0000] {processor.py:161} INFO - Started process (PID=321) to work on /home/airflow/.local/lib/python3.8/site-packages/airflow/example_dags/example_sensor_decorator.py
[2024-03-09T07:09:09.268+0000] {processor.py:830} INFO - Processing file /home/airflow/.local/lib/python3.8/site-packages/airflow/example_dags/example_sensor_decorator.py for tasks to queue
[2024-03-09T07:09:09.275+0000] {logging_mixin.py:188} INFO - [2024-03-09T07:09:09.273+0000] {dagbag.py:540} INFO - Filling up the DagBag from /home/airflow/.local/lib/python3.8/site-packages/airflow/example_dags/example_sensor_decorator.py
[2024-03-09T07:09:09.299+0000] {processor.py:840} INFO - DAG(s) 'example_sensor_decorator' retrieved from /home/airflow/.local/lib/python3.8/site-packages/airflow/example_dags/example_sensor_decorator.py
[2024-03-09T07:09:09.390+0000] {logging_mixin.py:188} INFO - [2024-03-09T07:09:09.387+0000] {dag.py:3047} INFO - Sync 1 DAGs
[2024-03-09T07:09:09.452+0000] {logging_mixin.py:188} INFO - [2024-03-09T07:09:09.451+0000] {dag.py:3834} INFO - Setting next_dagrun for example_sensor_decorator to None, run_after=None
[2024-03-09T07:09:09.501+0000] {processor.py:183} INFO - Processing /home/airflow/.local/lib/python3.8/site-packages/airflow/example_dags/example_sensor_decorator.py took 0.255 seconds
[2024-03-09T07:09:39.906+0000] {processor.py:161} INFO - Started process (PID=376) to work on /home/airflow/.local/lib/python3.8/site-packages/airflow/example_dags/example_sensor_decorator.py
[2024-03-09T07:09:39.915+0000] {processor.py:830} INFO - Processing file /home/airflow/.local/lib/python3.8/site-packages/airflow/example_dags/example_sensor_decorator.py for tasks to queue
[2024-03-09T07:09:39.927+0000] {logging_mixin.py:188} INFO - [2024-03-09T07:09:39.925+0000] {dagbag.py:540} INFO - Filling up the DagBag from /home/airflow/.local/lib/python3.8/site-packages/airflow/example_dags/example_sensor_decorator.py
[2024-03-09T07:09:39.961+0000] {processor.py:840} INFO - DAG(s) 'example_sensor_decorator' retrieved from /home/airflow/.local/lib/python3.8/site-packages/airflow/example_dags/example_sensor_decorator.py
[2024-03-09T07:09:40.078+0000] {logging_mixin.py:188} INFO - [2024-03-09T07:09:40.077+0000] {dag.py:3047} INFO - Sync 1 DAGs
[2024-03-09T07:09:40.150+0000] {logging_mixin.py:188} INFO - [2024-03-09T07:09:40.149+0000] {dag.py:3834} INFO - Setting next_dagrun for example_sensor_decorator to None, run_after=None
[2024-03-09T07:09:40.259+0000] {processor.py:183} INFO - Processing /home/airflow/.local/lib/python3.8/site-packages/airflow/example_dags/example_sensor_decorator.py took 0.371 seconds
[2024-03-09T07:10:10.890+0000] {processor.py:161} INFO - Started process (PID=430) to work on /home/airflow/.local/lib/python3.8/site-packages/airflow/example_dags/example_sensor_decorator.py
[2024-03-09T07:10:10.894+0000] {processor.py:830} INFO - Processing file /home/airflow/.local/lib/python3.8/site-packages/airflow/example_dags/example_sensor_decorator.py for tasks to queue
[2024-03-09T07:10:10.904+0000] {logging_mixin.py:188} INFO - [2024-03-09T07:10:10.903+0000] {dagbag.py:540} INFO - Filling up the DagBag from /home/airflow/.local/lib/python3.8/site-packages/airflow/example_dags/example_sensor_decorator.py
[2024-03-09T07:10:10.932+0000] {processor.py:840} INFO - DAG(s) 'example_sensor_decorator' retrieved from /home/airflow/.local/lib/python3.8/site-packages/airflow/example_dags/example_sensor_decorator.py
[2024-03-09T07:10:11.016+0000] {logging_mixin.py:188} INFO - [2024-03-09T07:10:11.015+0000] {dag.py:3047} INFO - Sync 1 DAGs
[2024-03-09T07:10:11.071+0000] {logging_mixin.py:188} INFO - [2024-03-09T07:10:11.070+0000] {dag.py:3834} INFO - Setting next_dagrun for example_sensor_decorator to None, run_after=None
[2024-03-09T07:10:11.148+0000] {processor.py:183} INFO - Processing /home/airflow/.local/lib/python3.8/site-packages/airflow/example_dags/example_sensor_decorator.py took 0.279 seconds
[2024-03-09T07:10:41.951+0000] {processor.py:161} INFO - Started process (PID=485) to work on /home/airflow/.local/lib/python3.8/site-packages/airflow/example_dags/example_sensor_decorator.py
[2024-03-09T07:10:41.957+0000] {processor.py:830} INFO - Processing file /home/airflow/.local/lib/python3.8/site-packages/airflow/example_dags/example_sensor_decorator.py for tasks to queue
[2024-03-09T07:10:41.966+0000] {logging_mixin.py:188} INFO - [2024-03-09T07:10:41.965+0000] {dagbag.py:540} INFO - Filling up the DagBag from /home/airflow/.local/lib/python3.8/site-packages/airflow/example_dags/example_sensor_decorator.py
[2024-03-09T07:10:42.001+0000] {processor.py:840} INFO - DAG(s) 'example_sensor_decorator' retrieved from /home/airflow/.local/lib/python3.8/site-packages/airflow/example_dags/example_sensor_decorator.py
[2024-03-09T07:10:42.103+0000] {logging_mixin.py:188} INFO - [2024-03-09T07:10:42.102+0000] {dag.py:3047} INFO - Sync 1 DAGs
[2024-03-09T07:10:42.166+0000] {logging_mixin.py:188} INFO - [2024-03-09T07:10:42.165+0000] {dag.py:3834} INFO - Setting next_dagrun for example_sensor_decorator to None, run_after=None
[2024-03-09T07:10:42.255+0000] {processor.py:183} INFO - Processing /home/airflow/.local/lib/python3.8/site-packages/airflow/example_dags/example_sensor_decorator.py took 0.320 seconds
[2024-03-09T07:11:12.769+0000] {processor.py:161} INFO - Started process (PID=540) to work on /home/airflow/.local/lib/python3.8/site-packages/airflow/example_dags/example_sensor_decorator.py
[2024-03-09T07:11:12.776+0000] {processor.py:830} INFO - Processing file /home/airflow/.local/lib/python3.8/site-packages/airflow/example_dags/example_sensor_decorator.py for tasks to queue
[2024-03-09T07:11:12.786+0000] {logging_mixin.py:188} INFO - [2024-03-09T07:11:12.784+0000] {dagbag.py:540} INFO - Filling up the DagBag from /home/airflow/.local/lib/python3.8/site-packages/airflow/example_dags/example_sensor_decorator.py
[2024-03-09T07:11:12.819+0000] {processor.py:840} INFO - DAG(s) 'example_sensor_decorator' retrieved from /home/airflow/.local/lib/python3.8/site-packages/airflow/example_dags/example_sensor_decorator.py
[2024-03-09T07:11:12.892+0000] {logging_mixin.py:188} INFO - [2024-03-09T07:11:12.891+0000] {dag.py:3047} INFO - Sync 1 DAGs
[2024-03-09T07:11:12.940+0000] {logging_mixin.py:188} INFO - [2024-03-09T07:11:12.939+0000] {dag.py:3834} INFO - Setting next_dagrun for example_sensor_decorator to None, run_after=None
[2024-03-09T07:11:13.010+0000] {processor.py:183} INFO - Processing /home/airflow/.local/lib/python3.8/site-packages/airflow/example_dags/example_sensor_decorator.py took 0.258 seconds
[2024-03-09T07:11:43.605+0000] {processor.py:161} INFO - Started process (PID=595) to work on /home/airflow/.local/lib/python3.8/site-packages/airflow/example_dags/example_sensor_decorator.py
[2024-03-09T07:11:43.611+0000] {processor.py:830} INFO - Processing file /home/airflow/.local/lib/python3.8/site-packages/airflow/example_dags/example_sensor_decorator.py for tasks to queue
[2024-03-09T07:11:43.620+0000] {logging_mixin.py:188} INFO - [2024-03-09T07:11:43.618+0000] {dagbag.py:540} INFO - Filling up the DagBag from /home/airflow/.local/lib/python3.8/site-packages/airflow/example_dags/example_sensor_decorator.py
[2024-03-09T07:11:43.648+0000] {processor.py:840} INFO - DAG(s) 'example_sensor_decorator' retrieved from /home/airflow/.local/lib/python3.8/site-packages/airflow/example_dags/example_sensor_decorator.py
[2024-03-09T07:11:43.745+0000] {logging_mixin.py:188} INFO - [2024-03-09T07:11:43.744+0000] {dag.py:3047} INFO - Sync 1 DAGs
[2024-03-09T07:11:43.821+0000] {logging_mixin.py:188} INFO - [2024-03-09T07:11:43.820+0000] {dag.py:3834} INFO - Setting next_dagrun for example_sensor_decorator to None, run_after=None
[2024-03-09T07:11:43.891+0000] {processor.py:183} INFO - Processing /home/airflow/.local/lib/python3.8/site-packages/airflow/example_dags/example_sensor_decorator.py took 0.301 seconds
[2024-03-09T07:12:14.687+0000] {processor.py:161} INFO - Started process (PID=650) to work on /home/airflow/.local/lib/python3.8/site-packages/airflow/example_dags/example_sensor_decorator.py
[2024-03-09T07:12:14.695+0000] {processor.py:830} INFO - Processing file /home/airflow/.local/lib/python3.8/site-packages/airflow/example_dags/example_sensor_decorator.py for tasks to queue
[2024-03-09T07:12:14.709+0000] {logging_mixin.py:188} INFO - [2024-03-09T07:12:14.707+0000] {dagbag.py:540} INFO - Filling up the DagBag from /home/airflow/.local/lib/python3.8/site-packages/airflow/example_dags/example_sensor_decorator.py
[2024-03-09T07:12:14.747+0000] {processor.py:840} INFO - DAG(s) 'example_sensor_decorator' retrieved from /home/airflow/.local/lib/python3.8/site-packages/airflow/example_dags/example_sensor_decorator.py
[2024-03-09T07:12:14.869+0000] {logging_mixin.py:188} INFO - [2024-03-09T07:12:14.867+0000] {dag.py:3047} INFO - Sync 1 DAGs
[2024-03-09T07:12:14.942+0000] {logging_mixin.py:188} INFO - [2024-03-09T07:12:14.941+0000] {dag.py:3834} INFO - Setting next_dagrun for example_sensor_decorator to None, run_after=None
[2024-03-09T07:12:15.044+0000] {processor.py:183} INFO - Processing /home/airflow/.local/lib/python3.8/site-packages/airflow/example_dags/example_sensor_decorator.py took 0.380 seconds
[2024-03-09T07:12:45.319+0000] {processor.py:161} INFO - Started process (PID=704) to work on /home/airflow/.local/lib/python3.8/site-packages/airflow/example_dags/example_sensor_decorator.py
[2024-03-09T07:12:45.322+0000] {processor.py:830} INFO - Processing file /home/airflow/.local/lib/python3.8/site-packages/airflow/example_dags/example_sensor_decorator.py for tasks to queue
[2024-03-09T07:12:45.326+0000] {logging_mixin.py:188} INFO - [2024-03-09T07:12:45.325+0000] {dagbag.py:540} INFO - Filling up the DagBag from /home/airflow/.local/lib/python3.8/site-packages/airflow/example_dags/example_sensor_decorator.py
[2024-03-09T07:12:45.346+0000] {processor.py:840} INFO - DAG(s) 'example_sensor_decorator' retrieved from /home/airflow/.local/lib/python3.8/site-packages/airflow/example_dags/example_sensor_decorator.py
[2024-03-09T07:12:45.406+0000] {logging_mixin.py:188} INFO - [2024-03-09T07:12:45.405+0000] {dag.py:3047} INFO - Sync 1 DAGs
[2024-03-09T07:12:45.443+0000] {logging_mixin.py:188} INFO - [2024-03-09T07:12:45.442+0000] {dag.py:3834} INFO - Setting next_dagrun for example_sensor_decorator to None, run_after=None
[2024-03-09T07:12:45.496+0000] {processor.py:183} INFO - Processing /home/airflow/.local/lib/python3.8/site-packages/airflow/example_dags/example_sensor_decorator.py took 0.185 seconds
[2024-03-09T07:13:16.224+0000] {processor.py:161} INFO - Started process (PID=758) to work on /home/airflow/.local/lib/python3.8/site-packages/airflow/example_dags/example_sensor_decorator.py
[2024-03-09T07:13:16.231+0000] {processor.py:830} INFO - Processing file /home/airflow/.local/lib/python3.8/site-packages/airflow/example_dags/example_sensor_decorator.py for tasks to queue
[2024-03-09T07:13:16.243+0000] {logging_mixin.py:188} INFO - [2024-03-09T07:13:16.242+0000] {dagbag.py:540} INFO - Filling up the DagBag from /home/airflow/.local/lib/python3.8/site-packages/airflow/example_dags/example_sensor_decorator.py
[2024-03-09T07:13:16.279+0000] {processor.py:840} INFO - DAG(s) 'example_sensor_decorator' retrieved from /home/airflow/.local/lib/python3.8/site-packages/airflow/example_dags/example_sensor_decorator.py
[2024-03-09T07:13:16.347+0000] {logging_mixin.py:188} INFO - [2024-03-09T07:13:16.346+0000] {dag.py:3047} INFO - Sync 1 DAGs
[2024-03-09T07:13:16.398+0000] {logging_mixin.py:188} INFO - [2024-03-09T07:13:16.397+0000] {dag.py:3834} INFO - Setting next_dagrun for example_sensor_decorator to None, run_after=None
[2024-03-09T07:13:16.452+0000] {processor.py:183} INFO - Processing /home/airflow/.local/lib/python3.8/site-packages/airflow/example_dags/example_sensor_decorator.py took 0.249 seconds
[2024-03-09T07:13:46.718+0000] {processor.py:161} INFO - Started process (PID=813) to work on /home/airflow/.local/lib/python3.8/site-packages/airflow/example_dags/example_sensor_decorator.py
[2024-03-09T07:13:46.723+0000] {processor.py:830} INFO - Processing file /home/airflow/.local/lib/python3.8/site-packages/airflow/example_dags/example_sensor_decorator.py for tasks to queue
[2024-03-09T07:13:46.734+0000] {logging_mixin.py:188} INFO - [2024-03-09T07:13:46.732+0000] {dagbag.py:540} INFO - Filling up the DagBag from /home/airflow/.local/lib/python3.8/site-packages/airflow/example_dags/example_sensor_decorator.py
[2024-03-09T07:13:46.769+0000] {processor.py:840} INFO - DAG(s) 'example_sensor_decorator' retrieved from /home/airflow/.local/lib/python3.8/site-packages/airflow/example_dags/example_sensor_decorator.py
[2024-03-09T07:13:46.885+0000] {logging_mixin.py:188} INFO - [2024-03-09T07:13:46.884+0000] {dag.py:3047} INFO - Sync 1 DAGs
[2024-03-09T07:13:46.954+0000] {logging_mixin.py:188} INFO - [2024-03-09T07:13:46.953+0000] {dag.py:3834} INFO - Setting next_dagrun for example_sensor_decorator to None, run_after=None
[2024-03-09T07:13:47.052+0000] {processor.py:183} INFO - Processing /home/airflow/.local/lib/python3.8/site-packages/airflow/example_dags/example_sensor_decorator.py took 0.351 seconds
[2024-03-09T07:14:17.722+0000] {processor.py:161} INFO - Started process (PID=868) to work on /home/airflow/.local/lib/python3.8/site-packages/airflow/example_dags/example_sensor_decorator.py
[2024-03-09T07:14:17.727+0000] {processor.py:830} INFO - Processing file /home/airflow/.local/lib/python3.8/site-packages/airflow/example_dags/example_sensor_decorator.py for tasks to queue
[2024-03-09T07:14:17.739+0000] {logging_mixin.py:188} INFO - [2024-03-09T07:14:17.737+0000] {dagbag.py:540} INFO - Filling up the DagBag from /home/airflow/.local/lib/python3.8/site-packages/airflow/example_dags/example_sensor_decorator.py
[2024-03-09T07:14:17.773+0000] {processor.py:840} INFO - DAG(s) 'example_sensor_decorator' retrieved from /home/airflow/.local/lib/python3.8/site-packages/airflow/example_dags/example_sensor_decorator.py
[2024-03-09T07:14:17.883+0000] {logging_mixin.py:188} INFO - [2024-03-09T07:14:17.882+0000] {dag.py:3047} INFO - Sync 1 DAGs
[2024-03-09T07:14:17.954+0000] {logging_mixin.py:188} INFO - [2024-03-09T07:14:17.952+0000] {dag.py:3834} INFO - Setting next_dagrun for example_sensor_decorator to None, run_after=None
[2024-03-09T07:14:18.063+0000] {processor.py:183} INFO - Processing /home/airflow/.local/lib/python3.8/site-packages/airflow/example_dags/example_sensor_decorator.py took 0.357 seconds
[2024-03-09T07:14:48.948+0000] {processor.py:161} INFO - Started process (PID=923) to work on /home/airflow/.local/lib/python3.8/site-packages/airflow/example_dags/example_sensor_decorator.py
[2024-03-09T07:14:48.952+0000] {processor.py:830} INFO - Processing file /home/airflow/.local/lib/python3.8/site-packages/airflow/example_dags/example_sensor_decorator.py for tasks to queue
[2024-03-09T07:14:48.958+0000] {logging_mixin.py:188} INFO - [2024-03-09T07:14:48.957+0000] {dagbag.py:540} INFO - Filling up the DagBag from /home/airflow/.local/lib/python3.8/site-packages/airflow/example_dags/example_sensor_decorator.py
[2024-03-09T07:14:48.981+0000] {processor.py:840} INFO - DAG(s) 'example_sensor_decorator' retrieved from /home/airflow/.local/lib/python3.8/site-packages/airflow/example_dags/example_sensor_decorator.py
[2024-03-09T07:14:49.056+0000] {logging_mixin.py:188} INFO - [2024-03-09T07:14:49.055+0000] {dag.py:3047} INFO - Sync 1 DAGs
[2024-03-09T07:14:49.105+0000] {logging_mixin.py:188} INFO - [2024-03-09T07:14:49.104+0000] {dag.py:3834} INFO - Setting next_dagrun for example_sensor_decorator to None, run_after=None
[2024-03-09T07:14:49.207+0000] {processor.py:183} INFO - Processing /home/airflow/.local/lib/python3.8/site-packages/airflow/example_dags/example_sensor_decorator.py took 0.273 seconds
[2024-03-09T07:15:19.568+0000] {processor.py:161} INFO - Started process (PID=978) to work on /home/airflow/.local/lib/python3.8/site-packages/airflow/example_dags/example_sensor_decorator.py
[2024-03-09T07:15:19.573+0000] {processor.py:830} INFO - Processing file /home/airflow/.local/lib/python3.8/site-packages/airflow/example_dags/example_sensor_decorator.py for tasks to queue
[2024-03-09T07:15:19.580+0000] {logging_mixin.py:188} INFO - [2024-03-09T07:15:19.579+0000] {dagbag.py:540} INFO - Filling up the DagBag from /home/airflow/.local/lib/python3.8/site-packages/airflow/example_dags/example_sensor_decorator.py
[2024-03-09T07:15:19.599+0000] {processor.py:840} INFO - DAG(s) 'example_sensor_decorator' retrieved from /home/airflow/.local/lib/python3.8/site-packages/airflow/example_dags/example_sensor_decorator.py
[2024-03-09T07:15:19.665+0000] {logging_mixin.py:188} INFO - [2024-03-09T07:15:19.665+0000] {dag.py:3047} INFO - Sync 1 DAGs
[2024-03-09T07:15:19.714+0000] {logging_mixin.py:188} INFO - [2024-03-09T07:15:19.714+0000] {dag.py:3834} INFO - Setting next_dagrun for example_sensor_decorator to None, run_after=None
[2024-03-09T07:15:19.770+0000] {processor.py:183} INFO - Processing /home/airflow/.local/lib/python3.8/site-packages/airflow/example_dags/example_sensor_decorator.py took 0.214 seconds
[2024-03-09T07:15:49.968+0000] {processor.py:161} INFO - Started process (PID=1032) to work on /home/airflow/.local/lib/python3.8/site-packages/airflow/example_dags/example_sensor_decorator.py
[2024-03-09T07:15:49.973+0000] {processor.py:830} INFO - Processing file /home/airflow/.local/lib/python3.8/site-packages/airflow/example_dags/example_sensor_decorator.py for tasks to queue
[2024-03-09T07:15:49.986+0000] {logging_mixin.py:188} INFO - [2024-03-09T07:15:49.984+0000] {dagbag.py:540} INFO - Filling up the DagBag from /home/airflow/.local/lib/python3.8/site-packages/airflow/example_dags/example_sensor_decorator.py
[2024-03-09T07:15:50.018+0000] {processor.py:840} INFO - DAG(s) 'example_sensor_decorator' retrieved from /home/airflow/.local/lib/python3.8/site-packages/airflow/example_dags/example_sensor_decorator.py
[2024-03-09T07:15:50.122+0000] {logging_mixin.py:188} INFO - [2024-03-09T07:15:50.121+0000] {dag.py:3047} INFO - Sync 1 DAGs
[2024-03-09T07:15:50.209+0000] {logging_mixin.py:188} INFO - [2024-03-09T07:15:50.207+0000] {dag.py:3834} INFO - Setting next_dagrun for example_sensor_decorator to None, run_after=None
[2024-03-09T07:15:50.321+0000] {processor.py:183} INFO - Processing /home/airflow/.local/lib/python3.8/site-packages/airflow/example_dags/example_sensor_decorator.py took 0.370 seconds
[2024-03-09T07:16:20.550+0000] {processor.py:161} INFO - Started process (PID=1087) to work on /home/airflow/.local/lib/python3.8/site-packages/airflow/example_dags/example_sensor_decorator.py
[2024-03-09T07:16:20.553+0000] {processor.py:830} INFO - Processing file /home/airflow/.local/lib/python3.8/site-packages/airflow/example_dags/example_sensor_decorator.py for tasks to queue
[2024-03-09T07:16:20.559+0000] {logging_mixin.py:188} INFO - [2024-03-09T07:16:20.559+0000] {dagbag.py:540} INFO - Filling up the DagBag from /home/airflow/.local/lib/python3.8/site-packages/airflow/example_dags/example_sensor_decorator.py
[2024-03-09T07:16:20.581+0000] {processor.py:840} INFO - DAG(s) 'example_sensor_decorator' retrieved from /home/airflow/.local/lib/python3.8/site-packages/airflow/example_dags/example_sensor_decorator.py
[2024-03-09T07:16:20.651+0000] {logging_mixin.py:188} INFO - [2024-03-09T07:16:20.651+0000] {dag.py:3047} INFO - Sync 1 DAGs
[2024-03-09T07:16:20.706+0000] {logging_mixin.py:188} INFO - [2024-03-09T07:16:20.705+0000] {dag.py:3834} INFO - Setting next_dagrun for example_sensor_decorator to None, run_after=None
[2024-03-09T07:16:20.782+0000] {processor.py:183} INFO - Processing /home/airflow/.local/lib/python3.8/site-packages/airflow/example_dags/example_sensor_decorator.py took 0.240 seconds
[2024-03-09T07:16:51.597+0000] {processor.py:161} INFO - Started process (PID=1143) to work on /home/airflow/.local/lib/python3.8/site-packages/airflow/example_dags/example_sensor_decorator.py
[2024-03-09T07:16:51.600+0000] {processor.py:830} INFO - Processing file /home/airflow/.local/lib/python3.8/site-packages/airflow/example_dags/example_sensor_decorator.py for tasks to queue
[2024-03-09T07:16:51.605+0000] {logging_mixin.py:188} INFO - [2024-03-09T07:16:51.604+0000] {dagbag.py:540} INFO - Filling up the DagBag from /home/airflow/.local/lib/python3.8/site-packages/airflow/example_dags/example_sensor_decorator.py
[2024-03-09T07:16:51.621+0000] {processor.py:840} INFO - DAG(s) 'example_sensor_decorator' retrieved from /home/airflow/.local/lib/python3.8/site-packages/airflow/example_dags/example_sensor_decorator.py
[2024-03-09T07:16:51.676+0000] {logging_mixin.py:188} INFO - [2024-03-09T07:16:51.675+0000] {dag.py:3047} INFO - Sync 1 DAGs
[2024-03-09T07:16:51.711+0000] {logging_mixin.py:188} INFO - [2024-03-09T07:16:51.710+0000] {dag.py:3834} INFO - Setting next_dagrun for example_sensor_decorator to None, run_after=None
[2024-03-09T07:16:51.769+0000] {processor.py:183} INFO - Processing /home/airflow/.local/lib/python3.8/site-packages/airflow/example_dags/example_sensor_decorator.py took 0.180 seconds
[2024-03-09T07:17:22.211+0000] {processor.py:161} INFO - Started process (PID=1198) to work on /home/airflow/.local/lib/python3.8/site-packages/airflow/example_dags/example_sensor_decorator.py
[2024-03-09T07:17:22.213+0000] {processor.py:830} INFO - Processing file /home/airflow/.local/lib/python3.8/site-packages/airflow/example_dags/example_sensor_decorator.py for tasks to queue
[2024-03-09T07:17:22.219+0000] {logging_mixin.py:188} INFO - [2024-03-09T07:17:22.218+0000] {dagbag.py:540} INFO - Filling up the DagBag from /home/airflow/.local/lib/python3.8/site-packages/airflow/example_dags/example_sensor_decorator.py
[2024-03-09T07:17:22.253+0000] {processor.py:840} INFO - DAG(s) 'example_sensor_decorator' retrieved from /home/airflow/.local/lib/python3.8/site-packages/airflow/example_dags/example_sensor_decorator.py
[2024-03-09T07:17:22.348+0000] {logging_mixin.py:188} INFO - [2024-03-09T07:17:22.347+0000] {dag.py:3047} INFO - Sync 1 DAGs
[2024-03-09T07:17:22.404+0000] {logging_mixin.py:188} INFO - [2024-03-09T07:17:22.403+0000] {dag.py:3834} INFO - Setting next_dagrun for example_sensor_decorator to None, run_after=None
[2024-03-09T07:17:22.459+0000] {processor.py:183} INFO - Processing /home/airflow/.local/lib/python3.8/site-packages/airflow/example_dags/example_sensor_decorator.py took 0.258 seconds
[2024-03-09T07:17:52.722+0000] {processor.py:161} INFO - Started process (PID=1252) to work on /home/airflow/.local/lib/python3.8/site-packages/airflow/example_dags/example_sensor_decorator.py
[2024-03-09T07:17:52.725+0000] {processor.py:830} INFO - Processing file /home/airflow/.local/lib/python3.8/site-packages/airflow/example_dags/example_sensor_decorator.py for tasks to queue
[2024-03-09T07:17:52.731+0000] {logging_mixin.py:188} INFO - [2024-03-09T07:17:52.730+0000] {dagbag.py:540} INFO - Filling up the DagBag from /home/airflow/.local/lib/python3.8/site-packages/airflow/example_dags/example_sensor_decorator.py
[2024-03-09T07:17:52.754+0000] {processor.py:840} INFO - DAG(s) 'example_sensor_decorator' retrieved from /home/airflow/.local/lib/python3.8/site-packages/airflow/example_dags/example_sensor_decorator.py
[2024-03-09T07:17:52.813+0000] {logging_mixin.py:188} INFO - [2024-03-09T07:17:52.813+0000] {dag.py:3047} INFO - Sync 1 DAGs
[2024-03-09T07:17:52.855+0000] {logging_mixin.py:188} INFO - [2024-03-09T07:17:52.854+0000] {dag.py:3834} INFO - Setting next_dagrun for example_sensor_decorator to None, run_after=None
[2024-03-09T07:17:52.910+0000] {processor.py:183} INFO - Processing /home/airflow/.local/lib/python3.8/site-packages/airflow/example_dags/example_sensor_decorator.py took 0.197 seconds
[2024-03-09T07:18:23.171+0000] {processor.py:161} INFO - Started process (PID=1307) to work on /home/airflow/.local/lib/python3.8/site-packages/airflow/example_dags/example_sensor_decorator.py
[2024-03-09T07:18:23.176+0000] {processor.py:830} INFO - Processing file /home/airflow/.local/lib/python3.8/site-packages/airflow/example_dags/example_sensor_decorator.py for tasks to queue
[2024-03-09T07:18:23.186+0000] {logging_mixin.py:188} INFO - [2024-03-09T07:18:23.184+0000] {dagbag.py:540} INFO - Filling up the DagBag from /home/airflow/.local/lib/python3.8/site-packages/airflow/example_dags/example_sensor_decorator.py
[2024-03-09T07:18:23.215+0000] {processor.py:840} INFO - DAG(s) 'example_sensor_decorator' retrieved from /home/airflow/.local/lib/python3.8/site-packages/airflow/example_dags/example_sensor_decorator.py
[2024-03-09T07:18:23.323+0000] {logging_mixin.py:188} INFO - [2024-03-09T07:18:23.322+0000] {dag.py:3047} INFO - Sync 1 DAGs
[2024-03-09T07:18:23.385+0000] {logging_mixin.py:188} INFO - [2024-03-09T07:18:23.384+0000] {dag.py:3834} INFO - Setting next_dagrun for example_sensor_decorator to None, run_after=None
[2024-03-09T07:18:23.444+0000] {processor.py:183} INFO - Processing /home/airflow/.local/lib/python3.8/site-packages/airflow/example_dags/example_sensor_decorator.py took 0.289 seconds
[2024-03-09T07:18:53.971+0000] {processor.py:161} INFO - Started process (PID=1362) to work on /home/airflow/.local/lib/python3.8/site-packages/airflow/example_dags/example_sensor_decorator.py
[2024-03-09T07:18:53.977+0000] {processor.py:830} INFO - Processing file /home/airflow/.local/lib/python3.8/site-packages/airflow/example_dags/example_sensor_decorator.py for tasks to queue
[2024-03-09T07:18:53.989+0000] {logging_mixin.py:188} INFO - [2024-03-09T07:18:53.987+0000] {dagbag.py:540} INFO - Filling up the DagBag from /home/airflow/.local/lib/python3.8/site-packages/airflow/example_dags/example_sensor_decorator.py
[2024-03-09T07:18:54.021+0000] {processor.py:840} INFO - DAG(s) 'example_sensor_decorator' retrieved from /home/airflow/.local/lib/python3.8/site-packages/airflow/example_dags/example_sensor_decorator.py
[2024-03-09T07:18:54.141+0000] {logging_mixin.py:188} INFO - [2024-03-09T07:18:54.140+0000] {dag.py:3047} INFO - Sync 1 DAGs
[2024-03-09T07:18:54.226+0000] {logging_mixin.py:188} INFO - [2024-03-09T07:18:54.225+0000] {dag.py:3834} INFO - Setting next_dagrun for example_sensor_decorator to None, run_after=None
[2024-03-09T07:18:54.284+0000] {processor.py:183} INFO - Processing /home/airflow/.local/lib/python3.8/site-packages/airflow/example_dags/example_sensor_decorator.py took 0.331 seconds
[2024-03-09T07:19:24.700+0000] {processor.py:161} INFO - Started process (PID=1417) to work on /home/airflow/.local/lib/python3.8/site-packages/airflow/example_dags/example_sensor_decorator.py
[2024-03-09T07:19:24.711+0000] {processor.py:830} INFO - Processing file /home/airflow/.local/lib/python3.8/site-packages/airflow/example_dags/example_sensor_decorator.py for tasks to queue
[2024-03-09T07:19:24.727+0000] {logging_mixin.py:188} INFO - [2024-03-09T07:19:24.724+0000] {dagbag.py:540} INFO - Filling up the DagBag from /home/airflow/.local/lib/python3.8/site-packages/airflow/example_dags/example_sensor_decorator.py
[2024-03-09T07:19:24.794+0000] {processor.py:840} INFO - DAG(s) 'example_sensor_decorator' retrieved from /home/airflow/.local/lib/python3.8/site-packages/airflow/example_dags/example_sensor_decorator.py
[2024-03-09T07:19:24.882+0000] {logging_mixin.py:188} INFO - [2024-03-09T07:19:24.882+0000] {dag.py:3047} INFO - Sync 1 DAGs
[2024-03-09T07:19:24.917+0000] {logging_mixin.py:188} INFO - [2024-03-09T07:19:24.916+0000] {dag.py:3834} INFO - Setting next_dagrun for example_sensor_decorator to None, run_after=None
[2024-03-09T07:19:24.979+0000] {processor.py:183} INFO - Processing /home/airflow/.local/lib/python3.8/site-packages/airflow/example_dags/example_sensor_decorator.py took 0.309 seconds
[2024-03-09T07:19:55.771+0000] {processor.py:161} INFO - Started process (PID=1472) to work on /home/airflow/.local/lib/python3.8/site-packages/airflow/example_dags/example_sensor_decorator.py
[2024-03-09T07:19:55.777+0000] {processor.py:830} INFO - Processing file /home/airflow/.local/lib/python3.8/site-packages/airflow/example_dags/example_sensor_decorator.py for tasks to queue
[2024-03-09T07:19:55.787+0000] {logging_mixin.py:188} INFO - [2024-03-09T07:19:55.786+0000] {dagbag.py:540} INFO - Filling up the DagBag from /home/airflow/.local/lib/python3.8/site-packages/airflow/example_dags/example_sensor_decorator.py
[2024-03-09T07:19:55.824+0000] {processor.py:840} INFO - DAG(s) 'example_sensor_decorator' retrieved from /home/airflow/.local/lib/python3.8/site-packages/airflow/example_dags/example_sensor_decorator.py
[2024-03-09T07:19:55.907+0000] {logging_mixin.py:188} INFO - [2024-03-09T07:19:55.906+0000] {dag.py:3047} INFO - Sync 1 DAGs
[2024-03-09T07:19:55.993+0000] {logging_mixin.py:188} INFO - [2024-03-09T07:19:55.992+0000] {dag.py:3834} INFO - Setting next_dagrun for example_sensor_decorator to None, run_after=None
[2024-03-09T07:19:56.055+0000] {processor.py:183} INFO - Processing /home/airflow/.local/lib/python3.8/site-packages/airflow/example_dags/example_sensor_decorator.py took 0.299 seconds
[2024-03-09T07:20:26.607+0000] {processor.py:161} INFO - Started process (PID=1527) to work on /home/airflow/.local/lib/python3.8/site-packages/airflow/example_dags/example_sensor_decorator.py
[2024-03-09T07:20:26.610+0000] {processor.py:830} INFO - Processing file /home/airflow/.local/lib/python3.8/site-packages/airflow/example_dags/example_sensor_decorator.py for tasks to queue
[2024-03-09T07:20:26.615+0000] {logging_mixin.py:188} INFO - [2024-03-09T07:20:26.614+0000] {dagbag.py:540} INFO - Filling up the DagBag from /home/airflow/.local/lib/python3.8/site-packages/airflow/example_dags/example_sensor_decorator.py
[2024-03-09T07:20:26.632+0000] {processor.py:840} INFO - DAG(s) 'example_sensor_decorator' retrieved from /home/airflow/.local/lib/python3.8/site-packages/airflow/example_dags/example_sensor_decorator.py
[2024-03-09T07:20:26.690+0000] {logging_mixin.py:188} INFO - [2024-03-09T07:20:26.689+0000] {dag.py:3047} INFO - Sync 1 DAGs
[2024-03-09T07:20:26.722+0000] {logging_mixin.py:188} INFO - [2024-03-09T07:20:26.721+0000] {dag.py:3834} INFO - Setting next_dagrun for example_sensor_decorator to None, run_after=None
[2024-03-09T07:20:26.778+0000] {processor.py:183} INFO - Processing /home/airflow/.local/lib/python3.8/site-packages/airflow/example_dags/example_sensor_decorator.py took 0.182 seconds
[2024-03-09T07:20:57.496+0000] {processor.py:161} INFO - Started process (PID=1582) to work on /home/airflow/.local/lib/python3.8/site-packages/airflow/example_dags/example_sensor_decorator.py
[2024-03-09T07:20:57.499+0000] {processor.py:830} INFO - Processing file /home/airflow/.local/lib/python3.8/site-packages/airflow/example_dags/example_sensor_decorator.py for tasks to queue
[2024-03-09T07:20:57.506+0000] {logging_mixin.py:188} INFO - [2024-03-09T07:20:57.504+0000] {dagbag.py:540} INFO - Filling up the DagBag from /home/airflow/.local/lib/python3.8/site-packages/airflow/example_dags/example_sensor_decorator.py
[2024-03-09T07:20:57.539+0000] {processor.py:840} INFO - DAG(s) 'example_sensor_decorator' retrieved from /home/airflow/.local/lib/python3.8/site-packages/airflow/example_dags/example_sensor_decorator.py
[2024-03-09T07:20:57.604+0000] {logging_mixin.py:188} INFO - [2024-03-09T07:20:57.603+0000] {dag.py:3047} INFO - Sync 1 DAGs
[2024-03-09T07:20:57.645+0000] {logging_mixin.py:188} INFO - [2024-03-09T07:20:57.644+0000] {dag.py:3834} INFO - Setting next_dagrun for example_sensor_decorator to None, run_after=None
[2024-03-09T07:20:57.705+0000] {processor.py:183} INFO - Processing /home/airflow/.local/lib/python3.8/site-packages/airflow/example_dags/example_sensor_decorator.py took 0.220 seconds
[2024-03-09T07:21:28.181+0000] {processor.py:161} INFO - Started process (PID=1638) to work on /home/airflow/.local/lib/python3.8/site-packages/airflow/example_dags/example_sensor_decorator.py
[2024-03-09T07:21:28.252+0000] {processor.py:830} INFO - Processing file /home/airflow/.local/lib/python3.8/site-packages/airflow/example_dags/example_sensor_decorator.py for tasks to queue
[2024-03-09T07:21:28.274+0000] {logging_mixin.py:188} INFO - [2024-03-09T07:21:28.272+0000] {dagbag.py:540} INFO - Filling up the DagBag from /home/airflow/.local/lib/python3.8/site-packages/airflow/example_dags/example_sensor_decorator.py
[2024-03-09T07:21:28.354+0000] {processor.py:840} INFO - DAG(s) 'example_sensor_decorator' retrieved from /home/airflow/.local/lib/python3.8/site-packages/airflow/example_dags/example_sensor_decorator.py
[2024-03-09T07:21:28.534+0000] {logging_mixin.py:188} INFO - [2024-03-09T07:21:28.534+0000] {dag.py:3047} INFO - Sync 1 DAGs
[2024-03-09T07:21:28.732+0000] {logging_mixin.py:188} INFO - [2024-03-09T07:21:28.730+0000] {dag.py:3834} INFO - Setting next_dagrun for example_sensor_decorator to None, run_after=None
[2024-03-09T07:21:28.974+0000] {processor.py:183} INFO - Processing /home/airflow/.local/lib/python3.8/site-packages/airflow/example_dags/example_sensor_decorator.py took 0.835 seconds
[2024-03-09T07:21:59.601+0000] {processor.py:161} INFO - Started process (PID=1693) to work on /home/airflow/.local/lib/python3.8/site-packages/airflow/example_dags/example_sensor_decorator.py
[2024-03-09T07:21:59.604+0000] {processor.py:830} INFO - Processing file /home/airflow/.local/lib/python3.8/site-packages/airflow/example_dags/example_sensor_decorator.py for tasks to queue
[2024-03-09T07:21:59.609+0000] {logging_mixin.py:188} INFO - [2024-03-09T07:21:59.608+0000] {dagbag.py:540} INFO - Filling up the DagBag from /home/airflow/.local/lib/python3.8/site-packages/airflow/example_dags/example_sensor_decorator.py
[2024-03-09T07:21:59.628+0000] {processor.py:840} INFO - DAG(s) 'example_sensor_decorator' retrieved from /home/airflow/.local/lib/python3.8/site-packages/airflow/example_dags/example_sensor_decorator.py
[2024-03-09T07:21:59.696+0000] {logging_mixin.py:188} INFO - [2024-03-09T07:21:59.695+0000] {dag.py:3047} INFO - Sync 1 DAGs
[2024-03-09T07:21:59.741+0000] {logging_mixin.py:188} INFO - [2024-03-09T07:21:59.740+0000] {dag.py:3834} INFO - Setting next_dagrun for example_sensor_decorator to None, run_after=None
[2024-03-09T07:21:59.788+0000] {processor.py:183} INFO - Processing /home/airflow/.local/lib/python3.8/site-packages/airflow/example_dags/example_sensor_decorator.py took 0.195 seconds
[2024-03-09T07:22:29.982+0000] {processor.py:161} INFO - Started process (PID=1749) to work on /home/airflow/.local/lib/python3.8/site-packages/airflow/example_dags/example_sensor_decorator.py
[2024-03-09T07:22:29.987+0000] {processor.py:830} INFO - Processing file /home/airflow/.local/lib/python3.8/site-packages/airflow/example_dags/example_sensor_decorator.py for tasks to queue
[2024-03-09T07:22:29.994+0000] {logging_mixin.py:188} INFO - [2024-03-09T07:22:29.993+0000] {dagbag.py:540} INFO - Filling up the DagBag from /home/airflow/.local/lib/python3.8/site-packages/airflow/example_dags/example_sensor_decorator.py
[2024-03-09T07:22:30.014+0000] {processor.py:840} INFO - DAG(s) 'example_sensor_decorator' retrieved from /home/airflow/.local/lib/python3.8/site-packages/airflow/example_dags/example_sensor_decorator.py
[2024-03-09T07:22:30.078+0000] {logging_mixin.py:188} INFO - [2024-03-09T07:22:30.077+0000] {dag.py:3047} INFO - Sync 1 DAGs
[2024-03-09T07:22:30.121+0000] {logging_mixin.py:188} INFO - [2024-03-09T07:22:30.120+0000] {dag.py:3834} INFO - Setting next_dagrun for example_sensor_decorator to None, run_after=None
[2024-03-09T07:22:30.187+0000] {processor.py:183} INFO - Processing /home/airflow/.local/lib/python3.8/site-packages/airflow/example_dags/example_sensor_decorator.py took 0.216 seconds
[2024-03-09T07:23:01.041+0000] {processor.py:161} INFO - Started process (PID=1804) to work on /home/airflow/.local/lib/python3.8/site-packages/airflow/example_dags/example_sensor_decorator.py
[2024-03-09T07:23:01.046+0000] {processor.py:830} INFO - Processing file /home/airflow/.local/lib/python3.8/site-packages/airflow/example_dags/example_sensor_decorator.py for tasks to queue
[2024-03-09T07:23:01.054+0000] {logging_mixin.py:188} INFO - [2024-03-09T07:23:01.053+0000] {dagbag.py:540} INFO - Filling up the DagBag from /home/airflow/.local/lib/python3.8/site-packages/airflow/example_dags/example_sensor_decorator.py
[2024-03-09T07:23:01.080+0000] {processor.py:840} INFO - DAG(s) 'example_sensor_decorator' retrieved from /home/airflow/.local/lib/python3.8/site-packages/airflow/example_dags/example_sensor_decorator.py
[2024-03-09T07:23:01.159+0000] {logging_mixin.py:188} INFO - [2024-03-09T07:23:01.158+0000] {dag.py:3047} INFO - Sync 1 DAGs
[2024-03-09T07:23:01.194+0000] {logging_mixin.py:188} INFO - [2024-03-09T07:23:01.193+0000] {dag.py:3834} INFO - Setting next_dagrun for example_sensor_decorator to None, run_after=None
[2024-03-09T07:23:01.246+0000] {processor.py:183} INFO - Processing /home/airflow/.local/lib/python3.8/site-packages/airflow/example_dags/example_sensor_decorator.py took 0.220 seconds
[2024-03-09T07:23:31.956+0000] {processor.py:161} INFO - Started process (PID=1859) to work on /home/airflow/.local/lib/python3.8/site-packages/airflow/example_dags/example_sensor_decorator.py
[2024-03-09T07:23:31.964+0000] {processor.py:830} INFO - Processing file /home/airflow/.local/lib/python3.8/site-packages/airflow/example_dags/example_sensor_decorator.py for tasks to queue
[2024-03-09T07:23:31.977+0000] {logging_mixin.py:188} INFO - [2024-03-09T07:23:31.975+0000] {dagbag.py:540} INFO - Filling up the DagBag from /home/airflow/.local/lib/python3.8/site-packages/airflow/example_dags/example_sensor_decorator.py
[2024-03-09T07:23:32.009+0000] {processor.py:840} INFO - DAG(s) 'example_sensor_decorator' retrieved from /home/airflow/.local/lib/python3.8/site-packages/airflow/example_dags/example_sensor_decorator.py
[2024-03-09T07:23:32.078+0000] {logging_mixin.py:188} INFO - [2024-03-09T07:23:32.077+0000] {dag.py:3047} INFO - Sync 1 DAGs
[2024-03-09T07:23:32.113+0000] {logging_mixin.py:188} INFO - [2024-03-09T07:23:32.112+0000] {dag.py:3834} INFO - Setting next_dagrun for example_sensor_decorator to None, run_after=None
[2024-03-09T07:23:32.193+0000] {processor.py:183} INFO - Processing /home/airflow/.local/lib/python3.8/site-packages/airflow/example_dags/example_sensor_decorator.py took 0.282 seconds
[2024-03-09T07:24:03.030+0000] {processor.py:161} INFO - Started process (PID=1914) to work on /home/airflow/.local/lib/python3.8/site-packages/airflow/example_dags/example_sensor_decorator.py
[2024-03-09T07:24:03.033+0000] {processor.py:830} INFO - Processing file /home/airflow/.local/lib/python3.8/site-packages/airflow/example_dags/example_sensor_decorator.py for tasks to queue
[2024-03-09T07:24:03.037+0000] {logging_mixin.py:188} INFO - [2024-03-09T07:24:03.036+0000] {dagbag.py:540} INFO - Filling up the DagBag from /home/airflow/.local/lib/python3.8/site-packages/airflow/example_dags/example_sensor_decorator.py
[2024-03-09T07:24:03.052+0000] {processor.py:840} INFO - DAG(s) 'example_sensor_decorator' retrieved from /home/airflow/.local/lib/python3.8/site-packages/airflow/example_dags/example_sensor_decorator.py
[2024-03-09T07:24:03.115+0000] {logging_mixin.py:188} INFO - [2024-03-09T07:24:03.114+0000] {dag.py:3047} INFO - Sync 1 DAGs
[2024-03-09T07:24:03.197+0000] {logging_mixin.py:188} INFO - [2024-03-09T07:24:03.195+0000] {dag.py:3834} INFO - Setting next_dagrun for example_sensor_decorator to None, run_after=None
[2024-03-09T07:24:03.308+0000] {processor.py:183} INFO - Processing /home/airflow/.local/lib/python3.8/site-packages/airflow/example_dags/example_sensor_decorator.py took 0.288 seconds
[2024-03-09T07:24:34.470+0000] {processor.py:161} INFO - Started process (PID=1969) to work on /home/airflow/.local/lib/python3.8/site-packages/airflow/example_dags/example_sensor_decorator.py
[2024-03-09T07:24:34.473+0000] {processor.py:830} INFO - Processing file /home/airflow/.local/lib/python3.8/site-packages/airflow/example_dags/example_sensor_decorator.py for tasks to queue
[2024-03-09T07:24:34.479+0000] {logging_mixin.py:188} INFO - [2024-03-09T07:24:34.478+0000] {dagbag.py:540} INFO - Filling up the DagBag from /home/airflow/.local/lib/python3.8/site-packages/airflow/example_dags/example_sensor_decorator.py
[2024-03-09T07:24:34.499+0000] {processor.py:840} INFO - DAG(s) 'example_sensor_decorator' retrieved from /home/airflow/.local/lib/python3.8/site-packages/airflow/example_dags/example_sensor_decorator.py
[2024-03-09T07:24:34.568+0000] {logging_mixin.py:188} INFO - [2024-03-09T07:24:34.566+0000] {dag.py:3047} INFO - Sync 1 DAGs
[2024-03-09T07:24:34.617+0000] {logging_mixin.py:188} INFO - [2024-03-09T07:24:34.614+0000] {dag.py:3834} INFO - Setting next_dagrun for example_sensor_decorator to None, run_after=None
[2024-03-09T07:24:34.690+0000] {processor.py:183} INFO - Processing /home/airflow/.local/lib/python3.8/site-packages/airflow/example_dags/example_sensor_decorator.py took 0.229 seconds
[2024-03-09T07:25:05.139+0000] {processor.py:161} INFO - Started process (PID=2022) to work on /home/airflow/.local/lib/python3.8/site-packages/airflow/example_dags/example_sensor_decorator.py
[2024-03-09T07:25:05.146+0000] {processor.py:830} INFO - Processing file /home/airflow/.local/lib/python3.8/site-packages/airflow/example_dags/example_sensor_decorator.py for tasks to queue
[2024-03-09T07:25:05.155+0000] {logging_mixin.py:188} INFO - [2024-03-09T07:25:05.154+0000] {dagbag.py:540} INFO - Filling up the DagBag from /home/airflow/.local/lib/python3.8/site-packages/airflow/example_dags/example_sensor_decorator.py
[2024-03-09T07:25:05.194+0000] {processor.py:840} INFO - DAG(s) 'example_sensor_decorator' retrieved from /home/airflow/.local/lib/python3.8/site-packages/airflow/example_dags/example_sensor_decorator.py
[2024-03-09T07:25:05.306+0000] {logging_mixin.py:188} INFO - [2024-03-09T07:25:05.305+0000] {dag.py:3047} INFO - Sync 1 DAGs
[2024-03-09T07:25:05.389+0000] {logging_mixin.py:188} INFO - [2024-03-09T07:25:05.388+0000] {dag.py:3834} INFO - Setting next_dagrun for example_sensor_decorator to None, run_after=None
[2024-03-09T07:25:05.481+0000] {processor.py:183} INFO - Processing /home/airflow/.local/lib/python3.8/site-packages/airflow/example_dags/example_sensor_decorator.py took 0.359 seconds
[2024-03-09T07:25:36.089+0000] {processor.py:161} INFO - Started process (PID=2077) to work on /home/airflow/.local/lib/python3.8/site-packages/airflow/example_dags/example_sensor_decorator.py
[2024-03-09T07:25:36.094+0000] {processor.py:830} INFO - Processing file /home/airflow/.local/lib/python3.8/site-packages/airflow/example_dags/example_sensor_decorator.py for tasks to queue
[2024-03-09T07:25:36.103+0000] {logging_mixin.py:188} INFO - [2024-03-09T07:25:36.102+0000] {dagbag.py:540} INFO - Filling up the DagBag from /home/airflow/.local/lib/python3.8/site-packages/airflow/example_dags/example_sensor_decorator.py
[2024-03-09T07:25:36.134+0000] {processor.py:840} INFO - DAG(s) 'example_sensor_decorator' retrieved from /home/airflow/.local/lib/python3.8/site-packages/airflow/example_dags/example_sensor_decorator.py
[2024-03-09T07:25:36.249+0000] {logging_mixin.py:188} INFO - [2024-03-09T07:25:36.248+0000] {dag.py:3047} INFO - Sync 1 DAGs
[2024-03-09T07:25:36.316+0000] {logging_mixin.py:188} INFO - [2024-03-09T07:25:36.315+0000] {dag.py:3834} INFO - Setting next_dagrun for example_sensor_decorator to None, run_after=None
[2024-03-09T07:25:36.409+0000] {processor.py:183} INFO - Processing /home/airflow/.local/lib/python3.8/site-packages/airflow/example_dags/example_sensor_decorator.py took 0.341 seconds
[2024-03-09T07:26:06.893+0000] {processor.py:161} INFO - Started process (PID=2132) to work on /home/airflow/.local/lib/python3.8/site-packages/airflow/example_dags/example_sensor_decorator.py
[2024-03-09T07:26:06.905+0000] {processor.py:830} INFO - Processing file /home/airflow/.local/lib/python3.8/site-packages/airflow/example_dags/example_sensor_decorator.py for tasks to queue
[2024-03-09T07:26:06.922+0000] {logging_mixin.py:188} INFO - [2024-03-09T07:26:06.919+0000] {dagbag.py:540} INFO - Filling up the DagBag from /home/airflow/.local/lib/python3.8/site-packages/airflow/example_dags/example_sensor_decorator.py
[2024-03-09T07:26:06.974+0000] {processor.py:840} INFO - DAG(s) 'example_sensor_decorator' retrieved from /home/airflow/.local/lib/python3.8/site-packages/airflow/example_dags/example_sensor_decorator.py
[2024-03-09T07:26:07.053+0000] {logging_mixin.py:188} INFO - [2024-03-09T07:26:07.052+0000] {dag.py:3047} INFO - Sync 1 DAGs
[2024-03-09T07:26:07.093+0000] {logging_mixin.py:188} INFO - [2024-03-09T07:26:07.093+0000] {dag.py:3834} INFO - Setting next_dagrun for example_sensor_decorator to None, run_after=None
[2024-03-09T07:26:07.151+0000] {processor.py:183} INFO - Processing /home/airflow/.local/lib/python3.8/site-packages/airflow/example_dags/example_sensor_decorator.py took 0.284 seconds
[2024-03-09T07:26:38.095+0000] {processor.py:161} INFO - Started process (PID=2187) to work on /home/airflow/.local/lib/python3.8/site-packages/airflow/example_dags/example_sensor_decorator.py
[2024-03-09T07:26:38.101+0000] {processor.py:830} INFO - Processing file /home/airflow/.local/lib/python3.8/site-packages/airflow/example_dags/example_sensor_decorator.py for tasks to queue
[2024-03-09T07:26:38.107+0000] {logging_mixin.py:188} INFO - [2024-03-09T07:26:38.106+0000] {dagbag.py:540} INFO - Filling up the DagBag from /home/airflow/.local/lib/python3.8/site-packages/airflow/example_dags/example_sensor_decorator.py
[2024-03-09T07:26:38.130+0000] {processor.py:840} INFO - DAG(s) 'example_sensor_decorator' retrieved from /home/airflow/.local/lib/python3.8/site-packages/airflow/example_dags/example_sensor_decorator.py
[2024-03-09T07:26:38.191+0000] {logging_mixin.py:188} INFO - [2024-03-09T07:26:38.191+0000] {dag.py:3047} INFO - Sync 1 DAGs
[2024-03-09T07:26:38.228+0000] {logging_mixin.py:188} INFO - [2024-03-09T07:26:38.228+0000] {dag.py:3834} INFO - Setting next_dagrun for example_sensor_decorator to None, run_after=None
[2024-03-09T07:26:38.301+0000] {processor.py:183} INFO - Processing /home/airflow/.local/lib/python3.8/site-packages/airflow/example_dags/example_sensor_decorator.py took 0.231 seconds
