[2024-03-09T07:06:39.110+0000] {processor.py:161} INFO - Started process (PID=76) to work on /home/airflow/.local/lib/python3.8/site-packages/airflow/example_dags/example_complex.py
[2024-03-09T07:06:39.114+0000] {processor.py:830} INFO - Processing file /home/airflow/.local/lib/python3.8/site-packages/airflow/example_dags/example_complex.py for tasks to queue
[2024-03-09T07:06:39.121+0000] {logging_mixin.py:188} INFO - [2024-03-09T07:06:39.120+0000] {dagbag.py:540} INFO - Filling up the DagBag from /home/airflow/.local/lib/python3.8/site-packages/airflow/example_dags/example_complex.py
[2024-03-09T07:06:39.201+0000] {processor.py:840} INFO - DAG(s) 'example_complex' retrieved from /home/airflow/.local/lib/python3.8/site-packages/airflow/example_dags/example_complex.py
[2024-03-09T07:06:40.051+0000] {logging_mixin.py:188} INFO - [2024-03-09T07:06:40.050+0000] {dag.py:3047} INFO - Sync 1 DAGs
[2024-03-09T07:06:40.113+0000] {logging_mixin.py:188} INFO - [2024-03-09T07:06:40.112+0000] {dag.py:3834} INFO - Setting next_dagrun for example_complex to None, run_after=None
[2024-03-09T07:06:40.213+0000] {processor.py:183} INFO - Processing /home/airflow/.local/lib/python3.8/site-packages/airflow/example_dags/example_complex.py took 1.121 seconds
[2024-03-09T07:07:24.906+0000] {processor.py:161} INFO - Started process (PID=131) to work on /home/airflow/.local/lib/python3.8/site-packages/airflow/example_dags/example_complex.py
[2024-03-09T07:07:24.910+0000] {processor.py:830} INFO - Processing file /home/airflow/.local/lib/python3.8/site-packages/airflow/example_dags/example_complex.py for tasks to queue
[2024-03-09T07:07:24.916+0000] {logging_mixin.py:188} INFO - [2024-03-09T07:07:24.915+0000] {dagbag.py:540} INFO - Filling up the DagBag from /home/airflow/.local/lib/python3.8/site-packages/airflow/example_dags/example_complex.py
[2024-03-09T07:07:24.951+0000] {processor.py:840} INFO - DAG(s) 'example_complex' retrieved from /home/airflow/.local/lib/python3.8/site-packages/airflow/example_dags/example_complex.py
[2024-03-09T07:07:25.060+0000] {logging_mixin.py:188} INFO - [2024-03-09T07:07:25.059+0000] {dag.py:3047} INFO - Sync 1 DAGs
[2024-03-09T07:07:25.105+0000] {logging_mixin.py:188} INFO - [2024-03-09T07:07:25.104+0000] {dag.py:3834} INFO - Setting next_dagrun for example_complex to None, run_after=None
[2024-03-09T07:07:25.171+0000] {processor.py:183} INFO - Processing /home/airflow/.local/lib/python3.8/site-packages/airflow/example_dags/example_complex.py took 0.274 seconds
[2024-03-09T07:07:55.661+0000] {processor.py:161} INFO - Started process (PID=186) to work on /home/airflow/.local/lib/python3.8/site-packages/airflow/example_dags/example_complex.py
[2024-03-09T07:07:55.665+0000] {processor.py:830} INFO - Processing file /home/airflow/.local/lib/python3.8/site-packages/airflow/example_dags/example_complex.py for tasks to queue
[2024-03-09T07:07:55.671+0000] {logging_mixin.py:188} INFO - [2024-03-09T07:07:55.670+0000] {dagbag.py:540} INFO - Filling up the DagBag from /home/airflow/.local/lib/python3.8/site-packages/airflow/example_dags/example_complex.py
[2024-03-09T07:07:55.721+0000] {processor.py:840} INFO - DAG(s) 'example_complex' retrieved from /home/airflow/.local/lib/python3.8/site-packages/airflow/example_dags/example_complex.py
[2024-03-09T07:07:55.925+0000] {logging_mixin.py:188} INFO - [2024-03-09T07:07:55.924+0000] {dag.py:3047} INFO - Sync 1 DAGs
[2024-03-09T07:07:55.978+0000] {logging_mixin.py:188} INFO - [2024-03-09T07:07:55.977+0000] {dag.py:3834} INFO - Setting next_dagrun for example_complex to None, run_after=None
[2024-03-09T07:07:56.047+0000] {processor.py:183} INFO - Processing /home/airflow/.local/lib/python3.8/site-packages/airflow/example_dags/example_complex.py took 0.399 seconds
[2024-03-09T07:08:26.682+0000] {processor.py:161} INFO - Started process (PID=241) to work on /home/airflow/.local/lib/python3.8/site-packages/airflow/example_dags/example_complex.py
[2024-03-09T07:08:26.685+0000] {processor.py:830} INFO - Processing file /home/airflow/.local/lib/python3.8/site-packages/airflow/example_dags/example_complex.py for tasks to queue
[2024-03-09T07:08:26.690+0000] {logging_mixin.py:188} INFO - [2024-03-09T07:08:26.689+0000] {dagbag.py:540} INFO - Filling up the DagBag from /home/airflow/.local/lib/python3.8/site-packages/airflow/example_dags/example_complex.py
[2024-03-09T07:08:26.720+0000] {processor.py:840} INFO - DAG(s) 'example_complex' retrieved from /home/airflow/.local/lib/python3.8/site-packages/airflow/example_dags/example_complex.py
[2024-03-09T07:08:26.809+0000] {logging_mixin.py:188} INFO - [2024-03-09T07:08:26.808+0000] {dag.py:3047} INFO - Sync 1 DAGs
[2024-03-09T07:08:26.852+0000] {logging_mixin.py:188} INFO - [2024-03-09T07:08:26.851+0000] {dag.py:3834} INFO - Setting next_dagrun for example_complex to None, run_after=None
[2024-03-09T07:08:26.901+0000] {processor.py:183} INFO - Processing /home/airflow/.local/lib/python3.8/site-packages/airflow/example_dags/example_complex.py took 0.229 seconds
[2024-03-09T07:09:00.189+0000] {processor.py:161} INFO - Started process (PID=296) to work on /home/airflow/.local/lib/python3.8/site-packages/airflow/example_dags/example_complex.py
[2024-03-09T07:09:00.193+0000] {processor.py:830} INFO - Processing file /home/airflow/.local/lib/python3.8/site-packages/airflow/example_dags/example_complex.py for tasks to queue
[2024-03-09T07:09:00.199+0000] {logging_mixin.py:188} INFO - [2024-03-09T07:09:00.198+0000] {dagbag.py:540} INFO - Filling up the DagBag from /home/airflow/.local/lib/python3.8/site-packages/airflow/example_dags/example_complex.py
[2024-03-09T07:09:00.262+0000] {processor.py:840} INFO - DAG(s) 'example_complex' retrieved from /home/airflow/.local/lib/python3.8/site-packages/airflow/example_dags/example_complex.py
[2024-03-09T07:09:00.396+0000] {logging_mixin.py:188} INFO - [2024-03-09T07:09:00.395+0000] {dag.py:3047} INFO - Sync 1 DAGs
[2024-03-09T07:09:00.442+0000] {logging_mixin.py:188} INFO - [2024-03-09T07:09:00.441+0000] {dag.py:3834} INFO - Setting next_dagrun for example_complex to None, run_after=None
[2024-03-09T07:09:00.513+0000] {processor.py:183} INFO - Processing /home/airflow/.local/lib/python3.8/site-packages/airflow/example_dags/example_complex.py took 0.335 seconds
[2024-03-09T07:09:31.367+0000] {processor.py:161} INFO - Started process (PID=351) to work on /home/airflow/.local/lib/python3.8/site-packages/airflow/example_dags/example_complex.py
[2024-03-09T07:09:31.370+0000] {processor.py:830} INFO - Processing file /home/airflow/.local/lib/python3.8/site-packages/airflow/example_dags/example_complex.py for tasks to queue
[2024-03-09T07:09:31.376+0000] {logging_mixin.py:188} INFO - [2024-03-09T07:09:31.375+0000] {dagbag.py:540} INFO - Filling up the DagBag from /home/airflow/.local/lib/python3.8/site-packages/airflow/example_dags/example_complex.py
[2024-03-09T07:09:31.433+0000] {processor.py:840} INFO - DAG(s) 'example_complex' retrieved from /home/airflow/.local/lib/python3.8/site-packages/airflow/example_dags/example_complex.py
[2024-03-09T07:09:31.551+0000] {logging_mixin.py:188} INFO - [2024-03-09T07:09:31.550+0000] {dag.py:3047} INFO - Sync 1 DAGs
[2024-03-09T07:09:31.584+0000] {logging_mixin.py:188} INFO - [2024-03-09T07:09:31.583+0000] {dag.py:3834} INFO - Setting next_dagrun for example_complex to None, run_after=None
[2024-03-09T07:09:31.643+0000] {processor.py:183} INFO - Processing /home/airflow/.local/lib/python3.8/site-packages/airflow/example_dags/example_complex.py took 0.284 seconds
[2024-03-09T07:10:02.858+0000] {processor.py:161} INFO - Started process (PID=407) to work on /home/airflow/.local/lib/python3.8/site-packages/airflow/example_dags/example_complex.py
[2024-03-09T07:10:02.863+0000] {processor.py:830} INFO - Processing file /home/airflow/.local/lib/python3.8/site-packages/airflow/example_dags/example_complex.py for tasks to queue
[2024-03-09T07:10:02.871+0000] {logging_mixin.py:188} INFO - [2024-03-09T07:10:02.870+0000] {dagbag.py:540} INFO - Filling up the DagBag from /home/airflow/.local/lib/python3.8/site-packages/airflow/example_dags/example_complex.py
[2024-03-09T07:10:02.931+0000] {processor.py:840} INFO - DAG(s) 'example_complex' retrieved from /home/airflow/.local/lib/python3.8/site-packages/airflow/example_dags/example_complex.py
[2024-03-09T07:10:03.091+0000] {logging_mixin.py:188} INFO - [2024-03-09T07:10:03.090+0000] {dag.py:3047} INFO - Sync 1 DAGs
[2024-03-09T07:10:03.134+0000] {logging_mixin.py:188} INFO - [2024-03-09T07:10:03.133+0000] {dag.py:3834} INFO - Setting next_dagrun for example_complex to None, run_after=None
[2024-03-09T07:10:03.188+0000] {processor.py:183} INFO - Processing /home/airflow/.local/lib/python3.8/site-packages/airflow/example_dags/example_complex.py took 0.345 seconds
[2024-03-09T07:10:33.843+0000] {processor.py:161} INFO - Started process (PID=461) to work on /home/airflow/.local/lib/python3.8/site-packages/airflow/example_dags/example_complex.py
[2024-03-09T07:10:33.846+0000] {processor.py:830} INFO - Processing file /home/airflow/.local/lib/python3.8/site-packages/airflow/example_dags/example_complex.py for tasks to queue
[2024-03-09T07:10:33.852+0000] {logging_mixin.py:188} INFO - [2024-03-09T07:10:33.851+0000] {dagbag.py:540} INFO - Filling up the DagBag from /home/airflow/.local/lib/python3.8/site-packages/airflow/example_dags/example_complex.py
[2024-03-09T07:10:33.894+0000] {processor.py:840} INFO - DAG(s) 'example_complex' retrieved from /home/airflow/.local/lib/python3.8/site-packages/airflow/example_dags/example_complex.py
[2024-03-09T07:10:34.000+0000] {logging_mixin.py:188} INFO - [2024-03-09T07:10:34.000+0000] {dag.py:3047} INFO - Sync 1 DAGs
[2024-03-09T07:10:34.029+0000] {logging_mixin.py:188} INFO - [2024-03-09T07:10:34.028+0000] {dag.py:3834} INFO - Setting next_dagrun for example_complex to None, run_after=None
[2024-03-09T07:10:34.069+0000] {processor.py:183} INFO - Processing /home/airflow/.local/lib/python3.8/site-packages/airflow/example_dags/example_complex.py took 0.236 seconds
[2024-03-09T07:11:04.703+0000] {processor.py:161} INFO - Started process (PID=516) to work on /home/airflow/.local/lib/python3.8/site-packages/airflow/example_dags/example_complex.py
[2024-03-09T07:11:04.706+0000] {processor.py:830} INFO - Processing file /home/airflow/.local/lib/python3.8/site-packages/airflow/example_dags/example_complex.py for tasks to queue
[2024-03-09T07:11:04.712+0000] {logging_mixin.py:188} INFO - [2024-03-09T07:11:04.711+0000] {dagbag.py:540} INFO - Filling up the DagBag from /home/airflow/.local/lib/python3.8/site-packages/airflow/example_dags/example_complex.py
[2024-03-09T07:11:04.752+0000] {processor.py:840} INFO - DAG(s) 'example_complex' retrieved from /home/airflow/.local/lib/python3.8/site-packages/airflow/example_dags/example_complex.py
[2024-03-09T07:11:04.845+0000] {logging_mixin.py:188} INFO - [2024-03-09T07:11:04.844+0000] {dag.py:3047} INFO - Sync 1 DAGs
[2024-03-09T07:11:04.904+0000] {logging_mixin.py:188} INFO - [2024-03-09T07:11:04.903+0000] {dag.py:3834} INFO - Setting next_dagrun for example_complex to None, run_after=None
[2024-03-09T07:11:04.951+0000] {processor.py:183} INFO - Processing /home/airflow/.local/lib/python3.8/site-packages/airflow/example_dags/example_complex.py took 0.257 seconds
[2024-03-09T07:11:35.186+0000] {processor.py:161} INFO - Started process (PID=569) to work on /home/airflow/.local/lib/python3.8/site-packages/airflow/example_dags/example_complex.py
[2024-03-09T07:11:35.190+0000] {processor.py:830} INFO - Processing file /home/airflow/.local/lib/python3.8/site-packages/airflow/example_dags/example_complex.py for tasks to queue
[2024-03-09T07:11:35.195+0000] {logging_mixin.py:188} INFO - [2024-03-09T07:11:35.194+0000] {dagbag.py:540} INFO - Filling up the DagBag from /home/airflow/.local/lib/python3.8/site-packages/airflow/example_dags/example_complex.py
[2024-03-09T07:11:35.240+0000] {processor.py:840} INFO - DAG(s) 'example_complex' retrieved from /home/airflow/.local/lib/python3.8/site-packages/airflow/example_dags/example_complex.py
[2024-03-09T07:11:35.393+0000] {logging_mixin.py:188} INFO - [2024-03-09T07:11:35.392+0000] {dag.py:3047} INFO - Sync 1 DAGs
[2024-03-09T07:11:35.455+0000] {logging_mixin.py:188} INFO - [2024-03-09T07:11:35.454+0000] {dag.py:3834} INFO - Setting next_dagrun for example_complex to None, run_after=None
[2024-03-09T07:11:35.575+0000] {processor.py:183} INFO - Processing /home/airflow/.local/lib/python3.8/site-packages/airflow/example_dags/example_complex.py took 0.405 seconds
[2024-03-09T07:12:05.970+0000] {processor.py:161} INFO - Started process (PID=624) to work on /home/airflow/.local/lib/python3.8/site-packages/airflow/example_dags/example_complex.py
[2024-03-09T07:12:05.973+0000] {processor.py:830} INFO - Processing file /home/airflow/.local/lib/python3.8/site-packages/airflow/example_dags/example_complex.py for tasks to queue
[2024-03-09T07:12:05.989+0000] {logging_mixin.py:188} INFO - [2024-03-09T07:12:05.978+0000] {dagbag.py:540} INFO - Filling up the DagBag from /home/airflow/.local/lib/python3.8/site-packages/airflow/example_dags/example_complex.py
[2024-03-09T07:12:06.092+0000] {processor.py:840} INFO - DAG(s) 'example_complex' retrieved from /home/airflow/.local/lib/python3.8/site-packages/airflow/example_dags/example_complex.py
[2024-03-09T07:12:06.301+0000] {logging_mixin.py:188} INFO - [2024-03-09T07:12:06.300+0000] {dag.py:3047} INFO - Sync 1 DAGs
[2024-03-09T07:12:06.348+0000] {logging_mixin.py:188} INFO - [2024-03-09T07:12:06.347+0000] {dag.py:3834} INFO - Setting next_dagrun for example_complex to None, run_after=None
[2024-03-09T07:12:06.410+0000] {processor.py:183} INFO - Processing /home/airflow/.local/lib/python3.8/site-packages/airflow/example_dags/example_complex.py took 0.474 seconds
[2024-03-09T07:12:36.718+0000] {processor.py:161} INFO - Started process (PID=678) to work on /home/airflow/.local/lib/python3.8/site-packages/airflow/example_dags/example_complex.py
[2024-03-09T07:12:36.722+0000] {processor.py:830} INFO - Processing file /home/airflow/.local/lib/python3.8/site-packages/airflow/example_dags/example_complex.py for tasks to queue
[2024-03-09T07:12:36.727+0000] {logging_mixin.py:188} INFO - [2024-03-09T07:12:36.727+0000] {dagbag.py:540} INFO - Filling up the DagBag from /home/airflow/.local/lib/python3.8/site-packages/airflow/example_dags/example_complex.py
[2024-03-09T07:12:36.761+0000] {processor.py:840} INFO - DAG(s) 'example_complex' retrieved from /home/airflow/.local/lib/python3.8/site-packages/airflow/example_dags/example_complex.py
[2024-03-09T07:12:36.854+0000] {logging_mixin.py:188} INFO - [2024-03-09T07:12:36.854+0000] {dag.py:3047} INFO - Sync 1 DAGs
[2024-03-09T07:12:36.886+0000] {logging_mixin.py:188} INFO - [2024-03-09T07:12:36.886+0000] {dag.py:3834} INFO - Setting next_dagrun for example_complex to None, run_after=None
[2024-03-09T07:12:36.970+0000] {processor.py:183} INFO - Processing /home/airflow/.local/lib/python3.8/site-packages/airflow/example_dags/example_complex.py took 0.262 seconds
[2024-03-09T07:13:07.222+0000] {processor.py:161} INFO - Started process (PID=733) to work on /home/airflow/.local/lib/python3.8/site-packages/airflow/example_dags/example_complex.py
[2024-03-09T07:13:07.225+0000] {processor.py:830} INFO - Processing file /home/airflow/.local/lib/python3.8/site-packages/airflow/example_dags/example_complex.py for tasks to queue
[2024-03-09T07:13:07.230+0000] {logging_mixin.py:188} INFO - [2024-03-09T07:13:07.229+0000] {dagbag.py:540} INFO - Filling up the DagBag from /home/airflow/.local/lib/python3.8/site-packages/airflow/example_dags/example_complex.py
[2024-03-09T07:13:07.265+0000] {processor.py:840} INFO - DAG(s) 'example_complex' retrieved from /home/airflow/.local/lib/python3.8/site-packages/airflow/example_dags/example_complex.py
[2024-03-09T07:13:07.358+0000] {logging_mixin.py:188} INFO - [2024-03-09T07:13:07.358+0000] {dag.py:3047} INFO - Sync 1 DAGs
[2024-03-09T07:13:07.389+0000] {logging_mixin.py:188} INFO - [2024-03-09T07:13:07.388+0000] {dag.py:3834} INFO - Setting next_dagrun for example_complex to None, run_after=None
[2024-03-09T07:13:07.450+0000] {processor.py:183} INFO - Processing /home/airflow/.local/lib/python3.8/site-packages/airflow/example_dags/example_complex.py took 0.238 seconds
[2024-03-09T07:13:38.467+0000] {processor.py:161} INFO - Started process (PID=794) to work on /home/airflow/.local/lib/python3.8/site-packages/airflow/example_dags/example_complex.py
[2024-03-09T07:13:38.470+0000] {processor.py:830} INFO - Processing file /home/airflow/.local/lib/python3.8/site-packages/airflow/example_dags/example_complex.py for tasks to queue
[2024-03-09T07:13:38.478+0000] {logging_mixin.py:188} INFO - [2024-03-09T07:13:38.476+0000] {dagbag.py:540} INFO - Filling up the DagBag from /home/airflow/.local/lib/python3.8/site-packages/airflow/example_dags/example_complex.py
[2024-03-09T07:13:38.531+0000] {processor.py:840} INFO - DAG(s) 'example_complex' retrieved from /home/airflow/.local/lib/python3.8/site-packages/airflow/example_dags/example_complex.py
[2024-03-09T07:13:38.635+0000] {logging_mixin.py:188} INFO - [2024-03-09T07:13:38.634+0000] {dag.py:3047} INFO - Sync 1 DAGs
[2024-03-09T07:13:38.673+0000] {logging_mixin.py:188} INFO - [2024-03-09T07:13:38.673+0000] {dag.py:3834} INFO - Setting next_dagrun for example_complex to None, run_after=None
[2024-03-09T07:13:38.720+0000] {processor.py:183} INFO - Processing /home/airflow/.local/lib/python3.8/site-packages/airflow/example_dags/example_complex.py took 0.261 seconds
[2024-03-09T07:14:09.170+0000] {processor.py:161} INFO - Started process (PID=849) to work on /home/airflow/.local/lib/python3.8/site-packages/airflow/example_dags/example_complex.py
[2024-03-09T07:14:09.173+0000] {processor.py:830} INFO - Processing file /home/airflow/.local/lib/python3.8/site-packages/airflow/example_dags/example_complex.py for tasks to queue
[2024-03-09T07:14:09.182+0000] {logging_mixin.py:188} INFO - [2024-03-09T07:14:09.181+0000] {dagbag.py:540} INFO - Filling up the DagBag from /home/airflow/.local/lib/python3.8/site-packages/airflow/example_dags/example_complex.py
[2024-03-09T07:14:09.264+0000] {processor.py:840} INFO - DAG(s) 'example_complex' retrieved from /home/airflow/.local/lib/python3.8/site-packages/airflow/example_dags/example_complex.py
[2024-03-09T07:14:09.428+0000] {logging_mixin.py:188} INFO - [2024-03-09T07:14:09.427+0000] {dag.py:3047} INFO - Sync 1 DAGs
[2024-03-09T07:14:09.504+0000] {logging_mixin.py:188} INFO - [2024-03-09T07:14:09.504+0000] {dag.py:3834} INFO - Setting next_dagrun for example_complex to None, run_after=None
[2024-03-09T07:14:09.585+0000] {processor.py:183} INFO - Processing /home/airflow/.local/lib/python3.8/site-packages/airflow/example_dags/example_complex.py took 0.436 seconds
[2024-03-09T07:14:40.063+0000] {processor.py:161} INFO - Started process (PID=904) to work on /home/airflow/.local/lib/python3.8/site-packages/airflow/example_dags/example_complex.py
[2024-03-09T07:14:40.066+0000] {processor.py:830} INFO - Processing file /home/airflow/.local/lib/python3.8/site-packages/airflow/example_dags/example_complex.py for tasks to queue
[2024-03-09T07:14:40.072+0000] {logging_mixin.py:188} INFO - [2024-03-09T07:14:40.072+0000] {dagbag.py:540} INFO - Filling up the DagBag from /home/airflow/.local/lib/python3.8/site-packages/airflow/example_dags/example_complex.py
[2024-03-09T07:14:40.116+0000] {processor.py:840} INFO - DAG(s) 'example_complex' retrieved from /home/airflow/.local/lib/python3.8/site-packages/airflow/example_dags/example_complex.py
[2024-03-09T07:14:40.232+0000] {logging_mixin.py:188} INFO - [2024-03-09T07:14:40.231+0000] {dag.py:3047} INFO - Sync 1 DAGs
[2024-03-09T07:14:40.291+0000] {logging_mixin.py:188} INFO - [2024-03-09T07:14:40.290+0000] {dag.py:3834} INFO - Setting next_dagrun for example_complex to None, run_after=None
[2024-03-09T07:14:40.351+0000] {processor.py:183} INFO - Processing /home/airflow/.local/lib/python3.8/site-packages/airflow/example_dags/example_complex.py took 0.299 seconds
[2024-03-09T07:15:10.685+0000] {processor.py:161} INFO - Started process (PID=959) to work on /home/airflow/.local/lib/python3.8/site-packages/airflow/example_dags/example_complex.py
[2024-03-09T07:15:10.688+0000] {processor.py:830} INFO - Processing file /home/airflow/.local/lib/python3.8/site-packages/airflow/example_dags/example_complex.py for tasks to queue
[2024-03-09T07:15:10.693+0000] {logging_mixin.py:188} INFO - [2024-03-09T07:15:10.692+0000] {dagbag.py:540} INFO - Filling up the DagBag from /home/airflow/.local/lib/python3.8/site-packages/airflow/example_dags/example_complex.py
[2024-03-09T07:15:10.724+0000] {processor.py:840} INFO - DAG(s) 'example_complex' retrieved from /home/airflow/.local/lib/python3.8/site-packages/airflow/example_dags/example_complex.py
[2024-03-09T07:15:10.819+0000] {logging_mixin.py:188} INFO - [2024-03-09T07:15:10.819+0000] {dag.py:3047} INFO - Sync 1 DAGs
[2024-03-09T07:15:10.852+0000] {logging_mixin.py:188} INFO - [2024-03-09T07:15:10.851+0000] {dag.py:3834} INFO - Setting next_dagrun for example_complex to None, run_after=None
[2024-03-09T07:15:10.904+0000] {processor.py:183} INFO - Processing /home/airflow/.local/lib/python3.8/site-packages/airflow/example_dags/example_complex.py took 0.227 seconds
[2024-03-09T07:15:41.591+0000] {processor.py:161} INFO - Started process (PID=1014) to work on /home/airflow/.local/lib/python3.8/site-packages/airflow/example_dags/example_complex.py
[2024-03-09T07:15:41.594+0000] {processor.py:830} INFO - Processing file /home/airflow/.local/lib/python3.8/site-packages/airflow/example_dags/example_complex.py for tasks to queue
[2024-03-09T07:15:41.600+0000] {logging_mixin.py:188} INFO - [2024-03-09T07:15:41.599+0000] {dagbag.py:540} INFO - Filling up the DagBag from /home/airflow/.local/lib/python3.8/site-packages/airflow/example_dags/example_complex.py
[2024-03-09T07:15:41.664+0000] {processor.py:840} INFO - DAG(s) 'example_complex' retrieved from /home/airflow/.local/lib/python3.8/site-packages/airflow/example_dags/example_complex.py
[2024-03-09T07:15:41.782+0000] {logging_mixin.py:188} INFO - [2024-03-09T07:15:41.782+0000] {dag.py:3047} INFO - Sync 1 DAGs
[2024-03-09T07:15:41.822+0000] {logging_mixin.py:188} INFO - [2024-03-09T07:15:41.821+0000] {dag.py:3834} INFO - Setting next_dagrun for example_complex to None, run_after=None
[2024-03-09T07:15:41.883+0000] {processor.py:183} INFO - Processing /home/airflow/.local/lib/python3.8/site-packages/airflow/example_dags/example_complex.py took 0.302 seconds
[2024-03-09T07:16:12.493+0000] {processor.py:161} INFO - Started process (PID=1069) to work on /home/airflow/.local/lib/python3.8/site-packages/airflow/example_dags/example_complex.py
[2024-03-09T07:16:12.496+0000] {processor.py:830} INFO - Processing file /home/airflow/.local/lib/python3.8/site-packages/airflow/example_dags/example_complex.py for tasks to queue
[2024-03-09T07:16:12.501+0000] {logging_mixin.py:188} INFO - [2024-03-09T07:16:12.500+0000] {dagbag.py:540} INFO - Filling up the DagBag from /home/airflow/.local/lib/python3.8/site-packages/airflow/example_dags/example_complex.py
[2024-03-09T07:16:12.561+0000] {processor.py:840} INFO - DAG(s) 'example_complex' retrieved from /home/airflow/.local/lib/python3.8/site-packages/airflow/example_dags/example_complex.py
[2024-03-09T07:16:12.727+0000] {logging_mixin.py:188} INFO - [2024-03-09T07:16:12.725+0000] {dag.py:3047} INFO - Sync 1 DAGs
[2024-03-09T07:16:12.801+0000] {logging_mixin.py:188} INFO - [2024-03-09T07:16:12.800+0000] {dag.py:3834} INFO - Setting next_dagrun for example_complex to None, run_after=None
[2024-03-09T07:16:12.892+0000] {processor.py:183} INFO - Processing /home/airflow/.local/lib/python3.8/site-packages/airflow/example_dags/example_complex.py took 0.408 seconds
[2024-03-09T07:16:43.193+0000] {processor.py:161} INFO - Started process (PID=1124) to work on /home/airflow/.local/lib/python3.8/site-packages/airflow/example_dags/example_complex.py
[2024-03-09T07:16:43.196+0000] {processor.py:830} INFO - Processing file /home/airflow/.local/lib/python3.8/site-packages/airflow/example_dags/example_complex.py for tasks to queue
[2024-03-09T07:16:43.201+0000] {logging_mixin.py:188} INFO - [2024-03-09T07:16:43.200+0000] {dagbag.py:540} INFO - Filling up the DagBag from /home/airflow/.local/lib/python3.8/site-packages/airflow/example_dags/example_complex.py
[2024-03-09T07:16:43.238+0000] {processor.py:840} INFO - DAG(s) 'example_complex' retrieved from /home/airflow/.local/lib/python3.8/site-packages/airflow/example_dags/example_complex.py
[2024-03-09T07:16:43.357+0000] {logging_mixin.py:188} INFO - [2024-03-09T07:16:43.356+0000] {dag.py:3047} INFO - Sync 1 DAGs
[2024-03-09T07:16:43.393+0000] {logging_mixin.py:188} INFO - [2024-03-09T07:16:43.392+0000] {dag.py:3834} INFO - Setting next_dagrun for example_complex to None, run_after=None
[2024-03-09T07:16:43.449+0000] {processor.py:183} INFO - Processing /home/airflow/.local/lib/python3.8/site-packages/airflow/example_dags/example_complex.py took 0.264 seconds
[2024-03-09T07:17:13.701+0000] {processor.py:161} INFO - Started process (PID=1179) to work on /home/airflow/.local/lib/python3.8/site-packages/airflow/example_dags/example_complex.py
[2024-03-09T07:17:13.704+0000] {processor.py:830} INFO - Processing file /home/airflow/.local/lib/python3.8/site-packages/airflow/example_dags/example_complex.py for tasks to queue
[2024-03-09T07:17:13.711+0000] {logging_mixin.py:188} INFO - [2024-03-09T07:17:13.710+0000] {dagbag.py:540} INFO - Filling up the DagBag from /home/airflow/.local/lib/python3.8/site-packages/airflow/example_dags/example_complex.py
[2024-03-09T07:17:13.752+0000] {processor.py:840} INFO - DAG(s) 'example_complex' retrieved from /home/airflow/.local/lib/python3.8/site-packages/airflow/example_dags/example_complex.py
[2024-03-09T07:17:13.844+0000] {logging_mixin.py:188} INFO - [2024-03-09T07:17:13.843+0000] {dag.py:3047} INFO - Sync 1 DAGs
[2024-03-09T07:17:13.879+0000] {logging_mixin.py:188} INFO - [2024-03-09T07:17:13.879+0000] {dag.py:3834} INFO - Setting next_dagrun for example_complex to None, run_after=None
[2024-03-09T07:17:13.929+0000] {processor.py:183} INFO - Processing /home/airflow/.local/lib/python3.8/site-packages/airflow/example_dags/example_complex.py took 0.239 seconds
[2024-03-09T07:17:44.314+0000] {processor.py:161} INFO - Started process (PID=1234) to work on /home/airflow/.local/lib/python3.8/site-packages/airflow/example_dags/example_complex.py
[2024-03-09T07:17:44.317+0000] {processor.py:830} INFO - Processing file /home/airflow/.local/lib/python3.8/site-packages/airflow/example_dags/example_complex.py for tasks to queue
[2024-03-09T07:17:44.324+0000] {logging_mixin.py:188} INFO - [2024-03-09T07:17:44.323+0000] {dagbag.py:540} INFO - Filling up the DagBag from /home/airflow/.local/lib/python3.8/site-packages/airflow/example_dags/example_complex.py
[2024-03-09T07:17:44.366+0000] {processor.py:840} INFO - DAG(s) 'example_complex' retrieved from /home/airflow/.local/lib/python3.8/site-packages/airflow/example_dags/example_complex.py
[2024-03-09T07:17:44.536+0000] {logging_mixin.py:188} INFO - [2024-03-09T07:17:44.535+0000] {dag.py:3047} INFO - Sync 1 DAGs
[2024-03-09T07:17:44.591+0000] {logging_mixin.py:188} INFO - [2024-03-09T07:17:44.591+0000] {dag.py:3834} INFO - Setting next_dagrun for example_complex to None, run_after=None
[2024-03-09T07:17:44.658+0000] {processor.py:183} INFO - Processing /home/airflow/.local/lib/python3.8/site-packages/airflow/example_dags/example_complex.py took 0.352 seconds
[2024-03-09T07:18:14.947+0000] {processor.py:161} INFO - Started process (PID=1289) to work on /home/airflow/.local/lib/python3.8/site-packages/airflow/example_dags/example_complex.py
[2024-03-09T07:18:14.951+0000] {processor.py:830} INFO - Processing file /home/airflow/.local/lib/python3.8/site-packages/airflow/example_dags/example_complex.py for tasks to queue
[2024-03-09T07:18:14.957+0000] {logging_mixin.py:188} INFO - [2024-03-09T07:18:14.956+0000] {dagbag.py:540} INFO - Filling up the DagBag from /home/airflow/.local/lib/python3.8/site-packages/airflow/example_dags/example_complex.py
[2024-03-09T07:18:15.030+0000] {processor.py:840} INFO - DAG(s) 'example_complex' retrieved from /home/airflow/.local/lib/python3.8/site-packages/airflow/example_dags/example_complex.py
[2024-03-09T07:18:15.143+0000] {logging_mixin.py:188} INFO - [2024-03-09T07:18:15.143+0000] {dag.py:3047} INFO - Sync 1 DAGs
[2024-03-09T07:18:15.175+0000] {logging_mixin.py:188} INFO - [2024-03-09T07:18:15.175+0000] {dag.py:3834} INFO - Setting next_dagrun for example_complex to None, run_after=None
[2024-03-09T07:18:15.228+0000] {processor.py:183} INFO - Processing /home/airflow/.local/lib/python3.8/site-packages/airflow/example_dags/example_complex.py took 0.295 seconds
[2024-03-09T07:18:45.442+0000] {processor.py:161} INFO - Started process (PID=1344) to work on /home/airflow/.local/lib/python3.8/site-packages/airflow/example_dags/example_complex.py
[2024-03-09T07:18:45.447+0000] {processor.py:830} INFO - Processing file /home/airflow/.local/lib/python3.8/site-packages/airflow/example_dags/example_complex.py for tasks to queue
[2024-03-09T07:18:45.470+0000] {logging_mixin.py:188} INFO - [2024-03-09T07:18:45.467+0000] {dagbag.py:540} INFO - Filling up the DagBag from /home/airflow/.local/lib/python3.8/site-packages/airflow/example_dags/example_complex.py
[2024-03-09T07:18:45.572+0000] {processor.py:840} INFO - DAG(s) 'example_complex' retrieved from /home/airflow/.local/lib/python3.8/site-packages/airflow/example_dags/example_complex.py
[2024-03-09T07:18:45.675+0000] {logging_mixin.py:188} INFO - [2024-03-09T07:18:45.674+0000] {dag.py:3047} INFO - Sync 1 DAGs
[2024-03-09T07:18:45.715+0000] {logging_mixin.py:188} INFO - [2024-03-09T07:18:45.715+0000] {dag.py:3834} INFO - Setting next_dagrun for example_complex to None, run_after=None
[2024-03-09T07:18:45.762+0000] {processor.py:183} INFO - Processing /home/airflow/.local/lib/python3.8/site-packages/airflow/example_dags/example_complex.py took 0.344 seconds
[2024-03-09T07:19:16.252+0000] {processor.py:161} INFO - Started process (PID=1399) to work on /home/airflow/.local/lib/python3.8/site-packages/airflow/example_dags/example_complex.py
[2024-03-09T07:19:16.257+0000] {processor.py:830} INFO - Processing file /home/airflow/.local/lib/python3.8/site-packages/airflow/example_dags/example_complex.py for tasks to queue
[2024-03-09T07:19:16.265+0000] {logging_mixin.py:188} INFO - [2024-03-09T07:19:16.263+0000] {dagbag.py:540} INFO - Filling up the DagBag from /home/airflow/.local/lib/python3.8/site-packages/airflow/example_dags/example_complex.py
[2024-03-09T07:19:16.316+0000] {processor.py:840} INFO - DAG(s) 'example_complex' retrieved from /home/airflow/.local/lib/python3.8/site-packages/airflow/example_dags/example_complex.py
[2024-03-09T07:19:16.464+0000] {logging_mixin.py:188} INFO - [2024-03-09T07:19:16.464+0000] {dag.py:3047} INFO - Sync 1 DAGs
[2024-03-09T07:19:16.494+0000] {logging_mixin.py:188} INFO - [2024-03-09T07:19:16.494+0000] {dag.py:3834} INFO - Setting next_dagrun for example_complex to None, run_after=None
[2024-03-09T07:19:16.542+0000] {processor.py:183} INFO - Processing /home/airflow/.local/lib/python3.8/site-packages/airflow/example_dags/example_complex.py took 0.302 seconds
[2024-03-09T07:19:47.088+0000] {processor.py:161} INFO - Started process (PID=1454) to work on /home/airflow/.local/lib/python3.8/site-packages/airflow/example_dags/example_complex.py
[2024-03-09T07:19:47.100+0000] {processor.py:830} INFO - Processing file /home/airflow/.local/lib/python3.8/site-packages/airflow/example_dags/example_complex.py for tasks to queue
[2024-03-09T07:19:47.116+0000] {logging_mixin.py:188} INFO - [2024-03-09T07:19:47.110+0000] {dagbag.py:540} INFO - Filling up the DagBag from /home/airflow/.local/lib/python3.8/site-packages/airflow/example_dags/example_complex.py
[2024-03-09T07:19:47.198+0000] {processor.py:840} INFO - DAG(s) 'example_complex' retrieved from /home/airflow/.local/lib/python3.8/site-packages/airflow/example_dags/example_complex.py
[2024-03-09T07:19:47.354+0000] {logging_mixin.py:188} INFO - [2024-03-09T07:19:47.352+0000] {dag.py:3047} INFO - Sync 1 DAGs
[2024-03-09T07:19:47.424+0000] {logging_mixin.py:188} INFO - [2024-03-09T07:19:47.424+0000] {dag.py:3834} INFO - Setting next_dagrun for example_complex to None, run_after=None
[2024-03-09T07:19:47.508+0000] {processor.py:183} INFO - Processing /home/airflow/.local/lib/python3.8/site-packages/airflow/example_dags/example_complex.py took 0.441 seconds
[2024-03-09T07:20:18.076+0000] {processor.py:161} INFO - Started process (PID=1509) to work on /home/airflow/.local/lib/python3.8/site-packages/airflow/example_dags/example_complex.py
[2024-03-09T07:20:18.081+0000] {processor.py:830} INFO - Processing file /home/airflow/.local/lib/python3.8/site-packages/airflow/example_dags/example_complex.py for tasks to queue
[2024-03-09T07:20:18.091+0000] {logging_mixin.py:188} INFO - [2024-03-09T07:20:18.089+0000] {dagbag.py:540} INFO - Filling up the DagBag from /home/airflow/.local/lib/python3.8/site-packages/airflow/example_dags/example_complex.py
[2024-03-09T07:20:18.155+0000] {processor.py:840} INFO - DAG(s) 'example_complex' retrieved from /home/airflow/.local/lib/python3.8/site-packages/airflow/example_dags/example_complex.py
[2024-03-09T07:20:18.343+0000] {logging_mixin.py:188} INFO - [2024-03-09T07:20:18.341+0000] {dag.py:3047} INFO - Sync 1 DAGs
[2024-03-09T07:20:18.408+0000] {logging_mixin.py:188} INFO - [2024-03-09T07:20:18.407+0000] {dag.py:3834} INFO - Setting next_dagrun for example_complex to None, run_after=None
[2024-03-09T07:20:18.510+0000] {processor.py:183} INFO - Processing /home/airflow/.local/lib/python3.8/site-packages/airflow/example_dags/example_complex.py took 0.448 seconds
[2024-03-09T07:20:49.220+0000] {processor.py:161} INFO - Started process (PID=1564) to work on /home/airflow/.local/lib/python3.8/site-packages/airflow/example_dags/example_complex.py
[2024-03-09T07:20:49.223+0000] {processor.py:830} INFO - Processing file /home/airflow/.local/lib/python3.8/site-packages/airflow/example_dags/example_complex.py for tasks to queue
[2024-03-09T07:20:49.228+0000] {logging_mixin.py:188} INFO - [2024-03-09T07:20:49.227+0000] {dagbag.py:540} INFO - Filling up the DagBag from /home/airflow/.local/lib/python3.8/site-packages/airflow/example_dags/example_complex.py
[2024-03-09T07:20:49.263+0000] {processor.py:840} INFO - DAG(s) 'example_complex' retrieved from /home/airflow/.local/lib/python3.8/site-packages/airflow/example_dags/example_complex.py
[2024-03-09T07:20:49.389+0000] {logging_mixin.py:188} INFO - [2024-03-09T07:20:49.389+0000] {dag.py:3047} INFO - Sync 1 DAGs
[2024-03-09T07:20:49.429+0000] {logging_mixin.py:188} INFO - [2024-03-09T07:20:49.428+0000] {dag.py:3834} INFO - Setting next_dagrun for example_complex to None, run_after=None
[2024-03-09T07:20:49.494+0000] {processor.py:183} INFO - Processing /home/airflow/.local/lib/python3.8/site-packages/airflow/example_dags/example_complex.py took 0.284 seconds
[2024-03-09T07:21:19.738+0000] {processor.py:161} INFO - Started process (PID=1620) to work on /home/airflow/.local/lib/python3.8/site-packages/airflow/example_dags/example_complex.py
[2024-03-09T07:21:19.743+0000] {processor.py:830} INFO - Processing file /home/airflow/.local/lib/python3.8/site-packages/airflow/example_dags/example_complex.py for tasks to queue
[2024-03-09T07:21:19.752+0000] {logging_mixin.py:188} INFO - [2024-03-09T07:21:19.751+0000] {dagbag.py:540} INFO - Filling up the DagBag from /home/airflow/.local/lib/python3.8/site-packages/airflow/example_dags/example_complex.py
[2024-03-09T07:21:19.819+0000] {processor.py:840} INFO - DAG(s) 'example_complex' retrieved from /home/airflow/.local/lib/python3.8/site-packages/airflow/example_dags/example_complex.py
[2024-03-09T07:21:19.936+0000] {logging_mixin.py:188} INFO - [2024-03-09T07:21:19.936+0000] {dag.py:3047} INFO - Sync 1 DAGs
[2024-03-09T07:21:19.974+0000] {logging_mixin.py:188} INFO - [2024-03-09T07:21:19.973+0000] {dag.py:3834} INFO - Setting next_dagrun for example_complex to None, run_after=None
[2024-03-09T07:21:20.039+0000] {processor.py:183} INFO - Processing /home/airflow/.local/lib/python3.8/site-packages/airflow/example_dags/example_complex.py took 0.312 seconds
[2024-03-09T07:21:52.907+0000] {processor.py:161} INFO - Started process (PID=1675) to work on /home/airflow/.local/lib/python3.8/site-packages/airflow/example_dags/example_complex.py
[2024-03-09T07:21:52.911+0000] {processor.py:830} INFO - Processing file /home/airflow/.local/lib/python3.8/site-packages/airflow/example_dags/example_complex.py for tasks to queue
[2024-03-09T07:21:52.917+0000] {logging_mixin.py:188} INFO - [2024-03-09T07:21:52.916+0000] {dagbag.py:540} INFO - Filling up the DagBag from /home/airflow/.local/lib/python3.8/site-packages/airflow/example_dags/example_complex.py
[2024-03-09T07:21:52.953+0000] {processor.py:840} INFO - DAG(s) 'example_complex' retrieved from /home/airflow/.local/lib/python3.8/site-packages/airflow/example_dags/example_complex.py
[2024-03-09T07:21:53.052+0000] {logging_mixin.py:188} INFO - [2024-03-09T07:21:53.051+0000] {dag.py:3047} INFO - Sync 1 DAGs
[2024-03-09T07:21:53.090+0000] {logging_mixin.py:188} INFO - [2024-03-09T07:21:53.089+0000] {dag.py:3834} INFO - Setting next_dagrun for example_complex to None, run_after=None
[2024-03-09T07:21:53.152+0000] {processor.py:183} INFO - Processing /home/airflow/.local/lib/python3.8/site-packages/airflow/example_dags/example_complex.py took 0.255 seconds
[2024-03-09T07:22:24.163+0000] {processor.py:161} INFO - Started process (PID=1731) to work on /home/airflow/.local/lib/python3.8/site-packages/airflow/example_dags/example_complex.py
[2024-03-09T07:22:24.167+0000] {processor.py:830} INFO - Processing file /home/airflow/.local/lib/python3.8/site-packages/airflow/example_dags/example_complex.py for tasks to queue
[2024-03-09T07:22:24.182+0000] {logging_mixin.py:188} INFO - [2024-03-09T07:22:24.180+0000] {dagbag.py:540} INFO - Filling up the DagBag from /home/airflow/.local/lib/python3.8/site-packages/airflow/example_dags/example_complex.py
[2024-03-09T07:22:24.255+0000] {processor.py:840} INFO - DAG(s) 'example_complex' retrieved from /home/airflow/.local/lib/python3.8/site-packages/airflow/example_dags/example_complex.py
[2024-03-09T07:22:24.482+0000] {logging_mixin.py:188} INFO - [2024-03-09T07:22:24.481+0000] {dag.py:3047} INFO - Sync 1 DAGs
[2024-03-09T07:22:24.539+0000] {logging_mixin.py:188} INFO - [2024-03-09T07:22:24.538+0000] {dag.py:3834} INFO - Setting next_dagrun for example_complex to None, run_after=None
[2024-03-09T07:22:24.617+0000] {processor.py:183} INFO - Processing /home/airflow/.local/lib/python3.8/site-packages/airflow/example_dags/example_complex.py took 0.471 seconds
[2024-03-09T07:22:54.818+0000] {processor.py:161} INFO - Started process (PID=1784) to work on /home/airflow/.local/lib/python3.8/site-packages/airflow/example_dags/example_complex.py
[2024-03-09T07:22:54.821+0000] {processor.py:830} INFO - Processing file /home/airflow/.local/lib/python3.8/site-packages/airflow/example_dags/example_complex.py for tasks to queue
[2024-03-09T07:22:54.825+0000] {logging_mixin.py:188} INFO - [2024-03-09T07:22:54.825+0000] {dagbag.py:540} INFO - Filling up the DagBag from /home/airflow/.local/lib/python3.8/site-packages/airflow/example_dags/example_complex.py
[2024-03-09T07:22:54.863+0000] {processor.py:840} INFO - DAG(s) 'example_complex' retrieved from /home/airflow/.local/lib/python3.8/site-packages/airflow/example_dags/example_complex.py
[2024-03-09T07:22:55.005+0000] {logging_mixin.py:188} INFO - [2024-03-09T07:22:55.004+0000] {dag.py:3047} INFO - Sync 1 DAGs
[2024-03-09T07:22:55.056+0000] {logging_mixin.py:188} INFO - [2024-03-09T07:22:55.056+0000] {dag.py:3834} INFO - Setting next_dagrun for example_complex to None, run_after=None
[2024-03-09T07:22:55.130+0000] {processor.py:183} INFO - Processing /home/airflow/.local/lib/python3.8/site-packages/airflow/example_dags/example_complex.py took 0.322 seconds
[2024-03-09T07:23:25.710+0000] {processor.py:161} INFO - Started process (PID=1839) to work on /home/airflow/.local/lib/python3.8/site-packages/airflow/example_dags/example_complex.py
[2024-03-09T07:23:25.716+0000] {processor.py:830} INFO - Processing file /home/airflow/.local/lib/python3.8/site-packages/airflow/example_dags/example_complex.py for tasks to queue
[2024-03-09T07:23:25.728+0000] {logging_mixin.py:188} INFO - [2024-03-09T07:23:25.726+0000] {dagbag.py:540} INFO - Filling up the DagBag from /home/airflow/.local/lib/python3.8/site-packages/airflow/example_dags/example_complex.py
[2024-03-09T07:23:25.804+0000] {processor.py:840} INFO - DAG(s) 'example_complex' retrieved from /home/airflow/.local/lib/python3.8/site-packages/airflow/example_dags/example_complex.py
[2024-03-09T07:23:26.018+0000] {logging_mixin.py:188} INFO - [2024-03-09T07:23:26.017+0000] {dag.py:3047} INFO - Sync 1 DAGs
[2024-03-09T07:23:26.104+0000] {logging_mixin.py:188} INFO - [2024-03-09T07:23:26.101+0000] {dag.py:3834} INFO - Setting next_dagrun for example_complex to None, run_after=None
[2024-03-09T07:23:26.172+0000] {processor.py:183} INFO - Processing /home/airflow/.local/lib/python3.8/site-packages/airflow/example_dags/example_complex.py took 0.480 seconds
[2024-03-09T07:23:56.678+0000] {processor.py:161} INFO - Started process (PID=1894) to work on /home/airflow/.local/lib/python3.8/site-packages/airflow/example_dags/example_complex.py
[2024-03-09T07:23:56.683+0000] {processor.py:830} INFO - Processing file /home/airflow/.local/lib/python3.8/site-packages/airflow/example_dags/example_complex.py for tasks to queue
[2024-03-09T07:23:56.695+0000] {logging_mixin.py:188} INFO - [2024-03-09T07:23:56.694+0000] {dagbag.py:540} INFO - Filling up the DagBag from /home/airflow/.local/lib/python3.8/site-packages/airflow/example_dags/example_complex.py
[2024-03-09T07:23:56.755+0000] {processor.py:840} INFO - DAG(s) 'example_complex' retrieved from /home/airflow/.local/lib/python3.8/site-packages/airflow/example_dags/example_complex.py
[2024-03-09T07:23:56.872+0000] {logging_mixin.py:188} INFO - [2024-03-09T07:23:56.871+0000] {dag.py:3047} INFO - Sync 1 DAGs
[2024-03-09T07:23:56.899+0000] {logging_mixin.py:188} INFO - [2024-03-09T07:23:56.899+0000] {dag.py:3834} INFO - Setting next_dagrun for example_complex to None, run_after=None
[2024-03-09T07:23:56.955+0000] {processor.py:183} INFO - Processing /home/airflow/.local/lib/python3.8/site-packages/airflow/example_dags/example_complex.py took 0.293 seconds
[2024-03-09T07:24:27.737+0000] {processor.py:161} INFO - Started process (PID=1949) to work on /home/airflow/.local/lib/python3.8/site-packages/airflow/example_dags/example_complex.py
[2024-03-09T07:24:27.744+0000] {processor.py:830} INFO - Processing file /home/airflow/.local/lib/python3.8/site-packages/airflow/example_dags/example_complex.py for tasks to queue
[2024-03-09T07:24:27.753+0000] {logging_mixin.py:188} INFO - [2024-03-09T07:24:27.752+0000] {dagbag.py:540} INFO - Filling up the DagBag from /home/airflow/.local/lib/python3.8/site-packages/airflow/example_dags/example_complex.py
[2024-03-09T07:24:27.853+0000] {processor.py:840} INFO - DAG(s) 'example_complex' retrieved from /home/airflow/.local/lib/python3.8/site-packages/airflow/example_dags/example_complex.py
[2024-03-09T07:24:27.968+0000] {logging_mixin.py:188} INFO - [2024-03-09T07:24:27.967+0000] {dag.py:3047} INFO - Sync 1 DAGs
[2024-03-09T07:24:28.027+0000] {logging_mixin.py:188} INFO - [2024-03-09T07:24:28.026+0000] {dag.py:3834} INFO - Setting next_dagrun for example_complex to None, run_after=None
[2024-03-09T07:24:28.094+0000] {processor.py:183} INFO - Processing /home/airflow/.local/lib/python3.8/site-packages/airflow/example_dags/example_complex.py took 0.377 seconds
[2024-03-09T07:24:59.173+0000] {processor.py:161} INFO - Started process (PID=2004) to work on /home/airflow/.local/lib/python3.8/site-packages/airflow/example_dags/example_complex.py
[2024-03-09T07:24:59.179+0000] {processor.py:830} INFO - Processing file /home/airflow/.local/lib/python3.8/site-packages/airflow/example_dags/example_complex.py for tasks to queue
[2024-03-09T07:24:59.186+0000] {logging_mixin.py:188} INFO - [2024-03-09T07:24:59.185+0000] {dagbag.py:540} INFO - Filling up the DagBag from /home/airflow/.local/lib/python3.8/site-packages/airflow/example_dags/example_complex.py
[2024-03-09T07:24:59.248+0000] {processor.py:840} INFO - DAG(s) 'example_complex' retrieved from /home/airflow/.local/lib/python3.8/site-packages/airflow/example_dags/example_complex.py
[2024-03-09T07:24:59.410+0000] {logging_mixin.py:188} INFO - [2024-03-09T07:24:59.410+0000] {dag.py:3047} INFO - Sync 1 DAGs
[2024-03-09T07:24:59.481+0000] {logging_mixin.py:188} INFO - [2024-03-09T07:24:59.480+0000] {dag.py:3834} INFO - Setting next_dagrun for example_complex to None, run_after=None
[2024-03-09T07:24:59.583+0000] {processor.py:183} INFO - Processing /home/airflow/.local/lib/python3.8/site-packages/airflow/example_dags/example_complex.py took 0.420 seconds
[2024-03-09T07:25:30.428+0000] {processor.py:161} INFO - Started process (PID=2059) to work on /home/airflow/.local/lib/python3.8/site-packages/airflow/example_dags/example_complex.py
[2024-03-09T07:25:30.431+0000] {processor.py:830} INFO - Processing file /home/airflow/.local/lib/python3.8/site-packages/airflow/example_dags/example_complex.py for tasks to queue
[2024-03-09T07:25:30.438+0000] {logging_mixin.py:188} INFO - [2024-03-09T07:25:30.437+0000] {dagbag.py:540} INFO - Filling up the DagBag from /home/airflow/.local/lib/python3.8/site-packages/airflow/example_dags/example_complex.py
[2024-03-09T07:25:30.484+0000] {processor.py:840} INFO - DAG(s) 'example_complex' retrieved from /home/airflow/.local/lib/python3.8/site-packages/airflow/example_dags/example_complex.py
[2024-03-09T07:25:30.644+0000] {logging_mixin.py:188} INFO - [2024-03-09T07:25:30.644+0000] {dag.py:3047} INFO - Sync 1 DAGs
[2024-03-09T07:25:30.689+0000] {logging_mixin.py:188} INFO - [2024-03-09T07:25:30.687+0000] {dag.py:3834} INFO - Setting next_dagrun for example_complex to None, run_after=None
[2024-03-09T07:25:30.761+0000] {processor.py:183} INFO - Processing /home/airflow/.local/lib/python3.8/site-packages/airflow/example_dags/example_complex.py took 0.345 seconds
[2024-03-09T07:26:01.581+0000] {processor.py:161} INFO - Started process (PID=2114) to work on /home/airflow/.local/lib/python3.8/site-packages/airflow/example_dags/example_complex.py
[2024-03-09T07:26:01.584+0000] {processor.py:830} INFO - Processing file /home/airflow/.local/lib/python3.8/site-packages/airflow/example_dags/example_complex.py for tasks to queue
[2024-03-09T07:26:01.589+0000] {logging_mixin.py:188} INFO - [2024-03-09T07:26:01.588+0000] {dagbag.py:540} INFO - Filling up the DagBag from /home/airflow/.local/lib/python3.8/site-packages/airflow/example_dags/example_complex.py
[2024-03-09T07:26:01.624+0000] {processor.py:840} INFO - DAG(s) 'example_complex' retrieved from /home/airflow/.local/lib/python3.8/site-packages/airflow/example_dags/example_complex.py
[2024-03-09T07:26:01.726+0000] {logging_mixin.py:188} INFO - [2024-03-09T07:26:01.725+0000] {dag.py:3047} INFO - Sync 1 DAGs
[2024-03-09T07:26:01.762+0000] {logging_mixin.py:188} INFO - [2024-03-09T07:26:01.761+0000] {dag.py:3834} INFO - Setting next_dagrun for example_complex to None, run_after=None
[2024-03-09T07:26:01.816+0000] {processor.py:183} INFO - Processing /home/airflow/.local/lib/python3.8/site-packages/airflow/example_dags/example_complex.py took 0.245 seconds
[2024-03-09T07:26:32.526+0000] {processor.py:161} INFO - Started process (PID=2169) to work on /home/airflow/.local/lib/python3.8/site-packages/airflow/example_dags/example_complex.py
[2024-03-09T07:26:32.529+0000] {processor.py:830} INFO - Processing file /home/airflow/.local/lib/python3.8/site-packages/airflow/example_dags/example_complex.py for tasks to queue
[2024-03-09T07:26:32.535+0000] {logging_mixin.py:188} INFO - [2024-03-09T07:26:32.534+0000] {dagbag.py:540} INFO - Filling up the DagBag from /home/airflow/.local/lib/python3.8/site-packages/airflow/example_dags/example_complex.py
[2024-03-09T07:26:32.583+0000] {processor.py:840} INFO - DAG(s) 'example_complex' retrieved from /home/airflow/.local/lib/python3.8/site-packages/airflow/example_dags/example_complex.py
[2024-03-09T07:26:32.719+0000] {logging_mixin.py:188} INFO - [2024-03-09T07:26:32.717+0000] {dag.py:3047} INFO - Sync 1 DAGs
[2024-03-09T07:26:32.787+0000] {logging_mixin.py:188} INFO - [2024-03-09T07:26:32.785+0000] {dag.py:3834} INFO - Setting next_dagrun for example_complex to None, run_after=None
[2024-03-09T07:26:32.861+0000] {processor.py:183} INFO - Processing /home/airflow/.local/lib/python3.8/site-packages/airflow/example_dags/example_complex.py took 0.353 seconds
