[2024-03-09T07:06:37.518+0000] {processor.py:161} INFO - Started process (PID=74) to work on /home/airflow/.local/lib/python3.8/site-packages/airflow/example_dags/example_task_group_decorator.py
[2024-03-09T07:06:37.521+0000] {processor.py:830} INFO - Processing file /home/airflow/.local/lib/python3.8/site-packages/airflow/example_dags/example_task_group_decorator.py for tasks to queue
[2024-03-09T07:06:37.527+0000] {logging_mixin.py:188} INFO - [2024-03-09T07:06:37.526+0000] {dagbag.py:540} INFO - Filling up the DagBag from /home/airflow/.local/lib/python3.8/site-packages/airflow/example_dags/example_task_group_decorator.py
[2024-03-09T07:06:37.592+0000] {processor.py:840} INFO - DAG(s) 'example_task_group_decorator' retrieved from /home/airflow/.local/lib/python3.8/site-packages/airflow/example_dags/example_task_group_decorator.py
[2024-03-09T07:06:38.413+0000] {logging_mixin.py:188} INFO - [2024-03-09T07:06:38.412+0000] {dag.py:3047} INFO - Sync 1 DAGs
[2024-03-09T07:06:38.815+0000] {logging_mixin.py:188} INFO - [2024-03-09T07:06:38.813+0000] {dag.py:3834} INFO - Setting next_dagrun for example_task_group_decorator to 2024-03-08 00:00:00+00:00, run_after=2024-03-09 00:00:00+00:00
[2024-03-09T07:06:38.946+0000] {processor.py:183} INFO - Processing /home/airflow/.local/lib/python3.8/site-packages/airflow/example_dags/example_task_group_decorator.py took 1.438 seconds
[2024-03-09T07:07:24.572+0000] {processor.py:161} INFO - Started process (PID=129) to work on /home/airflow/.local/lib/python3.8/site-packages/airflow/example_dags/example_task_group_decorator.py
[2024-03-09T07:07:24.575+0000] {processor.py:830} INFO - Processing file /home/airflow/.local/lib/python3.8/site-packages/airflow/example_dags/example_task_group_decorator.py for tasks to queue
[2024-03-09T07:07:24.579+0000] {logging_mixin.py:188} INFO - [2024-03-09T07:07:24.579+0000] {dagbag.py:540} INFO - Filling up the DagBag from /home/airflow/.local/lib/python3.8/site-packages/airflow/example_dags/example_task_group_decorator.py
[2024-03-09T07:07:24.626+0000] {processor.py:840} INFO - DAG(s) 'example_task_group_decorator' retrieved from /home/airflow/.local/lib/python3.8/site-packages/airflow/example_dags/example_task_group_decorator.py
[2024-03-09T07:07:24.694+0000] {logging_mixin.py:188} INFO - [2024-03-09T07:07:24.694+0000] {dag.py:3047} INFO - Sync 1 DAGs
[2024-03-09T07:07:24.765+0000] {logging_mixin.py:188} INFO - [2024-03-09T07:07:24.764+0000] {dag.py:3834} INFO - Setting next_dagrun for example_task_group_decorator to 2024-03-08 00:00:00+00:00, run_after=2024-03-09 00:00:00+00:00
[2024-03-09T07:07:24.828+0000] {processor.py:183} INFO - Processing /home/airflow/.local/lib/python3.8/site-packages/airflow/example_dags/example_task_group_decorator.py took 0.266 seconds
[2024-03-09T07:07:55.298+0000] {processor.py:161} INFO - Started process (PID=184) to work on /home/airflow/.local/lib/python3.8/site-packages/airflow/example_dags/example_task_group_decorator.py
[2024-03-09T07:07:55.302+0000] {processor.py:830} INFO - Processing file /home/airflow/.local/lib/python3.8/site-packages/airflow/example_dags/example_task_group_decorator.py for tasks to queue
[2024-03-09T07:07:55.307+0000] {logging_mixin.py:188} INFO - [2024-03-09T07:07:55.306+0000] {dagbag.py:540} INFO - Filling up the DagBag from /home/airflow/.local/lib/python3.8/site-packages/airflow/example_dags/example_task_group_decorator.py
[2024-03-09T07:07:55.357+0000] {processor.py:840} INFO - DAG(s) 'example_task_group_decorator' retrieved from /home/airflow/.local/lib/python3.8/site-packages/airflow/example_dags/example_task_group_decorator.py
[2024-03-09T07:07:55.442+0000] {logging_mixin.py:188} INFO - [2024-03-09T07:07:55.441+0000] {dag.py:3047} INFO - Sync 1 DAGs
[2024-03-09T07:07:55.515+0000] {logging_mixin.py:188} INFO - [2024-03-09T07:07:55.514+0000] {dag.py:3834} INFO - Setting next_dagrun for example_task_group_decorator to 2024-03-08 00:00:00+00:00, run_after=2024-03-09 00:00:00+00:00
[2024-03-09T07:07:55.572+0000] {processor.py:183} INFO - Processing /home/airflow/.local/lib/python3.8/site-packages/airflow/example_dags/example_task_group_decorator.py took 0.283 seconds
[2024-03-09T07:08:26.395+0000] {processor.py:161} INFO - Started process (PID=239) to work on /home/airflow/.local/lib/python3.8/site-packages/airflow/example_dags/example_task_group_decorator.py
[2024-03-09T07:08:26.398+0000] {processor.py:830} INFO - Processing file /home/airflow/.local/lib/python3.8/site-packages/airflow/example_dags/example_task_group_decorator.py for tasks to queue
[2024-03-09T07:08:26.402+0000] {logging_mixin.py:188} INFO - [2024-03-09T07:08:26.401+0000] {dagbag.py:540} INFO - Filling up the DagBag from /home/airflow/.local/lib/python3.8/site-packages/airflow/example_dags/example_task_group_decorator.py
[2024-03-09T07:08:26.452+0000] {processor.py:840} INFO - DAG(s) 'example_task_group_decorator' retrieved from /home/airflow/.local/lib/python3.8/site-packages/airflow/example_dags/example_task_group_decorator.py
[2024-03-09T07:08:26.524+0000] {logging_mixin.py:188} INFO - [2024-03-09T07:08:26.523+0000] {dag.py:3047} INFO - Sync 1 DAGs
[2024-03-09T07:08:26.578+0000] {logging_mixin.py:188} INFO - [2024-03-09T07:08:26.577+0000] {dag.py:3834} INFO - Setting next_dagrun for example_task_group_decorator to 2024-03-08 00:00:00+00:00, run_after=2024-03-09 00:00:00+00:00
[2024-03-09T07:08:26.623+0000] {processor.py:183} INFO - Processing /home/airflow/.local/lib/python3.8/site-packages/airflow/example_dags/example_task_group_decorator.py took 0.236 seconds
[2024-03-09T07:08:59.638+0000] {processor.py:161} INFO - Started process (PID=294) to work on /home/airflow/.local/lib/python3.8/site-packages/airflow/example_dags/example_task_group_decorator.py
[2024-03-09T07:08:59.644+0000] {processor.py:830} INFO - Processing file /home/airflow/.local/lib/python3.8/site-packages/airflow/example_dags/example_task_group_decorator.py for tasks to queue
[2024-03-09T07:08:59.655+0000] {logging_mixin.py:188} INFO - [2024-03-09T07:08:59.653+0000] {dagbag.py:540} INFO - Filling up the DagBag from /home/airflow/.local/lib/python3.8/site-packages/airflow/example_dags/example_task_group_decorator.py
[2024-03-09T07:08:59.768+0000] {processor.py:840} INFO - DAG(s) 'example_task_group_decorator' retrieved from /home/airflow/.local/lib/python3.8/site-packages/airflow/example_dags/example_task_group_decorator.py
[2024-03-09T07:08:59.909+0000] {logging_mixin.py:188} INFO - [2024-03-09T07:08:59.908+0000] {dag.py:3047} INFO - Sync 1 DAGs
[2024-03-09T07:09:00.007+0000] {logging_mixin.py:188} INFO - [2024-03-09T07:09:00.005+0000] {dag.py:3834} INFO - Setting next_dagrun for example_task_group_decorator to 2024-03-08 00:00:00+00:00, run_after=2024-03-09 00:00:00+00:00
[2024-03-09T07:09:00.092+0000] {processor.py:183} INFO - Processing /home/airflow/.local/lib/python3.8/site-packages/airflow/example_dags/example_task_group_decorator.py took 0.470 seconds
[2024-03-09T07:09:30.470+0000] {processor.py:161} INFO - Started process (PID=349) to work on /home/airflow/.local/lib/python3.8/site-packages/airflow/example_dags/example_task_group_decorator.py
[2024-03-09T07:09:30.474+0000] {processor.py:830} INFO - Processing file /home/airflow/.local/lib/python3.8/site-packages/airflow/example_dags/example_task_group_decorator.py for tasks to queue
[2024-03-09T07:09:30.480+0000] {logging_mixin.py:188} INFO - [2024-03-09T07:09:30.479+0000] {dagbag.py:540} INFO - Filling up the DagBag from /home/airflow/.local/lib/python3.8/site-packages/airflow/example_dags/example_task_group_decorator.py
[2024-03-09T07:09:30.528+0000] {processor.py:840} INFO - DAG(s) 'example_task_group_decorator' retrieved from /home/airflow/.local/lib/python3.8/site-packages/airflow/example_dags/example_task_group_decorator.py
[2024-03-09T07:09:30.621+0000] {logging_mixin.py:188} INFO - [2024-03-09T07:09:30.620+0000] {dag.py:3047} INFO - Sync 1 DAGs
[2024-03-09T07:09:30.689+0000] {logging_mixin.py:188} INFO - [2024-03-09T07:09:30.688+0000] {dag.py:3834} INFO - Setting next_dagrun for example_task_group_decorator to 2024-03-08 00:00:00+00:00, run_after=2024-03-09 00:00:00+00:00
[2024-03-09T07:09:30.777+0000] {processor.py:183} INFO - Processing /home/airflow/.local/lib/python3.8/site-packages/airflow/example_dags/example_task_group_decorator.py took 0.317 seconds
[2024-03-09T07:10:01.226+0000] {processor.py:161} INFO - Started process (PID=402) to work on /home/airflow/.local/lib/python3.8/site-packages/airflow/example_dags/example_task_group_decorator.py
[2024-03-09T07:10:01.232+0000] {processor.py:830} INFO - Processing file /home/airflow/.local/lib/python3.8/site-packages/airflow/example_dags/example_task_group_decorator.py for tasks to queue
[2024-03-09T07:10:01.244+0000] {logging_mixin.py:188} INFO - [2024-03-09T07:10:01.242+0000] {dagbag.py:540} INFO - Filling up the DagBag from /home/airflow/.local/lib/python3.8/site-packages/airflow/example_dags/example_task_group_decorator.py
[2024-03-09T07:10:01.325+0000] {processor.py:840} INFO - DAG(s) 'example_task_group_decorator' retrieved from /home/airflow/.local/lib/python3.8/site-packages/airflow/example_dags/example_task_group_decorator.py
[2024-03-09T07:10:01.449+0000] {logging_mixin.py:188} INFO - [2024-03-09T07:10:01.448+0000] {dag.py:3047} INFO - Sync 1 DAGs
[2024-03-09T07:10:01.567+0000] {logging_mixin.py:188} INFO - [2024-03-09T07:10:01.566+0000] {dag.py:3834} INFO - Setting next_dagrun for example_task_group_decorator to 2024-03-08 00:00:00+00:00, run_after=2024-03-09 00:00:00+00:00
[2024-03-09T07:10:01.617+0000] {processor.py:183} INFO - Processing /home/airflow/.local/lib/python3.8/site-packages/airflow/example_dags/example_task_group_decorator.py took 0.409 seconds
[2024-03-09T07:10:32.033+0000] {processor.py:161} INFO - Started process (PID=456) to work on /home/airflow/.local/lib/python3.8/site-packages/airflow/example_dags/example_task_group_decorator.py
[2024-03-09T07:10:32.037+0000] {processor.py:830} INFO - Processing file /home/airflow/.local/lib/python3.8/site-packages/airflow/example_dags/example_task_group_decorator.py for tasks to queue
[2024-03-09T07:10:32.044+0000] {logging_mixin.py:188} INFO - [2024-03-09T07:10:32.043+0000] {dagbag.py:540} INFO - Filling up the DagBag from /home/airflow/.local/lib/python3.8/site-packages/airflow/example_dags/example_task_group_decorator.py
[2024-03-09T07:10:32.093+0000] {processor.py:840} INFO - DAG(s) 'example_task_group_decorator' retrieved from /home/airflow/.local/lib/python3.8/site-packages/airflow/example_dags/example_task_group_decorator.py
[2024-03-09T07:10:32.195+0000] {logging_mixin.py:188} INFO - [2024-03-09T07:10:32.194+0000] {dag.py:3047} INFO - Sync 1 DAGs
[2024-03-09T07:10:32.308+0000] {logging_mixin.py:188} INFO - [2024-03-09T07:10:32.307+0000] {dag.py:3834} INFO - Setting next_dagrun for example_task_group_decorator to 2024-03-08 00:00:00+00:00, run_after=2024-03-09 00:00:00+00:00
[2024-03-09T07:10:32.392+0000] {processor.py:183} INFO - Processing /home/airflow/.local/lib/python3.8/site-packages/airflow/example_dags/example_task_group_decorator.py took 0.369 seconds
[2024-03-09T07:11:03.287+0000] {processor.py:161} INFO - Started process (PID=511) to work on /home/airflow/.local/lib/python3.8/site-packages/airflow/example_dags/example_task_group_decorator.py
[2024-03-09T07:11:03.292+0000] {processor.py:830} INFO - Processing file /home/airflow/.local/lib/python3.8/site-packages/airflow/example_dags/example_task_group_decorator.py for tasks to queue
[2024-03-09T07:11:03.304+0000] {logging_mixin.py:188} INFO - [2024-03-09T07:11:03.302+0000] {dagbag.py:540} INFO - Filling up the DagBag from /home/airflow/.local/lib/python3.8/site-packages/airflow/example_dags/example_task_group_decorator.py
[2024-03-09T07:11:03.403+0000] {processor.py:840} INFO - DAG(s) 'example_task_group_decorator' retrieved from /home/airflow/.local/lib/python3.8/site-packages/airflow/example_dags/example_task_group_decorator.py
[2024-03-09T07:11:03.556+0000] {logging_mixin.py:188} INFO - [2024-03-09T07:11:03.555+0000] {dag.py:3047} INFO - Sync 1 DAGs
[2024-03-09T07:11:03.632+0000] {logging_mixin.py:188} INFO - [2024-03-09T07:11:03.632+0000] {dag.py:3834} INFO - Setting next_dagrun for example_task_group_decorator to 2024-03-08 00:00:00+00:00, run_after=2024-03-09 00:00:00+00:00
[2024-03-09T07:11:03.676+0000] {processor.py:183} INFO - Processing /home/airflow/.local/lib/python3.8/site-packages/airflow/example_dags/example_task_group_decorator.py took 0.407 seconds
[2024-03-09T07:11:34.612+0000] {processor.py:161} INFO - Started process (PID=566) to work on /home/airflow/.local/lib/python3.8/site-packages/airflow/example_dags/example_task_group_decorator.py
[2024-03-09T07:11:34.617+0000] {processor.py:830} INFO - Processing file /home/airflow/.local/lib/python3.8/site-packages/airflow/example_dags/example_task_group_decorator.py for tasks to queue
[2024-03-09T07:11:34.626+0000] {logging_mixin.py:188} INFO - [2024-03-09T07:11:34.625+0000] {dagbag.py:540} INFO - Filling up the DagBag from /home/airflow/.local/lib/python3.8/site-packages/airflow/example_dags/example_task_group_decorator.py
[2024-03-09T07:11:34.720+0000] {processor.py:840} INFO - DAG(s) 'example_task_group_decorator' retrieved from /home/airflow/.local/lib/python3.8/site-packages/airflow/example_dags/example_task_group_decorator.py
[2024-03-09T07:11:34.870+0000] {logging_mixin.py:188} INFO - [2024-03-09T07:11:34.869+0000] {dag.py:3047} INFO - Sync 1 DAGs
[2024-03-09T07:11:34.970+0000] {logging_mixin.py:188} INFO - [2024-03-09T07:11:34.969+0000] {dag.py:3834} INFO - Setting next_dagrun for example_task_group_decorator to 2024-03-08 00:00:00+00:00, run_after=2024-03-09 00:00:00+00:00
[2024-03-09T07:11:35.012+0000] {processor.py:183} INFO - Processing /home/airflow/.local/lib/python3.8/site-packages/airflow/example_dags/example_task_group_decorator.py took 0.416 seconds
[2024-03-09T07:12:05.242+0000] {processor.py:161} INFO - Started process (PID=621) to work on /home/airflow/.local/lib/python3.8/site-packages/airflow/example_dags/example_task_group_decorator.py
[2024-03-09T07:12:05.247+0000] {processor.py:830} INFO - Processing file /home/airflow/.local/lib/python3.8/site-packages/airflow/example_dags/example_task_group_decorator.py for tasks to queue
[2024-03-09T07:12:05.257+0000] {logging_mixin.py:188} INFO - [2024-03-09T07:12:05.256+0000] {dagbag.py:540} INFO - Filling up the DagBag from /home/airflow/.local/lib/python3.8/site-packages/airflow/example_dags/example_task_group_decorator.py
[2024-03-09T07:12:05.320+0000] {processor.py:840} INFO - DAG(s) 'example_task_group_decorator' retrieved from /home/airflow/.local/lib/python3.8/site-packages/airflow/example_dags/example_task_group_decorator.py
[2024-03-09T07:12:05.388+0000] {logging_mixin.py:188} INFO - [2024-03-09T07:12:05.388+0000] {dag.py:3047} INFO - Sync 1 DAGs
[2024-03-09T07:12:05.442+0000] {logging_mixin.py:188} INFO - [2024-03-09T07:12:05.441+0000] {dag.py:3834} INFO - Setting next_dagrun for example_task_group_decorator to 2024-03-08 00:00:00+00:00, run_after=2024-03-09 00:00:00+00:00
[2024-03-09T07:12:05.514+0000] {processor.py:183} INFO - Processing /home/airflow/.local/lib/python3.8/site-packages/airflow/example_dags/example_task_group_decorator.py took 0.292 seconds
[2024-03-09T07:12:35.733+0000] {processor.py:161} INFO - Started process (PID=676) to work on /home/airflow/.local/lib/python3.8/site-packages/airflow/example_dags/example_task_group_decorator.py
[2024-03-09T07:12:35.738+0000] {processor.py:830} INFO - Processing file /home/airflow/.local/lib/python3.8/site-packages/airflow/example_dags/example_task_group_decorator.py for tasks to queue
[2024-03-09T07:12:35.747+0000] {logging_mixin.py:188} INFO - [2024-03-09T07:12:35.746+0000] {dagbag.py:540} INFO - Filling up the DagBag from /home/airflow/.local/lib/python3.8/site-packages/airflow/example_dags/example_task_group_decorator.py
[2024-03-09T07:12:35.823+0000] {processor.py:840} INFO - DAG(s) 'example_task_group_decorator' retrieved from /home/airflow/.local/lib/python3.8/site-packages/airflow/example_dags/example_task_group_decorator.py
[2024-03-09T07:12:35.941+0000] {logging_mixin.py:188} INFO - [2024-03-09T07:12:35.940+0000] {dag.py:3047} INFO - Sync 1 DAGs
[2024-03-09T07:12:36.026+0000] {logging_mixin.py:188} INFO - [2024-03-09T07:12:36.025+0000] {dag.py:3834} INFO - Setting next_dagrun for example_task_group_decorator to 2024-03-08 00:00:00+00:00, run_after=2024-03-09 00:00:00+00:00
[2024-03-09T07:12:36.089+0000] {processor.py:183} INFO - Processing /home/airflow/.local/lib/python3.8/site-packages/airflow/example_dags/example_task_group_decorator.py took 0.374 seconds
[2024-03-09T07:13:06.458+0000] {processor.py:161} INFO - Started process (PID=731) to work on /home/airflow/.local/lib/python3.8/site-packages/airflow/example_dags/example_task_group_decorator.py
[2024-03-09T07:13:06.462+0000] {processor.py:830} INFO - Processing file /home/airflow/.local/lib/python3.8/site-packages/airflow/example_dags/example_task_group_decorator.py for tasks to queue
[2024-03-09T07:13:06.470+0000] {logging_mixin.py:188} INFO - [2024-03-09T07:13:06.469+0000] {dagbag.py:540} INFO - Filling up the DagBag from /home/airflow/.local/lib/python3.8/site-packages/airflow/example_dags/example_task_group_decorator.py
[2024-03-09T07:13:06.514+0000] {processor.py:840} INFO - DAG(s) 'example_task_group_decorator' retrieved from /home/airflow/.local/lib/python3.8/site-packages/airflow/example_dags/example_task_group_decorator.py
[2024-03-09T07:13:06.624+0000] {logging_mixin.py:188} INFO - [2024-03-09T07:13:06.622+0000] {dag.py:3047} INFO - Sync 1 DAGs
[2024-03-09T07:13:06.781+0000] {logging_mixin.py:188} INFO - [2024-03-09T07:13:06.779+0000] {dag.py:3834} INFO - Setting next_dagrun for example_task_group_decorator to 2024-03-08 00:00:00+00:00, run_after=2024-03-09 00:00:00+00:00
[2024-03-09T07:13:06.875+0000] {processor.py:183} INFO - Processing /home/airflow/.local/lib/python3.8/site-packages/airflow/example_dags/example_task_group_decorator.py took 0.432 seconds
[2024-03-09T07:13:37.862+0000] {processor.py:161} INFO - Started process (PID=786) to work on /home/airflow/.local/lib/python3.8/site-packages/airflow/example_dags/example_task_group_decorator.py
[2024-03-09T07:13:37.869+0000] {processor.py:830} INFO - Processing file /home/airflow/.local/lib/python3.8/site-packages/airflow/example_dags/example_task_group_decorator.py for tasks to queue
[2024-03-09T07:13:37.884+0000] {logging_mixin.py:188} INFO - [2024-03-09T07:13:37.883+0000] {dagbag.py:540} INFO - Filling up the DagBag from /home/airflow/.local/lib/python3.8/site-packages/airflow/example_dags/example_task_group_decorator.py
[2024-03-09T07:13:37.993+0000] {processor.py:840} INFO - DAG(s) 'example_task_group_decorator' retrieved from /home/airflow/.local/lib/python3.8/site-packages/airflow/example_dags/example_task_group_decorator.py
[2024-03-09T07:13:38.152+0000] {logging_mixin.py:188} INFO - [2024-03-09T07:13:38.151+0000] {dag.py:3047} INFO - Sync 1 DAGs
[2024-03-09T07:13:38.269+0000] {logging_mixin.py:188} INFO - [2024-03-09T07:13:38.268+0000] {dag.py:3834} INFO - Setting next_dagrun for example_task_group_decorator to 2024-03-08 00:00:00+00:00, run_after=2024-03-09 00:00:00+00:00
[2024-03-09T07:13:38.394+0000] {processor.py:183} INFO - Processing /home/airflow/.local/lib/python3.8/site-packages/airflow/example_dags/example_task_group_decorator.py took 0.571 seconds
[2024-03-09T07:14:08.704+0000] {processor.py:161} INFO - Started process (PID=847) to work on /home/airflow/.local/lib/python3.8/site-packages/airflow/example_dags/example_task_group_decorator.py
[2024-03-09T07:14:08.710+0000] {processor.py:830} INFO - Processing file /home/airflow/.local/lib/python3.8/site-packages/airflow/example_dags/example_task_group_decorator.py for tasks to queue
[2024-03-09T07:14:08.717+0000] {logging_mixin.py:188} INFO - [2024-03-09T07:14:08.716+0000] {dagbag.py:540} INFO - Filling up the DagBag from /home/airflow/.local/lib/python3.8/site-packages/airflow/example_dags/example_task_group_decorator.py
[2024-03-09T07:14:08.770+0000] {processor.py:840} INFO - DAG(s) 'example_task_group_decorator' retrieved from /home/airflow/.local/lib/python3.8/site-packages/airflow/example_dags/example_task_group_decorator.py
[2024-03-09T07:14:08.865+0000] {logging_mixin.py:188} INFO - [2024-03-09T07:14:08.864+0000] {dag.py:3047} INFO - Sync 1 DAGs
[2024-03-09T07:14:08.959+0000] {logging_mixin.py:188} INFO - [2024-03-09T07:14:08.959+0000] {dag.py:3834} INFO - Setting next_dagrun for example_task_group_decorator to 2024-03-08 00:00:00+00:00, run_after=2024-03-09 00:00:00+00:00
[2024-03-09T07:14:09.041+0000] {processor.py:183} INFO - Processing /home/airflow/.local/lib/python3.8/site-packages/airflow/example_dags/example_task_group_decorator.py took 0.359 seconds
[2024-03-09T07:14:39.678+0000] {processor.py:161} INFO - Started process (PID=902) to work on /home/airflow/.local/lib/python3.8/site-packages/airflow/example_dags/example_task_group_decorator.py
[2024-03-09T07:14:39.683+0000] {processor.py:830} INFO - Processing file /home/airflow/.local/lib/python3.8/site-packages/airflow/example_dags/example_task_group_decorator.py for tasks to queue
[2024-03-09T07:14:39.692+0000] {logging_mixin.py:188} INFO - [2024-03-09T07:14:39.691+0000] {dagbag.py:540} INFO - Filling up the DagBag from /home/airflow/.local/lib/python3.8/site-packages/airflow/example_dags/example_task_group_decorator.py
[2024-03-09T07:14:39.784+0000] {processor.py:840} INFO - DAG(s) 'example_task_group_decorator' retrieved from /home/airflow/.local/lib/python3.8/site-packages/airflow/example_dags/example_task_group_decorator.py
[2024-03-09T07:14:39.875+0000] {logging_mixin.py:188} INFO - [2024-03-09T07:14:39.874+0000] {dag.py:3047} INFO - Sync 1 DAGs
[2024-03-09T07:14:39.950+0000] {logging_mixin.py:188} INFO - [2024-03-09T07:14:39.949+0000] {dag.py:3834} INFO - Setting next_dagrun for example_task_group_decorator to 2024-03-08 00:00:00+00:00, run_after=2024-03-09 00:00:00+00:00
[2024-03-09T07:14:40.001+0000] {processor.py:183} INFO - Processing /home/airflow/.local/lib/python3.8/site-packages/airflow/example_dags/example_task_group_decorator.py took 0.340 seconds
[2024-03-09T07:15:10.275+0000] {processor.py:161} INFO - Started process (PID=957) to work on /home/airflow/.local/lib/python3.8/site-packages/airflow/example_dags/example_task_group_decorator.py
[2024-03-09T07:15:10.280+0000] {processor.py:830} INFO - Processing file /home/airflow/.local/lib/python3.8/site-packages/airflow/example_dags/example_task_group_decorator.py for tasks to queue
[2024-03-09T07:15:10.287+0000] {logging_mixin.py:188} INFO - [2024-03-09T07:15:10.286+0000] {dagbag.py:540} INFO - Filling up the DagBag from /home/airflow/.local/lib/python3.8/site-packages/airflow/example_dags/example_task_group_decorator.py
[2024-03-09T07:15:10.353+0000] {processor.py:840} INFO - DAG(s) 'example_task_group_decorator' retrieved from /home/airflow/.local/lib/python3.8/site-packages/airflow/example_dags/example_task_group_decorator.py
[2024-03-09T07:15:10.467+0000] {logging_mixin.py:188} INFO - [2024-03-09T07:15:10.465+0000] {dag.py:3047} INFO - Sync 1 DAGs
[2024-03-09T07:15:10.554+0000] {logging_mixin.py:188} INFO - [2024-03-09T07:15:10.553+0000] {dag.py:3834} INFO - Setting next_dagrun for example_task_group_decorator to 2024-03-08 00:00:00+00:00, run_after=2024-03-09 00:00:00+00:00
[2024-03-09T07:15:10.617+0000] {processor.py:183} INFO - Processing /home/airflow/.local/lib/python3.8/site-packages/airflow/example_dags/example_task_group_decorator.py took 0.354 seconds
[2024-03-09T07:15:41.285+0000] {processor.py:161} INFO - Started process (PID=1012) to work on /home/airflow/.local/lib/python3.8/site-packages/airflow/example_dags/example_task_group_decorator.py
[2024-03-09T07:15:41.288+0000] {processor.py:830} INFO - Processing file /home/airflow/.local/lib/python3.8/site-packages/airflow/example_dags/example_task_group_decorator.py for tasks to queue
[2024-03-09T07:15:41.292+0000] {logging_mixin.py:188} INFO - [2024-03-09T07:15:41.292+0000] {dagbag.py:540} INFO - Filling up the DagBag from /home/airflow/.local/lib/python3.8/site-packages/airflow/example_dags/example_task_group_decorator.py
[2024-03-09T07:15:41.333+0000] {processor.py:840} INFO - DAG(s) 'example_task_group_decorator' retrieved from /home/airflow/.local/lib/python3.8/site-packages/airflow/example_dags/example_task_group_decorator.py
[2024-03-09T07:15:41.416+0000] {logging_mixin.py:188} INFO - [2024-03-09T07:15:41.416+0000] {dag.py:3047} INFO - Sync 1 DAGs
[2024-03-09T07:15:41.477+0000] {logging_mixin.py:188} INFO - [2024-03-09T07:15:41.476+0000] {dag.py:3834} INFO - Setting next_dagrun for example_task_group_decorator to 2024-03-08 00:00:00+00:00, run_after=2024-03-09 00:00:00+00:00
[2024-03-09T07:15:41.526+0000] {processor.py:183} INFO - Processing /home/airflow/.local/lib/python3.8/site-packages/airflow/example_dags/example_task_group_decorator.py took 0.251 seconds
[2024-03-09T07:16:12.085+0000] {processor.py:161} INFO - Started process (PID=1067) to work on /home/airflow/.local/lib/python3.8/site-packages/airflow/example_dags/example_task_group_decorator.py
[2024-03-09T07:16:12.089+0000] {processor.py:830} INFO - Processing file /home/airflow/.local/lib/python3.8/site-packages/airflow/example_dags/example_task_group_decorator.py for tasks to queue
[2024-03-09T07:16:12.098+0000] {logging_mixin.py:188} INFO - [2024-03-09T07:16:12.097+0000] {dagbag.py:540} INFO - Filling up the DagBag from /home/airflow/.local/lib/python3.8/site-packages/airflow/example_dags/example_task_group_decorator.py
[2024-03-09T07:16:12.169+0000] {processor.py:840} INFO - DAG(s) 'example_task_group_decorator' retrieved from /home/airflow/.local/lib/python3.8/site-packages/airflow/example_dags/example_task_group_decorator.py
[2024-03-09T07:16:12.307+0000] {logging_mixin.py:188} INFO - [2024-03-09T07:16:12.306+0000] {dag.py:3047} INFO - Sync 1 DAGs
[2024-03-09T07:16:12.374+0000] {logging_mixin.py:188} INFO - [2024-03-09T07:16:12.373+0000] {dag.py:3834} INFO - Setting next_dagrun for example_task_group_decorator to 2024-03-08 00:00:00+00:00, run_after=2024-03-09 00:00:00+00:00
[2024-03-09T07:16:12.423+0000] {processor.py:183} INFO - Processing /home/airflow/.local/lib/python3.8/site-packages/airflow/example_dags/example_task_group_decorator.py took 0.356 seconds
[2024-03-09T07:16:42.839+0000] {processor.py:161} INFO - Started process (PID=1122) to work on /home/airflow/.local/lib/python3.8/site-packages/airflow/example_dags/example_task_group_decorator.py
[2024-03-09T07:16:42.845+0000] {processor.py:830} INFO - Processing file /home/airflow/.local/lib/python3.8/site-packages/airflow/example_dags/example_task_group_decorator.py for tasks to queue
[2024-03-09T07:16:42.851+0000] {logging_mixin.py:188} INFO - [2024-03-09T07:16:42.850+0000] {dagbag.py:540} INFO - Filling up the DagBag from /home/airflow/.local/lib/python3.8/site-packages/airflow/example_dags/example_task_group_decorator.py
[2024-03-09T07:16:42.905+0000] {processor.py:840} INFO - DAG(s) 'example_task_group_decorator' retrieved from /home/airflow/.local/lib/python3.8/site-packages/airflow/example_dags/example_task_group_decorator.py
[2024-03-09T07:16:43.004+0000] {logging_mixin.py:188} INFO - [2024-03-09T07:16:43.004+0000] {dag.py:3047} INFO - Sync 1 DAGs
[2024-03-09T07:16:43.085+0000] {logging_mixin.py:188} INFO - [2024-03-09T07:16:43.084+0000] {dag.py:3834} INFO - Setting next_dagrun for example_task_group_decorator to 2024-03-08 00:00:00+00:00, run_after=2024-03-09 00:00:00+00:00
[2024-03-09T07:16:43.129+0000] {processor.py:183} INFO - Processing /home/airflow/.local/lib/python3.8/site-packages/airflow/example_dags/example_task_group_decorator.py took 0.301 seconds
[2024-03-09T07:17:13.331+0000] {processor.py:161} INFO - Started process (PID=1177) to work on /home/airflow/.local/lib/python3.8/site-packages/airflow/example_dags/example_task_group_decorator.py
[2024-03-09T07:17:13.335+0000] {processor.py:830} INFO - Processing file /home/airflow/.local/lib/python3.8/site-packages/airflow/example_dags/example_task_group_decorator.py for tasks to queue
[2024-03-09T07:17:13.341+0000] {logging_mixin.py:188} INFO - [2024-03-09T07:17:13.340+0000] {dagbag.py:540} INFO - Filling up the DagBag from /home/airflow/.local/lib/python3.8/site-packages/airflow/example_dags/example_task_group_decorator.py
[2024-03-09T07:17:13.400+0000] {processor.py:840} INFO - DAG(s) 'example_task_group_decorator' retrieved from /home/airflow/.local/lib/python3.8/site-packages/airflow/example_dags/example_task_group_decorator.py
[2024-03-09T07:17:13.507+0000] {logging_mixin.py:188} INFO - [2024-03-09T07:17:13.507+0000] {dag.py:3047} INFO - Sync 1 DAGs
[2024-03-09T07:17:13.579+0000] {logging_mixin.py:188} INFO - [2024-03-09T07:17:13.578+0000] {dag.py:3834} INFO - Setting next_dagrun for example_task_group_decorator to 2024-03-08 00:00:00+00:00, run_after=2024-03-09 00:00:00+00:00
[2024-03-09T07:17:13.632+0000] {processor.py:183} INFO - Processing /home/airflow/.local/lib/python3.8/site-packages/airflow/example_dags/example_task_group_decorator.py took 0.318 seconds
[2024-03-09T07:17:43.904+0000] {processor.py:161} INFO - Started process (PID=1232) to work on /home/airflow/.local/lib/python3.8/site-packages/airflow/example_dags/example_task_group_decorator.py
[2024-03-09T07:17:43.909+0000] {processor.py:830} INFO - Processing file /home/airflow/.local/lib/python3.8/site-packages/airflow/example_dags/example_task_group_decorator.py for tasks to queue
[2024-03-09T07:17:43.918+0000] {logging_mixin.py:188} INFO - [2024-03-09T07:17:43.917+0000] {dagbag.py:540} INFO - Filling up the DagBag from /home/airflow/.local/lib/python3.8/site-packages/airflow/example_dags/example_task_group_decorator.py
[2024-03-09T07:17:43.998+0000] {processor.py:840} INFO - DAG(s) 'example_task_group_decorator' retrieved from /home/airflow/.local/lib/python3.8/site-packages/airflow/example_dags/example_task_group_decorator.py
[2024-03-09T07:17:44.140+0000] {logging_mixin.py:188} INFO - [2024-03-09T07:17:44.139+0000] {dag.py:3047} INFO - Sync 1 DAGs
[2024-03-09T07:17:44.193+0000] {logging_mixin.py:188} INFO - [2024-03-09T07:17:44.193+0000] {dag.py:3834} INFO - Setting next_dagrun for example_task_group_decorator to 2024-03-08 00:00:00+00:00, run_after=2024-03-09 00:00:00+00:00
[2024-03-09T07:17:44.249+0000] {processor.py:183} INFO - Processing /home/airflow/.local/lib/python3.8/site-packages/airflow/example_dags/example_task_group_decorator.py took 0.364 seconds
[2024-03-09T07:18:14.472+0000] {processor.py:161} INFO - Started process (PID=1287) to work on /home/airflow/.local/lib/python3.8/site-packages/airflow/example_dags/example_task_group_decorator.py
[2024-03-09T07:18:14.480+0000] {processor.py:830} INFO - Processing file /home/airflow/.local/lib/python3.8/site-packages/airflow/example_dags/example_task_group_decorator.py for tasks to queue
[2024-03-09T07:18:14.487+0000] {logging_mixin.py:188} INFO - [2024-03-09T07:18:14.486+0000] {dagbag.py:540} INFO - Filling up the DagBag from /home/airflow/.local/lib/python3.8/site-packages/airflow/example_dags/example_task_group_decorator.py
[2024-03-09T07:18:14.543+0000] {processor.py:840} INFO - DAG(s) 'example_task_group_decorator' retrieved from /home/airflow/.local/lib/python3.8/site-packages/airflow/example_dags/example_task_group_decorator.py
[2024-03-09T07:18:14.654+0000] {logging_mixin.py:188} INFO - [2024-03-09T07:18:14.654+0000] {dag.py:3047} INFO - Sync 1 DAGs
[2024-03-09T07:18:14.735+0000] {logging_mixin.py:188} INFO - [2024-03-09T07:18:14.734+0000] {dag.py:3834} INFO - Setting next_dagrun for example_task_group_decorator to 2024-03-08 00:00:00+00:00, run_after=2024-03-09 00:00:00+00:00
[2024-03-09T07:18:14.849+0000] {processor.py:183} INFO - Processing /home/airflow/.local/lib/python3.8/site-packages/airflow/example_dags/example_task_group_decorator.py took 0.394 seconds
[2024-03-09T07:18:44.974+0000] {processor.py:161} INFO - Started process (PID=1342) to work on /home/airflow/.local/lib/python3.8/site-packages/airflow/example_dags/example_task_group_decorator.py
[2024-03-09T07:18:44.979+0000] {processor.py:830} INFO - Processing file /home/airflow/.local/lib/python3.8/site-packages/airflow/example_dags/example_task_group_decorator.py for tasks to queue
[2024-03-09T07:18:44.986+0000] {logging_mixin.py:188} INFO - [2024-03-09T07:18:44.985+0000] {dagbag.py:540} INFO - Filling up the DagBag from /home/airflow/.local/lib/python3.8/site-packages/airflow/example_dags/example_task_group_decorator.py
[2024-03-09T07:18:45.045+0000] {processor.py:840} INFO - DAG(s) 'example_task_group_decorator' retrieved from /home/airflow/.local/lib/python3.8/site-packages/airflow/example_dags/example_task_group_decorator.py
[2024-03-09T07:18:45.154+0000] {logging_mixin.py:188} INFO - [2024-03-09T07:18:45.153+0000] {dag.py:3047} INFO - Sync 1 DAGs
[2024-03-09T07:18:45.240+0000] {logging_mixin.py:188} INFO - [2024-03-09T07:18:45.239+0000] {dag.py:3834} INFO - Setting next_dagrun for example_task_group_decorator to 2024-03-08 00:00:00+00:00, run_after=2024-03-09 00:00:00+00:00
[2024-03-09T07:18:45.312+0000] {processor.py:183} INFO - Processing /home/airflow/.local/lib/python3.8/site-packages/airflow/example_dags/example_task_group_decorator.py took 0.351 seconds
[2024-03-09T07:19:15.874+0000] {processor.py:161} INFO - Started process (PID=1397) to work on /home/airflow/.local/lib/python3.8/site-packages/airflow/example_dags/example_task_group_decorator.py
[2024-03-09T07:19:15.877+0000] {processor.py:830} INFO - Processing file /home/airflow/.local/lib/python3.8/site-packages/airflow/example_dags/example_task_group_decorator.py for tasks to queue
[2024-03-09T07:19:15.883+0000] {logging_mixin.py:188} INFO - [2024-03-09T07:19:15.882+0000] {dagbag.py:540} INFO - Filling up the DagBag from /home/airflow/.local/lib/python3.8/site-packages/airflow/example_dags/example_task_group_decorator.py
[2024-03-09T07:19:15.924+0000] {processor.py:840} INFO - DAG(s) 'example_task_group_decorator' retrieved from /home/airflow/.local/lib/python3.8/site-packages/airflow/example_dags/example_task_group_decorator.py
[2024-03-09T07:19:16.012+0000] {logging_mixin.py:188} INFO - [2024-03-09T07:19:16.012+0000] {dag.py:3047} INFO - Sync 1 DAGs
[2024-03-09T07:19:16.115+0000] {logging_mixin.py:188} INFO - [2024-03-09T07:19:16.114+0000] {dag.py:3834} INFO - Setting next_dagrun for example_task_group_decorator to 2024-03-08 00:00:00+00:00, run_after=2024-03-09 00:00:00+00:00
[2024-03-09T07:19:16.178+0000] {processor.py:183} INFO - Processing /home/airflow/.local/lib/python3.8/site-packages/airflow/example_dags/example_task_group_decorator.py took 0.312 seconds
[2024-03-09T07:19:46.451+0000] {processor.py:161} INFO - Started process (PID=1452) to work on /home/airflow/.local/lib/python3.8/site-packages/airflow/example_dags/example_task_group_decorator.py
[2024-03-09T07:19:46.460+0000] {processor.py:830} INFO - Processing file /home/airflow/.local/lib/python3.8/site-packages/airflow/example_dags/example_task_group_decorator.py for tasks to queue
[2024-03-09T07:19:46.467+0000] {logging_mixin.py:188} INFO - [2024-03-09T07:19:46.465+0000] {dagbag.py:540} INFO - Filling up the DagBag from /home/airflow/.local/lib/python3.8/site-packages/airflow/example_dags/example_task_group_decorator.py
[2024-03-09T07:19:46.537+0000] {processor.py:840} INFO - DAG(s) 'example_task_group_decorator' retrieved from /home/airflow/.local/lib/python3.8/site-packages/airflow/example_dags/example_task_group_decorator.py
[2024-03-09T07:19:46.625+0000] {logging_mixin.py:188} INFO - [2024-03-09T07:19:46.624+0000] {dag.py:3047} INFO - Sync 1 DAGs
[2024-03-09T07:19:46.820+0000] {logging_mixin.py:188} INFO - [2024-03-09T07:19:46.818+0000] {dag.py:3834} INFO - Setting next_dagrun for example_task_group_decorator to 2024-03-08 00:00:00+00:00, run_after=2024-03-09 00:00:00+00:00
[2024-03-09T07:19:46.944+0000] {processor.py:183} INFO - Processing /home/airflow/.local/lib/python3.8/site-packages/airflow/example_dags/example_task_group_decorator.py took 0.508 seconds
[2024-03-09T07:20:17.721+0000] {processor.py:161} INFO - Started process (PID=1507) to work on /home/airflow/.local/lib/python3.8/site-packages/airflow/example_dags/example_task_group_decorator.py
[2024-03-09T07:20:17.723+0000] {processor.py:830} INFO - Processing file /home/airflow/.local/lib/python3.8/site-packages/airflow/example_dags/example_task_group_decorator.py for tasks to queue
[2024-03-09T07:20:17.729+0000] {logging_mixin.py:188} INFO - [2024-03-09T07:20:17.728+0000] {dagbag.py:540} INFO - Filling up the DagBag from /home/airflow/.local/lib/python3.8/site-packages/airflow/example_dags/example_task_group_decorator.py
[2024-03-09T07:20:17.764+0000] {processor.py:840} INFO - DAG(s) 'example_task_group_decorator' retrieved from /home/airflow/.local/lib/python3.8/site-packages/airflow/example_dags/example_task_group_decorator.py
[2024-03-09T07:20:17.844+0000] {logging_mixin.py:188} INFO - [2024-03-09T07:20:17.844+0000] {dag.py:3047} INFO - Sync 1 DAGs
[2024-03-09T07:20:17.905+0000] {logging_mixin.py:188} INFO - [2024-03-09T07:20:17.905+0000] {dag.py:3834} INFO - Setting next_dagrun for example_task_group_decorator to 2024-03-08 00:00:00+00:00, run_after=2024-03-09 00:00:00+00:00
[2024-03-09T07:20:17.954+0000] {processor.py:183} INFO - Processing /home/airflow/.local/lib/python3.8/site-packages/airflow/example_dags/example_task_group_decorator.py took 0.245 seconds
[2024-03-09T07:20:48.092+0000] {processor.py:161} INFO - Started process (PID=1562) to work on /home/airflow/.local/lib/python3.8/site-packages/airflow/example_dags/example_task_group_decorator.py
[2024-03-09T07:20:48.097+0000] {processor.py:830} INFO - Processing file /home/airflow/.local/lib/python3.8/site-packages/airflow/example_dags/example_task_group_decorator.py for tasks to queue
[2024-03-09T07:20:48.104+0000] {logging_mixin.py:188} INFO - [2024-03-09T07:20:48.103+0000] {dagbag.py:540} INFO - Filling up the DagBag from /home/airflow/.local/lib/python3.8/site-packages/airflow/example_dags/example_task_group_decorator.py
[2024-03-09T07:20:48.141+0000] {processor.py:840} INFO - DAG(s) 'example_task_group_decorator' retrieved from /home/airflow/.local/lib/python3.8/site-packages/airflow/example_dags/example_task_group_decorator.py
[2024-03-09T07:20:48.209+0000] {logging_mixin.py:188} INFO - [2024-03-09T07:20:48.208+0000] {dag.py:3047} INFO - Sync 1 DAGs
[2024-03-09T07:20:48.295+0000] {logging_mixin.py:188} INFO - [2024-03-09T07:20:48.294+0000] {dag.py:3834} INFO - Setting next_dagrun for example_task_group_decorator to 2024-03-08 00:00:00+00:00, run_after=2024-03-09 00:00:00+00:00
[2024-03-09T07:20:48.440+0000] {processor.py:183} INFO - Processing /home/airflow/.local/lib/python3.8/site-packages/airflow/example_dags/example_task_group_decorator.py took 0.359 seconds
[2024-03-09T07:21:19.286+0000] {processor.py:161} INFO - Started process (PID=1618) to work on /home/airflow/.local/lib/python3.8/site-packages/airflow/example_dags/example_task_group_decorator.py
[2024-03-09T07:21:19.289+0000] {processor.py:830} INFO - Processing file /home/airflow/.local/lib/python3.8/site-packages/airflow/example_dags/example_task_group_decorator.py for tasks to queue
[2024-03-09T07:21:19.296+0000] {logging_mixin.py:188} INFO - [2024-03-09T07:21:19.295+0000] {dagbag.py:540} INFO - Filling up the DagBag from /home/airflow/.local/lib/python3.8/site-packages/airflow/example_dags/example_task_group_decorator.py
[2024-03-09T07:21:19.360+0000] {processor.py:840} INFO - DAG(s) 'example_task_group_decorator' retrieved from /home/airflow/.local/lib/python3.8/site-packages/airflow/example_dags/example_task_group_decorator.py
[2024-03-09T07:21:19.453+0000] {logging_mixin.py:188} INFO - [2024-03-09T07:21:19.452+0000] {dag.py:3047} INFO - Sync 1 DAGs
[2024-03-09T07:21:19.535+0000] {logging_mixin.py:188} INFO - [2024-03-09T07:21:19.533+0000] {dag.py:3834} INFO - Setting next_dagrun for example_task_group_decorator to 2024-03-08 00:00:00+00:00, run_after=2024-03-09 00:00:00+00:00
[2024-03-09T07:21:19.625+0000] {processor.py:183} INFO - Processing /home/airflow/.local/lib/python3.8/site-packages/airflow/example_dags/example_task_group_decorator.py took 0.351 seconds
[2024-03-09T07:21:51.990+0000] {processor.py:161} INFO - Started process (PID=1673) to work on /home/airflow/.local/lib/python3.8/site-packages/airflow/example_dags/example_task_group_decorator.py
[2024-03-09T07:21:51.995+0000] {processor.py:830} INFO - Processing file /home/airflow/.local/lib/python3.8/site-packages/airflow/example_dags/example_task_group_decorator.py for tasks to queue
[2024-03-09T07:21:52.002+0000] {logging_mixin.py:188} INFO - [2024-03-09T07:21:52.001+0000] {dagbag.py:540} INFO - Filling up the DagBag from /home/airflow/.local/lib/python3.8/site-packages/airflow/example_dags/example_task_group_decorator.py
[2024-03-09T07:21:52.084+0000] {processor.py:840} INFO - DAG(s) 'example_task_group_decorator' retrieved from /home/airflow/.local/lib/python3.8/site-packages/airflow/example_dags/example_task_group_decorator.py
[2024-03-09T07:21:52.182+0000] {logging_mixin.py:188} INFO - [2024-03-09T07:21:52.181+0000] {dag.py:3047} INFO - Sync 1 DAGs
[2024-03-09T07:21:52.291+0000] {logging_mixin.py:188} INFO - [2024-03-09T07:21:52.290+0000] {dag.py:3834} INFO - Setting next_dagrun for example_task_group_decorator to 2024-03-08 00:00:00+00:00, run_after=2024-03-09 00:00:00+00:00
[2024-03-09T07:21:52.388+0000] {processor.py:183} INFO - Processing /home/airflow/.local/lib/python3.8/site-packages/airflow/example_dags/example_task_group_decorator.py took 0.411 seconds
[2024-03-09T07:22:22.695+0000] {processor.py:161} INFO - Started process (PID=1727) to work on /home/airflow/.local/lib/python3.8/site-packages/airflow/example_dags/example_task_group_decorator.py
[2024-03-09T07:22:22.699+0000] {processor.py:830} INFO - Processing file /home/airflow/.local/lib/python3.8/site-packages/airflow/example_dags/example_task_group_decorator.py for tasks to queue
[2024-03-09T07:22:22.710+0000] {logging_mixin.py:188} INFO - [2024-03-09T07:22:22.705+0000] {dagbag.py:540} INFO - Filling up the DagBag from /home/airflow/.local/lib/python3.8/site-packages/airflow/example_dags/example_task_group_decorator.py
[2024-03-09T07:22:22.815+0000] {processor.py:840} INFO - DAG(s) 'example_task_group_decorator' retrieved from /home/airflow/.local/lib/python3.8/site-packages/airflow/example_dags/example_task_group_decorator.py
[2024-03-09T07:22:22.923+0000] {logging_mixin.py:188} INFO - [2024-03-09T07:22:22.922+0000] {dag.py:3047} INFO - Sync 1 DAGs
[2024-03-09T07:22:23.021+0000] {logging_mixin.py:188} INFO - [2024-03-09T07:22:23.021+0000] {dag.py:3834} INFO - Setting next_dagrun for example_task_group_decorator to 2024-03-08 00:00:00+00:00, run_after=2024-03-09 00:00:00+00:00
[2024-03-09T07:22:23.093+0000] {processor.py:183} INFO - Processing /home/airflow/.local/lib/python3.8/site-packages/airflow/example_dags/example_task_group_decorator.py took 0.415 seconds
[2024-03-09T07:22:53.367+0000] {processor.py:161} INFO - Started process (PID=1782) to work on /home/airflow/.local/lib/python3.8/site-packages/airflow/example_dags/example_task_group_decorator.py
[2024-03-09T07:22:53.374+0000] {processor.py:830} INFO - Processing file /home/airflow/.local/lib/python3.8/site-packages/airflow/example_dags/example_task_group_decorator.py for tasks to queue
[2024-03-09T07:22:53.386+0000] {logging_mixin.py:188} INFO - [2024-03-09T07:22:53.384+0000] {dagbag.py:540} INFO - Filling up the DagBag from /home/airflow/.local/lib/python3.8/site-packages/airflow/example_dags/example_task_group_decorator.py
[2024-03-09T07:22:53.513+0000] {processor.py:840} INFO - DAG(s) 'example_task_group_decorator' retrieved from /home/airflow/.local/lib/python3.8/site-packages/airflow/example_dags/example_task_group_decorator.py
[2024-03-09T07:22:53.588+0000] {logging_mixin.py:188} INFO - [2024-03-09T07:22:53.588+0000] {dag.py:3047} INFO - Sync 1 DAGs
[2024-03-09T07:22:53.644+0000] {logging_mixin.py:188} INFO - [2024-03-09T07:22:53.643+0000] {dag.py:3834} INFO - Setting next_dagrun for example_task_group_decorator to 2024-03-08 00:00:00+00:00, run_after=2024-03-09 00:00:00+00:00
[2024-03-09T07:22:53.687+0000] {processor.py:183} INFO - Processing /home/airflow/.local/lib/python3.8/site-packages/airflow/example_dags/example_task_group_decorator.py took 0.342 seconds
[2024-03-09T07:23:24.017+0000] {processor.py:161} INFO - Started process (PID=1837) to work on /home/airflow/.local/lib/python3.8/site-packages/airflow/example_dags/example_task_group_decorator.py
[2024-03-09T07:23:24.025+0000] {processor.py:830} INFO - Processing file /home/airflow/.local/lib/python3.8/site-packages/airflow/example_dags/example_task_group_decorator.py for tasks to queue
[2024-03-09T07:23:24.035+0000] {logging_mixin.py:188} INFO - [2024-03-09T07:23:24.033+0000] {dagbag.py:540} INFO - Filling up the DagBag from /home/airflow/.local/lib/python3.8/site-packages/airflow/example_dags/example_task_group_decorator.py
[2024-03-09T07:23:24.123+0000] {processor.py:840} INFO - DAG(s) 'example_task_group_decorator' retrieved from /home/airflow/.local/lib/python3.8/site-packages/airflow/example_dags/example_task_group_decorator.py
[2024-03-09T07:23:24.295+0000] {logging_mixin.py:188} INFO - [2024-03-09T07:23:24.293+0000] {dag.py:3047} INFO - Sync 1 DAGs
[2024-03-09T07:23:24.422+0000] {logging_mixin.py:188} INFO - [2024-03-09T07:23:24.420+0000] {dag.py:3834} INFO - Setting next_dagrun for example_task_group_decorator to 2024-03-08 00:00:00+00:00, run_after=2024-03-09 00:00:00+00:00
[2024-03-09T07:23:24.534+0000] {processor.py:183} INFO - Processing /home/airflow/.local/lib/python3.8/site-packages/airflow/example_dags/example_task_group_decorator.py took 0.538 seconds
[2024-03-09T07:23:55.030+0000] {processor.py:161} INFO - Started process (PID=1892) to work on /home/airflow/.local/lib/python3.8/site-packages/airflow/example_dags/example_task_group_decorator.py
[2024-03-09T07:23:55.036+0000] {processor.py:830} INFO - Processing file /home/airflow/.local/lib/python3.8/site-packages/airflow/example_dags/example_task_group_decorator.py for tasks to queue
[2024-03-09T07:23:55.047+0000] {logging_mixin.py:188} INFO - [2024-03-09T07:23:55.045+0000] {dagbag.py:540} INFO - Filling up the DagBag from /home/airflow/.local/lib/python3.8/site-packages/airflow/example_dags/example_task_group_decorator.py
[2024-03-09T07:23:55.142+0000] {processor.py:840} INFO - DAG(s) 'example_task_group_decorator' retrieved from /home/airflow/.local/lib/python3.8/site-packages/airflow/example_dags/example_task_group_decorator.py
[2024-03-09T07:23:55.320+0000] {logging_mixin.py:188} INFO - [2024-03-09T07:23:55.319+0000] {dag.py:3047} INFO - Sync 1 DAGs
[2024-03-09T07:23:55.473+0000] {logging_mixin.py:188} INFO - [2024-03-09T07:23:55.471+0000] {dag.py:3834} INFO - Setting next_dagrun for example_task_group_decorator to 2024-03-08 00:00:00+00:00, run_after=2024-03-09 00:00:00+00:00
[2024-03-09T07:23:55.580+0000] {processor.py:183} INFO - Processing /home/airflow/.local/lib/python3.8/site-packages/airflow/example_dags/example_task_group_decorator.py took 0.573 seconds
[2024-03-09T07:24:26.220+0000] {processor.py:161} INFO - Started process (PID=1947) to work on /home/airflow/.local/lib/python3.8/site-packages/airflow/example_dags/example_task_group_decorator.py
[2024-03-09T07:24:26.224+0000] {processor.py:830} INFO - Processing file /home/airflow/.local/lib/python3.8/site-packages/airflow/example_dags/example_task_group_decorator.py for tasks to queue
[2024-03-09T07:24:26.232+0000] {logging_mixin.py:188} INFO - [2024-03-09T07:24:26.231+0000] {dagbag.py:540} INFO - Filling up the DagBag from /home/airflow/.local/lib/python3.8/site-packages/airflow/example_dags/example_task_group_decorator.py
[2024-03-09T07:24:26.301+0000] {processor.py:840} INFO - DAG(s) 'example_task_group_decorator' retrieved from /home/airflow/.local/lib/python3.8/site-packages/airflow/example_dags/example_task_group_decorator.py
[2024-03-09T07:24:26.431+0000] {logging_mixin.py:188} INFO - [2024-03-09T07:24:26.430+0000] {dag.py:3047} INFO - Sync 1 DAGs
[2024-03-09T07:24:26.534+0000] {logging_mixin.py:188} INFO - [2024-03-09T07:24:26.533+0000] {dag.py:3834} INFO - Setting next_dagrun for example_task_group_decorator to 2024-03-08 00:00:00+00:00, run_after=2024-03-09 00:00:00+00:00
[2024-03-09T07:24:26.608+0000] {processor.py:183} INFO - Processing /home/airflow/.local/lib/python3.8/site-packages/airflow/example_dags/example_task_group_decorator.py took 0.400 seconds
[2024-03-09T07:24:56.786+0000] {processor.py:161} INFO - Started process (PID=2002) to work on /home/airflow/.local/lib/python3.8/site-packages/airflow/example_dags/example_task_group_decorator.py
[2024-03-09T07:24:56.789+0000] {processor.py:830} INFO - Processing file /home/airflow/.local/lib/python3.8/site-packages/airflow/example_dags/example_task_group_decorator.py for tasks to queue
[2024-03-09T07:24:56.794+0000] {logging_mixin.py:188} INFO - [2024-03-09T07:24:56.793+0000] {dagbag.py:540} INFO - Filling up the DagBag from /home/airflow/.local/lib/python3.8/site-packages/airflow/example_dags/example_task_group_decorator.py
[2024-03-09T07:24:56.841+0000] {processor.py:840} INFO - DAG(s) 'example_task_group_decorator' retrieved from /home/airflow/.local/lib/python3.8/site-packages/airflow/example_dags/example_task_group_decorator.py
[2024-03-09T07:24:56.940+0000] {logging_mixin.py:188} INFO - [2024-03-09T07:24:56.940+0000] {dag.py:3047} INFO - Sync 1 DAGs
[2024-03-09T07:24:57.007+0000] {logging_mixin.py:188} INFO - [2024-03-09T07:24:57.006+0000] {dag.py:3834} INFO - Setting next_dagrun for example_task_group_decorator to 2024-03-08 00:00:00+00:00, run_after=2024-03-09 00:00:00+00:00
[2024-03-09T07:24:57.068+0000] {processor.py:183} INFO - Processing /home/airflow/.local/lib/python3.8/site-packages/airflow/example_dags/example_task_group_decorator.py took 0.294 seconds
[2024-03-09T07:25:28.010+0000] {processor.py:161} INFO - Started process (PID=2057) to work on /home/airflow/.local/lib/python3.8/site-packages/airflow/example_dags/example_task_group_decorator.py
[2024-03-09T07:25:28.013+0000] {processor.py:830} INFO - Processing file /home/airflow/.local/lib/python3.8/site-packages/airflow/example_dags/example_task_group_decorator.py for tasks to queue
[2024-03-09T07:25:28.019+0000] {logging_mixin.py:188} INFO - [2024-03-09T07:25:28.018+0000] {dagbag.py:540} INFO - Filling up the DagBag from /home/airflow/.local/lib/python3.8/site-packages/airflow/example_dags/example_task_group_decorator.py
[2024-03-09T07:25:28.078+0000] {processor.py:840} INFO - DAG(s) 'example_task_group_decorator' retrieved from /home/airflow/.local/lib/python3.8/site-packages/airflow/example_dags/example_task_group_decorator.py
[2024-03-09T07:25:28.150+0000] {logging_mixin.py:188} INFO - [2024-03-09T07:25:28.149+0000] {dag.py:3047} INFO - Sync 1 DAGs
[2024-03-09T07:25:28.210+0000] {logging_mixin.py:188} INFO - [2024-03-09T07:25:28.209+0000] {dag.py:3834} INFO - Setting next_dagrun for example_task_group_decorator to 2024-03-08 00:00:00+00:00, run_after=2024-03-09 00:00:00+00:00
[2024-03-09T07:25:28.263+0000] {processor.py:183} INFO - Processing /home/airflow/.local/lib/python3.8/site-packages/airflow/example_dags/example_task_group_decorator.py took 0.258 seconds
[2024-03-09T07:25:59.134+0000] {processor.py:161} INFO - Started process (PID=2112) to work on /home/airflow/.local/lib/python3.8/site-packages/airflow/example_dags/example_task_group_decorator.py
[2024-03-09T07:25:59.137+0000] {processor.py:830} INFO - Processing file /home/airflow/.local/lib/python3.8/site-packages/airflow/example_dags/example_task_group_decorator.py for tasks to queue
[2024-03-09T07:25:59.142+0000] {logging_mixin.py:188} INFO - [2024-03-09T07:25:59.141+0000] {dagbag.py:540} INFO - Filling up the DagBag from /home/airflow/.local/lib/python3.8/site-packages/airflow/example_dags/example_task_group_decorator.py
[2024-03-09T07:25:59.193+0000] {processor.py:840} INFO - DAG(s) 'example_task_group_decorator' retrieved from /home/airflow/.local/lib/python3.8/site-packages/airflow/example_dags/example_task_group_decorator.py
[2024-03-09T07:25:59.263+0000] {logging_mixin.py:188} INFO - [2024-03-09T07:25:59.263+0000] {dag.py:3047} INFO - Sync 1 DAGs
[2024-03-09T07:25:59.355+0000] {logging_mixin.py:188} INFO - [2024-03-09T07:25:59.354+0000] {dag.py:3834} INFO - Setting next_dagrun for example_task_group_decorator to 2024-03-08 00:00:00+00:00, run_after=2024-03-09 00:00:00+00:00
[2024-03-09T07:25:59.487+0000] {processor.py:183} INFO - Processing /home/airflow/.local/lib/python3.8/site-packages/airflow/example_dags/example_task_group_decorator.py took 0.362 seconds
[2024-03-09T07:26:30.006+0000] {processor.py:161} INFO - Started process (PID=2167) to work on /home/airflow/.local/lib/python3.8/site-packages/airflow/example_dags/example_task_group_decorator.py
[2024-03-09T07:26:30.012+0000] {processor.py:830} INFO - Processing file /home/airflow/.local/lib/python3.8/site-packages/airflow/example_dags/example_task_group_decorator.py for tasks to queue
[2024-03-09T07:26:30.023+0000] {logging_mixin.py:188} INFO - [2024-03-09T07:26:30.021+0000] {dagbag.py:540} INFO - Filling up the DagBag from /home/airflow/.local/lib/python3.8/site-packages/airflow/example_dags/example_task_group_decorator.py
[2024-03-09T07:26:30.111+0000] {processor.py:840} INFO - DAG(s) 'example_task_group_decorator' retrieved from /home/airflow/.local/lib/python3.8/site-packages/airflow/example_dags/example_task_group_decorator.py
[2024-03-09T07:26:30.191+0000] {logging_mixin.py:188} INFO - [2024-03-09T07:26:30.191+0000] {dag.py:3047} INFO - Sync 1 DAGs
[2024-03-09T07:26:30.254+0000] {logging_mixin.py:188} INFO - [2024-03-09T07:26:30.254+0000] {dag.py:3834} INFO - Setting next_dagrun for example_task_group_decorator to 2024-03-08 00:00:00+00:00, run_after=2024-03-09 00:00:00+00:00
[2024-03-09T07:26:30.304+0000] {processor.py:183} INFO - Processing /home/airflow/.local/lib/python3.8/site-packages/airflow/example_dags/example_task_group_decorator.py took 0.317 seconds
