[2024-03-09T07:06:36.738+0000] {processor.py:161} INFO - Started process (PID=73) to work on /home/airflow/.local/lib/python3.8/site-packages/airflow/example_dags/example_nested_branch_dag.py
[2024-03-09T07:06:36.741+0000] {processor.py:830} INFO - Processing file /home/airflow/.local/lib/python3.8/site-packages/airflow/example_dags/example_nested_branch_dag.py for tasks to queue
[2024-03-09T07:06:36.749+0000] {logging_mixin.py:188} INFO - [2024-03-09T07:06:36.747+0000] {dagbag.py:540} INFO - Filling up the DagBag from /home/airflow/.local/lib/python3.8/site-packages/airflow/example_dags/example_nested_branch_dag.py
[2024-03-09T07:06:36.819+0000] {processor.py:840} INFO - DAG(s) 'example_nested_branch_dag' retrieved from /home/airflow/.local/lib/python3.8/site-packages/airflow/example_dags/example_nested_branch_dag.py
[2024-03-09T07:06:37.358+0000] {logging_mixin.py:188} INFO - [2024-03-09T07:06:37.357+0000] {dag.py:3047} INFO - Sync 1 DAGs
[2024-03-09T07:06:37.434+0000] {logging_mixin.py:188} INFO - [2024-03-09T07:06:37.433+0000] {dag.py:3834} INFO - Setting next_dagrun for example_nested_branch_dag to 2024-03-08 00:00:00+00:00, run_after=2024-03-09 00:00:00+00:00
[2024-03-09T07:06:37.506+0000] {processor.py:183} INFO - Processing /home/airflow/.local/lib/python3.8/site-packages/airflow/example_dags/example_nested_branch_dag.py took 0.783 seconds
[2024-03-09T07:07:24.326+0000] {processor.py:161} INFO - Started process (PID=128) to work on /home/airflow/.local/lib/python3.8/site-packages/airflow/example_dags/example_nested_branch_dag.py
[2024-03-09T07:07:24.330+0000] {processor.py:830} INFO - Processing file /home/airflow/.local/lib/python3.8/site-packages/airflow/example_dags/example_nested_branch_dag.py for tasks to queue
[2024-03-09T07:07:24.337+0000] {logging_mixin.py:188} INFO - [2024-03-09T07:07:24.336+0000] {dagbag.py:540} INFO - Filling up the DagBag from /home/airflow/.local/lib/python3.8/site-packages/airflow/example_dags/example_nested_branch_dag.py
[2024-03-09T07:07:24.369+0000] {processor.py:840} INFO - DAG(s) 'example_nested_branch_dag' retrieved from /home/airflow/.local/lib/python3.8/site-packages/airflow/example_dags/example_nested_branch_dag.py
[2024-03-09T07:07:24.432+0000] {logging_mixin.py:188} INFO - [2024-03-09T07:07:24.432+0000] {dag.py:3047} INFO - Sync 1 DAGs
[2024-03-09T07:07:24.497+0000] {logging_mixin.py:188} INFO - [2024-03-09T07:07:24.496+0000] {dag.py:3834} INFO - Setting next_dagrun for example_nested_branch_dag to 2024-03-08 00:00:00+00:00, run_after=2024-03-09 00:00:00+00:00
[2024-03-09T07:07:24.548+0000] {processor.py:183} INFO - Processing /home/airflow/.local/lib/python3.8/site-packages/airflow/example_dags/example_nested_branch_dag.py took 0.231 seconds
[2024-03-09T07:07:55.122+0000] {processor.py:161} INFO - Started process (PID=183) to work on /home/airflow/.local/lib/python3.8/site-packages/airflow/example_dags/example_nested_branch_dag.py
[2024-03-09T07:07:55.125+0000] {processor.py:830} INFO - Processing file /home/airflow/.local/lib/python3.8/site-packages/airflow/example_dags/example_nested_branch_dag.py for tasks to queue
[2024-03-09T07:07:55.130+0000] {logging_mixin.py:188} INFO - [2024-03-09T07:07:55.129+0000] {dagbag.py:540} INFO - Filling up the DagBag from /home/airflow/.local/lib/python3.8/site-packages/airflow/example_dags/example_nested_branch_dag.py
[2024-03-09T07:07:55.159+0000] {processor.py:840} INFO - DAG(s) 'example_nested_branch_dag' retrieved from /home/airflow/.local/lib/python3.8/site-packages/airflow/example_dags/example_nested_branch_dag.py
[2024-03-09T07:07:55.215+0000] {logging_mixin.py:188} INFO - [2024-03-09T07:07:55.214+0000] {dag.py:3047} INFO - Sync 1 DAGs
[2024-03-09T07:07:55.292+0000] {logging_mixin.py:188} INFO - [2024-03-09T07:07:55.291+0000] {dag.py:3834} INFO - Setting next_dagrun for example_nested_branch_dag to 2024-03-08 00:00:00+00:00, run_after=2024-03-09 00:00:00+00:00
[2024-03-09T07:07:55.346+0000] {processor.py:183} INFO - Processing /home/airflow/.local/lib/python3.8/site-packages/airflow/example_dags/example_nested_branch_dag.py took 0.232 seconds
[2024-03-09T07:08:26.266+0000] {processor.py:161} INFO - Started process (PID=238) to work on /home/airflow/.local/lib/python3.8/site-packages/airflow/example_dags/example_nested_branch_dag.py
[2024-03-09T07:08:26.269+0000] {processor.py:830} INFO - Processing file /home/airflow/.local/lib/python3.8/site-packages/airflow/example_dags/example_nested_branch_dag.py for tasks to queue
[2024-03-09T07:08:26.273+0000] {logging_mixin.py:188} INFO - [2024-03-09T07:08:26.272+0000] {dagbag.py:540} INFO - Filling up the DagBag from /home/airflow/.local/lib/python3.8/site-packages/airflow/example_dags/example_nested_branch_dag.py
[2024-03-09T07:08:26.299+0000] {processor.py:840} INFO - DAG(s) 'example_nested_branch_dag' retrieved from /home/airflow/.local/lib/python3.8/site-packages/airflow/example_dags/example_nested_branch_dag.py
[2024-03-09T07:08:26.360+0000] {logging_mixin.py:188} INFO - [2024-03-09T07:08:26.359+0000] {dag.py:3047} INFO - Sync 1 DAGs
[2024-03-09T07:08:26.423+0000] {logging_mixin.py:188} INFO - [2024-03-09T07:08:26.422+0000] {dag.py:3834} INFO - Setting next_dagrun for example_nested_branch_dag to 2024-03-08 00:00:00+00:00, run_after=2024-03-09 00:00:00+00:00
[2024-03-09T07:08:26.487+0000] {processor.py:183} INFO - Processing /home/airflow/.local/lib/python3.8/site-packages/airflow/example_dags/example_nested_branch_dag.py took 0.229 seconds
[2024-03-09T07:08:59.385+0000] {processor.py:161} INFO - Started process (PID=293) to work on /home/airflow/.local/lib/python3.8/site-packages/airflow/example_dags/example_nested_branch_dag.py
[2024-03-09T07:08:59.389+0000] {processor.py:830} INFO - Processing file /home/airflow/.local/lib/python3.8/site-packages/airflow/example_dags/example_nested_branch_dag.py for tasks to queue
[2024-03-09T07:08:59.394+0000] {logging_mixin.py:188} INFO - [2024-03-09T07:08:59.393+0000] {dagbag.py:540} INFO - Filling up the DagBag from /home/airflow/.local/lib/python3.8/site-packages/airflow/example_dags/example_nested_branch_dag.py
[2024-03-09T07:08:59.432+0000] {processor.py:840} INFO - DAG(s) 'example_nested_branch_dag' retrieved from /home/airflow/.local/lib/python3.8/site-packages/airflow/example_dags/example_nested_branch_dag.py
[2024-03-09T07:08:59.512+0000] {logging_mixin.py:188} INFO - [2024-03-09T07:08:59.512+0000] {dag.py:3047} INFO - Sync 1 DAGs
[2024-03-09T07:08:59.601+0000] {logging_mixin.py:188} INFO - [2024-03-09T07:08:59.600+0000] {dag.py:3834} INFO - Setting next_dagrun for example_nested_branch_dag to 2024-03-08 00:00:00+00:00, run_after=2024-03-09 00:00:00+00:00
[2024-03-09T07:08:59.675+0000] {processor.py:183} INFO - Processing /home/airflow/.local/lib/python3.8/site-packages/airflow/example_dags/example_nested_branch_dag.py took 0.302 seconds
[2024-03-09T07:09:30.149+0000] {processor.py:161} INFO - Started process (PID=348) to work on /home/airflow/.local/lib/python3.8/site-packages/airflow/example_dags/example_nested_branch_dag.py
[2024-03-09T07:09:30.153+0000] {processor.py:830} INFO - Processing file /home/airflow/.local/lib/python3.8/site-packages/airflow/example_dags/example_nested_branch_dag.py for tasks to queue
[2024-03-09T07:09:30.159+0000] {logging_mixin.py:188} INFO - [2024-03-09T07:09:30.158+0000] {dagbag.py:540} INFO - Filling up the DagBag from /home/airflow/.local/lib/python3.8/site-packages/airflow/example_dags/example_nested_branch_dag.py
[2024-03-09T07:09:30.206+0000] {processor.py:840} INFO - DAG(s) 'example_nested_branch_dag' retrieved from /home/airflow/.local/lib/python3.8/site-packages/airflow/example_dags/example_nested_branch_dag.py
[2024-03-09T07:09:30.269+0000] {logging_mixin.py:188} INFO - [2024-03-09T07:09:30.268+0000] {dag.py:3047} INFO - Sync 1 DAGs
[2024-03-09T07:09:30.338+0000] {logging_mixin.py:188} INFO - [2024-03-09T07:09:30.338+0000] {dag.py:3834} INFO - Setting next_dagrun for example_nested_branch_dag to 2024-03-08 00:00:00+00:00, run_after=2024-03-09 00:00:00+00:00
[2024-03-09T07:09:30.403+0000] {processor.py:183} INFO - Processing /home/airflow/.local/lib/python3.8/site-packages/airflow/example_dags/example_nested_branch_dag.py took 0.265 seconds
[2024-03-09T07:10:00.664+0000] {processor.py:161} INFO - Started process (PID=401) to work on /home/airflow/.local/lib/python3.8/site-packages/airflow/example_dags/example_nested_branch_dag.py
[2024-03-09T07:10:00.668+0000] {processor.py:830} INFO - Processing file /home/airflow/.local/lib/python3.8/site-packages/airflow/example_dags/example_nested_branch_dag.py for tasks to queue
[2024-03-09T07:10:00.674+0000] {logging_mixin.py:188} INFO - [2024-03-09T07:10:00.673+0000] {dagbag.py:540} INFO - Filling up the DagBag from /home/airflow/.local/lib/python3.8/site-packages/airflow/example_dags/example_nested_branch_dag.py
[2024-03-09T07:10:00.710+0000] {processor.py:840} INFO - DAG(s) 'example_nested_branch_dag' retrieved from /home/airflow/.local/lib/python3.8/site-packages/airflow/example_dags/example_nested_branch_dag.py
[2024-03-09T07:10:00.791+0000] {logging_mixin.py:188} INFO - [2024-03-09T07:10:00.790+0000] {dag.py:3047} INFO - Sync 1 DAGs
[2024-03-09T07:10:00.906+0000] {logging_mixin.py:188} INFO - [2024-03-09T07:10:00.904+0000] {dag.py:3834} INFO - Setting next_dagrun for example_nested_branch_dag to 2024-03-08 00:00:00+00:00, run_after=2024-03-09 00:00:00+00:00
[2024-03-09T07:10:01.024+0000] {processor.py:183} INFO - Processing /home/airflow/.local/lib/python3.8/site-packages/airflow/example_dags/example_nested_branch_dag.py took 0.372 seconds
[2024-03-09T07:10:31.456+0000] {processor.py:161} INFO - Started process (PID=455) to work on /home/airflow/.local/lib/python3.8/site-packages/airflow/example_dags/example_nested_branch_dag.py
[2024-03-09T07:10:31.460+0000] {processor.py:830} INFO - Processing file /home/airflow/.local/lib/python3.8/site-packages/airflow/example_dags/example_nested_branch_dag.py for tasks to queue
[2024-03-09T07:10:31.468+0000] {logging_mixin.py:188} INFO - [2024-03-09T07:10:31.467+0000] {dagbag.py:540} INFO - Filling up the DagBag from /home/airflow/.local/lib/python3.8/site-packages/airflow/example_dags/example_nested_branch_dag.py
[2024-03-09T07:10:31.515+0000] {processor.py:840} INFO - DAG(s) 'example_nested_branch_dag' retrieved from /home/airflow/.local/lib/python3.8/site-packages/airflow/example_dags/example_nested_branch_dag.py
[2024-03-09T07:10:31.662+0000] {logging_mixin.py:188} INFO - [2024-03-09T07:10:31.660+0000] {dag.py:3047} INFO - Sync 1 DAGs
[2024-03-09T07:10:31.786+0000] {logging_mixin.py:188} INFO - [2024-03-09T07:10:31.785+0000] {dag.py:3834} INFO - Setting next_dagrun for example_nested_branch_dag to 2024-03-08 00:00:00+00:00, run_after=2024-03-09 00:00:00+00:00
[2024-03-09T07:10:31.875+0000] {processor.py:183} INFO - Processing /home/airflow/.local/lib/python3.8/site-packages/airflow/example_dags/example_nested_branch_dag.py took 0.434 seconds
[2024-03-09T07:11:02.047+0000] {processor.py:161} INFO - Started process (PID=510) to work on /home/airflow/.local/lib/python3.8/site-packages/airflow/example_dags/example_nested_branch_dag.py
[2024-03-09T07:11:02.051+0000] {processor.py:830} INFO - Processing file /home/airflow/.local/lib/python3.8/site-packages/airflow/example_dags/example_nested_branch_dag.py for tasks to queue
[2024-03-09T07:11:02.057+0000] {logging_mixin.py:188} INFO - [2024-03-09T07:11:02.056+0000] {dagbag.py:540} INFO - Filling up the DagBag from /home/airflow/.local/lib/python3.8/site-packages/airflow/example_dags/example_nested_branch_dag.py
[2024-03-09T07:11:02.094+0000] {processor.py:840} INFO - DAG(s) 'example_nested_branch_dag' retrieved from /home/airflow/.local/lib/python3.8/site-packages/airflow/example_dags/example_nested_branch_dag.py
[2024-03-09T07:11:02.166+0000] {logging_mixin.py:188} INFO - [2024-03-09T07:11:02.165+0000] {dag.py:3047} INFO - Sync 1 DAGs
[2024-03-09T07:11:02.272+0000] {logging_mixin.py:188} INFO - [2024-03-09T07:11:02.271+0000] {dag.py:3834} INFO - Setting next_dagrun for example_nested_branch_dag to 2024-03-08 00:00:00+00:00, run_after=2024-03-09 00:00:00+00:00
[2024-03-09T07:11:02.356+0000] {processor.py:183} INFO - Processing /home/airflow/.local/lib/python3.8/site-packages/airflow/example_dags/example_nested_branch_dag.py took 0.319 seconds
[2024-03-09T07:11:33.395+0000] {processor.py:161} INFO - Started process (PID=565) to work on /home/airflow/.local/lib/python3.8/site-packages/airflow/example_dags/example_nested_branch_dag.py
[2024-03-09T07:11:33.397+0000] {processor.py:830} INFO - Processing file /home/airflow/.local/lib/python3.8/site-packages/airflow/example_dags/example_nested_branch_dag.py for tasks to queue
[2024-03-09T07:11:33.402+0000] {logging_mixin.py:188} INFO - [2024-03-09T07:11:33.402+0000] {dagbag.py:540} INFO - Filling up the DagBag from /home/airflow/.local/lib/python3.8/site-packages/airflow/example_dags/example_nested_branch_dag.py
[2024-03-09T07:11:33.428+0000] {processor.py:840} INFO - DAG(s) 'example_nested_branch_dag' retrieved from /home/airflow/.local/lib/python3.8/site-packages/airflow/example_dags/example_nested_branch_dag.py
[2024-03-09T07:11:33.493+0000] {logging_mixin.py:188} INFO - [2024-03-09T07:11:33.493+0000] {dag.py:3047} INFO - Sync 1 DAGs
[2024-03-09T07:11:33.550+0000] {logging_mixin.py:188} INFO - [2024-03-09T07:11:33.549+0000] {dag.py:3834} INFO - Setting next_dagrun for example_nested_branch_dag to 2024-03-08 00:00:00+00:00, run_after=2024-03-09 00:00:00+00:00
[2024-03-09T07:11:33.603+0000] {processor.py:183} INFO - Processing /home/airflow/.local/lib/python3.8/site-packages/airflow/example_dags/example_nested_branch_dag.py took 0.218 seconds
[2024-03-09T07:12:03.879+0000] {processor.py:161} INFO - Started process (PID=620) to work on /home/airflow/.local/lib/python3.8/site-packages/airflow/example_dags/example_nested_branch_dag.py
[2024-03-09T07:12:03.882+0000] {processor.py:830} INFO - Processing file /home/airflow/.local/lib/python3.8/site-packages/airflow/example_dags/example_nested_branch_dag.py for tasks to queue
[2024-03-09T07:12:03.889+0000] {logging_mixin.py:188} INFO - [2024-03-09T07:12:03.888+0000] {dagbag.py:540} INFO - Filling up the DagBag from /home/airflow/.local/lib/python3.8/site-packages/airflow/example_dags/example_nested_branch_dag.py
[2024-03-09T07:12:03.927+0000] {processor.py:840} INFO - DAG(s) 'example_nested_branch_dag' retrieved from /home/airflow/.local/lib/python3.8/site-packages/airflow/example_dags/example_nested_branch_dag.py
[2024-03-09T07:12:03.989+0000] {logging_mixin.py:188} INFO - [2024-03-09T07:12:03.989+0000] {dag.py:3047} INFO - Sync 1 DAGs
[2024-03-09T07:12:04.059+0000] {logging_mixin.py:188} INFO - [2024-03-09T07:12:04.059+0000] {dag.py:3834} INFO - Setting next_dagrun for example_nested_branch_dag to 2024-03-08 00:00:00+00:00, run_after=2024-03-09 00:00:00+00:00
[2024-03-09T07:12:04.112+0000] {processor.py:183} INFO - Processing /home/airflow/.local/lib/python3.8/site-packages/airflow/example_dags/example_nested_branch_dag.py took 0.246 seconds
[2024-03-09T07:12:34.383+0000] {processor.py:161} INFO - Started process (PID=675) to work on /home/airflow/.local/lib/python3.8/site-packages/airflow/example_dags/example_nested_branch_dag.py
[2024-03-09T07:12:34.386+0000] {processor.py:830} INFO - Processing file /home/airflow/.local/lib/python3.8/site-packages/airflow/example_dags/example_nested_branch_dag.py for tasks to queue
[2024-03-09T07:12:34.391+0000] {logging_mixin.py:188} INFO - [2024-03-09T07:12:34.390+0000] {dagbag.py:540} INFO - Filling up the DagBag from /home/airflow/.local/lib/python3.8/site-packages/airflow/example_dags/example_nested_branch_dag.py
[2024-03-09T07:12:34.420+0000] {processor.py:840} INFO - DAG(s) 'example_nested_branch_dag' retrieved from /home/airflow/.local/lib/python3.8/site-packages/airflow/example_dags/example_nested_branch_dag.py
[2024-03-09T07:12:34.476+0000] {logging_mixin.py:188} INFO - [2024-03-09T07:12:34.476+0000] {dag.py:3047} INFO - Sync 1 DAGs
[2024-03-09T07:12:34.534+0000] {logging_mixin.py:188} INFO - [2024-03-09T07:12:34.533+0000] {dag.py:3834} INFO - Setting next_dagrun for example_nested_branch_dag to 2024-03-08 00:00:00+00:00, run_after=2024-03-09 00:00:00+00:00
[2024-03-09T07:12:34.575+0000] {processor.py:183} INFO - Processing /home/airflow/.local/lib/python3.8/site-packages/airflow/example_dags/example_nested_branch_dag.py took 0.201 seconds
[2024-03-09T07:13:05.158+0000] {processor.py:161} INFO - Started process (PID=730) to work on /home/airflow/.local/lib/python3.8/site-packages/airflow/example_dags/example_nested_branch_dag.py
[2024-03-09T07:13:05.163+0000] {processor.py:830} INFO - Processing file /home/airflow/.local/lib/python3.8/site-packages/airflow/example_dags/example_nested_branch_dag.py for tasks to queue
[2024-03-09T07:13:05.175+0000] {logging_mixin.py:188} INFO - [2024-03-09T07:13:05.172+0000] {dagbag.py:540} INFO - Filling up the DagBag from /home/airflow/.local/lib/python3.8/site-packages/airflow/example_dags/example_nested_branch_dag.py
[2024-03-09T07:13:05.239+0000] {processor.py:840} INFO - DAG(s) 'example_nested_branch_dag' retrieved from /home/airflow/.local/lib/python3.8/site-packages/airflow/example_dags/example_nested_branch_dag.py
[2024-03-09T07:13:05.358+0000] {logging_mixin.py:188} INFO - [2024-03-09T07:13:05.357+0000] {dag.py:3047} INFO - Sync 1 DAGs
[2024-03-09T07:13:05.494+0000] {logging_mixin.py:188} INFO - [2024-03-09T07:13:05.493+0000] {dag.py:3834} INFO - Setting next_dagrun for example_nested_branch_dag to 2024-03-08 00:00:00+00:00, run_after=2024-03-09 00:00:00+00:00
[2024-03-09T07:13:05.592+0000] {processor.py:183} INFO - Processing /home/airflow/.local/lib/python3.8/site-packages/airflow/example_dags/example_nested_branch_dag.py took 0.452 seconds
[2024-03-09T07:13:36.577+0000] {processor.py:161} INFO - Started process (PID=785) to work on /home/airflow/.local/lib/python3.8/site-packages/airflow/example_dags/example_nested_branch_dag.py
[2024-03-09T07:13:36.581+0000] {processor.py:830} INFO - Processing file /home/airflow/.local/lib/python3.8/site-packages/airflow/example_dags/example_nested_branch_dag.py for tasks to queue
[2024-03-09T07:13:36.588+0000] {logging_mixin.py:188} INFO - [2024-03-09T07:13:36.587+0000] {dagbag.py:540} INFO - Filling up the DagBag from /home/airflow/.local/lib/python3.8/site-packages/airflow/example_dags/example_nested_branch_dag.py
[2024-03-09T07:13:36.624+0000] {processor.py:840} INFO - DAG(s) 'example_nested_branch_dag' retrieved from /home/airflow/.local/lib/python3.8/site-packages/airflow/example_dags/example_nested_branch_dag.py
[2024-03-09T07:13:36.693+0000] {logging_mixin.py:188} INFO - [2024-03-09T07:13:36.692+0000] {dag.py:3047} INFO - Sync 1 DAGs
[2024-03-09T07:13:36.764+0000] {logging_mixin.py:188} INFO - [2024-03-09T07:13:36.763+0000] {dag.py:3834} INFO - Setting next_dagrun for example_nested_branch_dag to 2024-03-08 00:00:00+00:00, run_after=2024-03-09 00:00:00+00:00
[2024-03-09T07:13:36.825+0000] {processor.py:183} INFO - Processing /home/airflow/.local/lib/python3.8/site-packages/airflow/example_dags/example_nested_branch_dag.py took 0.258 seconds
[2024-03-09T07:14:07.216+0000] {processor.py:161} INFO - Started process (PID=840) to work on /home/airflow/.local/lib/python3.8/site-packages/airflow/example_dags/example_nested_branch_dag.py
[2024-03-09T07:14:07.218+0000] {processor.py:830} INFO - Processing file /home/airflow/.local/lib/python3.8/site-packages/airflow/example_dags/example_nested_branch_dag.py for tasks to queue
[2024-03-09T07:14:07.224+0000] {logging_mixin.py:188} INFO - [2024-03-09T07:14:07.223+0000] {dagbag.py:540} INFO - Filling up the DagBag from /home/airflow/.local/lib/python3.8/site-packages/airflow/example_dags/example_nested_branch_dag.py
[2024-03-09T07:14:07.251+0000] {processor.py:840} INFO - DAG(s) 'example_nested_branch_dag' retrieved from /home/airflow/.local/lib/python3.8/site-packages/airflow/example_dags/example_nested_branch_dag.py
[2024-03-09T07:14:07.314+0000] {logging_mixin.py:188} INFO - [2024-03-09T07:14:07.313+0000] {dag.py:3047} INFO - Sync 1 DAGs
[2024-03-09T07:14:07.443+0000] {logging_mixin.py:188} INFO - [2024-03-09T07:14:07.436+0000] {dag.py:3834} INFO - Setting next_dagrun for example_nested_branch_dag to 2024-03-08 00:00:00+00:00, run_after=2024-03-09 00:00:00+00:00
[2024-03-09T07:14:07.537+0000] {processor.py:183} INFO - Processing /home/airflow/.local/lib/python3.8/site-packages/airflow/example_dags/example_nested_branch_dag.py took 0.330 seconds
[2024-03-09T07:14:37.878+0000] {processor.py:161} INFO - Started process (PID=895) to work on /home/airflow/.local/lib/python3.8/site-packages/airflow/example_dags/example_nested_branch_dag.py
[2024-03-09T07:14:37.882+0000] {processor.py:830} INFO - Processing file /home/airflow/.local/lib/python3.8/site-packages/airflow/example_dags/example_nested_branch_dag.py for tasks to queue
[2024-03-09T07:14:37.899+0000] {logging_mixin.py:188} INFO - [2024-03-09T07:14:37.898+0000] {dagbag.py:540} INFO - Filling up the DagBag from /home/airflow/.local/lib/python3.8/site-packages/airflow/example_dags/example_nested_branch_dag.py
[2024-03-09T07:14:37.936+0000] {processor.py:840} INFO - DAG(s) 'example_nested_branch_dag' retrieved from /home/airflow/.local/lib/python3.8/site-packages/airflow/example_dags/example_nested_branch_dag.py
[2024-03-09T07:14:38.105+0000] {logging_mixin.py:188} INFO - [2024-03-09T07:14:38.104+0000] {dag.py:3047} INFO - Sync 1 DAGs
[2024-03-09T07:14:38.303+0000] {logging_mixin.py:188} INFO - [2024-03-09T07:14:38.302+0000] {dag.py:3834} INFO - Setting next_dagrun for example_nested_branch_dag to 2024-03-08 00:00:00+00:00, run_after=2024-03-09 00:00:00+00:00
[2024-03-09T07:14:38.504+0000] {processor.py:183} INFO - Processing /home/airflow/.local/lib/python3.8/site-packages/airflow/example_dags/example_nested_branch_dag.py took 0.648 seconds
[2024-03-09T07:15:09.090+0000] {processor.py:161} INFO - Started process (PID=956) to work on /home/airflow/.local/lib/python3.8/site-packages/airflow/example_dags/example_nested_branch_dag.py
[2024-03-09T07:15:09.094+0000] {processor.py:830} INFO - Processing file /home/airflow/.local/lib/python3.8/site-packages/airflow/example_dags/example_nested_branch_dag.py for tasks to queue
[2024-03-09T07:15:09.101+0000] {logging_mixin.py:188} INFO - [2024-03-09T07:15:09.100+0000] {dagbag.py:540} INFO - Filling up the DagBag from /home/airflow/.local/lib/python3.8/site-packages/airflow/example_dags/example_nested_branch_dag.py
[2024-03-09T07:15:09.148+0000] {processor.py:840} INFO - DAG(s) 'example_nested_branch_dag' retrieved from /home/airflow/.local/lib/python3.8/site-packages/airflow/example_dags/example_nested_branch_dag.py
[2024-03-09T07:15:09.230+0000] {logging_mixin.py:188} INFO - [2024-03-09T07:15:09.229+0000] {dag.py:3047} INFO - Sync 1 DAGs
[2024-03-09T07:15:09.310+0000] {logging_mixin.py:188} INFO - [2024-03-09T07:15:09.309+0000] {dag.py:3834} INFO - Setting next_dagrun for example_nested_branch_dag to 2024-03-08 00:00:00+00:00, run_after=2024-03-09 00:00:00+00:00
[2024-03-09T07:15:09.393+0000] {processor.py:183} INFO - Processing /home/airflow/.local/lib/python3.8/site-packages/airflow/example_dags/example_nested_branch_dag.py took 0.319 seconds
[2024-03-09T07:15:40.071+0000] {processor.py:161} INFO - Started process (PID=1011) to work on /home/airflow/.local/lib/python3.8/site-packages/airflow/example_dags/example_nested_branch_dag.py
[2024-03-09T07:15:40.076+0000] {processor.py:830} INFO - Processing file /home/airflow/.local/lib/python3.8/site-packages/airflow/example_dags/example_nested_branch_dag.py for tasks to queue
[2024-03-09T07:15:40.082+0000] {logging_mixin.py:188} INFO - [2024-03-09T07:15:40.081+0000] {dagbag.py:540} INFO - Filling up the DagBag from /home/airflow/.local/lib/python3.8/site-packages/airflow/example_dags/example_nested_branch_dag.py
[2024-03-09T07:15:40.118+0000] {processor.py:840} INFO - DAG(s) 'example_nested_branch_dag' retrieved from /home/airflow/.local/lib/python3.8/site-packages/airflow/example_dags/example_nested_branch_dag.py
[2024-03-09T07:15:40.197+0000] {logging_mixin.py:188} INFO - [2024-03-09T07:15:40.196+0000] {dag.py:3047} INFO - Sync 1 DAGs
[2024-03-09T07:15:40.284+0000] {logging_mixin.py:188} INFO - [2024-03-09T07:15:40.283+0000] {dag.py:3834} INFO - Setting next_dagrun for example_nested_branch_dag to 2024-03-08 00:00:00+00:00, run_after=2024-03-09 00:00:00+00:00
[2024-03-09T07:15:40.392+0000] {processor.py:183} INFO - Processing /home/airflow/.local/lib/python3.8/site-packages/airflow/example_dags/example_nested_branch_dag.py took 0.335 seconds
[2024-03-09T07:16:11.037+0000] {processor.py:161} INFO - Started process (PID=1066) to work on /home/airflow/.local/lib/python3.8/site-packages/airflow/example_dags/example_nested_branch_dag.py
[2024-03-09T07:16:11.043+0000] {processor.py:830} INFO - Processing file /home/airflow/.local/lib/python3.8/site-packages/airflow/example_dags/example_nested_branch_dag.py for tasks to queue
[2024-03-09T07:16:11.052+0000] {logging_mixin.py:188} INFO - [2024-03-09T07:16:11.051+0000] {dagbag.py:540} INFO - Filling up the DagBag from /home/airflow/.local/lib/python3.8/site-packages/airflow/example_dags/example_nested_branch_dag.py
[2024-03-09T07:16:11.102+0000] {processor.py:840} INFO - DAG(s) 'example_nested_branch_dag' retrieved from /home/airflow/.local/lib/python3.8/site-packages/airflow/example_dags/example_nested_branch_dag.py
[2024-03-09T07:16:11.215+0000] {logging_mixin.py:188} INFO - [2024-03-09T07:16:11.214+0000] {dag.py:3047} INFO - Sync 1 DAGs
[2024-03-09T07:16:11.330+0000] {logging_mixin.py:188} INFO - [2024-03-09T07:16:11.329+0000] {dag.py:3834} INFO - Setting next_dagrun for example_nested_branch_dag to 2024-03-08 00:00:00+00:00, run_after=2024-03-09 00:00:00+00:00
[2024-03-09T07:16:11.421+0000] {processor.py:183} INFO - Processing /home/airflow/.local/lib/python3.8/site-packages/airflow/example_dags/example_nested_branch_dag.py took 0.398 seconds
[2024-03-09T07:16:41.644+0000] {processor.py:161} INFO - Started process (PID=1121) to work on /home/airflow/.local/lib/python3.8/site-packages/airflow/example_dags/example_nested_branch_dag.py
[2024-03-09T07:16:41.647+0000] {processor.py:830} INFO - Processing file /home/airflow/.local/lib/python3.8/site-packages/airflow/example_dags/example_nested_branch_dag.py for tasks to queue
[2024-03-09T07:16:41.653+0000] {logging_mixin.py:188} INFO - [2024-03-09T07:16:41.652+0000] {dagbag.py:540} INFO - Filling up the DagBag from /home/airflow/.local/lib/python3.8/site-packages/airflow/example_dags/example_nested_branch_dag.py
[2024-03-09T07:16:41.699+0000] {processor.py:840} INFO - DAG(s) 'example_nested_branch_dag' retrieved from /home/airflow/.local/lib/python3.8/site-packages/airflow/example_dags/example_nested_branch_dag.py
[2024-03-09T07:16:41.804+0000] {logging_mixin.py:188} INFO - [2024-03-09T07:16:41.803+0000] {dag.py:3047} INFO - Sync 1 DAGs
[2024-03-09T07:16:41.914+0000] {logging_mixin.py:188} INFO - [2024-03-09T07:16:41.912+0000] {dag.py:3834} INFO - Setting next_dagrun for example_nested_branch_dag to 2024-03-08 00:00:00+00:00, run_after=2024-03-09 00:00:00+00:00
[2024-03-09T07:16:42.009+0000] {processor.py:183} INFO - Processing /home/airflow/.local/lib/python3.8/site-packages/airflow/example_dags/example_nested_branch_dag.py took 0.378 seconds
[2024-03-09T07:17:12.181+0000] {processor.py:161} INFO - Started process (PID=1176) to work on /home/airflow/.local/lib/python3.8/site-packages/airflow/example_dags/example_nested_branch_dag.py
[2024-03-09T07:17:12.183+0000] {processor.py:830} INFO - Processing file /home/airflow/.local/lib/python3.8/site-packages/airflow/example_dags/example_nested_branch_dag.py for tasks to queue
[2024-03-09T07:17:12.188+0000] {logging_mixin.py:188} INFO - [2024-03-09T07:17:12.187+0000] {dagbag.py:540} INFO - Filling up the DagBag from /home/airflow/.local/lib/python3.8/site-packages/airflow/example_dags/example_nested_branch_dag.py
[2024-03-09T07:17:12.214+0000] {processor.py:840} INFO - DAG(s) 'example_nested_branch_dag' retrieved from /home/airflow/.local/lib/python3.8/site-packages/airflow/example_dags/example_nested_branch_dag.py
[2024-03-09T07:17:12.279+0000] {logging_mixin.py:188} INFO - [2024-03-09T07:17:12.278+0000] {dag.py:3047} INFO - Sync 1 DAGs
[2024-03-09T07:17:12.355+0000] {logging_mixin.py:188} INFO - [2024-03-09T07:17:12.354+0000] {dag.py:3834} INFO - Setting next_dagrun for example_nested_branch_dag to 2024-03-08 00:00:00+00:00, run_after=2024-03-09 00:00:00+00:00
[2024-03-09T07:17:12.403+0000] {processor.py:183} INFO - Processing /home/airflow/.local/lib/python3.8/site-packages/airflow/example_dags/example_nested_branch_dag.py took 0.231 seconds
[2024-03-09T07:17:43.354+0000] {processor.py:161} INFO - Started process (PID=1231) to work on /home/airflow/.local/lib/python3.8/site-packages/airflow/example_dags/example_nested_branch_dag.py
[2024-03-09T07:17:43.359+0000] {processor.py:830} INFO - Processing file /home/airflow/.local/lib/python3.8/site-packages/airflow/example_dags/example_nested_branch_dag.py for tasks to queue
[2024-03-09T07:17:43.367+0000] {logging_mixin.py:188} INFO - [2024-03-09T07:17:43.366+0000] {dagbag.py:540} INFO - Filling up the DagBag from /home/airflow/.local/lib/python3.8/site-packages/airflow/example_dags/example_nested_branch_dag.py
[2024-03-09T07:17:43.424+0000] {processor.py:840} INFO - DAG(s) 'example_nested_branch_dag' retrieved from /home/airflow/.local/lib/python3.8/site-packages/airflow/example_dags/example_nested_branch_dag.py
[2024-03-09T07:17:43.553+0000] {logging_mixin.py:188} INFO - [2024-03-09T07:17:43.552+0000] {dag.py:3047} INFO - Sync 1 DAGs
[2024-03-09T07:17:43.666+0000] {logging_mixin.py:188} INFO - [2024-03-09T07:17:43.665+0000] {dag.py:3834} INFO - Setting next_dagrun for example_nested_branch_dag to 2024-03-08 00:00:00+00:00, run_after=2024-03-09 00:00:00+00:00
[2024-03-09T07:17:43.758+0000] {processor.py:183} INFO - Processing /home/airflow/.local/lib/python3.8/site-packages/airflow/example_dags/example_nested_branch_dag.py took 0.419 seconds
[2024-03-09T07:18:14.058+0000] {processor.py:161} INFO - Started process (PID=1286) to work on /home/airflow/.local/lib/python3.8/site-packages/airflow/example_dags/example_nested_branch_dag.py
[2024-03-09T07:18:14.064+0000] {processor.py:830} INFO - Processing file /home/airflow/.local/lib/python3.8/site-packages/airflow/example_dags/example_nested_branch_dag.py for tasks to queue
[2024-03-09T07:18:14.071+0000] {logging_mixin.py:188} INFO - [2024-03-09T07:18:14.070+0000] {dagbag.py:540} INFO - Filling up the DagBag from /home/airflow/.local/lib/python3.8/site-packages/airflow/example_dags/example_nested_branch_dag.py
[2024-03-09T07:18:14.108+0000] {processor.py:840} INFO - DAG(s) 'example_nested_branch_dag' retrieved from /home/airflow/.local/lib/python3.8/site-packages/airflow/example_dags/example_nested_branch_dag.py
[2024-03-09T07:18:14.182+0000] {logging_mixin.py:188} INFO - [2024-03-09T07:18:14.182+0000] {dag.py:3047} INFO - Sync 1 DAGs
[2024-03-09T07:18:14.304+0000] {logging_mixin.py:188} INFO - [2024-03-09T07:18:14.304+0000] {dag.py:3834} INFO - Setting next_dagrun for example_nested_branch_dag to 2024-03-08 00:00:00+00:00, run_after=2024-03-09 00:00:00+00:00
[2024-03-09T07:18:14.367+0000] {processor.py:183} INFO - Processing /home/airflow/.local/lib/python3.8/site-packages/airflow/example_dags/example_nested_branch_dag.py took 0.328 seconds
[2024-03-09T07:18:44.802+0000] {processor.py:161} INFO - Started process (PID=1341) to work on /home/airflow/.local/lib/python3.8/site-packages/airflow/example_dags/example_nested_branch_dag.py
[2024-03-09T07:18:44.805+0000] {processor.py:830} INFO - Processing file /home/airflow/.local/lib/python3.8/site-packages/airflow/example_dags/example_nested_branch_dag.py for tasks to queue
[2024-03-09T07:18:44.810+0000] {logging_mixin.py:188} INFO - [2024-03-09T07:18:44.809+0000] {dagbag.py:540} INFO - Filling up the DagBag from /home/airflow/.local/lib/python3.8/site-packages/airflow/example_dags/example_nested_branch_dag.py
[2024-03-09T07:18:44.847+0000] {processor.py:840} INFO - DAG(s) 'example_nested_branch_dag' retrieved from /home/airflow/.local/lib/python3.8/site-packages/airflow/example_dags/example_nested_branch_dag.py
[2024-03-09T07:18:44.939+0000] {logging_mixin.py:188} INFO - [2024-03-09T07:18:44.939+0000] {dag.py:3047} INFO - Sync 1 DAGs
[2024-03-09T07:18:45.028+0000] {logging_mixin.py:188} INFO - [2024-03-09T07:18:45.027+0000] {dag.py:3834} INFO - Setting next_dagrun for example_nested_branch_dag to 2024-03-08 00:00:00+00:00, run_after=2024-03-09 00:00:00+00:00
[2024-03-09T07:18:45.105+0000] {processor.py:183} INFO - Processing /home/airflow/.local/lib/python3.8/site-packages/airflow/example_dags/example_nested_branch_dag.py took 0.312 seconds
[2024-03-09T07:19:15.750+0000] {processor.py:161} INFO - Started process (PID=1396) to work on /home/airflow/.local/lib/python3.8/site-packages/airflow/example_dags/example_nested_branch_dag.py
[2024-03-09T07:19:15.752+0000] {processor.py:830} INFO - Processing file /home/airflow/.local/lib/python3.8/site-packages/airflow/example_dags/example_nested_branch_dag.py for tasks to queue
[2024-03-09T07:19:15.757+0000] {logging_mixin.py:188} INFO - [2024-03-09T07:19:15.756+0000] {dagbag.py:540} INFO - Filling up the DagBag from /home/airflow/.local/lib/python3.8/site-packages/airflow/example_dags/example_nested_branch_dag.py
[2024-03-09T07:19:15.788+0000] {processor.py:840} INFO - DAG(s) 'example_nested_branch_dag' retrieved from /home/airflow/.local/lib/python3.8/site-packages/airflow/example_dags/example_nested_branch_dag.py
[2024-03-09T07:19:15.851+0000] {logging_mixin.py:188} INFO - [2024-03-09T07:19:15.851+0000] {dag.py:3047} INFO - Sync 1 DAGs
[2024-03-09T07:19:15.913+0000] {logging_mixin.py:188} INFO - [2024-03-09T07:19:15.912+0000] {dag.py:3834} INFO - Setting next_dagrun for example_nested_branch_dag to 2024-03-08 00:00:00+00:00, run_after=2024-03-09 00:00:00+00:00
[2024-03-09T07:19:15.971+0000] {processor.py:183} INFO - Processing /home/airflow/.local/lib/python3.8/site-packages/airflow/example_dags/example_nested_branch_dag.py took 0.229 seconds
[2024-03-09T07:19:46.348+0000] {processor.py:161} INFO - Started process (PID=1451) to work on /home/airflow/.local/lib/python3.8/site-packages/airflow/example_dags/example_nested_branch_dag.py
[2024-03-09T07:19:46.351+0000] {processor.py:830} INFO - Processing file /home/airflow/.local/lib/python3.8/site-packages/airflow/example_dags/example_nested_branch_dag.py for tasks to queue
[2024-03-09T07:19:46.359+0000] {logging_mixin.py:188} INFO - [2024-03-09T07:19:46.358+0000] {dagbag.py:540} INFO - Filling up the DagBag from /home/airflow/.local/lib/python3.8/site-packages/airflow/example_dags/example_nested_branch_dag.py
[2024-03-09T07:19:46.416+0000] {processor.py:840} INFO - DAG(s) 'example_nested_branch_dag' retrieved from /home/airflow/.local/lib/python3.8/site-packages/airflow/example_dags/example_nested_branch_dag.py
[2024-03-09T07:19:46.518+0000] {logging_mixin.py:188} INFO - [2024-03-09T07:19:46.518+0000] {dag.py:3047} INFO - Sync 1 DAGs
[2024-03-09T07:19:46.598+0000] {logging_mixin.py:188} INFO - [2024-03-09T07:19:46.597+0000] {dag.py:3834} INFO - Setting next_dagrun for example_nested_branch_dag to 2024-03-08 00:00:00+00:00, run_after=2024-03-09 00:00:00+00:00
[2024-03-09T07:19:46.693+0000] {processor.py:183} INFO - Processing /home/airflow/.local/lib/python3.8/site-packages/airflow/example_dags/example_nested_branch_dag.py took 0.354 seconds
[2024-03-09T07:20:17.081+0000] {processor.py:161} INFO - Started process (PID=1506) to work on /home/airflow/.local/lib/python3.8/site-packages/airflow/example_dags/example_nested_branch_dag.py
[2024-03-09T07:20:17.087+0000] {processor.py:830} INFO - Processing file /home/airflow/.local/lib/python3.8/site-packages/airflow/example_dags/example_nested_branch_dag.py for tasks to queue
[2024-03-09T07:20:17.098+0000] {logging_mixin.py:188} INFO - [2024-03-09T07:20:17.096+0000] {dagbag.py:540} INFO - Filling up the DagBag from /home/airflow/.local/lib/python3.8/site-packages/airflow/example_dags/example_nested_branch_dag.py
[2024-03-09T07:20:17.152+0000] {processor.py:840} INFO - DAG(s) 'example_nested_branch_dag' retrieved from /home/airflow/.local/lib/python3.8/site-packages/airflow/example_dags/example_nested_branch_dag.py
[2024-03-09T07:20:17.336+0000] {logging_mixin.py:188} INFO - [2024-03-09T07:20:17.334+0000] {dag.py:3047} INFO - Sync 1 DAGs
[2024-03-09T07:20:17.438+0000] {logging_mixin.py:188} INFO - [2024-03-09T07:20:17.437+0000] {dag.py:3834} INFO - Setting next_dagrun for example_nested_branch_dag to 2024-03-08 00:00:00+00:00, run_after=2024-03-09 00:00:00+00:00
[2024-03-09T07:20:17.491+0000] {processor.py:183} INFO - Processing /home/airflow/.local/lib/python3.8/site-packages/airflow/example_dags/example_nested_branch_dag.py took 0.425 seconds
[2024-03-09T07:20:47.852+0000] {processor.py:161} INFO - Started process (PID=1561) to work on /home/airflow/.local/lib/python3.8/site-packages/airflow/example_dags/example_nested_branch_dag.py
[2024-03-09T07:20:47.856+0000] {processor.py:830} INFO - Processing file /home/airflow/.local/lib/python3.8/site-packages/airflow/example_dags/example_nested_branch_dag.py for tasks to queue
[2024-03-09T07:20:47.862+0000] {logging_mixin.py:188} INFO - [2024-03-09T07:20:47.861+0000] {dagbag.py:540} INFO - Filling up the DagBag from /home/airflow/.local/lib/python3.8/site-packages/airflow/example_dags/example_nested_branch_dag.py
[2024-03-09T07:20:47.895+0000] {processor.py:840} INFO - DAG(s) 'example_nested_branch_dag' retrieved from /home/airflow/.local/lib/python3.8/site-packages/airflow/example_dags/example_nested_branch_dag.py
[2024-03-09T07:20:47.958+0000] {logging_mixin.py:188} INFO - [2024-03-09T07:20:47.957+0000] {dag.py:3047} INFO - Sync 1 DAGs
[2024-03-09T07:20:48.028+0000] {logging_mixin.py:188} INFO - [2024-03-09T07:20:48.028+0000] {dag.py:3834} INFO - Setting next_dagrun for example_nested_branch_dag to 2024-03-08 00:00:00+00:00, run_after=2024-03-09 00:00:00+00:00
[2024-03-09T07:20:48.083+0000] {processor.py:183} INFO - Processing /home/airflow/.local/lib/python3.8/site-packages/airflow/example_dags/example_nested_branch_dag.py took 0.241 seconds
[2024-03-09T07:21:18.955+0000] {processor.py:161} INFO - Started process (PID=1617) to work on /home/airflow/.local/lib/python3.8/site-packages/airflow/example_dags/example_nested_branch_dag.py
[2024-03-09T07:21:18.958+0000] {processor.py:830} INFO - Processing file /home/airflow/.local/lib/python3.8/site-packages/airflow/example_dags/example_nested_branch_dag.py for tasks to queue
[2024-03-09T07:21:18.966+0000] {logging_mixin.py:188} INFO - [2024-03-09T07:21:18.965+0000] {dagbag.py:540} INFO - Filling up the DagBag from /home/airflow/.local/lib/python3.8/site-packages/airflow/example_dags/example_nested_branch_dag.py
[2024-03-09T07:21:19.000+0000] {processor.py:840} INFO - DAG(s) 'example_nested_branch_dag' retrieved from /home/airflow/.local/lib/python3.8/site-packages/airflow/example_dags/example_nested_branch_dag.py
[2024-03-09T07:21:19.122+0000] {logging_mixin.py:188} INFO - [2024-03-09T07:21:19.121+0000] {dag.py:3047} INFO - Sync 1 DAGs
[2024-03-09T07:21:19.205+0000] {logging_mixin.py:188} INFO - [2024-03-09T07:21:19.204+0000] {dag.py:3834} INFO - Setting next_dagrun for example_nested_branch_dag to 2024-03-08 00:00:00+00:00, run_after=2024-03-09 00:00:00+00:00
[2024-03-09T07:21:19.281+0000] {processor.py:183} INFO - Processing /home/airflow/.local/lib/python3.8/site-packages/airflow/example_dags/example_nested_branch_dag.py took 0.338 seconds
[2024-03-09T07:21:51.510+0000] {processor.py:161} INFO - Started process (PID=1672) to work on /home/airflow/.local/lib/python3.8/site-packages/airflow/example_dags/example_nested_branch_dag.py
[2024-03-09T07:21:51.518+0000] {processor.py:830} INFO - Processing file /home/airflow/.local/lib/python3.8/site-packages/airflow/example_dags/example_nested_branch_dag.py for tasks to queue
[2024-03-09T07:21:51.530+0000] {logging_mixin.py:188} INFO - [2024-03-09T07:21:51.529+0000] {dagbag.py:540} INFO - Filling up the DagBag from /home/airflow/.local/lib/python3.8/site-packages/airflow/example_dags/example_nested_branch_dag.py
[2024-03-09T07:21:51.627+0000] {processor.py:840} INFO - DAG(s) 'example_nested_branch_dag' retrieved from /home/airflow/.local/lib/python3.8/site-packages/airflow/example_dags/example_nested_branch_dag.py
[2024-03-09T07:21:51.756+0000] {logging_mixin.py:188} INFO - [2024-03-09T07:21:51.755+0000] {dag.py:3047} INFO - Sync 1 DAGs
[2024-03-09T07:21:51.854+0000] {logging_mixin.py:188} INFO - [2024-03-09T07:21:51.853+0000] {dag.py:3834} INFO - Setting next_dagrun for example_nested_branch_dag to 2024-03-08 00:00:00+00:00, run_after=2024-03-09 00:00:00+00:00
[2024-03-09T07:21:51.913+0000] {processor.py:183} INFO - Processing /home/airflow/.local/lib/python3.8/site-packages/airflow/example_dags/example_nested_branch_dag.py took 0.439 seconds
[2024-03-09T07:22:22.235+0000] {processor.py:161} INFO - Started process (PID=1726) to work on /home/airflow/.local/lib/python3.8/site-packages/airflow/example_dags/example_nested_branch_dag.py
[2024-03-09T07:22:22.238+0000] {processor.py:830} INFO - Processing file /home/airflow/.local/lib/python3.8/site-packages/airflow/example_dags/example_nested_branch_dag.py for tasks to queue
[2024-03-09T07:22:22.245+0000] {logging_mixin.py:188} INFO - [2024-03-09T07:22:22.244+0000] {dagbag.py:540} INFO - Filling up the DagBag from /home/airflow/.local/lib/python3.8/site-packages/airflow/example_dags/example_nested_branch_dag.py
[2024-03-09T07:22:22.314+0000] {processor.py:840} INFO - DAG(s) 'example_nested_branch_dag' retrieved from /home/airflow/.local/lib/python3.8/site-packages/airflow/example_dags/example_nested_branch_dag.py
[2024-03-09T07:22:22.377+0000] {logging_mixin.py:188} INFO - [2024-03-09T07:22:22.376+0000] {dag.py:3047} INFO - Sync 1 DAGs
[2024-03-09T07:22:22.447+0000] {logging_mixin.py:188} INFO - [2024-03-09T07:22:22.446+0000] {dag.py:3834} INFO - Setting next_dagrun for example_nested_branch_dag to 2024-03-08 00:00:00+00:00, run_after=2024-03-09 00:00:00+00:00
[2024-03-09T07:22:22.523+0000] {processor.py:183} INFO - Processing /home/airflow/.local/lib/python3.8/site-packages/airflow/example_dags/example_nested_branch_dag.py took 0.300 seconds
[2024-03-09T07:22:53.367+0000] {processor.py:161} INFO - Started process (PID=1781) to work on /home/airflow/.local/lib/python3.8/site-packages/airflow/example_dags/example_nested_branch_dag.py
[2024-03-09T07:22:53.374+0000] {processor.py:830} INFO - Processing file /home/airflow/.local/lib/python3.8/site-packages/airflow/example_dags/example_nested_branch_dag.py for tasks to queue
[2024-03-09T07:22:53.388+0000] {logging_mixin.py:188} INFO - [2024-03-09T07:22:53.385+0000] {dagbag.py:540} INFO - Filling up the DagBag from /home/airflow/.local/lib/python3.8/site-packages/airflow/example_dags/example_nested_branch_dag.py
[2024-03-09T07:22:53.486+0000] {processor.py:840} INFO - DAG(s) 'example_nested_branch_dag' retrieved from /home/airflow/.local/lib/python3.8/site-packages/airflow/example_dags/example_nested_branch_dag.py
[2024-03-09T07:22:53.556+0000] {logging_mixin.py:188} INFO - [2024-03-09T07:22:53.556+0000] {dag.py:3047} INFO - Sync 1 DAGs
[2024-03-09T07:22:53.621+0000] {logging_mixin.py:188} INFO - [2024-03-09T07:22:53.621+0000] {dag.py:3834} INFO - Setting next_dagrun for example_nested_branch_dag to 2024-03-08 00:00:00+00:00, run_after=2024-03-09 00:00:00+00:00
[2024-03-09T07:22:53.666+0000] {processor.py:183} INFO - Processing /home/airflow/.local/lib/python3.8/site-packages/airflow/example_dags/example_nested_branch_dag.py took 0.321 seconds
[2024-03-09T07:23:24.021+0000] {processor.py:161} INFO - Started process (PID=1836) to work on /home/airflow/.local/lib/python3.8/site-packages/airflow/example_dags/example_nested_branch_dag.py
[2024-03-09T07:23:24.028+0000] {processor.py:830} INFO - Processing file /home/airflow/.local/lib/python3.8/site-packages/airflow/example_dags/example_nested_branch_dag.py for tasks to queue
[2024-03-09T07:23:24.042+0000] {logging_mixin.py:188} INFO - [2024-03-09T07:23:24.040+0000] {dagbag.py:540} INFO - Filling up the DagBag from /home/airflow/.local/lib/python3.8/site-packages/airflow/example_dags/example_nested_branch_dag.py
[2024-03-09T07:23:24.110+0000] {processor.py:840} INFO - DAG(s) 'example_nested_branch_dag' retrieved from /home/airflow/.local/lib/python3.8/site-packages/airflow/example_dags/example_nested_branch_dag.py
[2024-03-09T07:23:24.261+0000] {logging_mixin.py:188} INFO - [2024-03-09T07:23:24.260+0000] {dag.py:3047} INFO - Sync 1 DAGs
[2024-03-09T07:23:24.405+0000] {logging_mixin.py:188} INFO - [2024-03-09T07:23:24.403+0000] {dag.py:3834} INFO - Setting next_dagrun for example_nested_branch_dag to 2024-03-08 00:00:00+00:00, run_after=2024-03-09 00:00:00+00:00
[2024-03-09T07:23:24.513+0000] {processor.py:183} INFO - Processing /home/airflow/.local/lib/python3.8/site-packages/airflow/example_dags/example_nested_branch_dag.py took 0.518 seconds
[2024-03-09T07:23:55.031+0000] {processor.py:161} INFO - Started process (PID=1891) to work on /home/airflow/.local/lib/python3.8/site-packages/airflow/example_dags/example_nested_branch_dag.py
[2024-03-09T07:23:55.037+0000] {processor.py:830} INFO - Processing file /home/airflow/.local/lib/python3.8/site-packages/airflow/example_dags/example_nested_branch_dag.py for tasks to queue
[2024-03-09T07:23:55.047+0000] {logging_mixin.py:188} INFO - [2024-03-09T07:23:55.045+0000] {dagbag.py:540} INFO - Filling up the DagBag from /home/airflow/.local/lib/python3.8/site-packages/airflow/example_dags/example_nested_branch_dag.py
[2024-03-09T07:23:55.108+0000] {processor.py:840} INFO - DAG(s) 'example_nested_branch_dag' retrieved from /home/airflow/.local/lib/python3.8/site-packages/airflow/example_dags/example_nested_branch_dag.py
[2024-03-09T07:23:55.244+0000] {logging_mixin.py:188} INFO - [2024-03-09T07:23:55.242+0000] {dag.py:3047} INFO - Sync 1 DAGs
[2024-03-09T07:23:55.414+0000] {logging_mixin.py:188} INFO - [2024-03-09T07:23:55.412+0000] {dag.py:3834} INFO - Setting next_dagrun for example_nested_branch_dag to 2024-03-08 00:00:00+00:00, run_after=2024-03-09 00:00:00+00:00
[2024-03-09T07:23:55.534+0000] {processor.py:183} INFO - Processing /home/airflow/.local/lib/python3.8/site-packages/airflow/example_dags/example_nested_branch_dag.py took 0.526 seconds
[2024-03-09T07:24:26.218+0000] {processor.py:161} INFO - Started process (PID=1946) to work on /home/airflow/.local/lib/python3.8/site-packages/airflow/example_dags/example_nested_branch_dag.py
[2024-03-09T07:24:26.223+0000] {processor.py:830} INFO - Processing file /home/airflow/.local/lib/python3.8/site-packages/airflow/example_dags/example_nested_branch_dag.py for tasks to queue
[2024-03-09T07:24:26.231+0000] {logging_mixin.py:188} INFO - [2024-03-09T07:24:26.230+0000] {dagbag.py:540} INFO - Filling up the DagBag from /home/airflow/.local/lib/python3.8/site-packages/airflow/example_dags/example_nested_branch_dag.py
[2024-03-09T07:24:26.276+0000] {processor.py:840} INFO - DAG(s) 'example_nested_branch_dag' retrieved from /home/airflow/.local/lib/python3.8/site-packages/airflow/example_dags/example_nested_branch_dag.py
[2024-03-09T07:24:26.380+0000] {logging_mixin.py:188} INFO - [2024-03-09T07:24:26.379+0000] {dag.py:3047} INFO - Sync 1 DAGs
[2024-03-09T07:24:26.491+0000] {logging_mixin.py:188} INFO - [2024-03-09T07:24:26.489+0000] {dag.py:3834} INFO - Setting next_dagrun for example_nested_branch_dag to 2024-03-08 00:00:00+00:00, run_after=2024-03-09 00:00:00+00:00
[2024-03-09T07:24:26.562+0000] {processor.py:183} INFO - Processing /home/airflow/.local/lib/python3.8/site-packages/airflow/example_dags/example_nested_branch_dag.py took 0.354 seconds
[2024-03-09T07:24:56.780+0000] {processor.py:161} INFO - Started process (PID=2001) to work on /home/airflow/.local/lib/python3.8/site-packages/airflow/example_dags/example_nested_branch_dag.py
[2024-03-09T07:24:56.784+0000] {processor.py:830} INFO - Processing file /home/airflow/.local/lib/python3.8/site-packages/airflow/example_dags/example_nested_branch_dag.py for tasks to queue
[2024-03-09T07:24:56.789+0000] {logging_mixin.py:188} INFO - [2024-03-09T07:24:56.789+0000] {dagbag.py:540} INFO - Filling up the DagBag from /home/airflow/.local/lib/python3.8/site-packages/airflow/example_dags/example_nested_branch_dag.py
[2024-03-09T07:24:56.822+0000] {processor.py:840} INFO - DAG(s) 'example_nested_branch_dag' retrieved from /home/airflow/.local/lib/python3.8/site-packages/airflow/example_dags/example_nested_branch_dag.py
[2024-03-09T07:24:56.897+0000] {logging_mixin.py:188} INFO - [2024-03-09T07:24:56.896+0000] {dag.py:3047} INFO - Sync 1 DAGs
[2024-03-09T07:24:56.985+0000] {logging_mixin.py:188} INFO - [2024-03-09T07:24:56.984+0000] {dag.py:3834} INFO - Setting next_dagrun for example_nested_branch_dag to 2024-03-08 00:00:00+00:00, run_after=2024-03-09 00:00:00+00:00
[2024-03-09T07:24:57.038+0000] {processor.py:183} INFO - Processing /home/airflow/.local/lib/python3.8/site-packages/airflow/example_dags/example_nested_branch_dag.py took 0.267 seconds
[2024-03-09T07:25:28.009+0000] {processor.py:161} INFO - Started process (PID=2056) to work on /home/airflow/.local/lib/python3.8/site-packages/airflow/example_dags/example_nested_branch_dag.py
[2024-03-09T07:25:28.013+0000] {processor.py:830} INFO - Processing file /home/airflow/.local/lib/python3.8/site-packages/airflow/example_dags/example_nested_branch_dag.py for tasks to queue
[2024-03-09T07:25:28.020+0000] {logging_mixin.py:188} INFO - [2024-03-09T07:25:28.019+0000] {dagbag.py:540} INFO - Filling up the DagBag from /home/airflow/.local/lib/python3.8/site-packages/airflow/example_dags/example_nested_branch_dag.py
[2024-03-09T07:25:28.060+0000] {processor.py:840} INFO - DAG(s) 'example_nested_branch_dag' retrieved from /home/airflow/.local/lib/python3.8/site-packages/airflow/example_dags/example_nested_branch_dag.py
[2024-03-09T07:25:28.121+0000] {logging_mixin.py:188} INFO - [2024-03-09T07:25:28.121+0000] {dag.py:3047} INFO - Sync 1 DAGs
[2024-03-09T07:25:28.187+0000] {logging_mixin.py:188} INFO - [2024-03-09T07:25:28.186+0000] {dag.py:3834} INFO - Setting next_dagrun for example_nested_branch_dag to 2024-03-08 00:00:00+00:00, run_after=2024-03-09 00:00:00+00:00
[2024-03-09T07:25:28.233+0000] {processor.py:183} INFO - Processing /home/airflow/.local/lib/python3.8/site-packages/airflow/example_dags/example_nested_branch_dag.py took 0.241 seconds
[2024-03-09T07:25:59.134+0000] {processor.py:161} INFO - Started process (PID=2111) to work on /home/airflow/.local/lib/python3.8/site-packages/airflow/example_dags/example_nested_branch_dag.py
[2024-03-09T07:25:59.137+0000] {processor.py:830} INFO - Processing file /home/airflow/.local/lib/python3.8/site-packages/airflow/example_dags/example_nested_branch_dag.py for tasks to queue
[2024-03-09T07:25:59.142+0000] {logging_mixin.py:188} INFO - [2024-03-09T07:25:59.141+0000] {dagbag.py:540} INFO - Filling up the DagBag from /home/airflow/.local/lib/python3.8/site-packages/airflow/example_dags/example_nested_branch_dag.py
[2024-03-09T07:25:59.173+0000] {processor.py:840} INFO - DAG(s) 'example_nested_branch_dag' retrieved from /home/airflow/.local/lib/python3.8/site-packages/airflow/example_dags/example_nested_branch_dag.py
[2024-03-09T07:25:59.233+0000] {logging_mixin.py:188} INFO - [2024-03-09T07:25:59.233+0000] {dag.py:3047} INFO - Sync 1 DAGs
[2024-03-09T07:25:59.315+0000] {logging_mixin.py:188} INFO - [2024-03-09T07:25:59.314+0000] {dag.py:3834} INFO - Setting next_dagrun for example_nested_branch_dag to 2024-03-08 00:00:00+00:00, run_after=2024-03-09 00:00:00+00:00
[2024-03-09T07:25:59.445+0000] {processor.py:183} INFO - Processing /home/airflow/.local/lib/python3.8/site-packages/airflow/example_dags/example_nested_branch_dag.py took 0.319 seconds
[2024-03-09T07:26:30.007+0000] {processor.py:161} INFO - Started process (PID=2166) to work on /home/airflow/.local/lib/python3.8/site-packages/airflow/example_dags/example_nested_branch_dag.py
[2024-03-09T07:26:30.013+0000] {processor.py:830} INFO - Processing file /home/airflow/.local/lib/python3.8/site-packages/airflow/example_dags/example_nested_branch_dag.py for tasks to queue
[2024-03-09T07:26:30.028+0000] {logging_mixin.py:188} INFO - [2024-03-09T07:26:30.024+0000] {dagbag.py:540} INFO - Filling up the DagBag from /home/airflow/.local/lib/python3.8/site-packages/airflow/example_dags/example_nested_branch_dag.py
[2024-03-09T07:26:30.086+0000] {processor.py:840} INFO - DAG(s) 'example_nested_branch_dag' retrieved from /home/airflow/.local/lib/python3.8/site-packages/airflow/example_dags/example_nested_branch_dag.py
[2024-03-09T07:26:30.159+0000] {logging_mixin.py:188} INFO - [2024-03-09T07:26:30.159+0000] {dag.py:3047} INFO - Sync 1 DAGs
[2024-03-09T07:26:30.233+0000] {logging_mixin.py:188} INFO - [2024-03-09T07:26:30.232+0000] {dag.py:3834} INFO - Setting next_dagrun for example_nested_branch_dag to 2024-03-08 00:00:00+00:00, run_after=2024-03-09 00:00:00+00:00
[2024-03-09T07:26:30.279+0000] {processor.py:183} INFO - Processing /home/airflow/.local/lib/python3.8/site-packages/airflow/example_dags/example_nested_branch_dag.py took 0.292 seconds
