[2024-03-09T07:06:39.282+0000] {processor.py:161} INFO - Started process (PID=77) to work on /home/airflow/.local/lib/python3.8/site-packages/airflow/example_dags/example_python_operator.py
[2024-03-09T07:06:39.285+0000] {processor.py:830} INFO - Processing file /home/airflow/.local/lib/python3.8/site-packages/airflow/example_dags/example_python_operator.py for tasks to queue
[2024-03-09T07:06:39.291+0000] {logging_mixin.py:188} INFO - [2024-03-09T07:06:39.290+0000] {dagbag.py:540} INFO - Filling up the DagBag from /home/airflow/.local/lib/python3.8/site-packages/airflow/example_dags/example_python_operator.py
[2024-03-09T07:06:39.356+0000] {processor.py:840} INFO - DAG(s) 'example_python_operator' retrieved from /home/airflow/.local/lib/python3.8/site-packages/airflow/example_dags/example_python_operator.py
[2024-03-09T07:06:40.242+0000] {logging_mixin.py:188} INFO - [2024-03-09T07:06:40.241+0000] {dag.py:3047} INFO - Sync 1 DAGs
[2024-03-09T07:06:40.328+0000] {logging_mixin.py:188} INFO - [2024-03-09T07:06:40.328+0000] {dag.py:3834} INFO - Setting next_dagrun for example_python_operator to None, run_after=None
[2024-03-09T07:06:40.442+0000] {processor.py:183} INFO - Processing /home/airflow/.local/lib/python3.8/site-packages/airflow/example_dags/example_python_operator.py took 1.171 seconds
[2024-03-09T07:07:25.027+0000] {processor.py:161} INFO - Started process (PID=132) to work on /home/airflow/.local/lib/python3.8/site-packages/airflow/example_dags/example_python_operator.py
[2024-03-09T07:07:25.030+0000] {processor.py:830} INFO - Processing file /home/airflow/.local/lib/python3.8/site-packages/airflow/example_dags/example_python_operator.py for tasks to queue
[2024-03-09T07:07:25.034+0000] {logging_mixin.py:188} INFO - [2024-03-09T07:07:25.033+0000] {dagbag.py:540} INFO - Filling up the DagBag from /home/airflow/.local/lib/python3.8/site-packages/airflow/example_dags/example_python_operator.py
[2024-03-09T07:07:25.070+0000] {processor.py:840} INFO - DAG(s) 'example_python_operator' retrieved from /home/airflow/.local/lib/python3.8/site-packages/airflow/example_dags/example_python_operator.py
[2024-03-09T07:07:25.139+0000] {logging_mixin.py:188} INFO - [2024-03-09T07:07:25.138+0000] {dag.py:3047} INFO - Sync 1 DAGs
[2024-03-09T07:07:25.175+0000] {logging_mixin.py:188} INFO - [2024-03-09T07:07:25.174+0000] {dag.py:3834} INFO - Setting next_dagrun for example_python_operator to None, run_after=None
[2024-03-09T07:07:25.234+0000] {processor.py:183} INFO - Processing /home/airflow/.local/lib/python3.8/site-packages/airflow/example_dags/example_python_operator.py took 0.215 seconds
[2024-03-09T07:07:56.020+0000] {processor.py:161} INFO - Started process (PID=187) to work on /home/airflow/.local/lib/python3.8/site-packages/airflow/example_dags/example_python_operator.py
[2024-03-09T07:07:56.024+0000] {processor.py:830} INFO - Processing file /home/airflow/.local/lib/python3.8/site-packages/airflow/example_dags/example_python_operator.py for tasks to queue
[2024-03-09T07:07:56.029+0000] {logging_mixin.py:188} INFO - [2024-03-09T07:07:56.028+0000] {dagbag.py:540} INFO - Filling up the DagBag from /home/airflow/.local/lib/python3.8/site-packages/airflow/example_dags/example_python_operator.py
[2024-03-09T07:07:56.073+0000] {processor.py:840} INFO - DAG(s) 'example_python_operator' retrieved from /home/airflow/.local/lib/python3.8/site-packages/airflow/example_dags/example_python_operator.py
[2024-03-09T07:07:56.168+0000] {logging_mixin.py:188} INFO - [2024-03-09T07:07:56.167+0000] {dag.py:3047} INFO - Sync 1 DAGs
[2024-03-09T07:07:56.275+0000] {logging_mixin.py:188} INFO - [2024-03-09T07:07:56.270+0000] {dag.py:3834} INFO - Setting next_dagrun for example_python_operator to None, run_after=None
[2024-03-09T07:07:56.373+0000] {processor.py:183} INFO - Processing /home/airflow/.local/lib/python3.8/site-packages/airflow/example_dags/example_python_operator.py took 0.369 seconds
[2024-03-09T07:08:26.915+0000] {processor.py:161} INFO - Started process (PID=242) to work on /home/airflow/.local/lib/python3.8/site-packages/airflow/example_dags/example_python_operator.py
[2024-03-09T07:08:26.919+0000] {processor.py:830} INFO - Processing file /home/airflow/.local/lib/python3.8/site-packages/airflow/example_dags/example_python_operator.py for tasks to queue
[2024-03-09T07:08:26.924+0000] {logging_mixin.py:188} INFO - [2024-03-09T07:08:26.923+0000] {dagbag.py:540} INFO - Filling up the DagBag from /home/airflow/.local/lib/python3.8/site-packages/airflow/example_dags/example_python_operator.py
[2024-03-09T07:08:26.951+0000] {processor.py:840} INFO - DAG(s) 'example_python_operator' retrieved from /home/airflow/.local/lib/python3.8/site-packages/airflow/example_dags/example_python_operator.py
[2024-03-09T07:08:27.016+0000] {logging_mixin.py:188} INFO - [2024-03-09T07:08:27.015+0000] {dag.py:3047} INFO - Sync 1 DAGs
[2024-03-09T07:08:27.060+0000] {logging_mixin.py:188} INFO - [2024-03-09T07:08:27.059+0000] {dag.py:3834} INFO - Setting next_dagrun for example_python_operator to None, run_after=None
[2024-03-09T07:08:27.110+0000] {processor.py:183} INFO - Processing /home/airflow/.local/lib/python3.8/site-packages/airflow/example_dags/example_python_operator.py took 0.203 seconds
[2024-03-09T07:09:00.408+0000] {processor.py:161} INFO - Started process (PID=297) to work on /home/airflow/.local/lib/python3.8/site-packages/airflow/example_dags/example_python_operator.py
[2024-03-09T07:09:00.413+0000] {processor.py:830} INFO - Processing file /home/airflow/.local/lib/python3.8/site-packages/airflow/example_dags/example_python_operator.py for tasks to queue
[2024-03-09T07:09:00.419+0000] {logging_mixin.py:188} INFO - [2024-03-09T07:09:00.419+0000] {dagbag.py:540} INFO - Filling up the DagBag from /home/airflow/.local/lib/python3.8/site-packages/airflow/example_dags/example_python_operator.py
[2024-03-09T07:09:00.462+0000] {processor.py:840} INFO - DAG(s) 'example_python_operator' retrieved from /home/airflow/.local/lib/python3.8/site-packages/airflow/example_dags/example_python_operator.py
[2024-03-09T07:09:00.548+0000] {logging_mixin.py:188} INFO - [2024-03-09T07:09:00.548+0000] {dag.py:3047} INFO - Sync 1 DAGs
[2024-03-09T07:09:00.591+0000] {logging_mixin.py:188} INFO - [2024-03-09T07:09:00.590+0000] {dag.py:3834} INFO - Setting next_dagrun for example_python_operator to None, run_after=None
[2024-03-09T07:09:00.668+0000] {processor.py:183} INFO - Processing /home/airflow/.local/lib/python3.8/site-packages/airflow/example_dags/example_python_operator.py took 0.269 seconds
[2024-03-09T07:09:31.372+0000] {processor.py:161} INFO - Started process (PID=352) to work on /home/airflow/.local/lib/python3.8/site-packages/airflow/example_dags/example_python_operator.py
[2024-03-09T07:09:31.376+0000] {processor.py:830} INFO - Processing file /home/airflow/.local/lib/python3.8/site-packages/airflow/example_dags/example_python_operator.py for tasks to queue
[2024-03-09T07:09:31.381+0000] {logging_mixin.py:188} INFO - [2024-03-09T07:09:31.380+0000] {dagbag.py:540} INFO - Filling up the DagBag from /home/airflow/.local/lib/python3.8/site-packages/airflow/example_dags/example_python_operator.py
[2024-03-09T07:09:31.424+0000] {processor.py:840} INFO - DAG(s) 'example_python_operator' retrieved from /home/airflow/.local/lib/python3.8/site-packages/airflow/example_dags/example_python_operator.py
[2024-03-09T07:09:31.484+0000] {logging_mixin.py:188} INFO - [2024-03-09T07:09:31.483+0000] {dag.py:3047} INFO - Sync 1 DAGs
[2024-03-09T07:09:31.520+0000] {logging_mixin.py:188} INFO - [2024-03-09T07:09:31.519+0000] {dag.py:3834} INFO - Setting next_dagrun for example_python_operator to None, run_after=None
[2024-03-09T07:09:31.581+0000] {processor.py:183} INFO - Processing /home/airflow/.local/lib/python3.8/site-packages/airflow/example_dags/example_python_operator.py took 0.221 seconds
[2024-03-09T07:10:02.348+0000] {processor.py:161} INFO - Started process (PID=406) to work on /home/airflow/.local/lib/python3.8/site-packages/airflow/example_dags/example_python_operator.py
[2024-03-09T07:10:02.354+0000] {processor.py:830} INFO - Processing file /home/airflow/.local/lib/python3.8/site-packages/airflow/example_dags/example_python_operator.py for tasks to queue
[2024-03-09T07:10:02.364+0000] {logging_mixin.py:188} INFO - [2024-03-09T07:10:02.361+0000] {dagbag.py:540} INFO - Filling up the DagBag from /home/airflow/.local/lib/python3.8/site-packages/airflow/example_dags/example_python_operator.py
[2024-03-09T07:10:02.420+0000] {processor.py:840} INFO - DAG(s) 'example_python_operator' retrieved from /home/airflow/.local/lib/python3.8/site-packages/airflow/example_dags/example_python_operator.py
[2024-03-09T07:10:02.555+0000] {logging_mixin.py:188} INFO - [2024-03-09T07:10:02.554+0000] {dag.py:3047} INFO - Sync 1 DAGs
[2024-03-09T07:10:02.632+0000] {logging_mixin.py:188} INFO - [2024-03-09T07:10:02.630+0000] {dag.py:3834} INFO - Setting next_dagrun for example_python_operator to None, run_after=None
[2024-03-09T07:10:02.743+0000] {processor.py:183} INFO - Processing /home/airflow/.local/lib/python3.8/site-packages/airflow/example_dags/example_python_operator.py took 0.409 seconds
[2024-03-09T07:10:32.978+0000] {processor.py:161} INFO - Started process (PID=458) to work on /home/airflow/.local/lib/python3.8/site-packages/airflow/example_dags/example_python_operator.py
[2024-03-09T07:10:32.980+0000] {processor.py:830} INFO - Processing file /home/airflow/.local/lib/python3.8/site-packages/airflow/example_dags/example_python_operator.py for tasks to queue
[2024-03-09T07:10:32.986+0000] {logging_mixin.py:188} INFO - [2024-03-09T07:10:32.985+0000] {dagbag.py:540} INFO - Filling up the DagBag from /home/airflow/.local/lib/python3.8/site-packages/airflow/example_dags/example_python_operator.py
[2024-03-09T07:10:33.018+0000] {processor.py:840} INFO - DAG(s) 'example_python_operator' retrieved from /home/airflow/.local/lib/python3.8/site-packages/airflow/example_dags/example_python_operator.py
[2024-03-09T07:10:33.084+0000] {logging_mixin.py:188} INFO - [2024-03-09T07:10:33.083+0000] {dag.py:3047} INFO - Sync 1 DAGs
[2024-03-09T07:10:33.115+0000] {logging_mixin.py:188} INFO - [2024-03-09T07:10:33.114+0000] {dag.py:3834} INFO - Setting next_dagrun for example_python_operator to None, run_after=None
[2024-03-09T07:10:33.161+0000] {processor.py:183} INFO - Processing /home/airflow/.local/lib/python3.8/site-packages/airflow/example_dags/example_python_operator.py took 0.194 seconds
[2024-03-09T07:11:03.736+0000] {processor.py:161} INFO - Started process (PID=513) to work on /home/airflow/.local/lib/python3.8/site-packages/airflow/example_dags/example_python_operator.py
[2024-03-09T07:11:03.739+0000] {processor.py:830} INFO - Processing file /home/airflow/.local/lib/python3.8/site-packages/airflow/example_dags/example_python_operator.py for tasks to queue
[2024-03-09T07:11:03.744+0000] {logging_mixin.py:188} INFO - [2024-03-09T07:11:03.744+0000] {dagbag.py:540} INFO - Filling up the DagBag from /home/airflow/.local/lib/python3.8/site-packages/airflow/example_dags/example_python_operator.py
[2024-03-09T07:11:03.779+0000] {processor.py:840} INFO - DAG(s) 'example_python_operator' retrieved from /home/airflow/.local/lib/python3.8/site-packages/airflow/example_dags/example_python_operator.py
[2024-03-09T07:11:03.845+0000] {logging_mixin.py:188} INFO - [2024-03-09T07:11:03.845+0000] {dag.py:3047} INFO - Sync 1 DAGs
[2024-03-09T07:11:03.885+0000] {logging_mixin.py:188} INFO - [2024-03-09T07:11:03.884+0000] {dag.py:3834} INFO - Setting next_dagrun for example_python_operator to None, run_after=None
[2024-03-09T07:11:03.939+0000] {processor.py:183} INFO - Processing /home/airflow/.local/lib/python3.8/site-packages/airflow/example_dags/example_python_operator.py took 0.212 seconds
[2024-03-09T07:11:35.070+0000] {processor.py:161} INFO - Started process (PID=568) to work on /home/airflow/.local/lib/python3.8/site-packages/airflow/example_dags/example_python_operator.py
[2024-03-09T07:11:35.074+0000] {processor.py:830} INFO - Processing file /home/airflow/.local/lib/python3.8/site-packages/airflow/example_dags/example_python_operator.py for tasks to queue
[2024-03-09T07:11:35.081+0000] {logging_mixin.py:188} INFO - [2024-03-09T07:11:35.080+0000] {dagbag.py:540} INFO - Filling up the DagBag from /home/airflow/.local/lib/python3.8/site-packages/airflow/example_dags/example_python_operator.py
[2024-03-09T07:11:35.116+0000] {processor.py:840} INFO - DAG(s) 'example_python_operator' retrieved from /home/airflow/.local/lib/python3.8/site-packages/airflow/example_dags/example_python_operator.py
[2024-03-09T07:11:35.193+0000] {logging_mixin.py:188} INFO - [2024-03-09T07:11:35.193+0000] {dag.py:3047} INFO - Sync 1 DAGs
[2024-03-09T07:11:35.236+0000] {logging_mixin.py:188} INFO - [2024-03-09T07:11:35.236+0000] {dag.py:3834} INFO - Setting next_dagrun for example_python_operator to None, run_after=None
[2024-03-09T07:11:35.303+0000] {processor.py:183} INFO - Processing /home/airflow/.local/lib/python3.8/site-packages/airflow/example_dags/example_python_operator.py took 0.242 seconds
[2024-03-09T07:12:05.643+0000] {processor.py:161} INFO - Started process (PID=623) to work on /home/airflow/.local/lib/python3.8/site-packages/airflow/example_dags/example_python_operator.py
[2024-03-09T07:12:05.647+0000] {processor.py:830} INFO - Processing file /home/airflow/.local/lib/python3.8/site-packages/airflow/example_dags/example_python_operator.py for tasks to queue
[2024-03-09T07:12:05.661+0000] {logging_mixin.py:188} INFO - [2024-03-09T07:12:05.660+0000] {dagbag.py:540} INFO - Filling up the DagBag from /home/airflow/.local/lib/python3.8/site-packages/airflow/example_dags/example_python_operator.py
[2024-03-09T07:12:05.780+0000] {processor.py:840} INFO - DAG(s) 'example_python_operator' retrieved from /home/airflow/.local/lib/python3.8/site-packages/airflow/example_dags/example_python_operator.py
[2024-03-09T07:12:05.892+0000] {logging_mixin.py:188} INFO - [2024-03-09T07:12:05.888+0000] {dag.py:3047} INFO - Sync 1 DAGs
[2024-03-09T07:12:05.957+0000] {logging_mixin.py:188} INFO - [2024-03-09T07:12:05.956+0000] {dag.py:3834} INFO - Setting next_dagrun for example_python_operator to None, run_after=None
[2024-03-09T07:12:06.101+0000] {processor.py:183} INFO - Processing /home/airflow/.local/lib/python3.8/site-packages/airflow/example_dags/example_python_operator.py took 0.478 seconds
[2024-03-09T07:12:37.067+0000] {processor.py:161} INFO - Started process (PID=679) to work on /home/airflow/.local/lib/python3.8/site-packages/airflow/example_dags/example_python_operator.py
[2024-03-09T07:12:37.071+0000] {processor.py:830} INFO - Processing file /home/airflow/.local/lib/python3.8/site-packages/airflow/example_dags/example_python_operator.py for tasks to queue
[2024-03-09T07:12:37.077+0000] {logging_mixin.py:188} INFO - [2024-03-09T07:12:37.076+0000] {dagbag.py:540} INFO - Filling up the DagBag from /home/airflow/.local/lib/python3.8/site-packages/airflow/example_dags/example_python_operator.py
[2024-03-09T07:12:37.126+0000] {processor.py:840} INFO - DAG(s) 'example_python_operator' retrieved from /home/airflow/.local/lib/python3.8/site-packages/airflow/example_dags/example_python_operator.py
[2024-03-09T07:12:37.203+0000] {logging_mixin.py:188} INFO - [2024-03-09T07:12:37.202+0000] {dag.py:3047} INFO - Sync 1 DAGs
[2024-03-09T07:12:37.237+0000] {logging_mixin.py:188} INFO - [2024-03-09T07:12:37.236+0000] {dag.py:3834} INFO - Setting next_dagrun for example_python_operator to None, run_after=None
[2024-03-09T07:12:37.283+0000] {processor.py:183} INFO - Processing /home/airflow/.local/lib/python3.8/site-packages/airflow/example_dags/example_python_operator.py took 0.229 seconds
[2024-03-09T07:13:07.544+0000] {processor.py:161} INFO - Started process (PID=734) to work on /home/airflow/.local/lib/python3.8/site-packages/airflow/example_dags/example_python_operator.py
[2024-03-09T07:13:07.547+0000] {processor.py:830} INFO - Processing file /home/airflow/.local/lib/python3.8/site-packages/airflow/example_dags/example_python_operator.py for tasks to queue
[2024-03-09T07:13:07.551+0000] {logging_mixin.py:188} INFO - [2024-03-09T07:13:07.550+0000] {dagbag.py:540} INFO - Filling up the DagBag from /home/airflow/.local/lib/python3.8/site-packages/airflow/example_dags/example_python_operator.py
[2024-03-09T07:13:07.577+0000] {processor.py:840} INFO - DAG(s) 'example_python_operator' retrieved from /home/airflow/.local/lib/python3.8/site-packages/airflow/example_dags/example_python_operator.py
[2024-03-09T07:13:07.635+0000] {logging_mixin.py:188} INFO - [2024-03-09T07:13:07.635+0000] {dag.py:3047} INFO - Sync 1 DAGs
[2024-03-09T07:13:07.727+0000] {logging_mixin.py:188} INFO - [2024-03-09T07:13:07.726+0000] {dag.py:3834} INFO - Setting next_dagrun for example_python_operator to None, run_after=None
[2024-03-09T07:13:07.804+0000] {processor.py:183} INFO - Processing /home/airflow/.local/lib/python3.8/site-packages/airflow/example_dags/example_python_operator.py took 0.268 seconds
[2024-03-09T07:13:38.593+0000] {processor.py:161} INFO - Started process (PID=795) to work on /home/airflow/.local/lib/python3.8/site-packages/airflow/example_dags/example_python_operator.py
[2024-03-09T07:13:38.595+0000] {processor.py:830} INFO - Processing file /home/airflow/.local/lib/python3.8/site-packages/airflow/example_dags/example_python_operator.py for tasks to queue
[2024-03-09T07:13:38.601+0000] {logging_mixin.py:188} INFO - [2024-03-09T07:13:38.600+0000] {dagbag.py:540} INFO - Filling up the DagBag from /home/airflow/.local/lib/python3.8/site-packages/airflow/example_dags/example_python_operator.py
[2024-03-09T07:13:38.631+0000] {processor.py:840} INFO - DAG(s) 'example_python_operator' retrieved from /home/airflow/.local/lib/python3.8/site-packages/airflow/example_dags/example_python_operator.py
[2024-03-09T07:13:38.694+0000] {logging_mixin.py:188} INFO - [2024-03-09T07:13:38.693+0000] {dag.py:3047} INFO - Sync 1 DAGs
[2024-03-09T07:13:38.729+0000] {logging_mixin.py:188} INFO - [2024-03-09T07:13:38.728+0000] {dag.py:3834} INFO - Setting next_dagrun for example_python_operator to None, run_after=None
[2024-03-09T07:13:38.788+0000] {processor.py:183} INFO - Processing /home/airflow/.local/lib/python3.8/site-packages/airflow/example_dags/example_python_operator.py took 0.204 seconds
[2024-03-09T07:14:09.336+0000] {processor.py:161} INFO - Started process (PID=850) to work on /home/airflow/.local/lib/python3.8/site-packages/airflow/example_dags/example_python_operator.py
[2024-03-09T07:14:09.340+0000] {processor.py:830} INFO - Processing file /home/airflow/.local/lib/python3.8/site-packages/airflow/example_dags/example_python_operator.py for tasks to queue
[2024-03-09T07:14:09.349+0000] {logging_mixin.py:188} INFO - [2024-03-09T07:14:09.347+0000] {dagbag.py:540} INFO - Filling up the DagBag from /home/airflow/.local/lib/python3.8/site-packages/airflow/example_dags/example_python_operator.py
[2024-03-09T07:14:09.393+0000] {processor.py:840} INFO - DAG(s) 'example_python_operator' retrieved from /home/airflow/.local/lib/python3.8/site-packages/airflow/example_dags/example_python_operator.py
[2024-03-09T07:14:09.497+0000] {logging_mixin.py:188} INFO - [2024-03-09T07:14:09.497+0000] {dag.py:3047} INFO - Sync 1 DAGs
[2024-03-09T07:14:09.566+0000] {logging_mixin.py:188} INFO - [2024-03-09T07:14:09.565+0000] {dag.py:3834} INFO - Setting next_dagrun for example_python_operator to None, run_after=None
[2024-03-09T07:14:09.617+0000] {processor.py:183} INFO - Processing /home/airflow/.local/lib/python3.8/site-packages/airflow/example_dags/example_python_operator.py took 0.296 seconds
[2024-03-09T07:14:40.164+0000] {processor.py:161} INFO - Started process (PID=905) to work on /home/airflow/.local/lib/python3.8/site-packages/airflow/example_dags/example_python_operator.py
[2024-03-09T07:14:40.167+0000] {processor.py:830} INFO - Processing file /home/airflow/.local/lib/python3.8/site-packages/airflow/example_dags/example_python_operator.py for tasks to queue
[2024-03-09T07:14:40.174+0000] {logging_mixin.py:188} INFO - [2024-03-09T07:14:40.173+0000] {dagbag.py:540} INFO - Filling up the DagBag from /home/airflow/.local/lib/python3.8/site-packages/airflow/example_dags/example_python_operator.py
[2024-03-09T07:14:40.209+0000] {processor.py:840} INFO - DAG(s) 'example_python_operator' retrieved from /home/airflow/.local/lib/python3.8/site-packages/airflow/example_dags/example_python_operator.py
[2024-03-09T07:14:40.305+0000] {logging_mixin.py:188} INFO - [2024-03-09T07:14:40.305+0000] {dag.py:3047} INFO - Sync 1 DAGs
[2024-03-09T07:14:40.351+0000] {logging_mixin.py:188} INFO - [2024-03-09T07:14:40.350+0000] {dag.py:3834} INFO - Setting next_dagrun for example_python_operator to None, run_after=None
[2024-03-09T07:14:40.434+0000] {processor.py:183} INFO - Processing /home/airflow/.local/lib/python3.8/site-packages/airflow/example_dags/example_python_operator.py took 0.277 seconds
[2024-03-09T07:15:10.779+0000] {processor.py:161} INFO - Started process (PID=960) to work on /home/airflow/.local/lib/python3.8/site-packages/airflow/example_dags/example_python_operator.py
[2024-03-09T07:15:10.782+0000] {processor.py:830} INFO - Processing file /home/airflow/.local/lib/python3.8/site-packages/airflow/example_dags/example_python_operator.py for tasks to queue
[2024-03-09T07:15:10.786+0000] {logging_mixin.py:188} INFO - [2024-03-09T07:15:10.786+0000] {dagbag.py:540} INFO - Filling up the DagBag from /home/airflow/.local/lib/python3.8/site-packages/airflow/example_dags/example_python_operator.py
[2024-03-09T07:15:10.817+0000] {processor.py:840} INFO - DAG(s) 'example_python_operator' retrieved from /home/airflow/.local/lib/python3.8/site-packages/airflow/example_dags/example_python_operator.py
[2024-03-09T07:15:10.878+0000] {logging_mixin.py:188} INFO - [2024-03-09T07:15:10.877+0000] {dag.py:3047} INFO - Sync 1 DAGs
[2024-03-09T07:15:10.910+0000] {logging_mixin.py:188} INFO - [2024-03-09T07:15:10.910+0000] {dag.py:3834} INFO - Setting next_dagrun for example_python_operator to None, run_after=None
[2024-03-09T07:15:10.966+0000] {processor.py:183} INFO - Processing /home/airflow/.local/lib/python3.8/site-packages/airflow/example_dags/example_python_operator.py took 0.195 seconds
[2024-03-09T07:15:41.732+0000] {processor.py:161} INFO - Started process (PID=1015) to work on /home/airflow/.local/lib/python3.8/site-packages/airflow/example_dags/example_python_operator.py
[2024-03-09T07:15:41.735+0000] {processor.py:830} INFO - Processing file /home/airflow/.local/lib/python3.8/site-packages/airflow/example_dags/example_python_operator.py for tasks to queue
[2024-03-09T07:15:41.741+0000] {logging_mixin.py:188} INFO - [2024-03-09T07:15:41.740+0000] {dagbag.py:540} INFO - Filling up the DagBag from /home/airflow/.local/lib/python3.8/site-packages/airflow/example_dags/example_python_operator.py
[2024-03-09T07:15:41.774+0000] {processor.py:840} INFO - DAG(s) 'example_python_operator' retrieved from /home/airflow/.local/lib/python3.8/site-packages/airflow/example_dags/example_python_operator.py
[2024-03-09T07:15:41.847+0000] {logging_mixin.py:188} INFO - [2024-03-09T07:15:41.846+0000] {dag.py:3047} INFO - Sync 1 DAGs
[2024-03-09T07:15:41.893+0000] {logging_mixin.py:188} INFO - [2024-03-09T07:15:41.891+0000] {dag.py:3834} INFO - Setting next_dagrun for example_python_operator to None, run_after=None
[2024-03-09T07:15:42.024+0000] {processor.py:183} INFO - Processing /home/airflow/.local/lib/python3.8/site-packages/airflow/example_dags/example_python_operator.py took 0.302 seconds
[2024-03-09T07:16:12.632+0000] {processor.py:161} INFO - Started process (PID=1070) to work on /home/airflow/.local/lib/python3.8/site-packages/airflow/example_dags/example_python_operator.py
[2024-03-09T07:16:12.637+0000] {processor.py:830} INFO - Processing file /home/airflow/.local/lib/python3.8/site-packages/airflow/example_dags/example_python_operator.py for tasks to queue
[2024-03-09T07:16:12.647+0000] {logging_mixin.py:188} INFO - [2024-03-09T07:16:12.645+0000] {dagbag.py:540} INFO - Filling up the DagBag from /home/airflow/.local/lib/python3.8/site-packages/airflow/example_dags/example_python_operator.py
[2024-03-09T07:16:12.700+0000] {processor.py:840} INFO - DAG(s) 'example_python_operator' retrieved from /home/airflow/.local/lib/python3.8/site-packages/airflow/example_dags/example_python_operator.py
[2024-03-09T07:16:12.822+0000] {logging_mixin.py:188} INFO - [2024-03-09T07:16:12.821+0000] {dag.py:3047} INFO - Sync 1 DAGs
[2024-03-09T07:16:12.888+0000] {logging_mixin.py:188} INFO - [2024-03-09T07:16:12.887+0000] {dag.py:3834} INFO - Setting next_dagrun for example_python_operator to None, run_after=None
[2024-03-09T07:16:12.998+0000] {processor.py:183} INFO - Processing /home/airflow/.local/lib/python3.8/site-packages/airflow/example_dags/example_python_operator.py took 0.382 seconds
[2024-03-09T07:16:43.295+0000] {processor.py:161} INFO - Started process (PID=1125) to work on /home/airflow/.local/lib/python3.8/site-packages/airflow/example_dags/example_python_operator.py
[2024-03-09T07:16:43.301+0000] {processor.py:830} INFO - Processing file /home/airflow/.local/lib/python3.8/site-packages/airflow/example_dags/example_python_operator.py for tasks to queue
[2024-03-09T07:16:43.310+0000] {logging_mixin.py:188} INFO - [2024-03-09T07:16:43.309+0000] {dagbag.py:540} INFO - Filling up the DagBag from /home/airflow/.local/lib/python3.8/site-packages/airflow/example_dags/example_python_operator.py
[2024-03-09T07:16:43.350+0000] {processor.py:840} INFO - DAG(s) 'example_python_operator' retrieved from /home/airflow/.local/lib/python3.8/site-packages/airflow/example_dags/example_python_operator.py
[2024-03-09T07:16:43.419+0000] {logging_mixin.py:188} INFO - [2024-03-09T07:16:43.418+0000] {dag.py:3047} INFO - Sync 1 DAGs
[2024-03-09T07:16:43.463+0000] {logging_mixin.py:188} INFO - [2024-03-09T07:16:43.462+0000] {dag.py:3834} INFO - Setting next_dagrun for example_python_operator to None, run_after=None
[2024-03-09T07:16:43.527+0000] {processor.py:183} INFO - Processing /home/airflow/.local/lib/python3.8/site-packages/airflow/example_dags/example_python_operator.py took 0.244 seconds
[2024-03-09T07:17:13.777+0000] {processor.py:161} INFO - Started process (PID=1180) to work on /home/airflow/.local/lib/python3.8/site-packages/airflow/example_dags/example_python_operator.py
[2024-03-09T07:17:13.780+0000] {processor.py:830} INFO - Processing file /home/airflow/.local/lib/python3.8/site-packages/airflow/example_dags/example_python_operator.py for tasks to queue
[2024-03-09T07:17:13.785+0000] {logging_mixin.py:188} INFO - [2024-03-09T07:17:13.784+0000] {dagbag.py:540} INFO - Filling up the DagBag from /home/airflow/.local/lib/python3.8/site-packages/airflow/example_dags/example_python_operator.py
[2024-03-09T07:17:13.813+0000] {processor.py:840} INFO - DAG(s) 'example_python_operator' retrieved from /home/airflow/.local/lib/python3.8/site-packages/airflow/example_dags/example_python_operator.py
[2024-03-09T07:17:13.869+0000] {logging_mixin.py:188} INFO - [2024-03-09T07:17:13.869+0000] {dag.py:3047} INFO - Sync 1 DAGs
[2024-03-09T07:17:13.907+0000] {logging_mixin.py:188} INFO - [2024-03-09T07:17:13.906+0000] {dag.py:3834} INFO - Setting next_dagrun for example_python_operator to None, run_after=None
[2024-03-09T07:17:13.957+0000] {processor.py:183} INFO - Processing /home/airflow/.local/lib/python3.8/site-packages/airflow/example_dags/example_python_operator.py took 0.189 seconds
[2024-03-09T07:17:44.451+0000] {processor.py:161} INFO - Started process (PID=1235) to work on /home/airflow/.local/lib/python3.8/site-packages/airflow/example_dags/example_python_operator.py
[2024-03-09T07:17:44.457+0000] {processor.py:830} INFO - Processing file /home/airflow/.local/lib/python3.8/site-packages/airflow/example_dags/example_python_operator.py for tasks to queue
[2024-03-09T07:17:44.466+0000] {logging_mixin.py:188} INFO - [2024-03-09T07:17:44.465+0000] {dagbag.py:540} INFO - Filling up the DagBag from /home/airflow/.local/lib/python3.8/site-packages/airflow/example_dags/example_python_operator.py
[2024-03-09T07:17:44.520+0000] {processor.py:840} INFO - DAG(s) 'example_python_operator' retrieved from /home/airflow/.local/lib/python3.8/site-packages/airflow/example_dags/example_python_operator.py
[2024-03-09T07:17:44.608+0000] {logging_mixin.py:188} INFO - [2024-03-09T07:17:44.607+0000] {dag.py:3047} INFO - Sync 1 DAGs
[2024-03-09T07:17:44.656+0000] {logging_mixin.py:188} INFO - [2024-03-09T07:17:44.654+0000] {dag.py:3834} INFO - Setting next_dagrun for example_python_operator to None, run_after=None
[2024-03-09T07:17:44.740+0000] {processor.py:183} INFO - Processing /home/airflow/.local/lib/python3.8/site-packages/airflow/example_dags/example_python_operator.py took 0.307 seconds
[2024-03-09T07:18:15.066+0000] {processor.py:161} INFO - Started process (PID=1290) to work on /home/airflow/.local/lib/python3.8/site-packages/airflow/example_dags/example_python_operator.py
[2024-03-09T07:18:15.069+0000] {processor.py:830} INFO - Processing file /home/airflow/.local/lib/python3.8/site-packages/airflow/example_dags/example_python_operator.py for tasks to queue
[2024-03-09T07:18:15.075+0000] {logging_mixin.py:188} INFO - [2024-03-09T07:18:15.074+0000] {dagbag.py:540} INFO - Filling up the DagBag from /home/airflow/.local/lib/python3.8/site-packages/airflow/example_dags/example_python_operator.py
[2024-03-09T07:18:15.113+0000] {processor.py:840} INFO - DAG(s) 'example_python_operator' retrieved from /home/airflow/.local/lib/python3.8/site-packages/airflow/example_dags/example_python_operator.py
[2024-03-09T07:18:15.187+0000] {logging_mixin.py:188} INFO - [2024-03-09T07:18:15.186+0000] {dag.py:3047} INFO - Sync 1 DAGs
[2024-03-09T07:18:15.220+0000] {logging_mixin.py:188} INFO - [2024-03-09T07:18:15.219+0000] {dag.py:3834} INFO - Setting next_dagrun for example_python_operator to None, run_after=None
[2024-03-09T07:18:15.273+0000] {processor.py:183} INFO - Processing /home/airflow/.local/lib/python3.8/site-packages/airflow/example_dags/example_python_operator.py took 0.218 seconds
[2024-03-09T07:18:45.775+0000] {processor.py:161} INFO - Started process (PID=1345) to work on /home/airflow/.local/lib/python3.8/site-packages/airflow/example_dags/example_python_operator.py
[2024-03-09T07:18:45.778+0000] {processor.py:830} INFO - Processing file /home/airflow/.local/lib/python3.8/site-packages/airflow/example_dags/example_python_operator.py for tasks to queue
[2024-03-09T07:18:45.783+0000] {logging_mixin.py:188} INFO - [2024-03-09T07:18:45.782+0000] {dagbag.py:540} INFO - Filling up the DagBag from /home/airflow/.local/lib/python3.8/site-packages/airflow/example_dags/example_python_operator.py
[2024-03-09T07:18:45.811+0000] {processor.py:840} INFO - DAG(s) 'example_python_operator' retrieved from /home/airflow/.local/lib/python3.8/site-packages/airflow/example_dags/example_python_operator.py
[2024-03-09T07:18:45.889+0000] {logging_mixin.py:188} INFO - [2024-03-09T07:18:45.888+0000] {dag.py:3047} INFO - Sync 1 DAGs
[2024-03-09T07:18:45.954+0000] {logging_mixin.py:188} INFO - [2024-03-09T07:18:45.948+0000] {dag.py:3834} INFO - Setting next_dagrun for example_python_operator to None, run_after=None
[2024-03-09T07:18:46.129+0000] {processor.py:183} INFO - Processing /home/airflow/.local/lib/python3.8/site-packages/airflow/example_dags/example_python_operator.py took 0.363 seconds
[2024-03-09T07:19:16.555+0000] {processor.py:161} INFO - Started process (PID=1400) to work on /home/airflow/.local/lib/python3.8/site-packages/airflow/example_dags/example_python_operator.py
[2024-03-09T07:19:16.557+0000] {processor.py:830} INFO - Processing file /home/airflow/.local/lib/python3.8/site-packages/airflow/example_dags/example_python_operator.py for tasks to queue
[2024-03-09T07:19:16.562+0000] {logging_mixin.py:188} INFO - [2024-03-09T07:19:16.561+0000] {dagbag.py:540} INFO - Filling up the DagBag from /home/airflow/.local/lib/python3.8/site-packages/airflow/example_dags/example_python_operator.py
[2024-03-09T07:19:16.587+0000] {processor.py:840} INFO - DAG(s) 'example_python_operator' retrieved from /home/airflow/.local/lib/python3.8/site-packages/airflow/example_dags/example_python_operator.py
[2024-03-09T07:19:16.668+0000] {logging_mixin.py:188} INFO - [2024-03-09T07:19:16.667+0000] {dag.py:3047} INFO - Sync 1 DAGs
[2024-03-09T07:19:16.722+0000] {logging_mixin.py:188} INFO - [2024-03-09T07:19:16.721+0000] {dag.py:3834} INFO - Setting next_dagrun for example_python_operator to None, run_after=None
[2024-03-09T07:19:16.770+0000] {processor.py:183} INFO - Processing /home/airflow/.local/lib/python3.8/site-packages/airflow/example_dags/example_python_operator.py took 0.224 seconds
[2024-03-09T07:19:47.617+0000] {processor.py:161} INFO - Started process (PID=1455) to work on /home/airflow/.local/lib/python3.8/site-packages/airflow/example_dags/example_python_operator.py
[2024-03-09T07:19:47.625+0000] {processor.py:830} INFO - Processing file /home/airflow/.local/lib/python3.8/site-packages/airflow/example_dags/example_python_operator.py for tasks to queue
[2024-03-09T07:19:47.631+0000] {logging_mixin.py:188} INFO - [2024-03-09T07:19:47.630+0000] {dagbag.py:540} INFO - Filling up the DagBag from /home/airflow/.local/lib/python3.8/site-packages/airflow/example_dags/example_python_operator.py
[2024-03-09T07:19:47.677+0000] {processor.py:840} INFO - DAG(s) 'example_python_operator' retrieved from /home/airflow/.local/lib/python3.8/site-packages/airflow/example_dags/example_python_operator.py
[2024-03-09T07:19:47.772+0000] {logging_mixin.py:188} INFO - [2024-03-09T07:19:47.771+0000] {dag.py:3047} INFO - Sync 1 DAGs
[2024-03-09T07:19:47.813+0000] {logging_mixin.py:188} INFO - [2024-03-09T07:19:47.812+0000] {dag.py:3834} INFO - Setting next_dagrun for example_python_operator to None, run_after=None
[2024-03-09T07:19:47.873+0000] {processor.py:183} INFO - Processing /home/airflow/.local/lib/python3.8/site-packages/airflow/example_dags/example_python_operator.py took 0.268 seconds
[2024-03-09T07:20:18.627+0000] {processor.py:161} INFO - Started process (PID=1510) to work on /home/airflow/.local/lib/python3.8/site-packages/airflow/example_dags/example_python_operator.py
[2024-03-09T07:20:18.631+0000] {processor.py:830} INFO - Processing file /home/airflow/.local/lib/python3.8/site-packages/airflow/example_dags/example_python_operator.py for tasks to queue
[2024-03-09T07:20:18.637+0000] {logging_mixin.py:188} INFO - [2024-03-09T07:20:18.636+0000] {dagbag.py:540} INFO - Filling up the DagBag from /home/airflow/.local/lib/python3.8/site-packages/airflow/example_dags/example_python_operator.py
[2024-03-09T07:20:18.673+0000] {processor.py:840} INFO - DAG(s) 'example_python_operator' retrieved from /home/airflow/.local/lib/python3.8/site-packages/airflow/example_dags/example_python_operator.py
[2024-03-09T07:20:18.772+0000] {logging_mixin.py:188} INFO - [2024-03-09T07:20:18.772+0000] {dag.py:3047} INFO - Sync 1 DAGs
[2024-03-09T07:20:18.811+0000] {logging_mixin.py:188} INFO - [2024-03-09T07:20:18.810+0000] {dag.py:3834} INFO - Setting next_dagrun for example_python_operator to None, run_after=None
[2024-03-09T07:20:18.872+0000] {processor.py:183} INFO - Processing /home/airflow/.local/lib/python3.8/site-packages/airflow/example_dags/example_python_operator.py took 0.259 seconds
[2024-03-09T07:20:49.560+0000] {processor.py:161} INFO - Started process (PID=1565) to work on /home/airflow/.local/lib/python3.8/site-packages/airflow/example_dags/example_python_operator.py
[2024-03-09T07:20:49.563+0000] {processor.py:830} INFO - Processing file /home/airflow/.local/lib/python3.8/site-packages/airflow/example_dags/example_python_operator.py for tasks to queue
[2024-03-09T07:20:49.569+0000] {logging_mixin.py:188} INFO - [2024-03-09T07:20:49.568+0000] {dagbag.py:540} INFO - Filling up the DagBag from /home/airflow/.local/lib/python3.8/site-packages/airflow/example_dags/example_python_operator.py
[2024-03-09T07:20:49.615+0000] {processor.py:840} INFO - DAG(s) 'example_python_operator' retrieved from /home/airflow/.local/lib/python3.8/site-packages/airflow/example_dags/example_python_operator.py
[2024-03-09T07:20:49.708+0000] {logging_mixin.py:188} INFO - [2024-03-09T07:20:49.708+0000] {dag.py:3047} INFO - Sync 1 DAGs
[2024-03-09T07:20:49.742+0000] {logging_mixin.py:188} INFO - [2024-03-09T07:20:49.741+0000] {dag.py:3834} INFO - Setting next_dagrun for example_python_operator to None, run_after=None
[2024-03-09T07:20:49.807+0000] {processor.py:183} INFO - Processing /home/airflow/.local/lib/python3.8/site-packages/airflow/example_dags/example_python_operator.py took 0.256 seconds
[2024-03-09T07:21:20.137+0000] {processor.py:161} INFO - Started process (PID=1621) to work on /home/airflow/.local/lib/python3.8/site-packages/airflow/example_dags/example_python_operator.py
[2024-03-09T07:21:20.141+0000] {processor.py:830} INFO - Processing file /home/airflow/.local/lib/python3.8/site-packages/airflow/example_dags/example_python_operator.py for tasks to queue
[2024-03-09T07:21:20.148+0000] {logging_mixin.py:188} INFO - [2024-03-09T07:21:20.147+0000] {dagbag.py:540} INFO - Filling up the DagBag from /home/airflow/.local/lib/python3.8/site-packages/airflow/example_dags/example_python_operator.py
[2024-03-09T07:21:20.206+0000] {processor.py:840} INFO - DAG(s) 'example_python_operator' retrieved from /home/airflow/.local/lib/python3.8/site-packages/airflow/example_dags/example_python_operator.py
[2024-03-09T07:21:20.312+0000] {logging_mixin.py:188} INFO - [2024-03-09T07:21:20.311+0000] {dag.py:3047} INFO - Sync 1 DAGs
[2024-03-09T07:21:20.354+0000] {logging_mixin.py:188} INFO - [2024-03-09T07:21:20.353+0000] {dag.py:3834} INFO - Setting next_dagrun for example_python_operator to None, run_after=None
[2024-03-09T07:21:20.411+0000] {processor.py:183} INFO - Processing /home/airflow/.local/lib/python3.8/site-packages/airflow/example_dags/example_python_operator.py took 0.289 seconds
[2024-03-09T07:21:53.083+0000] {processor.py:161} INFO - Started process (PID=1676) to work on /home/airflow/.local/lib/python3.8/site-packages/airflow/example_dags/example_python_operator.py
[2024-03-09T07:21:53.086+0000] {processor.py:830} INFO - Processing file /home/airflow/.local/lib/python3.8/site-packages/airflow/example_dags/example_python_operator.py for tasks to queue
[2024-03-09T07:21:53.092+0000] {logging_mixin.py:188} INFO - [2024-03-09T07:21:53.091+0000] {dagbag.py:540} INFO - Filling up the DagBag from /home/airflow/.local/lib/python3.8/site-packages/airflow/example_dags/example_python_operator.py
[2024-03-09T07:21:53.128+0000] {processor.py:840} INFO - DAG(s) 'example_python_operator' retrieved from /home/airflow/.local/lib/python3.8/site-packages/airflow/example_dags/example_python_operator.py
[2024-03-09T07:21:53.203+0000] {logging_mixin.py:188} INFO - [2024-03-09T07:21:53.202+0000] {dag.py:3047} INFO - Sync 1 DAGs
[2024-03-09T07:21:53.243+0000] {logging_mixin.py:188} INFO - [2024-03-09T07:21:53.243+0000] {dag.py:3834} INFO - Setting next_dagrun for example_python_operator to None, run_after=None
[2024-03-09T07:21:53.309+0000] {processor.py:183} INFO - Processing /home/airflow/.local/lib/python3.8/site-packages/airflow/example_dags/example_python_operator.py took 0.235 seconds
[2024-03-09T07:22:24.758+0000] {processor.py:161} INFO - Started process (PID=1732) to work on /home/airflow/.local/lib/python3.8/site-packages/airflow/example_dags/example_python_operator.py
[2024-03-09T07:22:24.762+0000] {processor.py:830} INFO - Processing file /home/airflow/.local/lib/python3.8/site-packages/airflow/example_dags/example_python_operator.py for tasks to queue
[2024-03-09T07:22:24.769+0000] {logging_mixin.py:188} INFO - [2024-03-09T07:22:24.767+0000] {dagbag.py:540} INFO - Filling up the DagBag from /home/airflow/.local/lib/python3.8/site-packages/airflow/example_dags/example_python_operator.py
[2024-03-09T07:22:24.867+0000] {processor.py:840} INFO - DAG(s) 'example_python_operator' retrieved from /home/airflow/.local/lib/python3.8/site-packages/airflow/example_dags/example_python_operator.py
[2024-03-09T07:22:24.972+0000] {logging_mixin.py:188} INFO - [2024-03-09T07:22:24.971+0000] {dag.py:3047} INFO - Sync 1 DAGs
[2024-03-09T07:22:25.022+0000] {logging_mixin.py:188} INFO - [2024-03-09T07:22:25.021+0000] {dag.py:3834} INFO - Setting next_dagrun for example_python_operator to None, run_after=None
[2024-03-09T07:22:25.101+0000] {processor.py:183} INFO - Processing /home/airflow/.local/lib/python3.8/site-packages/airflow/example_dags/example_python_operator.py took 0.357 seconds
[2024-03-09T07:22:55.224+0000] {processor.py:161} INFO - Started process (PID=1785) to work on /home/airflow/.local/lib/python3.8/site-packages/airflow/example_dags/example_python_operator.py
[2024-03-09T07:22:55.228+0000] {processor.py:830} INFO - Processing file /home/airflow/.local/lib/python3.8/site-packages/airflow/example_dags/example_python_operator.py for tasks to queue
[2024-03-09T07:22:55.235+0000] {logging_mixin.py:188} INFO - [2024-03-09T07:22:55.234+0000] {dagbag.py:540} INFO - Filling up the DagBag from /home/airflow/.local/lib/python3.8/site-packages/airflow/example_dags/example_python_operator.py
[2024-03-09T07:22:55.273+0000] {processor.py:840} INFO - DAG(s) 'example_python_operator' retrieved from /home/airflow/.local/lib/python3.8/site-packages/airflow/example_dags/example_python_operator.py
[2024-03-09T07:22:55.362+0000] {logging_mixin.py:188} INFO - [2024-03-09T07:22:55.361+0000] {dag.py:3047} INFO - Sync 1 DAGs
[2024-03-09T07:22:55.449+0000] {logging_mixin.py:188} INFO - [2024-03-09T07:22:55.449+0000] {dag.py:3834} INFO - Setting next_dagrun for example_python_operator to None, run_after=None
[2024-03-09T07:22:55.526+0000] {processor.py:183} INFO - Processing /home/airflow/.local/lib/python3.8/site-packages/airflow/example_dags/example_python_operator.py took 0.314 seconds
[2024-03-09T07:23:26.228+0000] {processor.py:161} INFO - Started process (PID=1840) to work on /home/airflow/.local/lib/python3.8/site-packages/airflow/example_dags/example_python_operator.py
[2024-03-09T07:23:26.231+0000] {processor.py:830} INFO - Processing file /home/airflow/.local/lib/python3.8/site-packages/airflow/example_dags/example_python_operator.py for tasks to queue
[2024-03-09T07:23:26.235+0000] {logging_mixin.py:188} INFO - [2024-03-09T07:23:26.235+0000] {dagbag.py:540} INFO - Filling up the DagBag from /home/airflow/.local/lib/python3.8/site-packages/airflow/example_dags/example_python_operator.py
[2024-03-09T07:23:26.262+0000] {processor.py:840} INFO - DAG(s) 'example_python_operator' retrieved from /home/airflow/.local/lib/python3.8/site-packages/airflow/example_dags/example_python_operator.py
[2024-03-09T07:23:26.321+0000] {logging_mixin.py:188} INFO - [2024-03-09T07:23:26.321+0000] {dag.py:3047} INFO - Sync 1 DAGs
[2024-03-09T07:23:26.358+0000] {logging_mixin.py:188} INFO - [2024-03-09T07:23:26.357+0000] {dag.py:3834} INFO - Setting next_dagrun for example_python_operator to None, run_after=None
[2024-03-09T07:23:26.409+0000] {processor.py:183} INFO - Processing /home/airflow/.local/lib/python3.8/site-packages/airflow/example_dags/example_python_operator.py took 0.189 seconds
[2024-03-09T07:23:57.023+0000] {processor.py:161} INFO - Started process (PID=1895) to work on /home/airflow/.local/lib/python3.8/site-packages/airflow/example_dags/example_python_operator.py
[2024-03-09T07:23:57.028+0000] {processor.py:830} INFO - Processing file /home/airflow/.local/lib/python3.8/site-packages/airflow/example_dags/example_python_operator.py for tasks to queue
[2024-03-09T07:23:57.038+0000] {logging_mixin.py:188} INFO - [2024-03-09T07:23:57.037+0000] {dagbag.py:540} INFO - Filling up the DagBag from /home/airflow/.local/lib/python3.8/site-packages/airflow/example_dags/example_python_operator.py
[2024-03-09T07:23:57.099+0000] {processor.py:840} INFO - DAG(s) 'example_python_operator' retrieved from /home/airflow/.local/lib/python3.8/site-packages/airflow/example_dags/example_python_operator.py
[2024-03-09T07:23:57.217+0000] {logging_mixin.py:188} INFO - [2024-03-09T07:23:57.215+0000] {dag.py:3047} INFO - Sync 1 DAGs
[2024-03-09T07:23:57.284+0000] {logging_mixin.py:188} INFO - [2024-03-09T07:23:57.283+0000] {dag.py:3834} INFO - Setting next_dagrun for example_python_operator to None, run_after=None
[2024-03-09T07:23:57.370+0000] {processor.py:183} INFO - Processing /home/airflow/.local/lib/python3.8/site-packages/airflow/example_dags/example_python_operator.py took 0.360 seconds
[2024-03-09T07:24:28.181+0000] {processor.py:161} INFO - Started process (PID=1950) to work on /home/airflow/.local/lib/python3.8/site-packages/airflow/example_dags/example_python_operator.py
[2024-03-09T07:24:28.186+0000] {processor.py:830} INFO - Processing file /home/airflow/.local/lib/python3.8/site-packages/airflow/example_dags/example_python_operator.py for tasks to queue
[2024-03-09T07:24:28.197+0000] {logging_mixin.py:188} INFO - [2024-03-09T07:24:28.195+0000] {dagbag.py:540} INFO - Filling up the DagBag from /home/airflow/.local/lib/python3.8/site-packages/airflow/example_dags/example_python_operator.py
[2024-03-09T07:24:28.247+0000] {processor.py:840} INFO - DAG(s) 'example_python_operator' retrieved from /home/airflow/.local/lib/python3.8/site-packages/airflow/example_dags/example_python_operator.py
[2024-03-09T07:24:28.347+0000] {logging_mixin.py:188} INFO - [2024-03-09T07:24:28.346+0000] {dag.py:3047} INFO - Sync 1 DAGs
[2024-03-09T07:24:28.403+0000] {logging_mixin.py:188} INFO - [2024-03-09T07:24:28.403+0000] {dag.py:3834} INFO - Setting next_dagrun for example_python_operator to None, run_after=None
[2024-03-09T07:24:28.482+0000] {processor.py:183} INFO - Processing /home/airflow/.local/lib/python3.8/site-packages/airflow/example_dags/example_python_operator.py took 0.317 seconds
[2024-03-09T07:24:59.715+0000] {processor.py:161} INFO - Started process (PID=2005) to work on /home/airflow/.local/lib/python3.8/site-packages/airflow/example_dags/example_python_operator.py
[2024-03-09T07:24:59.719+0000] {processor.py:830} INFO - Processing file /home/airflow/.local/lib/python3.8/site-packages/airflow/example_dags/example_python_operator.py for tasks to queue
[2024-03-09T07:24:59.729+0000] {logging_mixin.py:188} INFO - [2024-03-09T07:24:59.727+0000] {dagbag.py:540} INFO - Filling up the DagBag from /home/airflow/.local/lib/python3.8/site-packages/airflow/example_dags/example_python_operator.py
[2024-03-09T07:24:59.798+0000] {processor.py:840} INFO - DAG(s) 'example_python_operator' retrieved from /home/airflow/.local/lib/python3.8/site-packages/airflow/example_dags/example_python_operator.py
[2024-03-09T07:24:59.949+0000] {logging_mixin.py:188} INFO - [2024-03-09T07:24:59.947+0000] {dag.py:3047} INFO - Sync 1 DAGs
[2024-03-09T07:25:00.044+0000] {logging_mixin.py:188} INFO - [2024-03-09T07:25:00.037+0000] {dag.py:3834} INFO - Setting next_dagrun for example_python_operator to None, run_after=None
[2024-03-09T07:25:00.132+0000] {processor.py:183} INFO - Processing /home/airflow/.local/lib/python3.8/site-packages/airflow/example_dags/example_python_operator.py took 0.436 seconds
[2024-03-09T07:25:30.830+0000] {processor.py:161} INFO - Started process (PID=2060) to work on /home/airflow/.local/lib/python3.8/site-packages/airflow/example_dags/example_python_operator.py
[2024-03-09T07:25:30.833+0000] {processor.py:830} INFO - Processing file /home/airflow/.local/lib/python3.8/site-packages/airflow/example_dags/example_python_operator.py for tasks to queue
[2024-03-09T07:25:30.839+0000] {logging_mixin.py:188} INFO - [2024-03-09T07:25:30.838+0000] {dagbag.py:540} INFO - Filling up the DagBag from /home/airflow/.local/lib/python3.8/site-packages/airflow/example_dags/example_python_operator.py
[2024-03-09T07:25:30.873+0000] {processor.py:840} INFO - DAG(s) 'example_python_operator' retrieved from /home/airflow/.local/lib/python3.8/site-packages/airflow/example_dags/example_python_operator.py
[2024-03-09T07:25:30.957+0000] {logging_mixin.py:188} INFO - [2024-03-09T07:25:30.957+0000] {dag.py:3047} INFO - Sync 1 DAGs
[2024-03-09T07:25:30.992+0000] {logging_mixin.py:188} INFO - [2024-03-09T07:25:30.991+0000] {dag.py:3834} INFO - Setting next_dagrun for example_python_operator to None, run_after=None
[2024-03-09T07:25:31.043+0000] {processor.py:183} INFO - Processing /home/airflow/.local/lib/python3.8/site-packages/airflow/example_dags/example_python_operator.py took 0.221 seconds
[2024-03-09T07:26:01.877+0000] {processor.py:161} INFO - Started process (PID=2115) to work on /home/airflow/.local/lib/python3.8/site-packages/airflow/example_dags/example_python_operator.py
[2024-03-09T07:26:01.880+0000] {processor.py:830} INFO - Processing file /home/airflow/.local/lib/python3.8/site-packages/airflow/example_dags/example_python_operator.py for tasks to queue
[2024-03-09T07:26:01.885+0000] {logging_mixin.py:188} INFO - [2024-03-09T07:26:01.884+0000] {dagbag.py:540} INFO - Filling up the DagBag from /home/airflow/.local/lib/python3.8/site-packages/airflow/example_dags/example_python_operator.py
[2024-03-09T07:26:01.919+0000] {processor.py:840} INFO - DAG(s) 'example_python_operator' retrieved from /home/airflow/.local/lib/python3.8/site-packages/airflow/example_dags/example_python_operator.py
[2024-03-09T07:26:02.113+0000] {logging_mixin.py:188} INFO - [2024-03-09T07:26:02.113+0000] {dag.py:3047} INFO - Sync 1 DAGs
[2024-03-09T07:26:02.149+0000] {logging_mixin.py:188} INFO - [2024-03-09T07:26:02.148+0000] {dag.py:3834} INFO - Setting next_dagrun for example_python_operator to None, run_after=None
[2024-03-09T07:26:02.203+0000] {processor.py:183} INFO - Processing /home/airflow/.local/lib/python3.8/site-packages/airflow/example_dags/example_python_operator.py took 0.335 seconds
[2024-03-09T07:26:32.943+0000] {processor.py:161} INFO - Started process (PID=2170) to work on /home/airflow/.local/lib/python3.8/site-packages/airflow/example_dags/example_python_operator.py
[2024-03-09T07:26:32.947+0000] {processor.py:830} INFO - Processing file /home/airflow/.local/lib/python3.8/site-packages/airflow/example_dags/example_python_operator.py for tasks to queue
[2024-03-09T07:26:32.954+0000] {logging_mixin.py:188} INFO - [2024-03-09T07:26:32.952+0000] {dagbag.py:540} INFO - Filling up the DagBag from /home/airflow/.local/lib/python3.8/site-packages/airflow/example_dags/example_python_operator.py
[2024-03-09T07:26:32.989+0000] {processor.py:840} INFO - DAG(s) 'example_python_operator' retrieved from /home/airflow/.local/lib/python3.8/site-packages/airflow/example_dags/example_python_operator.py
[2024-03-09T07:26:33.063+0000] {logging_mixin.py:188} INFO - [2024-03-09T07:26:33.062+0000] {dag.py:3047} INFO - Sync 1 DAGs
[2024-03-09T07:26:33.104+0000] {logging_mixin.py:188} INFO - [2024-03-09T07:26:33.103+0000] {dag.py:3834} INFO - Setting next_dagrun for example_python_operator to None, run_after=None
[2024-03-09T07:26:33.165+0000] {processor.py:183} INFO - Processing /home/airflow/.local/lib/python3.8/site-packages/airflow/example_dags/example_python_operator.py took 0.233 seconds
