[2024-03-09T07:06:02.142+0000] {processor.py:161} INFO - Started process (PID=48) to work on /home/airflow/.local/lib/python3.8/site-packages/airflow/example_dags/tutorial.py
[2024-03-09T07:06:02.151+0000] {processor.py:830} INFO - Processing file /home/airflow/.local/lib/python3.8/site-packages/airflow/example_dags/tutorial.py for tasks to queue
[2024-03-09T07:06:02.186+0000] {logging_mixin.py:188} INFO - [2024-03-09T07:06:02.177+0000] {dagbag.py:540} INFO - Filling up the DagBag from /home/airflow/.local/lib/python3.8/site-packages/airflow/example_dags/tutorial.py
[2024-03-09T07:06:02.323+0000] {processor.py:840} INFO - DAG(s) 'tutorial' retrieved from /home/airflow/.local/lib/python3.8/site-packages/airflow/example_dags/tutorial.py
[2024-03-09T07:06:02.953+0000] {logging_mixin.py:188} INFO - [2024-03-09T07:06:02.953+0000] {dag.py:3047} INFO - Sync 1 DAGs
[2024-03-09T07:06:03.098+0000] {logging_mixin.py:188} INFO - [2024-03-09T07:06:03.098+0000] {dag.py:3834} INFO - Setting next_dagrun for tutorial to 2024-03-08 00:00:00+00:00, run_after=2024-03-09 00:00:00+00:00
[2024-03-09T07:06:03.273+0000] {processor.py:183} INFO - Processing /home/airflow/.local/lib/python3.8/site-packages/airflow/example_dags/tutorial.py took 1.158 seconds
[2024-03-09T07:07:16.130+0000] {processor.py:161} INFO - Started process (PID=110) to work on /home/airflow/.local/lib/python3.8/site-packages/airflow/example_dags/tutorial.py
[2024-03-09T07:07:16.134+0000] {processor.py:830} INFO - Processing file /home/airflow/.local/lib/python3.8/site-packages/airflow/example_dags/tutorial.py for tasks to queue
[2024-03-09T07:07:16.146+0000] {logging_mixin.py:188} INFO - [2024-03-09T07:07:16.145+0000] {dagbag.py:540} INFO - Filling up the DagBag from /home/airflow/.local/lib/python3.8/site-packages/airflow/example_dags/tutorial.py
[2024-03-09T07:07:16.768+0000] {processor.py:840} INFO - DAG(s) 'tutorial' retrieved from /home/airflow/.local/lib/python3.8/site-packages/airflow/example_dags/tutorial.py
[2024-03-09T07:07:17.182+0000] {logging_mixin.py:188} INFO - [2024-03-09T07:07:17.169+0000] {dag.py:3047} INFO - Sync 1 DAGs
[2024-03-09T07:07:17.503+0000] {logging_mixin.py:188} INFO - [2024-03-09T07:07:17.502+0000] {dag.py:3834} INFO - Setting next_dagrun for tutorial to 2024-03-08 00:00:00+00:00, run_after=2024-03-09 00:00:00+00:00
[2024-03-09T07:07:18.766+0000] {processor.py:183} INFO - Processing /home/airflow/.local/lib/python3.8/site-packages/airflow/example_dags/tutorial.py took 2.653 seconds
[2024-03-09T07:07:49.101+0000] {processor.py:161} INFO - Started process (PID=163) to work on /home/airflow/.local/lib/python3.8/site-packages/airflow/example_dags/tutorial.py
[2024-03-09T07:07:49.119+0000] {processor.py:830} INFO - Processing file /home/airflow/.local/lib/python3.8/site-packages/airflow/example_dags/tutorial.py for tasks to queue
[2024-03-09T07:07:49.125+0000] {logging_mixin.py:188} INFO - [2024-03-09T07:07:49.124+0000] {dagbag.py:540} INFO - Filling up the DagBag from /home/airflow/.local/lib/python3.8/site-packages/airflow/example_dags/tutorial.py
[2024-03-09T07:07:49.144+0000] {processor.py:840} INFO - DAG(s) 'tutorial' retrieved from /home/airflow/.local/lib/python3.8/site-packages/airflow/example_dags/tutorial.py
[2024-03-09T07:07:49.209+0000] {logging_mixin.py:188} INFO - [2024-03-09T07:07:49.209+0000] {dag.py:3047} INFO - Sync 1 DAGs
[2024-03-09T07:07:49.269+0000] {logging_mixin.py:188} INFO - [2024-03-09T07:07:49.269+0000] {dag.py:3834} INFO - Setting next_dagrun for tutorial to 2024-03-08 00:00:00+00:00, run_after=2024-03-09 00:00:00+00:00
[2024-03-09T07:07:49.368+0000] {processor.py:183} INFO - Processing /home/airflow/.local/lib/python3.8/site-packages/airflow/example_dags/tutorial.py took 0.278 seconds
[2024-03-09T07:08:19.577+0000] {processor.py:161} INFO - Started process (PID=218) to work on /home/airflow/.local/lib/python3.8/site-packages/airflow/example_dags/tutorial.py
[2024-03-09T07:08:19.595+0000] {processor.py:830} INFO - Processing file /home/airflow/.local/lib/python3.8/site-packages/airflow/example_dags/tutorial.py for tasks to queue
[2024-03-09T07:08:19.676+0000] {logging_mixin.py:188} INFO - [2024-03-09T07:08:19.674+0000] {dagbag.py:540} INFO - Filling up the DagBag from /home/airflow/.local/lib/python3.8/site-packages/airflow/example_dags/tutorial.py
[2024-03-09T07:08:19.718+0000] {processor.py:840} INFO - DAG(s) 'tutorial' retrieved from /home/airflow/.local/lib/python3.8/site-packages/airflow/example_dags/tutorial.py
[2024-03-09T07:08:19.783+0000] {logging_mixin.py:188} INFO - [2024-03-09T07:08:19.782+0000] {dag.py:3047} INFO - Sync 1 DAGs
[2024-03-09T07:08:19.851+0000] {logging_mixin.py:188} INFO - [2024-03-09T07:08:19.850+0000] {dag.py:3834} INFO - Setting next_dagrun for tutorial to 2024-03-08 00:00:00+00:00, run_after=2024-03-09 00:00:00+00:00
[2024-03-09T07:08:19.916+0000] {processor.py:183} INFO - Processing /home/airflow/.local/lib/python3.8/site-packages/airflow/example_dags/tutorial.py took 0.421 seconds
[2024-03-09T07:08:50.428+0000] {processor.py:161} INFO - Started process (PID=273) to work on /home/airflow/.local/lib/python3.8/site-packages/airflow/example_dags/tutorial.py
[2024-03-09T07:08:50.444+0000] {processor.py:830} INFO - Processing file /home/airflow/.local/lib/python3.8/site-packages/airflow/example_dags/tutorial.py for tasks to queue
[2024-03-09T07:08:50.472+0000] {logging_mixin.py:188} INFO - [2024-03-09T07:08:50.468+0000] {dagbag.py:540} INFO - Filling up the DagBag from /home/airflow/.local/lib/python3.8/site-packages/airflow/example_dags/tutorial.py
[2024-03-09T07:08:50.542+0000] {processor.py:840} INFO - DAG(s) 'tutorial' retrieved from /home/airflow/.local/lib/python3.8/site-packages/airflow/example_dags/tutorial.py
[2024-03-09T07:08:50.704+0000] {logging_mixin.py:188} INFO - [2024-03-09T07:08:50.703+0000] {dag.py:3047} INFO - Sync 1 DAGs
[2024-03-09T07:08:50.854+0000] {logging_mixin.py:188} INFO - [2024-03-09T07:08:50.853+0000] {dag.py:3834} INFO - Setting next_dagrun for tutorial to 2024-03-08 00:00:00+00:00, run_after=2024-03-09 00:00:00+00:00
[2024-03-09T07:08:50.944+0000] {processor.py:183} INFO - Processing /home/airflow/.local/lib/python3.8/site-packages/airflow/example_dags/tutorial.py took 0.596 seconds
[2024-03-09T07:09:21.239+0000] {processor.py:161} INFO - Started process (PID=328) to work on /home/airflow/.local/lib/python3.8/site-packages/airflow/example_dags/tutorial.py
[2024-03-09T07:09:21.243+0000] {processor.py:830} INFO - Processing file /home/airflow/.local/lib/python3.8/site-packages/airflow/example_dags/tutorial.py for tasks to queue
[2024-03-09T07:09:21.251+0000] {logging_mixin.py:188} INFO - [2024-03-09T07:09:21.249+0000] {dagbag.py:540} INFO - Filling up the DagBag from /home/airflow/.local/lib/python3.8/site-packages/airflow/example_dags/tutorial.py
[2024-03-09T07:09:21.281+0000] {processor.py:840} INFO - DAG(s) 'tutorial' retrieved from /home/airflow/.local/lib/python3.8/site-packages/airflow/example_dags/tutorial.py
[2024-03-09T07:09:21.359+0000] {logging_mixin.py:188} INFO - [2024-03-09T07:09:21.358+0000] {dag.py:3047} INFO - Sync 1 DAGs
[2024-03-09T07:09:21.437+0000] {logging_mixin.py:188} INFO - [2024-03-09T07:09:21.436+0000] {dag.py:3834} INFO - Setting next_dagrun for tutorial to 2024-03-08 00:00:00+00:00, run_after=2024-03-09 00:00:00+00:00
[2024-03-09T07:09:21.508+0000] {processor.py:183} INFO - Processing /home/airflow/.local/lib/python3.8/site-packages/airflow/example_dags/tutorial.py took 0.282 seconds
[2024-03-09T07:09:51.683+0000] {processor.py:161} INFO - Started process (PID=383) to work on /home/airflow/.local/lib/python3.8/site-packages/airflow/example_dags/tutorial.py
[2024-03-09T07:09:51.688+0000] {processor.py:830} INFO - Processing file /home/airflow/.local/lib/python3.8/site-packages/airflow/example_dags/tutorial.py for tasks to queue
[2024-03-09T07:09:51.696+0000] {logging_mixin.py:188} INFO - [2024-03-09T07:09:51.695+0000] {dagbag.py:540} INFO - Filling up the DagBag from /home/airflow/.local/lib/python3.8/site-packages/airflow/example_dags/tutorial.py
[2024-03-09T07:09:51.721+0000] {processor.py:840} INFO - DAG(s) 'tutorial' retrieved from /home/airflow/.local/lib/python3.8/site-packages/airflow/example_dags/tutorial.py
[2024-03-09T07:09:51.814+0000] {logging_mixin.py:188} INFO - [2024-03-09T07:09:51.813+0000] {dag.py:3047} INFO - Sync 1 DAGs
[2024-03-09T07:09:51.917+0000] {logging_mixin.py:188} INFO - [2024-03-09T07:09:51.916+0000] {dag.py:3834} INFO - Setting next_dagrun for tutorial to 2024-03-08 00:00:00+00:00, run_after=2024-03-09 00:00:00+00:00
[2024-03-09T07:09:52.005+0000] {processor.py:183} INFO - Processing /home/airflow/.local/lib/python3.8/site-packages/airflow/example_dags/tutorial.py took 0.336 seconds
[2024-03-09T07:10:22.510+0000] {processor.py:161} INFO - Started process (PID=437) to work on /home/airflow/.local/lib/python3.8/site-packages/airflow/example_dags/tutorial.py
[2024-03-09T07:10:22.513+0000] {processor.py:830} INFO - Processing file /home/airflow/.local/lib/python3.8/site-packages/airflow/example_dags/tutorial.py for tasks to queue
[2024-03-09T07:10:22.530+0000] {logging_mixin.py:188} INFO - [2024-03-09T07:10:22.529+0000] {dagbag.py:540} INFO - Filling up the DagBag from /home/airflow/.local/lib/python3.8/site-packages/airflow/example_dags/tutorial.py
[2024-03-09T07:10:22.584+0000] {processor.py:840} INFO - DAG(s) 'tutorial' retrieved from /home/airflow/.local/lib/python3.8/site-packages/airflow/example_dags/tutorial.py
[2024-03-09T07:10:22.715+0000] {logging_mixin.py:188} INFO - [2024-03-09T07:10:22.714+0000] {dag.py:3047} INFO - Sync 1 DAGs
[2024-03-09T07:10:22.924+0000] {logging_mixin.py:188} INFO - [2024-03-09T07:10:22.923+0000] {dag.py:3834} INFO - Setting next_dagrun for tutorial to 2024-03-08 00:00:00+00:00, run_after=2024-03-09 00:00:00+00:00
[2024-03-09T07:10:23.110+0000] {processor.py:183} INFO - Processing /home/airflow/.local/lib/python3.8/site-packages/airflow/example_dags/tutorial.py took 0.619 seconds
[2024-03-09T07:10:53.411+0000] {processor.py:161} INFO - Started process (PID=492) to work on /home/airflow/.local/lib/python3.8/site-packages/airflow/example_dags/tutorial.py
[2024-03-09T07:10:53.414+0000] {processor.py:830} INFO - Processing file /home/airflow/.local/lib/python3.8/site-packages/airflow/example_dags/tutorial.py for tasks to queue
[2024-03-09T07:10:53.420+0000] {logging_mixin.py:188} INFO - [2024-03-09T07:10:53.419+0000] {dagbag.py:540} INFO - Filling up the DagBag from /home/airflow/.local/lib/python3.8/site-packages/airflow/example_dags/tutorial.py
[2024-03-09T07:10:53.435+0000] {processor.py:840} INFO - DAG(s) 'tutorial' retrieved from /home/airflow/.local/lib/python3.8/site-packages/airflow/example_dags/tutorial.py
[2024-03-09T07:10:53.488+0000] {logging_mixin.py:188} INFO - [2024-03-09T07:10:53.488+0000] {dag.py:3047} INFO - Sync 1 DAGs
[2024-03-09T07:10:53.543+0000] {logging_mixin.py:188} INFO - [2024-03-09T07:10:53.542+0000] {dag.py:3834} INFO - Setting next_dagrun for tutorial to 2024-03-08 00:00:00+00:00, run_after=2024-03-09 00:00:00+00:00
[2024-03-09T07:10:53.594+0000] {processor.py:183} INFO - Processing /home/airflow/.local/lib/python3.8/site-packages/airflow/example_dags/tutorial.py took 0.191 seconds
[2024-03-09T07:11:24.194+0000] {processor.py:161} INFO - Started process (PID=547) to work on /home/airflow/.local/lib/python3.8/site-packages/airflow/example_dags/tutorial.py
[2024-03-09T07:11:24.197+0000] {processor.py:830} INFO - Processing file /home/airflow/.local/lib/python3.8/site-packages/airflow/example_dags/tutorial.py for tasks to queue
[2024-03-09T07:11:24.204+0000] {logging_mixin.py:188} INFO - [2024-03-09T07:11:24.203+0000] {dagbag.py:540} INFO - Filling up the DagBag from /home/airflow/.local/lib/python3.8/site-packages/airflow/example_dags/tutorial.py
[2024-03-09T07:11:24.224+0000] {processor.py:840} INFO - DAG(s) 'tutorial' retrieved from /home/airflow/.local/lib/python3.8/site-packages/airflow/example_dags/tutorial.py
[2024-03-09T07:11:24.307+0000] {logging_mixin.py:188} INFO - [2024-03-09T07:11:24.306+0000] {dag.py:3047} INFO - Sync 1 DAGs
[2024-03-09T07:11:24.366+0000] {logging_mixin.py:188} INFO - [2024-03-09T07:11:24.365+0000] {dag.py:3834} INFO - Setting next_dagrun for tutorial to 2024-03-08 00:00:00+00:00, run_after=2024-03-09 00:00:00+00:00
[2024-03-09T07:11:24.426+0000] {processor.py:183} INFO - Processing /home/airflow/.local/lib/python3.8/site-packages/airflow/example_dags/tutorial.py took 0.240 seconds
[2024-03-09T07:11:55.234+0000] {processor.py:161} INFO - Started process (PID=602) to work on /home/airflow/.local/lib/python3.8/site-packages/airflow/example_dags/tutorial.py
[2024-03-09T07:11:55.240+0000] {processor.py:830} INFO - Processing file /home/airflow/.local/lib/python3.8/site-packages/airflow/example_dags/tutorial.py for tasks to queue
[2024-03-09T07:11:55.253+0000] {logging_mixin.py:188} INFO - [2024-03-09T07:11:55.251+0000] {dagbag.py:540} INFO - Filling up the DagBag from /home/airflow/.local/lib/python3.8/site-packages/airflow/example_dags/tutorial.py
[2024-03-09T07:11:55.282+0000] {processor.py:840} INFO - DAG(s) 'tutorial' retrieved from /home/airflow/.local/lib/python3.8/site-packages/airflow/example_dags/tutorial.py
[2024-03-09T07:11:55.349+0000] {logging_mixin.py:188} INFO - [2024-03-09T07:11:55.348+0000] {dag.py:3047} INFO - Sync 1 DAGs
[2024-03-09T07:11:55.423+0000] {logging_mixin.py:188} INFO - [2024-03-09T07:11:55.422+0000] {dag.py:3834} INFO - Setting next_dagrun for tutorial to 2024-03-08 00:00:00+00:00, run_after=2024-03-09 00:00:00+00:00
[2024-03-09T07:11:55.481+0000] {processor.py:183} INFO - Processing /home/airflow/.local/lib/python3.8/site-packages/airflow/example_dags/tutorial.py took 0.263 seconds
[2024-03-09T07:12:25.765+0000] {processor.py:161} INFO - Started process (PID=657) to work on /home/airflow/.local/lib/python3.8/site-packages/airflow/example_dags/tutorial.py
[2024-03-09T07:12:25.772+0000] {processor.py:830} INFO - Processing file /home/airflow/.local/lib/python3.8/site-packages/airflow/example_dags/tutorial.py for tasks to queue
[2024-03-09T07:12:25.785+0000] {logging_mixin.py:188} INFO - [2024-03-09T07:12:25.783+0000] {dagbag.py:540} INFO - Filling up the DagBag from /home/airflow/.local/lib/python3.8/site-packages/airflow/example_dags/tutorial.py
[2024-03-09T07:12:25.824+0000] {processor.py:840} INFO - DAG(s) 'tutorial' retrieved from /home/airflow/.local/lib/python3.8/site-packages/airflow/example_dags/tutorial.py
[2024-03-09T07:12:25.913+0000] {logging_mixin.py:188} INFO - [2024-03-09T07:12:25.913+0000] {dag.py:3047} INFO - Sync 1 DAGs
[2024-03-09T07:12:25.979+0000] {logging_mixin.py:188} INFO - [2024-03-09T07:12:25.979+0000] {dag.py:3834} INFO - Setting next_dagrun for tutorial to 2024-03-08 00:00:00+00:00, run_after=2024-03-09 00:00:00+00:00
[2024-03-09T07:12:26.039+0000] {processor.py:183} INFO - Processing /home/airflow/.local/lib/python3.8/site-packages/airflow/example_dags/tutorial.py took 0.298 seconds
[2024-03-09T07:12:56.778+0000] {processor.py:161} INFO - Started process (PID=712) to work on /home/airflow/.local/lib/python3.8/site-packages/airflow/example_dags/tutorial.py
[2024-03-09T07:12:56.784+0000] {processor.py:830} INFO - Processing file /home/airflow/.local/lib/python3.8/site-packages/airflow/example_dags/tutorial.py for tasks to queue
[2024-03-09T07:12:56.797+0000] {logging_mixin.py:188} INFO - [2024-03-09T07:12:56.796+0000] {dagbag.py:540} INFO - Filling up the DagBag from /home/airflow/.local/lib/python3.8/site-packages/airflow/example_dags/tutorial.py
[2024-03-09T07:12:56.824+0000] {processor.py:840} INFO - DAG(s) 'tutorial' retrieved from /home/airflow/.local/lib/python3.8/site-packages/airflow/example_dags/tutorial.py
[2024-03-09T07:12:56.886+0000] {logging_mixin.py:188} INFO - [2024-03-09T07:12:56.885+0000] {dag.py:3047} INFO - Sync 1 DAGs
[2024-03-09T07:12:56.945+0000] {logging_mixin.py:188} INFO - [2024-03-09T07:12:56.944+0000] {dag.py:3834} INFO - Setting next_dagrun for tutorial to 2024-03-08 00:00:00+00:00, run_after=2024-03-09 00:00:00+00:00
[2024-03-09T07:12:56.996+0000] {processor.py:183} INFO - Processing /home/airflow/.local/lib/python3.8/site-packages/airflow/example_dags/tutorial.py took 0.242 seconds
[2024-03-09T07:13:27.842+0000] {processor.py:161} INFO - Started process (PID=767) to work on /home/airflow/.local/lib/python3.8/site-packages/airflow/example_dags/tutorial.py
[2024-03-09T07:13:27.848+0000] {processor.py:830} INFO - Processing file /home/airflow/.local/lib/python3.8/site-packages/airflow/example_dags/tutorial.py for tasks to queue
[2024-03-09T07:13:27.859+0000] {logging_mixin.py:188} INFO - [2024-03-09T07:13:27.857+0000] {dagbag.py:540} INFO - Filling up the DagBag from /home/airflow/.local/lib/python3.8/site-packages/airflow/example_dags/tutorial.py
[2024-03-09T07:13:27.891+0000] {processor.py:840} INFO - DAG(s) 'tutorial' retrieved from /home/airflow/.local/lib/python3.8/site-packages/airflow/example_dags/tutorial.py
[2024-03-09T07:13:28.007+0000] {logging_mixin.py:188} INFO - [2024-03-09T07:13:28.006+0000] {dag.py:3047} INFO - Sync 1 DAGs
[2024-03-09T07:13:28.205+0000] {logging_mixin.py:188} INFO - [2024-03-09T07:13:28.204+0000] {dag.py:3834} INFO - Setting next_dagrun for tutorial to 2024-03-08 00:00:00+00:00, run_after=2024-03-09 00:00:00+00:00
[2024-03-09T07:13:28.287+0000] {processor.py:183} INFO - Processing /home/airflow/.local/lib/python3.8/site-packages/airflow/example_dags/tutorial.py took 0.463 seconds
[2024-03-09T07:13:58.709+0000] {processor.py:161} INFO - Started process (PID=822) to work on /home/airflow/.local/lib/python3.8/site-packages/airflow/example_dags/tutorial.py
[2024-03-09T07:13:58.716+0000] {processor.py:830} INFO - Processing file /home/airflow/.local/lib/python3.8/site-packages/airflow/example_dags/tutorial.py for tasks to queue
[2024-03-09T07:13:58.726+0000] {logging_mixin.py:188} INFO - [2024-03-09T07:13:58.724+0000] {dagbag.py:540} INFO - Filling up the DagBag from /home/airflow/.local/lib/python3.8/site-packages/airflow/example_dags/tutorial.py
[2024-03-09T07:13:58.772+0000] {processor.py:840} INFO - DAG(s) 'tutorial' retrieved from /home/airflow/.local/lib/python3.8/site-packages/airflow/example_dags/tutorial.py
[2024-03-09T07:13:58.889+0000] {logging_mixin.py:188} INFO - [2024-03-09T07:13:58.887+0000] {dag.py:3047} INFO - Sync 1 DAGs
[2024-03-09T07:13:58.964+0000] {logging_mixin.py:188} INFO - [2024-03-09T07:13:58.963+0000] {dag.py:3834} INFO - Setting next_dagrun for tutorial to 2024-03-08 00:00:00+00:00, run_after=2024-03-09 00:00:00+00:00
[2024-03-09T07:13:59.045+0000] {processor.py:183} INFO - Processing /home/airflow/.local/lib/python3.8/site-packages/airflow/example_dags/tutorial.py took 0.354 seconds
[2024-03-09T07:14:29.509+0000] {processor.py:161} INFO - Started process (PID=877) to work on /home/airflow/.local/lib/python3.8/site-packages/airflow/example_dags/tutorial.py
[2024-03-09T07:14:29.514+0000] {processor.py:830} INFO - Processing file /home/airflow/.local/lib/python3.8/site-packages/airflow/example_dags/tutorial.py for tasks to queue
[2024-03-09T07:14:29.526+0000] {logging_mixin.py:188} INFO - [2024-03-09T07:14:29.524+0000] {dagbag.py:540} INFO - Filling up the DagBag from /home/airflow/.local/lib/python3.8/site-packages/airflow/example_dags/tutorial.py
[2024-03-09T07:14:29.566+0000] {processor.py:840} INFO - DAG(s) 'tutorial' retrieved from /home/airflow/.local/lib/python3.8/site-packages/airflow/example_dags/tutorial.py
[2024-03-09T07:14:29.634+0000] {logging_mixin.py:188} INFO - [2024-03-09T07:14:29.633+0000] {dag.py:3047} INFO - Sync 1 DAGs
[2024-03-09T07:14:29.724+0000] {logging_mixin.py:188} INFO - [2024-03-09T07:14:29.724+0000] {dag.py:3834} INFO - Setting next_dagrun for tutorial to 2024-03-08 00:00:00+00:00, run_after=2024-03-09 00:00:00+00:00
[2024-03-09T07:14:29.784+0000] {processor.py:183} INFO - Processing /home/airflow/.local/lib/python3.8/site-packages/airflow/example_dags/tutorial.py took 0.291 seconds
[2024-03-09T07:15:00.272+0000] {processor.py:161} INFO - Started process (PID=932) to work on /home/airflow/.local/lib/python3.8/site-packages/airflow/example_dags/tutorial.py
[2024-03-09T07:15:00.276+0000] {processor.py:830} INFO - Processing file /home/airflow/.local/lib/python3.8/site-packages/airflow/example_dags/tutorial.py for tasks to queue
[2024-03-09T07:15:00.283+0000] {logging_mixin.py:188} INFO - [2024-03-09T07:15:00.282+0000] {dagbag.py:540} INFO - Filling up the DagBag from /home/airflow/.local/lib/python3.8/site-packages/airflow/example_dags/tutorial.py
[2024-03-09T07:15:00.299+0000] {processor.py:840} INFO - DAG(s) 'tutorial' retrieved from /home/airflow/.local/lib/python3.8/site-packages/airflow/example_dags/tutorial.py
[2024-03-09T07:15:00.354+0000] {logging_mixin.py:188} INFO - [2024-03-09T07:15:00.353+0000] {dag.py:3047} INFO - Sync 1 DAGs
[2024-03-09T07:15:00.432+0000] {logging_mixin.py:188} INFO - [2024-03-09T07:15:00.431+0000] {dag.py:3834} INFO - Setting next_dagrun for tutorial to 2024-03-08 00:00:00+00:00, run_after=2024-03-09 00:00:00+00:00
[2024-03-09T07:15:00.482+0000] {processor.py:183} INFO - Processing /home/airflow/.local/lib/python3.8/site-packages/airflow/example_dags/tutorial.py took 0.227 seconds
[2024-03-09T07:15:31.375+0000] {processor.py:161} INFO - Started process (PID=987) to work on /home/airflow/.local/lib/python3.8/site-packages/airflow/example_dags/tutorial.py
[2024-03-09T07:15:31.383+0000] {processor.py:830} INFO - Processing file /home/airflow/.local/lib/python3.8/site-packages/airflow/example_dags/tutorial.py for tasks to queue
[2024-03-09T07:15:31.394+0000] {logging_mixin.py:188} INFO - [2024-03-09T07:15:31.390+0000] {dagbag.py:540} INFO - Filling up the DagBag from /home/airflow/.local/lib/python3.8/site-packages/airflow/example_dags/tutorial.py
[2024-03-09T07:15:31.421+0000] {processor.py:840} INFO - DAG(s) 'tutorial' retrieved from /home/airflow/.local/lib/python3.8/site-packages/airflow/example_dags/tutorial.py
[2024-03-09T07:15:31.490+0000] {logging_mixin.py:188} INFO - [2024-03-09T07:15:31.490+0000] {dag.py:3047} INFO - Sync 1 DAGs
[2024-03-09T07:15:31.551+0000] {logging_mixin.py:188} INFO - [2024-03-09T07:15:31.550+0000] {dag.py:3834} INFO - Setting next_dagrun for tutorial to 2024-03-08 00:00:00+00:00, run_after=2024-03-09 00:00:00+00:00
[2024-03-09T07:15:31.661+0000] {processor.py:183} INFO - Processing /home/airflow/.local/lib/python3.8/site-packages/airflow/example_dags/tutorial.py took 0.328 seconds
[2024-03-09T07:16:02.076+0000] {processor.py:161} INFO - Started process (PID=1042) to work on /home/airflow/.local/lib/python3.8/site-packages/airflow/example_dags/tutorial.py
[2024-03-09T07:16:02.080+0000] {processor.py:830} INFO - Processing file /home/airflow/.local/lib/python3.8/site-packages/airflow/example_dags/tutorial.py for tasks to queue
[2024-03-09T07:16:02.087+0000] {logging_mixin.py:188} INFO - [2024-03-09T07:16:02.085+0000] {dagbag.py:540} INFO - Filling up the DagBag from /home/airflow/.local/lib/python3.8/site-packages/airflow/example_dags/tutorial.py
[2024-03-09T07:16:02.107+0000] {processor.py:840} INFO - DAG(s) 'tutorial' retrieved from /home/airflow/.local/lib/python3.8/site-packages/airflow/example_dags/tutorial.py
[2024-03-09T07:16:02.173+0000] {logging_mixin.py:188} INFO - [2024-03-09T07:16:02.172+0000] {dag.py:3047} INFO - Sync 1 DAGs
[2024-03-09T07:16:02.252+0000] {logging_mixin.py:188} INFO - [2024-03-09T07:16:02.252+0000] {dag.py:3834} INFO - Setting next_dagrun for tutorial to 2024-03-08 00:00:00+00:00, run_after=2024-03-09 00:00:00+00:00
[2024-03-09T07:16:02.305+0000] {processor.py:183} INFO - Processing /home/airflow/.local/lib/python3.8/site-packages/airflow/example_dags/tutorial.py took 0.243 seconds
[2024-03-09T07:16:32.971+0000] {processor.py:161} INFO - Started process (PID=1097) to work on /home/airflow/.local/lib/python3.8/site-packages/airflow/example_dags/tutorial.py
[2024-03-09T07:16:32.973+0000] {processor.py:830} INFO - Processing file /home/airflow/.local/lib/python3.8/site-packages/airflow/example_dags/tutorial.py for tasks to queue
[2024-03-09T07:16:32.979+0000] {logging_mixin.py:188} INFO - [2024-03-09T07:16:32.978+0000] {dagbag.py:540} INFO - Filling up the DagBag from /home/airflow/.local/lib/python3.8/site-packages/airflow/example_dags/tutorial.py
[2024-03-09T07:16:32.993+0000] {processor.py:840} INFO - DAG(s) 'tutorial' retrieved from /home/airflow/.local/lib/python3.8/site-packages/airflow/example_dags/tutorial.py
[2024-03-09T07:16:33.041+0000] {logging_mixin.py:188} INFO - [2024-03-09T07:16:33.040+0000] {dag.py:3047} INFO - Sync 1 DAGs
[2024-03-09T07:16:33.096+0000] {logging_mixin.py:188} INFO - [2024-03-09T07:16:33.096+0000] {dag.py:3834} INFO - Setting next_dagrun for tutorial to 2024-03-08 00:00:00+00:00, run_after=2024-03-09 00:00:00+00:00
[2024-03-09T07:16:33.147+0000] {processor.py:183} INFO - Processing /home/airflow/.local/lib/python3.8/site-packages/airflow/example_dags/tutorial.py took 0.184 seconds
[2024-03-09T07:17:03.323+0000] {processor.py:161} INFO - Started process (PID=1152) to work on /home/airflow/.local/lib/python3.8/site-packages/airflow/example_dags/tutorial.py
[2024-03-09T07:17:03.330+0000] {processor.py:830} INFO - Processing file /home/airflow/.local/lib/python3.8/site-packages/airflow/example_dags/tutorial.py for tasks to queue
[2024-03-09T07:17:03.342+0000] {logging_mixin.py:188} INFO - [2024-03-09T07:17:03.341+0000] {dagbag.py:540} INFO - Filling up the DagBag from /home/airflow/.local/lib/python3.8/site-packages/airflow/example_dags/tutorial.py
[2024-03-09T07:17:03.373+0000] {processor.py:840} INFO - DAG(s) 'tutorial' retrieved from /home/airflow/.local/lib/python3.8/site-packages/airflow/example_dags/tutorial.py
[2024-03-09T07:17:03.508+0000] {logging_mixin.py:188} INFO - [2024-03-09T07:17:03.507+0000] {dag.py:3047} INFO - Sync 1 DAGs
[2024-03-09T07:17:03.642+0000] {logging_mixin.py:188} INFO - [2024-03-09T07:17:03.641+0000] {dag.py:3834} INFO - Setting next_dagrun for tutorial to 2024-03-08 00:00:00+00:00, run_after=2024-03-09 00:00:00+00:00
[2024-03-09T07:17:03.737+0000] {processor.py:183} INFO - Processing /home/airflow/.local/lib/python3.8/site-packages/airflow/example_dags/tutorial.py took 0.438 seconds
[2024-03-09T07:17:33.839+0000] {processor.py:161} INFO - Started process (PID=1207) to work on /home/airflow/.local/lib/python3.8/site-packages/airflow/example_dags/tutorial.py
[2024-03-09T07:17:33.844+0000] {processor.py:830} INFO - Processing file /home/airflow/.local/lib/python3.8/site-packages/airflow/example_dags/tutorial.py for tasks to queue
[2024-03-09T07:17:33.850+0000] {logging_mixin.py:188} INFO - [2024-03-09T07:17:33.849+0000] {dagbag.py:540} INFO - Filling up the DagBag from /home/airflow/.local/lib/python3.8/site-packages/airflow/example_dags/tutorial.py
[2024-03-09T07:17:33.870+0000] {processor.py:840} INFO - DAG(s) 'tutorial' retrieved from /home/airflow/.local/lib/python3.8/site-packages/airflow/example_dags/tutorial.py
[2024-03-09T07:17:33.934+0000] {logging_mixin.py:188} INFO - [2024-03-09T07:17:33.933+0000] {dag.py:3047} INFO - Sync 1 DAGs
[2024-03-09T07:17:34.014+0000] {logging_mixin.py:188} INFO - [2024-03-09T07:17:34.010+0000] {dag.py:3834} INFO - Setting next_dagrun for tutorial to 2024-03-08 00:00:00+00:00, run_after=2024-03-09 00:00:00+00:00
[2024-03-09T07:17:34.071+0000] {processor.py:183} INFO - Processing /home/airflow/.local/lib/python3.8/site-packages/airflow/example_dags/tutorial.py took 0.247 seconds
[2024-03-09T07:18:04.696+0000] {processor.py:161} INFO - Started process (PID=1260) to work on /home/airflow/.local/lib/python3.8/site-packages/airflow/example_dags/tutorial.py
[2024-03-09T07:18:04.702+0000] {processor.py:830} INFO - Processing file /home/airflow/.local/lib/python3.8/site-packages/airflow/example_dags/tutorial.py for tasks to queue
[2024-03-09T07:18:04.713+0000] {logging_mixin.py:188} INFO - [2024-03-09T07:18:04.712+0000] {dagbag.py:540} INFO - Filling up the DagBag from /home/airflow/.local/lib/python3.8/site-packages/airflow/example_dags/tutorial.py
[2024-03-09T07:18:04.748+0000] {processor.py:840} INFO - DAG(s) 'tutorial' retrieved from /home/airflow/.local/lib/python3.8/site-packages/airflow/example_dags/tutorial.py
[2024-03-09T07:18:04.832+0000] {logging_mixin.py:188} INFO - [2024-03-09T07:18:04.832+0000] {dag.py:3047} INFO - Sync 1 DAGs
[2024-03-09T07:18:04.894+0000] {logging_mixin.py:188} INFO - [2024-03-09T07:18:04.893+0000] {dag.py:3834} INFO - Setting next_dagrun for tutorial to 2024-03-08 00:00:00+00:00, run_after=2024-03-09 00:00:00+00:00
[2024-03-09T07:18:04.949+0000] {processor.py:183} INFO - Processing /home/airflow/.local/lib/python3.8/site-packages/airflow/example_dags/tutorial.py took 0.275 seconds
[2024-03-09T07:18:35.171+0000] {processor.py:161} INFO - Started process (PID=1315) to work on /home/airflow/.local/lib/python3.8/site-packages/airflow/example_dags/tutorial.py
[2024-03-09T07:18:35.174+0000] {processor.py:830} INFO - Processing file /home/airflow/.local/lib/python3.8/site-packages/airflow/example_dags/tutorial.py for tasks to queue
[2024-03-09T07:18:35.181+0000] {logging_mixin.py:188} INFO - [2024-03-09T07:18:35.180+0000] {dagbag.py:540} INFO - Filling up the DagBag from /home/airflow/.local/lib/python3.8/site-packages/airflow/example_dags/tutorial.py
[2024-03-09T07:18:35.202+0000] {processor.py:840} INFO - DAG(s) 'tutorial' retrieved from /home/airflow/.local/lib/python3.8/site-packages/airflow/example_dags/tutorial.py
[2024-03-09T07:18:35.275+0000] {logging_mixin.py:188} INFO - [2024-03-09T07:18:35.274+0000] {dag.py:3047} INFO - Sync 1 DAGs
[2024-03-09T07:18:35.369+0000] {logging_mixin.py:188} INFO - [2024-03-09T07:18:35.369+0000] {dag.py:3834} INFO - Setting next_dagrun for tutorial to 2024-03-08 00:00:00+00:00, run_after=2024-03-09 00:00:00+00:00
[2024-03-09T07:18:35.424+0000] {processor.py:183} INFO - Processing /home/airflow/.local/lib/python3.8/site-packages/airflow/example_dags/tutorial.py took 0.262 seconds
[2024-03-09T07:19:05.680+0000] {processor.py:161} INFO - Started process (PID=1370) to work on /home/airflow/.local/lib/python3.8/site-packages/airflow/example_dags/tutorial.py
[2024-03-09T07:19:05.688+0000] {processor.py:830} INFO - Processing file /home/airflow/.local/lib/python3.8/site-packages/airflow/example_dags/tutorial.py for tasks to queue
[2024-03-09T07:19:05.696+0000] {logging_mixin.py:188} INFO - [2024-03-09T07:19:05.695+0000] {dagbag.py:540} INFO - Filling up the DagBag from /home/airflow/.local/lib/python3.8/site-packages/airflow/example_dags/tutorial.py
[2024-03-09T07:19:05.721+0000] {processor.py:840} INFO - DAG(s) 'tutorial' retrieved from /home/airflow/.local/lib/python3.8/site-packages/airflow/example_dags/tutorial.py
[2024-03-09T07:19:05.800+0000] {logging_mixin.py:188} INFO - [2024-03-09T07:19:05.799+0000] {dag.py:3047} INFO - Sync 1 DAGs
[2024-03-09T07:19:05.906+0000] {logging_mixin.py:188} INFO - [2024-03-09T07:19:05.905+0000] {dag.py:3834} INFO - Setting next_dagrun for tutorial to 2024-03-08 00:00:00+00:00, run_after=2024-03-09 00:00:00+00:00
[2024-03-09T07:19:05.988+0000] {processor.py:183} INFO - Processing /home/airflow/.local/lib/python3.8/site-packages/airflow/example_dags/tutorial.py took 0.325 seconds
[2024-03-09T07:19:36.209+0000] {processor.py:161} INFO - Started process (PID=1425) to work on /home/airflow/.local/lib/python3.8/site-packages/airflow/example_dags/tutorial.py
[2024-03-09T07:19:36.216+0000] {processor.py:830} INFO - Processing file /home/airflow/.local/lib/python3.8/site-packages/airflow/example_dags/tutorial.py for tasks to queue
[2024-03-09T07:19:36.231+0000] {logging_mixin.py:188} INFO - [2024-03-09T07:19:36.229+0000] {dagbag.py:540} INFO - Filling up the DagBag from /home/airflow/.local/lib/python3.8/site-packages/airflow/example_dags/tutorial.py
[2024-03-09T07:19:36.271+0000] {processor.py:840} INFO - DAG(s) 'tutorial' retrieved from /home/airflow/.local/lib/python3.8/site-packages/airflow/example_dags/tutorial.py
[2024-03-09T07:19:36.389+0000] {logging_mixin.py:188} INFO - [2024-03-09T07:19:36.388+0000] {dag.py:3047} INFO - Sync 1 DAGs
[2024-03-09T07:19:36.448+0000] {logging_mixin.py:188} INFO - [2024-03-09T07:19:36.447+0000] {dag.py:3834} INFO - Setting next_dagrun for tutorial to 2024-03-08 00:00:00+00:00, run_after=2024-03-09 00:00:00+00:00
[2024-03-09T07:19:36.501+0000] {processor.py:183} INFO - Processing /home/airflow/.local/lib/python3.8/site-packages/airflow/example_dags/tutorial.py took 0.319 seconds
[2024-03-09T07:20:07.160+0000] {processor.py:161} INFO - Started process (PID=1480) to work on /home/airflow/.local/lib/python3.8/site-packages/airflow/example_dags/tutorial.py
[2024-03-09T07:20:07.178+0000] {processor.py:830} INFO - Processing file /home/airflow/.local/lib/python3.8/site-packages/airflow/example_dags/tutorial.py for tasks to queue
[2024-03-09T07:20:07.193+0000] {logging_mixin.py:188} INFO - [2024-03-09T07:20:07.192+0000] {dagbag.py:540} INFO - Filling up the DagBag from /home/airflow/.local/lib/python3.8/site-packages/airflow/example_dags/tutorial.py
[2024-03-09T07:20:07.274+0000] {processor.py:840} INFO - DAG(s) 'tutorial' retrieved from /home/airflow/.local/lib/python3.8/site-packages/airflow/example_dags/tutorial.py
[2024-03-09T07:20:07.349+0000] {logging_mixin.py:188} INFO - [2024-03-09T07:20:07.348+0000] {dag.py:3047} INFO - Sync 1 DAGs
[2024-03-09T07:20:07.454+0000] {logging_mixin.py:188} INFO - [2024-03-09T07:20:07.453+0000] {dag.py:3834} INFO - Setting next_dagrun for tutorial to 2024-03-08 00:00:00+00:00, run_after=2024-03-09 00:00:00+00:00
[2024-03-09T07:20:07.508+0000] {processor.py:183} INFO - Processing /home/airflow/.local/lib/python3.8/site-packages/airflow/example_dags/tutorial.py took 0.391 seconds
[2024-03-09T07:20:37.727+0000] {processor.py:161} INFO - Started process (PID=1535) to work on /home/airflow/.local/lib/python3.8/site-packages/airflow/example_dags/tutorial.py
[2024-03-09T07:20:37.729+0000] {processor.py:830} INFO - Processing file /home/airflow/.local/lib/python3.8/site-packages/airflow/example_dags/tutorial.py for tasks to queue
[2024-03-09T07:20:37.734+0000] {logging_mixin.py:188} INFO - [2024-03-09T07:20:37.733+0000] {dagbag.py:540} INFO - Filling up the DagBag from /home/airflow/.local/lib/python3.8/site-packages/airflow/example_dags/tutorial.py
[2024-03-09T07:20:37.748+0000] {processor.py:840} INFO - DAG(s) 'tutorial' retrieved from /home/airflow/.local/lib/python3.8/site-packages/airflow/example_dags/tutorial.py
[2024-03-09T07:20:37.798+0000] {logging_mixin.py:188} INFO - [2024-03-09T07:20:37.798+0000] {dag.py:3047} INFO - Sync 1 DAGs
[2024-03-09T07:20:37.860+0000] {logging_mixin.py:188} INFO - [2024-03-09T07:20:37.859+0000] {dag.py:3834} INFO - Setting next_dagrun for tutorial to 2024-03-08 00:00:00+00:00, run_after=2024-03-09 00:00:00+00:00
[2024-03-09T07:20:37.913+0000] {processor.py:183} INFO - Processing /home/airflow/.local/lib/python3.8/site-packages/airflow/example_dags/tutorial.py took 0.196 seconds
[2024-03-09T07:21:08.018+0000] {processor.py:161} INFO - Started process (PID=1590) to work on /home/airflow/.local/lib/python3.8/site-packages/airflow/example_dags/tutorial.py
[2024-03-09T07:21:08.021+0000] {processor.py:830} INFO - Processing file /home/airflow/.local/lib/python3.8/site-packages/airflow/example_dags/tutorial.py for tasks to queue
[2024-03-09T07:21:08.028+0000] {logging_mixin.py:188} INFO - [2024-03-09T07:21:08.027+0000] {dagbag.py:540} INFO - Filling up the DagBag from /home/airflow/.local/lib/python3.8/site-packages/airflow/example_dags/tutorial.py
[2024-03-09T07:21:08.048+0000] {processor.py:840} INFO - DAG(s) 'tutorial' retrieved from /home/airflow/.local/lib/python3.8/site-packages/airflow/example_dags/tutorial.py
[2024-03-09T07:21:08.114+0000] {logging_mixin.py:188} INFO - [2024-03-09T07:21:08.114+0000] {dag.py:3047} INFO - Sync 1 DAGs
[2024-03-09T07:21:08.224+0000] {logging_mixin.py:188} INFO - [2024-03-09T07:21:08.222+0000] {dag.py:3834} INFO - Setting next_dagrun for tutorial to 2024-03-08 00:00:00+00:00, run_after=2024-03-09 00:00:00+00:00
[2024-03-09T07:21:08.352+0000] {processor.py:183} INFO - Processing /home/airflow/.local/lib/python3.8/site-packages/airflow/example_dags/tutorial.py took 0.344 seconds
[2024-03-09T07:21:38.702+0000] {processor.py:161} INFO - Started process (PID=1646) to work on /home/airflow/.local/lib/python3.8/site-packages/airflow/example_dags/tutorial.py
[2024-03-09T07:21:38.706+0000] {processor.py:830} INFO - Processing file /home/airflow/.local/lib/python3.8/site-packages/airflow/example_dags/tutorial.py for tasks to queue
[2024-03-09T07:21:38.714+0000] {logging_mixin.py:188} INFO - [2024-03-09T07:21:38.713+0000] {dagbag.py:540} INFO - Filling up the DagBag from /home/airflow/.local/lib/python3.8/site-packages/airflow/example_dags/tutorial.py
[2024-03-09T07:21:38.732+0000] {processor.py:840} INFO - DAG(s) 'tutorial' retrieved from /home/airflow/.local/lib/python3.8/site-packages/airflow/example_dags/tutorial.py
[2024-03-09T07:21:38.799+0000] {logging_mixin.py:188} INFO - [2024-03-09T07:21:38.798+0000] {dag.py:3047} INFO - Sync 1 DAGs
[2024-03-09T07:21:38.905+0000] {logging_mixin.py:188} INFO - [2024-03-09T07:21:38.904+0000] {dag.py:3834} INFO - Setting next_dagrun for tutorial to 2024-03-08 00:00:00+00:00, run_after=2024-03-09 00:00:00+00:00
[2024-03-09T07:21:39.085+0000] {processor.py:183} INFO - Processing /home/airflow/.local/lib/python3.8/site-packages/airflow/example_dags/tutorial.py took 0.400 seconds
[2024-03-09T07:22:09.792+0000] {processor.py:161} INFO - Started process (PID=1701) to work on /home/airflow/.local/lib/python3.8/site-packages/airflow/example_dags/tutorial.py
[2024-03-09T07:22:09.795+0000] {processor.py:830} INFO - Processing file /home/airflow/.local/lib/python3.8/site-packages/airflow/example_dags/tutorial.py for tasks to queue
[2024-03-09T07:22:09.803+0000] {logging_mixin.py:188} INFO - [2024-03-09T07:22:09.802+0000] {dagbag.py:540} INFO - Filling up the DagBag from /home/airflow/.local/lib/python3.8/site-packages/airflow/example_dags/tutorial.py
[2024-03-09T07:22:09.822+0000] {processor.py:840} INFO - DAG(s) 'tutorial' retrieved from /home/airflow/.local/lib/python3.8/site-packages/airflow/example_dags/tutorial.py
[2024-03-09T07:22:09.899+0000] {logging_mixin.py:188} INFO - [2024-03-09T07:22:09.898+0000] {dag.py:3047} INFO - Sync 1 DAGs
[2024-03-09T07:22:09.979+0000] {logging_mixin.py:188} INFO - [2024-03-09T07:22:09.979+0000] {dag.py:3834} INFO - Setting next_dagrun for tutorial to 2024-03-08 00:00:00+00:00, run_after=2024-03-09 00:00:00+00:00
[2024-03-09T07:22:10.038+0000] {processor.py:183} INFO - Processing /home/airflow/.local/lib/python3.8/site-packages/airflow/example_dags/tutorial.py took 0.262 seconds
[2024-03-09T07:22:40.584+0000] {processor.py:161} INFO - Started process (PID=1757) to work on /home/airflow/.local/lib/python3.8/site-packages/airflow/example_dags/tutorial.py
[2024-03-09T07:22:40.587+0000] {processor.py:830} INFO - Processing file /home/airflow/.local/lib/python3.8/site-packages/airflow/example_dags/tutorial.py for tasks to queue
[2024-03-09T07:22:40.599+0000] {logging_mixin.py:188} INFO - [2024-03-09T07:22:40.598+0000] {dagbag.py:540} INFO - Filling up the DagBag from /home/airflow/.local/lib/python3.8/site-packages/airflow/example_dags/tutorial.py
[2024-03-09T07:22:40.622+0000] {processor.py:840} INFO - DAG(s) 'tutorial' retrieved from /home/airflow/.local/lib/python3.8/site-packages/airflow/example_dags/tutorial.py
[2024-03-09T07:22:40.712+0000] {logging_mixin.py:188} INFO - [2024-03-09T07:22:40.711+0000] {dag.py:3047} INFO - Sync 1 DAGs
[2024-03-09T07:22:40.815+0000] {logging_mixin.py:188} INFO - [2024-03-09T07:22:40.815+0000] {dag.py:3834} INFO - Setting next_dagrun for tutorial to 2024-03-08 00:00:00+00:00, run_after=2024-03-09 00:00:00+00:00
[2024-03-09T07:22:40.936+0000] {processor.py:183} INFO - Processing /home/airflow/.local/lib/python3.8/site-packages/airflow/example_dags/tutorial.py took 0.364 seconds
[2024-03-09T07:23:11.510+0000] {processor.py:161} INFO - Started process (PID=1818) to work on /home/airflow/.local/lib/python3.8/site-packages/airflow/example_dags/tutorial.py
[2024-03-09T07:23:11.515+0000] {processor.py:830} INFO - Processing file /home/airflow/.local/lib/python3.8/site-packages/airflow/example_dags/tutorial.py for tasks to queue
[2024-03-09T07:23:11.525+0000] {logging_mixin.py:188} INFO - [2024-03-09T07:23:11.524+0000] {dagbag.py:540} INFO - Filling up the DagBag from /home/airflow/.local/lib/python3.8/site-packages/airflow/example_dags/tutorial.py
[2024-03-09T07:23:11.552+0000] {processor.py:840} INFO - DAG(s) 'tutorial' retrieved from /home/airflow/.local/lib/python3.8/site-packages/airflow/example_dags/tutorial.py
[2024-03-09T07:23:11.645+0000] {logging_mixin.py:188} INFO - [2024-03-09T07:23:11.644+0000] {dag.py:3047} INFO - Sync 1 DAGs
[2024-03-09T07:23:11.788+0000] {logging_mixin.py:188} INFO - [2024-03-09T07:23:11.787+0000] {dag.py:3834} INFO - Setting next_dagrun for tutorial to 2024-03-08 00:00:00+00:00, run_after=2024-03-09 00:00:00+00:00
[2024-03-09T07:23:11.838+0000] {processor.py:183} INFO - Processing /home/airflow/.local/lib/python3.8/site-packages/airflow/example_dags/tutorial.py took 0.344 seconds
[2024-03-09T07:23:42.862+0000] {processor.py:161} INFO - Started process (PID=1873) to work on /home/airflow/.local/lib/python3.8/site-packages/airflow/example_dags/tutorial.py
[2024-03-09T07:23:42.864+0000] {processor.py:830} INFO - Processing file /home/airflow/.local/lib/python3.8/site-packages/airflow/example_dags/tutorial.py for tasks to queue
[2024-03-09T07:23:42.872+0000] {logging_mixin.py:188} INFO - [2024-03-09T07:23:42.871+0000] {dagbag.py:540} INFO - Filling up the DagBag from /home/airflow/.local/lib/python3.8/site-packages/airflow/example_dags/tutorial.py
[2024-03-09T07:23:42.899+0000] {processor.py:840} INFO - DAG(s) 'tutorial' retrieved from /home/airflow/.local/lib/python3.8/site-packages/airflow/example_dags/tutorial.py
[2024-03-09T07:23:42.993+0000] {logging_mixin.py:188} INFO - [2024-03-09T07:23:42.992+0000] {dag.py:3047} INFO - Sync 1 DAGs
[2024-03-09T07:23:43.362+0000] {logging_mixin.py:188} INFO - [2024-03-09T07:23:43.361+0000] {dag.py:3834} INFO - Setting next_dagrun for tutorial to 2024-03-08 00:00:00+00:00, run_after=2024-03-09 00:00:00+00:00
[2024-03-09T07:23:43.627+0000] {processor.py:183} INFO - Processing /home/airflow/.local/lib/python3.8/site-packages/airflow/example_dags/tutorial.py took 0.778 seconds
[2024-03-09T07:24:14.346+0000] {processor.py:161} INFO - Started process (PID=1928) to work on /home/airflow/.local/lib/python3.8/site-packages/airflow/example_dags/tutorial.py
[2024-03-09T07:24:14.351+0000] {processor.py:830} INFO - Processing file /home/airflow/.local/lib/python3.8/site-packages/airflow/example_dags/tutorial.py for tasks to queue
[2024-03-09T07:24:14.358+0000] {logging_mixin.py:188} INFO - [2024-03-09T07:24:14.357+0000] {dagbag.py:540} INFO - Filling up the DagBag from /home/airflow/.local/lib/python3.8/site-packages/airflow/example_dags/tutorial.py
[2024-03-09T07:24:14.377+0000] {processor.py:840} INFO - DAG(s) 'tutorial' retrieved from /home/airflow/.local/lib/python3.8/site-packages/airflow/example_dags/tutorial.py
[2024-03-09T07:24:14.439+0000] {logging_mixin.py:188} INFO - [2024-03-09T07:24:14.439+0000] {dag.py:3047} INFO - Sync 1 DAGs
[2024-03-09T07:24:14.508+0000] {logging_mixin.py:188} INFO - [2024-03-09T07:24:14.507+0000] {dag.py:3834} INFO - Setting next_dagrun for tutorial to 2024-03-08 00:00:00+00:00, run_after=2024-03-09 00:00:00+00:00
[2024-03-09T07:24:14.570+0000] {processor.py:183} INFO - Processing /home/airflow/.local/lib/python3.8/site-packages/airflow/example_dags/tutorial.py took 0.234 seconds
[2024-03-09T07:24:45.457+0000] {processor.py:161} INFO - Started process (PID=1983) to work on /home/airflow/.local/lib/python3.8/site-packages/airflow/example_dags/tutorial.py
[2024-03-09T07:24:45.464+0000] {processor.py:830} INFO - Processing file /home/airflow/.local/lib/python3.8/site-packages/airflow/example_dags/tutorial.py for tasks to queue
[2024-03-09T07:24:45.477+0000] {logging_mixin.py:188} INFO - [2024-03-09T07:24:45.475+0000] {dagbag.py:540} INFO - Filling up the DagBag from /home/airflow/.local/lib/python3.8/site-packages/airflow/example_dags/tutorial.py
[2024-03-09T07:24:45.510+0000] {processor.py:840} INFO - DAG(s) 'tutorial' retrieved from /home/airflow/.local/lib/python3.8/site-packages/airflow/example_dags/tutorial.py
[2024-03-09T07:24:45.653+0000] {logging_mixin.py:188} INFO - [2024-03-09T07:24:45.651+0000] {dag.py:3047} INFO - Sync 1 DAGs
[2024-03-09T07:24:45.782+0000] {logging_mixin.py:188} INFO - [2024-03-09T07:24:45.782+0000] {dag.py:3834} INFO - Setting next_dagrun for tutorial to 2024-03-08 00:00:00+00:00, run_after=2024-03-09 00:00:00+00:00
[2024-03-09T07:24:45.846+0000] {processor.py:183} INFO - Processing /home/airflow/.local/lib/python3.8/site-packages/airflow/example_dags/tutorial.py took 0.407 seconds
[2024-03-09T07:25:16.815+0000] {processor.py:161} INFO - Started process (PID=2038) to work on /home/airflow/.local/lib/python3.8/site-packages/airflow/example_dags/tutorial.py
[2024-03-09T07:25:16.821+0000] {processor.py:830} INFO - Processing file /home/airflow/.local/lib/python3.8/site-packages/airflow/example_dags/tutorial.py for tasks to queue
[2024-03-09T07:25:16.831+0000] {logging_mixin.py:188} INFO - [2024-03-09T07:25:16.830+0000] {dagbag.py:540} INFO - Filling up the DagBag from /home/airflow/.local/lib/python3.8/site-packages/airflow/example_dags/tutorial.py
[2024-03-09T07:25:16.862+0000] {processor.py:840} INFO - DAG(s) 'tutorial' retrieved from /home/airflow/.local/lib/python3.8/site-packages/airflow/example_dags/tutorial.py
[2024-03-09T07:25:16.968+0000] {logging_mixin.py:188} INFO - [2024-03-09T07:25:16.968+0000] {dag.py:3047} INFO - Sync 1 DAGs
[2024-03-09T07:25:17.053+0000] {logging_mixin.py:188} INFO - [2024-03-09T07:25:17.052+0000] {dag.py:3834} INFO - Setting next_dagrun for tutorial to 2024-03-08 00:00:00+00:00, run_after=2024-03-09 00:00:00+00:00
[2024-03-09T07:25:17.118+0000] {processor.py:183} INFO - Processing /home/airflow/.local/lib/python3.8/site-packages/airflow/example_dags/tutorial.py took 0.325 seconds
[2024-03-09T07:25:47.646+0000] {processor.py:161} INFO - Started process (PID=2093) to work on /home/airflow/.local/lib/python3.8/site-packages/airflow/example_dags/tutorial.py
[2024-03-09T07:25:47.651+0000] {processor.py:830} INFO - Processing file /home/airflow/.local/lib/python3.8/site-packages/airflow/example_dags/tutorial.py for tasks to queue
[2024-03-09T07:25:47.662+0000] {logging_mixin.py:188} INFO - [2024-03-09T07:25:47.660+0000] {dagbag.py:540} INFO - Filling up the DagBag from /home/airflow/.local/lib/python3.8/site-packages/airflow/example_dags/tutorial.py
[2024-03-09T07:25:47.692+0000] {processor.py:840} INFO - DAG(s) 'tutorial' retrieved from /home/airflow/.local/lib/python3.8/site-packages/airflow/example_dags/tutorial.py
[2024-03-09T07:25:47.797+0000] {logging_mixin.py:188} INFO - [2024-03-09T07:25:47.795+0000] {dag.py:3047} INFO - Sync 1 DAGs
[2024-03-09T07:25:47.946+0000] {logging_mixin.py:188} INFO - [2024-03-09T07:25:47.944+0000] {dag.py:3834} INFO - Setting next_dagrun for tutorial to 2024-03-08 00:00:00+00:00, run_after=2024-03-09 00:00:00+00:00
[2024-03-09T07:25:48.087+0000] {processor.py:183} INFO - Processing /home/airflow/.local/lib/python3.8/site-packages/airflow/example_dags/tutorial.py took 0.456 seconds
[2024-03-09T07:26:18.278+0000] {processor.py:161} INFO - Started process (PID=2148) to work on /home/airflow/.local/lib/python3.8/site-packages/airflow/example_dags/tutorial.py
[2024-03-09T07:26:18.282+0000] {processor.py:830} INFO - Processing file /home/airflow/.local/lib/python3.8/site-packages/airflow/example_dags/tutorial.py for tasks to queue
[2024-03-09T07:26:18.290+0000] {logging_mixin.py:188} INFO - [2024-03-09T07:26:18.289+0000] {dagbag.py:540} INFO - Filling up the DagBag from /home/airflow/.local/lib/python3.8/site-packages/airflow/example_dags/tutorial.py
[2024-03-09T07:26:18.315+0000] {processor.py:840} INFO - DAG(s) 'tutorial' retrieved from /home/airflow/.local/lib/python3.8/site-packages/airflow/example_dags/tutorial.py
[2024-03-09T07:26:18.389+0000] {logging_mixin.py:188} INFO - [2024-03-09T07:26:18.389+0000] {dag.py:3047} INFO - Sync 1 DAGs
[2024-03-09T07:26:18.469+0000] {logging_mixin.py:188} INFO - [2024-03-09T07:26:18.468+0000] {dag.py:3834} INFO - Setting next_dagrun for tutorial to 2024-03-08 00:00:00+00:00, run_after=2024-03-09 00:00:00+00:00
[2024-03-09T07:26:18.533+0000] {processor.py:183} INFO - Processing /home/airflow/.local/lib/python3.8/site-packages/airflow/example_dags/tutorial.py took 0.268 seconds
[2024-03-09T07:26:49.638+0000] {processor.py:161} INFO - Started process (PID=2203) to work on /home/airflow/.local/lib/python3.8/site-packages/airflow/example_dags/tutorial.py
[2024-03-09T07:26:49.644+0000] {processor.py:830} INFO - Processing file /home/airflow/.local/lib/python3.8/site-packages/airflow/example_dags/tutorial.py for tasks to queue
[2024-03-09T07:26:49.679+0000] {logging_mixin.py:188} INFO - [2024-03-09T07:26:49.677+0000] {dagbag.py:540} INFO - Filling up the DagBag from /home/airflow/.local/lib/python3.8/site-packages/airflow/example_dags/tutorial.py
[2024-03-09T07:26:49.766+0000] {processor.py:840} INFO - DAG(s) 'tutorial' retrieved from /home/airflow/.local/lib/python3.8/site-packages/airflow/example_dags/tutorial.py
[2024-03-09T07:26:53.676+0000] {logging_mixin.py:188} INFO - [2024-03-09T07:26:53.675+0000] {process_utils.py:262} INFO - Waiting up to 5 seconds for processes to exit...
