[2024-03-09T14:14:56.986+0000] {taskinstance.py:1979} INFO - Dependencies all met for dep_context=non-requeueable deps ti=<TaskInstance: dag_with_postgres_operator.create_postgres_table manual__2024-03-09T14:14:53.940426+00:00 [queued]>
[2024-03-09T14:14:57.014+0000] {taskinstance.py:1979} INFO - Dependencies all met for dep_context=requeueable deps ti=<TaskInstance: dag_with_postgres_operator.create_postgres_table manual__2024-03-09T14:14:53.940426+00:00 [queued]>
[2024-03-09T14:14:57.016+0000] {taskinstance.py:2193} INFO - Starting attempt 1 of 6
[2024-03-09T14:14:57.048+0000] {taskinstance.py:2214} INFO - Executing <Task(PostgresOperator): create_postgres_table> on 2024-03-09 14:14:53.940426+00:00
[2024-03-09T14:14:57.059+0000] {standard_task_runner.py:60} INFO - Started process 2215 to run task
[2024-03-09T14:14:57.070+0000] {standard_task_runner.py:87} INFO - Running: ['***', 'tasks', 'run', 'dag_with_postgres_operator', 'create_postgres_table', 'manual__2024-03-09T14:14:53.940426+00:00', '--job-id', '212', '--raw', '--subdir', 'DAGS_FOLDER/etl_pipeline.py', '--cfg-path', '/tmp/tmpg54h0v_4']
[2024-03-09T14:14:57.073+0000] {standard_task_runner.py:88} INFO - Job 212: Subtask create_postgres_table
[2024-03-09T14:14:57.227+0000] {task_command.py:423} INFO - Running <TaskInstance: dag_with_postgres_operator.create_postgres_table manual__2024-03-09T14:14:53.940426+00:00 [running]> on host 3b9d9f11e4f2
[2024-03-09T14:14:57.506+0000] {taskinstance.py:2510} INFO - Exporting env vars: AIRFLOW_CTX_DAG_OWNER='coder2j' AIRFLOW_CTX_DAG_ID='dag_with_postgres_operator' AIRFLOW_CTX_TASK_ID='create_postgres_table' AIRFLOW_CTX_EXECUTION_DATE='2024-03-09T14:14:53.940426+00:00' AIRFLOW_CTX_TRY_NUMBER='1' AIRFLOW_CTX_DAG_RUN_ID='manual__2024-03-09T14:14:53.940426+00:00'
[2024-03-09T14:14:57.509+0000] {sql.py:276} INFO - Executing: create table if not exists dag_runs(
                    dt date,
                    dag_id character varying,
                    primary key (dt, dag_id)

        )
        
[2024-03-09T14:14:57.545+0000] {base.py:83} INFO - Using connection ID 'postgres_localhost' for task execution.
[2024-03-09T14:14:57.578+0000] {base.py:83} INFO - Using connection ID 'postgres_localhost' for task execution.
[2024-03-09T14:14:57.627+0000] {sql.py:457} INFO - Running statement: create table if not exists dag_runs(
                    dt date,
                    dag_id character varying,
                    primary key (dt, dag_id)

        )
        , parameters: None
[2024-03-09T14:14:57.653+0000] {warnings.py:109} WARNING - /home/***/.local/lib/python3.8/site-packages/***/providers/common/sql/hooks/sql.py:407: AirflowProviderDeprecationWarning: Call to deprecated method _make_common_data_structure. (The `_make_serializable` method is deprecated and support will be removed in a future version of the common.sql provider. Please update the DbApiHook's provider to a version based on common.sql >= 1.9.1.)
  result = self._make_common_data_structure(handler(cur))

[2024-03-09T14:14:57.701+0000] {taskinstance.py:1149} INFO - Marking task as SUCCESS. dag_id=dag_with_postgres_operator, task_id=create_postgres_table, execution_date=20240309T141453, start_date=20240309T141456, end_date=20240309T141457
[2024-03-09T14:14:57.811+0000] {local_task_job_runner.py:234} INFO - Task exited with return code 0
[2024-03-09T14:14:58.013+0000] {taskinstance.py:3309} INFO - 0 downstream tasks scheduled from follow-on schedule check
