[2024-03-15T13:50:24.325+0000] {taskinstance.py:1979} INFO - Dependencies all met for dep_context=non-requeueable deps ti=<TaskInstance: ETL_Flow.dim_mrr2stg manual__2024-03-15T13:40:09.933505+00:00 [queued]>
[2024-03-15T13:50:24.336+0000] {taskinstance.py:1979} INFO - Dependencies all met for dep_context=requeueable deps ti=<TaskInstance: ETL_Flow.dim_mrr2stg manual__2024-03-15T13:40:09.933505+00:00 [queued]>
[2024-03-15T13:50:24.337+0000] {taskinstance.py:2193} INFO - Starting attempt 3 of 6
[2024-03-15T13:50:24.353+0000] {taskinstance.py:2214} INFO - Executing <Task(PostgresOperator): dim_mrr2stg> on 2024-03-15 13:40:09.933505+00:00
[2024-03-15T13:50:24.359+0000] {standard_task_runner.py:60} INFO - Started process 411 to run task
[2024-03-15T13:50:24.364+0000] {standard_task_runner.py:87} INFO - Running: ['***', 'tasks', 'run', 'ETL_Flow', 'dim_mrr2stg', 'manual__2024-03-15T13:40:09.933505+00:00', '--job-id', '1272', '--raw', '--subdir', 'DAGS_FOLDER/etl2.py', '--cfg-path', '/tmp/tmpyxivgiea']
[2024-03-15T13:50:24.367+0000] {standard_task_runner.py:88} INFO - Job 1272: Subtask dim_mrr2stg
[2024-03-15T13:50:24.422+0000] {task_command.py:423} INFO - Running <TaskInstance: ETL_Flow.dim_mrr2stg manual__2024-03-15T13:40:09.933505+00:00 [running]> on host 3262c7a95ffd
[2024-03-15T13:50:24.697+0000] {taskinstance.py:2510} INFO - Exporting env vars: AIRFLOW_CTX_DAG_OWNER='coder2j' AIRFLOW_CTX_DAG_ID='ETL_Flow' AIRFLOW_CTX_TASK_ID='dim_mrr2stg' AIRFLOW_CTX_EXECUTION_DATE='2024-03-15T13:40:09.933505+00:00' AIRFLOW_CTX_TRY_NUMBER='3' AIRFLOW_CTX_DAG_RUN_ID='manual__2024-03-15T13:40:09.933505+00:00'
[2024-03-15T13:50:24.699+0000] {sql.py:276} INFO - Executing: insert into STG_Dim_Products(Product_ID,Product_Name,Supplier,Category,Unit_Price,Unit_Cost)
select 
case when Product_ID ~ '^[0-9]+$' then cast(Product_ID as int) else 0 end,
Product_Name,
case when Supplier ~ '^[0-9]+$' then cast(Supplier as int) else 0 end,
case when Category ~ '^[0-9]+$' then cast(Category as int) else 0 end,
case when Unit_Price is null then 0 else cast(Unit_Price as money) end,
case when Unit_Cost is null then 0 else cast(Unit_Cost as money) end
from MRR_Dim_Products;

insert into STG_Dim_Customers(Customer_ID,Company_Name,Contact_Name,Street,City,Postal_Code,Country,Phone,Fax)
select
case when Customer_ID ~ '^[0-9]+$' then cast(Customer_ID as int) else 0 end,
Company_Name,
Contact_Name,
Street,
City,
Postal_Code,
Country,
Phone,
Fax
from MRR_Dim_Customers;

insert into STG_Dim_Employees(Employee_ID,Last_Name,First_Name,Title,Hire_Date,Office,Reports_To,Month_Salary)
select 
case when Employee_ID ~ '^[0-9]+$' then cast(Employee_ID as int) else 0 end,
Last_Name,
First_Name,
Title,
Hire_Date,
case when Office ~ '^[0-9]+$' then cast(Office as int) else 0 end,
case when Reports_To ~ '^[0-9]+$' then cast(Reports_To as int) else 0 end,
case when Month_Salary is null then 0 else cast(Month_Salary as money) end
from MRR_Dim_Employees;

insert into STG_Dim_Dates(Date,Year,Quarter,Month,Day)
select
d::date,
extract(year from d),
extract(quarter from d),
extract(month from d),
extract(day from d)
from generate_series('2021-01-01'::date, CURRENT_DATE::date, '1 day');

insert into STG_Dim_Time(DateTime,Date,Hour)
select
datetime,
date(DateTime),
extract(hour from DateTime) 
from generate_series('2021-01-01'::date, CURRENT_DATE::date, '1 day');
[2024-03-15T13:50:24.711+0000] {base.py:83} INFO - Using connection ID 'postgres_localhost' for task execution.
[2024-03-15T13:50:24.721+0000] {base.py:83} INFO - Using connection ID 'postgres_localhost' for task execution.
[2024-03-15T13:50:24.738+0000] {sql.py:457} INFO - Running statement: insert into STG_Dim_Products(Product_ID,Product_Name,Supplier,Category,Unit_Price,Unit_Cost)
select 
case when Product_ID ~ '^[0-9]+$' then cast(Product_ID as int) else 0 end,
Product_Name,
case when Supplier ~ '^[0-9]+$' then cast(Supplier as int) else 0 end,
case when Category ~ '^[0-9]+$' then cast(Category as int) else 0 end,
case when Unit_Price is null then 0 else cast(Unit_Price as money) end,
case when Unit_Cost is null then 0 else cast(Unit_Cost as money) end
from MRR_Dim_Products;

insert into STG_Dim_Customers(Customer_ID,Company_Name,Contact_Name,Street,City,Postal_Code,Country,Phone,Fax)
select
case when Customer_ID ~ '^[0-9]+$' then cast(Customer_ID as int) else 0 end,
Company_Name,
Contact_Name,
Street,
City,
Postal_Code,
Country,
Phone,
Fax
from MRR_Dim_Customers;

insert into STG_Dim_Employees(Employee_ID,Last_Name,First_Name,Title,Hire_Date,Office,Reports_To,Month_Salary)
select 
case when Employee_ID ~ '^[0-9]+$' then cast(Employee_ID as int) else 0 end,
Last_Name,
First_Name,
Title,
Hire_Date,
case when Office ~ '^[0-9]+$' then cast(Office as int) else 0 end,
case when Reports_To ~ '^[0-9]+$' then cast(Reports_To as int) else 0 end,
case when Month_Salary is null then 0 else cast(Month_Salary as money) end
from MRR_Dim_Employees;

insert into STG_Dim_Dates(Date,Year,Quarter,Month,Day)
select
d::date,
extract(year from d),
extract(quarter from d),
extract(month from d),
extract(day from d)
from generate_series('2021-01-01'::date, CURRENT_DATE::date, '1 day');

insert into STG_Dim_Time(DateTime,Date,Hour)
select
datetime,
date(DateTime),
extract(hour from DateTime) 
from generate_series('2021-01-01'::date, CURRENT_DATE::date, '1 day');, parameters: None
[2024-03-15T13:50:24.744+0000] {taskinstance.py:2728} ERROR - Task failed with exception
Traceback (most recent call last):
  File "/home/airflow/.local/lib/python3.8/site-packages/airflow/models/taskinstance.py", line 444, in _execute_task
    result = _execute_callable(context=context, **execute_callable_kwargs)
  File "/home/airflow/.local/lib/python3.8/site-packages/airflow/models/taskinstance.py", line 414, in _execute_callable
    return execute_callable(context=context, **execute_callable_kwargs)
  File "/home/airflow/.local/lib/python3.8/site-packages/airflow/providers/common/sql/operators/sql.py", line 282, in execute
    output = hook.run(
  File "/home/airflow/.local/lib/python3.8/site-packages/airflow/providers/common/sql/hooks/sql.py", line 404, in run
    self._run_command(cur, sql_statement, parameters)
  File "/home/airflow/.local/lib/python3.8/site-packages/airflow/providers/common/sql/hooks/sql.py", line 462, in _run_command
    cur.execute(sql_statement)
psycopg2.errors.CannotCoerce: CASE/WHEN could not convert type integer to money
LINE 7: case when Unit_Price is null then 0 else cast(Unit_Price as ...
                                          ^

[2024-03-15T13:50:24.761+0000] {taskinstance.py:1149} INFO - Marking task as UP_FOR_RETRY. dag_id=ETL_Flow, task_id=dim_mrr2stg, execution_date=20240315T134009, start_date=20240315T135024, end_date=20240315T135024
[2024-03-15T13:50:24.780+0000] {standard_task_runner.py:107} ERROR - Failed to execute job 1272 for task dim_mrr2stg (CASE/WHEN could not convert type integer to money
LINE 7: case when Unit_Price is null then 0 else cast(Unit_Price as ...
                                          ^
; 411)
[2024-03-15T13:50:24.818+0000] {local_task_job_runner.py:234} INFO - Task exited with return code 1
[2024-03-15T13:50:24.848+0000] {taskinstance.py:3309} INFO - 0 downstream tasks scheduled from follow-on schedule check
