[2024-03-19T19:02:19.538+0000] {taskinstance.py:1979} INFO - Dependencies all met for dep_context=non-requeueable deps ti=<TaskInstance: ETL_Flow.referential_integrity manual__2024-03-19T19:01:49.804496+00:00 [queued]>
[2024-03-19T19:02:19.589+0000] {taskinstance.py:1979} INFO - Dependencies all met for dep_context=requeueable deps ti=<TaskInstance: ETL_Flow.referential_integrity manual__2024-03-19T19:01:49.804496+00:00 [queued]>
[2024-03-19T19:02:19.602+0000] {taskinstance.py:2193} INFO - Starting attempt 1 of 6
[2024-03-19T19:02:19.658+0000] {taskinstance.py:2214} INFO - Executing <Task(PostgresOperator): referential_integrity> on 2024-03-19 19:01:49.804496+00:00
[2024-03-19T19:02:19.675+0000] {standard_task_runner.py:60} INFO - Started process 898 to run task
[2024-03-19T19:02:19.687+0000] {standard_task_runner.py:87} INFO - Running: ['***', 'tasks', 'run', 'ETL_Flow', 'referential_integrity', 'manual__2024-03-19T19:01:49.804496+00:00', '--job-id', '1968', '--raw', '--subdir', 'DAGS_FOLDER/etl2.py', '--cfg-path', '/tmp/tmp5nbexvf8']
[2024-03-19T19:02:19.695+0000] {standard_task_runner.py:88} INFO - Job 1968: Subtask referential_integrity
[2024-03-19T19:02:19.838+0000] {task_command.py:423} INFO - Running <TaskInstance: ETL_Flow.referential_integrity manual__2024-03-19T19:01:49.804496+00:00 [running]> on host 315dde19fa59
[2024-03-19T19:02:20.856+0000] {taskinstance.py:2510} INFO - Exporting env vars: AIRFLOW_CTX_DAG_OWNER='coder2j' AIRFLOW_CTX_DAG_ID='ETL_Flow' AIRFLOW_CTX_TASK_ID='referential_integrity' AIRFLOW_CTX_EXECUTION_DATE='2024-03-19T19:01:49.804496+00:00' AIRFLOW_CTX_TRY_NUMBER='1' AIRFLOW_CTX_DAG_RUN_ID='manual__2024-03-19T19:01:49.804496+00:00'
[2024-03-19T19:02:20.861+0000] {sql.py:276} INFO - Executing: update STG_Fact_Orders
set Customer_ID=0
where Customer_ID not in (
                            select distinct Customer_ID 
                            from DWH_Dim_Customers
                        );

update STG_Fact_Orders
set Employee_ID=0
where Employee_ID not in (
                            select distinct Employee_ID 
                            from DWH_Dim_Employees
                        );

update STG_Fact_Details
set Product_ID=0
where Product_ID not in (
                            select distinct Product_ID 
                            from DWH_Dim_Products
                        );

[2024-03-19T19:02:20.894+0000] {base.py:83} INFO - Using connection ID 'postgres_localhost' for task execution.
[2024-03-19T19:02:20.927+0000] {base.py:83} INFO - Using connection ID 'postgres_localhost' for task execution.
[2024-03-19T19:02:20.959+0000] {sql.py:457} INFO - Running statement: update STG_Fact_Orders
set Customer_ID=0
where Customer_ID not in (
                            select distinct Customer_ID 
                            from DWH_Dim_Customers
                        );

update STG_Fact_Orders
set Employee_ID=0
where Employee_ID not in (
                            select distinct Employee_ID 
                            from DWH_Dim_Employees
                        );

update STG_Fact_Details
set Product_ID=0
where Product_ID not in (
                            select distinct Product_ID 
                            from DWH_Dim_Products
                        );
, parameters: None
[2024-03-19T19:02:20.975+0000] {sql.py:466} INFO - Rows affected: 0
[2024-03-19T19:02:20.978+0000] {warnings.py:109} WARNING - /home/***/.local/lib/python3.8/site-packages/***/providers/common/sql/hooks/sql.py:407: AirflowProviderDeprecationWarning: Call to deprecated method _make_common_data_structure. (The `_make_serializable` method is deprecated and support will be removed in a future version of the common.sql provider. Please update the DbApiHook's provider to a version based on common.sql >= 1.9.1.)
  result = self._make_common_data_structure(handler(cur))

[2024-03-19T19:02:21.017+0000] {taskinstance.py:1149} INFO - Marking task as SUCCESS. dag_id=ETL_Flow, task_id=referential_integrity, execution_date=20240319T190149, start_date=20240319T190219, end_date=20240319T190221
[2024-03-19T19:02:21.111+0000] {local_task_job_runner.py:234} INFO - Task exited with return code 0
[2024-03-19T19:02:21.155+0000] {warnings.py:109} WARNING - /home/***/.local/lib/python3.8/site-packages/***/models/baseoperator.py:1201: AirflowProviderDeprecationWarning: Call to deprecated class PostgresOperator. (Please use `***.providers.common.sql.operators.sql.SQLExecuteQueryOperator`.Also, you can provide `hook_params={'schema': <database>}`.)
  result = cls.__new__(cls)

[2024-03-19T19:02:21.298+0000] {taskinstance.py:3309} INFO - 1 downstream tasks scheduled from follow-on schedule check
