[2024-03-26T18:58:07.426+0000] {processor.py:161} INFO - Started process (PID=43) to work on /opt/airflow/dags/operationalData/orders.xlsx
[2024-03-26T18:58:07.430+0000] {processor.py:830} INFO - Processing file /opt/airflow/dags/operationalData/orders.xlsx for tasks to queue
[2024-03-26T18:58:07.437+0000] {logging_mixin.py:188} INFO - [2024-03-26T18:58:07.435+0000] {dagbag.py:540} INFO - Filling up the DagBag from /opt/airflow/dags/operationalData/orders.xlsx
[2024-03-26T18:58:07.462+0000] {processor.py:842} WARNING - No viable dags retrieved from /opt/airflow/dags/operationalData/orders.xlsx
[2024-03-26T18:58:07.533+0000] {processor.py:183} INFO - Processing /opt/airflow/dags/operationalData/orders.xlsx took 0.160 seconds
[2024-03-26T18:58:37.964+0000] {processor.py:161} INFO - Started process (PID=59) to work on /opt/airflow/dags/operationalData/orders.xlsx
[2024-03-26T18:58:37.969+0000] {processor.py:830} INFO - Processing file /opt/airflow/dags/operationalData/orders.xlsx for tasks to queue
[2024-03-26T18:58:37.982+0000] {logging_mixin.py:188} INFO - [2024-03-26T18:58:37.981+0000] {dagbag.py:540} INFO - Filling up the DagBag from /opt/airflow/dags/operationalData/orders.xlsx
[2024-03-26T18:58:38.022+0000] {processor.py:842} WARNING - No viable dags retrieved from /opt/airflow/dags/operationalData/orders.xlsx
[2024-03-26T18:58:38.108+0000] {processor.py:183} INFO - Processing /opt/airflow/dags/operationalData/orders.xlsx took 0.160 seconds
[2024-03-26T18:59:08.759+0000] {processor.py:161} INFO - Started process (PID=94) to work on /opt/airflow/dags/operationalData/orders.xlsx
[2024-03-26T18:59:08.762+0000] {processor.py:830} INFO - Processing file /opt/airflow/dags/operationalData/orders.xlsx for tasks to queue
[2024-03-26T18:59:08.769+0000] {logging_mixin.py:188} INFO - [2024-03-26T18:59:08.768+0000] {dagbag.py:540} INFO - Filling up the DagBag from /opt/airflow/dags/operationalData/orders.xlsx
[2024-03-26T18:59:08.799+0000] {processor.py:842} WARNING - No viable dags retrieved from /opt/airflow/dags/operationalData/orders.xlsx
[2024-03-26T18:59:08.858+0000] {processor.py:183} INFO - Processing /opt/airflow/dags/operationalData/orders.xlsx took 0.107 seconds
[2024-03-26T18:59:39.758+0000] {processor.py:161} INFO - Started process (PID=107) to work on /opt/airflow/dags/operationalData/orders.xlsx
[2024-03-26T18:59:39.760+0000] {processor.py:830} INFO - Processing file /opt/airflow/dags/operationalData/orders.xlsx for tasks to queue
[2024-03-26T18:59:39.765+0000] {logging_mixin.py:188} INFO - [2024-03-26T18:59:39.764+0000] {dagbag.py:540} INFO - Filling up the DagBag from /opt/airflow/dags/operationalData/orders.xlsx
[2024-03-26T18:59:39.805+0000] {processor.py:842} WARNING - No viable dags retrieved from /opt/airflow/dags/operationalData/orders.xlsx
[2024-03-26T18:59:39.835+0000] {processor.py:183} INFO - Processing /opt/airflow/dags/operationalData/orders.xlsx took 0.085 seconds
[2024-03-26T19:00:10.548+0000] {processor.py:161} INFO - Started process (PID=120) to work on /opt/airflow/dags/operationalData/orders.xlsx
[2024-03-26T19:00:10.551+0000] {processor.py:830} INFO - Processing file /opt/airflow/dags/operationalData/orders.xlsx for tasks to queue
[2024-03-26T19:00:10.556+0000] {logging_mixin.py:188} INFO - [2024-03-26T19:00:10.555+0000] {dagbag.py:540} INFO - Filling up the DagBag from /opt/airflow/dags/operationalData/orders.xlsx
[2024-03-26T19:00:10.601+0000] {processor.py:842} WARNING - No viable dags retrieved from /opt/airflow/dags/operationalData/orders.xlsx
[2024-03-26T19:00:10.644+0000] {processor.py:183} INFO - Processing /opt/airflow/dags/operationalData/orders.xlsx took 0.108 seconds
[2024-03-26T19:00:41.300+0000] {processor.py:161} INFO - Started process (PID=133) to work on /opt/airflow/dags/operationalData/orders.xlsx
[2024-03-26T19:00:41.302+0000] {processor.py:830} INFO - Processing file /opt/airflow/dags/operationalData/orders.xlsx for tasks to queue
[2024-03-26T19:00:41.306+0000] {logging_mixin.py:188} INFO - [2024-03-26T19:00:41.305+0000] {dagbag.py:540} INFO - Filling up the DagBag from /opt/airflow/dags/operationalData/orders.xlsx
[2024-03-26T19:00:41.340+0000] {processor.py:842} WARNING - No viable dags retrieved from /opt/airflow/dags/operationalData/orders.xlsx
[2024-03-26T19:00:41.369+0000] {processor.py:183} INFO - Processing /opt/airflow/dags/operationalData/orders.xlsx took 0.077 seconds
[2024-03-26T19:01:12.154+0000] {processor.py:161} INFO - Started process (PID=146) to work on /opt/airflow/dags/operationalData/orders.xlsx
[2024-03-26T19:01:12.157+0000] {processor.py:830} INFO - Processing file /opt/airflow/dags/operationalData/orders.xlsx for tasks to queue
[2024-03-26T19:01:12.162+0000] {logging_mixin.py:188} INFO - [2024-03-26T19:01:12.161+0000] {dagbag.py:540} INFO - Filling up the DagBag from /opt/airflow/dags/operationalData/orders.xlsx
[2024-03-26T19:01:12.190+0000] {processor.py:842} WARNING - No viable dags retrieved from /opt/airflow/dags/operationalData/orders.xlsx
[2024-03-26T19:01:12.226+0000] {processor.py:183} INFO - Processing /opt/airflow/dags/operationalData/orders.xlsx took 0.083 seconds
[2024-03-26T19:01:42.921+0000] {processor.py:161} INFO - Started process (PID=159) to work on /opt/airflow/dags/operationalData/orders.xlsx
[2024-03-26T19:01:42.923+0000] {processor.py:830} INFO - Processing file /opt/airflow/dags/operationalData/orders.xlsx for tasks to queue
[2024-03-26T19:01:42.927+0000] {logging_mixin.py:188} INFO - [2024-03-26T19:01:42.927+0000] {dagbag.py:540} INFO - Filling up the DagBag from /opt/airflow/dags/operationalData/orders.xlsx
[2024-03-26T19:01:42.959+0000] {processor.py:842} WARNING - No viable dags retrieved from /opt/airflow/dags/operationalData/orders.xlsx
[2024-03-26T19:01:42.990+0000] {processor.py:183} INFO - Processing /opt/airflow/dags/operationalData/orders.xlsx took 0.081 seconds
[2024-03-26T19:02:13.412+0000] {processor.py:161} INFO - Started process (PID=172) to work on /opt/airflow/dags/operationalData/orders.xlsx
[2024-03-26T19:02:13.414+0000] {processor.py:830} INFO - Processing file /opt/airflow/dags/operationalData/orders.xlsx for tasks to queue
[2024-03-26T19:02:13.418+0000] {logging_mixin.py:188} INFO - [2024-03-26T19:02:13.418+0000] {dagbag.py:540} INFO - Filling up the DagBag from /opt/airflow/dags/operationalData/orders.xlsx
[2024-03-26T19:02:13.457+0000] {processor.py:842} WARNING - No viable dags retrieved from /opt/airflow/dags/operationalData/orders.xlsx
[2024-03-26T19:02:13.488+0000] {processor.py:183} INFO - Processing /opt/airflow/dags/operationalData/orders.xlsx took 0.082 seconds
[2024-03-26T19:02:44.208+0000] {processor.py:161} INFO - Started process (PID=185) to work on /opt/airflow/dags/operationalData/orders.xlsx
[2024-03-26T19:02:44.212+0000] {processor.py:830} INFO - Processing file /opt/airflow/dags/operationalData/orders.xlsx for tasks to queue
[2024-03-26T19:02:44.218+0000] {logging_mixin.py:188} INFO - [2024-03-26T19:02:44.217+0000] {dagbag.py:540} INFO - Filling up the DagBag from /opt/airflow/dags/operationalData/orders.xlsx
[2024-03-26T19:02:44.259+0000] {processor.py:842} WARNING - No viable dags retrieved from /opt/airflow/dags/operationalData/orders.xlsx
[2024-03-26T19:02:44.288+0000] {processor.py:183} INFO - Processing /opt/airflow/dags/operationalData/orders.xlsx took 0.087 seconds
[2024-03-26T19:03:15.273+0000] {processor.py:161} INFO - Started process (PID=198) to work on /opt/airflow/dags/operationalData/orders.xlsx
[2024-03-26T19:03:15.276+0000] {processor.py:830} INFO - Processing file /opt/airflow/dags/operationalData/orders.xlsx for tasks to queue
[2024-03-26T19:03:15.282+0000] {logging_mixin.py:188} INFO - [2024-03-26T19:03:15.281+0000] {dagbag.py:540} INFO - Filling up the DagBag from /opt/airflow/dags/operationalData/orders.xlsx
[2024-03-26T19:03:15.312+0000] {processor.py:842} WARNING - No viable dags retrieved from /opt/airflow/dags/operationalData/orders.xlsx
[2024-03-26T19:03:15.341+0000] {processor.py:183} INFO - Processing /opt/airflow/dags/operationalData/orders.xlsx took 0.075 seconds
[2024-03-26T19:03:45.880+0000] {processor.py:161} INFO - Started process (PID=211) to work on /opt/airflow/dags/operationalData/orders.xlsx
[2024-03-26T19:03:45.884+0000] {processor.py:830} INFO - Processing file /opt/airflow/dags/operationalData/orders.xlsx for tasks to queue
[2024-03-26T19:03:45.892+0000] {logging_mixin.py:188} INFO - [2024-03-26T19:03:45.890+0000] {dagbag.py:540} INFO - Filling up the DagBag from /opt/airflow/dags/operationalData/orders.xlsx
[2024-03-26T19:03:45.938+0000] {processor.py:842} WARNING - No viable dags retrieved from /opt/airflow/dags/operationalData/orders.xlsx
[2024-03-26T19:03:45.980+0000] {processor.py:183} INFO - Processing /opt/airflow/dags/operationalData/orders.xlsx took 0.109 seconds
[2024-03-26T19:04:16.603+0000] {processor.py:161} INFO - Started process (PID=230) to work on /opt/airflow/dags/operationalData/orders.xlsx
[2024-03-26T19:04:16.607+0000] {processor.py:830} INFO - Processing file /opt/airflow/dags/operationalData/orders.xlsx for tasks to queue
[2024-03-26T19:04:16.617+0000] {logging_mixin.py:188} INFO - [2024-03-26T19:04:16.614+0000] {dagbag.py:540} INFO - Filling up the DagBag from /opt/airflow/dags/operationalData/orders.xlsx
[2024-03-26T19:04:16.647+0000] {processor.py:842} WARNING - No viable dags retrieved from /opt/airflow/dags/operationalData/orders.xlsx
[2024-03-26T19:04:16.695+0000] {processor.py:183} INFO - Processing /opt/airflow/dags/operationalData/orders.xlsx took 0.105 seconds
[2024-03-26T19:04:47.427+0000] {processor.py:161} INFO - Started process (PID=243) to work on /opt/airflow/dags/operationalData/orders.xlsx
[2024-03-26T19:04:47.429+0000] {processor.py:830} INFO - Processing file /opt/airflow/dags/operationalData/orders.xlsx for tasks to queue
[2024-03-26T19:04:47.434+0000] {logging_mixin.py:188} INFO - [2024-03-26T19:04:47.433+0000] {dagbag.py:540} INFO - Filling up the DagBag from /opt/airflow/dags/operationalData/orders.xlsx
[2024-03-26T19:04:47.469+0000] {processor.py:842} WARNING - No viable dags retrieved from /opt/airflow/dags/operationalData/orders.xlsx
[2024-03-26T19:04:47.498+0000] {processor.py:183} INFO - Processing /opt/airflow/dags/operationalData/orders.xlsx took 0.079 seconds
[2024-03-26T19:05:18.206+0000] {processor.py:161} INFO - Started process (PID=256) to work on /opt/airflow/dags/operationalData/orders.xlsx
[2024-03-26T19:05:18.210+0000] {processor.py:830} INFO - Processing file /opt/airflow/dags/operationalData/orders.xlsx for tasks to queue
[2024-03-26T19:05:18.215+0000] {logging_mixin.py:188} INFO - [2024-03-26T19:05:18.214+0000] {dagbag.py:540} INFO - Filling up the DagBag from /opt/airflow/dags/operationalData/orders.xlsx
[2024-03-26T19:05:18.246+0000] {processor.py:842} WARNING - No viable dags retrieved from /opt/airflow/dags/operationalData/orders.xlsx
[2024-03-26T19:05:18.278+0000] {processor.py:183} INFO - Processing /opt/airflow/dags/operationalData/orders.xlsx took 0.080 seconds
[2024-03-26T19:05:49.020+0000] {processor.py:161} INFO - Started process (PID=269) to work on /opt/airflow/dags/operationalData/orders.xlsx
[2024-03-26T19:05:49.023+0000] {processor.py:830} INFO - Processing file /opt/airflow/dags/operationalData/orders.xlsx for tasks to queue
[2024-03-26T19:05:49.032+0000] {logging_mixin.py:188} INFO - [2024-03-26T19:05:49.029+0000] {dagbag.py:540} INFO - Filling up the DagBag from /opt/airflow/dags/operationalData/orders.xlsx
[2024-03-26T19:05:49.074+0000] {processor.py:842} WARNING - No viable dags retrieved from /opt/airflow/dags/operationalData/orders.xlsx
[2024-03-26T19:05:49.112+0000] {processor.py:183} INFO - Processing /opt/airflow/dags/operationalData/orders.xlsx took 0.113 seconds
[2024-03-26T19:06:19.660+0000] {processor.py:161} INFO - Started process (PID=282) to work on /opt/airflow/dags/operationalData/orders.xlsx
[2024-03-26T19:06:19.662+0000] {processor.py:830} INFO - Processing file /opt/airflow/dags/operationalData/orders.xlsx for tasks to queue
[2024-03-26T19:06:19.666+0000] {logging_mixin.py:188} INFO - [2024-03-26T19:06:19.665+0000] {dagbag.py:540} INFO - Filling up the DagBag from /opt/airflow/dags/operationalData/orders.xlsx
[2024-03-26T19:06:19.699+0000] {processor.py:842} WARNING - No viable dags retrieved from /opt/airflow/dags/operationalData/orders.xlsx
[2024-03-26T19:06:19.727+0000] {processor.py:183} INFO - Processing /opt/airflow/dags/operationalData/orders.xlsx took 0.075 seconds
[2024-03-26T19:06:50.491+0000] {processor.py:161} INFO - Started process (PID=295) to work on /opt/airflow/dags/operationalData/orders.xlsx
[2024-03-26T19:06:50.493+0000] {processor.py:830} INFO - Processing file /opt/airflow/dags/operationalData/orders.xlsx for tasks to queue
[2024-03-26T19:06:50.498+0000] {logging_mixin.py:188} INFO - [2024-03-26T19:06:50.498+0000] {dagbag.py:540} INFO - Filling up the DagBag from /opt/airflow/dags/operationalData/orders.xlsx
[2024-03-26T19:06:50.532+0000] {processor.py:842} WARNING - No viable dags retrieved from /opt/airflow/dags/operationalData/orders.xlsx
[2024-03-26T19:06:50.561+0000] {processor.py:183} INFO - Processing /opt/airflow/dags/operationalData/orders.xlsx took 0.077 seconds
[2024-03-26T19:07:21.099+0000] {processor.py:161} INFO - Started process (PID=308) to work on /opt/airflow/dags/operationalData/orders.xlsx
[2024-03-26T19:07:21.102+0000] {processor.py:830} INFO - Processing file /opt/airflow/dags/operationalData/orders.xlsx for tasks to queue
[2024-03-26T19:07:21.107+0000] {logging_mixin.py:188} INFO - [2024-03-26T19:07:21.106+0000] {dagbag.py:540} INFO - Filling up the DagBag from /opt/airflow/dags/operationalData/orders.xlsx
[2024-03-26T19:07:21.150+0000] {processor.py:842} WARNING - No viable dags retrieved from /opt/airflow/dags/operationalData/orders.xlsx
[2024-03-26T19:07:21.194+0000] {processor.py:183} INFO - Processing /opt/airflow/dags/operationalData/orders.xlsx took 0.106 seconds
[2024-03-26T19:07:51.853+0000] {processor.py:161} INFO - Started process (PID=321) to work on /opt/airflow/dags/operationalData/orders.xlsx
[2024-03-26T19:07:51.859+0000] {processor.py:830} INFO - Processing file /opt/airflow/dags/operationalData/orders.xlsx for tasks to queue
[2024-03-26T19:07:51.869+0000] {logging_mixin.py:188} INFO - [2024-03-26T19:07:51.867+0000] {dagbag.py:540} INFO - Filling up the DagBag from /opt/airflow/dags/operationalData/orders.xlsx
[2024-03-26T19:07:51.940+0000] {processor.py:842} WARNING - No viable dags retrieved from /opt/airflow/dags/operationalData/orders.xlsx
[2024-03-26T19:07:52.001+0000] {processor.py:183} INFO - Processing /opt/airflow/dags/operationalData/orders.xlsx took 0.162 seconds
[2024-03-26T19:08:22.284+0000] {processor.py:161} INFO - Started process (PID=334) to work on /opt/airflow/dags/operationalData/orders.xlsx
[2024-03-26T19:08:22.286+0000] {processor.py:830} INFO - Processing file /opt/airflow/dags/operationalData/orders.xlsx for tasks to queue
[2024-03-26T19:08:22.291+0000] {logging_mixin.py:188} INFO - [2024-03-26T19:08:22.290+0000] {dagbag.py:540} INFO - Filling up the DagBag from /opt/airflow/dags/operationalData/orders.xlsx
[2024-03-26T19:08:22.328+0000] {processor.py:842} WARNING - No viable dags retrieved from /opt/airflow/dags/operationalData/orders.xlsx
[2024-03-26T19:08:22.362+0000] {processor.py:183} INFO - Processing /opt/airflow/dags/operationalData/orders.xlsx took 0.086 seconds
[2024-03-26T19:08:53.108+0000] {processor.py:161} INFO - Started process (PID=346) to work on /opt/airflow/dags/operationalData/orders.xlsx
[2024-03-26T19:08:53.111+0000] {processor.py:830} INFO - Processing file /opt/airflow/dags/operationalData/orders.xlsx for tasks to queue
[2024-03-26T19:08:53.116+0000] {logging_mixin.py:188} INFO - [2024-03-26T19:08:53.115+0000] {dagbag.py:540} INFO - Filling up the DagBag from /opt/airflow/dags/operationalData/orders.xlsx
[2024-03-26T19:08:53.145+0000] {processor.py:842} WARNING - No viable dags retrieved from /opt/airflow/dags/operationalData/orders.xlsx
[2024-03-26T19:08:53.181+0000] {processor.py:183} INFO - Processing /opt/airflow/dags/operationalData/orders.xlsx took 0.083 seconds
[2024-03-26T19:09:23.797+0000] {processor.py:161} INFO - Started process (PID=364) to work on /opt/airflow/dags/operationalData/orders.xlsx
[2024-03-26T19:09:23.799+0000] {processor.py:830} INFO - Processing file /opt/airflow/dags/operationalData/orders.xlsx for tasks to queue
[2024-03-26T19:09:23.806+0000] {logging_mixin.py:188} INFO - [2024-03-26T19:09:23.805+0000] {dagbag.py:540} INFO - Filling up the DagBag from /opt/airflow/dags/operationalData/orders.xlsx
[2024-03-26T19:09:23.844+0000] {processor.py:842} WARNING - No viable dags retrieved from /opt/airflow/dags/operationalData/orders.xlsx
[2024-03-26T19:09:23.880+0000] {processor.py:183} INFO - Processing /opt/airflow/dags/operationalData/orders.xlsx took 0.091 seconds
[2024-03-26T19:09:54.350+0000] {processor.py:161} INFO - Started process (PID=377) to work on /opt/airflow/dags/operationalData/orders.xlsx
[2024-03-26T19:09:54.354+0000] {processor.py:830} INFO - Processing file /opt/airflow/dags/operationalData/orders.xlsx for tasks to queue
[2024-03-26T19:09:54.359+0000] {logging_mixin.py:188} INFO - [2024-03-26T19:09:54.359+0000] {dagbag.py:540} INFO - Filling up the DagBag from /opt/airflow/dags/operationalData/orders.xlsx
[2024-03-26T19:09:54.397+0000] {processor.py:842} WARNING - No viable dags retrieved from /opt/airflow/dags/operationalData/orders.xlsx
[2024-03-26T19:09:54.428+0000] {processor.py:183} INFO - Processing /opt/airflow/dags/operationalData/orders.xlsx took 0.090 seconds
[2024-03-26T19:10:25.208+0000] {processor.py:161} INFO - Started process (PID=390) to work on /opt/airflow/dags/operationalData/orders.xlsx
[2024-03-26T19:10:25.213+0000] {processor.py:830} INFO - Processing file /opt/airflow/dags/operationalData/orders.xlsx for tasks to queue
[2024-03-26T19:10:25.232+0000] {logging_mixin.py:188} INFO - [2024-03-26T19:10:25.226+0000] {dagbag.py:540} INFO - Filling up the DagBag from /opt/airflow/dags/operationalData/orders.xlsx
[2024-03-26T19:10:25.292+0000] {processor.py:842} WARNING - No viable dags retrieved from /opt/airflow/dags/operationalData/orders.xlsx
[2024-03-26T19:10:25.337+0000] {processor.py:183} INFO - Processing /opt/airflow/dags/operationalData/orders.xlsx took 0.152 seconds
[2024-03-26T19:10:56.077+0000] {processor.py:161} INFO - Started process (PID=403) to work on /opt/airflow/dags/operationalData/orders.xlsx
[2024-03-26T19:10:56.080+0000] {processor.py:830} INFO - Processing file /opt/airflow/dags/operationalData/orders.xlsx for tasks to queue
[2024-03-26T19:10:56.086+0000] {logging_mixin.py:188} INFO - [2024-03-26T19:10:56.085+0000] {dagbag.py:540} INFO - Filling up the DagBag from /opt/airflow/dags/operationalData/orders.xlsx
[2024-03-26T19:10:56.125+0000] {processor.py:842} WARNING - No viable dags retrieved from /opt/airflow/dags/operationalData/orders.xlsx
[2024-03-26T19:10:56.157+0000] {processor.py:183} INFO - Processing /opt/airflow/dags/operationalData/orders.xlsx took 0.088 seconds
[2024-03-26T19:11:26.792+0000] {processor.py:161} INFO - Started process (PID=416) to work on /opt/airflow/dags/operationalData/orders.xlsx
[2024-03-26T19:11:26.794+0000] {processor.py:830} INFO - Processing file /opt/airflow/dags/operationalData/orders.xlsx for tasks to queue
[2024-03-26T19:11:26.798+0000] {logging_mixin.py:188} INFO - [2024-03-26T19:11:26.797+0000] {dagbag.py:540} INFO - Filling up the DagBag from /opt/airflow/dags/operationalData/orders.xlsx
[2024-03-26T19:11:26.828+0000] {processor.py:842} WARNING - No viable dags retrieved from /opt/airflow/dags/operationalData/orders.xlsx
[2024-03-26T19:11:26.856+0000] {processor.py:183} INFO - Processing /opt/airflow/dags/operationalData/orders.xlsx took 0.071 seconds
[2024-03-26T19:11:57.632+0000] {processor.py:161} INFO - Started process (PID=429) to work on /opt/airflow/dags/operationalData/orders.xlsx
[2024-03-26T19:11:57.636+0000] {processor.py:830} INFO - Processing file /opt/airflow/dags/operationalData/orders.xlsx for tasks to queue
[2024-03-26T19:11:57.641+0000] {logging_mixin.py:188} INFO - [2024-03-26T19:11:57.641+0000] {dagbag.py:540} INFO - Filling up the DagBag from /opt/airflow/dags/operationalData/orders.xlsx
[2024-03-26T19:11:57.671+0000] {processor.py:842} WARNING - No viable dags retrieved from /opt/airflow/dags/operationalData/orders.xlsx
[2024-03-26T19:11:57.707+0000] {processor.py:183} INFO - Processing /opt/airflow/dags/operationalData/orders.xlsx took 0.084 seconds
[2024-03-26T19:12:29.214+0000] {processor.py:161} INFO - Started process (PID=442) to work on /opt/airflow/dags/operationalData/orders.xlsx
[2024-03-26T19:12:29.221+0000] {processor.py:830} INFO - Processing file /opt/airflow/dags/operationalData/orders.xlsx for tasks to queue
[2024-03-26T19:12:29.238+0000] {logging_mixin.py:188} INFO - [2024-03-26T19:12:29.228+0000] {dagbag.py:540} INFO - Filling up the DagBag from /opt/airflow/dags/operationalData/orders.xlsx
[2024-03-26T19:12:29.280+0000] {processor.py:842} WARNING - No viable dags retrieved from /opt/airflow/dags/operationalData/orders.xlsx
[2024-03-26T19:12:29.418+0000] {processor.py:183} INFO - Processing /opt/airflow/dags/operationalData/orders.xlsx took 0.239 seconds
[2024-03-26T19:12:59.816+0000] {processor.py:161} INFO - Started process (PID=461) to work on /opt/airflow/dags/operationalData/orders.xlsx
[2024-03-26T19:12:59.820+0000] {processor.py:830} INFO - Processing file /opt/airflow/dags/operationalData/orders.xlsx for tasks to queue
[2024-03-26T19:12:59.825+0000] {logging_mixin.py:188} INFO - [2024-03-26T19:12:59.824+0000] {dagbag.py:540} INFO - Filling up the DagBag from /opt/airflow/dags/operationalData/orders.xlsx
[2024-03-26T19:12:59.854+0000] {processor.py:842} WARNING - No viable dags retrieved from /opt/airflow/dags/operationalData/orders.xlsx
[2024-03-26T19:12:59.893+0000] {processor.py:183} INFO - Processing /opt/airflow/dags/operationalData/orders.xlsx took 0.089 seconds
[2024-03-26T19:13:30.861+0000] {processor.py:161} INFO - Started process (PID=475) to work on /opt/airflow/dags/operationalData/orders.xlsx
[2024-03-26T19:13:30.863+0000] {processor.py:830} INFO - Processing file /opt/airflow/dags/operationalData/orders.xlsx for tasks to queue
[2024-03-26T19:13:30.867+0000] {logging_mixin.py:188} INFO - [2024-03-26T19:13:30.866+0000] {dagbag.py:540} INFO - Filling up the DagBag from /opt/airflow/dags/operationalData/orders.xlsx
[2024-03-26T19:13:30.906+0000] {processor.py:842} WARNING - No viable dags retrieved from /opt/airflow/dags/operationalData/orders.xlsx
[2024-03-26T19:13:30.938+0000] {processor.py:183} INFO - Processing /opt/airflow/dags/operationalData/orders.xlsx took 0.084 seconds
[2024-03-26T19:14:01.425+0000] {processor.py:161} INFO - Started process (PID=488) to work on /opt/airflow/dags/operationalData/orders.xlsx
[2024-03-26T19:14:01.427+0000] {processor.py:830} INFO - Processing file /opt/airflow/dags/operationalData/orders.xlsx for tasks to queue
[2024-03-26T19:14:01.431+0000] {logging_mixin.py:188} INFO - [2024-03-26T19:14:01.430+0000] {dagbag.py:540} INFO - Filling up the DagBag from /opt/airflow/dags/operationalData/orders.xlsx
[2024-03-26T19:14:01.465+0000] {processor.py:842} WARNING - No viable dags retrieved from /opt/airflow/dags/operationalData/orders.xlsx
[2024-03-26T19:14:01.495+0000] {processor.py:183} INFO - Processing /opt/airflow/dags/operationalData/orders.xlsx took 0.076 seconds
[2024-03-26T19:14:32.040+0000] {processor.py:161} INFO - Started process (PID=507) to work on /opt/airflow/dags/operationalData/orders.xlsx
[2024-03-26T19:14:32.047+0000] {processor.py:830} INFO - Processing file /opt/airflow/dags/operationalData/orders.xlsx for tasks to queue
[2024-03-26T19:14:32.058+0000] {logging_mixin.py:188} INFO - [2024-03-26T19:14:32.053+0000] {dagbag.py:540} INFO - Filling up the DagBag from /opt/airflow/dags/operationalData/orders.xlsx
[2024-03-26T19:14:32.101+0000] {processor.py:842} WARNING - No viable dags retrieved from /opt/airflow/dags/operationalData/orders.xlsx
[2024-03-26T19:14:32.168+0000] {processor.py:183} INFO - Processing /opt/airflow/dags/operationalData/orders.xlsx took 0.159 seconds
[2024-03-26T19:15:02.786+0000] {processor.py:161} INFO - Started process (PID=520) to work on /opt/airflow/dags/operationalData/orders.xlsx
[2024-03-26T19:15:02.789+0000] {processor.py:830} INFO - Processing file /opt/airflow/dags/operationalData/orders.xlsx for tasks to queue
[2024-03-26T19:15:02.794+0000] {logging_mixin.py:188} INFO - [2024-03-26T19:15:02.794+0000] {dagbag.py:540} INFO - Filling up the DagBag from /opt/airflow/dags/operationalData/orders.xlsx
[2024-03-26T19:15:02.832+0000] {processor.py:842} WARNING - No viable dags retrieved from /opt/airflow/dags/operationalData/orders.xlsx
[2024-03-26T19:15:02.863+0000] {processor.py:183} INFO - Processing /opt/airflow/dags/operationalData/orders.xlsx took 0.085 seconds
[2024-03-26T19:15:33.145+0000] {processor.py:161} INFO - Started process (PID=533) to work on /opt/airflow/dags/operationalData/orders.xlsx
[2024-03-26T19:15:33.147+0000] {processor.py:830} INFO - Processing file /opt/airflow/dags/operationalData/orders.xlsx for tasks to queue
[2024-03-26T19:15:33.153+0000] {logging_mixin.py:188} INFO - [2024-03-26T19:15:33.152+0000] {dagbag.py:540} INFO - Filling up the DagBag from /opt/airflow/dags/operationalData/orders.xlsx
[2024-03-26T19:15:33.197+0000] {processor.py:842} WARNING - No viable dags retrieved from /opt/airflow/dags/operationalData/orders.xlsx
[2024-03-26T19:15:33.246+0000] {processor.py:183} INFO - Processing /opt/airflow/dags/operationalData/orders.xlsx took 0.115 seconds
[2024-03-26T19:16:03.976+0000] {processor.py:161} INFO - Started process (PID=546) to work on /opt/airflow/dags/operationalData/orders.xlsx
[2024-03-26T19:16:03.981+0000] {processor.py:830} INFO - Processing file /opt/airflow/dags/operationalData/orders.xlsx for tasks to queue
[2024-03-26T19:16:03.986+0000] {logging_mixin.py:188} INFO - [2024-03-26T19:16:03.985+0000] {dagbag.py:540} INFO - Filling up the DagBag from /opt/airflow/dags/operationalData/orders.xlsx
[2024-03-26T19:16:04.020+0000] {processor.py:842} WARNING - No viable dags retrieved from /opt/airflow/dags/operationalData/orders.xlsx
[2024-03-26T19:16:04.078+0000] {processor.py:183} INFO - Processing /opt/airflow/dags/operationalData/orders.xlsx took 0.118 seconds
[2024-03-26T19:16:34.745+0000] {processor.py:161} INFO - Started process (PID=559) to work on /opt/airflow/dags/operationalData/orders.xlsx
[2024-03-26T19:16:34.748+0000] {processor.py:830} INFO - Processing file /opt/airflow/dags/operationalData/orders.xlsx for tasks to queue
[2024-03-26T19:16:34.760+0000] {logging_mixin.py:188} INFO - [2024-03-26T19:16:34.759+0000] {dagbag.py:540} INFO - Filling up the DagBag from /opt/airflow/dags/operationalData/orders.xlsx
[2024-03-26T19:16:34.796+0000] {processor.py:842} WARNING - No viable dags retrieved from /opt/airflow/dags/operationalData/orders.xlsx
[2024-03-26T19:16:34.847+0000] {processor.py:183} INFO - Processing /opt/airflow/dags/operationalData/orders.xlsx took 0.118 seconds
[2024-03-26T19:17:05.103+0000] {processor.py:161} INFO - Started process (PID=572) to work on /opt/airflow/dags/operationalData/orders.xlsx
[2024-03-26T19:17:05.106+0000] {processor.py:830} INFO - Processing file /opt/airflow/dags/operationalData/orders.xlsx for tasks to queue
[2024-03-26T19:17:05.112+0000] {logging_mixin.py:188} INFO - [2024-03-26T19:17:05.111+0000] {dagbag.py:540} INFO - Filling up the DagBag from /opt/airflow/dags/operationalData/orders.xlsx
[2024-03-26T19:17:05.143+0000] {processor.py:842} WARNING - No viable dags retrieved from /opt/airflow/dags/operationalData/orders.xlsx
[2024-03-26T19:17:05.182+0000] {processor.py:183} INFO - Processing /opt/airflow/dags/operationalData/orders.xlsx took 0.088 seconds
[2024-03-26T19:17:35.739+0000] {processor.py:161} INFO - Started process (PID=585) to work on /opt/airflow/dags/operationalData/orders.xlsx
[2024-03-26T19:17:35.741+0000] {processor.py:830} INFO - Processing file /opt/airflow/dags/operationalData/orders.xlsx for tasks to queue
[2024-03-26T19:17:35.745+0000] {logging_mixin.py:188} INFO - [2024-03-26T19:17:35.744+0000] {dagbag.py:540} INFO - Filling up the DagBag from /opt/airflow/dags/operationalData/orders.xlsx
[2024-03-26T19:17:35.776+0000] {processor.py:842} WARNING - No viable dags retrieved from /opt/airflow/dags/operationalData/orders.xlsx
[2024-03-26T19:17:35.806+0000] {processor.py:183} INFO - Processing /opt/airflow/dags/operationalData/orders.xlsx took 0.078 seconds
[2024-03-26T19:18:06.292+0000] {processor.py:161} INFO - Started process (PID=598) to work on /opt/airflow/dags/operationalData/orders.xlsx
[2024-03-26T19:18:06.294+0000] {processor.py:830} INFO - Processing file /opt/airflow/dags/operationalData/orders.xlsx for tasks to queue
[2024-03-26T19:18:06.299+0000] {logging_mixin.py:188} INFO - [2024-03-26T19:18:06.298+0000] {dagbag.py:540} INFO - Filling up the DagBag from /opt/airflow/dags/operationalData/orders.xlsx
[2024-03-26T19:18:06.331+0000] {processor.py:842} WARNING - No viable dags retrieved from /opt/airflow/dags/operationalData/orders.xlsx
[2024-03-26T19:18:06.364+0000] {processor.py:183} INFO - Processing /opt/airflow/dags/operationalData/orders.xlsx took 0.081 seconds
[2024-03-26T19:18:37.370+0000] {processor.py:161} INFO - Started process (PID=611) to work on /opt/airflow/dags/operationalData/orders.xlsx
[2024-03-26T19:18:37.381+0000] {processor.py:830} INFO - Processing file /opt/airflow/dags/operationalData/orders.xlsx for tasks to queue
[2024-03-26T19:18:37.396+0000] {logging_mixin.py:188} INFO - [2024-03-26T19:18:37.395+0000] {dagbag.py:540} INFO - Filling up the DagBag from /opt/airflow/dags/operationalData/orders.xlsx
[2024-03-26T19:18:37.485+0000] {processor.py:842} WARNING - No viable dags retrieved from /opt/airflow/dags/operationalData/orders.xlsx
[2024-03-26T19:18:37.551+0000] {processor.py:183} INFO - Processing /opt/airflow/dags/operationalData/orders.xlsx took 0.201 seconds
[2024-03-26T19:19:08.317+0000] {processor.py:161} INFO - Started process (PID=624) to work on /opt/airflow/dags/operationalData/orders.xlsx
[2024-03-26T19:19:08.320+0000] {processor.py:830} INFO - Processing file /opt/airflow/dags/operationalData/orders.xlsx for tasks to queue
[2024-03-26T19:19:08.324+0000] {logging_mixin.py:188} INFO - [2024-03-26T19:19:08.323+0000] {dagbag.py:540} INFO - Filling up the DagBag from /opt/airflow/dags/operationalData/orders.xlsx
[2024-03-26T19:19:08.357+0000] {processor.py:842} WARNING - No viable dags retrieved from /opt/airflow/dags/operationalData/orders.xlsx
[2024-03-26T19:19:08.386+0000] {processor.py:183} INFO - Processing /opt/airflow/dags/operationalData/orders.xlsx took 0.076 seconds
[2024-03-26T19:19:38.640+0000] {processor.py:161} INFO - Started process (PID=642) to work on /opt/airflow/dags/operationalData/orders.xlsx
[2024-03-26T19:19:38.643+0000] {processor.py:830} INFO - Processing file /opt/airflow/dags/operationalData/orders.xlsx for tasks to queue
[2024-03-26T19:19:38.648+0000] {logging_mixin.py:188} INFO - [2024-03-26T19:19:38.647+0000] {dagbag.py:540} INFO - Filling up the DagBag from /opt/airflow/dags/operationalData/orders.xlsx
[2024-03-26T19:19:38.684+0000] {processor.py:842} WARNING - No viable dags retrieved from /opt/airflow/dags/operationalData/orders.xlsx
[2024-03-26T19:19:38.715+0000] {processor.py:183} INFO - Processing /opt/airflow/dags/operationalData/orders.xlsx took 0.083 seconds
[2024-03-26T19:20:09.355+0000] {processor.py:161} INFO - Started process (PID=655) to work on /opt/airflow/dags/operationalData/orders.xlsx
[2024-03-26T19:20:09.358+0000] {processor.py:830} INFO - Processing file /opt/airflow/dags/operationalData/orders.xlsx for tasks to queue
[2024-03-26T19:20:09.364+0000] {logging_mixin.py:188} INFO - [2024-03-26T19:20:09.363+0000] {dagbag.py:540} INFO - Filling up the DagBag from /opt/airflow/dags/operationalData/orders.xlsx
[2024-03-26T19:20:09.395+0000] {processor.py:842} WARNING - No viable dags retrieved from /opt/airflow/dags/operationalData/orders.xlsx
[2024-03-26T19:20:09.435+0000] {processor.py:183} INFO - Processing /opt/airflow/dags/operationalData/orders.xlsx took 0.091 seconds
[2024-03-26T19:20:40.267+0000] {processor.py:161} INFO - Started process (PID=668) to work on /opt/airflow/dags/operationalData/orders.xlsx
[2024-03-26T19:20:40.271+0000] {processor.py:830} INFO - Processing file /opt/airflow/dags/operationalData/orders.xlsx for tasks to queue
[2024-03-26T19:20:40.278+0000] {logging_mixin.py:188} INFO - [2024-03-26T19:20:40.277+0000] {dagbag.py:540} INFO - Filling up the DagBag from /opt/airflow/dags/operationalData/orders.xlsx
[2024-03-26T19:20:40.310+0000] {processor.py:842} WARNING - No viable dags retrieved from /opt/airflow/dags/operationalData/orders.xlsx
[2024-03-26T19:20:40.354+0000] {processor.py:183} INFO - Processing /opt/airflow/dags/operationalData/orders.xlsx took 0.099 seconds
[2024-03-26T19:21:10.555+0000] {processor.py:161} INFO - Started process (PID=679) to work on /opt/airflow/dags/operationalData/orders.xlsx
[2024-03-26T19:21:10.560+0000] {processor.py:830} INFO - Processing file /opt/airflow/dags/operationalData/orders.xlsx for tasks to queue
[2024-03-26T19:21:10.564+0000] {logging_mixin.py:188} INFO - [2024-03-26T19:21:10.564+0000] {dagbag.py:540} INFO - Filling up the DagBag from /opt/airflow/dags/operationalData/orders.xlsx
[2024-03-26T19:21:10.596+0000] {processor.py:842} WARNING - No viable dags retrieved from /opt/airflow/dags/operationalData/orders.xlsx
[2024-03-26T19:21:10.625+0000] {processor.py:183} INFO - Processing /opt/airflow/dags/operationalData/orders.xlsx took 0.077 seconds
[2024-03-26T19:21:41.137+0000] {processor.py:161} INFO - Started process (PID=692) to work on /opt/airflow/dags/operationalData/orders.xlsx
[2024-03-26T19:21:41.140+0000] {processor.py:830} INFO - Processing file /opt/airflow/dags/operationalData/orders.xlsx for tasks to queue
[2024-03-26T19:21:41.145+0000] {logging_mixin.py:188} INFO - [2024-03-26T19:21:41.144+0000] {dagbag.py:540} INFO - Filling up the DagBag from /opt/airflow/dags/operationalData/orders.xlsx
[2024-03-26T19:21:41.181+0000] {processor.py:842} WARNING - No viable dags retrieved from /opt/airflow/dags/operationalData/orders.xlsx
[2024-03-26T19:21:41.213+0000] {processor.py:183} INFO - Processing /opt/airflow/dags/operationalData/orders.xlsx took 0.086 seconds
[2024-03-26T19:22:11.782+0000] {processor.py:161} INFO - Started process (PID=705) to work on /opt/airflow/dags/operationalData/orders.xlsx
[2024-03-26T19:22:11.784+0000] {processor.py:830} INFO - Processing file /opt/airflow/dags/operationalData/orders.xlsx for tasks to queue
[2024-03-26T19:22:11.788+0000] {logging_mixin.py:188} INFO - [2024-03-26T19:22:11.788+0000] {dagbag.py:540} INFO - Filling up the DagBag from /opt/airflow/dags/operationalData/orders.xlsx
[2024-03-26T19:22:11.822+0000] {processor.py:842} WARNING - No viable dags retrieved from /opt/airflow/dags/operationalData/orders.xlsx
[2024-03-26T19:22:11.855+0000] {processor.py:183} INFO - Processing /opt/airflow/dags/operationalData/orders.xlsx took 0.082 seconds
[2024-03-26T19:22:42.298+0000] {processor.py:161} INFO - Started process (PID=718) to work on /opt/airflow/dags/operationalData/orders.xlsx
[2024-03-26T19:22:42.300+0000] {processor.py:830} INFO - Processing file /opt/airflow/dags/operationalData/orders.xlsx for tasks to queue
[2024-03-26T19:22:42.304+0000] {logging_mixin.py:188} INFO - [2024-03-26T19:22:42.303+0000] {dagbag.py:540} INFO - Filling up the DagBag from /opt/airflow/dags/operationalData/orders.xlsx
[2024-03-26T19:22:42.340+0000] {processor.py:842} WARNING - No viable dags retrieved from /opt/airflow/dags/operationalData/orders.xlsx
[2024-03-26T19:22:42.370+0000] {processor.py:183} INFO - Processing /opt/airflow/dags/operationalData/orders.xlsx took 0.080 seconds
[2024-03-26T19:23:12.666+0000] {processor.py:161} INFO - Started process (PID=731) to work on /opt/airflow/dags/operationalData/orders.xlsx
[2024-03-26T19:23:12.668+0000] {processor.py:830} INFO - Processing file /opt/airflow/dags/operationalData/orders.xlsx for tasks to queue
[2024-03-26T19:23:12.672+0000] {logging_mixin.py:188} INFO - [2024-03-26T19:23:12.671+0000] {dagbag.py:540} INFO - Filling up the DagBag from /opt/airflow/dags/operationalData/orders.xlsx
[2024-03-26T19:23:12.706+0000] {processor.py:842} WARNING - No viable dags retrieved from /opt/airflow/dags/operationalData/orders.xlsx
[2024-03-26T19:23:12.741+0000] {processor.py:183} INFO - Processing /opt/airflow/dags/operationalData/orders.xlsx took 0.083 seconds
[2024-03-26T19:23:43.322+0000] {processor.py:161} INFO - Started process (PID=744) to work on /opt/airflow/dags/operationalData/orders.xlsx
[2024-03-26T19:23:43.325+0000] {processor.py:830} INFO - Processing file /opt/airflow/dags/operationalData/orders.xlsx for tasks to queue
[2024-03-26T19:23:43.329+0000] {logging_mixin.py:188} INFO - [2024-03-26T19:23:43.329+0000] {dagbag.py:540} INFO - Filling up the DagBag from /opt/airflow/dags/operationalData/orders.xlsx
[2024-03-26T19:23:43.360+0000] {processor.py:842} WARNING - No viable dags retrieved from /opt/airflow/dags/operationalData/orders.xlsx
[2024-03-26T19:23:43.388+0000] {processor.py:183} INFO - Processing /opt/airflow/dags/operationalData/orders.xlsx took 0.074 seconds
[2024-03-26T19:24:13.846+0000] {processor.py:161} INFO - Started process (PID=757) to work on /opt/airflow/dags/operationalData/orders.xlsx
[2024-03-26T19:24:13.850+0000] {processor.py:830} INFO - Processing file /opt/airflow/dags/operationalData/orders.xlsx for tasks to queue
[2024-03-26T19:24:13.857+0000] {logging_mixin.py:188} INFO - [2024-03-26T19:24:13.857+0000] {dagbag.py:540} INFO - Filling up the DagBag from /opt/airflow/dags/operationalData/orders.xlsx
[2024-03-26T19:24:13.888+0000] {processor.py:842} WARNING - No viable dags retrieved from /opt/airflow/dags/operationalData/orders.xlsx
[2024-03-26T19:24:13.926+0000] {processor.py:183} INFO - Processing /opt/airflow/dags/operationalData/orders.xlsx took 0.090 seconds
[2024-03-26T19:24:44.390+0000] {processor.py:161} INFO - Started process (PID=775) to work on /opt/airflow/dags/operationalData/orders.xlsx
[2024-03-26T19:24:44.392+0000] {processor.py:830} INFO - Processing file /opt/airflow/dags/operationalData/orders.xlsx for tasks to queue
[2024-03-26T19:24:44.396+0000] {logging_mixin.py:188} INFO - [2024-03-26T19:24:44.396+0000] {dagbag.py:540} INFO - Filling up the DagBag from /opt/airflow/dags/operationalData/orders.xlsx
[2024-03-26T19:24:44.428+0000] {processor.py:842} WARNING - No viable dags retrieved from /opt/airflow/dags/operationalData/orders.xlsx
[2024-03-26T19:24:44.459+0000] {processor.py:183} INFO - Processing /opt/airflow/dags/operationalData/orders.xlsx took 0.080 seconds
[2024-03-26T19:25:15.133+0000] {processor.py:161} INFO - Started process (PID=789) to work on /opt/airflow/dags/operationalData/orders.xlsx
[2024-03-26T19:25:15.136+0000] {processor.py:830} INFO - Processing file /opt/airflow/dags/operationalData/orders.xlsx for tasks to queue
[2024-03-26T19:25:15.140+0000] {logging_mixin.py:188} INFO - [2024-03-26T19:25:15.139+0000] {dagbag.py:540} INFO - Filling up the DagBag from /opt/airflow/dags/operationalData/orders.xlsx
[2024-03-26T19:25:15.171+0000] {processor.py:842} WARNING - No viable dags retrieved from /opt/airflow/dags/operationalData/orders.xlsx
[2024-03-26T19:25:15.203+0000] {processor.py:183} INFO - Processing /opt/airflow/dags/operationalData/orders.xlsx took 0.079 seconds
[2024-03-26T19:25:45.733+0000] {processor.py:161} INFO - Started process (PID=802) to work on /opt/airflow/dags/operationalData/orders.xlsx
[2024-03-26T19:25:45.736+0000] {processor.py:830} INFO - Processing file /opt/airflow/dags/operationalData/orders.xlsx for tasks to queue
[2024-03-26T19:25:45.740+0000] {logging_mixin.py:188} INFO - [2024-03-26T19:25:45.739+0000] {dagbag.py:540} INFO - Filling up the DagBag from /opt/airflow/dags/operationalData/orders.xlsx
[2024-03-26T19:25:45.775+0000] {processor.py:842} WARNING - No viable dags retrieved from /opt/airflow/dags/operationalData/orders.xlsx
[2024-03-26T19:25:45.807+0000] {processor.py:183} INFO - Processing /opt/airflow/dags/operationalData/orders.xlsx took 0.081 seconds
[2024-03-26T19:26:16.568+0000] {processor.py:161} INFO - Started process (PID=815) to work on /opt/airflow/dags/operationalData/orders.xlsx
[2024-03-26T19:26:16.571+0000] {processor.py:830} INFO - Processing file /opt/airflow/dags/operationalData/orders.xlsx for tasks to queue
[2024-03-26T19:26:16.577+0000] {logging_mixin.py:188} INFO - [2024-03-26T19:26:16.576+0000] {dagbag.py:540} INFO - Filling up the DagBag from /opt/airflow/dags/operationalData/orders.xlsx
[2024-03-26T19:26:16.617+0000] {processor.py:842} WARNING - No viable dags retrieved from /opt/airflow/dags/operationalData/orders.xlsx
[2024-03-26T19:26:16.651+0000] {processor.py:183} INFO - Processing /opt/airflow/dags/operationalData/orders.xlsx took 0.091 seconds
[2024-03-26T19:26:47.308+0000] {processor.py:161} INFO - Started process (PID=828) to work on /opt/airflow/dags/operationalData/orders.xlsx
[2024-03-26T19:26:47.311+0000] {processor.py:830} INFO - Processing file /opt/airflow/dags/operationalData/orders.xlsx for tasks to queue
[2024-03-26T19:26:47.316+0000] {logging_mixin.py:188} INFO - [2024-03-26T19:26:47.315+0000] {dagbag.py:540} INFO - Filling up the DagBag from /opt/airflow/dags/operationalData/orders.xlsx
[2024-03-26T19:26:47.353+0000] {processor.py:842} WARNING - No viable dags retrieved from /opt/airflow/dags/operationalData/orders.xlsx
[2024-03-26T19:26:47.387+0000] {processor.py:183} INFO - Processing /opt/airflow/dags/operationalData/orders.xlsx took 0.092 seconds
[2024-03-26T19:27:18.007+0000] {processor.py:161} INFO - Started process (PID=841) to work on /opt/airflow/dags/operationalData/orders.xlsx
[2024-03-26T19:27:18.010+0000] {processor.py:830} INFO - Processing file /opt/airflow/dags/operationalData/orders.xlsx for tasks to queue
[2024-03-26T19:27:18.015+0000] {logging_mixin.py:188} INFO - [2024-03-26T19:27:18.014+0000] {dagbag.py:540} INFO - Filling up the DagBag from /opt/airflow/dags/operationalData/orders.xlsx
[2024-03-26T19:27:18.056+0000] {processor.py:842} WARNING - No viable dags retrieved from /opt/airflow/dags/operationalData/orders.xlsx
[2024-03-26T19:27:18.093+0000] {processor.py:183} INFO - Processing /opt/airflow/dags/operationalData/orders.xlsx took 0.094 seconds
[2024-03-26T19:27:48.651+0000] {processor.py:161} INFO - Started process (PID=853) to work on /opt/airflow/dags/operationalData/orders.xlsx
[2024-03-26T19:27:48.653+0000] {processor.py:830} INFO - Processing file /opt/airflow/dags/operationalData/orders.xlsx for tasks to queue
[2024-03-26T19:27:48.659+0000] {logging_mixin.py:188} INFO - [2024-03-26T19:27:48.658+0000] {dagbag.py:540} INFO - Filling up the DagBag from /opt/airflow/dags/operationalData/orders.xlsx
[2024-03-26T19:27:48.730+0000] {processor.py:842} WARNING - No viable dags retrieved from /opt/airflow/dags/operationalData/orders.xlsx
[2024-03-26T19:27:48.767+0000] {processor.py:183} INFO - Processing /opt/airflow/dags/operationalData/orders.xlsx took 0.124 seconds
[2024-03-26T19:28:18.974+0000] {processor.py:161} INFO - Started process (PID=866) to work on /opt/airflow/dags/operationalData/orders.xlsx
[2024-03-26T19:28:18.976+0000] {processor.py:830} INFO - Processing file /opt/airflow/dags/operationalData/orders.xlsx for tasks to queue
[2024-03-26T19:28:18.983+0000] {logging_mixin.py:188} INFO - [2024-03-26T19:28:18.982+0000] {dagbag.py:540} INFO - Filling up the DagBag from /opt/airflow/dags/operationalData/orders.xlsx
[2024-03-26T19:28:19.017+0000] {processor.py:842} WARNING - No viable dags retrieved from /opt/airflow/dags/operationalData/orders.xlsx
[2024-03-26T19:28:19.050+0000] {processor.py:183} INFO - Processing /opt/airflow/dags/operationalData/orders.xlsx took 0.084 seconds
[2024-03-26T19:28:49.777+0000] {processor.py:161} INFO - Started process (PID=879) to work on /opt/airflow/dags/operationalData/orders.xlsx
[2024-03-26T19:28:49.786+0000] {processor.py:830} INFO - Processing file /opt/airflow/dags/operationalData/orders.xlsx for tasks to queue
[2024-03-26T19:28:49.795+0000] {logging_mixin.py:188} INFO - [2024-03-26T19:28:49.794+0000] {dagbag.py:540} INFO - Filling up the DagBag from /opt/airflow/dags/operationalData/orders.xlsx
[2024-03-26T19:28:49.830+0000] {processor.py:842} WARNING - No viable dags retrieved from /opt/airflow/dags/operationalData/orders.xlsx
[2024-03-26T19:28:49.862+0000] {processor.py:183} INFO - Processing /opt/airflow/dags/operationalData/orders.xlsx took 0.096 seconds
[2024-03-26T19:29:20.600+0000] {processor.py:161} INFO - Started process (PID=892) to work on /opt/airflow/dags/operationalData/orders.xlsx
[2024-03-26T19:29:20.603+0000] {processor.py:830} INFO - Processing file /opt/airflow/dags/operationalData/orders.xlsx for tasks to queue
[2024-03-26T19:29:20.607+0000] {logging_mixin.py:188} INFO - [2024-03-26T19:29:20.606+0000] {dagbag.py:540} INFO - Filling up the DagBag from /opt/airflow/dags/operationalData/orders.xlsx
[2024-03-26T19:29:20.640+0000] {processor.py:842} WARNING - No viable dags retrieved from /opt/airflow/dags/operationalData/orders.xlsx
[2024-03-26T19:29:20.693+0000] {processor.py:183} INFO - Processing /opt/airflow/dags/operationalData/orders.xlsx took 0.103 seconds
[2024-03-26T19:29:51.339+0000] {processor.py:161} INFO - Started process (PID=905) to work on /opt/airflow/dags/operationalData/orders.xlsx
[2024-03-26T19:29:51.342+0000] {processor.py:830} INFO - Processing file /opt/airflow/dags/operationalData/orders.xlsx for tasks to queue
[2024-03-26T19:29:51.346+0000] {logging_mixin.py:188} INFO - [2024-03-26T19:29:51.345+0000] {dagbag.py:540} INFO - Filling up the DagBag from /opt/airflow/dags/operationalData/orders.xlsx
[2024-03-26T19:29:51.381+0000] {processor.py:842} WARNING - No viable dags retrieved from /opt/airflow/dags/operationalData/orders.xlsx
[2024-03-26T19:29:51.416+0000] {processor.py:183} INFO - Processing /opt/airflow/dags/operationalData/orders.xlsx took 0.085 seconds
[2024-03-26T19:30:22.120+0000] {processor.py:161} INFO - Started process (PID=918) to work on /opt/airflow/dags/operationalData/orders.xlsx
[2024-03-26T19:30:22.122+0000] {processor.py:830} INFO - Processing file /opt/airflow/dags/operationalData/orders.xlsx for tasks to queue
[2024-03-26T19:30:22.129+0000] {logging_mixin.py:188} INFO - [2024-03-26T19:30:22.128+0000] {dagbag.py:540} INFO - Filling up the DagBag from /opt/airflow/dags/operationalData/orders.xlsx
[2024-03-26T19:30:22.165+0000] {processor.py:842} WARNING - No viable dags retrieved from /opt/airflow/dags/operationalData/orders.xlsx
[2024-03-26T19:30:22.196+0000] {processor.py:183} INFO - Processing /opt/airflow/dags/operationalData/orders.xlsx took 0.084 seconds
[2024-03-26T19:30:52.863+0000] {processor.py:161} INFO - Started process (PID=931) to work on /opt/airflow/dags/operationalData/orders.xlsx
[2024-03-26T19:30:52.866+0000] {processor.py:830} INFO - Processing file /opt/airflow/dags/operationalData/orders.xlsx for tasks to queue
[2024-03-26T19:30:52.871+0000] {logging_mixin.py:188} INFO - [2024-03-26T19:30:52.870+0000] {dagbag.py:540} INFO - Filling up the DagBag from /opt/airflow/dags/operationalData/orders.xlsx
[2024-03-26T19:30:52.904+0000] {processor.py:842} WARNING - No viable dags retrieved from /opt/airflow/dags/operationalData/orders.xlsx
[2024-03-26T19:30:52.933+0000] {processor.py:183} INFO - Processing /opt/airflow/dags/operationalData/orders.xlsx took 0.080 seconds
[2024-03-26T19:31:23.491+0000] {processor.py:161} INFO - Started process (PID=944) to work on /opt/airflow/dags/operationalData/orders.xlsx
[2024-03-26T19:31:23.494+0000] {processor.py:830} INFO - Processing file /opt/airflow/dags/operationalData/orders.xlsx for tasks to queue
[2024-03-26T19:31:23.498+0000] {logging_mixin.py:188} INFO - [2024-03-26T19:31:23.498+0000] {dagbag.py:540} INFO - Filling up the DagBag from /opt/airflow/dags/operationalData/orders.xlsx
[2024-03-26T19:31:23.534+0000] {processor.py:842} WARNING - No viable dags retrieved from /opt/airflow/dags/operationalData/orders.xlsx
[2024-03-26T19:31:23.565+0000] {processor.py:183} INFO - Processing /opt/airflow/dags/operationalData/orders.xlsx took 0.083 seconds
[2024-03-26T19:31:54.150+0000] {processor.py:161} INFO - Started process (PID=957) to work on /opt/airflow/dags/operationalData/orders.xlsx
[2024-03-26T19:31:54.153+0000] {processor.py:830} INFO - Processing file /opt/airflow/dags/operationalData/orders.xlsx for tasks to queue
[2024-03-26T19:31:54.158+0000] {logging_mixin.py:188} INFO - [2024-03-26T19:31:54.157+0000] {dagbag.py:540} INFO - Filling up the DagBag from /opt/airflow/dags/operationalData/orders.xlsx
[2024-03-26T19:31:54.191+0000] {processor.py:842} WARNING - No viable dags retrieved from /opt/airflow/dags/operationalData/orders.xlsx
[2024-03-26T19:31:54.222+0000] {processor.py:183} INFO - Processing /opt/airflow/dags/operationalData/orders.xlsx took 0.082 seconds
