[2024-05-13T11:55:43.795+0000] {taskinstance.py:1979} INFO - Dependencies all met for dep_context=non-requeueable deps ti=<TaskInstance: ETL_Flow.insert_data_from_files scheduled__2024-05-11T21:11:00+00:00 [queued]>
[2024-05-13T11:55:43.823+0000] {taskinstance.py:1979} INFO - Dependencies all met for dep_context=requeueable deps ti=<TaskInstance: ETL_Flow.insert_data_from_files scheduled__2024-05-11T21:11:00+00:00 [queued]>
[2024-05-13T11:55:43.825+0000] {taskinstance.py:2193} INFO - Starting attempt 1 of 6
[2024-05-13T11:55:43.858+0000] {taskinstance.py:2214} INFO - Executing <Task(PythonOperator): insert_data_from_files> on 2024-05-11 21:11:00+00:00
[2024-05-13T11:55:43.870+0000] {standard_task_runner.py:60} INFO - Started process 10429 to run task
[2024-05-13T11:55:43.878+0000] {standard_task_runner.py:87} INFO - Running: ['***', 'tasks', 'run', 'ETL_Flow', 'insert_data_from_files', 'scheduled__2024-05-11T21:11:00+00:00', '--job-id', '3442', '--raw', '--subdir', 'DAGS_FOLDER/ETL.py', '--cfg-path', '/tmp/tmplrwvuud_']
[2024-05-13T11:55:43.884+0000] {standard_task_runner.py:88} INFO - Job 3442: Subtask insert_data_from_files
[2024-05-13T11:55:43.999+0000] {task_command.py:423} INFO - Running <TaskInstance: ETL_Flow.insert_data_from_files scheduled__2024-05-11T21:11:00+00:00 [running]> on host 518f7ecc027f
[2024-05-13T11:55:44.549+0000] {taskinstance.py:2510} INFO - Exporting env vars: AIRFLOW_CTX_DAG_OWNER='coder2j' AIRFLOW_CTX_DAG_ID='ETL_Flow' AIRFLOW_CTX_TASK_ID='insert_data_from_files' AIRFLOW_CTX_EXECUTION_DATE='2024-05-11T21:11:00+00:00' AIRFLOW_CTX_TRY_NUMBER='1' AIRFLOW_CTX_DAG_RUN_ID='scheduled__2024-05-11T21:11:00+00:00'
[2024-05-13T11:55:45.423+0000] {base.py:83} INFO - Using connection ID 'postgres_localhost' for task execution.
[2024-05-13T11:55:45.758+0000] {sql.py:572} INFO - Done loading. Loaded a total of 50 rows into MRR_Dim_Customers
[2024-05-13T11:55:46.066+0000] {base.py:83} INFO - Using connection ID 'postgres_localhost' for task execution.
[2024-05-13T11:55:47.690+0000] {sql.py:572} INFO - Done loading. Loaded a total of 312 rows into MRR_Fact_Events
[2024-05-13T11:55:47.811+0000] {base.py:83} INFO - Using connection ID 'postgres_localhost' for task execution.
[2024-05-13T11:55:48.183+0000] {sql.py:572} INFO - Done loading. Loaded a total of 77 rows into MRR_Dim_Products
[2024-05-13T11:55:48.370+0000] {base.py:83} INFO - Using connection ID 'postgres_localhost' for task execution.
[2024-05-13T11:55:49.224+0000] {sql.py:572} INFO - Done loading. Loaded a total of 155 rows into MRR_Fact_Orders
[2024-05-13T11:55:49.330+0000] {base.py:83} INFO - Using connection ID 'postgres_localhost' for task execution.
[2024-05-13T11:55:50.748+0000] {sql.py:572} INFO - Done loading. Loaded a total of 261 rows into MRR_Fact_Details
[2024-05-13T11:55:50.751+0000] {python.py:202} INFO - Done. Returned value was: None
[2024-05-13T11:55:50.779+0000] {taskinstance.py:1149} INFO - Marking task as SUCCESS. dag_id=ETL_Flow, task_id=insert_data_from_files, execution_date=20240511T211100, start_date=20240513T115543, end_date=20240513T115550
[2024-05-13T11:55:50.872+0000] {local_task_job_runner.py:234} INFO - Task exited with return code 0
[2024-05-13T11:55:50.898+0000] {warnings.py:109} WARNING - /home/***/.local/lib/python3.8/site-packages/***/models/baseoperator.py:1201: AirflowProviderDeprecationWarning: Call to deprecated class PostgresOperator. (Please use `***.providers.common.sql.operators.sql.SQLExecuteQueryOperator`.Also, you can provide `hook_params={'schema': <database>}`.)
  result = cls.__new__(cls)

[2024-05-13T11:55:50.952+0000] {taskinstance.py:3309} INFO - 1 downstream tasks scheduled from follow-on schedule check
