[2024-03-20T12:44:27.374+0000] {taskinstance.py:1979} INFO - Dependencies all met for dep_context=non-requeueable deps ti=<TaskInstance: ETL_Flow.insert_data_from_files manual__2024-03-20T11:16:27.525070+00:00 [queued]>
[2024-03-20T12:44:27.395+0000] {taskinstance.py:1979} INFO - Dependencies all met for dep_context=requeueable deps ti=<TaskInstance: ETL_Flow.insert_data_from_files manual__2024-03-20T11:16:27.525070+00:00 [queued]>
[2024-03-20T12:44:27.397+0000] {taskinstance.py:2193} INFO - Starting attempt 21 of 26
[2024-03-20T12:44:27.432+0000] {taskinstance.py:2214} INFO - Executing <Task(PythonOperator): insert_data_from_files> on 2024-03-20 11:16:27.525070+00:00
[2024-03-20T12:44:27.447+0000] {standard_task_runner.py:60} INFO - Started process 1337 to run task
[2024-03-20T12:44:27.457+0000] {standard_task_runner.py:87} INFO - Running: ['***', 'tasks', 'run', 'ETL_Flow', 'insert_data_from_files', 'manual__2024-03-20T11:16:27.525070+00:00', '--job-id', '2017', '--raw', '--subdir', 'DAGS_FOLDER/etl2.py', '--cfg-path', '/tmp/tmps52pr4o2']
[2024-03-20T12:44:27.464+0000] {standard_task_runner.py:88} INFO - Job 2017: Subtask insert_data_from_files
[2024-03-20T12:44:27.601+0000] {task_command.py:423} INFO - Running <TaskInstance: ETL_Flow.insert_data_from_files manual__2024-03-20T11:16:27.525070+00:00 [running]> on host a1a2ab3031a9
[2024-03-20T12:44:27.819+0000] {taskinstance.py:2510} INFO - Exporting env vars: AIRFLOW_CTX_DAG_OWNER='coder2j' AIRFLOW_CTX_DAG_ID='ETL_Flow' AIRFLOW_CTX_TASK_ID='insert_data_from_files' AIRFLOW_CTX_EXECUTION_DATE='2024-03-20T11:16:27.525070+00:00' AIRFLOW_CTX_TRY_NUMBER='21' AIRFLOW_CTX_DAG_RUN_ID='manual__2024-03-20T11:16:27.525070+00:00'
[2024-03-20T12:44:27.852+0000] {taskinstance.py:2728} ERROR - Task failed with exception
Traceback (most recent call last):
  File "/home/airflow/.local/lib/python3.8/site-packages/airflow/models/taskinstance.py", line 444, in _execute_task
    result = _execute_callable(context=context, **execute_callable_kwargs)
  File "/home/airflow/.local/lib/python3.8/site-packages/airflow/models/taskinstance.py", line 414, in _execute_callable
    return execute_callable(context=context, **execute_callable_kwargs)
  File "/home/airflow/.local/lib/python3.8/site-packages/airflow/operators/python.py", line 200, in execute
    return_value = self.execute_callable()
  File "/home/airflow/.local/lib/python3.8/site-packages/airflow/operators/python.py", line 217, in execute_callable
    return self.python_callable(*self.op_args, **self.op_kwargs)
  File "/opt/airflow/dags/etl2.py", line 39, in read_excel_and_insert
    df=pd.read_csv('/opt/airflow/dags/data.csv')
  File "/home/airflow/.local/lib/python3.8/site-packages/pandas/io/parsers/readers.py", line 912, in read_csv
    return _read(filepath_or_buffer, kwds)
  File "/home/airflow/.local/lib/python3.8/site-packages/pandas/io/parsers/readers.py", line 577, in _read
    parser = TextFileReader(filepath_or_buffer, **kwds)
  File "/home/airflow/.local/lib/python3.8/site-packages/pandas/io/parsers/readers.py", line 1407, in __init__
    self._engine = self._make_engine(f, self.engine)
  File "/home/airflow/.local/lib/python3.8/site-packages/pandas/io/parsers/readers.py", line 1679, in _make_engine
    return mapping[engine](f, **self.options)
  File "/home/airflow/.local/lib/python3.8/site-packages/pandas/io/parsers/c_parser_wrapper.py", line 93, in __init__
    self._reader = parsers.TextReader(src, **kwds)
  File "pandas/_libs/parsers.pyx", line 557, in pandas._libs.parsers.TextReader.__cinit__
pandas.errors.EmptyDataError: No columns to parse from file
[2024-03-20T12:44:27.895+0000] {taskinstance.py:1149} INFO - Marking task as UP_FOR_RETRY. dag_id=ETL_Flow, task_id=insert_data_from_files, execution_date=20240320T111627, start_date=20240320T124427, end_date=20240320T124427
[2024-03-20T12:44:27.929+0000] {standard_task_runner.py:107} ERROR - Failed to execute job 2017 for task insert_data_from_files (No columns to parse from file; 1337)
[2024-03-20T12:44:27.951+0000] {local_task_job_runner.py:234} INFO - Task exited with return code 1
[2024-03-20T12:44:27.994+0000] {taskinstance.py:3309} INFO - 0 downstream tasks scheduled from follow-on schedule check
