[2024-03-20T12:56:20.460+0000] {taskinstance.py:1979} INFO - Dependencies all met for dep_context=non-requeueable deps ti=<TaskInstance: ETL_Flow.insert_data_from_files manual__2024-03-20T11:16:27.525070+00:00 [queued]>
[2024-03-20T12:56:20.489+0000] {taskinstance.py:1979} INFO - Dependencies all met for dep_context=requeueable deps ti=<TaskInstance: ETL_Flow.insert_data_from_files manual__2024-03-20T11:16:27.525070+00:00 [queued]>
[2024-03-20T12:56:20.490+0000] {taskinstance.py:2193} INFO - Starting attempt 25 of 30
[2024-03-20T12:56:20.527+0000] {taskinstance.py:2214} INFO - Executing <Task(PythonOperator): insert_data_from_files> on 2024-03-20 11:16:27.525070+00:00
[2024-03-20T12:56:20.539+0000] {standard_task_runner.py:60} INFO - Started process 1517 to run task
[2024-03-20T12:56:20.546+0000] {standard_task_runner.py:87} INFO - Running: ['***', 'tasks', 'run', 'ETL_Flow', 'insert_data_from_files', 'manual__2024-03-20T11:16:27.525070+00:00', '--job-id', '2021', '--raw', '--subdir', 'DAGS_FOLDER/etl2.py', '--cfg-path', '/tmp/tmp5pi6k00j']
[2024-03-20T12:56:20.554+0000] {standard_task_runner.py:88} INFO - Job 2021: Subtask insert_data_from_files
[2024-03-20T12:56:20.670+0000] {task_command.py:423} INFO - Running <TaskInstance: ETL_Flow.insert_data_from_files manual__2024-03-20T11:16:27.525070+00:00 [running]> on host a1a2ab3031a9
[2024-03-20T12:56:20.875+0000] {taskinstance.py:2510} INFO - Exporting env vars: AIRFLOW_CTX_DAG_OWNER='coder2j' AIRFLOW_CTX_DAG_ID='ETL_Flow' AIRFLOW_CTX_TASK_ID='insert_data_from_files' AIRFLOW_CTX_EXECUTION_DATE='2024-03-20T11:16:27.525070+00:00' AIRFLOW_CTX_TRY_NUMBER='25' AIRFLOW_CTX_DAG_RUN_ID='manual__2024-03-20T11:16:27.525070+00:00'
[2024-03-20T12:56:21.029+0000] {logging_mixin.py:188} INFO -     Product ID         Product Name  Supplier  Category  Unit Price  Unit Cost
0            1    Lenin Jeansshorts         1         1       20.00      14.00
1            2        Mr X Trousers         1         1       19.00      13.30
2            3       Chantell Shirt         1         2       20.00      14.00
3            4         Oyaki Kimono         2         2       22.00      15.40
4            5      O-Man Underwear         2         1        6.00       4.20
..         ...                  ...       ...       ...         ...        ...
72          73          Mehmet-Napp        17         8        1.10       0.66
73          74  Nikee Running Shoes         4         7       30.00      12.00
74          75              Bow tie        12         1        7.75       3.10
75          76        Minnki Pälsii        23         2      399.00     159.60
76          77                Skirt        12         2       13.00       5.20

[77 rows x 6 columns]
[2024-03-20T12:56:21.030+0000] {python.py:202} INFO - Done. Returned value was: None
[2024-03-20T12:56:21.054+0000] {taskinstance.py:1149} INFO - Marking task as SUCCESS. dag_id=ETL_Flow, task_id=insert_data_from_files, execution_date=20240320T111627, start_date=20240320T125620, end_date=20240320T125621
[2024-03-20T12:56:21.122+0000] {local_task_job_runner.py:234} INFO - Task exited with return code 0
[2024-03-20T12:56:21.177+0000] {taskinstance.py:3309} INFO - 0 downstream tasks scheduled from follow-on schedule check
