[2024-03-20T13:42:18.436+0000] {taskinstance.py:1979} INFO - Dependencies all met for dep_context=non-requeueable deps ti=<TaskInstance: ETL_Flow.insert_data_from_files manual__2024-03-20T11:16:27.525070+00:00 [queued]>
[2024-03-20T13:42:18.449+0000] {taskinstance.py:1979} INFO - Dependencies all met for dep_context=requeueable deps ti=<TaskInstance: ETL_Flow.insert_data_from_files manual__2024-03-20T11:16:27.525070+00:00 [queued]>
[2024-03-20T13:42:18.450+0000] {taskinstance.py:2193} INFO - Starting attempt 27 of 32
[2024-03-20T13:42:18.472+0000] {taskinstance.py:2214} INFO - Executing <Task(PythonOperator): insert_data_from_files> on 2024-03-20 11:16:27.525070+00:00
[2024-03-20T13:42:18.483+0000] {standard_task_runner.py:60} INFO - Started process 2165 to run task
[2024-03-20T13:42:18.489+0000] {standard_task_runner.py:87} INFO - Running: ['***', 'tasks', 'run', 'ETL_Flow', 'insert_data_from_files', 'manual__2024-03-20T11:16:27.525070+00:00', '--job-id', '2023', '--raw', '--subdir', 'DAGS_FOLDER/etl2.py', '--cfg-path', '/tmp/tmp_78_86zv']
[2024-03-20T13:42:18.492+0000] {standard_task_runner.py:88} INFO - Job 2023: Subtask insert_data_from_files
[2024-03-20T13:42:18.574+0000] {task_command.py:423} INFO - Running <TaskInstance: ETL_Flow.insert_data_from_files manual__2024-03-20T11:16:27.525070+00:00 [running]> on host a1a2ab3031a9
[2024-03-20T13:42:19.189+0000] {taskinstance.py:2510} INFO - Exporting env vars: AIRFLOW_CTX_DAG_OWNER='coder2j' AIRFLOW_CTX_DAG_ID='ETL_Flow' AIRFLOW_CTX_TASK_ID='insert_data_from_files' AIRFLOW_CTX_EXECUTION_DATE='2024-03-20T11:16:27.525070+00:00' AIRFLOW_CTX_TRY_NUMBER='27' AIRFLOW_CTX_DAG_RUN_ID='manual__2024-03-20T11:16:27.525070+00:00'
[2024-03-20T13:42:19.193+0000] {taskinstance.py:2728} ERROR - Task failed with exception
Traceback (most recent call last):
  File "/home/airflow/.local/lib/python3.8/site-packages/airflow/models/taskinstance.py", line 444, in _execute_task
    result = _execute_callable(context=context, **execute_callable_kwargs)
  File "/home/airflow/.local/lib/python3.8/site-packages/airflow/models/taskinstance.py", line 414, in _execute_callable
    return execute_callable(context=context, **execute_callable_kwargs)
  File "/home/airflow/.local/lib/python3.8/site-packages/airflow/operators/python.py", line 200, in execute
    return_value = self.execute_callable()
  File "/home/airflow/.local/lib/python3.8/site-packages/airflow/operators/python.py", line 217, in execute_callable
    return self.python_callable(*self.op_args, **self.op_kwargs)
TypeError: insert_data_from_files() missing 2 required positional arguments: 'file_paths' and 'table_names'
[2024-03-20T13:42:19.208+0000] {taskinstance.py:1149} INFO - Marking task as UP_FOR_RETRY. dag_id=ETL_Flow, task_id=insert_data_from_files, execution_date=20240320T111627, start_date=20240320T134218, end_date=20240320T134219
[2024-03-20T13:42:19.243+0000] {standard_task_runner.py:107} ERROR - Failed to execute job 2023 for task insert_data_from_files (insert_data_from_files() missing 2 required positional arguments: 'file_paths' and 'table_names'; 2165)
[2024-03-20T13:42:19.267+0000] {local_task_job_runner.py:234} INFO - Task exited with return code 1
[2024-03-20T13:42:19.315+0000] {taskinstance.py:3309} INFO - 0 downstream tasks scheduled from follow-on schedule check
