[2024-03-27T12:51:46.550+0000] {taskinstance.py:1979} INFO - Dependencies all met for dep_context=non-requeueable deps ti=<TaskInstance: ETL_Flow.referential_integrity manual__2024-03-26T19:09:11.569740+00:00 [queued]>
[2024-03-27T12:51:46.562+0000] {taskinstance.py:1979} INFO - Dependencies all met for dep_context=requeueable deps ti=<TaskInstance: ETL_Flow.referential_integrity manual__2024-03-26T19:09:11.569740+00:00 [queued]>
[2024-03-27T12:51:46.563+0000] {taskinstance.py:2193} INFO - Starting attempt 3 of 8
[2024-03-27T12:51:46.584+0000] {taskinstance.py:2214} INFO - Executing <Task(PostgresOperator): referential_integrity> on 2024-03-26 19:09:11.569740+00:00
[2024-03-27T12:51:46.591+0000] {standard_task_runner.py:60} INFO - Started process 5479 to run task
[2024-03-27T12:51:46.595+0000] {standard_task_runner.py:87} INFO - Running: ['***', 'tasks', 'run', 'ETL_Flow', 'referential_integrity', 'manual__2024-03-26T19:09:11.569740+00:00', '--job-id', '2324', '--raw', '--subdir', 'DAGS_FOLDER/ETL.py', '--cfg-path', '/tmp/tmp6s8irgts']
[2024-03-27T12:51:46.598+0000] {standard_task_runner.py:88} INFO - Job 2324: Subtask referential_integrity
[2024-03-27T12:51:46.657+0000] {task_command.py:423} INFO - Running <TaskInstance: ETL_Flow.referential_integrity manual__2024-03-26T19:09:11.569740+00:00 [running]> on host cb216a3a40e5
[2024-03-27T12:51:46.985+0000] {taskinstance.py:2510} INFO - Exporting env vars: AIRFLOW_CTX_DAG_OWNER='coder2j' AIRFLOW_CTX_DAG_ID='ETL_Flow' AIRFLOW_CTX_TASK_ID='referential_integrity' AIRFLOW_CTX_EXECUTION_DATE='2024-03-26T19:09:11.569740+00:00' AIRFLOW_CTX_TRY_NUMBER='3' AIRFLOW_CTX_DAG_RUN_ID='manual__2024-03-26T19:09:11.569740+00:00'
[2024-03-27T12:51:46.987+0000] {sql.py:276} INFO - Executing: update STG_Fact_Orders
set Customer_ID=0
where Customer_ID not in (
                            select distinct Customer_ID 
                            from DWH_Dim_Customers
                        );

update STG_Fact_Orders
set Employee_ID=0
where Employee_ID not in (
                            select distinct Employee_ID 
                            from DWH_Dim_Employees
                        );

update STG_Fact_Details
set Product_ID=0
where Product_ID not in (
                            select distinct Product_ID 
                            from DWH_Dim_Products
                        );

[2024-03-27T12:51:46.998+0000] {base.py:83} INFO - Using connection ID 'postgres_localhost' for task execution.
[2024-03-27T12:51:47.008+0000] {base.py:83} INFO - Using connection ID 'postgres_localhost' for task execution.
[2024-03-27T12:51:47.023+0000] {sql.py:457} INFO - Running statement: update STG_Fact_Orders
set Customer_ID=0
where Customer_ID not in (
                            select distinct Customer_ID 
                            from DWH_Dim_Customers
                        );

update STG_Fact_Orders
set Employee_ID=0
where Employee_ID not in (
                            select distinct Employee_ID 
                            from DWH_Dim_Employees
                        );

update STG_Fact_Details
set Product_ID=0
where Product_ID not in (
                            select distinct Product_ID 
                            from DWH_Dim_Products
                        );
, parameters: None
[2024-03-27T12:51:47.031+0000] {sql.py:466} INFO - Rows affected: 0
[2024-03-27T12:51:47.033+0000] {warnings.py:109} WARNING - /home/***/.local/lib/python3.8/site-packages/***/providers/common/sql/hooks/sql.py:407: AirflowProviderDeprecationWarning: Call to deprecated method _make_common_data_structure. (The `_make_serializable` method is deprecated and support will be removed in a future version of the common.sql provider. Please update the DbApiHook's provider to a version based on common.sql >= 1.9.1.)
  result = self._make_common_data_structure(handler(cur))

[2024-03-27T12:51:47.049+0000] {taskinstance.py:1149} INFO - Marking task as SUCCESS. dag_id=ETL_Flow, task_id=referential_integrity, execution_date=20240326T190911, start_date=20240327T125146, end_date=20240327T125147
[2024-03-27T12:51:47.090+0000] {local_task_job_runner.py:234} INFO - Task exited with return code 0
[2024-03-27T12:51:47.103+0000] {warnings.py:109} WARNING - /home/***/.local/lib/python3.8/site-packages/***/models/baseoperator.py:1201: AirflowProviderDeprecationWarning: Call to deprecated class PostgresOperator. (Please use `***.providers.common.sql.operators.sql.SQLExecuteQueryOperator`.Also, you can provide `hook_params={'schema': <database>}`.)
  result = cls.__new__(cls)

[2024-03-27T12:51:47.131+0000] {taskinstance.py:3309} INFO - 1 downstream tasks scheduled from follow-on schedule check
