[2024-05-03T06:14:44.912+0000] {taskinstance.py:1979} INFO - Dependencies all met for dep_context=non-requeueable deps ti=<TaskInstance: ETL_Flow.create_indexes scheduled__2024-05-01T21:11:00+00:00 [queued]>
[2024-05-03T06:14:44.928+0000] {taskinstance.py:1979} INFO - Dependencies all met for dep_context=requeueable deps ti=<TaskInstance: ETL_Flow.create_indexes scheduled__2024-05-01T21:11:00+00:00 [queued]>
[2024-05-03T06:14:44.929+0000] {taskinstance.py:2193} INFO - Starting attempt 2 of 7
[2024-05-03T06:14:44.954+0000] {taskinstance.py:2214} INFO - Executing <Task(PostgresOperator): create_indexes> on 2024-05-01 21:11:00+00:00
[2024-05-03T06:14:44.963+0000] {standard_task_runner.py:60} INFO - Started process 1097 to run task
[2024-05-03T06:14:44.971+0000] {standard_task_runner.py:87} INFO - Running: ['***', 'tasks', 'run', 'ETL_Flow', 'create_indexes', 'scheduled__2024-05-01T21:11:00+00:00', '--job-id', '3251', '--raw', '--subdir', 'DAGS_FOLDER/ETL.py', '--cfg-path', '/tmp/tmpjsahr_26']
[2024-05-03T06:14:44.977+0000] {standard_task_runner.py:88} INFO - Job 3251: Subtask create_indexes
[2024-05-03T06:14:45.107+0000] {task_command.py:423} INFO - Running <TaskInstance: ETL_Flow.create_indexes scheduled__2024-05-01T21:11:00+00:00 [running]> on host 518f7ecc027f
[2024-05-03T06:14:46.200+0000] {taskinstance.py:2510} INFO - Exporting env vars: AIRFLOW_CTX_DAG_OWNER='coder2j' AIRFLOW_CTX_DAG_ID='ETL_Flow' AIRFLOW_CTX_TASK_ID='create_indexes' AIRFLOW_CTX_EXECUTION_DATE='2024-05-01T21:11:00+00:00' AIRFLOW_CTX_TRY_NUMBER='2' AIRFLOW_CTX_DAG_RUN_ID='scheduled__2024-05-01T21:11:00+00:00'
[2024-05-03T06:14:46.202+0000] {sql.py:276} INFO - Executing: CREATE INDEX IF NOT EXISTS idx_dw_customer_id_orders ON DWH_Fact_Product_In_Order(DW_customer_ID);
CREATE INDEX IF NOT EXISTS idx_dw_customer_id_events ON DWH_Fact_Events(DW_customer_ID);
CREATE INDEX IF NOT EXISTS idx_dw_customer_id_daily_Transactions ON Daily_Customers_Transactions(DW_customer_ID);
CREATE INDEX IF NOT EXISTS idx_dw_customer_id_daily_Purchase ON Daily_Purchase_Agg(DW_customer_ID);

[2024-05-03T06:14:46.237+0000] {base.py:83} INFO - Using connection ID 'postgres_localhost' for task execution.
[2024-05-03T06:14:46.252+0000] {base.py:83} INFO - Using connection ID 'postgres_localhost' for task execution.
[2024-05-03T06:14:46.276+0000] {sql.py:457} INFO - Running statement: CREATE INDEX IF NOT EXISTS idx_dw_customer_id_orders ON DWH_Fact_Product_In_Order(DW_customer_ID);
CREATE INDEX IF NOT EXISTS idx_dw_customer_id_events ON DWH_Fact_Events(DW_customer_ID);
CREATE INDEX IF NOT EXISTS idx_dw_customer_id_daily_Transactions ON Daily_Customers_Transactions(DW_customer_ID);
CREATE INDEX IF NOT EXISTS idx_dw_customer_id_daily_Purchase ON Daily_Purchase_Agg(DW_customer_ID);
, parameters: None
[2024-05-03T06:14:46.294+0000] {warnings.py:109} WARNING - /home/***/.local/lib/python3.8/site-packages/***/providers/common/sql/hooks/sql.py:407: AirflowProviderDeprecationWarning: Call to deprecated method _make_common_data_structure. (The `_make_serializable` method is deprecated and support will be removed in a future version of the common.sql provider. Please update the DbApiHook's provider to a version based on common.sql >= 1.9.1.)
  result = self._make_common_data_structure(handler(cur))

[2024-05-03T06:14:46.320+0000] {taskinstance.py:1149} INFO - Marking task as SUCCESS. dag_id=ETL_Flow, task_id=create_indexes, execution_date=20240501T211100, start_date=20240503T061444, end_date=20240503T061446
[2024-05-03T06:14:46.389+0000] {local_task_job_runner.py:234} INFO - Task exited with return code 0
[2024-05-03T06:14:46.415+0000] {warnings.py:109} WARNING - /home/***/.local/lib/python3.8/site-packages/***/models/baseoperator.py:1201: AirflowProviderDeprecationWarning: Call to deprecated class PostgresOperator. (Please use `***.providers.common.sql.operators.sql.SQLExecuteQueryOperator`.Also, you can provide `hook_params={'schema': <database>}`.)
  result = cls.__new__(cls)

[2024-05-03T06:14:46.501+0000] {taskinstance.py:3309} INFO - 1 downstream tasks scheduled from follow-on schedule check
