[2024-04-29T10:03:44.064+0000] {taskinstance.py:1979} INFO - Dependencies all met for dep_context=non-requeueable deps ti=<TaskInstance: ETL_Flow.dim_stg2dwh manual__2024-04-29T10:03:23.691759+00:00 [queued]>
[2024-04-29T10:03:44.243+0000] {taskinstance.py:1979} INFO - Dependencies all met for dep_context=requeueable deps ti=<TaskInstance: ETL_Flow.dim_stg2dwh manual__2024-04-29T10:03:23.691759+00:00 [queued]>
[2024-04-29T10:03:44.259+0000] {taskinstance.py:2193} INFO - Starting attempt 1 of 6
[2024-04-29T10:03:44.403+0000] {taskinstance.py:2214} INFO - Executing <Task(PostgresOperator): dim_stg2dwh> on 2024-04-29 10:03:23.691759+00:00
[2024-04-29T10:03:44.474+0000] {standard_task_runner.py:60} INFO - Started process 7595 to run task
[2024-04-29T10:03:44.561+0000] {standard_task_runner.py:87} INFO - Running: ['***', 'tasks', 'run', 'ETL_Flow', 'dim_stg2dwh', 'manual__2024-04-29T10:03:23.691759+00:00', '--job-id', '3039', '--raw', '--subdir', 'DAGS_FOLDER/ETL.py', '--cfg-path', '/tmp/tmpf3wwcduj']
[2024-04-29T10:03:44.578+0000] {standard_task_runner.py:88} INFO - Job 3039: Subtask dim_stg2dwh
[2024-04-29T10:03:45.156+0000] {task_command.py:423} INFO - Running <TaskInstance: ETL_Flow.dim_stg2dwh manual__2024-04-29T10:03:23.691759+00:00 [running]> on host d838c4eb4dcc
[2024-04-29T10:04:08.115+0000] {taskinstance.py:2510} INFO - Exporting env vars: AIRFLOW_CTX_DAG_OWNER='coder2j' AIRFLOW_CTX_DAG_ID='ETL_Flow' AIRFLOW_CTX_TASK_ID='dim_stg2dwh' AIRFLOW_CTX_EXECUTION_DATE='2024-04-29T10:03:23.691759+00:00' AIRFLOW_CTX_TRY_NUMBER='1' AIRFLOW_CTX_DAG_RUN_ID='manual__2024-04-29T10:03:23.691759+00:00'
[2024-04-29T10:04:08.148+0000] {sql.py:276} INFO - Executing: truncate table DWH_Dim_Dates;
truncate table DWH_Dim_Time;

insert into DWH_Dim_Dates (Date,Year,Quarter,Month,Day)
select * 
from STG_Dim_Dates;

insert into DWH_Dim_Time (DateTime,Date,Hour)
select * 
from STG_Dim_Time;

--customers
--insert all the new customers records 
insert into DWH_Dim_Customers (Customer_ID,country,currency,exchange_to_USD,installation_date,media_source)
select Customer_ID,country,currency,exchange_to_USD,installation_date,media_source
from STG_Dim_Customers  
where Customer_ID not in (
                          select distinct Customer_ID
                          from DWH_Dim_Customers
                          );



--update the valid until date of customers who moved to another country/their currency has changed 

update DWH_Dim_Customers
set Valid_Until=current_date
where DW_Customer_ID in (
                            select DW_Customer_ID 
                            from STG_Dim_Customers s inner join DWH_Dim_Customers d on d.Customer_ID = s.Customer_ID
                            where (s.currency <> d.currency or s.Country <> d.Country or s.exchange_to_USD <> d.exchange_to_USD) and d.Valid_Until is null
                          );


--insert records of customers who moved to another country/their currency has changed                            
insert into DWH_Dim_Customers (Customer_ID,country,currency,exchange_to_USD,installation_date,media_source)
select s.Customer_ID,s.country,s.currency,s.exchange_to_USD,s.installation_date,s.media_source
from STG_Dim_Customers s inner join DWH_Dim_Customers d on d.Customer_ID=s.Customer_ID
where s.currency <> d.currency or s.Country <> d.Country or s.exchange_to_USD <> d.exchange_to_USD;

--products

-- insert all the new products records 
insert into DWH_Dim_Products (Product_ID,Product_Name,Supplier,Category,Unit_Price,Unit_Cost)
select Product_ID,Product_Name,Supplier,Category,Unit_Price,Unit_Cost
from STG_Dim_Products s 
where Product_ID not in 
                            (
                              select distinct Product_ID
                              from DWH_Dim_Products       
                            );
-- update the valid until date of products that their price/cost/supplier have changed
update DWH_Dim_Products
set Valid_Until=current_date
where dw_product_id in (
                            select dw_product_id 
                            from STG_Dim_Products s inner join DWH_Dim_Products d on d.Product_ID = s.Product_ID
                            where (s.Unit_Cost <> d.Unit_Cost or s.Unit_Price <> d.Unit_Price or s.Supplier <> d.Supplier) 
                            and d.Valid_Until is null
                          );



-- insert records of products that their price/cost/supplier have changed                             
insert into DWH_Dim_Products (Product_ID,Product_Name,Supplier,Category,Unit_Price,Unit_Cost)
select s.Product_ID,s.Product_Name,s.Supplier,s.Category,s.Unit_Price,s.Unit_Cost
from STG_Dim_Products s inner join DWH_Dim_Products d on d.Product_ID=s.Product_ID
where s.Unit_Cost <> d.Unit_Cost or s.Unit_Price <> d.Unit_Price or s.Supplier <> d.Supplier;

[2024-04-29T10:04:08.215+0000] {base.py:83} INFO - Using connection ID 'postgres_localhost' for task execution.
[2024-04-29T10:04:08.350+0000] {base.py:83} INFO - Using connection ID 'postgres_localhost' for task execution.
[2024-04-29T10:04:08.635+0000] {sql.py:457} INFO - Running statement: truncate table DWH_Dim_Dates;
truncate table DWH_Dim_Time;

insert into DWH_Dim_Dates (Date,Year,Quarter,Month,Day)
select * 
from STG_Dim_Dates;

insert into DWH_Dim_Time (DateTime,Date,Hour)
select * 
from STG_Dim_Time;

--customers
--insert all the new customers records 
insert into DWH_Dim_Customers (Customer_ID,country,currency,exchange_to_USD,installation_date,media_source)
select Customer_ID,country,currency,exchange_to_USD,installation_date,media_source
from STG_Dim_Customers  
where Customer_ID not in (
                          select distinct Customer_ID
                          from DWH_Dim_Customers
                          );



--update the valid until date of customers who moved to another country/their currency has changed 

update DWH_Dim_Customers
set Valid_Until=current_date
where DW_Customer_ID in (
                            select DW_Customer_ID 
                            from STG_Dim_Customers s inner join DWH_Dim_Customers d on d.Customer_ID = s.Customer_ID
                            where (s.currency <> d.currency or s.Country <> d.Country or s.exchange_to_USD <> d.exchange_to_USD) and d.Valid_Until is null
                          );


--insert records of customers who moved to another country/their currency has changed                            
insert into DWH_Dim_Customers (Customer_ID,country,currency,exchange_to_USD,installation_date,media_source)
select s.Customer_ID,s.country,s.currency,s.exchange_to_USD,s.installation_date,s.media_source
from STG_Dim_Customers s inner join DWH_Dim_Customers d on d.Customer_ID=s.Customer_ID
where s.currency <> d.currency or s.Country <> d.Country or s.exchange_to_USD <> d.exchange_to_USD;

--products

-- insert all the new products records 
insert into DWH_Dim_Products (Product_ID,Product_Name,Supplier,Category,Unit_Price,Unit_Cost)
select Product_ID,Product_Name,Supplier,Category,Unit_Price,Unit_Cost
from STG_Dim_Products s 
where Product_ID not in 
                            (
                              select distinct Product_ID
                              from DWH_Dim_Products       
                            );
-- update the valid until date of products that their price/cost/supplier have changed
update DWH_Dim_Products
set Valid_Until=current_date
where dw_product_id in (
                            select dw_product_id 
                            from STG_Dim_Products s inner join DWH_Dim_Products d on d.Product_ID = s.Product_ID
                            where (s.Unit_Cost <> d.Unit_Cost or s.Unit_Price <> d.Unit_Price or s.Supplier <> d.Supplier) 
                            and d.Valid_Until is null
                          );



-- insert records of products that their price/cost/supplier have changed                             
insert into DWH_Dim_Products (Product_ID,Product_Name,Supplier,Category,Unit_Price,Unit_Cost)
select s.Product_ID,s.Product_Name,s.Supplier,s.Category,s.Unit_Price,s.Unit_Cost
from STG_Dim_Products s inner join DWH_Dim_Products d on d.Product_ID=s.Product_ID
where s.Unit_Cost <> d.Unit_Cost or s.Unit_Price <> d.Unit_Price or s.Supplier <> d.Supplier;
, parameters: None
[2024-04-29T10:04:09.484+0000] {sql.py:466} INFO - Rows affected: 0
[2024-04-29T10:04:09.518+0000] {warnings.py:109} WARNING - /home/***/.local/lib/python3.8/site-packages/***/providers/common/sql/hooks/sql.py:407: AirflowProviderDeprecationWarning: Call to deprecated method _make_common_data_structure. (The `_make_serializable` method is deprecated and support will be removed in a future version of the common.sql provider. Please update the DbApiHook's provider to a version based on common.sql >= 1.9.1.)
  result = self._make_common_data_structure(handler(cur))

[2024-04-29T10:04:09.900+0000] {taskinstance.py:1149} INFO - Marking task as SUCCESS. dag_id=ETL_Flow, task_id=dim_stg2dwh, execution_date=20240429T100323, start_date=20240429T100344, end_date=20240429T100409
[2024-04-29T10:04:10.283+0000] {local_task_job_runner.py:234} INFO - Task exited with return code 0
[2024-04-29T10:04:10.456+0000] {taskinstance.py:3309} INFO - 0 downstream tasks scheduled from follow-on schedule check
